Log file open, 04/29/17 20:53:40
LogInit:Display: Running engine for game: BattleTank
LogPlatformFile: Not using cached read wrapper
LogInit:Display: RandInit(1584229809) SRandInit(1584229809).
LogTaskGraph: Started task graph with 5 named threads and 8 total threads with 1 sets of task threads.
LogStats: Stats thread started at 0.092218
LogInit: Using libcurl 7.47.1
LogInit:  - built for x86_64-pc-win32
LogInit:  - supports SSL with OpenSSL/1.0.2g
LogInit:  - supports HTTP deflate (compression) using libz 1.2.8
LogInit:  - other features:
LogInit:      CURL_VERSION_SSL
LogInit:      CURL_VERSION_LIBZ
LogInit:      CURL_VERSION_IPV6
LogInit:      CURL_VERSION_ASYNCHDNS
LogInit:      CURL_VERSION_LARGEFILE
LogInit:      CURL_VERSION_IDN
LogInit:  CurlRequestOptions (configurable via config and command line):
LogInit:  - bVerifyPeer = false  - Libcurl will NOT verify peer certificate
LogInit:  - bUseHttpProxy = false  - Libcurl will NOT use HTTP proxy
LogInit:  - bDontReuseConnections = false  - Libcurl will reuse connections
LogInit:  - CertBundlePath = nullptr  - Libcurl will use whatever was configured at build time.
LogInit: Build: ++UE4+Release-4.15-CL-3299760
LogInit: Engine Version: 4.15.0-3299760+++UE4+Release-4.15
LogInit: Compatible Engine Version: 4.15.0-3299760+++UE4+Release-4.15
LogInit: Net CL: 3299760
LogDevObjectVersion: Number of dev versions registered: 14
LogDevObjectVersion:   Dev-Blueprints (B0D832E4-1F89-4F0D-ACCF-7EB736FD4AA2): 8
LogDevObjectVersion:   Dev-Build (E1C64328-A22C-4D53-A36C-8E866417BD8C): 0
LogDevObjectVersion:   Dev-Core (375EC13C-06E4-48FB-B500-84F0262A717E): 2
LogDevObjectVersion:   Dev-Editor (E4B068ED-F494-42E9-A231-DA0B2E46BB41): 14
LogDevObjectVersion:   Dev-Framework (CFFC743F-43B0-4480-9391-14DF171D2073): 22
LogDevObjectVersion:   Dev-Mobile (B02B49B5-BB20-44E9-A304-32B752E40360): 0
LogDevObjectVersion:   Dev-Networking (A4E4105C-59A1-49B5-A7C5-40C4547EDFEE): 0
LogDevObjectVersion:   Dev-Online (39C831C9-5AE6-47DC-9A44-9C173E1C8E7C): 0
LogDevObjectVersion:   Dev-Physics (78F01B33-EBEA-4F98-B9B4-84EACCB95AA2): 0
LogDevObjectVersion:   Dev-Platform (6631380F-2D4D-43E0-8009-CF276956A95A): 0
LogDevObjectVersion:   Dev-Rendering (12F88B9F-8875-4AFC-A67C-D90C383ABD29): 12
LogDevObjectVersion:   Dev-Sequencer (7B5AE74C-D270-4C10-A958-57980B212A5A): 3
LogDevObjectVersion:   Dev-VR (D7296918-1DD6-4BDD-9DE2-64A83CC13884): 0
LogDevObjectVersion:   Dev-LoadTimes (C2A15278-BFE7-4AFE-6C17-90FF531DF755): 1
LogInit: Compiled (64-bit): Feb 14 2017 02:04:14
LogInit: Compiled with Visual C++: 19.00.23026.00
LogInit: Build Configuration: Development
LogInit: Branch Name: ++UE4+Release-4.15
LogInit: Command line: -EpicPortal 
LogInit: Base directory: C:/Program Files/Epic Games/UE_4.15/Engine/Binaries/Win64/
LogInit: Installed Engine Build: 1
LogInit: Presizing for max 8388607 objects, including 0 objects not considered by GC, pre-allocating 0 bytes for permanent pool.
LogInit: Object subsystem initialized
[2017.04.29-19.53.42:014][  0]LogInit: Selected Device Profile: [Windows]
[2017.04.29-19.53.42:014][  0]LogInit: Applying CVar settings loaded from the selected device profile: [Windows]
[2017.04.29-19.53.42:029][  0]LogInit: Computer: DESKTOP-0PEK566
[2017.04.29-19.53.42:029][  0]LogInit: User: Sarah
[2017.04.29-19.53.42:029][  0]LogInit: CPU Page size=65536, Cores=4
[2017.04.29-19.53.42:029][  0]LogInit: High frequency timer resolution =2.143576 MHz
[2017.04.29-19.53.42:029][  0]LogMemory: Memory total: Physical=7.9GB (8GB approx)
[2017.04.29-19.53.42:029][  0]LogMemory: Platform Memory Stats for Windows
[2017.04.29-19.53.42:029][  0]LogMemory: Process Physical Memory: 263.57 MB used, 263.57 MB peak
[2017.04.29-19.53.42:029][  0]LogMemory: Process Virtual Memory: 262.61 MB used, 262.61 MB peak
[2017.04.29-19.53.42:029][  0]LogMemory: Physical Memory: 3464.74 MB used,  4619.53 MB free, 8084.27 MB total
[2017.04.29-19.53.42:029][  0]LogMemory: Virtual Memory: 644.18 MB used,  4619.53 MB free, 134217728.00 MB total
[2017.04.29-19.53.42:133][  0]LogTextLocalizationManager: No specific translations for ('en-US') exist, so ('en') translations will be used.
[2017.04.29-19.53.42:859][  0]LogD3D11RHI: D3D11 adapters:
[2017.04.29-19.53.42:939][  0]LogD3D11RHI:    0. 'AMD Radeon HD 7600M Series' (Feature Level 11_0)
[2017.04.29-19.53.42:939][  0]LogD3D11RHI:       1004/0/3840 MB DedicatedVideo/DedicatedSystem/SharedSystem, Outputs:1, VendorId:0x1002
[2017.04.29-19.53.42:943][  0]LogD3D11RHI:    1. 'Intel(R) HD Graphics 4000' (Feature Level 11_0)
[2017.04.29-19.53.42:943][  0]LogD3D11RHI:       32/0/1760 MB DedicatedVideo/DedicatedSystem/SharedSystem, Outputs:0, VendorId:0x8086
[2017.04.29-19.53.42:944][  0]LogD3D11RHI:    2. 'Microsoft Basic Render Driver' (Feature Level 11_0)
[2017.04.29-19.53.42:944][  0]LogD3D11RHI:       0/0/4042 MB DedicatedVideo/DedicatedSystem/SharedSystem, Outputs:0, VendorId:0x1414
[2017.04.29-19.53.42:944][  0]LogD3D11RHI: Chosen D3D11 Adapter: 0
[2017.04.29-19.53.42:963][  0]LogD3D11RHI: Creating new Direct3DDevice
[2017.04.29-19.53.42:963][  0]LogD3D11RHI:     GPU DeviceId: 0x6840 (for the marketing name, search the web for "GPU Device Id")
[2017.04.29-19.53.42:963][  0]LogWindows: EnumDisplayDevices:
[2017.04.29-19.53.42:963][  0]LogWindows:    0. 'Intel(R) HD Graphics 4000' (P:1 D:1)
[2017.04.29-19.53.42:963][  0]LogWindows:    1. 'Intel(R) HD Graphics 4000' (P:0 D:0)
[2017.04.29-19.53.42:963][  0]LogWindows:    2. 'Intel(R) HD Graphics 4000' (P:0 D:0)
[2017.04.29-19.53.42:964][  0]LogWindows: DebugString: PrimaryIsNotTheChoosenAdapter PrimaryIsNotTheChoosenAdapter PrimaryIsNotTheChoosenAdapter FoundDriverCount:0 
[2017.04.29-19.53.42:964][  0]LogD3D11RHI:     Adapter Name: AMD Radeon HD 7600M Series
[2017.04.29-19.53.42:964][  0]LogD3D11RHI:   Driver Version: Unknown (internal:Unknown, unified:Unknown)
[2017.04.29-19.53.42:964][  0]LogD3D11RHI:      Driver Date: Unknown
[2017.04.29-19.53.42:964][  0]LogRHI: Texture pool is 702 MB (70% of 1004 MB)
[2017.04.29-19.53.42:973][  0]LogD3D11RHI: AMD Pre GCN architecture detected, some driver workarounds will be in place
[2017.04.29-19.53.42:980][  0]LogD3D11RHI: Async texture creation enabled
[2017.04.29-19.53.42:993][  0]LogD3D11RHI: GPU Timing Frequency: 27.000000 (Debug: 2 1)
[2017.04.29-19.53.42:994][  0]LogShaderCompilers: Guid format shader working directory is -36 characters bigger than the processId version (../../../../../../Users/Sarah/Documents/Unreal Projects/04_BattleTank/BattleTank/Intermediate/Shaders/WorkingDirectory/141564/).
[2017.04.29-19.53.42:994][  0]LogShaderCompilers: Cleaned the shader compiler working directory 'C:/Users/Sarah/AppData/Local/Temp/UnrealShaderWorkingDir/DEDBC27741D93F16C04C1682AF76CE24/'.
[2017.04.29-19.53.42:994][  0]LogShaderCompilers:Display: Using Local Shader Compiler.
[2017.04.29-19.53.44:274][  0]LogTemp:Display: Loaded TP AllDesktopTargetPlatform
[2017.04.29-19.53.44:351][  0]LogTemp:Display: Loaded TP MacClientTargetPlatform
[2017.04.29-19.53.44:429][  0]LogTemp:Display: Loaded TP MacNoEditorTargetPlatform
[2017.04.29-19.53.44:507][  0]LogTemp:Display: Loaded TP MacServerTargetPlatform
[2017.04.29-19.53.44:585][  0]LogTemp:Display: Loaded TP MacTargetPlatform
[2017.04.29-19.53.44:662][  0]LogTemp:Display: Loaded TP WindowsClientTargetPlatform
[2017.04.29-19.53.44:741][  0]LogTemp:Display: Loaded TP WindowsNoEditorTargetPlatform
[2017.04.29-19.53.44:818][  0]LogTemp:Display: Loaded TP WindowsServerTargetPlatform
[2017.04.29-19.53.44:881][  0]LogTemp:Display: Loaded TP WindowsTargetPlatform
[2017.04.29-19.53.44:958][  0]LogTemp:Display: Loaded TP AndroidTargetPlatform
[2017.04.29-19.53.45:033][  0]LogTemp:Display: Loaded TP Android_ASTCTargetPlatform
[2017.04.29-19.53.45:109][  0]LogTemp:Display: Loaded TP Android_ATCTargetPlatform
[2017.04.29-19.53.45:186][  0]LogTemp:Display: Loaded TP Android_DXTTargetPlatform
[2017.04.29-19.53.45:262][  0]LogTemp:Display: Loaded TP Android_ETC1TargetPlatform
[2017.04.29-19.53.45:338][  0]LogTemp:Display: Loaded TP Android_ETC2TargetPlatform
[2017.04.29-19.53.45:491][  0]LogTemp:Display: Loaded TP Android_MultiTargetPlatform
[2017.04.29-19.53.45:491][  0]LogTemp:Display: Loaded TP Android_PVRTCTargetPlatform
[2017.04.29-19.53.45:545][  0]LogTemp:Display: Loaded TP HTML5TargetPlatform
[2017.04.29-19.53.45:673][  0]LogTemp:Display: Loaded TP IOSTargetPlatform
[2017.04.29-19.53.45:723][  0]LogTemp:Display: Loaded TP TVOSTargetPlatform
[2017.04.29-19.53.45:797][  0]LogTemp:Display: Loaded TP LinuxClientTargetPlatform
[2017.04.29-19.53.45:871][  0]LogTemp:Display: Loaded TP LinuxNoEditorTargetPlatform
[2017.04.29-19.53.45:947][  0]LogTemp:Display: Loaded TP LinuxServerTargetPlatform
[2017.04.29-19.53.46:024][  0]LogTemp:Display: Loaded TP LinuxTargetPlatform
[2017.04.29-19.53.46:024][  0]LogTargetPlatformManager:Display: Building Assets For Windows
[2017.04.29-19.53.46:661][  0]LogDerivedDataCache:Display: Max Cache Size: 512 MB
[2017.04.29-19.53.46:717][  0]LogDerivedDataCache: Loaded boot cache 0.06s 50MB C:/Users/Sarah/AppData/Local/UnrealEngine/4.15/DerivedDataCache/Boot.ddc.
[2017.04.29-19.53.46:717][  0]LogDerivedDataCache:Display: Loaded Boot cache: C:/Users/Sarah/AppData/Local/UnrealEngine/4.15/DerivedDataCache/Boot.ddc
[2017.04.29-19.53.46:717][  0]LogDerivedDataCache: FDerivedDataBackendGraph:  Pak pak cache file ../../../../../../Users/Sarah/Documents/Unreal Projects/04_BattleTank/BattleTank/DerivedDataCache/DDC.ddp not found, will not use a pak cache.
[2017.04.29-19.53.46:717][  0]LogDerivedDataCache: Unable to find inner node Pak for hierarchical cache Hierarchy.
[2017.04.29-19.53.46:717][  0]LogDerivedDataCache: FDerivedDataBackendGraph:  CompressedPak pak cache file ../../../../../../Users/Sarah/Documents/Unreal Projects/04_BattleTank/BattleTank/DerivedDataCache/Compressed.ddp not found, will not use a pak cache.
[2017.04.29-19.53.46:718][  0]LogDerivedDataCache: Unable to find inner node CompressedPak for hierarchical cache Hierarchy.
[2017.04.29-19.53.46:740][  0]LogDerivedDataCache:Display: Pak cache opened for reading ../../../Engine/DerivedDataCache/Compressed.ddp.
[2017.04.29-19.53.46:752][  0]LogDerivedDataCache: Using Local data cache path C:/Users/Sarah/AppData/Local/UnrealEngine/Common/DerivedDataCache: Writable
[2017.04.29-19.53.46:763][  0]LogSlate: Using Freetype 2.6.0
[2017.04.29-19.53.46:763][  0]LogSlate: SlateFontCache - WITH_FREETYPE: 1, WITH_HARFBUZZ: 1
[2017.04.29-19.53.46:763][  0]LogSlate: SlateFontCache - WITH_FREETYPE: 1, WITH_HARFBUZZ: 1
[2017.04.29-19.53.47:927][  0]LogInit: Selected Device Profile: [Windows]
[2017.04.29-19.53.47:930][  0]LogContentStreaming: Texture pool size is 0.00 MB
[2017.04.29-19.53.48:204][  0]LogMeshUtilities: Using QuadricMeshReduction for automatic static mesh reduction
[2017.04.29-19.53.48:265][  0]LogSimplygon: Simplygon DLL not present - disabling.
[2017.04.29-19.53.48:334][  0]LogMeshUtilities: Using SimplygonSwarm for distributed automatic mesh merging
[2017.04.29-19.53.48:334][  0]LogMeshUtilities: No automatic skeletal mesh reduction module available
[2017.04.29-19.53.48:334][  0]LogMeshUtilities: No automatic mesh merging module available
[2017.04.29-19.53.49:054][  0]LogNetVersion: GetLocalNetworkVersion: CL: 3299760, ProjectName: battletank, ProjectVersion: , EngineNetworkVersion: 2, GameNetworkVersion: 0, NetworkChecksum: 2512795372
[2017.04.29-19.53.49:109][  0]LogAssetRegistry: FAssetRegistry took 0.0218 seconds to start up
[2017.04.29-19.53.49:177][  0]LogPackageLocalizationCache: Processed 3 localized package path(s) for 2 prioritized culture(s) in 0.035569 seconds
[2017.04.29-19.53.49:183][  0]LogUObjectArray: 32475 objects as part of root set at end of initial load.
[2017.04.29-19.53.49:183][  0]LogUObjectAllocator: 7073360 out of 0 bytes used by permanent object pool.
[2017.04.29-19.53.49:183][  0]LogUObjectArray: CloseDisregardForGC: 0/0 objects in disregard for GC pool
[2017.04.29-19.53.49:276][  0]LogInit: WinSock: version 1.1 (2.2), MaxSocks=32767, MaxUdp=65467
[2017.04.29-19.53.51:409][  0]LogTcpMessaging: Initializing TcpMessaging bridge
[2017.04.29-19.53.51:464][  0]LogUdpMessaging: Initializing bridge on interface 0.0.0.0:0 to multicast group 230.0.0.1:6666.
[2017.04.29-19.53.52:151][  0]LogMaterial: Uniform references updated for custom material expression Custom.
[2017.04.29-19.53.52:691][  0]SourceControl: Info Source control is disabled
[2017.04.29-19.53.52:728][  0]SourceControl: Info Source control is disabled
[2017.04.29-19.53.52:796][  0]SourceControl: Info Source control is disabled
[2017.04.29-19.53.52:863][  0]SourceControl: Info Source control is disabled
[2017.04.29-19.53.54:645][  0]LogEngine: Initializing Engine...
[2017.04.29-19.53.54:645][  0]LogHMD: Failed to initialize OpenVR with code 110
[2017.04.29-19.53.54:957][  0]LogAIModule: Creating AISystem for world Untitled
[2017.04.29-19.53.54:966][  0]LogInit: XAudio2 using 'Speakers (2- High Definition Audio Device)' : 2 channels at 44.1 kHz using 16 bits per sample (channel mask 0x3)
[2017.04.29-19.53.54:984][  0]LogInit: FAudioDevice initialized.
[2017.04.29-19.53.55:013][  0]LogDerivedDataCache: Saved boot cache 0.03s 50MB C:/Users/Sarah/AppData/Local/UnrealEngine/4.15/DerivedDataCache/Boot.ddc.
[2017.04.29-19.53.55:022][  0]LogInit: Texture streaming: Enabled
[2017.04.29-19.53.55:160][  0]LogEngineSessionManager: EngineSessionManager initialized
[2017.04.29-19.53.55:298][  0]LogInit: Transaction tracking system initialized
[2017.04.29-19.53.55:791][  0]BlueprintLog: New page: Editor Load
[2017.04.29-19.53.57:044][  0]LocalizationService: Info Localization service is disabled
[2017.04.29-19.53.58:201][  0]LogConsoleResponse:Display: 
[2017.04.29-19.53.58:368][  0]LogCook:Display: Max memory allowance for cook 16384mb min free memory 0mb
[2017.04.29-19.53.58:368][  0]LogCook:Display: Mobile HDR setting 1
[2017.04.29-19.53.59:040][  0]LogFileCache: Scanning file cache for directory 'C:/Users/Sarah/Documents/Unreal Projects/04_BattleTank/BattleTank/Content/' took 0.02s
[2017.04.29-19.53.59:853][  0]SourceControl: Info Source control is disabled
[2017.04.29-19.53.59:853][  0]Cmd: MAP LOAD FILE="../../../../../../Users/Sarah/Documents/Unreal Projects/04_BattleTank/BattleTank/Content/Levels/BattleGround.umap" TEMPLATE=0 SHOWPROGRESS=1 FEATURELEVEL=3
[2017.04.29-19.53.59:854][  0]LightingResults: New page: Lighting Build
[2017.04.29-19.53.59:910][  0]MapCheck: New page: Map Check
[2017.04.29-19.53.59:910][  0]LightingResults: New page: Lighting Build
[2017.04.29-19.54.00:306][  0]LogTexture:Display: Building textures: HQ_Lightmap0_2 (AutoDXT)
[2017.04.29-19.54.00:312][  0]LogTexture:Display: Building textures: HQ_Lightmap1_1 (AutoDXT)
[2017.04.29-19.54.00:382][  0]LogTexture:Display: Building textures: LQ_Lightmap_0_2 (DXT1)
[2017.04.29-19.54.00:389][  0]LogTexture:Display: Building textures: LQ_Lightmap_1_1 (DXT1)
[2017.04.29-19.54.00:717][  0]LogAIModule: Creating AISystem for world BattleGround
[2017.04.29-19.54.00:997][  0]LogEditorServer: Finished looking for orphan Actors (0.000 secs)
[2017.04.29-19.54.00:999][  0]Cmd: MAP CHECKDEP NOCLEARLOG
[2017.04.29-19.54.01:053][  0]MapCheck: Info Map check complete: 0 Error(s), 0 Warning(s), took 54.059ms to complete.
[2017.04.29-19.54.01:053][  0]LogFileHelpers: Loading map 'BattleGround' took 1.200
[2017.04.29-19.54.01:111][  0]LogWindowsTextInputMethodSystem:Display: IME system now deactivated.
[2017.04.29-19.54.01:307][  0]LogCollectionManager: Loaded 1 collections in 0.006057 seconds
[2017.04.29-19.54.01:408][  0]LogFileCache: Scanning file cache for directory 'C:/Users/Sarah/Documents/Unreal Projects/04_BattleTank/BattleTank/Saved/Collections/' took 0.01s
[2017.04.29-19.54.01:408][  0]LogFileCache: Scanning file cache for directory 'C:/Users/Sarah/Documents/Unreal Projects/04_BattleTank/BattleTank/Content/Developers/Sarah/Collections/' took 0.01s
[2017.04.29-19.54.01:408][  0]LogFileCache: Scanning file cache for directory 'C:/Users/Sarah/Documents/Unreal Projects/04_BattleTank/BattleTank/Content/Collections/' took 0.01s
[2017.04.29-19.54.01:408][  0]LogCollectionManager: Rebuilt the GUID cache for 1 collections in 0.000005 seconds
[2017.04.29-19.54.01:408][  0]LogCollectionManager: Rebuilt the hierarchy cache for 1 collections in 0.000000 seconds
[2017.04.29-19.54.01:424][  0]LogContentBrowser: Native class hierarchy populated in 0.0151 seconds. Added 2255 classes and 453 folders.
[2017.04.29-19.54.01:428][  0]LogStats: UGameplayTagsManager::ConstructGameplayTagTree: Construct from data asset -  0.000 s
[2017.04.29-19.54.01:428][  0]LogStats: UGameplayTagsManager::ConstructGameplayTagTree: GameplayTagTreeChangedEvent.Broadcast -  0.000 s
[2017.04.29-19.54.01:520][  0]LogContentBrowser: Native class hierarchy updated for 'WidgetCarousel' in 0.0037 seconds. Added 0 classes and 0 folders.
[2017.04.29-19.54.01:952][  0]LogContentBrowser: Native class hierarchy updated for 'AddContentDialog' in 0.0041 seconds. Added 0 classes and 0 folders.
[2017.04.29-19.54.02:019][  0]LogContentBrowser: Native class hierarchy updated for 'SceneOutliner' in 0.0043 seconds. Added 1 classes and 2 folders.
[2017.04.29-19.54.02:086][  0]LogCrashTracker: Crashtracker disabled due to settings.
[2017.04.29-19.54.02:094][  0]LogUObjectGlobals:Warning: Failed to find object 'Class None.'
[2017.04.29-19.54.02:181][  0]LogContentBrowser: Native class hierarchy updated for 'HierarchicalLODOutliner' in 0.0039 seconds. Added 1 classes and 2 folders.
[2017.04.29-19.54.02:182][  0]LogLoad: (Engine Initialization) Total time: 22.99 seconds
[2017.04.29-19.54.02:182][  0]LogLoad: (Engine Initialization) Total Blueprint compile time: 0.18 seconds
[2017.04.29-19.54.02:182][  0]LogExternalProfiler: No external profilers were discovered.  External profiling features will not be available.
[2017.04.29-19.54.02:199][  0]LogOcInput: OculusInput pre-init called
[2017.04.29-19.54.02:222][  0]LogContentStreaming: Texture pool size now 600 MB
[2017.04.29-19.54.02:224][  0]LogSlate: Took 0.000376 seconds to synchronously load lazily loaded font '../../../Engine/Content/Slate/Fonts/Roboto-Regular.ttf' (155K)
[2017.04.29-19.54.02:229][  0]LogSlate: Took 0.000293 seconds to synchronously load lazily loaded font '../../../Engine/Content/Slate/Fonts/Roboto-Bold.ttf' (160K)
[2017.04.29-19.54.02:245][  0]LogSlate: Took 0.009923 seconds to synchronously load lazily loaded font '../../../Engine/Content/Editor/Slate/Fonts/FontAwesome.ttf' (139K)
[2017.04.29-19.54.02:438][  0]LogSlate: Took 0.007090 seconds to synchronously load lazily loaded font '../../../Engine/Content/Slate/Fonts/Roboto-Light.ttf' (159K)
[2017.04.29-19.54.02:494][  0]LogRenderer: Reallocating scene render targets to support 1020x644 NumSamples 1 (Frame:2).
[2017.04.29-19.54.02:756][  1]LogAssetRegistry: Asset discovery search completed in 13.6688 seconds
[2017.04.29-19.54.02:756][  1]LogCollectionManager: Rebuilt the object cache for 1 collections in 0.000008 seconds (found 0 objects)
[2017.04.29-19.54.02:756][  1]LogCollectionManager: Fixed up redirectors for 1 collections in 0.000033 seconds (updated 0 objects)
[2017.04.29-19.54.30:522][929]LogSlate: Took 0.000193 seconds to synchronously load lazily loaded font '../../../Engine/Content/Slate/Fonts/Roboto-Light.ttf' (159K)
[2017.04.29-19.54.31:059][929]LogSlate: Took 0.000173 seconds to synchronously load lazily loaded font '../../../Engine/Content/Slate/Fonts/Roboto-Regular.ttf' (155K)
[2017.04.29-19.54.31:202][929]LogContentBrowser: Native class hierarchy updated for 'BlueprintGraph' in 0.0042 seconds. Added 112 classes and 0 folders.
[2017.04.29-19.54.32:251][929]LogSlate: Took 0.000230 seconds to synchronously load lazily loaded font '../../../Engine/Content/Slate/Fonts/Roboto-Light.ttf' (159K)
[2017.04.29-19.54.32:257][929]LogSlate: Took 0.005184 seconds to synchronously load lazily loaded font '../../../Engine/Content/Editor/Slate/Fonts/Roboto-BoldCondensed.ttf' (158K)
[2017.04.29-19.54.34:353][992]LogTemp: Repeting last play command: Selected Viewport
[2017.04.29-19.54.34:386][992]LogBlueprintUserMessages: Early PlayInEditor Detection: Level '/Game/Levels/BattleGround.BattleGround:PersistentLevel' has LevelScriptBlueprint '/Game/Levels/BattleGround.BattleGround:PersistentLevel.BattleGround' with GeneratedClass '/Game/Levels/BattleGround.BattleGround_C' with ClassGeneratedBy '/Game/Levels/BattleGround.BattleGround:PersistentLevel.BattleGround'
[2017.04.29-19.54.34:386][992]LogPlayLevel: PlayLevel: No blueprints needed recompiling
[2017.04.29-19.54.34:386][992]PIE: New page: PIE session: BattleGround (Apr 29, 2017, 9:54:34 PM)
[2017.04.29-19.54.34:387][992]LogPlayLevel: Creating play world package: /Game/Levels/UEDPIE_0_BattleGround
[2017.04.29-19.54.34:433][992]LogPlayLevel: PIE: StaticDuplicateObject took: (0.046847s)
[2017.04.29-19.54.34:434][992]LogAIModule: Creating AISystem for world BattleGround
[2017.04.29-19.54.34:434][992]LogPlayLevel: PIE: World Init took: (0.000730s)
[2017.04.29-19.54.34:434][992]LogPlayLevel: PIE: Created PIE world by copying editor world from /Game/Levels/BattleGround.BattleGround to /Game/Levels/UEDPIE_0_BattleGround.BattleGround (0.047863s)
[2017.04.29-19.54.34:473][992]LogInit: XAudio2 using 'Speakers (2- High Definition Audio Device)' : 2 channels at 44.1 kHz using 16 bits per sample (channel mask 0x3)
[2017.04.29-19.54.34:481][992]LogInit: FAudioDevice initialized.
[2017.04.29-19.54.34:533][992]LogLoad: Game class is 'BattleTankGameMode_BP_C'
[2017.04.29-19.54.34:540][992]LogWorld: Bringing World /Game/Levels/UEDPIE_0_BattleGround.BattleGround up for play (max tick rate 60) at 2017.04.29-20.54.34
[2017.04.29-19.54.34:541][992]LogWorld: Bringing up level for play took: 0.006543
[2017.04.29-19.54.34:604][992]LogContentBrowser: Native class hierarchy updated for 'MovieSceneCapture' in 0.0037 seconds. Added 11 classes and 0 folders.
[2017.04.29-19.54.34:606][992]PIE: Info Play in editor start time for /Game/Levels/UEDPIE_0_BattleGround -0.009
[2017.04.29-19.54.34:607][992]LogBlueprintUserMessages: Late PlayInEditor Detection: Level '/Game/Levels/BattleGround.BattleGround:PersistentLevel' has LevelScriptBlueprint '/Game/Levels/BattleGround.BattleGround:PersistentLevel.BattleGround' with GeneratedClass '/Game/Levels/BattleGround.BattleGround_C' with ClassGeneratedBy '/Game/Levels/BattleGround.BattleGround:PersistentLevel.BattleGround'
[2017.04.29-19.54.34:607][992]LogTemp:Error: got hit?: 1
[2017.04.29-19.54.34:658][993]LogTemp:Error: got hit?: 1
[2017.04.29-19.54.34:677][994]LogTemp:Error: got hit?: 1
[2017.04.29-19.54.34:693][995]LogTemp:Error: got hit?: 1
[2017.04.29-19.54.34:725][996]LogTemp:Error: got hit?: 1
[2017.04.29-19.54.34:748][997]LogTemp:Error: got hit?: 1
[2017.04.29-19.54.34:770][998]LogTemp:Error: got hit?: 1
[2017.04.29-19.54.34:792][999]LogTemp:Error: got hit?: 1
[2017.04.29-19.54.34:815][  0]LogTemp:Error: got hit?: 1
[2017.04.29-19.54.34:837][  1]LogTemp:Error: got hit?: 1
[2017.04.29-19.54.34:862][  2]LogTemp:Error: got hit?: 1
[2017.04.29-19.54.34:885][  3]LogTemp:Error: got hit?: 1
[2017.04.29-19.54.34:906][  4]LogTemp:Error: got hit?: 1
[2017.04.29-19.54.34:928][  5]LogTemp:Error: got hit?: 1
[2017.04.29-19.54.34:951][  6]LogTemp:Error: got hit?: 1
[2017.04.29-19.54.34:973][  7]LogTemp:Error: got hit?: 1
[2017.04.29-19.54.34:996][  8]LogTemp:Error: got hit?: 1
[2017.04.29-19.54.35:020][  9]LogTemp:Error: got hit?: 1
[2017.04.29-19.54.35:041][ 10]LogTemp:Error: got hit?: 1
[2017.04.29-19.54.35:064][ 11]LogTemp:Error: got hit?: 1
[2017.04.29-19.54.35:088][ 12]LogTemp:Error: got hit?: 1
[2017.04.29-19.54.35:109][ 13]LogTemp:Error: got hit?: 1
[2017.04.29-19.54.35:132][ 14]LogTemp:Error: got hit?: 1
[2017.04.29-19.54.35:154][ 15]LogTemp:Error: got hit?: 1
[2017.04.29-19.54.35:177][ 16]LogTemp:Error: got hit?: 1
[2017.04.29-19.54.35:200][ 17]LogTemp:Error: got hit?: 1
[2017.04.29-19.54.35:222][ 18]LogTemp:Error: got hit?: 1
[2017.04.29-19.54.35:245][ 19]LogTemp:Error: got hit?: 1
[2017.04.29-19.54.35:267][ 20]LogTemp:Error: got hit?: 1
[2017.04.29-19.54.35:290][ 21]LogTemp:Error: got hit?: 1
[2017.04.29-19.54.35:313][ 22]LogTemp:Error: got hit?: 1
[2017.04.29-19.54.35:336][ 23]LogTemp:Error: got hit?: 1
[2017.04.29-19.54.35:359][ 24]LogTemp:Error: got hit?: 1
[2017.04.29-19.54.35:382][ 25]LogTemp:Error: got hit?: 1
[2017.04.29-19.54.35:404][ 26]LogTemp:Error: got hit?: 1
[2017.04.29-19.54.35:427][ 27]LogTemp:Error: got hit?: 1
[2017.04.29-19.54.35:449][ 28]LogTemp:Error: got hit?: 1
[2017.04.29-19.54.35:472][ 29]LogTemp:Error: got hit?: 1
[2017.04.29-19.54.35:495][ 30]LogTemp:Error: got hit?: 1
[2017.04.29-19.54.35:518][ 31]LogTemp:Error: got hit?: 1
[2017.04.29-19.54.35:540][ 32]LogTemp:Error: got hit?: 1
[2017.04.29-19.54.35:563][ 33]LogTemp:Error: got hit?: 1
[2017.04.29-19.54.35:586][ 34]LogTemp:Error: got hit?: 1
[2017.04.29-19.54.35:610][ 35]LogTemp:Error: got hit?: 1
[2017.04.29-19.54.35:631][ 36]LogTemp:Error: got hit?: 1
[2017.04.29-19.54.35:654][ 37]LogTemp:Error: got hit?: 1
[2017.04.29-19.54.35:676][ 38]LogTemp:Error: got hit?: 1
[2017.04.29-19.54.35:699][ 39]LogTemp:Error: got hit?: 1
[2017.04.29-19.54.35:721][ 40]LogTemp:Error: got hit?: 1
[2017.04.29-19.54.35:744][ 41]LogTemp:Error: got hit?: 1
[2017.04.29-19.54.35:766][ 42]LogTemp:Error: got hit?: 1
[2017.04.29-19.54.35:788][ 43]LogTemp:Error: got hit?: 1
[2017.04.29-19.54.35:811][ 44]LogTemp:Error: got hit?: 1
[2017.04.29-19.54.35:834][ 45]LogTemp:Error: got hit?: 1
[2017.04.29-19.54.35:856][ 46]LogTemp:Error: got hit?: 1
[2017.04.29-19.54.35:878][ 47]LogTemp:Error: got hit?: 1
[2017.04.29-19.54.35:901][ 48]LogTemp:Error: got hit?: 1
[2017.04.29-19.54.35:924][ 49]LogTemp:Error: got hit?: 1
[2017.04.29-19.54.35:946][ 50]LogTemp:Error: got hit?: 1
[2017.04.29-19.54.35:969][ 51]LogTemp:Error: got hit?: 1
[2017.04.29-19.54.35:991][ 52]LogTemp:Error: got hit?: 1
[2017.04.29-19.54.36:014][ 53]LogTemp:Error: got hit?: 1
[2017.04.29-19.54.36:036][ 54]LogTemp:Error: got hit?: 1
[2017.04.29-19.54.36:058][ 55]LogTemp:Error: got hit?: 1
[2017.04.29-19.54.36:080][ 56]LogTemp:Error: got hit?: 1
[2017.04.29-19.54.36:103][ 57]LogTemp:Error: got hit?: 1
[2017.04.29-19.54.36:125][ 58]LogTemp:Error: got hit?: 1
[2017.04.29-19.54.36:148][ 59]LogTemp:Error: got hit?: 1
[2017.04.29-19.54.36:170][ 60]LogTemp:Error: got hit?: 1
[2017.04.29-19.54.36:193][ 61]LogTemp:Error: got hit?: 1
[2017.04.29-19.54.36:215][ 62]LogTemp:Error: got hit?: 1
[2017.04.29-19.54.36:238][ 63]LogTemp:Error: got hit?: 1
[2017.04.29-19.54.36:261][ 64]LogTemp:Error: got hit?: 1
[2017.04.29-19.54.36:283][ 65]LogTemp:Error: got hit?: 1
[2017.04.29-19.54.36:306][ 66]LogTemp:Error: got hit?: 1
[2017.04.29-19.54.36:328][ 67]LogTemp:Error: got hit?: 1
[2017.04.29-19.54.36:350][ 68]LogTemp:Error: got hit?: 1
[2017.04.29-19.54.36:373][ 69]LogTemp:Error: got hit?: 1
[2017.04.29-19.54.36:397][ 70]LogTemp:Error: got hit?: 1
[2017.04.29-19.54.36:419][ 71]LogTemp:Error: got hit?: 1
[2017.04.29-19.54.36:444][ 72]LogTemp:Error: got hit?: 1
[2017.04.29-19.54.36:465][ 73]LogTemp:Error: got hit?: 1
[2017.04.29-19.54.36:488][ 74]LogTemp:Error: got hit?: 1
[2017.04.29-19.54.36:511][ 75]LogTemp:Error: got hit?: 1
[2017.04.29-19.54.36:532][ 76]LogTemp:Error: got hit?: 1
[2017.04.29-19.54.36:556][ 77]LogTemp:Error: got hit?: 1
[2017.04.29-19.54.36:581][ 78]LogTemp:Error: got hit?: 1
[2017.04.29-19.54.36:602][ 79]LogTemp:Error: got hit?: 1
[2017.04.29-19.54.36:626][ 80]LogTemp:Error: got hit?: 1
[2017.04.29-19.54.36:650][ 81]LogTemp:Error: got hit?: 1
[2017.04.29-19.54.36:671][ 82]LogTemp:Error: got hit?: 1
[2017.04.29-19.54.36:694][ 83]LogTemp:Error: got hit?: 1
[2017.04.29-19.54.36:718][ 84]LogTemp:Error: got hit?: 1
[2017.04.29-19.54.36:741][ 85]LogTemp:Error: got hit?: 1
[2017.04.29-19.54.36:770][ 86]LogTemp:Error: got hit?: 1
[2017.04.29-19.54.36:789][ 87]LogTemp:Error: got hit?: 1
[2017.04.29-19.54.36:811][ 88]LogTemp:Error: got hit?: 1
[2017.04.29-19.54.36:835][ 89]LogTemp:Error: got hit?: 1
[2017.04.29-19.54.36:857][ 90]LogTemp:Error: got hit?: 1
[2017.04.29-19.54.36:878][ 91]LogTemp:Error: got hit?: 1
[2017.04.29-19.54.36:900][ 92]LogTemp:Error: got hit?: 1
[2017.04.29-19.54.36:923][ 93]LogTemp:Error: got hit?: 1
[2017.04.29-19.54.36:946][ 94]LogTemp:Error: got hit?: 1
[2017.04.29-19.54.36:971][ 95]LogTemp:Error: got hit?: 1
[2017.04.29-19.54.36:991][ 96]LogTemp:Error: got hit?: 1
[2017.04.29-19.54.37:014][ 97]LogTemp:Error: got hit?: 1
[2017.04.29-19.54.37:041][ 98]LogTemp:Error: got hit?: 1
[2017.04.29-19.54.37:064][ 99]LogTemp:Error: got hit?: 1
[2017.04.29-19.54.37:082][100]LogTemp:Error: got hit?: 1
[2017.04.29-19.54.37:107][101]LogTemp:Error: got hit?: 1
[2017.04.29-19.54.37:130][102]LogTemp:Error: got hit?: 1
[2017.04.29-19.54.37:155][103]LogTemp:Error: got hit?: 1
[2017.04.29-19.54.37:174][104]LogTemp:Error: got hit?: 1
[2017.04.29-19.54.37:195][105]LogTemp:Error: got hit?: 1
[2017.04.29-19.54.37:220][106]LogTemp:Error: got hit?: 1
[2017.04.29-19.54.37:242][107]LogTemp:Error: got hit?: 1
[2017.04.29-19.54.37:261][108]LogTemp:Error: got hit?: 1
[2017.04.29-19.54.37:284][109]LogTemp:Error: got hit?: 1
[2017.04.29-19.54.37:308][110]LogTemp:Error: got hit?: 1
[2017.04.29-19.54.37:327][111]LogTemp:Error: got hit?: 1
[2017.04.29-19.54.37:350][112]LogTemp:Error: got hit?: 1
[2017.04.29-19.54.37:372][113]LogTemp:Error: got hit?: 1
[2017.04.29-19.54.37:395][114]LogTemp:Error: got hit?: 1
[2017.04.29-19.54.37:417][115]LogTemp:Error: got hit?: 1
[2017.04.29-19.54.37:440][116]LogTemp:Error: got hit?: 1
[2017.04.29-19.54.37:463][117]LogTemp:Error: got hit?: 1
[2017.04.29-19.54.37:486][118]LogTemp:Error: got hit?: 1
[2017.04.29-19.54.37:510][119]LogTemp:Error: got hit?: 1
[2017.04.29-19.54.37:534][120]LogTemp:Error: got hit?: 1
[2017.04.29-19.54.37:553][121]LogTemp:Error: got hit?: 1
[2017.04.29-19.54.37:576][122]LogTemp:Error: got hit?: 1
[2017.04.29-19.54.37:599][123]LogTemp:Error: got hit?: 1
[2017.04.29-19.54.37:621][124]LogTemp:Error: got hit?: 1
[2017.04.29-19.54.37:643][125]LogTemp:Error: got hit?: 1
[2017.04.29-19.54.37:666][126]LogTemp:Error: got hit?: 1
[2017.04.29-19.54.37:688][127]LogTemp:Error: got hit?: 1
[2017.04.29-19.54.37:710][128]LogTemp:Error: got hit?: 1
[2017.04.29-19.54.37:735][129]LogTemp:Error: got hit?: 1
[2017.04.29-19.54.37:757][130]LogTemp:Error: got hit?: 1
[2017.04.29-19.54.37:780][131]LogTemp:Error: got hit?: 1
[2017.04.29-19.54.37:802][132]LogTemp:Error: got hit?: 1
[2017.04.29-19.54.37:825][133]LogTemp:Error: got hit?: 1
[2017.04.29-19.54.37:849][134]LogTemp:Error: got hit?: 1
[2017.04.29-19.54.37:869][135]LogTemp:Error: got hit?: 1
[2017.04.29-19.54.37:893][136]LogTemp:Error: got hit?: 1
[2017.04.29-19.54.37:915][137]LogTemp:Error: got hit?: 1
[2017.04.29-19.54.37:935][138]LogTemp:Error: got hit?: 1
[2017.04.29-19.54.37:963][139]LogTemp:Error: got hit?: 1
[2017.04.29-19.54.37:981][140]LogTemp:Error: got hit?: 1
[2017.04.29-19.54.38:003][141]LogTemp:Error: got hit?: 1
[2017.04.29-19.54.38:026][142]LogTemp:Error: got hit?: 1
[2017.04.29-19.54.38:050][143]LogTemp:Error: got hit?: 1
[2017.04.29-19.54.38:071][144]LogTemp:Error: got hit?: 1
[2017.04.29-19.54.38:093][145]LogTemp:Error: got hit?: 1
[2017.04.29-19.54.38:115][146]LogTemp:Error: got hit?: 1
[2017.04.29-19.54.38:138][147]LogTemp:Error: got hit?: 1
[2017.04.29-19.54.38:161][148]LogTemp:Error: got hit?: 1
[2017.04.29-19.54.38:183][149]LogTemp:Error: got hit?: 1
[2017.04.29-19.54.38:206][150]LogTemp:Error: got hit?: 1
[2017.04.29-19.54.38:228][151]LogTemp:Error: got hit?: 1
[2017.04.29-19.54.38:251][152]LogTemp:Error: got hit?: 1
[2017.04.29-19.54.38:273][153]LogTemp:Error: got hit?: 1
[2017.04.29-19.54.38:296][154]LogTemp:Error: got hit?: 1
[2017.04.29-19.54.38:318][155]LogTemp:Error: got hit?: 1
[2017.04.29-19.54.38:341][156]LogTemp:Error: got hit?: 1
[2017.04.29-19.54.38:363][157]LogTemp:Error: got hit?: 1
[2017.04.29-19.54.38:386][158]LogTemp:Error: got hit?: 1
[2017.04.29-19.54.38:408][159]LogTemp:Error: got hit?: 1
[2017.04.29-19.54.38:431][160]LogTemp:Error: got hit?: 1
[2017.04.29-19.54.38:453][161]LogTemp:Error: got hit?: 1
[2017.04.29-19.54.38:476][162]LogTemp:Error: got hit?: 1
[2017.04.29-19.54.38:498][163]LogTemp:Error: got hit?: 1
[2017.04.29-19.54.38:521][164]LogTemp:Error: got hit?: 1
[2017.04.29-19.54.38:542][165]LogTemp:Error: got hit?: 1
[2017.04.29-19.54.38:566][166]LogTemp:Error: got hit?: 1
[2017.04.29-19.54.38:587][167]LogTemp:Error: got hit?: 1
[2017.04.29-19.54.38:610][168]LogTemp:Error: got hit?: 1
[2017.04.29-19.54.38:633][169]LogTemp:Error: got hit?: 1
[2017.04.29-19.54.38:656][170]LogTemp:Error: got hit?: 1
[2017.04.29-19.54.38:678][171]LogTemp:Error: got hit?: 1
[2017.04.29-19.54.38:700][172]LogTemp:Error: got hit?: 1
[2017.04.29-19.54.38:722][173]LogTemp:Error: got hit?: 1
[2017.04.29-19.54.38:745][174]LogTemp:Error: got hit?: 1
[2017.04.29-19.54.38:768][175]LogTemp:Error: got hit?: 1
[2017.04.29-19.54.38:791][176]LogTemp:Error: got hit?: 1
[2017.04.29-19.54.38:812][177]LogTemp:Error: got hit?: 1
[2017.04.29-19.54.38:833][178]LogTemp:Error: got hit?: 1
[2017.04.29-19.54.38:857][179]LogTemp:Error: got hit?: 1
[2017.04.29-19.54.38:878][180]LogTemp:Error: got hit?: 1
[2017.04.29-19.54.38:900][181]LogTemp:Error: got hit?: 1
[2017.04.29-19.54.38:922][182]LogTemp:Error: got hit?: 1
[2017.04.29-19.54.38:944][183]LogTemp:Error: got hit?: 1
[2017.04.29-19.54.38:968][184]LogTemp:Error: got hit?: 1
[2017.04.29-19.54.38:989][185]LogTemp:Error: got hit?: 1
[2017.04.29-19.54.39:011][186]LogTemp:Error: got hit?: 1
[2017.04.29-19.54.39:034][187]LogTemp:Error: got hit?: 1
[2017.04.29-19.54.39:057][188]LogTemp:Error: got hit?: 1
[2017.04.29-19.54.39:079][189]LogTemp:Error: got hit?: 1
[2017.04.29-19.54.39:101][190]LogTemp:Error: got hit?: 1
[2017.04.29-19.54.39:126][191]LogTemp:Error: got hit?: 1
[2017.04.29-19.54.39:149][192]LogTemp:Error: got hit?: 1
[2017.04.29-19.54.39:170][193]LogTemp:Error: got hit?: 1
[2017.04.29-19.54.39:193][194]LogTemp:Error: got hit?: 1
[2017.04.29-19.54.39:195][194]LogBlueprintUserMessages: Early EndPlayMap Detection: Level '/Game/Levels/BattleGround.BattleGround:PersistentLevel' has LevelScriptBlueprint '/Game/Levels/BattleGround.BattleGround:PersistentLevel.BattleGround' with GeneratedClass '/Game/Levels/BattleGround.BattleGround_C' with ClassGeneratedBy '/Game/Levels/BattleGround.BattleGround:PersistentLevel.BattleGround'
[2017.04.29-19.54.39:255][194]LogBlueprintUserMessages: Late EndPlayMap Detection: Level '/Game/Levels/BattleGround.BattleGround:PersistentLevel' has LevelScriptBlueprint '/Game/Levels/BattleGround.BattleGround:PersistentLevel.BattleGround' with GeneratedClass '/Game/Levels/BattleGround.BattleGround_C' with ClassGeneratedBy '/Game/Levels/BattleGround.BattleGround:PersistentLevel.BattleGround'
[2017.04.29-19.54.40:404][230]LogVSAccessor:Warning: Couldn't access Visual Studio
[2017.04.29-19.54.40:435][230]Recompiling BattleTank...
[2017.04.29-19.54.40:435][230]Launching UnrealBuildTool... [C:/Program Files/Epic Games/UE_4.15/Engine/Binaries/DotNET/UnrealBuildTool.exe BattleTank -ModuleWithSuffix BattleTank 3990 Win64 Development -editorrecompile -canskiplink "C:/Users/Sarah/Documents/Unreal Projects/04_BattleTank/BattleTank/BattleTank.uproject" ]
[2017.04.29-19.54.40:437][230]Warning: Starting HotReload took  0.0s.
[2017.04.29-19.54.53:189][561]CompilerResultsLog: New page: Compilation - Apr 29, 2017, 9:54:53 PM
[2017.04.29-19.54.53:189][561]CompilerResultsLog: Info Compiling game modules for hot reload
[2017.04.29-19.54.53:189][561]CompilerResultsLog: Info Parsing headers for BattleTankEditor
[2017.04.29-19.54.53:189][561]CompilerResultsLog: Info   Running UnrealHeaderTool "C:\Users\Sarah\Documents\Unreal Projects\04_BattleTank\BattleTank\BattleTank.uproject" "C:\Users\Sarah\Documents\Unreal Projects\04_BattleTank\BattleTank\Intermediate\Build\Win64\BattleTankEditor\Development\BattleTankEditor.uhtmanifest" -LogCmds="loginit warning, logexit warning, logdatabase error" -Unattended -WarningsAsErrors -installed
[2017.04.29-19.54.53:189][561]CompilerResultsLog: Info Reflection code generated for BattleTankEditor in 7.5349719 seconds
[2017.04.29-19.54.53:189][561]CompilerResultsLog: Info Performing 6 actions (4 in parallel)
[2017.04.29-19.54.53:189][561]CompilerResultsLog: Info TankPlayerController.cpp
[2017.04.29-19.54.53:189][561]CompilerResultsLog: Info TankAimingComponent.cpp
[2017.04.29-19.54.53:189][561]CompilerResultsLog: Info BattleTank.generated.cpp
[2017.04.29-19.54.53:189][561]CompilerResultsLog: Info TankAIController.cpp
[2017.04.29-19.54.53:189][561]CompilerResultsLog:Error: Error C:\Users\Sarah\Documents\Unreal Projects\04_BattleTank\BattleTank\Source\BattleTank\Private\TankAimingComponent.cpp(91) : warning C4458: declaration of 'AimDirection' hides class member
[2017.04.29-19.54.53:189][561]CompilerResultsLog:Error: Error C:\Users\Sarah\Documents\Unreal Projects\04_BattleTank\BattleTank\Source\BattleTank\Public\TankAimingComponent.h(36) : note: see declaration of 'UTankAimingComponent::AimDirection'
[2017.04.29-19.54.53:189][561]CompilerResultsLog:Error: Error C:\Users\Sarah\Documents\Unreal Projects\04_BattleTank\BattleTank\Source\BattleTank\Private\TankAimingComponent.cpp(102) : warning C4458: declaration of 'AimDirection' hides class member
[2017.04.29-19.54.53:189][561]CompilerResultsLog:Error: Error C:\Users\Sarah\Documents\Unreal Projects\04_BattleTank\BattleTank\Source\BattleTank\Public\TankAimingComponent.h(36) : note: see declaration of 'UTankAimingComponent::AimDirection'
[2017.04.29-19.54.53:189][561]CompilerResultsLog: Info [5/6] Link UE4Editor-BattleTank-3990.dll
[2017.04.29-19.54.53:189][561]CompilerResultsLog: Info [6/6] Link UE4Editor-BattleTank-3990.lib
[2017.04.29-19.54.53:189][561]CompilerResultsLog: Info    Creating library C:\Users\Sarah\Documents\Unreal Projects\04_BattleTank\BattleTank\Intermediate\Build\Win64\UE4Editor\Development\UE4Editor-BattleTank-3990.lib and object C:\Users\Sarah\Documents\Unreal Projects\04_BattleTank\BattleTank\Intermediate\Build\Win64\UE4Editor\Development\UE4Editor-BattleTank-3990.exp
[2017.04.29-19.54.53:189][561]CompilerResultsLog: Info    Creating library C:\Users\Sarah\Documents\Unreal Projects\04_BattleTank\BattleTank\Intermediate\Build\Win64\UE4Editor\Development\UE4Editor-BattleTank-3990.suppressed.lib and object C:\Users\Sarah\Documents\Unreal Projects\04_BattleTank\BattleTank\Intermediate\Build\Win64\UE4Editor\Development\UE4Editor-BattleTank-3990.suppressed.exp
[2017.04.29-19.54.53:189][561]CompilerResultsLog: Info Total build time: 12.43 seconds (Local executor: 3.78 seconds)
[2017.04.29-19.54.53:189][561]LogMainFrame: MainFrame: Module compiling took 12.785 seconds
[2017.04.29-19.54.53:289][561]LogClass: Could not find existing class TankAimingComponent in package /Script/BattleTank for HotReload, assuming new class
[2017.04.29-19.54.53:289][561]LogClass: Function Fire is new.
[2017.04.29-19.54.53:289][561]LogClass: Function Initialise is new.
[2017.04.29-19.54.53:293][561]LogClass: EFiringStatus HotReload.
[2017.04.29-19.54.53:300][561]LogHotReload: Re-instancing TankAimingComponent after hot-reload.
[2017.04.29-19.54.53:417][561]LogContentBrowser: Native class hierarchy updated for 'BattleTank' in 0.0040 seconds. Added 11 classes and 3 folders.
[2017.04.29-19.54.53:420][561]Display: HotReload successful (5 functions remapped  0 scriptstructs remapped)
[2017.04.29-19.54.53:858][561]LogContentBrowser: Native class hierarchy populated in 0.0151 seconds. Added 2257 classes and 457 folders.
[2017.04.29-19.54.53:858][561]Display: HotReload took 13.5s.
[2017.04.29-19.56.06:550][285]Cmd: OBJ SAVEPACKAGE PACKAGE="/Game/UI/PlayerUI" FILE="../../../../../../Users/Sarah/Documents/Unreal Projects/04_BattleTank/BattleTank/Content/UI/PlayerUI.uasset" SILENT=true
[2017.04.29-19.56.06:633][285]LogSavePackage: Save=29.59ms
[2017.04.29-19.56.06:633][285]LogSavePackage: Moving '../../../../../../Users/Sarah/Documents/Unreal Projects/04_BattleTank/BattleTank/Saved/PlayerUI5D0730764E3D0773149A5183F4414E12.tmp' to '../../../../../../Users/Sarah/Documents/Unreal Projects/04_BattleTank/BattleTank/Content/UI/PlayerUI.uasset'
[2017.04.29-19.56.06:639][285]LogSavePackage:Display: Finished SavePackage ../../../../../../Users/Sarah/Documents/Unreal Projects/04_BattleTank/BattleTank/Content/UI/PlayerUI.uasset
[2017.04.29-19.56.07:636][311]BlueprintLog: New page: Compile PlayerUI
[2017.04.29-19.59.23:785][254]LogTemp: Repeting last play command: Selected Viewport
[2017.04.29-19.59.23:826][254]LogBlueprintUserMessages: Early PlayInEditor Detection: Level '/Game/Levels/BattleGround.BattleGround:PersistentLevel' has LevelScriptBlueprint '/Game/Levels/BattleGround.BattleGround:PersistentLevel.BattleGround' with GeneratedClass '/Game/Levels/BattleGround.BattleGround_C' with ClassGeneratedBy '/Game/Levels/BattleGround.BattleGround:PersistentLevel.BattleGround'
[2017.04.29-19.59.23:826][254]BlueprintLog: New page: Pre-Play auto-recompile
[2017.04.29-19.59.23:826][254]LogPlayLevel: [PlayLevel] Compiling PlayerUI before play...
[2017.04.29-19.59.24:005][254]LogPlayLevel: PlayLevel: Blueprint regeneration took 179 ms (1 blueprints)
[2017.04.29-19.59.24:006][254]PIE: New page: PIE session: BattleGround (Apr 29, 2017, 9:59:24 PM)
[2017.04.29-19.59.24:006][254]LogPlayLevel: Creating play world package: /Game/Levels/UEDPIE_0_BattleGround
[2017.04.29-19.59.24:048][254]LogPlayLevel: PIE: StaticDuplicateObject took: (0.041745s)
[2017.04.29-19.59.24:048][254]LogAIModule: Creating AISystem for world BattleGround
[2017.04.29-19.59.24:048][254]LogPlayLevel: PIE: World Init took: (0.000821s)
[2017.04.29-19.59.24:049][254]LogPlayLevel: PIE: Created PIE world by copying editor world from /Game/Levels/BattleGround.BattleGround to /Game/Levels/UEDPIE_0_BattleGround.BattleGround (0.042843s)
[2017.04.29-19.59.24:071][254]LogInit: XAudio2 using 'Speakers (2- High Definition Audio Device)' : 2 channels at 44.1 kHz using 16 bits per sample (channel mask 0x3)
[2017.04.29-19.59.24:080][254]LogInit: FAudioDevice initialized.
[2017.04.29-19.59.24:117][254]LogLoad: Game class is 'BattleTankGameMode_BP_C'
[2017.04.29-19.59.24:127][254]LogWorld: Bringing World /Game/Levels/UEDPIE_0_BattleGround.BattleGround up for play (max tick rate 60) at 2017.04.29-20.59.24
[2017.04.29-19.59.24:128][254]LogWorld: Bringing up level for play took: 0.009803
[2017.04.29-19.59.24:132][254]PIE: Info Play in editor start time for /Game/Levels/UEDPIE_0_BattleGround -0.484
[2017.04.29-19.59.24:132][254]LogBlueprintUserMessages: Late PlayInEditor Detection: Level '/Game/Levels/BattleGround.BattleGround:PersistentLevel' has LevelScriptBlueprint '/Game/Levels/BattleGround.BattleGround:PersistentLevel.BattleGround' with GeneratedClass '/Game/Levels/BattleGround.BattleGround_C' with ClassGeneratedBy '/Game/Levels/BattleGround.BattleGround:PersistentLevel.BattleGround'
[2017.04.29-19.59.24:132][254]LogTemp:Error: got hit?: 1
[2017.04.29-19.59.24:169][255]LogTemp:Error: got hit?: 1
[2017.04.29-19.59.24:185][256]LogTemp:Error: got hit?: 1
[2017.04.29-19.59.24:202][257]LogTemp:Error: got hit?: 1
[2017.04.29-19.59.24:230][258]LogTemp:Error: got hit?: 1
[2017.04.29-19.59.24:253][259]LogTemp:Error: got hit?: 1
[2017.04.29-19.59.24:274][260]LogTemp:Error: got hit?: 1
[2017.04.29-19.59.24:297][261]LogTemp:Error: got hit?: 1
[2017.04.29-19.59.24:319][262]LogTemp:Error: got hit?: 1
[2017.04.29-19.59.24:341][263]LogTemp:Error: got hit?: 1
[2017.04.29-19.59.24:363][264]LogTemp:Error: got hit?: 1
[2017.04.29-19.59.24:385][265]LogTemp:Error: got hit?: 1
[2017.04.29-19.59.24:407][266]LogTemp:Error: got hit?: 1
[2017.04.29-19.59.24:430][267]LogTemp:Error: got hit?: 1
[2017.04.29-19.59.24:452][268]LogTemp:Error: got hit?: 1
[2017.04.29-19.59.24:474][269]LogTemp:Error: got hit?: 1
[2017.04.29-19.59.24:496][270]LogTemp:Error: got hit?: 1
[2017.04.29-19.59.24:518][271]LogTemp:Error: got hit?: 1
[2017.04.29-19.59.24:541][272]LogTemp:Error: got hit?: 1
[2017.04.29-19.59.24:563][273]LogTemp:Error: got hit?: 1
[2017.04.29-19.59.24:586][274]LogTemp:Error: got hit?: 1
[2017.04.29-19.59.24:608][275]LogTemp:Error: got hit?: 1
[2017.04.29-19.59.24:630][276]LogTemp:Error: got hit?: 1
[2017.04.29-19.59.24:653][277]LogTemp:Error: got hit?: 1
[2017.04.29-19.59.24:675][278]LogTemp:Error: got hit?: 1
[2017.04.29-19.59.24:697][279]LogTemp:Error: got hit?: 1
[2017.04.29-19.59.24:720][280]LogTemp:Error: got hit?: 1
[2017.04.29-19.59.24:743][281]LogTemp:Error: got hit?: 1
[2017.04.29-19.59.24:765][282]LogTemp:Error: got hit?: 1
[2017.04.29-19.59.24:788][283]LogTemp:Error: got hit?: 1
[2017.04.29-19.59.24:810][284]LogTemp:Error: got hit?: 1
[2017.04.29-19.59.24:833][285]LogTemp:Error: got hit?: 1
[2017.04.29-19.59.24:856][286]LogTemp:Error: got hit?: 1
[2017.04.29-19.59.24:878][287]LogTemp:Error: got hit?: 1
[2017.04.29-19.59.24:901][288]LogTemp:Error: got hit?: 1
[2017.04.29-19.59.24:924][289]LogTemp:Error: got hit?: 1
[2017.04.29-19.59.24:947][290]LogTemp:Error: got hit?: 1
[2017.04.29-19.59.24:969][291]LogTemp:Error: got hit?: 1
[2017.04.29-19.59.24:992][292]LogTemp:Error: got hit?: 1
[2017.04.29-19.59.25:014][293]LogTemp:Error: got hit?: 1
[2017.04.29-19.59.25:037][294]LogTemp:Error: got hit?: 1
[2017.04.29-19.59.25:060][295]LogTemp:Error: got hit?: 1
[2017.04.29-19.59.25:083][296]LogTemp:Error: got hit?: 1
[2017.04.29-19.59.25:105][297]LogTemp:Error: got hit?: 1
[2017.04.29-19.59.25:128][298]LogTemp:Error: got hit?: 1
[2017.04.29-19.59.25:151][299]LogTemp:Error: got hit?: 1
[2017.04.29-19.59.25:173][300]LogTemp:Error: got hit?: 1
[2017.04.29-19.59.25:196][301]LogTemp:Error: got hit?: 1
[2017.04.29-19.59.25:218][302]LogTemp:Error: got hit?: 1
[2017.04.29-19.59.25:241][303]LogTemp:Error: got hit?: 1
[2017.04.29-19.59.25:264][304]LogTemp:Error: got hit?: 1
[2017.04.29-19.59.25:287][305]LogTemp:Error: got hit?: 1
[2017.04.29-19.59.25:311][306]LogTemp:Error: got hit?: 1
[2017.04.29-19.59.25:314][306]LogBlueprintUserMessages: Early EndPlayMap Detection: Level '/Game/Levels/BattleGround.BattleGround:PersistentLevel' has LevelScriptBlueprint '/Game/Levels/BattleGround.BattleGround:PersistentLevel.BattleGround' with GeneratedClass '/Game/Levels/BattleGround.BattleGround_C' with ClassGeneratedBy '/Game/Levels/BattleGround.BattleGround:PersistentLevel.BattleGround'
[2017.04.29-19.59.25:369][306]LogBlueprintUserMessages: Late EndPlayMap Detection: Level '/Game/Levels/BattleGround.BattleGround:PersistentLevel' has LevelScriptBlueprint '/Game/Levels/BattleGround.BattleGround:PersistentLevel.BattleGround' with GeneratedClass '/Game/Levels/BattleGround.BattleGround_C' with ClassGeneratedBy '/Game/Levels/BattleGround.BattleGround:PersistentLevel.BattleGround'
[2017.04.29-19.59.26:192][329]Recompiling BattleTank...
[2017.04.29-19.59.26:193][329]Launching UnrealBuildTool... [C:/Program Files/Epic Games/UE_4.15/Engine/Binaries/DotNET/UnrealBuildTool.exe BattleTank -ModuleWithSuffix BattleTank 9316 Win64 Development -editorrecompile -canskiplink "C:/Users/Sarah/Documents/Unreal Projects/04_BattleTank/BattleTank/BattleTank.uproject" ]
[2017.04.29-19.59.26:194][329]Warning: Starting HotReload took  0.1s.
[2017.04.29-19.59.49:886][  7]CompilerResultsLog: New page: Compilation - Apr 29, 2017, 9:59:49 PM
[2017.04.29-19.59.49:887][  7]CompilerResultsLog: Info Compiling game modules for hot reload
[2017.04.29-19.59.49:887][  7]CompilerResultsLog: Info Parsing headers for BattleTankEditor
[2017.04.29-19.59.49:887][  7]CompilerResultsLog: Info   Running UnrealHeaderTool "C:\Users\Sarah\Documents\Unreal Projects\04_BattleTank\BattleTank\BattleTank.uproject" "C:\Users\Sarah\Documents\Unreal Projects\04_BattleTank\BattleTank\Intermediate\Build\Win64\BattleTankEditor\Development\BattleTankEditor.uhtmanifest" -LogCmds="loginit warning, logexit warning, logdatabase error" -Unattended -WarningsAsErrors -installed
[2017.04.29-19.59.49:887][  7]CompilerResultsLog: Info Reflection code generated for BattleTankEditor in 13.8464262 seconds
[2017.04.29-19.59.49:887][  7]CompilerResultsLog: Info Performing 6 actions (4 in parallel)
[2017.04.29-19.59.49:887][  7]CompilerResultsLog: Info TankPlayerController.cpp
[2017.04.29-19.59.49:887][  7]CompilerResultsLog: Info TankAimingComponent.cpp
[2017.04.29-19.59.49:887][  7]CompilerResultsLog: Info BattleTank.generated.cpp
[2017.04.29-19.59.49:887][  7]CompilerResultsLog: Info TankAIController.cpp
[2017.04.29-19.59.49:887][  7]CompilerResultsLog:Error: Error C:\Users\Sarah\Documents\Unreal Projects\04_BattleTank\BattleTank\Source\BattleTank\Private\TankAimingComponent.cpp(45) : error C2181: illegal else without matching if
[2017.04.29-19.59.49:887][  7]CompilerResultsLog:Error: Error C:\Users\Sarah\Documents\Unreal Projects\04_BattleTank\BattleTank\Source\BattleTank\Private\TankAimingComponent.cpp(53) : error C2601: 'UTankAimingComponent::GetFiringStatus': local function definitions are illegal
[2017.04.29-19.59.49:887][  7]CompilerResultsLog:Error: Error C:\Users\Sarah\Documents\Unreal Projects\04_BattleTank\BattleTank\Source\BattleTank\Private\TankAimingComponent.cpp(31) : note: this line contains a '{' which has not yet been matched
[2017.04.29-19.59.49:887][  7]CompilerResultsLog:Error: Error C:\Users\Sarah\Documents\Unreal Projects\04_BattleTank\BattleTank\Source\BattleTank\Private\TankAimingComponent.cpp(58) : error C2601: 'UTankAimingComponent::Initialise': local function definitions are illegal
[2017.04.29-19.59.49:887][  7]CompilerResultsLog:Error: Error C:\Users\Sarah\Documents\Unreal Projects\04_BattleTank\BattleTank\Source\BattleTank\Private\TankAimingComponent.cpp(31) : note: this line contains a '{' which has not yet been matched
[2017.04.29-19.59.49:887][  7]CompilerResultsLog:Error: Error C:\Users\Sarah\Documents\Unreal Projects\04_BattleTank\BattleTank\Source\BattleTank\Private\TankAimingComponent.cpp(65) : error C2601: 'UTankAimingComponent::AimAt': local function definitions are illegal
[2017.04.29-19.59.49:887][  7]CompilerResultsLog:Error: Error C:\Users\Sarah\Documents\Unreal Projects\04_BattleTank\BattleTank\Source\BattleTank\Private\TankAimingComponent.cpp(31) : note: this line contains a '{' which has not yet been matched
[2017.04.29-19.59.49:887][  7]CompilerResultsLog:Error: Error C:\Users\Sarah\Documents\Unreal Projects\04_BattleTank\BattleTank\Source\BattleTank\Private\TankAimingComponent.cpp(95) : error C2601: 'UTankAimingComponent::MoveBarrelTowards': local function definitions are illegal
[2017.04.29-19.59.49:887][  7]CompilerResultsLog:Error: Error C:\Users\Sarah\Documents\Unreal Projects\04_BattleTank\BattleTank\Source\BattleTank\Private\TankAimingComponent.cpp(31) : note: this line contains a '{' which has not yet been matched
[2017.04.29-19.59.49:887][  7]CompilerResultsLog:Error: Error C:\Users\Sarah\Documents\Unreal Projects\04_BattleTank\BattleTank\Source\BattleTank\Private\TankAimingComponent.cpp(106) : error C2601: 'UTankAimingComponent::MoveTurretTowards': local function definitions are illegal
[2017.04.29-19.59.49:887][  7]CompilerResultsLog:Error: Error C:\Users\Sarah\Documents\Unreal Projects\04_BattleTank\BattleTank\Source\BattleTank\Private\TankAimingComponent.cpp(31) : note: this line contains a '{' which has not yet been matched
[2017.04.29-19.59.49:887][  7]CompilerResultsLog:Error: Error C:\Users\Sarah\Documents\Unreal Projects\04_BattleTank\BattleTank\Source\BattleTank\Private\TankAimingComponent.cpp(125) : error C2601: 'UTankAimingComponent::Fire': local function definitions are illegal
[2017.04.29-19.59.49:887][  7]CompilerResultsLog:Error: Error C:\Users\Sarah\Documents\Unreal Projects\04_BattleTank\BattleTank\Source\BattleTank\Private\TankAimingComponent.cpp(31) : note: this line contains a '{' which has not yet been matched
[2017.04.29-19.59.49:888][  7]CompilerResultsLog:Error: Error C:\Users\Sarah\Documents\Unreal Projects\04_BattleTank\BattleTank\Source\BattleTank\Private\TankAimingComponent.cpp(143) : error C2601: 'UTankAimingComponent::AmmoCounter': local function definitions are illegal
[2017.04.29-19.59.49:888][  7]CompilerResultsLog:Error: Error C:\Users\Sarah\Documents\Unreal Projects\04_BattleTank\BattleTank\Source\BattleTank\Private\TankAimingComponent.cpp(31) : note: this line contains a '{' which has not yet been matched
[2017.04.29-19.59.49:888][  7]CompilerResultsLog:Error: Error C:\Users\Sarah\Documents\Unreal Projects\04_BattleTank\BattleTank\Source\BattleTank\Private\TankAimingComponent.cpp(148) : error C2601: 'UTankAimingComponent::BarrelIsMoving': local function definitions are illegal
[2017.04.29-19.59.49:888][  7]CompilerResultsLog:Error: Error C:\Users\Sarah\Documents\Unreal Projects\04_BattleTank\BattleTank\Source\BattleTank\Private\TankAimingComponent.cpp(31) : note: this line contains a '{' which has not yet been matched
[2017.04.29-19.59.49:888][  7]CompilerResultsLog:Error: Error C:\Users\Sarah\Documents\Unreal Projects\04_BattleTank\BattleTank\Source\BattleTank\Private\TankAimingComponent.cpp(31) : fatal error C1075: the left brace '{' was unmatched at the end of the file
[2017.04.29-19.59.49:888][  7]CompilerResultsLog: Info ERROR: UBT ERROR: Failed to produce item: C:\Users\Sarah\Documents\Unreal Projects\04_BattleTank\BattleTank\Binaries\Win64\UE4Editor-BattleTank-9316.dll
[2017.04.29-19.59.49:888][  7]CompilerResultsLog: Info Total build time: 23.32 seconds (Local executor: 0.00 seconds)
[2017.04.29-19.59.49:888][  7]LogMainFrame: MainFrame: Module compiling took 23.701 seconds
[2017.04.29-19.59.49:888][  7]Warning: HotReload failed, recompile failed
[2017.04.29-20.00.35:632][664]Recompiling BattleTank...
[2017.04.29-20.00.35:633][664]Launching UnrealBuildTool... [C:/Program Files/Epic Games/UE_4.15/Engine/Binaries/DotNET/UnrealBuildTool.exe BattleTank -ModuleWithSuffix BattleTank 2863 Win64 Development -editorrecompile -canskiplink "C:/Users/Sarah/Documents/Unreal Projects/04_BattleTank/BattleTank/BattleTank.uproject" ]
[2017.04.29-20.00.35:634][664]Warning: Starting HotReload took  0.0s.
[2017.04.29-20.00.38:800][708]CompilerResultsLog: New page: Compilation - Apr 29, 2017, 10:00:38 PM
[2017.04.29-20.00.38:801][708]CompilerResultsLog: Info Compiling game modules for hot reload
[2017.04.29-20.00.38:801][708]CompilerResultsLog: Info Performing 3 actions (4 in parallel)
[2017.04.29-20.00.38:801][708]CompilerResultsLog: Info TankAimingComponent.cpp
[2017.04.29-20.00.38:801][708]CompilerResultsLog:Error: Error C:\Users\Sarah\Documents\Unreal Projects\04_BattleTank\BattleTank\Source\BattleTank\Private\TankAimingComponent.cpp(95) : warning C4458: declaration of 'AimDirection' hides class member
[2017.04.29-20.00.38:801][708]CompilerResultsLog:Error: Error C:\Users\Sarah\Documents\Unreal Projects\04_BattleTank\BattleTank\Source\BattleTank\Public\TankAimingComponent.h(39) : note: see declaration of 'UTankAimingComponent::AimDirection'
[2017.04.29-20.00.38:801][708]CompilerResultsLog:Error: Error C:\Users\Sarah\Documents\Unreal Projects\04_BattleTank\BattleTank\Source\BattleTank\Private\TankAimingComponent.cpp(106) : warning C4458: declaration of 'AimDirection' hides class member
[2017.04.29-20.00.38:801][708]CompilerResultsLog:Error: Error C:\Users\Sarah\Documents\Unreal Projects\04_BattleTank\BattleTank\Source\BattleTank\Public\TankAimingComponent.h(39) : note: see declaration of 'UTankAimingComponent::AimDirection'
[2017.04.29-20.00.38:801][708]CompilerResultsLog:Error: Error c:\users\sarah\documents\unreal projects\04_battletank\battletank\source\battletank\private\tankaimingcomponent.cpp(42)  : error C4706: assignment within conditional expression
[2017.04.29-20.00.38:801][708]CompilerResultsLog: Info ERROR: UBT ERROR: Failed to produce item: C:\Users\Sarah\Documents\Unreal Projects\04_BattleTank\BattleTank\Binaries\Win64\UE4Editor-BattleTank-2863.dll
[2017.04.29-20.00.38:801][708]CompilerResultsLog: Info Total build time: 2.73 seconds (Local executor: 0.00 seconds)
[2017.04.29-20.00.38:801][708]LogMainFrame: MainFrame: Module compiling took 3.194 seconds
[2017.04.29-20.00.38:801][708]Warning: HotReload failed, recompile failed
[2017.04.29-20.04.13:655][  4]Recompiling BattleTank...
[2017.04.29-20.04.13:656][  4]Launching UnrealBuildTool... [C:/Program Files/Epic Games/UE_4.15/Engine/Binaries/DotNET/UnrealBuildTool.exe BattleTank -ModuleWithSuffix BattleTank 5659 Win64 Development -editorrecompile -canskiplink "C:/Users/Sarah/Documents/Unreal Projects/04_BattleTank/BattleTank/BattleTank.uproject" ]
[2017.04.29-20.04.13:657][  4]Warning: Starting HotReload took  0.0s.
[2017.04.29-20.04.24:723][ 69]CompilerResultsLog: New page: Compilation - Apr 29, 2017, 10:04:24 PM
[2017.04.29-20.04.24:724][ 69]CompilerResultsLog: Info Compiling game modules for hot reload
[2017.04.29-20.04.24:724][ 69]CompilerResultsLog: Info Parsing headers for BattleTankEditor
[2017.04.29-20.04.24:724][ 69]CompilerResultsLog: Info   Running UnrealHeaderTool "C:\Users\Sarah\Documents\Unreal Projects\04_BattleTank\BattleTank\BattleTank.uproject" "C:\Users\Sarah\Documents\Unreal Projects\04_BattleTank\BattleTank\Intermediate\Build\Win64\BattleTankEditor\Development\BattleTankEditor.uhtmanifest" -LogCmds="loginit warning, logexit warning, logdatabase error" -Unattended -WarningsAsErrors -installed
[2017.04.29-20.04.24:724][ 69]CompilerResultsLog: Info Reflection code generated for BattleTankEditor in 7.0342343 seconds
[2017.04.29-20.04.24:724][ 69]CompilerResultsLog: Info Performing 6 actions (4 in parallel)
[2017.04.29-20.04.24:724][ 69]CompilerResultsLog: Info TankAimingComponent.cpp
[2017.04.29-20.04.24:724][ 69]CompilerResultsLog: Info TankAIController.cpp
[2017.04.29-20.04.24:724][ 69]CompilerResultsLog: Info BattleTank.generated.cpp
[2017.04.29-20.04.24:724][ 69]CompilerResultsLog: Info TankPlayerController.cpp
[2017.04.29-20.04.24:724][ 69]CompilerResultsLog:Error: Error C:\Users\Sarah\Documents\Unreal Projects\04_BattleTank\BattleTank\Source\BattleTank\Private\TankAimingComponent.cpp(95) : warning C4458: declaration of 'AimDirection' hides class member
[2017.04.29-20.04.24:724][ 69]CompilerResultsLog:Error: Error C:\Users\Sarah\Documents\Unreal Projects\04_BattleTank\BattleTank\Source\BattleTank\Public\TankAimingComponent.h(39) : note: see declaration of 'UTankAimingComponent::AimDirection'
[2017.04.29-20.04.24:724][ 69]CompilerResultsLog:Error: Error C:\Users\Sarah\Documents\Unreal Projects\04_BattleTank\BattleTank\Source\BattleTank\Private\TankAimingComponent.cpp(106) : warning C4458: declaration of 'AimDirection' hides class member
[2017.04.29-20.04.24:724][ 69]CompilerResultsLog:Error: Error C:\Users\Sarah\Documents\Unreal Projects\04_BattleTank\BattleTank\Source\BattleTank\Public\TankAimingComponent.h(39) : note: see declaration of 'UTankAimingComponent::AimDirection'
[2017.04.29-20.04.24:724][ 69]CompilerResultsLog:Error: Error c:\users\sarah\documents\unreal projects\04_battletank\battletank\source\battletank\private\tankaimingcomponent.cpp(34)  : error C4706: assignment within conditional expression
[2017.04.29-20.04.24:724][ 69]CompilerResultsLog: Info ERROR: UBT ERROR: Failed to produce item: C:\Users\Sarah\Documents\Unreal Projects\04_BattleTank\BattleTank\Binaries\Win64\UE4Editor-BattleTank-5659.dll
[2017.04.29-20.04.24:724][ 69]CompilerResultsLog: Info Total build time: 10.51 seconds (Local executor: 0.00 seconds)
[2017.04.29-20.04.24:724][ 69]LogMainFrame: MainFrame: Module compiling took 11.093 seconds
[2017.04.29-20.04.24:724][ 69]Warning: HotReload failed, recompile failed
[2017.04.29-20.04.32:765][138]Recompiling BattleTank...
[2017.04.29-20.04.32:765][138]Launching UnrealBuildTool... [C:/Program Files/Epic Games/UE_4.15/Engine/Binaries/DotNET/UnrealBuildTool.exe BattleTank -ModuleWithSuffix BattleTank 3710 Win64 Development -editorrecompile -canskiplink "C:/Users/Sarah/Documents/Unreal Projects/04_BattleTank/BattleTank/BattleTank.uproject" ]
[2017.04.29-20.04.32:767][138]Warning: Starting HotReload took  0.0s.
[2017.04.29-20.04.35:660][222]CompilerResultsLog: New page: Compilation - Apr 29, 2017, 10:04:35 PM
[2017.04.29-20.04.35:660][222]CompilerResultsLog: Info Compiling game modules for hot reload
[2017.04.29-20.04.35:660][222]CompilerResultsLog: Info Performing 3 actions (4 in parallel)
[2017.04.29-20.04.35:660][222]CompilerResultsLog: Info TankAimingComponent.cpp
[2017.04.29-20.04.35:660][222]CompilerResultsLog:Error: Error C:\Users\Sarah\Documents\Unreal Projects\04_BattleTank\BattleTank\Source\BattleTank\Private\TankAimingComponent.cpp(95) : warning C4458: declaration of 'AimDirection' hides class member
[2017.04.29-20.04.35:660][222]CompilerResultsLog:Error: Error C:\Users\Sarah\Documents\Unreal Projects\04_BattleTank\BattleTank\Source\BattleTank\Public\TankAimingComponent.h(39) : note: see declaration of 'UTankAimingComponent::AimDirection'
[2017.04.29-20.04.35:660][222]CompilerResultsLog:Error: Error C:\Users\Sarah\Documents\Unreal Projects\04_BattleTank\BattleTank\Source\BattleTank\Private\TankAimingComponent.cpp(106) : warning C4458: declaration of 'AimDirection' hides class member
[2017.04.29-20.04.35:660][222]CompilerResultsLog:Error: Error C:\Users\Sarah\Documents\Unreal Projects\04_BattleTank\BattleTank\Source\BattleTank\Public\TankAimingComponent.h(39) : note: see declaration of 'UTankAimingComponent::AimDirection'
[2017.04.29-20.04.35:660][222]CompilerResultsLog:Error: Error c:\users\sarah\documents\unreal projects\04_battletank\battletank\source\battletank\private\tankaimingcomponent.cpp(34)  : error C4706: assignment within conditional expression
[2017.04.29-20.04.35:660][222]CompilerResultsLog: Info ERROR: UBT ERROR: Failed to produce item: C:\Users\Sarah\Documents\Unreal Projects\04_BattleTank\BattleTank\Binaries\Win64\UE4Editor-BattleTank-3710.dll
[2017.04.29-20.04.35:660][222]CompilerResultsLog: Info Total build time: 2.57 seconds (Local executor: 0.00 seconds)
[2017.04.29-20.04.35:660][222]LogMainFrame: MainFrame: Module compiling took 2.924 seconds
[2017.04.29-20.04.35:661][222]Warning: HotReload failed, recompile failed
[2017.04.29-20.04.39:221][316]LogFileHelpers: Editor autosave (incl. sublevels) for '/Game/Levels/BattleGround' took 0.019
[2017.04.29-20.04.39:224][316]OBJ SavePackage: Generating thumbnails for [0] asset(s) in package [/Game/UI/PlayerUI] ([1] browsable assets)...
[2017.04.29-20.04.39:224][316]OBJ SavePackage: Finished generating thumbnails for package [/Game/UI/PlayerUI]
[2017.04.29-20.04.39:316][316]LogSavePackage: Save=34.80ms
[2017.04.29-20.04.39:317][316]LogSavePackage: Moving '../../../../../../Users/Sarah/Documents/Unreal Projects/04_BattleTank/BattleTank/Saved/PlayerUI_Auto1FF489782479CEF5E647EA6A456E93DF3.tmp' to '../../../../../../Users/Sarah/Documents/Unreal Projects/04_BattleTank/BattleTank/Saved/Autosaves/Game/UI/PlayerUI_Auto1.uasset'
[2017.04.29-20.04.39:319][316]LogSavePackage:Display: Finished SavePackage ../../../../../../Users/Sarah/Documents/Unreal Projects/04_BattleTank/BattleTank/Saved/Autosaves/Game/UI/PlayerUI_Auto1.uasset
[2017.04.29-20.04.39:319][316]LogFileHelpers: Auto-saving content packages took 0.097
[2017.04.29-20.13.36:293][135]Cmd: OBJ SAVEPACKAGE PACKAGE="/Game/UI/PlayerUI" FILE="../../../../../../Users/Sarah/Documents/Unreal Projects/04_BattleTank/BattleTank/Content/UI/PlayerUI.uasset" SILENT=true
[2017.04.29-20.13.36:366][135]LogSavePackage: Save=31.54ms
[2017.04.29-20.13.36:366][135]LogSavePackage: Moving '../../../../../../Users/Sarah/Documents/Unreal Projects/04_BattleTank/BattleTank/Saved/PlayerUIBE12B5264224123E54EEB4A680CDFCCB.tmp' to '../../../../../../Users/Sarah/Documents/Unreal Projects/04_BattleTank/BattleTank/Content/UI/PlayerUI.uasset'
[2017.04.29-20.13.36:372][135]LogSavePackage:Display: Finished SavePackage ../../../../../../Users/Sarah/Documents/Unreal Projects/04_BattleTank/BattleTank/Content/UI/PlayerUI.uasset
[2017.04.29-20.13.36:735][136]Cmd: QUIT_EDITOR
[2017.04.29-20.13.36:928][136]LogWindowsTextInputMethodSystem:Display: IME system now deactivated.
[2017.04.29-20.13.36:966][136]LogExit: Preparing to exit.
[2017.04.29-20.13.38:001][136]LogDirectoryWatcher: A directory notification for 'C:/Users/Sarah/Documents/Unreal Projects/04_BattleTank/BattleTank/Content/' was aborted.
[2017.04.29-20.13.38:135][136]LogExit: Editor shut down
[2017.04.29-20.13.38:137][136]LogExit: Transaction tracking system shut down
[2017.04.29-20.13.38:383][136]LogObj: Freed 0b from 0 cluster array pools.
[2017.04.29-20.13.38:384][136]LogExit: Object subsystem successfully closed.
[2017.04.29-20.13.38:418][136]LogD3D11RHI: Shutdown
[2017.04.29-20.13.38:418][136]LogD3D11RHI: CleanupD3DDevice
[2017.04.29-20.13.38:498][136]LogD3D11RHI: ~FD3D11DynamicRHI
[2017.04.29-20.13.38:545][136]LogModuleManager: Shutting down and abandoning module BattleTank (507)
[2017.04.29-20.13.38:545][136]LogModuleManager: Shutting down and abandoning module MovieSceneCapture (506)
[2017.04.29-20.13.38:545][136]LogModuleManager: Shutting down and abandoning module SequencerWidgets (504)
[2017.04.29-20.13.38:545][136]LogModuleManager: Shutting down and abandoning module BlueprintGraph (502)
[2017.04.29-20.13.38:545][136]LogModuleManager: Shutting down and abandoning module BlueprintProfiler (500)
[2017.04.29-20.13.38:547][136]LogModuleManager: Shutting down and abandoning module HierarchicalLODOutliner (498)
[2017.04.29-20.13.38:547][136]LogModuleManager: Shutting down and abandoning module CrashTracker (496)
[2017.04.29-20.13.38:547][136]LogModuleManager: Shutting down and abandoning module SceneOutliner (494)
[2017.04.29-20.13.38:547][136]LogModuleManager: Shutting down and abandoning module AddContentDialog (492)
[2017.04.29-20.13.38:548][136]LogDirectoryWatcher: A directory notification for 'C:/Program Files/Epic Games/UE_4.15/FeaturePacks/' was aborted.
[2017.04.29-20.13.38:555][136]LogModuleManager: Shutting down and abandoning module WidgetCarousel (491)
[2017.04.29-20.13.38:555][136]LogModuleManager: Shutting down and abandoning module EditorWidgets (488)
[2017.04.29-20.13.38:555][136]LogModuleManager: Shutting down and abandoning module CollectionManager (486)
[2017.04.29-20.13.38:555][136]LogDirectoryWatcher: A directory notification for 'C:/Users/Sarah/Documents/Unreal Projects/04_BattleTank/BattleTank/Content/Collections/' was aborted.
[2017.04.29-20.13.38:555][136]LogDirectoryWatcher: A directory notification for 'C:/Users/Sarah/Documents/Unreal Projects/04_BattleTank/BattleTank/Content/Developers/Sarah/Collections/' was aborted.
[2017.04.29-20.13.38:555][136]LogDirectoryWatcher: A directory notification for 'C:/Users/Sarah/Documents/Unreal Projects/04_BattleTank/BattleTank/Saved/Collections/' was aborted.
[2017.04.29-20.13.38:556][136]LogModuleManager: Shutting down and abandoning module StatsViewer (484)
[2017.04.29-20.13.38:556][136]LogModuleManager: Shutting down and abandoning module FoliageEdit (482)
[2017.04.29-20.13.38:556][136]LogModuleManager: Shutting down and abandoning module LandscapeEditor (480)
[2017.04.29-20.13.38:557][136]LogModuleManager: Shutting down and abandoning module SceneDepthPickerMode (478)
[2017.04.29-20.13.38:557][136]LogModuleManager: Shutting down and abandoning module ActorPickerMode (476)
[2017.04.29-20.13.38:557][136]LogModuleManager: Shutting down and abandoning module GeometryMode (474)
[2017.04.29-20.13.38:557][136]LogModuleManager: Shutting down and abandoning module TextureAlignMode (472)
[2017.04.29-20.13.38:557][136]LogModuleManager: Shutting down and abandoning module BspMode (470)
[2017.04.29-20.13.38:558][136]LogModuleManager: Shutting down and abandoning module HardwareSurvey (468)
[2017.04.29-20.13.38:558][136]LogModuleManager: Shutting down and abandoning module SequenceRecorderSections (466)
[2017.04.29-20.13.38:559][136]LogModuleManager: Shutting down and abandoning module AutomationWorker (464)
[2017.04.29-20.13.38:559][136]LogModuleManager: Shutting down and abandoning module MatineeToLevelSequence (462)
[2017.04.29-20.13.38:559][136]LogModuleManager: Shutting down and abandoning module LevelSequenceEditor (460)
[2017.04.29-20.13.38:561][136]LogModuleManager: Shutting down and abandoning module PlacementMode (459)
[2017.04.29-20.13.38:561][136]LogModuleManager: Shutting down and abandoning module WmfMediaFactory (456)
[2017.04.29-20.13.38:561][136]LogModuleManager: Shutting down and abandoning module WmfMediaEditor (454)
[2017.04.29-20.13.38:561][136]LogModuleManager: Shutting down and abandoning module MfMediaFactory (452)
[2017.04.29-20.13.38:561][136]LogModuleManager: Shutting down and abandoning module MfMediaEditor (450)
[2017.04.29-20.13.38:562][136]LogModuleManager: Shutting down and abandoning module AvfMediaFactory (448)
[2017.04.29-20.13.38:562][136]LogModuleManager: Shutting down and abandoning module AvfMediaEditor (446)
[2017.04.29-20.13.38:562][136]LogModuleManager: Shutting down and abandoning module AndroidMediaFactory (444)
[2017.04.29-20.13.38:562][136]LogModuleManager: Shutting down and abandoning module Media (443)
[2017.04.29-20.13.38:562][136]LogModuleManager: Shutting down and abandoning module AndroidMediaEditor (440)
[2017.04.29-20.13.38:562][136]LogModuleManager: Shutting down and abandoning module CharacterAI (438)
[2017.04.29-20.13.38:562][136]LogModuleManager: Shutting down and abandoning module AudioCapture (436)
[2017.04.29-20.13.38:562][136]LogModuleManager: Shutting down and abandoning module SequenceRecorder (435)
[2017.04.29-20.13.38:563][136]LogModuleManager: Shutting down and abandoning module SmartSnapping (432)
[2017.04.29-20.13.38:563][136]LogModuleManager: Shutting down and abandoning module SessionServices (430)
[2017.04.29-20.13.38:563][136]LogModuleManager: Shutting down and abandoning module ViewportSnapping (428)
[2017.04.29-20.13.38:563][136]LogModuleManager: Shutting down and abandoning module ViewportInteraction (426)
[2017.04.29-20.13.38:563][136]LogModuleManager: Shutting down and abandoning module LogVisualizer (424)
[2017.04.29-20.13.38:565][136]LogModuleManager: Shutting down and abandoning module IntroTutorials (422)
[2017.04.29-20.13.38:565][136]LogModuleManager: Shutting down and abandoning module GameProjectGeneration (421)
[2017.04.29-20.13.38:566][136]LogModuleManager: Shutting down and abandoning module EditorLiveStreaming (418)
[2017.04.29-20.13.38:566][136]LogModuleManager: Shutting down and abandoning module IOSPlatformEditor (416)
[2017.04.29-20.13.38:566][136]LogModuleManager: Shutting down and abandoning module HTML5PlatformEditor (414)
[2017.04.29-20.13.38:566][136]LogModuleManager: Shutting down and abandoning module AndroidPlatformEditor (412)
[2017.04.29-20.13.38:567][136]LogModuleManager: Shutting down and abandoning module AndroidDeviceDetection (411)
[2017.04.29-20.13.38:924][136]LogModuleManager: Shutting down and abandoning module IOSRuntimeSettings (408)
[2017.04.29-20.13.38:924][136]LogModuleManager: Shutting down and abandoning module AndroidRuntimeSettings (406)
[2017.04.29-20.13.38:924][136]LogModuleManager: Shutting down and abandoning module InputBindingEditor (404)
[2017.04.29-20.13.38:926][136]LogModuleManager: Shutting down and abandoning module NiagaraEditor (402)
[2017.04.29-20.13.38:928][136]LogModuleManager: Shutting down and abandoning module MergeActors (400)
[2017.04.29-20.13.38:929][136]LogModuleManager: Shutting down and abandoning module SizeMap (398)
[2017.04.29-20.13.38:930][136]LogModuleManager: Shutting down and abandoning module TreeMap (396)
[2017.04.29-20.13.38:930][136]LogModuleManager: Shutting down and abandoning module ReferenceViewer (394)
[2017.04.29-20.13.38:930][136]LogModuleManager: Shutting down and abandoning module LocalizationDashboard (392)
[2017.04.29-20.13.38:931][136]LogModuleManager: Shutting down and abandoning module LocalizationService (391)
[2017.04.29-20.13.38:932][136]LogModuleManager: Shutting down and abandoning module HardwareTargeting (388)
[2017.04.29-20.13.38:933][136]LogModuleManager: Shutting down and abandoning module DeviceProfileEditor (386)
[2017.04.29-20.13.38:933][136]LogModuleManager: Shutting down and abandoning module UndoHistory (384)
[2017.04.29-20.13.38:933][136]LogModuleManager: Shutting down and abandoning module UserFeedback (382)
[2017.04.29-20.13.38:933][136]LogModuleManager: Shutting down and abandoning module XmlParser (380)
[2017.04.29-20.13.38:934][136]LogModuleManager: Shutting down and abandoning module Blutility (378)
[2017.04.29-20.13.38:934][136]LogModuleManager: Shutting down and abandoning module ProjectSettingsViewer (376)
[2017.04.29-20.13.38:934][136]LogModuleManager: Shutting down and abandoning module ProjectTargetPlatformEditor (375)
[2017.04.29-20.13.38:934][136]LogModuleManager: Shutting down and abandoning module EditorSettingsViewer (372)
[2017.04.29-20.13.38:935][136]LogModuleManager: Shutting down and abandoning module SettingsEditor (370)
[2017.04.29-20.13.38:935][136]LogModuleManager: Shutting down and abandoning module ProjectLauncher (368)
[2017.04.29-20.13.38:936][136]LogModuleManager: Shutting down and abandoning module SessionFrontend (366)
[2017.04.29-20.13.38:937][136]LogModuleManager: Shutting down and abandoning module ProfilerClient (364)
[2017.04.29-20.13.38:938][136]LogModuleManager: Shutting down and abandoning module DeviceManager (362)
[2017.04.29-20.13.38:939][136]LogModuleManager: Shutting down and abandoning module TargetDeviceServices (361)
[2017.04.29-20.13.38:982][136]LogModuleManager: Shutting down and abandoning module AutomationController (358)
[2017.04.29-20.13.38:983][136]LogModuleManager: Shutting down and abandoning module AutomationWindow (356)
[2017.04.29-20.13.38:984][136]LogModuleManager: Shutting down and abandoning module Layers (354)
[2017.04.29-20.13.38:986][136]LogModuleManager: Shutting down and abandoning module ComponentVisualizers (352)
[2017.04.29-20.13.38:986][136]LogModuleManager: Shutting down and abandoning module DetailCustomizations (350)
[2017.04.29-20.13.38:988][136]LogModuleManager: Shutting down and abandoning module PackagesDialog (348)
[2017.04.29-20.13.38:988][136]LogModuleManager: Shutting down and abandoning module Persona (346)
[2017.04.29-20.13.38:989][136]LogModuleManager: Shutting down and abandoning module AnimGraph (345)
[2017.04.29-20.13.38:989][136]LogModuleManager: Shutting down and abandoning module Kismet (342)
[2017.04.29-20.13.38:997][136]LogModuleManager: Shutting down and abandoning module GraphEditor (340)
[2017.04.29-20.13.38:997][136]LogModuleManager: Shutting down and abandoning module ClassViewer (338)
[2017.04.29-20.13.38:998][136]LogModuleManager: Shutting down and abandoning module Toolbox (336)
[2017.04.29-20.13.38:998][136]LogModuleManager: Shutting down and abandoning module ModuleUI (334)
[2017.04.29-20.13.38:999][136]LogModuleManager: Shutting down and abandoning module MovieSceneTools (332)
[2017.04.29-20.13.38:999][136]LogModuleManager: Shutting down and abandoning module OutputLog (330)
[2017.04.29-20.13.38:999][136]LogModuleManager: Shutting down and abandoning module GammaUI (328)
[2017.04.29-20.13.39:000][136]LogModuleManager: Shutting down and abandoning module Documentation (326)
[2017.04.29-20.13.39:000][136]LogModuleManager: Shutting down and abandoning module Niagara (324)
[2017.04.29-20.13.39:000][136]LogModuleManager: Shutting down and abandoning module StreamingPauseRendering (322)
[2017.04.29-20.13.39:000][136]LogModuleManager: Shutting down and abandoning module AnalyticsET (320)
[2017.04.29-20.13.39:000][136]LogModuleManager: Shutting down and abandoning module PortalServices (318)
[2017.04.29-20.13.39:000][136]LogModuleManager: Shutting down and abandoning module PortalRpc (316)
[2017.04.29-20.13.39:000][136]LogModuleManager: Shutting down and abandoning module MessagingRpc (314)
[2017.04.29-20.13.39:000][136]LogModuleManager: Shutting down and abandoning module AIModule (312)
[2017.04.29-20.13.39:000][136]LogModuleManager: Shutting down and abandoning module GameplayDebugger (311)
[2017.04.29-20.13.39:001][136]LogModuleManager: Shutting down and abandoning module AITestSuite (309)
[2017.04.29-20.13.39:001][136]LogModuleManager: Shutting down and abandoning module ProfilerService (306)
[2017.04.29-20.13.39:102][136]LogModuleManager: Shutting down and abandoning module TaskGraph (304)
[2017.04.29-20.13.39:104][136]LogModuleManager: Shutting down and abandoning module SteamVRController (302)
[2017.04.29-20.13.39:104][136]LogModuleManager: Shutting down and abandoning module SteamVR (300)
[2017.04.29-20.13.39:104][136]LogModuleManager: Shutting down and abandoning module ProceduralMeshComponentEditor (298)
[2017.04.29-20.13.39:104][136]LogModuleManager: Shutting down and abandoning module ProceduralMeshComponent (296)
[2017.04.29-20.13.39:104][136]LogModuleManager: Shutting down and abandoning module OculusLibrary (294)
[2017.04.29-20.13.39:105][136]LogModuleManager: Shutting down and abandoning module OculusInput (292)
[2017.04.29-20.13.39:105][136]LogModuleManager: Shutting down and abandoning module MobilePatchingUtils (290)
[2017.04.29-20.13.39:105][136]LogModuleManager: Shutting down and abandoning module CustomMeshComponent (288)
[2017.04.29-20.13.39:105][136]LogModuleManager: Shutting down and abandoning module CableComponent (286)
[2017.04.29-20.13.39:105][136]LogModuleManager: Shutting down and abandoning module ArchVisCharacter (284)
[2017.04.29-20.13.39:105][136]LogModuleManager: Shutting down and abandoning module MediaPlayerEditor (280)
[2017.04.29-20.13.39:107][136]LogModuleManager: Shutting down and abandoning module HTML5Networking (278)
[2017.04.29-20.13.39:107][136]LogModuleManager: Shutting down and abandoning module AlembicImporter (276)
[2017.04.29-20.13.39:108][136]LogModuleManager: Shutting down and abandoning module AlembicLibrary (275)
[2017.04.29-20.13.39:108][136]LogModuleManager: Shutting down and abandoning module GeometryCache (274)
[2017.04.29-20.13.39:108][136]LogModuleManager: Shutting down and abandoning module GeometryCacheEd (273)
[2017.04.29-20.13.39:108][136]LogModuleManager: Shutting down and abandoning module SuperSearchEditor (268)
[2017.04.29-20.13.39:108][136]LogModuleManager: Shutting down and abandoning module SuperSearch (267)
[2017.04.29-20.13.39:108][136]LogModuleManager: Shutting down and abandoning module SpeedTreeImporter (264)
[2017.04.29-20.13.39:108][136]LogModuleManager: Shutting down and abandoning module PluginBrowser (262)
[2017.04.29-20.13.39:110][136]LogModuleManager: Shutting down and abandoning module MobileLauncherProfileWizard (260)
[2017.04.29-20.13.39:111][136]LogModuleManager: Shutting down and abandoning module EpicSurvey (258)
[2017.04.29-20.13.39:111][136]LogModuleManager: Shutting down and abandoning module VisualStudioSourceCodeAccess (256)
[2017.04.29-20.13.39:111][136]LogModuleManager: Shutting down and abandoning module DesktopPlatform (255)
[2017.04.29-20.13.39:112][136]LogModuleManager: Shutting down and abandoning module UObjectPlugin (252)
[2017.04.29-20.13.39:112][136]LogModuleManager: Shutting down and abandoning module SubversionSourceControl (250)
[2017.04.29-20.13.39:112][136]LogModuleManager: Shutting down and abandoning module PerforceSourceControl (248)
[2017.04.29-20.13.39:113][136]LogModuleManager: Shutting down and abandoning module GitSourceControl (246)
[2017.04.29-20.13.39:114][136]LogModuleManager: Shutting down and abandoning module SourceControl (245)
[2017.04.29-20.13.39:114][136]LogModuleManager: Shutting down and abandoning module LightPropagationVolumeEditor (242)
[2017.04.29-20.13.39:114][136]LogModuleManager: Shutting down and abandoning module PaperTiledImporter (240)
[2017.04.29-20.13.39:114][136]LogModuleManager: Shutting down and abandoning module PaperSpriteSheetImporter (238)
[2017.04.29-20.13.39:114][136]LogModuleManager: Shutting down and abandoning module Paper2DEditor (236)
[2017.04.29-20.13.39:116][136]LogModuleManager: Shutting down and abandoning module MeshPaint (235)
[2017.04.29-20.13.39:116][136]LogModuleManager: Shutting down and abandoning module LevelEditor (233)
[2017.04.29-20.13.39:118][136]LogModuleManager: Shutting down and abandoning module PixelInspectorModule (232)
[2017.04.29-20.13.39:119][136]LogModuleManager: Shutting down and abandoning module MainFrame (230)
[2017.04.29-20.13.39:120][136]LogModuleManager: Shutting down and abandoning module HotReload (229)
[2017.04.29-20.13.39:120][136]LogDirectoryWatcher: A directory notification for 'C:/Users/Sarah/Documents/Unreal Projects/04_BattleTank/BattleTank/Binaries/Win64' was aborted.
[2017.04.29-20.13.39:120][136]LogModuleManager: Shutting down and abandoning module ContentBrowser (225)
[2017.04.29-20.13.39:122][136]LogModuleManager: Shutting down and abandoning module PhysXVehiclesEditor (220)
[2017.04.29-20.13.39:123][136]LogModuleManager: Shutting down and abandoning module PhysXVehicles (218)
[2017.04.29-20.13.39:123][136]LogModuleManager: Shutting down and abandoning module LocationServicesBPLibrary (216)
[2017.04.29-20.13.39:123][136]LogModuleManager: Shutting down and abandoning module UdpMessaging (214)
[2017.04.29-20.13.39:223][136]LogModuleManager: Shutting down and abandoning module TcpMessaging (212)
[2017.04.29-20.13.39:325][136]LogModuleManager: Shutting down and abandoning module GameplayTagsEditor (210)
[2017.04.29-20.13.39:328][136]LogModuleManager: Shutting down and abandoning module FacialAnimationEditor (208)
[2017.04.29-20.13.39:328][136]LogModuleManager: Shutting down and abandoning module FacialAnimation (206)
[2017.04.29-20.13.39:328][136]LogModuleManager: Shutting down and abandoning module LightPropagationVolumeRuntime (204)
[2017.04.29-20.13.39:328][136]LogModuleManager: Shutting down and abandoning module Paper2D (202)
[2017.04.29-20.13.39:329][136]LogModuleManager: Shutting down and abandoning module WindowsMoviePlayer (200)
[2017.04.29-20.13.39:330][136]LogModuleManager: Shutting down and abandoning module WmfMedia (198)
[2017.04.29-20.13.39:331][136]LogModuleManager: Shutting down and abandoning module MfMedia (196)
[2017.04.29-20.13.39:331][136]LogModuleManager: Shutting down and abandoning module MediaAssets (194)
[2017.04.29-20.13.39:331][136]LogModuleManager: Shutting down and abandoning module GameLiveStreaming (192)
[2017.04.29-20.13.39:331][136]LogModuleManager: Shutting down and abandoning module VREditor (190)
[2017.04.29-20.13.39:331][136]LogModuleManager: Shutting down and abandoning module GameplayTasksEditor (188)
[2017.04.29-20.13.39:331][136]LogModuleManager: Shutting down and abandoning module BehaviorTreeEditor (186)
[2017.04.29-20.13.39:333][136]LogModuleManager: Shutting down and abandoning module FunctionalTesting (184)
[2017.04.29-20.13.39:333][136]LogModuleManager: Shutting down and abandoning module CollisionAnalyzer (182)
[2017.04.29-20.13.39:334][136]LogModuleManager: Shutting down and abandoning module UMG (180)
[2017.04.29-20.13.39:335][136]LogModuleManager: Shutting down and abandoning module UMGEditor (179)
[2017.04.29-20.13.39:335][136]LogModuleManager: Shutting down and abandoning module Sequencer (178)
[2017.04.29-20.13.39:335][136]LogModuleManager: Shutting down and abandoning module AssetTools (176)
[2017.04.29-20.13.39:338][136]LogModuleManager: Shutting down and abandoning module MessageLog (175)
[2017.04.29-20.13.39:338][136]LogModuleManager: Shutting down and abandoning module WorkspaceMenuStructure (174)
[2017.04.29-20.13.39:338][136]LogModuleManager: Shutting down and abandoning module SlateReflector (168)
[2017.04.29-20.13.39:341][136]LogModuleManager: Shutting down and abandoning module Slate (166)
[2017.04.29-20.13.39:341][136]LogModuleManager: Shutting down and abandoning module EditorStyle (164)
[2017.04.29-20.13.39:345][136]LogModuleManager: Shutting down and abandoning module SourceCodeAccess (162)
[2017.04.29-20.13.39:345][136]LogModuleManager: Shutting down and abandoning module HeadMountedDisplay (160)
[2017.04.29-20.13.39:345][136]LogModuleManager: Shutting down and abandoning module XAudio2 (158)
[2017.04.29-20.13.39:345][136]LogModuleManager: Shutting down and abandoning module Networking (156)
[2017.04.29-20.13.39:345][136]LogModuleManager: Shutting down and abandoning module Core (152)
[2017.04.29-20.13.39:345][136]LogModuleManager: Shutting down and abandoning module AssetRegistry (150)
[2017.04.29-20.13.39:521][136]LogDirectoryWatcher: A directory notification for '../../../Engine/Content/' was aborted.
[2017.04.29-20.13.39:521][136]LogDirectoryWatcher: A directory notification for '../../../../../../Users/Sarah/Documents/Unreal Projects/04_BattleTank/BattleTank/Content/' was aborted.
[2017.04.29-20.13.39:521][136]LogDirectoryWatcher: A directory notification for '../../../Engine/Plugins/2D/Paper2D/Content/' was aborted.
[2017.04.29-20.13.39:525][136]LogModuleManager: Shutting down and abandoning module DirectoryWatcher (149)
[2017.04.29-20.13.39:531][136]LogModuleManager: Shutting down and abandoning module KismetCompiler (146)
[2017.04.29-20.13.39:531][136]LogModuleManager: Shutting down and abandoning module PhysXFormats (144)
[2017.04.29-20.13.39:531][136]LogModuleManager: Shutting down and abandoning module MeshUtilities (142)
[2017.04.29-20.13.39:532][136]LogModuleManager: Shutting down and abandoning module SimplygonSwarm (141)
[2017.04.29-20.13.39:533][136]LogModuleManager: Shutting down and abandoning module SimplygonMeshReduction (139)
[2017.04.29-20.13.39:533][136]LogModuleManager: Shutting down and abandoning module QuadricMeshReduction (137)
[2017.04.29-20.13.39:534][136]LogModuleManager: Shutting down and abandoning module PropertyEditor (135)
[2017.04.29-20.13.39:534][136]LogModuleManager: Shutting down and abandoning module DerivedDataCache (132)
[2017.04.29-20.13.39:549][136]LogDerivedDataCache: Shutdown
[2017.04.29-20.13.39:549][136]LogModuleManager: Shutting down and abandoning module TargetPlatform (130)
[2017.04.29-20.13.39:550][136]LogModuleManager: Shutting down and abandoning module VulkanShaderFormat (129)
[2017.04.29-20.13.39:553][136]LogModuleManager: Shutting down and abandoning module ShaderFormatOpenGL (127)
[2017.04.29-20.13.39:568][136]LogModuleManager: Shutting down and abandoning module ShaderFormatD3D (125)
[2017.04.29-20.13.39:569][136]LogModuleManager: Shutting down and abandoning module MetalShaderFormat (123)
[2017.04.29-20.13.39:570][136]LogModuleManager: Shutting down and abandoning module TextureFormatUncompressed (121)
[2017.04.29-20.13.39:570][136]LogModuleManager: Shutting down and abandoning module TextureFormatPVR (119)
[2017.04.29-20.13.39:570][136]LogModuleManager: Shutting down and abandoning module TextureFormatDXT (117)
[2017.04.29-20.13.39:570][136]LogModuleManager: Shutting down and abandoning module TextureFormatIntelISPCTexComp (115)
[2017.04.29-20.13.39:571][136]LogModuleManager: Shutting down and abandoning module TextureFormatASTC (113)
[2017.04.29-20.13.39:571][136]LogModuleManager: Shutting down and abandoning module ImageWrapper (112)
[2017.04.29-20.13.39:571][136]LogModuleManager: Shutting down and abandoning module TextureFormatAndroid (109)
[2017.04.29-20.13.39:571][136]LogModuleManager: Shutting down and abandoning module AudioFormatOpus (107)
[2017.04.29-20.13.39:572][136]LogModuleManager: Shutting down and abandoning module AudioFormatOgg (105)
[2017.04.29-20.13.39:572][136]LogModuleManager: Shutting down and abandoning module AudioFormatADPCM (103)
[2017.04.29-20.13.39:572][136]LogModuleManager: Shutting down and abandoning module LinuxTargetPlatform (101)
[2017.04.29-20.13.39:572][136]LogModuleManager: Shutting down and abandoning module LinuxServerTargetPlatform (99)
[2017.04.29-20.13.39:572][136]LogModuleManager: Shutting down and abandoning module LinuxNoEditorTargetPlatform (97)
[2017.04.29-20.13.39:572][136]LogModuleManager: Shutting down and abandoning module LinuxClientTargetPlatform (95)
[2017.04.29-20.13.39:572][136]LogModuleManager: Shutting down and abandoning module TVOSTargetPlatform (93)
[2017.04.29-20.13.39:572][136]LogModuleManager: Shutting down and abandoning module Messaging (91)
[2017.04.29-20.13.39:572][136]LogModuleManager: Shutting down and abandoning module IOSTargetPlatform (89)
[2017.04.29-20.13.39:572][136]LogModuleManager: Shutting down and abandoning module HTML5TargetPlatform (87)
[2017.04.29-20.13.39:572][136]LogModuleManager: Shutting down and abandoning module Android_PVRTCTargetPlatform (85)
[2017.04.29-20.13.39:572][136]LogModuleManager: Shutting down and abandoning module Android_MultiTargetPlatform (83)
[2017.04.29-20.13.39:572][136]LogModuleManager: Shutting down and abandoning module Android_ETC2TargetPlatform (81)
[2017.04.29-20.13.39:572][136]LogModuleManager: Shutting down and abandoning module Android_ETC1TargetPlatform (79)
[2017.04.29-20.13.39:572][136]LogModuleManager: Shutting down and abandoning module Android_DXTTargetPlatform (77)
[2017.04.29-20.13.39:572][136]LogModuleManager: Shutting down and abandoning module Android_ATCTargetPlatform (75)
[2017.04.29-20.13.39:572][136]LogModuleManager: Shutting down and abandoning module Android_ASTCTargetPlatform (73)
[2017.04.29-20.13.39:572][136]LogModuleManager: Shutting down and abandoning module AndroidTargetPlatform (71)
[2017.04.29-20.13.39:572][136]LogModuleManager: Shutting down and abandoning module WindowsTargetPlatform (69)
[2017.04.29-20.13.39:572][136]LogModuleManager: Shutting down and abandoning module WindowsServerTargetPlatform (67)
[2017.04.29-20.13.39:572][136]LogModuleManager: Shutting down and abandoning module WindowsNoEditorTargetPlatform (65)
[2017.04.29-20.13.39:572][136]LogModuleManager: Shutting down and abandoning module WindowsClientTargetPlatform (63)
[2017.04.29-20.13.39:572][136]LogModuleManager: Shutting down and abandoning module MacTargetPlatform (61)
[2017.04.29-20.13.39:572][136]LogModuleManager: Shutting down and abandoning module MacServerTargetPlatform (59)
[2017.04.29-20.13.39:572][136]LogModuleManager: Shutting down and abandoning module MacNoEditorTargetPlatform (57)
[2017.04.29-20.13.39:572][136]LogModuleManager: Shutting down and abandoning module MacClientTargetPlatform (55)
[2017.04.29-20.13.39:572][136]LogModuleManager: Shutting down and abandoning module AllDesktopTargetPlatform (53)
[2017.04.29-20.13.39:573][136]LogModuleManager: Shutting down and abandoning module InputCore (50)
[2017.04.29-20.13.39:573][136]LogModuleManager: Shutting down and abandoning module Settings (48)
[2017.04.29-20.13.39:573][136]LogModuleManager: Shutting down and abandoning module OculusRift (46)
[2017.04.29-20.13.39:573][136]LogModuleManager: Shutting down and abandoning module ExampleDeviceProfileSelector (44)
[2017.04.29-20.13.39:573][136]LogModuleManager: Shutting down and abandoning module OnlineBlueprintSupport (42)
[2017.04.29-20.13.39:573][136]LogModuleManager: Shutting down and abandoning module OnlineSubsystem (38)
[2017.04.29-20.13.39:573][136]LogOnline:Display: Unloading online subsystem: NULL
[2017.04.29-20.13.39:574][136]LogModuleManager: Shutting down and abandoning module XMPP (37)
[2017.04.29-20.13.39:582][136]LogModuleManager: Shutting down and abandoning module HTTP (35)
[2017.04.29-20.13.39:582][136]LogHttp:Display: Http module shutting down, but needs to wait on 1 outstanding Http requests:
[2017.04.29-20.13.39:582][136]LogHttp:Display: 	verb=[POST] url=[https://datarouter.ol.epicgames.com/datarouter/api/v1/public/data?SessionID=%7B4E664A02-4B4D-6D06-46AE-DF8D5E879D89%7D&AppID=UEEditor.Rocket.Release&AppVersion=4.15.0-3299760%2B%2B%2BUE4%2BRelease-4.15&UserID=7c76bde54574978307451eb1166a1f79%7C58448bdb2ce4468ba1b793c4adc2bec4%7C1fb00c8d-b537-477f-9d94-6fe8d09492ec&AppEnvironment=datacollector-binary&UploadType=eteventstream] status=Processing
[2017.04.29-20.13.39:601][136]LogModuleManager: Shutting down and abandoning module SSL (34)
[2017.04.29-20.13.39:604][136]LogModuleManager: Shutting down and abandoning module AudioEditor (30)
[2017.04.29-20.13.39:605][136]LogModuleManager: Shutting down and abandoning module TextureCompressor (28)
[2017.04.29-20.13.39:605][136]LogModuleManager: Shutting down and abandoning module ShaderCore (26)
[2017.04.29-20.13.39:605][136]LogModuleManager: Shutting down and abandoning module Landscape (24)
[2017.04.29-20.13.39:605][136]LogModuleManager: Shutting down and abandoning module SlateRHIRenderer (22)
[2017.04.29-20.13.39:614][136]LogModuleManager: Shutting down and abandoning module OpenGLDrv (20)
[2017.04.29-20.13.39:615][136]LogModuleManager: Shutting down and abandoning module D3D11RHI (18)
[2017.04.29-20.13.39:615][136]LogModuleManager: Shutting down and abandoning module AnimGraphRuntime (16)
[2017.04.29-20.13.39:616][136]LogModuleManager: Shutting down and abandoning module Renderer (14)
[2017.04.29-20.13.39:616][136]LogModuleManager: Shutting down and abandoning module Engine (12)
[2017.04.29-20.13.39:616][136]LogModuleManager: Shutting down and abandoning module CoreUObject (10)
[2017.04.29-20.13.39:616][136]LogModuleManager: Shutting down and abandoning module NetworkFile (8)
[2017.04.29-20.13.39:617][136]LogModuleManager: Shutting down and abandoning module StreamingFile (6)
[2017.04.29-20.13.39:617][136]LogModuleManager: Shutting down and abandoning module SandboxFile (4)
[2017.04.29-20.13.39:617][136]LogModuleManager: Shutting down and abandoning module PakFile (2)
[2017.04.29-20.13.39:621][136]LogExit: Exiting.
[2017.04.29-20.13.39:627][136]Log file closed, 04/29/17 21:13:39
