Log file open, 04/23/17 13:22:36
LogInit:Display: Running engine for game: BattleTank
LogPlatformFile: Not using cached read wrapper
LogInit:Display: RandInit(476756871) SRandInit(476756871).
LogTaskGraph: Started task graph with 5 named threads and 8 total threads with 1 sets of task threads.
LogStats: Stats thread started at 0.090089
LogInit: Using libcurl 7.47.1
LogInit:  - built for x86_64-pc-win32
LogInit:  - supports SSL with OpenSSL/1.0.2g
LogInit:  - supports HTTP deflate (compression) using libz 1.2.8
LogInit:  - other features:
LogInit:      CURL_VERSION_SSL
LogInit:      CURL_VERSION_LIBZ
LogInit:      CURL_VERSION_IPV6
LogInit:      CURL_VERSION_ASYNCHDNS
LogInit:      CURL_VERSION_LARGEFILE
LogInit:      CURL_VERSION_IDN
LogInit:  CurlRequestOptions (configurable via config and command line):
LogInit:  - bVerifyPeer = false  - Libcurl will NOT verify peer certificate
LogInit:  - bUseHttpProxy = false  - Libcurl will NOT use HTTP proxy
LogInit:  - bDontReuseConnections = false  - Libcurl will reuse connections
LogInit:  - CertBundlePath = nullptr  - Libcurl will use whatever was configured at build time.
LogInit: Build: ++UE4+Release-4.15-CL-3299760
LogInit: Engine Version: 4.15.0-3299760+++UE4+Release-4.15
LogInit: Compatible Engine Version: 4.15.0-3299760+++UE4+Release-4.15
LogInit: Net CL: 3299760
LogDevObjectVersion: Number of dev versions registered: 14
LogDevObjectVersion:   Dev-Blueprints (B0D832E4-1F89-4F0D-ACCF-7EB736FD4AA2): 8
LogDevObjectVersion:   Dev-Build (E1C64328-A22C-4D53-A36C-8E866417BD8C): 0
LogDevObjectVersion:   Dev-Core (375EC13C-06E4-48FB-B500-84F0262A717E): 2
LogDevObjectVersion:   Dev-Editor (E4B068ED-F494-42E9-A231-DA0B2E46BB41): 14
LogDevObjectVersion:   Dev-Framework (CFFC743F-43B0-4480-9391-14DF171D2073): 22
LogDevObjectVersion:   Dev-Mobile (B02B49B5-BB20-44E9-A304-32B752E40360): 0
LogDevObjectVersion:   Dev-Networking (A4E4105C-59A1-49B5-A7C5-40C4547EDFEE): 0
LogDevObjectVersion:   Dev-Online (39C831C9-5AE6-47DC-9A44-9C173E1C8E7C): 0
LogDevObjectVersion:   Dev-Physics (78F01B33-EBEA-4F98-B9B4-84EACCB95AA2): 0
LogDevObjectVersion:   Dev-Platform (6631380F-2D4D-43E0-8009-CF276956A95A): 0
LogDevObjectVersion:   Dev-Rendering (12F88B9F-8875-4AFC-A67C-D90C383ABD29): 12
LogDevObjectVersion:   Dev-Sequencer (7B5AE74C-D270-4C10-A958-57980B212A5A): 3
LogDevObjectVersion:   Dev-VR (D7296918-1DD6-4BDD-9DE2-64A83CC13884): 0
LogDevObjectVersion:   Dev-LoadTimes (C2A15278-BFE7-4AFE-6C17-90FF531DF755): 1
LogInit: Compiled (64-bit): Feb 14 2017 02:04:14
LogInit: Compiled with Visual C++: 19.00.23026.00
LogInit: Build Configuration: Development
LogInit: Branch Name: ++UE4+Release-4.15
LogInit: Command line: -EpicPortal 
LogInit: Base directory: C:/Program Files/Epic Games/UE_4.15/Engine/Binaries/Win64/
LogInit: Installed Engine Build: 1
LogInit: Presizing for max 8388607 objects, including 0 objects not considered by GC, pre-allocating 0 bytes for permanent pool.
LogInit: Object subsystem initialized
[2017.04.23-12.22.37:360][  0]LogInit: Selected Device Profile: [Windows]
[2017.04.23-12.22.37:360][  0]LogInit: Applying CVar settings loaded from the selected device profile: [Windows]
[2017.04.23-12.22.37:380][  0]LogInit: Computer: DESKTOP-0PEK566
[2017.04.23-12.22.37:380][  0]LogInit: User: Sarah
[2017.04.23-12.22.37:380][  0]LogInit: CPU Page size=65536, Cores=4
[2017.04.23-12.22.37:380][  0]LogInit: High frequency timer resolution =2.143576 MHz
[2017.04.23-12.22.37:380][  0]LogMemory: Memory total: Physical=7.9GB (8GB approx)
[2017.04.23-12.22.37:380][  0]LogMemory: Platform Memory Stats for Windows
[2017.04.23-12.22.37:380][  0]LogMemory: Process Physical Memory: 263.50 MB used, 263.50 MB peak
[2017.04.23-12.22.37:380][  0]LogMemory: Process Virtual Memory: 262.57 MB used, 262.57 MB peak
[2017.04.23-12.22.37:380][  0]LogMemory: Physical Memory: 4325.53 MB used,  3758.75 MB free, 8084.27 MB total
[2017.04.23-12.22.37:380][  0]LogMemory: Virtual Memory: 644.18 MB used,  3758.75 MB free, 134217728.00 MB total
[2017.04.23-12.22.37:486][  0]LogTextLocalizationManager: No specific translations for ('en-US') exist, so ('en') translations will be used.
[2017.04.23-12.22.38:224][  0]LogD3D11RHI: D3D11 adapters:
[2017.04.23-12.22.38:285][  0]LogD3D11RHI:    0. 'AMD Radeon HD 7600M Series' (Feature Level 11_0)
[2017.04.23-12.22.38:285][  0]LogD3D11RHI:       1004/0/3840 MB DedicatedVideo/DedicatedSystem/SharedSystem, Outputs:1, VendorId:0x1002
[2017.04.23-12.22.38:288][  0]LogD3D11RHI:    1. 'Intel(R) HD Graphics 4000' (Feature Level 11_0)
[2017.04.23-12.22.38:288][  0]LogD3D11RHI:       32/0/1760 MB DedicatedVideo/DedicatedSystem/SharedSystem, Outputs:0, VendorId:0x8086
[2017.04.23-12.22.38:290][  0]LogD3D11RHI:    2. 'Microsoft Basic Render Driver' (Feature Level 11_0)
[2017.04.23-12.22.38:290][  0]LogD3D11RHI:       0/0/4042 MB DedicatedVideo/DedicatedSystem/SharedSystem, Outputs:0, VendorId:0x1414
[2017.04.23-12.22.38:290][  0]LogD3D11RHI: Chosen D3D11 Adapter: 0
[2017.04.23-12.22.38:294][  0]LogD3D11RHI: Creating new Direct3DDevice
[2017.04.23-12.22.38:294][  0]LogD3D11RHI:     GPU DeviceId: 0x6840 (for the marketing name, search the web for "GPU Device Id")
[2017.04.23-12.22.38:294][  0]LogWindows: EnumDisplayDevices:
[2017.04.23-12.22.38:294][  0]LogWindows:    0. 'Intel(R) HD Graphics 4000' (P:1 D:1)
[2017.04.23-12.22.38:295][  0]LogWindows:    1. 'Intel(R) HD Graphics 4000' (P:0 D:0)
[2017.04.23-12.22.38:295][  0]LogWindows:    2. 'Intel(R) HD Graphics 4000' (P:0 D:0)
[2017.04.23-12.22.38:295][  0]LogWindows: DebugString: PrimaryIsNotTheChoosenAdapter PrimaryIsNotTheChoosenAdapter PrimaryIsNotTheChoosenAdapter FoundDriverCount:0 
[2017.04.23-12.22.38:295][  0]LogD3D11RHI:     Adapter Name: AMD Radeon HD 7600M Series
[2017.04.23-12.22.38:295][  0]LogD3D11RHI:   Driver Version: Unknown (internal:Unknown, unified:Unknown)
[2017.04.23-12.22.38:295][  0]LogD3D11RHI:      Driver Date: Unknown
[2017.04.23-12.22.38:295][  0]LogRHI: Texture pool is 702 MB (70% of 1004 MB)
[2017.04.23-12.22.38:304][  0]LogD3D11RHI: AMD Pre GCN architecture detected, some driver workarounds will be in place
[2017.04.23-12.22.38:311][  0]LogD3D11RHI: Async texture creation enabled
[2017.04.23-12.22.38:324][  0]LogD3D11RHI: GPU Timing Frequency: 27.000000 (Debug: 2 1)
[2017.04.23-12.22.38:325][  0]LogShaderCompilers: Guid format shader working directory is -34 characters bigger than the processId version (../../../../../../Users/Sarah/Documents/Unreal Projects/04_BattleTank/BattleTank/Intermediate/Shaders/WorkingDirectory/9076/).
[2017.04.23-12.22.38:325][  0]LogShaderCompilers: Cleaned the shader compiler working directory 'C:/Users/Sarah/AppData/Local/Temp/UnrealShaderWorkingDir/272A12894B0E121FCA9C9AA38729FDAF/'.
[2017.04.23-12.22.38:326][  0]LogShaderCompilers:Display: Using Local Shader Compiler.
[2017.04.23-12.22.39:709][  0]LogTemp:Display: Loaded TP AllDesktopTargetPlatform
[2017.04.23-12.22.39:787][  0]LogTemp:Display: Loaded TP MacClientTargetPlatform
[2017.04.23-12.22.39:864][  0]LogTemp:Display: Loaded TP MacNoEditorTargetPlatform
[2017.04.23-12.22.39:941][  0]LogTemp:Display: Loaded TP MacServerTargetPlatform
[2017.04.23-12.22.40:019][  0]LogTemp:Display: Loaded TP MacTargetPlatform
[2017.04.23-12.22.40:095][  0]LogTemp:Display: Loaded TP WindowsClientTargetPlatform
[2017.04.23-12.22.40:171][  0]LogTemp:Display: Loaded TP WindowsNoEditorTargetPlatform
[2017.04.23-12.22.40:248][  0]LogTemp:Display: Loaded TP WindowsServerTargetPlatform
[2017.04.23-12.22.40:310][  0]LogTemp:Display: Loaded TP WindowsTargetPlatform
[2017.04.23-12.22.40:385][  0]LogTemp:Display: Loaded TP AndroidTargetPlatform
[2017.04.23-12.22.40:459][  0]LogTemp:Display: Loaded TP Android_ASTCTargetPlatform
[2017.04.23-12.22.40:534][  0]LogTemp:Display: Loaded TP Android_ATCTargetPlatform
[2017.04.23-12.22.40:608][  0]LogTemp:Display: Loaded TP Android_DXTTargetPlatform
[2017.04.23-12.22.40:684][  0]LogTemp:Display: Loaded TP Android_ETC1TargetPlatform
[2017.04.23-12.22.40:758][  0]LogTemp:Display: Loaded TP Android_ETC2TargetPlatform
[2017.04.23-12.22.40:908][  0]LogTemp:Display: Loaded TP Android_MultiTargetPlatform
[2017.04.23-12.22.40:908][  0]LogTemp:Display: Loaded TP Android_PVRTCTargetPlatform
[2017.04.23-12.22.40:960][  0]LogTemp:Display: Loaded TP HTML5TargetPlatform
[2017.04.23-12.22.41:087][  0]LogTemp:Display: Loaded TP IOSTargetPlatform
[2017.04.23-12.22.41:136][  0]LogTemp:Display: Loaded TP TVOSTargetPlatform
[2017.04.23-12.22.41:209][  0]LogTemp:Display: Loaded TP LinuxClientTargetPlatform
[2017.04.23-12.22.41:283][  0]LogTemp:Display: Loaded TP LinuxNoEditorTargetPlatform
[2017.04.23-12.22.41:362][  0]LogTemp:Display: Loaded TP LinuxServerTargetPlatform
[2017.04.23-12.22.41:440][  0]LogTemp:Display: Loaded TP LinuxTargetPlatform
[2017.04.23-12.22.41:440][  0]LogTargetPlatformManager:Display: Building Assets For Windows
[2017.04.23-12.22.42:078][  0]LogDerivedDataCache:Display: Max Cache Size: 512 MB
[2017.04.23-12.22.42:136][  0]LogDerivedDataCache: Loaded boot cache 0.06s 50MB C:/Users/Sarah/AppData/Local/UnrealEngine/4.15/DerivedDataCache/Boot.ddc.
[2017.04.23-12.22.42:136][  0]LogDerivedDataCache:Display: Loaded Boot cache: C:/Users/Sarah/AppData/Local/UnrealEngine/4.15/DerivedDataCache/Boot.ddc
[2017.04.23-12.22.42:136][  0]LogDerivedDataCache: FDerivedDataBackendGraph:  Pak pak cache file ../../../../../../Users/Sarah/Documents/Unreal Projects/04_BattleTank/BattleTank/DerivedDataCache/DDC.ddp not found, will not use a pak cache.
[2017.04.23-12.22.42:136][  0]LogDerivedDataCache: Unable to find inner node Pak for hierarchical cache Hierarchy.
[2017.04.23-12.22.42:136][  0]LogDerivedDataCache: FDerivedDataBackendGraph:  CompressedPak pak cache file ../../../../../../Users/Sarah/Documents/Unreal Projects/04_BattleTank/BattleTank/DerivedDataCache/Compressed.ddp not found, will not use a pak cache.
[2017.04.23-12.22.42:136][  0]LogDerivedDataCache: Unable to find inner node CompressedPak for hierarchical cache Hierarchy.
[2017.04.23-12.22.42:159][  0]LogDerivedDataCache:Display: Pak cache opened for reading ../../../Engine/DerivedDataCache/Compressed.ddp.
[2017.04.23-12.22.42:171][  0]LogDerivedDataCache: Using Local data cache path C:/Users/Sarah/AppData/Local/UnrealEngine/Common/DerivedDataCache: Writable
[2017.04.23-12.22.42:182][  0]LogSlate: Using Freetype 2.6.0
[2017.04.23-12.22.42:183][  0]LogSlate: SlateFontCache - WITH_FREETYPE: 1, WITH_HARFBUZZ: 1
[2017.04.23-12.22.42:183][  0]LogSlate: SlateFontCache - WITH_FREETYPE: 1, WITH_HARFBUZZ: 1
[2017.04.23-12.22.42:535][  0]LogInit: Selected Device Profile: [Windows]
[2017.04.23-12.22.42:539][  0]LogContentStreaming: Texture pool size is 0.00 MB
[2017.04.23-12.22.42:818][  0]LogMeshUtilities: Using QuadricMeshReduction for automatic static mesh reduction
[2017.04.23-12.22.42:877][  0]LogSimplygon: Simplygon DLL not present - disabling.
[2017.04.23-12.22.42:946][  0]LogMeshUtilities: Using SimplygonSwarm for distributed automatic mesh merging
[2017.04.23-12.22.42:946][  0]LogMeshUtilities: No automatic skeletal mesh reduction module available
[2017.04.23-12.22.42:946][  0]LogMeshUtilities: No automatic mesh merging module available
[2017.04.23-12.22.43:666][  0]LogNetVersion: GetLocalNetworkVersion: CL: 3299760, ProjectName: battletank, ProjectVersion: , EngineNetworkVersion: 2, GameNetworkVersion: 0, NetworkChecksum: 2512795372
[2017.04.23-12.22.43:721][  0]LogAssetRegistry: FAssetRegistry took 0.0219 seconds to start up
[2017.04.23-12.22.43:788][  0]LogPackageLocalizationCache: Processed 3 localized package path(s) for 2 prioritized culture(s) in 0.034116 seconds
[2017.04.23-12.22.43:794][  0]LogUObjectArray: 32475 objects as part of root set at end of initial load.
[2017.04.23-12.22.43:794][  0]LogUObjectAllocator: 7073368 out of 0 bytes used by permanent object pool.
[2017.04.23-12.22.43:794][  0]LogUObjectArray: CloseDisregardForGC: 0/0 objects in disregard for GC pool
[2017.04.23-12.22.43:885][  0]LogInit: WinSock: version 1.1 (2.2), MaxSocks=32767, MaxUdp=65467
[2017.04.23-12.22.46:025][  0]LogTcpMessaging: Initializing TcpMessaging bridge
[2017.04.23-12.22.46:083][  0]LogUdpMessaging: Initializing bridge on interface 0.0.0.0:0 to multicast group 230.0.0.1:6666.
[2017.04.23-12.22.46:787][  0]LogMaterial: Uniform references updated for custom material expression Custom.
[2017.04.23-12.22.47:332][  0]SourceControl: Info Source control is disabled
[2017.04.23-12.22.47:367][  0]SourceControl: Info Source control is disabled
[2017.04.23-12.22.47:440][  0]SourceControl: Info Source control is disabled
[2017.04.23-12.22.47:510][  0]SourceControl: Info Source control is disabled
[2017.04.23-12.22.49:349][  0]LogEngine: Initializing Engine...
[2017.04.23-12.22.49:350][  0]LogHMD: Failed to initialize OpenVR with code 110
[2017.04.23-12.22.49:657][  0]LogAIModule: Creating AISystem for world Untitled
[2017.04.23-12.22.49:666][  0]LogInit: XAudio2 using 'Speakers (2- High Definition Audio Device)' : 2 channels at 44.1 kHz using 16 bits per sample (channel mask 0x3)
[2017.04.23-12.22.49:685][  0]LogInit: FAudioDevice initialized.
[2017.04.23-12.22.49:716][  0]LogDerivedDataCache: Saved boot cache 0.03s 50MB C:/Users/Sarah/AppData/Local/UnrealEngine/4.15/DerivedDataCache/Boot.ddc.
[2017.04.23-12.22.49:725][  0]LogInit: Texture streaming: Enabled
[2017.04.23-12.22.49:857][  0]LogEngineSessionManager: EngineSessionManager initialized
[2017.04.23-12.22.49:976][  0]LogInit: Transaction tracking system initialized
[2017.04.23-12.22.50:494][  0]BlueprintLog: New page: Editor Load
[2017.04.23-12.22.51:746][  0]LocalizationService: Info Localization service is disabled
[2017.04.23-12.22.52:924][  0]LogConsoleResponse:Display: 
[2017.04.23-12.22.53:107][  0]LogCook:Display: Max memory allowance for cook 16384mb min free memory 0mb
[2017.04.23-12.22.53:107][  0]LogCook:Display: Mobile HDR setting 1
[2017.04.23-12.22.54:091][  0]LogFileCache: Scanning file cache for directory 'C:/Users/Sarah/Documents/Unreal Projects/04_BattleTank/BattleTank/Content/' took 0.01s
[2017.04.23-12.22.54:638][  0]SourceControl: Info Source control is disabled
[2017.04.23-12.22.54:638][  0]Cmd: MAP LOAD FILE="../../../../../../Users/Sarah/Documents/Unreal Projects/04_BattleTank/BattleTank/Content/Levels/BattleGround.umap" TEMPLATE=0 SHOWPROGRESS=1 FEATURELEVEL=3
[2017.04.23-12.22.54:639][  0]LightingResults: New page: Lighting Build
[2017.04.23-12.22.54:695][  0]MapCheck: New page: Map Check
[2017.04.23-12.22.54:695][  0]LightingResults: New page: Lighting Build
[2017.04.23-12.22.55:142][  0]LogAIModule: Creating AISystem for world BattleGround
[2017.04.23-12.22.55:175][  0]LogEditorServer: Finished looking for orphan Actors (0.000 secs)
[2017.04.23-12.22.55:175][  0]Cmd: MAP CHECKDEP NOCLEARLOG
[2017.04.23-12.22.55:232][  0]MapCheck: Info Map check complete: 0 Error(s), 0 Warning(s), took 56.056ms to complete.
[2017.04.23-12.22.55:232][  0]LogFileHelpers: Loading map 'BattleGround' took 0.594
[2017.04.23-12.22.55:459][  0]LogCollectionManager: Loaded 1 collections in 0.002309 seconds
[2017.04.23-12.22.55:554][  0]LogFileCache: Scanning file cache for directory 'C:/Users/Sarah/Documents/Unreal Projects/04_BattleTank/BattleTank/Saved/Collections/' took 0.01s
[2017.04.23-12.22.55:554][  0]LogFileCache: Scanning file cache for directory 'C:/Users/Sarah/Documents/Unreal Projects/04_BattleTank/BattleTank/Content/Developers/Sarah/Collections/' took 0.01s
[2017.04.23-12.22.55:554][  0]LogFileCache: Scanning file cache for directory 'C:/Users/Sarah/Documents/Unreal Projects/04_BattleTank/BattleTank/Content/Collections/' took 0.01s
[2017.04.23-12.22.55:554][  0]LogCollectionManager: Rebuilt the GUID cache for 1 collections in 0.000005 seconds
[2017.04.23-12.22.55:554][  0]LogCollectionManager: Rebuilt the hierarchy cache for 1 collections in 0.000000 seconds
[2017.04.23-12.22.55:569][  0]LogContentBrowser: Native class hierarchy populated in 0.0142 seconds. Added 2251 classes and 453 folders.
[2017.04.23-12.22.55:573][  0]LogStats: UGameplayTagsManager::ConstructGameplayTagTree: Construct from data asset -  0.000 s
[2017.04.23-12.22.55:573][  0]LogStats: UGameplayTagsManager::ConstructGameplayTagTree: GameplayTagTreeChangedEvent.Broadcast -  0.000 s
[2017.04.23-12.22.55:660][  0]LogContentBrowser: Native class hierarchy updated for 'WidgetCarousel' in 0.0035 seconds. Added 0 classes and 0 folders.
[2017.04.23-12.22.55:713][  0]LogContentBrowser: Native class hierarchy updated for 'AddContentDialog' in 0.0033 seconds. Added 0 classes and 0 folders.
[2017.04.23-12.22.55:775][  0]LogContentBrowser: Native class hierarchy updated for 'SceneOutliner' in 0.0036 seconds. Added 1 classes and 2 folders.
[2017.04.23-12.22.55:839][  0]LogCrashTracker: Crashtracker disabled due to settings.
[2017.04.23-12.22.55:845][  0]LogUObjectGlobals:Warning: Failed to find object 'Class None.'
[2017.04.23-12.22.55:932][  0]LogContentBrowser: Native class hierarchy updated for 'HierarchicalLODOutliner' in 0.0036 seconds. Added 1 classes and 2 folders.
[2017.04.23-12.22.55:933][  0]LogLoad: (Engine Initialization) Total time: 21.69 seconds
[2017.04.23-12.22.55:933][  0]LogLoad: (Engine Initialization) Total Blueprint compile time: 0.16 seconds
[2017.04.23-12.22.55:933][  0]LogExternalProfiler: No external profilers were discovered.  External profiling features will not be available.
[2017.04.23-12.22.56:273][  0]LogOcInput: OculusInput pre-init called
[2017.04.23-12.22.56:295][  0]LogContentStreaming: Texture pool size now 600 MB
[2017.04.23-12.22.56:297][  0]LogSlate: Took 0.000272 seconds to synchronously load lazily loaded font '../../../Engine/Content/Slate/Fonts/Roboto-Regular.ttf' (155K)
[2017.04.23-12.22.56:301][  0]LogSlate: Took 0.000234 seconds to synchronously load lazily loaded font '../../../Engine/Content/Slate/Fonts/Roboto-Bold.ttf' (160K)
[2017.04.23-12.22.56:309][  0]LogSlate: Took 0.000428 seconds to synchronously load lazily loaded font '../../../Engine/Content/Editor/Slate/Fonts/FontAwesome.ttf' (139K)
[2017.04.23-12.22.56:309][  0]LogSlate: Took 0.000213 seconds to synchronously load lazily loaded font '../../../Engine/Content/Editor/Slate/Fonts/DroidSansMono.ttf' (77K)
[2017.04.23-12.22.56:622][  1]LogRenderer: Reallocating scene render targets to support 1020x580 NumSamples 1 (Frame:2).
[2017.04.23-12.22.56:622][  1]LogAssetRegistry: Asset discovery search completed in 12.9227 seconds
[2017.04.23-12.22.56:623][  1]LogCollectionManager: Rebuilt the object cache for 1 collections in 0.000023 seconds (found 0 objects)
[2017.04.23-12.22.56:623][  1]LogCollectionManager: Fixed up redirectors for 1 collections in 0.000188 seconds (updated 0 objects)
[2017.04.23-12.23.04:502][148]LogSlate: Took 0.000246 seconds to synchronously load lazily loaded font '../../../Engine/Content/Slate/Fonts/Roboto-Light.ttf' (159K)
[2017.04.23-12.23.05:203][148]LogContentBrowser: Native class hierarchy updated for 'BlueprintGraph' in 0.0043 seconds. Added 112 classes and 0 folders.
[2017.04.23-12.23.06:241][148]LogSlate: Took 0.008466 seconds to synchronously load lazily loaded font '../../../Engine/Content/Editor/Slate/Fonts/Roboto-BoldCondensed.ttf' (158K)
[2017.04.23-12.23.06:339][149]LogSlate: Took 0.009539 seconds to synchronously load lazily loaded font '../../../Engine/Content/Editor/Slate/Fonts/Roboto-Italic.ttf' (157K)
[2017.04.23-12.23.17:928][463]BlueprintLog: New page: Compile Tank_BP
[2017.04.23-12.23.18:709][478]Cmd: OBJ SAVEPACKAGE PACKAGE="/Game/Tank/Tank_BP" FILE="../../../../../../Users/Sarah/Documents/Unreal Projects/04_BattleTank/BattleTank/Content/Tank/Tank_BP.uasset" SILENT=true
[2017.04.23-12.23.18:768][478]LogSavePackage: Save=39.21ms
[2017.04.23-12.23.18:768][478]LogSavePackage: Moving '../../../../../../Users/Sarah/Documents/Unreal Projects/04_BattleTank/BattleTank/Saved/Tank_BPEA83466C4D402A43AA50F1BC3DD4A3B6.tmp' to '../../../../../../Users/Sarah/Documents/Unreal Projects/04_BattleTank/BattleTank/Content/Tank/Tank_BP.uasset'
[2017.04.23-12.23.18:775][478]LogSavePackage:Display: Finished SavePackage ../../../../../../Users/Sarah/Documents/Unreal Projects/04_BattleTank/BattleTank/Content/Tank/Tank_BP.uasset
[2017.04.23-12.23.20:905][536]LogTemp: Repeting last play command: Selected Viewport
[2017.04.23-12.23.20:934][536]LogBlueprintUserMessages: Early PlayInEditor Detection: Level '/Game/Levels/BattleGround.BattleGround:PersistentLevel' has LevelScriptBlueprint '/Game/Levels/BattleGround.BattleGround:PersistentLevel.BattleGround' with GeneratedClass '/Game/Levels/BattleGround.BattleGround_C' with ClassGeneratedBy '/Game/Levels/BattleGround.BattleGround:PersistentLevel.BattleGround'
[2017.04.23-12.23.20:935][536]LogPlayLevel: PlayLevel: No blueprints needed recompiling
[2017.04.23-12.23.20:935][536]PIE: New page: PIE session: BattleGround (Apr 23, 2017, 2:23:20 PM)
[2017.04.23-12.23.20:936][536]LogPlayLevel: Creating play world package: /Game/Levels/UEDPIE_0_BattleGround
[2017.04.23-12.23.20:950][536]LogPlayLevel: PIE: StaticDuplicateObject took: (0.014478s)
[2017.04.23-12.23.20:951][536]LogAIModule: Creating AISystem for world BattleGround
[2017.04.23-12.23.20:952][536]LogPlayLevel: PIE: World Init took: (0.001081s)
[2017.04.23-12.23.20:952][536]LogPlayLevel: PIE: Created PIE world by copying editor world from /Game/Levels/BattleGround.BattleGround to /Game/Levels/UEDPIE_0_BattleGround.BattleGround (0.016262s)
[2017.04.23-12.23.20:973][536]LogInit: XAudio2 using 'Speakers (2- High Definition Audio Device)' : 2 channels at 44.1 kHz using 16 bits per sample (channel mask 0x3)
[2017.04.23-12.23.20:980][536]LogInit: FAudioDevice initialized.
[2017.04.23-12.23.21:027][536]LogLoad: Game class is 'BattleTankGameMode_BP_C'
[2017.04.23-12.23.21:034][536]LogWorld: Bringing World /Game/Levels/UEDPIE_0_BattleGround.BattleGround up for play (max tick rate 60) at 2017.04.23-13.23.21
[2017.04.23-12.23.21:035][536]LogWorld: Bringing up level for play took: 0.006061
[2017.04.23-12.23.21:094][536]LogContentBrowser: Native class hierarchy updated for 'MovieSceneCapture' in 0.0036 seconds. Added 11 classes and 0 folders.
[2017.04.23-12.23.21:096][536]LogTemp:Warning: AI Tank name: Tank_BP2 is targetting player tank: Tank_BP_C_0
[2017.04.23-12.23.21:096][536]LogTemp:Warning: AI Tank name: Tank_BP_540 is targetting player tank: Tank_BP_C_0
[2017.04.23-12.23.21:096][536]LogTemp:Warning: AI Tank name: Tank_BP3 is targetting player tank: Tank_BP_C_0
[2017.04.23-12.23.21:097][536]LogTemp:Warning: AI Tank name: Tank_BP4_1033 is targetting player tank: Tank_BP_C_0
[2017.04.23-12.23.21:097][536]LogTemp:Warning: Tank_BP_C_0 has possessed by Player
[2017.04.23-12.23.21:097][536]PIE: Info Play in editor start time for /Game/Levels/UEDPIE_0_BattleGround 1.094
[2017.04.23-12.23.21:098][536]LogBlueprintUserMessages: Late PlayInEditor Detection: Level '/Game/Levels/BattleGround.BattleGround:PersistentLevel' has LevelScriptBlueprint '/Game/Levels/BattleGround.BattleGround:PersistentLevel.BattleGround' with GeneratedClass '/Game/Levels/BattleGround.BattleGround_C' with ClassGeneratedBy '/Game/Levels/BattleGround.BattleGround:PersistentLevel.BattleGround'
[2017.04.23-12.23.36:123][228]LogBlueprintUserMessages: Early EndPlayMap Detection: Level '/Game/Levels/BattleGround.BattleGround:PersistentLevel' has LevelScriptBlueprint '/Game/Levels/BattleGround.BattleGround:PersistentLevel.BattleGround' with GeneratedClass '/Game/Levels/BattleGround.BattleGround_C' with ClassGeneratedBy '/Game/Levels/BattleGround.BattleGround:PersistentLevel.BattleGround'
[2017.04.23-12.23.36:183][228]LogBlueprintUserMessages: Late EndPlayMap Detection: Level '/Game/Levels/BattleGround.BattleGround:PersistentLevel' has LevelScriptBlueprint '/Game/Levels/BattleGround.BattleGround:PersistentLevel.BattleGround' with GeneratedClass '/Game/Levels/BattleGround.BattleGround_C' with ClassGeneratedBy '/Game/Levels/BattleGround.BattleGround:PersistentLevel.BattleGround'
[2017.04.23-12.23.42:043][301]Recompiling BattleTank...
[2017.04.23-12.23.42:044][301]Launching UnrealBuildTool... [C:/Program Files/Epic Games/UE_4.15/Engine/Binaries/DotNET/UnrealBuildTool.exe BattleTank -ModuleWithSuffix BattleTank 5494 Win64 Development -editorrecompile -canskiplink "C:/Users/Sarah/Documents/Unreal Projects/04_BattleTank/BattleTank/BattleTank.uproject" ]
[2017.04.23-12.23.42:046][301]Warning: Starting HotReload took  0.0s.
[2017.04.23-12.23.50:104][551]CompilerResultsLog: New page: Compilation - Apr 23, 2017, 2:23:50 PM
[2017.04.23-12.23.50:104][551]CompilerResultsLog: Info Creating makefile for hot reloading BattleTank (modules to compile have changed)
[2017.04.23-12.23.50:104][551]CompilerResultsLog: Info Compiling game modules for hot reload
[2017.04.23-12.23.50:105][551]CompilerResultsLog: Info Performing 3 actions (4 in parallel)
[2017.04.23-12.23.50:105][551]CompilerResultsLog: Info TankBarrel.cpp
[2017.04.23-12.23.50:105][551]CompilerResultsLog: Info [2/3] Link UE4Editor-BattleTank-5494.dll
[2017.04.23-12.23.50:105][551]CompilerResultsLog: Info [3/3] Link UE4Editor-BattleTank-5494.lib
[2017.04.23-12.23.50:105][551]CompilerResultsLog: Info    Creating library C:\Users\Sarah\Documents\Unreal Projects\04_BattleTank\BattleTank\Intermediate\Build\Win64\UE4Editor\Development\UE4Editor-BattleTank-5494.lib and object C:\Users\Sarah\Documents\Unreal Projects\04_BattleTank\BattleTank\Intermediate\Build\Win64\UE4Editor\Development\UE4Editor-BattleTank-5494.exp
[2017.04.23-12.23.50:106][551]CompilerResultsLog: Info    Creating library C:\Users\Sarah\Documents\Unreal Projects\04_BattleTank\BattleTank\Intermediate\Build\Win64\UE4Editor\Development\UE4Editor-BattleTank-5494.suppressed.lib and object C:\Users\Sarah\Documents\Unreal Projects\04_BattleTank\BattleTank\Intermediate\Build\Win64\UE4Editor\Development\UE4Editor-BattleTank-5494.suppressed.exp
[2017.04.23-12.23.50:106][551]CompilerResultsLog: Info Total build time: 7.70 seconds (Local executor: 2.68 seconds)
[2017.04.23-12.23.50:106][551]LogMainFrame: MainFrame: Module compiling took 8.073 seconds
[2017.04.23-12.23.50:231][551]LogContentBrowser: Native class hierarchy updated for 'BattleTank' in 0.0037 seconds. Added 7 classes and 3 folders.
[2017.04.23-12.23.50:233][551]Display: HotReload successful (1 functions remapped  0 scriptstructs remapped)
[2017.04.23-12.23.50:680][551]LogContentBrowser: Native class hierarchy populated in 0.0153 seconds. Added 2253 classes and 457 folders.
[2017.04.23-12.23.50:681][551]Display: HotReload took  8.7s.
[2017.04.23-12.23.54:697][676]LogTemp: Repeting last play command: Selected Viewport
[2017.04.23-12.23.54:719][676]LogBlueprintUserMessages: Early PlayInEditor Detection: Level '/Game/Levels/BattleGround.BattleGround:PersistentLevel' has LevelScriptBlueprint '/Game/Levels/BattleGround.BattleGround:PersistentLevel.BattleGround' with GeneratedClass '/Game/Levels/BattleGround.BattleGround_C' with ClassGeneratedBy '/Game/Levels/BattleGround.BattleGround:PersistentLevel.BattleGround'
[2017.04.23-12.23.54:719][676]LogPlayLevel: PlayLevel: No blueprints needed recompiling
[2017.04.23-12.23.54:720][676]PIE: New page: PIE session: BattleGround (Apr 23, 2017, 2:23:54 PM)
[2017.04.23-12.23.54:720][676]LogPlayLevel: Creating play world package: /Game/Levels/UEDPIE_0_BattleGround
[2017.04.23-12.23.54:734][676]LogPlayLevel: PIE: StaticDuplicateObject took: (0.013839s)
[2017.04.23-12.23.54:735][676]LogAIModule: Creating AISystem for world BattleGround
[2017.04.23-12.23.54:735][676]LogPlayLevel: PIE: World Init took: (0.001036s)
[2017.04.23-12.23.54:735][676]LogPlayLevel: PIE: Created PIE world by copying editor world from /Game/Levels/BattleGround.BattleGround to /Game/Levels/UEDPIE_0_BattleGround.BattleGround (0.015608s)
[2017.04.23-12.23.54:806][676]LogInit: XAudio2 using 'Speakers (2- High Definition Audio Device)' : 2 channels at 44.1 kHz using 16 bits per sample (channel mask 0x3)
[2017.04.23-12.23.54:817][676]LogInit: FAudioDevice initialized.
[2017.04.23-12.23.54:849][676]LogLoad: Game class is 'BattleTankGameMode_BP_C'
[2017.04.23-12.23.54:855][676]LogWorld: Bringing World /Game/Levels/UEDPIE_0_BattleGround.BattleGround up for play (max tick rate 60) at 2017.04.23-13.23.54
[2017.04.23-12.23.54:857][676]LogWorld: Bringing up level for play took: 0.005978
[2017.04.23-12.23.54:859][676]LogTemp:Warning: AI Tank name: Tank_BP3 is targetting player tank: Tank_BP_C_0
[2017.04.23-12.23.54:859][676]LogTemp:Warning: AI Tank name: Tank_BP2 is targetting player tank: Tank_BP_C_0
[2017.04.23-12.23.54:859][676]LogTemp:Warning: AI Tank name: Tank_BP_540 is targetting player tank: Tank_BP_C_0
[2017.04.23-12.23.54:859][676]LogTemp:Warning: AI Tank name: Tank_BP4_1033 is targetting player tank: Tank_BP_C_0
[2017.04.23-12.23.54:860][676]LogTemp:Warning: Tank_BP_C_0 has possessed by Player
[2017.04.23-12.23.54:860][676]PIE: Info Play in editor start time for /Game/Levels/UEDPIE_0_BattleGround 0.856
[2017.04.23-12.23.54:861][676]LogBlueprintUserMessages: Late PlayInEditor Detection: Level '/Game/Levels/BattleGround.BattleGround:PersistentLevel' has LevelScriptBlueprint '/Game/Levels/BattleGround.BattleGround:PersistentLevel.BattleGround' with GeneratedClass '/Game/Levels/BattleGround.BattleGround_C' with ClassGeneratedBy '/Game/Levels/BattleGround.BattleGround:PersistentLevel.BattleGround'
[2017.04.23-12.23.57:719][793]LogBlueprintUserMessages: Early EndPlayMap Detection: Level '/Game/Levels/BattleGround.BattleGround:PersistentLevel' has LevelScriptBlueprint '/Game/Levels/BattleGround.BattleGround:PersistentLevel.BattleGround' with GeneratedClass '/Game/Levels/BattleGround.BattleGround_C' with ClassGeneratedBy '/Game/Levels/BattleGround.BattleGround:PersistentLevel.BattleGround'
[2017.04.23-12.23.57:771][793]LogBlueprintUserMessages: Late EndPlayMap Detection: Level '/Game/Levels/BattleGround.BattleGround:PersistentLevel' has LevelScriptBlueprint '/Game/Levels/BattleGround.BattleGround:PersistentLevel.BattleGround' with GeneratedClass '/Game/Levels/BattleGround.BattleGround_C' with ClassGeneratedBy '/Game/Levels/BattleGround.BattleGround:PersistentLevel.BattleGround'
[2017.04.23-12.24.13:315][214]LogRenderer: Reallocating scene render targets to support 1280x712 NumSamples 1 (Frame:2136).
[2017.04.23-12.24.31:145][497]LogSavePackage: Save=310.73ms
[2017.04.23-12.24.31:145][497]LogSavePackage: Moving '../../../../../../Users/Sarah/Documents/Unreal Projects/04_BattleTank/BattleTank/Saved/BattleGroundBACF8ECA430AD720EAE15F929D629D50.tmp' to '../../../../../../Users/Sarah/Documents/Unreal Projects/04_BattleTank/BattleTank/Content/Levels/BattleGround.umap'
[2017.04.23-12.24.31:150][497]LogSavePackage:Display: Finished SavePackage ../../../../../../Users/Sarah/Documents/Unreal Projects/04_BattleTank/BattleTank/Content/Levels/BattleGround.umap
[2017.04.23-12.24.31:190][497]LogFileHelpers: Saving map 'BattleGround' took 0.456
[2017.04.23-12.24.31:214][497]Cmd: OBJ SAVEPACKAGE PACKAGE="/Game/Tank/Tank_BP" FILE="../../../../../../Users/Sarah/Documents/Unreal Projects/04_BattleTank/BattleTank/Content/Tank/Tank_BP.uasset" SILENT=true
[2017.04.23-12.24.31:265][497]LogSavePackage: Save=37.90ms
[2017.04.23-12.24.31:265][497]LogSavePackage: Moving '../../../../../../Users/Sarah/Documents/Unreal Projects/04_BattleTank/BattleTank/Saved/Tank_BP0AF51D5D44EF0980BB769E9FD41C6E28.tmp' to '../../../../../../Users/Sarah/Documents/Unreal Projects/04_BattleTank/BattleTank/Content/Tank/Tank_BP.uasset'
[2017.04.23-12.24.31:269][497]LogSavePackage:Display: Finished SavePackage ../../../../../../Users/Sarah/Documents/Unreal Projects/04_BattleTank/BattleTank/Content/Tank/Tank_BP.uasset
[2017.04.23-12.24.31:900][509]BlueprintLog: New page: Compile Tank_BP
[2017.04.23-12.24.32:749][519]Cmd: OBJ SAVEPACKAGE PACKAGE="/Game/Tank/Tank_BP" FILE="../../../../../../Users/Sarah/Documents/Unreal Projects/04_BattleTank/BattleTank/Content/Tank/Tank_BP.uasset" SILENT=true
[2017.04.23-12.24.32:800][519]LogSavePackage: Save=38.32ms
[2017.04.23-12.24.32:800][519]LogSavePackage: Moving '../../../../../../Users/Sarah/Documents/Unreal Projects/04_BattleTank/BattleTank/Saved/Tank_BPD190B579475C916684372996087DCE60.tmp' to '../../../../../../Users/Sarah/Documents/Unreal Projects/04_BattleTank/BattleTank/Content/Tank/Tank_BP.uasset'
[2017.04.23-12.24.32:802][519]LogSavePackage:Display: Finished SavePackage ../../../../../../Users/Sarah/Documents/Unreal Projects/04_BattleTank/BattleTank/Content/Tank/Tank_BP.uasset
[2017.04.23-12.24.35:439][555]LogSavePackage: Save=278.51ms
[2017.04.23-12.24.35:439][555]LogSavePackage: Moving '../../../../../../Users/Sarah/Documents/Unreal Projects/04_BattleTank/BattleTank/Saved/BattleGround119D652C4BB1CBEBE33DE49B767A1559.tmp' to '../../../../../../Users/Sarah/Documents/Unreal Projects/04_BattleTank/BattleTank/Content/Levels/BattleGround.umap'
[2017.04.23-12.24.35:443][555]LogSavePackage:Display: Finished SavePackage ../../../../../../Users/Sarah/Documents/Unreal Projects/04_BattleTank/BattleTank/Content/Levels/BattleGround.umap
[2017.04.23-12.24.35:488][555]LogFileHelpers: Saving map 'BattleGround' took 0.420
[2017.04.23-12.24.46:654][761]Recompiling BattleTank...
[2017.04.23-12.24.46:655][761]Launching UnrealBuildTool... [C:/Program Files/Epic Games/UE_4.15/Engine/Binaries/DotNET/UnrealBuildTool.exe BattleTank -ModuleWithSuffix BattleTank 270 Win64 Development -editorrecompile -canskiplink "C:/Users/Sarah/Documents/Unreal Projects/04_BattleTank/BattleTank/BattleTank.uproject" ]
[2017.04.23-12.24.46:657][761]Warning: Starting HotReload took  0.0s.
[2017.04.23-12.24.47:831][794]CompilerResultsLog: New page: Compilation - Apr 23, 2017, 2:24:47 PM
[2017.04.23-12.24.47:831][794]CompilerResultsLog: Info Compiling game modules for hot reload
[2017.04.23-12.24.47:831][794]CompilerResultsLog: Info Target is up to date
[2017.04.23-12.24.47:831][794]CompilerResultsLog: Info Total build time: 0.85 seconds (NoActionsToExecute executor: 0.00 seconds)
[2017.04.23-12.24.47:831][794]LogMainFrame: MainFrame: Module compiling took 1.205 seconds
[2017.04.23-12.24.48:238][794]LogContentBrowser: Native class hierarchy populated in 0.0154 seconds. Added 2253 classes and 457 folders.
[2017.04.23-12.24.48:238][794]Display: HotReload took  1.6s.
[2017.04.23-12.24.51:527][885]LogTemp: Repeting last play command: Selected Viewport
[2017.04.23-12.24.51:553][885]LogBlueprintUserMessages: Early PlayInEditor Detection: Level '/Game/Levels/BattleGround.BattleGround:PersistentLevel' has LevelScriptBlueprint '/Game/Levels/BattleGround.BattleGround:PersistentLevel.BattleGround' with GeneratedClass '/Game/Levels/BattleGround.BattleGround_C' with ClassGeneratedBy '/Game/Levels/BattleGround.BattleGround:PersistentLevel.BattleGround'
[2017.04.23-12.24.51:554][885]LogPlayLevel: PlayLevel: No blueprints needed recompiling
[2017.04.23-12.24.51:554][885]PIE: New page: PIE session: BattleGround (Apr 23, 2017, 2:24:51 PM)
[2017.04.23-12.24.51:554][885]LogPlayLevel: Creating play world package: /Game/Levels/UEDPIE_0_BattleGround
[2017.04.23-12.24.51:568][885]LogPlayLevel: PIE: StaticDuplicateObject took: (0.013642s)
[2017.04.23-12.24.51:569][885]LogAIModule: Creating AISystem for world BattleGround
[2017.04.23-12.24.51:569][885]LogPlayLevel: PIE: World Init took: (0.001159s)
[2017.04.23-12.24.51:570][885]LogPlayLevel: PIE: Created PIE world by copying editor world from /Game/Levels/BattleGround.BattleGround to /Game/Levels/UEDPIE_0_BattleGround.BattleGround (0.015590s)
[2017.04.23-12.24.51:636][885]LogInit: XAudio2 using 'Speakers (2- High Definition Audio Device)' : 2 channels at 44.1 kHz using 16 bits per sample (channel mask 0x3)
[2017.04.23-12.24.51:645][885]LogInit: FAudioDevice initialized.
[2017.04.23-12.24.51:680][885]LogLoad: Game class is 'BattleTankGameMode_BP_C'
[2017.04.23-12.24.51:686][885]LogWorld: Bringing World /Game/Levels/UEDPIE_0_BattleGround.BattleGround up for play (max tick rate 60) at 2017.04.23-13.24.51
[2017.04.23-12.24.51:687][885]LogWorld: Bringing up level for play took: 0.005866
[2017.04.23-12.24.51:689][885]LogTemp:Warning: AI Tank name: Tank_BP3 is targetting player tank: Tank_BP_C_0
[2017.04.23-12.24.51:690][885]LogTemp:Warning: AI Tank name: Tank_BP2 is targetting player tank: Tank_BP_C_0
[2017.04.23-12.24.51:690][885]LogTemp:Warning: AI Tank name: Tank_BP_540 is targetting player tank: Tank_BP_C_0
[2017.04.23-12.24.51:690][885]LogTemp:Warning: AI Tank name: Tank_BP4_1033 is targetting player tank: Tank_BP_C_0
[2017.04.23-12.24.51:695][885]LogTemp:Warning: Tank_BP_C_0 has possessed by Player
[2017.04.23-12.24.51:695][885]PIE: Info Play in editor start time for /Game/Levels/UEDPIE_0_BattleGround -0.309
[2017.04.23-12.24.51:696][885]LogBlueprintUserMessages: Late PlayInEditor Detection: Level '/Game/Levels/BattleGround.BattleGround:PersistentLevel' has LevelScriptBlueprint '/Game/Levels/BattleGround.BattleGround:PersistentLevel.BattleGround' with GeneratedClass '/Game/Levels/BattleGround.BattleGround_C' with ClassGeneratedBy '/Game/Levels/BattleGround.BattleGround:PersistentLevel.BattleGround'
[2017.04.23-12.24.54:445][996]LogBlueprintUserMessages: Early EndPlayMap Detection: Level '/Game/Levels/BattleGround.BattleGround:PersistentLevel' has LevelScriptBlueprint '/Game/Levels/BattleGround.BattleGround:PersistentLevel.BattleGround' with GeneratedClass '/Game/Levels/BattleGround.BattleGround_C' with ClassGeneratedBy '/Game/Levels/BattleGround.BattleGround:PersistentLevel.BattleGround'
[2017.04.23-12.24.54:496][996]LogBlueprintUserMessages: Late EndPlayMap Detection: Level '/Game/Levels/BattleGround.BattleGround:PersistentLevel' has LevelScriptBlueprint '/Game/Levels/BattleGround.BattleGround:PersistentLevel.BattleGround' with GeneratedClass '/Game/Levels/BattleGround.BattleGround_C' with ClassGeneratedBy '/Game/Levels/BattleGround.BattleGround:PersistentLevel.BattleGround'
[2017.04.23-12.25.09:226][334]BlueprintLog: New page: Compile Tank_BP
[2017.04.23-12.25.09:929][346]Cmd: OBJ SAVEPACKAGE PACKAGE="/Game/Tank/Tank_BP" FILE="../../../../../../Users/Sarah/Documents/Unreal Projects/04_BattleTank/BattleTank/Content/Tank/Tank_BP.uasset" SILENT=true
[2017.04.23-12.25.09:988][346]LogSavePackage: Save=41.58ms
[2017.04.23-12.25.09:988][346]LogSavePackage: Moving '../../../../../../Users/Sarah/Documents/Unreal Projects/04_BattleTank/BattleTank/Saved/Tank_BP602EB3E34D8D9125382A80B23C756234.tmp' to '../../../../../../Users/Sarah/Documents/Unreal Projects/04_BattleTank/BattleTank/Content/Tank/Tank_BP.uasset'
[2017.04.23-12.25.09:992][346]LogSavePackage:Display: Finished SavePackage ../../../../../../Users/Sarah/Documents/Unreal Projects/04_BattleTank/BattleTank/Content/Tank/Tank_BP.uasset
[2017.04.23-12.25.12:049][383]LogSavePackage: Save=284.04ms
[2017.04.23-12.25.12:049][383]LogSavePackage: Moving '../../../../../../Users/Sarah/Documents/Unreal Projects/04_BattleTank/BattleTank/Saved/BattleGroundCF7E19F346C159F03BDDFB9989BAB8BB.tmp' to '../../../../../../Users/Sarah/Documents/Unreal Projects/04_BattleTank/BattleTank/Content/Levels/BattleGround.umap'
[2017.04.23-12.25.12:054][383]LogSavePackage:Display: Finished SavePackage ../../../../../../Users/Sarah/Documents/Unreal Projects/04_BattleTank/BattleTank/Content/Levels/BattleGround.umap
[2017.04.23-12.25.12:090][383]LogFileHelpers: Saving map 'BattleGround' took 0.417
[2017.04.23-12.25.13:603][425]LogTemp: Repeting last play command: Selected Viewport
[2017.04.23-12.25.13:628][425]LogBlueprintUserMessages: Early PlayInEditor Detection: Level '/Game/Levels/BattleGround.BattleGround:PersistentLevel' has LevelScriptBlueprint '/Game/Levels/BattleGround.BattleGround:PersistentLevel.BattleGround' with GeneratedClass '/Game/Levels/BattleGround.BattleGround_C' with ClassGeneratedBy '/Game/Levels/BattleGround.BattleGround:PersistentLevel.BattleGround'
[2017.04.23-12.25.13:629][425]LogPlayLevel: PlayLevel: No blueprints needed recompiling
[2017.04.23-12.25.13:629][425]PIE: New page: PIE session: BattleGround (Apr 23, 2017, 2:25:13 PM)
[2017.04.23-12.25.13:629][425]LogPlayLevel: Creating play world package: /Game/Levels/UEDPIE_0_BattleGround
[2017.04.23-12.25.13:642][425]LogPlayLevel: PIE: StaticDuplicateObject took: (0.012693s)
[2017.04.23-12.25.13:643][425]LogAIModule: Creating AISystem for world BattleGround
[2017.04.23-12.25.13:643][425]LogPlayLevel: PIE: World Init took: (0.000996s)
[2017.04.23-12.25.13:644][425]LogPlayLevel: PIE: Created PIE world by copying editor world from /Game/Levels/BattleGround.BattleGround to /Game/Levels/UEDPIE_0_BattleGround.BattleGround (0.014268s)
[2017.04.23-12.25.13:667][425]LogInit: XAudio2 using 'Speakers (2- High Definition Audio Device)' : 2 channels at 44.1 kHz using 16 bits per sample (channel mask 0x3)
[2017.04.23-12.25.13:676][425]LogInit: FAudioDevice initialized.
[2017.04.23-12.25.13:710][425]LogLoad: Game class is 'BattleTankGameMode_BP_C'
[2017.04.23-12.25.13:717][425]LogWorld: Bringing World /Game/Levels/UEDPIE_0_BattleGround.BattleGround up for play (max tick rate 60) at 2017.04.23-13.25.13
[2017.04.23-12.25.13:718][425]LogWorld: Bringing up level for play took: 0.006107
[2017.04.23-12.25.13:721][425]LogTemp:Warning: AI Tank name: Tank_BP3 is targetting player tank: Tank_BP_C_0
[2017.04.23-12.25.13:722][425]LogTemp:Warning: AI Tank name: Tank_BP2 is targetting player tank: Tank_BP_C_0
[2017.04.23-12.25.13:722][425]LogTemp:Warning: AI Tank name: Tank_BP_540 is targetting player tank: Tank_BP_C_0
[2017.04.23-12.25.13:722][425]LogTemp:Warning: AI Tank name: Tank_BP4_1033 is targetting player tank: Tank_BP_C_0
[2017.04.23-12.25.13:723][425]LogTemp:Warning: Tank_BP_C_0 has possessed by Player
[2017.04.23-12.25.13:723][425]PIE: Info Play in editor start time for /Game/Levels/UEDPIE_0_BattleGround -0.281
[2017.04.23-12.25.13:724][425]LogBlueprintUserMessages: Late PlayInEditor Detection: Level '/Game/Levels/BattleGround.BattleGround:PersistentLevel' has LevelScriptBlueprint '/Game/Levels/BattleGround.BattleGround:PersistentLevel.BattleGround' with GeneratedClass '/Game/Levels/BattleGround.BattleGround_C' with ClassGeneratedBy '/Game/Levels/BattleGround.BattleGround:PersistentLevel.BattleGround'
[2017.04.23-12.25.15:893][516]LogBlueprintUserMessages: Early EndPlayMap Detection: Level '/Game/Levels/BattleGround.BattleGround:PersistentLevel' has LevelScriptBlueprint '/Game/Levels/BattleGround.BattleGround:PersistentLevel.BattleGround' with GeneratedClass '/Game/Levels/BattleGround.BattleGround_C' with ClassGeneratedBy '/Game/Levels/BattleGround.BattleGround:PersistentLevel.BattleGround'
[2017.04.23-12.25.15:948][516]LogBlueprintUserMessages: Late EndPlayMap Detection: Level '/Game/Levels/BattleGround.BattleGround:PersistentLevel' has LevelScriptBlueprint '/Game/Levels/BattleGround.BattleGround:PersistentLevel.BattleGround' with GeneratedClass '/Game/Levels/BattleGround.BattleGround_C' with ClassGeneratedBy '/Game/Levels/BattleGround.BattleGround:PersistentLevel.BattleGround'
[2017.04.23-12.25.36:757][987]BlueprintLog: New page: Compile Tank_BP
[2017.04.23-12.25.37:491][999]Cmd: OBJ SAVEPACKAGE PACKAGE="/Game/Tank/Tank_BP" FILE="../../../../../../Users/Sarah/Documents/Unreal Projects/04_BattleTank/BattleTank/Content/Tank/Tank_BP.uasset" SILENT=true
[2017.04.23-12.25.37:546][999]LogSavePackage: Save=41.78ms
[2017.04.23-12.25.37:546][999]LogSavePackage: Moving '../../../../../../Users/Sarah/Documents/Unreal Projects/04_BattleTank/BattleTank/Saved/Tank_BPA7E4A93C415660E1B8F36CBE018BC9C9.tmp' to '../../../../../../Users/Sarah/Documents/Unreal Projects/04_BattleTank/BattleTank/Content/Tank/Tank_BP.uasset'
[2017.04.23-12.25.37:550][999]LogSavePackage:Display: Finished SavePackage ../../../../../../Users/Sarah/Documents/Unreal Projects/04_BattleTank/BattleTank/Content/Tank/Tank_BP.uasset
[2017.04.23-12.25.39:339][ 29]LogSavePackage: Save=284.83ms
[2017.04.23-12.25.39:339][ 29]LogSavePackage: Moving '../../../../../../Users/Sarah/Documents/Unreal Projects/04_BattleTank/BattleTank/Saved/BattleGround564EB2364D87240EEFF459A17CC238BA.tmp' to '../../../../../../Users/Sarah/Documents/Unreal Projects/04_BattleTank/BattleTank/Content/Levels/BattleGround.umap'
[2017.04.23-12.25.39:344][ 29]LogSavePackage:Display: Finished SavePackage ../../../../../../Users/Sarah/Documents/Unreal Projects/04_BattleTank/BattleTank/Content/Levels/BattleGround.umap
[2017.04.23-12.25.39:384][ 29]LogFileHelpers: Saving map 'BattleGround' took 0.421
[2017.04.23-12.25.40:831][ 67]LogTemp: Repeting last play command: Selected Viewport
[2017.04.23-12.25.40:852][ 67]LogBlueprintUserMessages: Early PlayInEditor Detection: Level '/Game/Levels/BattleGround.BattleGround:PersistentLevel' has LevelScriptBlueprint '/Game/Levels/BattleGround.BattleGround:PersistentLevel.BattleGround' with GeneratedClass '/Game/Levels/BattleGround.BattleGround_C' with ClassGeneratedBy '/Game/Levels/BattleGround.BattleGround:PersistentLevel.BattleGround'
[2017.04.23-12.25.40:853][ 67]LogPlayLevel: PlayLevel: No blueprints needed recompiling
[2017.04.23-12.25.40:853][ 67]PIE: New page: PIE session: BattleGround (Apr 23, 2017, 2:25:40 PM)
[2017.04.23-12.25.40:853][ 67]LogPlayLevel: Creating play world package: /Game/Levels/UEDPIE_0_BattleGround
[2017.04.23-12.25.40:865][ 67]LogPlayLevel: PIE: StaticDuplicateObject took: (0.011776s)
[2017.04.23-12.25.40:866][ 67]LogAIModule: Creating AISystem for world BattleGround
[2017.04.23-12.25.40:867][ 67]LogPlayLevel: PIE: World Init took: (0.001397s)
[2017.04.23-12.25.40:867][ 67]LogPlayLevel: PIE: Created PIE world by copying editor world from /Game/Levels/BattleGround.BattleGround to /Game/Levels/UEDPIE_0_BattleGround.BattleGround (0.013924s)
[2017.04.23-12.25.40:891][ 67]LogInit: XAudio2 using 'Speakers (2- High Definition Audio Device)' : 2 channels at 44.1 kHz using 16 bits per sample (channel mask 0x3)
[2017.04.23-12.25.40:898][ 67]LogInit: FAudioDevice initialized.
[2017.04.23-12.25.40:930][ 67]LogLoad: Game class is 'BattleTankGameMode_BP_C'
[2017.04.23-12.25.40:937][ 67]LogWorld: Bringing World /Game/Levels/UEDPIE_0_BattleGround.BattleGround up for play (max tick rate 60) at 2017.04.23-13.25.40
[2017.04.23-12.25.40:938][ 67]LogWorld: Bringing up level for play took: 0.005923
[2017.04.23-12.25.40:940][ 67]LogTemp:Warning: AI Tank name: Tank_BP3 is targetting player tank: Tank_BP_C_0
[2017.04.23-12.25.40:941][ 67]LogTemp:Warning: AI Tank name: Tank_BP2 is targetting player tank: Tank_BP_C_0
[2017.04.23-12.25.40:941][ 67]LogTemp:Warning: AI Tank name: Tank_BP_540 is targetting player tank: Tank_BP_C_0
[2017.04.23-12.25.40:941][ 67]LogTemp:Warning: AI Tank name: Tank_BP4_1033 is targetting player tank: Tank_BP_C_0
[2017.04.23-12.25.40:941][ 67]LogTemp:Warning: Tank_BP_C_0 has possessed by Player
[2017.04.23-12.25.40:942][ 67]PIE: Info Play in editor start time for /Game/Levels/UEDPIE_0_BattleGround 0.938
[2017.04.23-12.25.40:942][ 67]LogBlueprintUserMessages: Late PlayInEditor Detection: Level '/Game/Levels/BattleGround.BattleGround:PersistentLevel' has LevelScriptBlueprint '/Game/Levels/BattleGround.BattleGround:PersistentLevel.BattleGround' with GeneratedClass '/Game/Levels/BattleGround.BattleGround_C' with ClassGeneratedBy '/Game/Levels/BattleGround.BattleGround:PersistentLevel.BattleGround'
[2017.04.23-12.25.40:943][ 67]LogTemp:Warning: Tank_BP_C_0 is aiming at X=0.654 Y=-0.755 Z=-0.051
[2017.04.23-12.25.41:531][ 67]LogCrashTracker: 


[2017.04.23-12.25.41:531][ 67]LogCrashTracker: 


[2017.04.23-12.25.41:531][ 67]LogWindows:Error: === Critical error: ===
[2017.04.23-12.25.41:531][ 67]LogWindows:Error: 
[2017.04.23-12.25.41:531][ 67]LogWindows:Error: Fatal error!
[2017.04.23-12.25.41:531][ 67]LogWindows:Error: 
[2017.04.23-12.25.41:531][ 67]LogWindows:Error: Unhandled Exception: EXCEPTION_ACCESS_VIOLATION reading address 0xffffffff
[2017.04.23-12.25.41:531][ 67]LogWindows:Error: 
[2017.04.23-12.25.41:531][ 67]LogWindows:Error: ucrtbase.dll!0x00000000DEC902B7
[2017.04.23-12.25.41:531][ 67]LogWindows:Error: ucrtbase.dll!0x00000000DEC7CFD2
[2017.04.23-12.25.41:531][ 67]LogWindows:Error: ucrtbase.dll!0x00000000DEC7C853
[2017.04.23-12.25.41:531][ 67]LogWindows:Error: UE4Editor-Core.dll!0x00000000C13BE5FB
[2017.04.23-12.25.41:531][ 67]LogWindows:Error: UE4Editor-BattleTank-5494.dll!UTankBarrel::Elevate() [c:\users\sarah\documents\unreal projects\04_battletank\battletank\source\battletank\private\tankbarrel.cpp:26]
[2017.04.23-12.25.41:532][ 67]LogWindows:Error: UE4Editor-BattleTank-5494.dll!UTankAimingComponent::AimAt() [c:\users\sarah\documents\unreal projects\04_battletank\battletank\source\battletank\private\tankaimingcomponent.cpp:59]
[2017.04.23-12.25.41:532][ 67]LogWindows:Error: UE4Editor-BattleTank-5494.dll!ATank::AimAt() [c:\users\sarah\documents\unreal projects\04_battletank\battletank\source\battletank\private\tank.cpp:47]
[2017.04.23-12.25.41:532][ 67]LogWindows:Error: UE4Editor-BattleTank-5494.dll!ATankPlayerController::AimTowardsCrosshair() [c:\users\sarah\documents\unreal projects\04_battletank\battletank\source\battletank\private\tankplayercontroller.cpp:57]
[2017.04.23-12.25.41:532][ 67]LogWindows:Error: UE4Editor-Engine.dll!0x000000009F3533CC
[2017.04.23-12.25.41:532][ 67]LogWindows:Error: UE4Editor-Engine.dll!0x000000009E6CAA2E
[2017.04.23-12.25.41:533][ 67]LogWindows:Error: UE4Editor-Engine.dll!0x000000009F64F62D
[2017.04.23-12.25.41:533][ 67]LogWindows:Error: UE4Editor-Engine.dll!0x000000009F6552FD
[2017.04.23-12.25.41:533][ 67]LogWindows:Error: UE4Editor-Core.dll!0x00000000C12CD83D
[2017.04.23-12.25.41:533][ 67]LogWindows:Error: UE4Editor-Core.dll!0x00000000C12CDC5D
[2017.04.23-12.25.41:533][ 67]LogWindows:Error: UE4Editor-Core.dll!0x00000000C12ECCDB
[2017.04.23-12.25.41:533][ 67]LogWindows:Error: UE4Editor-Engine.dll!0x000000009F679051
[2017.04.23-12.25.41:533][ 67]LogWindows:Error: UE4Editor-Engine.dll!0x000000009F6898D2
[2017.04.23-12.25.41:533][ 67]LogWindows:Error: UE4Editor-Engine.dll!0x000000009EFB7B44
[2017.04.23-12.25.41:533][ 67]LogWindows:Error: UE4Editor-Engine.dll!0x000000009EFBFC6B
[2017.04.23-12.25.41:533][ 67]LogWindows:Error: UE4Editor-UnrealEd.dll!0x00000000A4B66D8E
[2017.04.23-12.25.41:533][ 67]LogWindows:Error: UE4Editor-UnrealEd.dll!0x00000000A5371AD6
[2017.04.23-12.25.41:534][ 67]LogWindows:Error: UE4Editor.exe!0x00000000C6A4DEE3
[2017.04.23-12.25.41:534][ 67]LogWindows:Error: UE4Editor.exe!0x00000000C6A3EB40
[2017.04.23-12.25.41:534][ 67]LogWindows:Error: UE4Editor.exe!0x00000000C6A3EBBA
[2017.04.23-12.25.41:534][ 67]LogWindows:Error: UE4Editor.exe!0x00000000C6A50A29
[2017.04.23-12.25.41:534][ 67]LogWindows:Error: UE4Editor.exe!0x00000000C6A522B6
[2017.04.23-12.25.41:534][ 67]LogWindows:Error: KERNEL32.DLL!0x00000000E12A8364
[2017.04.23-12.25.41:534][ 67]LogWindows:Error: ntdll.dll!0x00000000E18470D1
[2017.04.23-12.25.41:534][ 67]LogWindows:Error: ntdll.dll!0x00000000E18470D1
[2017.04.23-12.25.41:534][ 67]LogWindows:Error: 
[2017.04.23-12.25.41:571][ 67]LogExit: Executing StaticShutdownAfterError
[2017.04.23-12.25.41:575][ 67]LogWindows: FPlatformMisc::RequestExit(1)
[2017.04.23-12.25.41:575][ 67]Log file closed, 04/23/17 13:25:41
