Log file open, 04/17/17 17:25:45
LogInit:Display: Running engine for game: BattleTank
LogPlatformFile: Not using cached read wrapper
LogInit:Display: RandInit(-537780862) SRandInit(-537780862).
LogTaskGraph: Started task graph with 5 named threads and 8 total threads with 1 sets of task threads.
LogStats: Stats thread started at 0.086638
LogInit: Using libcurl 7.47.1
LogInit:  - built for x86_64-pc-win32
LogInit:  - supports SSL with OpenSSL/1.0.2g
LogInit:  - supports HTTP deflate (compression) using libz 1.2.8
LogInit:  - other features:
LogInit:      CURL_VERSION_SSL
LogInit:      CURL_VERSION_LIBZ
LogInit:      CURL_VERSION_IPV6
LogInit:      CURL_VERSION_ASYNCHDNS
LogInit:      CURL_VERSION_LARGEFILE
LogInit:      CURL_VERSION_IDN
LogInit:  CurlRequestOptions (configurable via config and command line):
LogInit:  - bVerifyPeer = false  - Libcurl will NOT verify peer certificate
LogInit:  - bUseHttpProxy = false  - Libcurl will NOT use HTTP proxy
LogInit:  - bDontReuseConnections = false  - Libcurl will reuse connections
LogInit:  - CertBundlePath = nullptr  - Libcurl will use whatever was configured at build time.
LogInit: Build: ++UE4+Release-4.15-CL-3299760
LogInit: Engine Version: 4.15.0-3299760+++UE4+Release-4.15
LogInit: Compatible Engine Version: 4.15.0-3299760+++UE4+Release-4.15
LogInit: Net CL: 3299760
LogDevObjectVersion: Number of dev versions registered: 14
LogDevObjectVersion:   Dev-Blueprints (B0D832E4-1F89-4F0D-ACCF-7EB736FD4AA2): 8
LogDevObjectVersion:   Dev-Build (E1C64328-A22C-4D53-A36C-8E866417BD8C): 0
LogDevObjectVersion:   Dev-Core (375EC13C-06E4-48FB-B500-84F0262A717E): 2
LogDevObjectVersion:   Dev-Editor (E4B068ED-F494-42E9-A231-DA0B2E46BB41): 14
LogDevObjectVersion:   Dev-Framework (CFFC743F-43B0-4480-9391-14DF171D2073): 22
LogDevObjectVersion:   Dev-Mobile (B02B49B5-BB20-44E9-A304-32B752E40360): 0
LogDevObjectVersion:   Dev-Networking (A4E4105C-59A1-49B5-A7C5-40C4547EDFEE): 0
LogDevObjectVersion:   Dev-Online (39C831C9-5AE6-47DC-9A44-9C173E1C8E7C): 0
LogDevObjectVersion:   Dev-Physics (78F01B33-EBEA-4F98-B9B4-84EACCB95AA2): 0
LogDevObjectVersion:   Dev-Platform (6631380F-2D4D-43E0-8009-CF276956A95A): 0
LogDevObjectVersion:   Dev-Rendering (12F88B9F-8875-4AFC-A67C-D90C383ABD29): 12
LogDevObjectVersion:   Dev-Sequencer (7B5AE74C-D270-4C10-A958-57980B212A5A): 3
LogDevObjectVersion:   Dev-VR (D7296918-1DD6-4BDD-9DE2-64A83CC13884): 0
LogDevObjectVersion:   Dev-LoadTimes (C2A15278-BFE7-4AFE-6C17-90FF531DF755): 1
LogInit: Compiled (64-bit): Feb 14 2017 02:04:14
LogInit: Compiled with Visual C++: 19.00.23026.00
LogInit: Build Configuration: Development
LogInit: Branch Name: ++UE4+Release-4.15
LogInit: Command line: -EpicPortal 
LogInit: Base directory: C:/Program Files/Epic Games/UE_4.15/Engine/Binaries/Win64/
LogInit: Installed Engine Build: 1
LogInit: Presizing for max 8388607 objects, including 0 objects not considered by GC, pre-allocating 0 bytes for permanent pool.
LogInit: Object subsystem initialized
[2017.04.17-16.25.46:502][  0]LogInit: Selected Device Profile: [Windows]
[2017.04.17-16.25.46:502][  0]LogInit: Applying CVar settings loaded from the selected device profile: [Windows]
[2017.04.17-16.25.46:521][  0]LogInit: Computer: DESKTOP-0PEK566
[2017.04.17-16.25.46:521][  0]LogInit: User: Sarah
[2017.04.17-16.25.46:521][  0]LogInit: CPU Page size=65536, Cores=4
[2017.04.17-16.25.46:521][  0]LogInit: High frequency timer resolution =2.143575 MHz
[2017.04.17-16.25.46:522][  0]LogMemory: Memory total: Physical=7.9GB (8GB approx)
[2017.04.17-16.25.46:522][  0]LogMemory: Platform Memory Stats for Windows
[2017.04.17-16.25.46:522][  0]LogMemory: Process Physical Memory: 263.34 MB used, 263.34 MB peak
[2017.04.17-16.25.46:522][  0]LogMemory: Process Virtual Memory: 262.54 MB used, 262.54 MB peak
[2017.04.17-16.25.46:522][  0]LogMemory: Physical Memory: 3444.21 MB used,  4640.06 MB free, 8084.27 MB total
[2017.04.17-16.25.46:522][  0]LogMemory: Virtual Memory: 644.18 MB used,  4640.06 MB free, 134217728.00 MB total
[2017.04.17-16.25.46:624][  0]LogTextLocalizationManager: No specific translations for ('en-US') exist, so ('en') translations will be used.
[2017.04.17-16.25.47:385][  0]LogD3D11RHI: D3D11 adapters:
[2017.04.17-16.25.47:446][  0]LogD3D11RHI:    0. 'AMD Radeon HD 7600M Series' (Feature Level 11_0)
[2017.04.17-16.25.47:446][  0]LogD3D11RHI:       1004/0/3840 MB DedicatedVideo/DedicatedSystem/SharedSystem, Outputs:1, VendorId:0x1002
[2017.04.17-16.25.47:449][  0]LogD3D11RHI:    1. 'Intel(R) HD Graphics 4000' (Feature Level 11_0)
[2017.04.17-16.25.47:449][  0]LogD3D11RHI:       32/0/1760 MB DedicatedVideo/DedicatedSystem/SharedSystem, Outputs:0, VendorId:0x8086
[2017.04.17-16.25.47:450][  0]LogD3D11RHI:    2. 'Microsoft Basic Render Driver' (Feature Level 11_0)
[2017.04.17-16.25.47:450][  0]LogD3D11RHI:       0/0/4042 MB DedicatedVideo/DedicatedSystem/SharedSystem, Outputs:0, VendorId:0x1414
[2017.04.17-16.25.47:450][  0]LogD3D11RHI: Chosen D3D11 Adapter: 0
[2017.04.17-16.25.47:454][  0]LogD3D11RHI: Creating new Direct3DDevice
[2017.04.17-16.25.47:454][  0]LogD3D11RHI:     GPU DeviceId: 0x6840 (for the marketing name, search the web for "GPU Device Id")
[2017.04.17-16.25.47:454][  0]LogWindows: EnumDisplayDevices:
[2017.04.17-16.25.47:454][  0]LogWindows:    0. 'Intel(R) HD Graphics 4000' (P:1 D:1)
[2017.04.17-16.25.47:454][  0]LogWindows:    1. 'Intel(R) HD Graphics 4000' (P:0 D:0)
[2017.04.17-16.25.47:454][  0]LogWindows:    2. 'Intel(R) HD Graphics 4000' (P:0 D:0)
[2017.04.17-16.25.47:454][  0]LogWindows: DebugString: PrimaryIsNotTheChoosenAdapter PrimaryIsNotTheChoosenAdapter PrimaryIsNotTheChoosenAdapter FoundDriverCount:0 
[2017.04.17-16.25.47:454][  0]LogD3D11RHI:     Adapter Name: AMD Radeon HD 7600M Series
[2017.04.17-16.25.47:454][  0]LogD3D11RHI:   Driver Version: Unknown (internal:Unknown, unified:Unknown)
[2017.04.17-16.25.47:454][  0]LogD3D11RHI:      Driver Date: Unknown
[2017.04.17-16.25.47:454][  0]LogRHI: Texture pool is 702 MB (70% of 1004 MB)
[2017.04.17-16.25.47:462][  0]LogD3D11RHI: AMD Pre GCN architecture detected, some driver workarounds will be in place
[2017.04.17-16.25.47:470][  0]LogD3D11RHI: Async texture creation enabled
[2017.04.17-16.25.47:482][  0]LogD3D11RHI: GPU Timing Frequency: 27.000000 (Debug: 2 1)
[2017.04.17-16.25.47:483][  0]LogShaderCompilers: Guid format shader working directory is -34 characters bigger than the processId version (../../../../../../Users/Sarah/Documents/Unreal Projects/04_BattleTank/BattleTank/Intermediate/Shaders/WorkingDirectory/2004/).
[2017.04.17-16.25.47:483][  0]LogShaderCompilers: Cleaned the shader compiler working directory 'C:/Users/Sarah/AppData/Local/Temp/UnrealShaderWorkingDir/823846384451F03978BDDEBCEA6A4767/'.
[2017.04.17-16.25.47:483][  0]LogShaderCompilers:Display: Using Local Shader Compiler.
[2017.04.17-16.25.48:735][  0]LogTemp:Display: Loaded TP AllDesktopTargetPlatform
[2017.04.17-16.25.48:813][  0]LogTemp:Display: Loaded TP MacClientTargetPlatform
[2017.04.17-16.25.48:890][  0]LogTemp:Display: Loaded TP MacNoEditorTargetPlatform
[2017.04.17-16.25.48:968][  0]LogTemp:Display: Loaded TP MacServerTargetPlatform
[2017.04.17-16.25.49:046][  0]LogTemp:Display: Loaded TP MacTargetPlatform
[2017.04.17-16.25.49:123][  0]LogTemp:Display: Loaded TP WindowsClientTargetPlatform
[2017.04.17-16.25.49:201][  0]LogTemp:Display: Loaded TP WindowsNoEditorTargetPlatform
[2017.04.17-16.25.49:276][  0]LogTemp:Display: Loaded TP WindowsServerTargetPlatform
[2017.04.17-16.25.49:338][  0]LogTemp:Display: Loaded TP WindowsTargetPlatform
[2017.04.17-16.25.49:412][  0]LogTemp:Display: Loaded TP AndroidTargetPlatform
[2017.04.17-16.25.49:486][  0]LogTemp:Display: Loaded TP Android_ASTCTargetPlatform
[2017.04.17-16.25.49:561][  0]LogTemp:Display: Loaded TP Android_ATCTargetPlatform
[2017.04.17-16.25.49:635][  0]LogTemp:Display: Loaded TP Android_DXTTargetPlatform
[2017.04.17-16.25.49:711][  0]LogTemp:Display: Loaded TP Android_ETC1TargetPlatform
[2017.04.17-16.25.49:784][  0]LogTemp:Display: Loaded TP Android_ETC2TargetPlatform
[2017.04.17-16.25.49:935][  0]LogTemp:Display: Loaded TP Android_MultiTargetPlatform
[2017.04.17-16.25.49:935][  0]LogTemp:Display: Loaded TP Android_PVRTCTargetPlatform
[2017.04.17-16.25.49:987][  0]LogTemp:Display: Loaded TP HTML5TargetPlatform
[2017.04.17-16.25.50:114][  0]LogTemp:Display: Loaded TP IOSTargetPlatform
[2017.04.17-16.25.50:165][  0]LogTemp:Display: Loaded TP TVOSTargetPlatform
[2017.04.17-16.25.50:239][  0]LogTemp:Display: Loaded TP LinuxClientTargetPlatform
[2017.04.17-16.25.50:315][  0]LogTemp:Display: Loaded TP LinuxNoEditorTargetPlatform
[2017.04.17-16.25.50:390][  0]LogTemp:Display: Loaded TP LinuxServerTargetPlatform
[2017.04.17-16.25.50:466][  0]LogTemp:Display: Loaded TP LinuxTargetPlatform
[2017.04.17-16.25.50:466][  0]LogTargetPlatformManager:Display: Building Assets For Windows
[2017.04.17-16.25.51:081][  0]LogDerivedDataCache:Display: Max Cache Size: 512 MB
[2017.04.17-16.25.51:139][  0]LogDerivedDataCache: Loaded boot cache 0.06s 50MB C:/Users/Sarah/AppData/Local/UnrealEngine/4.15/DerivedDataCache/Boot.ddc.
[2017.04.17-16.25.51:139][  0]LogDerivedDataCache:Display: Loaded Boot cache: C:/Users/Sarah/AppData/Local/UnrealEngine/4.15/DerivedDataCache/Boot.ddc
[2017.04.17-16.25.51:139][  0]LogDerivedDataCache: FDerivedDataBackendGraph:  Pak pak cache file ../../../../../../Users/Sarah/Documents/Unreal Projects/04_BattleTank/BattleTank/DerivedDataCache/DDC.ddp not found, will not use a pak cache.
[2017.04.17-16.25.51:139][  0]LogDerivedDataCache: Unable to find inner node Pak for hierarchical cache Hierarchy.
[2017.04.17-16.25.51:139][  0]LogDerivedDataCache: FDerivedDataBackendGraph:  CompressedPak pak cache file ../../../../../../Users/Sarah/Documents/Unreal Projects/04_BattleTank/BattleTank/DerivedDataCache/Compressed.ddp not found, will not use a pak cache.
[2017.04.17-16.25.51:139][  0]LogDerivedDataCache: Unable to find inner node CompressedPak for hierarchical cache Hierarchy.
[2017.04.17-16.25.51:161][  0]LogDerivedDataCache:Display: Pak cache opened for reading ../../../Engine/DerivedDataCache/Compressed.ddp.
[2017.04.17-16.25.51:173][  0]LogDerivedDataCache: Using Local data cache path C:/Users/Sarah/AppData/Local/UnrealEngine/Common/DerivedDataCache: Writable
[2017.04.17-16.25.51:183][  0]LogSlate: Using Freetype 2.6.0
[2017.04.17-16.25.51:184][  0]LogSlate: SlateFontCache - WITH_FREETYPE: 1, WITH_HARFBUZZ: 1
[2017.04.17-16.25.51:184][  0]LogSlate: SlateFontCache - WITH_FREETYPE: 1, WITH_HARFBUZZ: 1
[2017.04.17-16.25.51:518][  0]LogInit: Selected Device Profile: [Windows]
[2017.04.17-16.25.51:522][  0]LogContentStreaming: Texture pool size is 0.00 MB
[2017.04.17-16.25.51:784][  0]LogMeshUtilities: Using QuadricMeshReduction for automatic static mesh reduction
[2017.04.17-16.25.51:843][  0]LogSimplygon: Simplygon DLL not present - disabling.
[2017.04.17-16.25.51:907][  0]LogMeshUtilities: Using SimplygonSwarm for distributed automatic mesh merging
[2017.04.17-16.25.51:907][  0]LogMeshUtilities: No automatic skeletal mesh reduction module available
[2017.04.17-16.25.51:907][  0]LogMeshUtilities: No automatic mesh merging module available
[2017.04.17-16.25.52:584][  0]LogNetVersion: GetLocalNetworkVersion: CL: 3299760, ProjectName: battletank, ProjectVersion: , EngineNetworkVersion: 2, GameNetworkVersion: 0, NetworkChecksum: 2512795372
[2017.04.17-16.25.52:641][  0]LogAssetRegistry: FAssetRegistry took 0.0225 seconds to start up
[2017.04.17-16.25.52:709][  0]LogPackageLocalizationCache: Processed 3 localized package path(s) for 2 prioritized culture(s) in 0.035230 seconds
[2017.04.17-16.25.52:715][  0]LogUObjectArray: 32475 objects as part of root set at end of initial load.
[2017.04.17-16.25.52:715][  0]LogUObjectAllocator: 7073360 out of 0 bytes used by permanent object pool.
[2017.04.17-16.25.52:715][  0]LogUObjectArray: CloseDisregardForGC: 0/0 objects in disregard for GC pool
[2017.04.17-16.25.52:804][  0]LogInit: WinSock: version 1.1 (2.2), MaxSocks=32767, MaxUdp=65467
[2017.04.17-16.25.54:871][  0]LogTcpMessaging: Initializing TcpMessaging bridge
[2017.04.17-16.25.54:924][  0]LogUdpMessaging: Initializing bridge on interface 0.0.0.0:0 to multicast group 230.0.0.1:6666.
[2017.04.17-16.25.55:589][  0]LogMaterial: Uniform references updated for custom material expression Custom.
[2017.04.17-16.25.56:098][  0]SourceControl: Info Source control is disabled
[2017.04.17-16.25.56:133][  0]SourceControl: Info Source control is disabled
[2017.04.17-16.25.56:197][  0]SourceControl: Info Source control is disabled
[2017.04.17-16.25.56:260][  0]SourceControl: Info Source control is disabled
[2017.04.17-16.25.57:955][  0]LogEngine: Initializing Engine...
[2017.04.17-16.25.57:955][  0]LogHMD: Failed to initialize OpenVR with code 110
[2017.04.17-16.25.58:255][  0]LogAIModule: Creating AISystem for world Untitled
[2017.04.17-16.25.58:261][  0]LogInit: XAudio2 using 'Speakers (2- High Definition Audio Device)' : 2 channels at 44.1 kHz using 16 bits per sample (channel mask 0x3)
[2017.04.17-16.25.58:272][  0]LogInit: FAudioDevice initialized.
[2017.04.17-16.25.58:300][  0]LogDerivedDataCache: Saved boot cache 0.03s 50MB C:/Users/Sarah/AppData/Local/UnrealEngine/4.15/DerivedDataCache/Boot.ddc.
[2017.04.17-16.25.58:309][  0]LogInit: Texture streaming: Enabled
[2017.04.17-16.25.58:441][  0]LogEngineSessionManager: EngineSessionManager initialized
[2017.04.17-16.25.58:564][  0]LogInit: Transaction tracking system initialized
[2017.04.17-16.25.59:032][  0]BlueprintLog: New page: Editor Load
[2017.04.17-16.26.00:229][  0]LocalizationService: Info Localization service is disabled
[2017.04.17-16.26.01:130][  0]LogConsoleResponse:Display: 
[2017.04.17-16.26.01:291][  0]LogCook:Display: Max memory allowance for cook 16384mb min free memory 0mb
[2017.04.17-16.26.01:291][  0]LogCook:Display: Mobile HDR setting 1
[2017.04.17-16.26.02:169][  0]LogFileCache: Scanning file cache for directory 'C:/Users/Sarah/Documents/Unreal Projects/04_BattleTank/BattleTank/Content/' took 0.02s
[2017.04.17-16.26.02:708][  0]SourceControl: Info Source control is disabled
[2017.04.17-16.26.02:708][  0]Cmd: MAP LOAD FILE="../../../../../../Users/Sarah/Documents/Unreal Projects/04_BattleTank/BattleTank/Content/BattleGround.umap" TEMPLATE=0 SHOWPROGRESS=1 FEATURELEVEL=3
[2017.04.17-16.26.02:708][  0]LightingResults: New page: Lighting Build
[2017.04.17-16.26.02:763][  0]MapCheck: New page: Map Check
[2017.04.17-16.26.02:763][  0]LightingResults: New page: Lighting Build
[2017.04.17-16.26.03:063][  0]LogAIModule: Creating AISystem for world BattleGround
[2017.04.17-16.26.03:068][  0]LogEditorServer: Finished looking for orphan Actors (0.000 secs)
[2017.04.17-16.26.03:069][  0]Cmd: MAP CHECKDEP NOCLEARLOG
[2017.04.17-16.26.03:122][  0]MapCheck: Info Map check complete: 0 Error(s), 0 Warning(s), took 52.951ms to complete.
[2017.04.17-16.26.03:122][  0]LogFileHelpers: Loading map 'BattleGround' took 0.414
[2017.04.17-16.26.03:186][  0]LogWindowsTextInputMethodSystem:Display: IME system now deactivated.
[2017.04.17-16.26.03:387][  0]LogCollectionManager: Loaded 0 collections in 0.002118 seconds
[2017.04.17-16.26.03:496][  0]LogFileCache: Scanning file cache for directory 'C:/Users/Sarah/Documents/Unreal Projects/04_BattleTank/BattleTank/Saved/Collections/' took 0.01s
[2017.04.17-16.26.03:496][  0]LogFileCache: Scanning file cache for directory 'C:/Users/Sarah/Documents/Unreal Projects/04_BattleTank/BattleTank/Content/Developers/Sarah/Collections/' took 0.01s
[2017.04.17-16.26.03:496][  0]LogFileCache: Scanning file cache for directory 'C:/Users/Sarah/Documents/Unreal Projects/04_BattleTank/BattleTank/Content/Collections/' took 0.01s
[2017.04.17-16.26.03:496][  0]LogCollectionManager: Rebuilt the GUID cache for 0 collections in 0.000004 seconds
[2017.04.17-16.26.03:512][  0]LogContentBrowser: Native class hierarchy populated in 0.0139 seconds. Added 2245 classes and 452 folders.
[2017.04.17-16.26.03:519][  0]LogStats: UGameplayTagsManager::ConstructGameplayTagTree: Construct from data asset -  0.000 s
[2017.04.17-16.26.03:520][  0]LogStats: UGameplayTagsManager::ConstructGameplayTagTree: GameplayTagTreeChangedEvent.Broadcast -  0.000 s
[2017.04.17-16.26.03:610][  0]LogContentBrowser: Native class hierarchy updated for 'WidgetCarousel' in 0.0020 seconds. Added 0 classes and 0 folders.
[2017.04.17-16.26.04:004][  0]LogContentBrowser: Native class hierarchy updated for 'AddContentDialog' in 0.0021 seconds. Added 0 classes and 0 folders.
[2017.04.17-16.26.04:071][  0]LogContentBrowser: Native class hierarchy updated for 'SceneOutliner' in 0.0023 seconds. Added 1 classes and 2 folders.
[2017.04.17-16.26.04:177][  0]LogCrashTracker: Crashtracker disabled due to settings.
[2017.04.17-16.26.04:187][  0]LogUObjectGlobals:Warning: Failed to find object 'Class None.'
[2017.04.17-16.26.04:269][  0]LogContentBrowser: Native class hierarchy updated for 'HierarchicalLODOutliner' in 0.0022 seconds. Added 1 classes and 2 folders.
[2017.04.17-16.26.04:270][  0]LogLoad: (Engine Initialization) Total time: 20.39 seconds
[2017.04.17-16.26.04:270][  0]LogLoad: (Engine Initialization) Total Blueprint compile time: 0.12 seconds
[2017.04.17-16.26.04:270][  0]LogExternalProfiler: No external profilers were discovered.  External profiling features will not be available.
[2017.04.17-16.26.04:287][  0]LogOcInput: OculusInput pre-init called
[2017.04.17-16.26.04:312][  0]LogContentStreaming: Texture pool size now 1000 MB
[2017.04.17-16.26.04:314][  0]LogSlate: Took 0.000374 seconds to synchronously load lazily loaded font '../../../Engine/Content/Slate/Fonts/Roboto-Regular.ttf' (155K)
[2017.04.17-16.26.04:319][  0]LogSlate: Took 0.000202 seconds to synchronously load lazily loaded font '../../../Engine/Content/Slate/Fonts/Roboto-Bold.ttf' (160K)
[2017.04.17-16.26.04:333][  0]LogSlate: Took 0.006630 seconds to synchronously load lazily loaded font '../../../Engine/Content/Editor/Slate/Fonts/FontAwesome.ttf' (139K)
[2017.04.17-16.26.04:527][  0]LogSlate: Took 0.005576 seconds to synchronously load lazily loaded font '../../../Engine/Content/Slate/Fonts/Roboto-Light.ttf' (159K)
[2017.04.17-16.26.04:593][  0]LogRenderer: Reallocating scene render targets to support 708x372 NumSamples 1 (Frame:2).
[2017.04.17-16.26.04:835][  1]LogAssetRegistry: Asset discovery search completed in 12.2164 seconds
[2017.04.17-16.26.04:835][  1]LogCollectionManager: Rebuilt the object cache for 0 collections in 0.000008 seconds (found 0 objects)
[2017.04.17-16.26.04:835][  1]LogCollectionManager: Fixed up redirectors for 0 collections in 0.000027 seconds (updated 0 objects)
[2017.04.17-16.26.14:668][523]LogRenderer: Reallocating scene render targets to support 708x380 NumSamples 1 (Frame:519).
[2017.04.17-16.26.14:738][524]LogRenderer: Reallocating scene render targets to support 708x412 NumSamples 1 (Frame:521).
[2017.04.17-16.26.14:793][525]LogRenderer: Reallocating scene render targets to support 708x444 NumSamples 1 (Frame:523).
[2017.04.17-16.26.14:847][526]LogRenderer: Reallocating scene render targets to support 708x456 NumSamples 1 (Frame:525).
[2017.04.17-16.26.14:908][527]LogRenderer: Reallocating scene render targets to support 708x472 NumSamples 1 (Frame:527).
[2017.04.17-16.26.14:965][528]LogRenderer: Reallocating scene render targets to support 708x484 NumSamples 1 (Frame:529).
[2017.04.17-16.26.15:024][529]LogRenderer: Reallocating scene render targets to support 708x492 NumSamples 1 (Frame:531).
[2017.04.17-16.26.16:950][620]LogRenderer: Reallocating scene render targets to support 724x492 NumSamples 1 (Frame:608).
[2017.04.17-16.26.17:014][621]LogRenderer: Reallocating scene render targets to support 736x492 NumSamples 1 (Frame:610).
[2017.04.17-16.26.17:078][622]LogRenderer: Reallocating scene render targets to support 744x492 NumSamples 1 (Frame:612).
[2017.04.17-16.26.17:137][623]LogRenderer: Reallocating scene render targets to support 760x492 NumSamples 1 (Frame:614).
[2017.04.17-16.26.17:196][624]LogRenderer: Reallocating scene render targets to support 776x492 NumSamples 1 (Frame:616).
[2017.04.17-16.26.17:259][625]LogRenderer: Reallocating scene render targets to support 780x492 NumSamples 1 (Frame:618).
[2017.04.17-16.26.19:204][714]LogEditorViewport: Clicking on Actor (LMB): StaticMeshActor (Sphere3)
[2017.04.17-16.26.21:705][814]Cmd: DELETE
[2017.04.17-16.26.21:705][814]Cmd: ACTOR DELETE
[2017.04.17-16.26.21:712][814]LogEditorActor: Deleted Actor: StaticMeshActor
[2017.04.17-16.26.21:729][814]LogEditorActor: Deleted 1 Actors (0.022 secs)
[2017.04.17-16.26.22:173][835]LogEditorViewport: Clicking on Actor (LMB): StaticMeshActor (Sphere2)
[2017.04.17-16.26.22:242][835]Cmd: DELETE
[2017.04.17-16.26.22:242][835]Cmd: ACTOR DELETE
[2017.04.17-16.26.22:242][835]LogEditorActor: Deleted Actor: StaticMeshActor
[2017.04.17-16.26.22:253][835]LogEditorActor: Deleted 1 Actors (0.010 secs)
[2017.04.17-16.26.22:646][854]LogEditorViewport: Clicking on Actor (LMB): StaticMeshActor (Cone)
[2017.04.17-16.26.22:860][860]Cmd: DELETE
[2017.04.17-16.26.22:860][860]Cmd: ACTOR DELETE
[2017.04.17-16.26.22:861][860]LogEditorActor: Deleted Actor: StaticMeshActor
[2017.04.17-16.26.22:872][860]LogEditorActor: Deleted 1 Actors (0.012 secs)
[2017.04.17-16.26.23:352][882]LogEditorViewport: Clicking on Actor (LMB): StaticMeshActor (Plane)
[2017.04.17-16.26.23:539][887]Cmd: DELETE
[2017.04.17-16.26.23:539][887]Cmd: ACTOR DELETE
[2017.04.17-16.26.23:540][887]LogEditorActor: Deleted Actor: StaticMeshActor
[2017.04.17-16.26.23:553][887]LogEditorActor: Deleted 1 Actors (0.013 secs)
[2017.04.17-16.26.23:900][903]LogEditorViewport: Clicking on Actor (LMB): StaticMeshActor (Cylinder)
[2017.04.17-16.26.24:218][914]Cmd: DELETE
[2017.04.17-16.26.24:218][914]Cmd: ACTOR DELETE
[2017.04.17-16.26.24:219][914]LogEditorActor: Deleted Actor: StaticMeshActor
[2017.04.17-16.26.24:229][914]LogEditorActor: Deleted 1 Actors (0.011 secs)
[2017.04.17-16.26.24:644][933]LogEditorViewport: Clicking on Actor (LMB): StaticMeshActor (Cone2)
[2017.04.17-16.26.24:870][938]Cmd: DELETE
[2017.04.17-16.26.24:870][938]Cmd: ACTOR DELETE
[2017.04.17-16.26.24:871][938]LogEditorActor: Deleted Actor: StaticMeshActor
[2017.04.17-16.26.24:881][938]LogEditorActor: Deleted 1 Actors (0.011 secs)
[2017.04.17-16.26.25:415][964]LogEditorViewport: Clicking on Actor (LMB): StaticMeshActor (Sphere)
[2017.04.17-16.26.25:600][969]Cmd: DELETE
[2017.04.17-16.26.25:600][969]Cmd: ACTOR DELETE
[2017.04.17-16.26.25:601][969]LogEditorActor: Deleted Actor: StaticMeshActor
[2017.04.17-16.26.25:614][969]LogEditorActor: Deleted 1 Actors (0.013 secs)
[2017.04.17-16.26.25:958][985]LogEditorViewport: Clicking on Actor (LMB): StaticMeshActor (Cube)
[2017.04.17-16.26.26:065][987]Cmd: DELETE
[2017.04.17-16.26.26:065][987]Cmd: ACTOR DELETE
[2017.04.17-16.26.26:066][987]LogEditorActor: Deleted Actor: StaticMeshActor
[2017.04.17-16.26.26:078][987]LogEditorActor: Deleted 1 Actors (0.013 secs)
[2017.04.17-16.26.26:581][ 11]LogEditorViewport: Clicking on Actor (LMB): StaticMeshActor (Floor)
[2017.04.17-16.26.28:504][ 94]Cmd: DELETE
[2017.04.17-16.26.28:504][ 94]Cmd: ACTOR DELETE
[2017.04.17-16.26.28:504][ 94]LogEditorActor: Deleted Actor: StaticMeshActor
[2017.04.17-16.26.28:514][ 94]LogEditorActor: Deleted 1 Actors (0.011 secs)
[2017.04.17-16.26.33:875][351]LogMaterial: Missing cached shader map for material LayerVisMaterial, compiling. 
[2017.04.17-16.26.33:877][351]LogTemp:Display: Added material ShaderMap 0x000002212391A080 with Material 0x000002211376C280 to ShaderMapsBeingCompiled
[2017.04.17-16.26.33:889][351]LogTemp:Display: Kicking off shader compilation for LayerVisMaterial, GameThreadShaderMap 0x000002212391A080
[2017.04.17-16.26.33:912][351]LogMaterial: Missing cached shader map for material SelectBrushMaterial, compiling. 
[2017.04.17-16.26.33:913][351]LogTemp:Display: Added material ShaderMap 0x000002210EA34B80 with Material 0x000002211370AF80 to ShaderMapsBeingCompiled
[2017.04.17-16.26.33:931][351]LogTemp:Display: Kicking off shader compilation for SelectBrushMaterial, GameThreadShaderMap 0x000002210EA34B80
[2017.04.17-16.26.33:944][351]LogMaterial: Missing cached shader map for material SelectBrushMaterial, compiling. 
[2017.04.17-16.26.33:946][351]LogTemp:Display: Added material ShaderMap 0x0000022117100F00 with Material 0x0000022112ABB100 to ShaderMapsBeingCompiled
[2017.04.17-16.26.33:962][351]LogTemp:Display: Kicking off shader compilation for SelectBrushMaterial, GameThreadShaderMap 0x0000022117100F00
[2017.04.17-16.26.33:992][351]LogMaterial: Missing cached shader map for material MaskBrushMaterial, compiling. 
[2017.04.17-16.26.33:993][351]LogTemp:Display: Added material ShaderMap 0x000002212A296B00 with Material 0x0000022113779780 to ShaderMapsBeingCompiled
[2017.04.17-16.26.34:008][351]LogTemp:Display: Kicking off shader compilation for MaskBrushMaterial, GameThreadShaderMap 0x000002212A296B00
[2017.04.17-16.26.34:039][351]LogMaterial: Missing cached shader map for material LandscapeLayerUsageMaterial, compiling. 
[2017.04.17-16.26.34:041][351]LogTemp:Display: Added material ShaderMap 0x000002212D746400 with Material 0x0000022123BAF580 to ShaderMapsBeingCompiled
[2017.04.17-16.26.34:050][351]LogTemp:Display: Kicking off shader compilation for LandscapeLayerUsageMaterial, GameThreadShaderMap 0x000002212D746400
[2017.04.17-16.26.34:108][351]LogMaterial: Missing cached shader map for material CircleBrushMaterial, compiling. 
[2017.04.17-16.26.34:109][351]LogTemp:Display: Added material ShaderMap 0x0000022135CE0800 with Material 0x0000022113719C00 to ShaderMapsBeingCompiled
[2017.04.17-16.26.34:123][351]LogTemp:Display: Kicking off shader compilation for CircleBrushMaterial, GameThreadShaderMap 0x0000022135CE0800
[2017.04.17-16.26.34:131][351]LogMaterial: Missing cached shader map for material CircleBrushMaterial, compiling. 
[2017.04.17-16.26.34:132][351]LogTemp:Display: Added material ShaderMap 0x0000022135C44480 with Material 0x0000022112AA2980 to ShaderMapsBeingCompiled
[2017.04.17-16.26.34:147][351]LogTemp:Display: Kicking off shader compilation for CircleBrushMaterial, GameThreadShaderMap 0x0000022135C44480
[2017.04.17-16.26.34:158][351]LogMaterial: Missing cached shader map for material CircleBrushMaterial, compiling. 
[2017.04.17-16.26.34:160][351]LogTemp:Display: Added material ShaderMap 0x0000022136876780 with Material 0x00000221136A1C00 to ShaderMapsBeingCompiled
[2017.04.17-16.26.34:177][351]LogTemp:Display: Kicking off shader compilation for CircleBrushMaterial, GameThreadShaderMap 0x0000022136876780
[2017.04.17-16.26.34:192][351]LogMaterial: Missing cached shader map for material CircleBrushMaterial, compiling. 
[2017.04.17-16.26.34:194][351]LogTemp:Display: Added material ShaderMap 0x00000221367A0B80 with Material 0x000002210D246680 to ShaderMapsBeingCompiled
[2017.04.17-16.26.34:212][351]LogTemp:Display: Kicking off shader compilation for CircleBrushMaterial, GameThreadShaderMap 0x00000221367A0B80
[2017.04.17-16.26.34:240][351]LogMaterial: Missing cached shader map for material AlphaBrushMaterial, compiling. 
[2017.04.17-16.26.34:241][351]LogTemp:Display: Added material ShaderMap 0x00000221363F0800 with Material 0x000002210D246F80 to ShaderMapsBeingCompiled
[2017.04.17-16.26.34:258][351]LogTemp:Display: Kicking off shader compilation for AlphaBrushMaterial, GameThreadShaderMap 0x00000221363F0800
[2017.04.17-16.26.34:271][351]LogMaterial: Missing cached shader map for material CircleBrushMaterial, compiling. 
[2017.04.17-16.26.34:273][351]LogTemp:Display: Added material ShaderMap 0x000002213607AE80 with Material 0x0000022112AA7E80 to ShaderMapsBeingCompiled
[2017.04.17-16.26.34:288][351]LogTemp:Display: Kicking off shader compilation for CircleBrushMaterial, GameThreadShaderMap 0x000002213607AE80
[2017.04.17-16.26.34:289][351]LogTemp:Display: Added shader map 0x000002210EA34B80 from material 0x0000022112AA4880
[2017.04.17-16.26.34:289][351]LogTemp:Display: Found existing compiling shader for material SelectBrushMaterial, linking to other GameThreadShaderMap 0x000002210EA34B80
[2017.04.17-16.26.34:300][351]LogMaterial: Missing cached shader map for material MaskBrushMaterial, compiling. 
[2017.04.17-16.26.34:301][351]LogTemp:Display: Added material ShaderMap 0x0000022135F85980 with Material 0x000002211368E080 to ShaderMapsBeingCompiled
[2017.04.17-16.26.34:316][351]LogTemp:Display: Kicking off shader compilation for MaskBrushMaterial, GameThreadShaderMap 0x0000022135F85980
[2017.04.17-16.26.34:322][351]LogTexture:Display: Building textures: Texture2D_2 (G8)
[2017.04.17-16.26.36:141][422]LogTemp:Display: Finished compile of shader map 0x000002212391A080
[2017.04.17-16.26.36:141][422]LogTemp:Display: Shader map LayerVisMaterial complete, GameThreadShaderMap 0x000002212391A080, marking material LayerVisMaterial as finished
[2017.04.17-16.26.36:141][422]LogTemp:Display: Marking material as finished 0x000002211376C280
[2017.04.17-16.26.36:963][454]LogTemp:Display: Finished compile of shader map 0x000002210EA34B80
[2017.04.17-16.26.36:963][454]LogTemp:Display: Shader map SelectBrushMaterial complete, GameThreadShaderMap 0x000002210EA34B80, marking material SelectBrushMaterial as finished
[2017.04.17-16.26.36:963][454]LogTemp:Display: Marking material as finished 0x000002211370AF80
[2017.04.17-16.26.36:965][454]LogTemp:Display: Shader map SelectBrushMaterial complete, GameThreadShaderMap 0x000002210EA34B80, marking material SelectBrushMaterial as finished
[2017.04.17-16.26.36:965][454]LogTemp:Display: Marking material as finished 0x0000022112AA4880
[2017.04.17-16.26.38:742][500]LogTemp:Display: Finished compile of shader map 0x0000022117100F00
[2017.04.17-16.26.38:742][500]LogTemp:Display: Shader map SelectBrushMaterial complete, GameThreadShaderMap 0x0000022117100F00, marking material SelectBrushMaterial as finished
[2017.04.17-16.26.38:742][500]LogTemp:Display: Marking material as finished 0x0000022112ABB100
[2017.04.17-16.26.39:751][503]LogTemp:Display: Finished compile of shader map 0x000002212A296B00
[2017.04.17-16.26.39:751][503]LogTemp:Display: Shader map MaskBrushMaterial complete, GameThreadShaderMap 0x000002212A296B00, marking material MaskBrushMaterial as finished
[2017.04.17-16.26.39:751][503]LogTemp:Display: Marking material as finished 0x0000022113779780
[2017.04.17-16.26.39:758][503]LogTemp:Display: Finished compile of shader map 0x000002212D746400
[2017.04.17-16.26.39:758][503]LogTemp:Display: Shader map LandscapeLayerUsageMaterial complete, GameThreadShaderMap 0x000002212D746400, marking material LandscapeLayerUsageMaterial as finished
[2017.04.17-16.26.39:758][503]LogTemp:Display: Marking material as finished 0x0000022123BAF580
[2017.04.17-16.26.43:086][513]LogTemp:Display: Finished compile of shader map 0x0000022135C44480
[2017.04.17-16.26.43:087][513]LogTemp:Display: Shader map CircleBrushMaterial complete, GameThreadShaderMap 0x0000022135C44480, marking material CircleBrushMaterial as finished
[2017.04.17-16.26.43:087][513]LogTemp:Display: Marking material as finished 0x0000022112AA2980
[2017.04.17-16.26.43:412][514]LogTemp:Display: Finished compile of shader map 0x0000022135CE0800
[2017.04.17-16.26.43:412][514]LogTemp:Display: Shader map CircleBrushMaterial complete, GameThreadShaderMap 0x0000022135CE0800, marking material CircleBrushMaterial as finished
[2017.04.17-16.26.43:412][514]LogTemp:Display: Marking material as finished 0x0000022113719C00
[2017.04.17-16.26.45:749][521]LogTemp:Display: Finished compile of shader map 0x0000022136876780
[2017.04.17-16.26.45:749][521]LogTemp:Display: Shader map CircleBrushMaterial complete, GameThreadShaderMap 0x0000022136876780, marking material CircleBrushMaterial as finished
[2017.04.17-16.26.45:749][521]LogTemp:Display: Marking material as finished 0x00000221136A1C00
[2017.04.17-16.26.46:085][522]LogTemp:Display: Finished compile of shader map 0x00000221367A0B80
[2017.04.17-16.26.46:086][522]LogTemp:Display: Shader map CircleBrushMaterial complete, GameThreadShaderMap 0x00000221367A0B80, marking material CircleBrushMaterial as finished
[2017.04.17-16.26.46:086][522]LogTemp:Display: Marking material as finished 0x000002210D246680
[2017.04.17-16.26.49:099][531]LogTemp:Display: Finished compile of shader map 0x00000221363F0800
[2017.04.17-16.26.49:099][531]LogTemp:Display: Shader map AlphaBrushMaterial complete, GameThreadShaderMap 0x00000221363F0800, marking material AlphaBrushMaterial as finished
[2017.04.17-16.26.49:099][531]LogTemp:Display: Marking material as finished 0x000002210D246F80
[2017.04.17-16.26.50:091][534]LogTemp:Display: Finished compile of shader map 0x0000022135F85980
[2017.04.17-16.26.50:091][534]LogTemp:Display: Shader map MaskBrushMaterial complete, GameThreadShaderMap 0x0000022135F85980, marking material MaskBrushMaterial as finished
[2017.04.17-16.26.50:091][534]LogTemp:Display: Marking material as finished 0x000002211368E080
[2017.04.17-16.26.50:098][534]LogTemp:Display: Finished compile of shader map 0x000002213607AE80
[2017.04.17-16.26.50:098][534]LogTemp:Display: Shader map CircleBrushMaterial complete, GameThreadShaderMap 0x000002213607AE80, marking material CircleBrushMaterial as finished
[2017.04.17-16.26.50:098][534]LogTemp:Display: Marking material as finished 0x0000022112AA7E80
[2017.04.17-16.27.19:508][332]LogSlate: Took 0.000180 seconds to synchronously load lazily loaded font '../../../Engine/Content/Slate/Fonts/Roboto-Light.ttf' (159K)
[2017.04.17-16.27.19:530][332]LogTexture:Display: Building textures: Texture2D_0 (BGRA8)
[2017.04.17-16.27.19:540][332]LogMaterial: Missing cached shader map for material WorldGridMaterial, compiling. Is special engine material.
[2017.04.17-16.27.19:541][332]LogTemp:Display: Added material ShaderMap 0x000002212D77EB00 with Material 0x00000221374F2B00 to ShaderMapsBeingCompiled
[2017.04.17-16.27.26:605][332]LogTemp:Display: Finished compile of shader map 0x000002212D77EB00
[2017.04.17-16.27.26:606][332]LogTemp:Display: Shader map WorldGridMaterial complete, GameThreadShaderMap 0x000002212D77EB00, marking material WorldGridMaterial as finished
[2017.04.17-16.27.26:606][332]LogTemp:Display: Marking material as finished 0x00000221374F2B00
[2017.04.17-16.27.26:623][332]LogMaterial: 0.01 seconds spent updating 1 materials, 49 interfaces, 0 instances, 0 with static permutations.
[2017.04.17-16.27.35:860][705]Cmd: TRANSACTION UNDO
[2017.04.17-16.27.35:860][705]LogEditorTransaction: Undo Clicking on Actors
[2017.04.17-16.27.35:892][705]LogSlate: Took 0.000261 seconds to synchronously load lazily loaded font '../../../Engine/Content/Slate/Fonts/Roboto-Light.ttf' (159K)
[2017.04.17-16.27.38:792][816]Cmd: TRANSACTION UNDO
[2017.04.17-16.27.38:792][816]LogEditorTransaction: Undo Landscape Editing: Sculpt
[2017.04.17-16.27.38:821][816]LogMaterial: 0.00 seconds spent updating 1 materials, 1 interfaces, 0 instances, 0 with static permutations.
[2017.04.17-16.27.38:825][816]LogMaterial: 0.00 seconds spent updating 1 materials, 1 interfaces, 0 instances, 0 with static permutations.
[2017.04.17-16.27.38:826][816]LogMaterial: 0.00 seconds spent updating 1 materials, 1 interfaces, 0 instances, 0 with static permutations.
[2017.04.17-16.27.38:826][816]LogMaterial: 0.00 seconds spent updating 1 materials, 1 interfaces, 0 instances, 0 with static permutations.
[2017.04.17-16.27.38:827][816]LogMaterial: 0.00 seconds spent updating 1 materials, 1 interfaces, 0 instances, 0 with static permutations.
[2017.04.17-16.27.38:827][816]LogMaterial: 0.00 seconds spent updating 1 materials, 1 interfaces, 0 instances, 0 with static permutations.
[2017.04.17-16.27.38:828][816]LogMaterial: 0.00 seconds spent updating 1 materials, 1 interfaces, 0 instances, 0 with static permutations.
[2017.04.17-16.27.38:829][816]LogMaterial: 0.00 seconds spent updating 1 materials, 1 interfaces, 0 instances, 0 with static permutations.
[2017.04.17-16.27.38:829][816]LogMaterial: 0.00 seconds spent updating 1 materials, 1 interfaces, 0 instances, 0 with static permutations.
[2017.04.17-16.27.38:830][816]LogMaterial: 0.00 seconds spent updating 1 materials, 1 interfaces, 0 instances, 0 with static permutations.
[2017.04.17-16.27.38:830][816]LogMaterial: 0.00 seconds spent updating 1 materials, 1 interfaces, 0 instances, 0 with static permutations.
[2017.04.17-16.27.38:831][816]LogMaterial: 0.00 seconds spent updating 1 materials, 1 interfaces, 0 instances, 0 with static permutations.
[2017.04.17-16.27.38:832][816]LogMaterial: 0.00 seconds spent updating 1 materials, 1 interfaces, 0 instances, 0 with static permutations.
[2017.04.17-16.27.38:832][816]LogMaterial: 0.00 seconds spent updating 1 materials, 1 interfaces, 0 instances, 0 with static permutations.
[2017.04.17-16.27.38:833][816]LogMaterial: 0.00 seconds spent updating 1 materials, 1 interfaces, 0 instances, 0 with static permutations.
[2017.04.17-16.27.38:833][816]LogMaterial: 0.00 seconds spent updating 1 materials, 1 interfaces, 0 instances, 0 with static permutations.
[2017.04.17-16.27.40:212][867]Cmd: TRANSACTION UNDO
[2017.04.17-16.27.40:212][867]LogEditorTransaction: Undo Creating New Landscape
[2017.04.17-16.27.43:355][997]LogTexture:Display: Building textures: Texture2D_3 (G8)
[2017.04.17-16.27.51:440][356]LogTexture:Display: Building textures: Texture2D_1 (BGRA8)
[2017.04.17-16.27.51:456][356]LogMaterial: 0.01 seconds spent updating 1 materials, 49 interfaces, 0 instances, 0 with static permutations.
[2017.04.17-16.30.33:571][781]Cmd: TRANSACTION UNDO
[2017.04.17-16.30.33:571][781]LogEditorTransaction: Undo Landscape Editing: Sculpt
[2017.04.17-16.30.33:575][781]LogMaterial: 0.00 seconds spent updating 1 materials, 1 interfaces, 0 instances, 0 with static permutations.
[2017.04.17-16.30.33:575][781]LogMaterial: 0.00 seconds spent updating 1 materials, 1 interfaces, 0 instances, 0 with static permutations.
[2017.04.17-16.30.33:575][781]LogMaterial: 0.00 seconds spent updating 1 materials, 1 interfaces, 0 instances, 0 with static permutations.
[2017.04.17-16.30.33:576][781]LogMaterial: 0.00 seconds spent updating 1 materials, 1 interfaces, 0 instances, 0 with static permutations.
[2017.04.17-16.30.33:576][781]LogMaterial: 0.00 seconds spent updating 1 materials, 1 interfaces, 0 instances, 0 with static permutations.
[2017.04.17-16.30.33:576][781]LogMaterial: 0.00 seconds spent updating 1 materials, 1 interfaces, 0 instances, 0 with static permutations.
[2017.04.17-16.30.33:586][781]LogTexture:Display: Building textures: Texture2D_1 (BGRA8)
[2017.04.17-16.30.33:587][781]LogMaterial: 0.00 seconds spent updating 1 materials, 1 interfaces, 0 instances, 0 with static permutations.
[2017.04.17-16.30.33:588][781]LogMaterial: 0.00 seconds spent updating 1 materials, 1 interfaces, 0 instances, 0 with static permutations.
[2017.04.17-16.30.33:589][781]LogMaterial: 0.00 seconds spent updating 1 materials, 1 interfaces, 0 instances, 0 with static permutations.
[2017.04.17-16.30.33:590][781]LogMaterial: 0.00 seconds spent updating 1 materials, 1 interfaces, 0 instances, 0 with static permutations.
[2017.04.17-16.30.33:590][781]LogMaterial: 0.00 seconds spent updating 1 materials, 1 interfaces, 0 instances, 0 with static permutations.
[2017.04.17-16.30.33:591][781]LogMaterial: 0.00 seconds spent updating 1 materials, 1 interfaces, 0 instances, 0 with static permutations.
[2017.04.17-16.30.33:592][781]LogMaterial: 0.00 seconds spent updating 1 materials, 1 interfaces, 0 instances, 0 with static permutations.
[2017.04.17-16.30.34:073][798]Cmd: TRANSACTION UNDO
[2017.04.17-16.30.34:074][798]LogEditorTransaction: Undo Landscape Editing: Sculpt
[2017.04.17-16.30.34:104][798]LogMaterial: 0.00 seconds spent updating 1 materials, 1 interfaces, 0 instances, 0 with static permutations.
[2017.04.17-16.30.34:104][798]LogMaterial: 0.00 seconds spent updating 1 materials, 1 interfaces, 0 instances, 0 with static permutations.
[2017.04.17-16.30.34:105][798]LogMaterial: 0.00 seconds spent updating 1 materials, 1 interfaces, 0 instances, 0 with static permutations.
[2017.04.17-16.30.34:105][798]LogMaterial: 0.00 seconds spent updating 1 materials, 1 interfaces, 0 instances, 0 with static permutations.
[2017.04.17-16.30.34:105][798]LogMaterial: 0.00 seconds spent updating 1 materials, 1 interfaces, 0 instances, 0 with static permutations.
[2017.04.17-16.30.34:105][798]LogMaterial: 0.00 seconds spent updating 1 materials, 1 interfaces, 0 instances, 0 with static permutations.
[2017.04.17-16.30.34:106][798]LogMaterial: 0.00 seconds spent updating 1 materials, 1 interfaces, 0 instances, 0 with static permutations.
[2017.04.17-16.30.34:106][798]LogMaterial: 0.00 seconds spent updating 1 materials, 1 interfaces, 0 instances, 0 with static permutations.
[2017.04.17-16.30.34:106][798]LogMaterial: 0.00 seconds spent updating 1 materials, 1 interfaces, 0 instances, 0 with static permutations.
[2017.04.17-16.30.34:110][798]LogTexture:Display: Building textures: Texture2D_1 (BGRA8)
[2017.04.17-16.30.34:112][798]LogMaterial: 0.00 seconds spent updating 1 materials, 1 interfaces, 0 instances, 0 with static permutations.
[2017.04.17-16.30.34:113][798]LogMaterial: 0.00 seconds spent updating 1 materials, 1 interfaces, 0 instances, 0 with static permutations.
[2017.04.17-16.30.34:113][798]LogMaterial: 0.00 seconds spent updating 1 materials, 1 interfaces, 0 instances, 0 with static permutations.
[2017.04.17-16.30.34:581][815]Cmd: TRANSACTION UNDO
[2017.04.17-16.30.34:581][815]LogEditorTransaction: Undo Landscape Editing: Sculpt
[2017.04.17-16.30.34:611][815]LogMaterial: 0.00 seconds spent updating 1 materials, 1 interfaces, 0 instances, 0 with static permutations.
[2017.04.17-16.30.34:611][815]LogMaterial: 0.00 seconds spent updating 1 materials, 1 interfaces, 0 instances, 0 with static permutations.
[2017.04.17-16.30.34:611][815]LogMaterial: 0.00 seconds spent updating 1 materials, 1 interfaces, 0 instances, 0 with static permutations.
[2017.04.17-16.30.34:612][815]LogMaterial: 0.00 seconds spent updating 1 materials, 1 interfaces, 0 instances, 0 with static permutations.
[2017.04.17-16.30.34:612][815]LogMaterial: 0.00 seconds spent updating 1 materials, 1 interfaces, 0 instances, 0 with static permutations.
[2017.04.17-16.30.34:612][815]LogMaterial: 0.00 seconds spent updating 1 materials, 1 interfaces, 0 instances, 0 with static permutations.
[2017.04.17-16.30.34:618][815]LogMaterial: 0.00 seconds spent updating 1 materials, 1 interfaces, 0 instances, 0 with static permutations.
[2017.04.17-16.30.34:619][815]LogMaterial: 0.00 seconds spent updating 1 materials, 1 interfaces, 0 instances, 0 with static permutations.
[2017.04.17-16.30.34:619][815]LogMaterial: 0.00 seconds spent updating 1 materials, 1 interfaces, 0 instances, 0 with static permutations.
[2017.04.17-16.30.34:619][815]LogMaterial: 0.00 seconds spent updating 1 materials, 1 interfaces, 0 instances, 0 with static permutations.
[2017.04.17-16.31.12:195][349]LogEditorViewport: Clicking on Actor (double click): Landscape (Landscape1)
[2017.04.17-16.31.22:340][766]LogEditorViewport: Clicking on Actor (double click): Landscape (Landscape1)
[2017.04.17-16.31.25:293][887]LogEditorViewport: Clicking on Actor (double click): Landscape (Landscape1)
[2017.04.17-16.31.28:113][  2]LogEditorViewport: Clicking on Actor (double click): Landscape (Landscape1)
[2017.04.17-16.31.28:616][ 22]LogEditorViewport: Clicking on Actor (double click): Landscape (Landscape1)
[2017.04.17-16.31.30:376][ 94]LogEditorViewport: Clicking on Actor (double click): Landscape (Landscape1)
[2017.04.17-16.36.32:736][681]LogTexture:Display: Building textures: Texture2D_1 (BGRA8)
[2017.04.17-16.36.32:927][681]LogSavePackage: Save=197.21ms
[2017.04.17-16.36.32:927][681]LogSavePackage: Moving '../../../../../../Users/Sarah/Documents/Unreal Projects/04_BattleTank/BattleTank/Saved/BattleGround_Auto189EC01B34D148735E34516AB7CF4BCF6.tmp' to '../../../../../../Users/Sarah/Documents/Unreal Projects/04_BattleTank/BattleTank/Saved/Autosaves/Game/BattleGround_Auto1.umap'
[2017.04.17-16.36.32:929][681]LogSavePackage:Display: Finished SavePackage ../../../../../../Users/Sarah/Documents/Unreal Projects/04_BattleTank/BattleTank/Saved/Autosaves/Game/BattleGround_Auto1.umap
[2017.04.17-16.36.32:931][681]LogFileHelpers: Editor autosave (incl. sublevels) for '/Game/BattleGround' took 0.228
[2017.04.17-16.36.32:931][681]LogFileHelpers: Editor autosave (incl. sublevels) for all levels took 0.228
[2017.04.17-16.37.26:362][870]LogTemp: Repeting last play command: Selected Viewport
[2017.04.17-16.37.26:379][870]LogPlayLevel: PlayLevel: No blueprints needed recompiling
[2017.04.17-16.37.26:385][870]PIE: New page: PIE session: BattleGround (Apr 17, 2017, 6:37:26 PM)
[2017.04.17-16.37.26:385][870]LogPlayLevel: Creating play world package: /Game/UEDPIE_0_BattleGround
[2017.04.17-16.37.26:396][870]LogPlayLevel: PIE: StaticDuplicateObject took: (0.010940s)
[2017.04.17-16.37.26:397][870]LogAIModule: Creating AISystem for world BattleGround
[2017.04.17-16.37.26:397][870]LogPlayLevel: PIE: World Init took: (0.000893s)
[2017.04.17-16.37.26:397][870]LogPlayLevel: PIE: Created PIE world by copying editor world from /Game/BattleGround.BattleGround to /Game/UEDPIE_0_BattleGround.BattleGround (0.012479s)
[2017.04.17-16.37.26:411][870]LogInit: XAudio2 using 'Speakers (2- High Definition Audio Device)' : 2 channels at 44.1 kHz using 16 bits per sample (channel mask 0x3)
[2017.04.17-16.37.26:419][870]LogInit: FAudioDevice initialized.
[2017.04.17-16.37.26:476][870]LogLoad: Game class is 'GameModeBase'
[2017.04.17-16.37.26:482][870]LogWorld: Bringing World /Game/UEDPIE_0_BattleGround.BattleGround up for play (max tick rate 60) at 2017.04.17-17.37.26
[2017.04.17-16.37.26:483][870]LogWorld: Bringing up level for play took: 0.003826
[2017.04.17-16.37.26:548][870]LogContentBrowser: Native class hierarchy updated for 'MovieSceneCapture' in 0.0023 seconds. Added 11 classes and 0 folders.
[2017.04.17-16.37.26:551][870]PIE: Info Play in editor start time for /Game/UEDPIE_0_BattleGround 0.65
[2017.04.17-16.37.45:334][691]LogStats: FPlatformStackWalk::StackWalkAndDump -  0.307 s
[2017.04.17-16.37.45:334][691]LogOutputDevice:Error: === Handled ensure: ===
[2017.04.17-16.37.45:334][691]LogOutputDevice:Error: 
[2017.04.17-16.37.45:334][691]LogOutputDevice:Error: Ensure condition failed: ListenerTransformCopy.IsValid() [File:D:\Build\++UE4+Release-4.15+Compile\Sync\Engine\Source\Runtime\Engine\Private\AudioDevice.cpp] [Line: 2143]
[2017.04.17-16.37.45:334][691]LogOutputDevice:Error: Invalid listener transform provided to AudioDevice
[2017.04.17-16.37.45:334][691]LogOutputDevice:Error: Stack: 
[2017.04.17-16.37.45:334][691]LogOutputDevice:Error: UE4Editor-Core.dll!0x00000000CA1195D6
[2017.04.17-16.37.45:334][691]LogOutputDevice:Error: UE4Editor-Core.dll!0x00000000C9EC9B72
[2017.04.17-16.37.45:334][691]LogOutputDevice:Error: UE4Editor-Core.dll!0x00000000C9EDB656
[2017.04.17-16.37.45:334][691]LogOutputDevice:Error: UE4Editor-Engine.dll!0x00000000C6C61A7B
[2017.04.17-16.37.45:334][691]LogOutputDevice:Error: UE4Editor-UnrealEd.dll!0x00000000C52F727A
[2017.04.17-16.37.45:334][691]LogOutputDevice:Error: UE4Editor-UnrealEd.dll!0x00000000C52F41B3
[2017.04.17-16.37.45:334][691]LogOutputDevice:Error: UE4Editor-UnrealEd.dll!0x00000000C4F8197D
[2017.04.17-16.37.45:334][691]LogOutputDevice:Error: UE4Editor-Engine.dll!0x00000000C7979C6E
[2017.04.17-16.37.45:334][691]LogOutputDevice:Error: UE4Editor-UnrealEd.dll!0x00000000C4ED9315
[2017.04.17-16.37.45:334][691]LogOutputDevice:Error: UE4Editor-UnrealEd.dll!0x00000000C4ED72F9
[2017.04.17-16.37.45:334][691]LogOutputDevice:Error: UE4Editor-UnrealEd.dll!0x00000000C56E1AD6
[2017.04.17-16.37.45:334][691]LogOutputDevice:Error: UE4Editor.exe!0x00000000DF11DEE3
[2017.04.17-16.37.45:334][691]LogOutputDevice:Error: UE4Editor.exe!0x00000000DF10EB40
[2017.04.17-16.37.45:334][691]LogOutputDevice:Error: UE4Editor.exe!0x00000000DF10EBBA
[2017.04.17-16.37.45:334][691]LogOutputDevice:Error: UE4Editor.exe!0x00000000DF120A29
[2017.04.17-16.37.45:334][691]LogOutputDevice:Error: UE4Editor.exe!0x00000000DF1222B6
[2017.04.17-16.37.45:334][691]LogOutputDevice:Error: KERNEL32.DLL!0x000000000AA68364
[2017.04.17-16.37.45:334][691]LogOutputDevice:Error: ntdll.dll!0x000000000AB770D1
[2017.04.17-16.37.45:334][691]LogOutputDevice:Error: 
[2017.04.17-16.37.45:345][691]LogStats:                SubmitErrorReport -  0.000 s
[2017.04.17-16.37.45:738][691]LogStats:                    SendNewReport -  0.394 s
[2017.04.17-16.37.45:739][691]LogStats:             FDebug::EnsureFailed -  0.712 s
[2017.04.17-16.37.45:747][692]LogStats: FPlatformStackWalk::StackWalkAndDump -  0.004 s
[2017.04.17-16.37.45:747][692]LogOutputDevice:Error: === Handled ensure: ===
[2017.04.17-16.37.45:747][692]LogOutputDevice:Error: 
[2017.04.17-16.37.45:747][692]LogOutputDevice:Error: Ensure condition failed: Y != 0 [File:D:\Build\++UE4+Release-4.15+Compile\Sync\Engine\Source\Runtime\Core\Private\GenericPlatform\GenericPlatformMath.cpp] [Line: 81]
[2017.04.17-16.37.45:747][692]LogOutputDevice:Error: FMath::FMod(X=-29980.554688, Y=-nan) : Y is zero, this is invalid and would result in NaN!
[2017.04.17-16.37.45:747][692]LogOutputDevice:Error: Stack: 
[2017.04.17-16.37.45:747][692]LogOutputDevice:Error: UE4Editor-Core.dll!0x00000000CA1195D6
[2017.04.17-16.37.45:747][692]LogOutputDevice:Error: UE4Editor-Core.dll!0x00000000C9EC9B72
[2017.04.17-16.37.45:747][692]LogOutputDevice:Error: UE4Editor-Core.dll!0x00000000C9EDB656
[2017.04.17-16.37.45:747][692]LogOutputDevice:Error: UE4Editor-Core.dll!0x00000000C9D89A15
[2017.04.17-16.37.45:747][692]LogOutputDevice:Error: UE4Editor-Renderer.dll!0x00000000C38372B3
[2017.04.17-16.37.45:747][692]LogOutputDevice:Error: UE4Editor-Renderer.dll!0x00000000C378AF73
[2017.04.17-16.37.45:747][692]LogOutputDevice:Error: UE4Editor-Renderer.dll!0x00000000C3758C58
[2017.04.17-16.37.45:747][692]LogOutputDevice:Error: UE4Editor-Renderer.dll!0x00000000C375966B
[2017.04.17-16.37.45:747][692]LogOutputDevice:Error: UE4Editor-Renderer.dll!0x00000000C33ABE8E
[2017.04.17-16.37.45:747][692]LogOutputDevice:Error: UE4Editor-Renderer.dll!0x00000000C3776712
[2017.04.17-16.37.45:747][692]LogOutputDevice:Error: UE4Editor-Renderer.dll!0x00000000C37408BE
[2017.04.17-16.37.45:747][692]LogOutputDevice:Error: UE4Editor-Core.dll!0x00000000C9D9D83D
[2017.04.17-16.37.45:747][692]LogOutputDevice:Error: UE4Editor-Core.dll!0x00000000C9D9DC5D
[2017.04.17-16.37.45:747][692]LogOutputDevice:Error: UE4Editor-RenderCore.dll!0x00000000D8D30397
[2017.04.17-16.37.45:747][692]LogOutputDevice:Error: UE4Editor-RenderCore.dll!0x00000000D8D31486
[2017.04.17-16.37.45:747][692]LogOutputDevice:Error: UE4Editor-Core.dll!0x00000000CA12A3C8
[2017.04.17-16.37.45:747][692]LogOutputDevice:Error: UE4Editor-Core.dll!0x00000000CA124C69
[2017.04.17-16.37.45:747][692]LogOutputDevice:Error: KERNEL32.DLL!0x000000000AA68364
[2017.04.17-16.37.45:747][692]LogOutputDevice:Error: ntdll.dll!0x000000000AB770D1
[2017.04.17-16.37.45:747][692]LogOutputDevice:Error: 
[2017.04.17-16.37.45:747][692]LogStats:                SubmitErrorReport -  0.000 s
[2017.04.17-16.37.45:973][692]LogStats:                    SendNewReport -  0.229 s
[2017.04.17-16.37.45:973][692]LogStats:             FDebug::EnsureFailed -  0.233 s
[2017.04.17-16.37.52:645][845]Cmd: TRANSACTION UNDO
[2017.04.17-16.37.52:645][845]LogEditorTransaction: Undo Clicking on Actors
[2017.04.17-16.37.54:555][885]Cmd: TRANSACTION UNDO
[2017.04.17-16.37.54:555][885]LogEditorTransaction: Undo Landscape Editing: Sculpt
[2017.04.17-16.37.54:603][885]LogMaterial: 0.00 seconds spent updating 1 materials, 1 interfaces, 0 instances, 0 with static permutations.
[2017.04.17-16.37.54:612][885]LogTexture:Display: Building textures: Texture2D_1 (BGRA8)
[2017.04.17-16.37.54:614][885]LogMaterial: 0.00 seconds spent updating 1 materials, 1 interfaces, 0 instances, 0 with static permutations.
[2017.04.17-16.37.54:614][885]LogMaterial: 0.00 seconds spent updating 1 materials, 1 interfaces, 0 instances, 0 with static permutations.
[2017.04.17-16.37.54:615][885]LogMaterial: 0.00 seconds spent updating 1 materials, 1 interfaces, 0 instances, 0 with static permutations.
[2017.04.17-16.37.59:159][985]Cmd: SELECT NONE
[2017.04.17-16.38.06:822][149]LogStats: FPlatformStackWalk::StackWalkAndDump -  0.008 s
[2017.04.17-16.38.06:822][149]LogOutputDevice:Error: === Handled ensure: ===
[2017.04.17-16.38.06:822][149]LogOutputDevice:Error: 
[2017.04.17-16.38.06:822][149]LogOutputDevice:Error: Ensure condition failed: !NewTransform.ContainsNaN() [File:D:\Build\++UE4+Release-4.15+Compile\Sync\Engine\Source\Runtime\Engine\Private\Actor.cpp] [Line: 3377]
[2017.04.17-16.38.06:822][149]LogOutputDevice:Error: SetActorTransform: Get NAN Transform data for DirectionalLight_0: 11.684266,11.679727,-nan|-45.999996,0.000000,0.000000|2.500000,2.500000,2.500000
[2017.04.17-16.38.06:822][149]LogOutputDevice:Error: Stack: 
[2017.04.17-16.38.06:822][149]LogOutputDevice:Error: UE4Editor-Core.dll!0x00000000CA1195D6
[2017.04.17-16.38.06:822][149]LogOutputDevice:Error: UE4Editor-Core.dll!0x00000000C9EC9B72
[2017.04.17-16.38.06:822][149]LogOutputDevice:Error: UE4Editor-Core.dll!0x00000000C9EDB656
[2017.04.17-16.38.06:822][149]LogOutputDevice:Error: UE4Editor-Engine.dll!0x00000000C69C0888
[2017.04.17-16.38.06:822][149]LogOutputDevice:Error: UE4Editor-UnrealEd.dll!0x00000000C52F7ACA
[2017.04.17-16.38.06:822][149]LogOutputDevice:Error: UE4Editor-LevelEditor.dll!0x00000000BFB4167C
[2017.04.17-16.38.06:822][149]LogOutputDevice:Error: UE4Editor-LevelEditor.dll!0x00000000BFB5E67F
[2017.04.17-16.38.06:822][149]LogOutputDevice:Error: UE4Editor-Slate.dll!0x00000000D08C3F6C
[2017.04.17-16.38.06:822][149]LogOutputDevice:Error: UE4Editor-Slate.dll!0x00000000D089427E
[2017.04.17-16.38.06:822][149]LogOutputDevice:Error: UE4Editor-Slate.dll!0x00000000D09369B3
[2017.04.17-16.38.06:822][149]LogOutputDevice:Error: UE4Editor-Slate.dll!0x00000000D0921A9B
[2017.04.17-16.38.06:822][149]LogOutputDevice:Error: UE4Editor-Slate.dll!0x00000000D090FFCC
[2017.04.17-16.38.06:822][149]LogOutputDevice:Error: UE4Editor-Core.dll!0x00000000CA10CC43
[2017.04.17-16.38.06:822][149]LogOutputDevice:Error: UE4Editor-Core.dll!0x00000000CA0F67B1
[2017.04.17-16.38.06:822][149]LogOutputDevice:Error: UE4Editor-Core.dll!0x00000000CA10EA0C
[2017.04.17-16.38.06:822][149]LogOutputDevice:Error: UE4Editor-Core.dll!0x00000000CA0F26D9
[2017.04.17-16.38.06:822][149]LogOutputDevice:Error: USER32.dll!0x0000000009D31C24
[2017.04.17-16.38.06:822][149]LogOutputDevice:Error: USER32.dll!0x0000000009D3156C
[2017.04.17-16.38.06:822][149]LogOutputDevice:Error: UE4Editor-Core.dll!0x00000000CA10F316
[2017.04.17-16.38.06:822][149]LogOutputDevice:Error: UE4Editor.exe!0x00000000DF11D790
[2017.04.17-16.38.06:822][149]LogOutputDevice:Error: UE4Editor.exe!0x00000000DF10EB40
[2017.04.17-16.38.06:822][149]LogOutputDevice:Error: UE4Editor.exe!0x00000000DF10EBBA
[2017.04.17-16.38.06:822][149]LogOutputDevice:Error: UE4Editor.exe!0x00000000DF120A29
[2017.04.17-16.38.06:822][149]LogOutputDevice:Error: UE4Editor.exe!0x00000000DF1222B6
[2017.04.17-16.38.06:823][149]LogOutputDevice:Error: KERNEL32.DLL!0x000000000AA68364
[2017.04.17-16.38.06:823][149]LogOutputDevice:Error: ntdll.dll!0x000000000AB770D1
[2017.04.17-16.38.06:823][149]LogOutputDevice:Error: 
[2017.04.17-16.38.06:823][149]LogStats:                SubmitErrorReport -  0.000 s
[2017.04.17-16.38.07:051][149]LogStats:                    SendNewReport -  0.228 s
[2017.04.17-16.38.07:051][149]LogStats:             FDebug::EnsureFailed -  0.237 s
[2017.04.17-16.38.16:963][342]LogSavePackage: Save=159.99ms
[2017.04.17-16.38.16:963][342]LogSavePackage: Moving '../../../../../../Users/Sarah/Documents/Unreal Projects/04_BattleTank/BattleTank/Saved/BattleGround83DB7D7F40DB99D9C3BF4AB938455AF6.tmp' to '../../../../../../Users/Sarah/Documents/Unreal Projects/04_BattleTank/BattleTank/Content/BattleGround.umap'
[2017.04.17-16.38.16:969][342]LogSavePackage:Display: Finished SavePackage ../../../../../../Users/Sarah/Documents/Unreal Projects/04_BattleTank/BattleTank/Content/BattleGround.umap
[2017.04.17-16.38.19:125][382]Cmd: QUIT_EDITOR
[2017.04.17-16.38.19:160][382]LogWindowsTextInputMethodSystem:Display: IME system now deactivated.
[2017.04.17-16.38.19:193][382]LogExit: Preparing to exit.
[2017.04.17-16.38.20:281][382]LogDirectoryWatcher: A directory notification for 'C:/Users/Sarah/Documents/Unreal Projects/04_BattleTank/BattleTank/Content/' was aborted.
[2017.04.17-16.38.20:301][382]LogExit: Editor shut down
[2017.04.17-16.38.20:301][382]LogExit: Transaction tracking system shut down
[2017.04.17-16.38.20:360][382]LogObj: Freed 0b from 0 cluster array pools.
[2017.04.17-16.38.20:360][382]LogExit: Object subsystem successfully closed.
[2017.04.17-16.38.20:379][382]LogD3D11RHI: Shutdown
[2017.04.17-16.38.20:379][382]LogD3D11RHI: CleanupD3DDevice
[2017.04.17-16.38.20:469][382]LogD3D11RHI: ~FD3D11DynamicRHI
[2017.04.17-16.38.20:488][382]LogModuleManager: Shutting down and abandoning module MovieSceneCapture (500)
[2017.04.17-16.38.20:488][382]LogModuleManager: Shutting down and abandoning module HierarchicalLODOutliner (498)
[2017.04.17-16.38.20:488][382]LogModuleManager: Shutting down and abandoning module CrashTracker (496)
[2017.04.17-16.38.20:488][382]LogModuleManager: Shutting down and abandoning module SceneOutliner (494)
[2017.04.17-16.38.20:488][382]LogModuleManager: Shutting down and abandoning module AddContentDialog (492)
[2017.04.17-16.38.20:488][382]LogDirectoryWatcher: A directory notification for 'C:/Program Files/Epic Games/UE_4.15/FeaturePacks/' was aborted.
[2017.04.17-16.38.20:489][382]LogModuleManager: Shutting down and abandoning module WidgetCarousel (491)
[2017.04.17-16.38.20:489][382]LogModuleManager: Shutting down and abandoning module EditorWidgets (488)
[2017.04.17-16.38.20:489][382]LogModuleManager: Shutting down and abandoning module CollectionManager (486)
[2017.04.17-16.38.20:489][382]LogDirectoryWatcher: A directory notification for 'C:/Users/Sarah/Documents/Unreal Projects/04_BattleTank/BattleTank/Content/Collections/' was aborted.
[2017.04.17-16.38.20:489][382]LogDirectoryWatcher: A directory notification for 'C:/Users/Sarah/Documents/Unreal Projects/04_BattleTank/BattleTank/Content/Developers/Sarah/Collections/' was aborted.
[2017.04.17-16.38.20:489][382]LogDirectoryWatcher: A directory notification for 'C:/Users/Sarah/Documents/Unreal Projects/04_BattleTank/BattleTank/Saved/Collections/' was aborted.
[2017.04.17-16.38.20:489][382]LogModuleManager: Shutting down and abandoning module StatsViewer (484)
[2017.04.17-16.38.20:489][382]LogModuleManager: Shutting down and abandoning module FoliageEdit (482)
[2017.04.17-16.38.20:489][382]LogModuleManager: Shutting down and abandoning module LandscapeEditor (480)
[2017.04.17-16.38.20:489][382]LogModuleManager: Shutting down and abandoning module SceneDepthPickerMode (478)
[2017.04.17-16.38.20:489][382]LogModuleManager: Shutting down and abandoning module ActorPickerMode (476)
[2017.04.17-16.38.20:489][382]LogModuleManager: Shutting down and abandoning module GeometryMode (474)
[2017.04.17-16.38.20:489][382]LogModuleManager: Shutting down and abandoning module TextureAlignMode (472)
[2017.04.17-16.38.20:489][382]LogModuleManager: Shutting down and abandoning module BspMode (470)
[2017.04.17-16.38.20:489][382]LogModuleManager: Shutting down and abandoning module HardwareSurvey (468)
[2017.04.17-16.38.20:489][382]LogModuleManager: Shutting down and abandoning module SequenceRecorderSections (466)
[2017.04.17-16.38.20:489][382]LogModuleManager: Shutting down and abandoning module AutomationWorker (464)
[2017.04.17-16.38.20:489][382]LogModuleManager: Shutting down and abandoning module MatineeToLevelSequence (462)
[2017.04.17-16.38.20:489][382]LogModuleManager: Shutting down and abandoning module LevelSequenceEditor (460)
[2017.04.17-16.38.20:489][382]LogModuleManager: Shutting down and abandoning module PlacementMode (459)
[2017.04.17-16.38.20:489][382]LogModuleManager: Shutting down and abandoning module WmfMediaFactory (456)
[2017.04.17-16.38.20:489][382]LogModuleManager: Shutting down and abandoning module WmfMediaEditor (454)
[2017.04.17-16.38.20:489][382]LogModuleManager: Shutting down and abandoning module MfMediaFactory (452)
[2017.04.17-16.38.20:489][382]LogModuleManager: Shutting down and abandoning module MfMediaEditor (450)
[2017.04.17-16.38.20:489][382]LogModuleManager: Shutting down and abandoning module AvfMediaFactory (448)
[2017.04.17-16.38.20:489][382]LogModuleManager: Shutting down and abandoning module AvfMediaEditor (446)
[2017.04.17-16.38.20:489][382]LogModuleManager: Shutting down and abandoning module AndroidMediaFactory (444)
[2017.04.17-16.38.20:489][382]LogModuleManager: Shutting down and abandoning module Media (443)
[2017.04.17-16.38.20:489][382]LogModuleManager: Shutting down and abandoning module AndroidMediaEditor (440)
[2017.04.17-16.38.20:489][382]LogModuleManager: Shutting down and abandoning module CharacterAI (438)
[2017.04.17-16.38.20:490][382]LogModuleManager: Shutting down and abandoning module AudioCapture (436)
[2017.04.17-16.38.20:490][382]LogModuleManager: Shutting down and abandoning module SequenceRecorder (435)
[2017.04.17-16.38.20:490][382]LogModuleManager: Shutting down and abandoning module SmartSnapping (432)
[2017.04.17-16.38.20:490][382]LogModuleManager: Shutting down and abandoning module SessionServices (430)
[2017.04.17-16.38.20:490][382]LogModuleManager: Shutting down and abandoning module ViewportSnapping (428)
[2017.04.17-16.38.20:490][382]LogModuleManager: Shutting down and abandoning module ViewportInteraction (426)
[2017.04.17-16.38.20:490][382]LogModuleManager: Shutting down and abandoning module LogVisualizer (424)
[2017.04.17-16.38.20:490][382]LogModuleManager: Shutting down and abandoning module IntroTutorials (422)
[2017.04.17-16.38.20:490][382]LogModuleManager: Shutting down and abandoning module GameProjectGeneration (421)
[2017.04.17-16.38.20:490][382]LogModuleManager: Shutting down and abandoning module EditorLiveStreaming (418)
[2017.04.17-16.38.20:490][382]LogModuleManager: Shutting down and abandoning module IOSPlatformEditor (416)
[2017.04.17-16.38.20:490][382]LogModuleManager: Shutting down and abandoning module HTML5PlatformEditor (414)
[2017.04.17-16.38.20:490][382]LogModuleManager: Shutting down and abandoning module AndroidPlatformEditor (412)
[2017.04.17-16.38.20:490][382]LogModuleManager: Shutting down and abandoning module AndroidDeviceDetection (411)
[2017.04.17-16.38.21:031][382]LogModuleManager: Shutting down and abandoning module IOSRuntimeSettings (408)
[2017.04.17-16.38.21:031][382]LogModuleManager: Shutting down and abandoning module AndroidRuntimeSettings (406)
[2017.04.17-16.38.21:031][382]LogModuleManager: Shutting down and abandoning module InputBindingEditor (404)
[2017.04.17-16.38.21:031][382]LogModuleManager: Shutting down and abandoning module NiagaraEditor (402)
[2017.04.17-16.38.21:031][382]LogModuleManager: Shutting down and abandoning module MergeActors (400)
[2017.04.17-16.38.21:031][382]LogModuleManager: Shutting down and abandoning module SizeMap (398)
[2017.04.17-16.38.21:031][382]LogModuleManager: Shutting down and abandoning module TreeMap (396)
[2017.04.17-16.38.21:031][382]LogModuleManager: Shutting down and abandoning module ReferenceViewer (394)
[2017.04.17-16.38.21:031][382]LogModuleManager: Shutting down and abandoning module LocalizationDashboard (392)
[2017.04.17-16.38.21:031][382]LogModuleManager: Shutting down and abandoning module LocalizationService (391)
[2017.04.17-16.38.21:031][382]LogModuleManager: Shutting down and abandoning module HardwareTargeting (388)
[2017.04.17-16.38.21:031][382]LogModuleManager: Shutting down and abandoning module DeviceProfileEditor (386)
[2017.04.17-16.38.21:031][382]LogModuleManager: Shutting down and abandoning module UndoHistory (384)
[2017.04.17-16.38.21:031][382]LogModuleManager: Shutting down and abandoning module UserFeedback (382)
[2017.04.17-16.38.21:031][382]LogModuleManager: Shutting down and abandoning module XmlParser (380)
[2017.04.17-16.38.21:031][382]LogModuleManager: Shutting down and abandoning module Blutility (378)
[2017.04.17-16.38.21:031][382]LogModuleManager: Shutting down and abandoning module ProjectSettingsViewer (376)
[2017.04.17-16.38.21:031][382]LogModuleManager: Shutting down and abandoning module ProjectTargetPlatformEditor (375)
[2017.04.17-16.38.21:032][382]LogModuleManager: Shutting down and abandoning module EditorSettingsViewer (372)
[2017.04.17-16.38.21:032][382]LogModuleManager: Shutting down and abandoning module SettingsEditor (370)
[2017.04.17-16.38.21:032][382]LogModuleManager: Shutting down and abandoning module ProjectLauncher (368)
[2017.04.17-16.38.21:032][382]LogModuleManager: Shutting down and abandoning module SessionFrontend (366)
[2017.04.17-16.38.21:032][382]LogModuleManager: Shutting down and abandoning module ProfilerClient (364)
[2017.04.17-16.38.21:032][382]LogModuleManager: Shutting down and abandoning module DeviceManager (362)
[2017.04.17-16.38.21:032][382]LogModuleManager: Shutting down and abandoning module TargetDeviceServices (361)
[2017.04.17-16.38.21:075][382]LogModuleManager: Shutting down and abandoning module AutomationController (358)
[2017.04.17-16.38.21:075][382]LogModuleManager: Shutting down and abandoning module AutomationWindow (356)
[2017.04.17-16.38.21:075][382]LogModuleManager: Shutting down and abandoning module Layers (354)
[2017.04.17-16.38.21:075][382]LogModuleManager: Shutting down and abandoning module ComponentVisualizers (352)
[2017.04.17-16.38.21:075][382]LogModuleManager: Shutting down and abandoning module DetailCustomizations (350)
[2017.04.17-16.38.21:075][382]LogModuleManager: Shutting down and abandoning module PackagesDialog (348)
[2017.04.17-16.38.21:075][382]LogModuleManager: Shutting down and abandoning module Persona (346)
[2017.04.17-16.38.21:075][382]LogModuleManager: Shutting down and abandoning module AnimGraph (345)
[2017.04.17-16.38.21:075][382]LogModuleManager: Shutting down and abandoning module Kismet (342)
[2017.04.17-16.38.21:076][382]LogModuleManager: Shutting down and abandoning module GraphEditor (340)
[2017.04.17-16.38.21:076][382]LogModuleManager: Shutting down and abandoning module ClassViewer (338)
[2017.04.17-16.38.21:076][382]LogModuleManager: Shutting down and abandoning module Toolbox (336)
[2017.04.17-16.38.21:076][382]LogModuleManager: Shutting down and abandoning module ModuleUI (334)
[2017.04.17-16.38.21:076][382]LogModuleManager: Shutting down and abandoning module MovieSceneTools (332)
[2017.04.17-16.38.21:076][382]LogModuleManager: Shutting down and abandoning module OutputLog (330)
[2017.04.17-16.38.21:076][382]LogModuleManager: Shutting down and abandoning module GammaUI (328)
[2017.04.17-16.38.21:076][382]LogModuleManager: Shutting down and abandoning module Documentation (326)
[2017.04.17-16.38.21:076][382]LogModuleManager: Shutting down and abandoning module Niagara (324)
[2017.04.17-16.38.21:076][382]LogModuleManager: Shutting down and abandoning module StreamingPauseRendering (322)
[2017.04.17-16.38.21:076][382]LogModuleManager: Shutting down and abandoning module AnalyticsET (320)
[2017.04.17-16.38.21:076][382]LogModuleManager: Shutting down and abandoning module PortalServices (318)
[2017.04.17-16.38.21:076][382]LogModuleManager: Shutting down and abandoning module PortalRpc (316)
[2017.04.17-16.38.21:076][382]LogModuleManager: Shutting down and abandoning module MessagingRpc (314)
[2017.04.17-16.38.21:076][382]LogModuleManager: Shutting down and abandoning module AIModule (312)
[2017.04.17-16.38.21:076][382]LogModuleManager: Shutting down and abandoning module GameplayDebugger (311)
[2017.04.17-16.38.21:076][382]LogModuleManager: Shutting down and abandoning module AITestSuite (309)
[2017.04.17-16.38.21:076][382]LogModuleManager: Shutting down and abandoning module ProfilerService (306)
[2017.04.17-16.38.21:293][382]LogModuleManager: Shutting down and abandoning module TaskGraph (304)
[2017.04.17-16.38.21:293][382]LogModuleManager: Shutting down and abandoning module SteamVRController (302)
[2017.04.17-16.38.21:293][382]LogModuleManager: Shutting down and abandoning module SteamVR (300)
[2017.04.17-16.38.21:293][382]LogModuleManager: Shutting down and abandoning module ProceduralMeshComponentEditor (298)
[2017.04.17-16.38.21:293][382]LogModuleManager: Shutting down and abandoning module ProceduralMeshComponent (296)
[2017.04.17-16.38.21:293][382]LogModuleManager: Shutting down and abandoning module OculusLibrary (294)
[2017.04.17-16.38.21:293][382]LogModuleManager: Shutting down and abandoning module OculusInput (292)
[2017.04.17-16.38.21:293][382]LogModuleManager: Shutting down and abandoning module MobilePatchingUtils (290)
[2017.04.17-16.38.21:293][382]LogModuleManager: Shutting down and abandoning module CustomMeshComponent (288)
[2017.04.17-16.38.21:293][382]LogModuleManager: Shutting down and abandoning module CableComponent (286)
[2017.04.17-16.38.21:293][382]LogModuleManager: Shutting down and abandoning module ArchVisCharacter (284)
[2017.04.17-16.38.21:293][382]LogModuleManager: Shutting down and abandoning module MediaPlayerEditor (280)
[2017.04.17-16.38.21:293][382]LogModuleManager: Shutting down and abandoning module HTML5Networking (278)
[2017.04.17-16.38.21:293][382]LogModuleManager: Shutting down and abandoning module AlembicImporter (276)
[2017.04.17-16.38.21:293][382]LogModuleManager: Shutting down and abandoning module AlembicLibrary (275)
[2017.04.17-16.38.21:293][382]LogModuleManager: Shutting down and abandoning module GeometryCache (274)
[2017.04.17-16.38.21:293][382]LogModuleManager: Shutting down and abandoning module GeometryCacheEd (273)
[2017.04.17-16.38.21:293][382]LogModuleManager: Shutting down and abandoning module SuperSearchEditor (268)
[2017.04.17-16.38.21:293][382]LogModuleManager: Shutting down and abandoning module SuperSearch (267)
[2017.04.17-16.38.21:293][382]LogModuleManager: Shutting down and abandoning module SpeedTreeImporter (264)
[2017.04.17-16.38.21:293][382]LogModuleManager: Shutting down and abandoning module PluginBrowser (262)
[2017.04.17-16.38.21:294][382]LogModuleManager: Shutting down and abandoning module MobileLauncherProfileWizard (260)
[2017.04.17-16.38.21:294][382]LogModuleManager: Shutting down and abandoning module EpicSurvey (258)
[2017.04.17-16.38.21:294][382]LogModuleManager: Shutting down and abandoning module VisualStudioSourceCodeAccess (256)
[2017.04.17-16.38.21:294][382]LogModuleManager: Shutting down and abandoning module DesktopPlatform (255)
[2017.04.17-16.38.21:294][382]LogModuleManager: Shutting down and abandoning module UObjectPlugin (252)
[2017.04.17-16.38.21:294][382]LogModuleManager: Shutting down and abandoning module SubversionSourceControl (250)
[2017.04.17-16.38.21:294][382]LogModuleManager: Shutting down and abandoning module PerforceSourceControl (248)
[2017.04.17-16.38.21:294][382]LogModuleManager: Shutting down and abandoning module GitSourceControl (246)
[2017.04.17-16.38.21:294][382]LogModuleManager: Shutting down and abandoning module SourceControl (245)
[2017.04.17-16.38.21:294][382]LogModuleManager: Shutting down and abandoning module LightPropagationVolumeEditor (242)
[2017.04.17-16.38.21:294][382]LogModuleManager: Shutting down and abandoning module PaperTiledImporter (240)
[2017.04.17-16.38.21:294][382]LogModuleManager: Shutting down and abandoning module PaperSpriteSheetImporter (238)
[2017.04.17-16.38.21:294][382]LogModuleManager: Shutting down and abandoning module Paper2DEditor (236)
[2017.04.17-16.38.21:294][382]LogModuleManager: Shutting down and abandoning module MeshPaint (235)
[2017.04.17-16.38.21:294][382]LogModuleManager: Shutting down and abandoning module LevelEditor (233)
[2017.04.17-16.38.21:295][382]LogModuleManager: Shutting down and abandoning module PixelInspectorModule (232)
[2017.04.17-16.38.21:295][382]LogModuleManager: Shutting down and abandoning module MainFrame (230)
[2017.04.17-16.38.21:295][382]LogModuleManager: Shutting down and abandoning module HotReload (229)
[2017.04.17-16.38.21:295][382]LogDirectoryWatcher: A directory notification for 'C:/Users/Sarah/Documents/Unreal Projects/04_BattleTank/BattleTank/Binaries/Win64' was aborted.
[2017.04.17-16.38.21:295][382]LogModuleManager: Shutting down and abandoning module ContentBrowser (225)
[2017.04.17-16.38.21:296][382]LogModuleManager: Shutting down and abandoning module BattleTank (222)
[2017.04.17-16.38.21:296][382]LogModuleManager: Shutting down and abandoning module PhysXVehiclesEditor (220)
[2017.04.17-16.38.21:296][382]LogModuleManager: Shutting down and abandoning module PhysXVehicles (218)
[2017.04.17-16.38.21:296][382]LogModuleManager: Shutting down and abandoning module LocationServicesBPLibrary (216)
[2017.04.17-16.38.21:296][382]LogModuleManager: Shutting down and abandoning module UdpMessaging (214)
[2017.04.17-16.38.21:397][382]LogModuleManager: Shutting down and abandoning module TcpMessaging (212)
[2017.04.17-16.38.21:498][382]LogModuleManager: Shutting down and abandoning module GameplayTagsEditor (210)
[2017.04.17-16.38.21:498][382]LogModuleManager: Shutting down and abandoning module FacialAnimationEditor (208)
[2017.04.17-16.38.21:498][382]LogModuleManager: Shutting down and abandoning module FacialAnimation (206)
[2017.04.17-16.38.21:498][382]LogModuleManager: Shutting down and abandoning module LightPropagationVolumeRuntime (204)
[2017.04.17-16.38.21:498][382]LogModuleManager: Shutting down and abandoning module Paper2D (202)
[2017.04.17-16.38.21:498][382]LogModuleManager: Shutting down and abandoning module WindowsMoviePlayer (200)
[2017.04.17-16.38.21:498][382]LogModuleManager: Shutting down and abandoning module WmfMedia (198)
[2017.04.17-16.38.21:498][382]LogModuleManager: Shutting down and abandoning module MfMedia (196)
[2017.04.17-16.38.21:498][382]LogModuleManager: Shutting down and abandoning module MediaAssets (194)
[2017.04.17-16.38.21:498][382]LogModuleManager: Shutting down and abandoning module GameLiveStreaming (192)
[2017.04.17-16.38.21:498][382]LogModuleManager: Shutting down and abandoning module VREditor (190)
[2017.04.17-16.38.21:498][382]LogModuleManager: Shutting down and abandoning module GameplayTasksEditor (188)
[2017.04.17-16.38.21:498][382]LogModuleManager: Shutting down and abandoning module BehaviorTreeEditor (186)
[2017.04.17-16.38.21:498][382]LogModuleManager: Shutting down and abandoning module FunctionalTesting (184)
[2017.04.17-16.38.21:498][382]LogModuleManager: Shutting down and abandoning module CollisionAnalyzer (182)
[2017.04.17-16.38.21:498][382]LogModuleManager: Shutting down and abandoning module UMG (180)
[2017.04.17-16.38.21:498][382]LogModuleManager: Shutting down and abandoning module UMGEditor (179)
[2017.04.17-16.38.21:498][382]LogModuleManager: Shutting down and abandoning module Sequencer (178)
[2017.04.17-16.38.21:498][382]LogModuleManager: Shutting down and abandoning module AssetTools (176)
[2017.04.17-16.38.21:498][382]LogModuleManager: Shutting down and abandoning module MessageLog (175)
[2017.04.17-16.38.21:499][382]LogModuleManager: Shutting down and abandoning module WorkspaceMenuStructure (174)
[2017.04.17-16.38.21:499][382]LogModuleManager: Shutting down and abandoning module SlateReflector (168)
[2017.04.17-16.38.21:499][382]LogModuleManager: Shutting down and abandoning module Slate (166)
[2017.04.17-16.38.21:499][382]LogModuleManager: Shutting down and abandoning module EditorStyle (164)
[2017.04.17-16.38.21:501][382]LogModuleManager: Shutting down and abandoning module SourceCodeAccess (162)
[2017.04.17-16.38.21:502][382]LogModuleManager: Shutting down and abandoning module HeadMountedDisplay (160)
[2017.04.17-16.38.21:502][382]LogModuleManager: Shutting down and abandoning module XAudio2 (158)
[2017.04.17-16.38.21:502][382]LogModuleManager: Shutting down and abandoning module Networking (156)
[2017.04.17-16.38.21:502][382]LogModuleManager: Shutting down and abandoning module Core (152)
[2017.04.17-16.38.21:502][382]LogModuleManager: Shutting down and abandoning module AssetRegistry (150)
[2017.04.17-16.38.21:699][382]LogDirectoryWatcher: A directory notification for '../../../Engine/Content/' was aborted.
[2017.04.17-16.38.21:699][382]LogDirectoryWatcher: A directory notification for '../../../../../../Users/Sarah/Documents/Unreal Projects/04_BattleTank/BattleTank/Content/' was aborted.
[2017.04.17-16.38.21:699][382]LogDirectoryWatcher: A directory notification for '../../../Engine/Plugins/2D/Paper2D/Content/' was aborted.
[2017.04.17-16.38.21:699][382]LogModuleManager: Shutting down and abandoning module DirectoryWatcher (149)
[2017.04.17-16.38.21:700][382]LogModuleManager: Shutting down and abandoning module KismetCompiler (146)
[2017.04.17-16.38.21:700][382]LogModuleManager: Shutting down and abandoning module PhysXFormats (144)
[2017.04.17-16.38.21:700][382]LogModuleManager: Shutting down and abandoning module MeshUtilities (142)
[2017.04.17-16.38.21:700][382]LogModuleManager: Shutting down and abandoning module SimplygonSwarm (141)
[2017.04.17-16.38.21:700][382]LogModuleManager: Shutting down and abandoning module SimplygonMeshReduction (139)
[2017.04.17-16.38.21:700][382]LogModuleManager: Shutting down and abandoning module QuadricMeshReduction (137)
[2017.04.17-16.38.21:700][382]LogModuleManager: Shutting down and abandoning module PropertyEditor (135)
[2017.04.17-16.38.21:700][382]LogModuleManager: Shutting down and abandoning module DerivedDataCache (132)
[2017.04.17-16.38.21:728][382]LogDerivedDataCache: Shutdown
[2017.04.17-16.38.21:728][382]LogModuleManager: Shutting down and abandoning module TargetPlatform (130)
[2017.04.17-16.38.21:728][382]LogModuleManager: Shutting down and abandoning module VulkanShaderFormat (129)
[2017.04.17-16.38.21:728][382]LogModuleManager: Shutting down and abandoning module ShaderFormatOpenGL (127)
[2017.04.17-16.38.21:728][382]LogModuleManager: Shutting down and abandoning module ShaderFormatD3D (125)
[2017.04.17-16.38.21:728][382]LogModuleManager: Shutting down and abandoning module MetalShaderFormat (123)
[2017.04.17-16.38.21:728][382]LogModuleManager: Shutting down and abandoning module TextureFormatUncompressed (121)
[2017.04.17-16.38.21:728][382]LogModuleManager: Shutting down and abandoning module TextureFormatPVR (119)
[2017.04.17-16.38.21:728][382]LogModuleManager: Shutting down and abandoning module TextureFormatDXT (117)
[2017.04.17-16.38.21:728][382]LogModuleManager: Shutting down and abandoning module TextureFormatIntelISPCTexComp (115)
[2017.04.17-16.38.21:728][382]LogModuleManager: Shutting down and abandoning module TextureFormatASTC (113)
[2017.04.17-16.38.21:729][382]LogModuleManager: Shutting down and abandoning module ImageWrapper (112)
[2017.04.17-16.38.21:729][382]LogModuleManager: Shutting down and abandoning module TextureFormatAndroid (109)
[2017.04.17-16.38.21:729][382]LogModuleManager: Shutting down and abandoning module AudioFormatOpus (107)
[2017.04.17-16.38.21:729][382]LogModuleManager: Shutting down and abandoning module AudioFormatOgg (105)
[2017.04.17-16.38.21:729][382]LogModuleManager: Shutting down and abandoning module AudioFormatADPCM (103)
[2017.04.17-16.38.21:729][382]LogModuleManager: Shutting down and abandoning module LinuxTargetPlatform (101)
[2017.04.17-16.38.21:729][382]LogModuleManager: Shutting down and abandoning module LinuxServerTargetPlatform (99)
[2017.04.17-16.38.21:729][382]LogModuleManager: Shutting down and abandoning module LinuxNoEditorTargetPlatform (97)
[2017.04.17-16.38.21:729][382]LogModuleManager: Shutting down and abandoning module LinuxClientTargetPlatform (95)
[2017.04.17-16.38.21:729][382]LogModuleManager: Shutting down and abandoning module TVOSTargetPlatform (93)
[2017.04.17-16.38.21:729][382]LogModuleManager: Shutting down and abandoning module Messaging (91)
[2017.04.17-16.38.21:729][382]LogModuleManager: Shutting down and abandoning module IOSTargetPlatform (89)
[2017.04.17-16.38.21:729][382]LogModuleManager: Shutting down and abandoning module HTML5TargetPlatform (87)
[2017.04.17-16.38.21:729][382]LogModuleManager: Shutting down and abandoning module Android_PVRTCTargetPlatform (85)
[2017.04.17-16.38.21:729][382]LogModuleManager: Shutting down and abandoning module Android_MultiTargetPlatform (83)
[2017.04.17-16.38.21:729][382]LogModuleManager: Shutting down and abandoning module Android_ETC2TargetPlatform (81)
[2017.04.17-16.38.21:729][382]LogModuleManager: Shutting down and abandoning module Android_ETC1TargetPlatform (79)
[2017.04.17-16.38.21:729][382]LogModuleManager: Shutting down and abandoning module Android_DXTTargetPlatform (77)
[2017.04.17-16.38.21:729][382]LogModuleManager: Shutting down and abandoning module Android_ATCTargetPlatform (75)
[2017.04.17-16.38.21:729][382]LogModuleManager: Shutting down and abandoning module Android_ASTCTargetPlatform (73)
[2017.04.17-16.38.21:729][382]LogModuleManager: Shutting down and abandoning module AndroidTargetPlatform (71)
[2017.04.17-16.38.21:729][382]LogModuleManager: Shutting down and abandoning module WindowsTargetPlatform (69)
[2017.04.17-16.38.21:729][382]LogModuleManager: Shutting down and abandoning module WindowsServerTargetPlatform (67)
[2017.04.17-16.38.21:729][382]LogModuleManager: Shutting down and abandoning module WindowsNoEditorTargetPlatform (65)
[2017.04.17-16.38.21:729][382]LogModuleManager: Shutting down and abandoning module WindowsClientTargetPlatform (63)
[2017.04.17-16.38.21:729][382]LogModuleManager: Shutting down and abandoning module MacTargetPlatform (61)
[2017.04.17-16.38.21:729][382]LogModuleManager: Shutting down and abandoning module MacServerTargetPlatform (59)
[2017.04.17-16.38.21:729][382]LogModuleManager: Shutting down and abandoning module MacNoEditorTargetPlatform (57)
[2017.04.17-16.38.21:729][382]LogModuleManager: Shutting down and abandoning module MacClientTargetPlatform (55)
[2017.04.17-16.38.21:729][382]LogModuleManager: Shutting down and abandoning module AllDesktopTargetPlatform (53)
[2017.04.17-16.38.21:729][382]LogModuleManager: Shutting down and abandoning module InputCore (50)
[2017.04.17-16.38.21:729][382]LogModuleManager: Shutting down and abandoning module Settings (48)
[2017.04.17-16.38.21:729][382]LogModuleManager: Shutting down and abandoning module OculusRift (46)
[2017.04.17-16.38.21:729][382]LogModuleManager: Shutting down and abandoning module ExampleDeviceProfileSelector (44)
[2017.04.17-16.38.21:729][382]LogModuleManager: Shutting down and abandoning module OnlineBlueprintSupport (42)
[2017.04.17-16.38.21:729][382]LogModuleManager: Shutting down and abandoning module OnlineSubsystem (38)
[2017.04.17-16.38.21:729][382]LogOnline:Display: Unloading online subsystem: NULL
[2017.04.17-16.38.21:729][382]LogModuleManager: Shutting down and abandoning module XMPP (37)
[2017.04.17-16.38.21:729][382]LogModuleManager: Shutting down and abandoning module HTTP (35)
[2017.04.17-16.38.21:729][382]LogHttp:Display: Http module shutting down, but needs to wait on 1 outstanding Http requests:
[2017.04.17-16.38.21:729][382]LogHttp:Display: 	verb=[POST] url=[https://datarouter.ol.epicgames.com/datarouter/api/v1/public/data?SessionID=%7B25F7C658-4C96-F6AA-4E77-B3899BDFBF18%7D&AppID=UEEditor.Rocket.Release&AppVersion=4.15.0-3299760%2B%2B%2BUE4%2BRelease-4.15&UserID=7c76bde54574978307451eb1166a1f79%7C58448bdb2ce4468ba1b793c4adc2bec4%7C1fb00c8d-b537-477f-9d94-6fe8d09492ec&AppEnvironment=datacollector-binary&UploadType=eteventstream] status=Processing
[2017.04.17-16.38.21:738][382]LogModuleManager: Shutting down and abandoning module SSL (34)
[2017.04.17-16.38.21:739][382]LogModuleManager: Shutting down and abandoning module AudioEditor (30)
[2017.04.17-16.38.21:739][382]LogModuleManager: Shutting down and abandoning module TextureCompressor (28)
[2017.04.17-16.38.21:739][382]LogModuleManager: Shutting down and abandoning module ShaderCore (26)
[2017.04.17-16.38.21:739][382]LogModuleManager: Shutting down and abandoning module Landscape (24)
[2017.04.17-16.38.21:739][382]LogModuleManager: Shutting down and abandoning module SlateRHIRenderer (22)
[2017.04.17-16.38.21:740][382]LogModuleManager: Shutting down and abandoning module OpenGLDrv (20)
[2017.04.17-16.38.21:740][382]LogModuleManager: Shutting down and abandoning module D3D11RHI (18)
[2017.04.17-16.38.21:740][382]LogModuleManager: Shutting down and abandoning module AnimGraphRuntime (16)
[2017.04.17-16.38.21:740][382]LogModuleManager: Shutting down and abandoning module Renderer (14)
[2017.04.17-16.38.21:740][382]LogModuleManager: Shutting down and abandoning module Engine (12)
[2017.04.17-16.38.21:740][382]LogModuleManager: Shutting down and abandoning module CoreUObject (10)
[2017.04.17-16.38.21:740][382]LogModuleManager: Shutting down and abandoning module NetworkFile (8)
[2017.04.17-16.38.21:740][382]LogModuleManager: Shutting down and abandoning module StreamingFile (6)
[2017.04.17-16.38.21:740][382]LogModuleManager: Shutting down and abandoning module SandboxFile (4)
[2017.04.17-16.38.21:740][382]LogModuleManager: Shutting down and abandoning module PakFile (2)
[2017.04.17-16.38.21:742][382]LogExit: Exiting.
[2017.04.17-16.38.21:744][382]Log file closed, 04/17/17 17:38:21
