Log file open, 05/03/17 10:03:11
LogInit:Display: Running engine for game: BattleTank
LogPlatformFile: Not using cached read wrapper
LogInit:Display: RandInit(942231474) SRandInit(942231474).
LogTaskGraph: Started task graph with 5 named threads and 8 total threads with 1 sets of task threads.
LogStats: Stats thread started at 0.080971
LogInit: Using libcurl 7.47.1
LogInit:  - built for x86_64-pc-win32
LogInit:  - supports SSL with OpenSSL/1.0.2g
LogInit:  - supports HTTP deflate (compression) using libz 1.2.8
LogInit:  - other features:
LogInit:      CURL_VERSION_SSL
LogInit:      CURL_VERSION_LIBZ
LogInit:      CURL_VERSION_IPV6
LogInit:      CURL_VERSION_ASYNCHDNS
LogInit:      CURL_VERSION_LARGEFILE
LogInit:      CURL_VERSION_IDN
LogInit:  CurlRequestOptions (configurable via config and command line):
LogInit:  - bVerifyPeer = false  - Libcurl will NOT verify peer certificate
LogInit:  - bUseHttpProxy = false  - Libcurl will NOT use HTTP proxy
LogInit:  - bDontReuseConnections = false  - Libcurl will reuse connections
LogInit:  - CertBundlePath = nullptr  - Libcurl will use whatever was configured at build time.
LogInit: Build: ++UE4+Release-4.15-CL-3348071
LogInit: Engine Version: 4.15.1-3348071+++UE4+Release-4.15
LogInit: Compatible Engine Version: 4.15.0-3299760+++UE4+Release-4.15
LogInit: Net CL: 3299760
LogDevObjectVersion: Number of dev versions registered: 14
LogDevObjectVersion:   Dev-Blueprints (B0D832E4-1F89-4F0D-ACCF-7EB736FD4AA2): 8
LogDevObjectVersion:   Dev-Build (E1C64328-A22C-4D53-A36C-8E866417BD8C): 0
LogDevObjectVersion:   Dev-Core (375EC13C-06E4-48FB-B500-84F0262A717E): 2
LogDevObjectVersion:   Dev-Editor (E4B068ED-F494-42E9-A231-DA0B2E46BB41): 14
LogDevObjectVersion:   Dev-Framework (CFFC743F-43B0-4480-9391-14DF171D2073): 22
LogDevObjectVersion:   Dev-Mobile (B02B49B5-BB20-44E9-A304-32B752E40360): 0
LogDevObjectVersion:   Dev-Networking (A4E4105C-59A1-49B5-A7C5-40C4547EDFEE): 0
LogDevObjectVersion:   Dev-Online (39C831C9-5AE6-47DC-9A44-9C173E1C8E7C): 0
LogDevObjectVersion:   Dev-Physics (78F01B33-EBEA-4F98-B9B4-84EACCB95AA2): 0
LogDevObjectVersion:   Dev-Platform (6631380F-2D4D-43E0-8009-CF276956A95A): 0
LogDevObjectVersion:   Dev-Rendering (12F88B9F-8875-4AFC-A67C-D90C383ABD29): 12
LogDevObjectVersion:   Dev-Sequencer (7B5AE74C-D270-4C10-A958-57980B212A5A): 3
LogDevObjectVersion:   Dev-VR (D7296918-1DD6-4BDD-9DE2-64A83CC13884): 0
LogDevObjectVersion:   Dev-LoadTimes (C2A15278-BFE7-4AFE-6C17-90FF531DF755): 1
LogInit: Compiled (64-bit): Mar 15 2017 16:52:47
LogInit: Compiled with Visual C++: 19.00.23026.00
LogInit: Build Configuration: Development
LogInit: Branch Name: ++UE4+Release-4.15
LogInit: Command line: -EpicPortal 
LogInit: Base directory: C:/Program Files/Epic Games/UE_4.15/Engine/Binaries/Win64/
LogInit: Installed Engine Build: 1
LogInit: Presizing for max 8388607 objects, including 0 objects not considered by GC, pre-allocating 0 bytes for permanent pool.
LogInit: Object subsystem initialized
[2017.05.03-09.03.11:810][  0]LogInit: Selected Device Profile: [Windows]
[2017.05.03-09.03.11:810][  0]LogInit: Applying CVar settings loaded from the selected device profile: [Windows]
[2017.05.03-09.03.11:828][  0]LogInit: Computer: DESKTOP-7RIOMGQ
[2017.05.03-09.03.11:828][  0]LogInit: User: Ed
[2017.05.03-09.03.11:828][  0]LogInit: CPU Page size=65536, Cores=4
[2017.05.03-09.03.11:828][  0]LogInit: High frequency timer resolution =3.421877 MHz
[2017.05.03-09.03.11:828][  0]LogMemory: Memory total: Physical=16.0GB (16GB approx)
[2017.05.03-09.03.11:828][  0]LogMemory: Platform Memory Stats for Windows
[2017.05.03-09.03.11:828][  0]LogMemory: Process Physical Memory: 264.24 MB used, 264.24 MB peak
[2017.05.03-09.03.11:828][  0]LogMemory: Process Virtual Memory: 262.30 MB used, 262.30 MB peak
[2017.05.03-09.03.11:828][  0]LogMemory: Physical Memory: 3543.79 MB used,  12797.19 MB free, 16340.98 MB total
[2017.05.03-09.03.11:828][  0]LogMemory: Virtual Memory: 643.96 MB used,  12797.19 MB free, 134217728.00 MB total
[2017.05.03-09.03.12:017][  0]LogTextLocalizationManager: No specific translations for ('en-GB') exist, so ('en') translations will be used.
[2017.05.03-09.03.13:484][  0]LogD3D11RHI: D3D11 adapters:
[2017.05.03-09.03.13:499][  0]LogD3D11RHI:    0. 'Radeon (TM) RX 480 Graphics' (Feature Level 11_0)
[2017.05.03-09.03.13:500][  0]LogD3D11RHI:       8140/0/8170 MB DedicatedVideo/DedicatedSystem/SharedSystem, Outputs:1, VendorId:0x1002
[2017.05.03-09.03.13:501][  0]LogD3D11RHI:    1. 'Microsoft Basic Render Driver' (Feature Level 11_0)
[2017.05.03-09.03.13:501][  0]LogD3D11RHI:       0/0/8170 MB DedicatedVideo/DedicatedSystem/SharedSystem, Outputs:0, VendorId:0x1414
[2017.05.03-09.03.13:501][  0]LogD3D11RHI: Chosen D3D11 Adapter: 0
[2017.05.03-09.03.13:503][  0]LogD3D11RHI: Creating new Direct3DDevice
[2017.05.03-09.03.13:503][  0]LogD3D11RHI:     GPU DeviceId: 0x67df (for the marketing name, search the web for "GPU Device Id")
[2017.05.03-09.03.13:503][  0]LogWindows: EnumDisplayDevices:
[2017.05.03-09.03.13:503][  0]LogWindows:    0. 'Radeon (TM) RX 480 Graphics' (P:1 D:1)
[2017.05.03-09.03.13:503][  0]LogWindows:    1. 'Radeon (TM) RX 480 Graphics' (P:0 D:0)
[2017.05.03-09.03.13:504][  0]LogWindows:    2. 'Radeon (TM) RX 480 Graphics' (P:0 D:0)
[2017.05.03-09.03.13:504][  0]LogWindows:    3. 'Radeon (TM) RX 480 Graphics' (P:0 D:0)
[2017.05.03-09.03.13:504][  0]LogWindows:    4. 'Radeon (TM) RX 480 Graphics' (P:0 D:0)
[2017.05.03-09.03.13:504][  0]LogWindows:    5. 'Radeon (TM) RX 480 Graphics' (P:0 D:0)
[2017.05.03-09.03.13:504][  0]LogWindows: DebugString: FoundDriverCount:6 
[2017.05.03-09.03.13:504][  0]LogD3D11RHI:     Adapter Name: Radeon (TM) RX 480 Graphics
[2017.05.03-09.03.13:504][  0]LogD3D11RHI:   Driver Version: Crimson 16.7.2 (internal:16.200.1035.1001, unified:16.200.1035.1001)
[2017.05.03-09.03.13:504][  0]LogD3D11RHI:      Driver Date: 7-8-2016
[2017.05.03-09.03.13:504][  0]LogRHI: Texture pool is 1361 MB (70% of 1945 MB)
[2017.05.03-09.03.13:968][  0]LogD3D11RHI: Async texture creation enabled
[2017.05.03-09.03.13:977][  0]LogD3D11RHI: GPU Timing Frequency: 25.000000 (Debug: 2 1)
[2017.05.03-09.03.13:977][  0]LogShaderCompilers: Guid format shader working directory is -34 characters bigger than the processId version (../../../../../../Users/Ed/Documents/Unreal Projects/04_BattleTank/BattleTank/Intermediate/Shaders/WorkingDirectory/2240/).
[2017.05.03-09.03.13:977][  0]LogShaderCompilers: Cleaned the shader compiler working directory 'C:/Users/Ed/AppData/Local/Temp/UnrealShaderWorkingDir/62D4F4FB4E0487B1364189ACE2722063/'.
[2017.05.03-09.03.13:977][  0]LogShaderCompilers:Display: Using Local Shader Compiler.
[2017.05.03-09.03.15:389][  0]LogTemp:Display: Loaded TP AllDesktopTargetPlatform
[2017.05.03-09.03.15:426][  0]LogTemp:Display: Loaded TP MacClientTargetPlatform
[2017.05.03-09.03.15:463][  0]LogTemp:Display: Loaded TP MacNoEditorTargetPlatform
[2017.05.03-09.03.15:501][  0]LogTemp:Display: Loaded TP MacServerTargetPlatform
[2017.05.03-09.03.15:540][  0]LogTemp:Display: Loaded TP MacTargetPlatform
[2017.05.03-09.03.15:578][  0]LogTemp:Display: Loaded TP WindowsClientTargetPlatform
[2017.05.03-09.03.15:615][  0]LogTemp:Display: Loaded TP WindowsNoEditorTargetPlatform
[2017.05.03-09.03.15:653][  0]LogTemp:Display: Loaded TP WindowsServerTargetPlatform
[2017.05.03-09.03.15:683][  0]LogTemp:Display: Loaded TP WindowsTargetPlatform
[2017.05.03-09.03.15:721][  0]LogTemp:Display: Loaded TP AndroidTargetPlatform
[2017.05.03-09.03.15:758][  0]LogTemp:Display: Loaded TP Android_ASTCTargetPlatform
[2017.05.03-09.03.15:794][  0]LogTemp:Display: Loaded TP Android_ATCTargetPlatform
[2017.05.03-09.03.15:831][  0]LogTemp:Display: Loaded TP Android_DXTTargetPlatform
[2017.05.03-09.03.15:867][  0]LogTemp:Display: Loaded TP Android_ETC1TargetPlatform
[2017.05.03-09.03.15:903][  0]LogTemp:Display: Loaded TP Android_ETC2TargetPlatform
[2017.05.03-09.03.15:976][  0]LogTemp:Display: Loaded TP Android_MultiTargetPlatform
[2017.05.03-09.03.15:976][  0]LogTemp:Display: Loaded TP Android_PVRTCTargetPlatform
[2017.05.03-09.03.16:001][  0]LogTemp:Display: Loaded TP HTML5TargetPlatform
[2017.05.03-09.03.16:090][  0]LogTemp:Display: Loaded TP IOSTargetPlatform
[2017.05.03-09.03.16:114][  0]LogTemp:Display: Loaded TP TVOSTargetPlatform
[2017.05.03-09.03.16:151][  0]LogTemp:Display: Loaded TP LinuxClientTargetPlatform
[2017.05.03-09.03.16:187][  0]LogTemp:Display: Loaded TP LinuxNoEditorTargetPlatform
[2017.05.03-09.03.16:223][  0]LogTemp:Display: Loaded TP LinuxServerTargetPlatform
[2017.05.03-09.03.16:262][  0]LogTemp:Display: Loaded TP LinuxTargetPlatform
[2017.05.03-09.03.16:262][  0]LogTargetPlatformManager:Display: Building Assets For Windows
[2017.05.03-09.03.16:689][  0]LogDerivedDataCache:Display: Max Cache Size: 512 MB
[2017.05.03-09.03.16:725][  0]LogDerivedDataCache: Loaded boot cache 0.04s 50MB C:/Users/Ed/AppData/Local/UnrealEngine/4.15/DerivedDataCache/Boot.ddc.
[2017.05.03-09.03.16:726][  0]LogDerivedDataCache:Display: Loaded Boot cache: C:/Users/Ed/AppData/Local/UnrealEngine/4.15/DerivedDataCache/Boot.ddc
[2017.05.03-09.03.16:726][  0]LogDerivedDataCache: FDerivedDataBackendGraph:  Pak pak cache file ../../../../../../Users/Ed/Documents/Unreal Projects/04_BattleTank/BattleTank/DerivedDataCache/DDC.ddp not found, will not use a pak cache.
[2017.05.03-09.03.16:726][  0]LogDerivedDataCache: Unable to find inner node Pak for hierarchical cache Hierarchy.
[2017.05.03-09.03.16:726][  0]LogDerivedDataCache: FDerivedDataBackendGraph:  CompressedPak pak cache file ../../../../../../Users/Ed/Documents/Unreal Projects/04_BattleTank/BattleTank/DerivedDataCache/Compressed.ddp not found, will not use a pak cache.
[2017.05.03-09.03.16:726][  0]LogDerivedDataCache: Unable to find inner node CompressedPak for hierarchical cache Hierarchy.
[2017.05.03-09.03.16:742][  0]LogDerivedDataCache:Display: Pak cache opened for reading ../../../Engine/DerivedDataCache/Compressed.ddp.
[2017.05.03-09.03.16:754][  0]LogDerivedDataCache: Using Local data cache path C:/Users/Ed/AppData/Local/UnrealEngine/Common/DerivedDataCache: Writable
[2017.05.03-09.03.16:760][  0]LogSlate: Using Freetype 2.6.0
[2017.05.03-09.03.16:767][  0]LogSlate: SlateFontCache - WITH_FREETYPE: 1, WITH_HARFBUZZ: 1
[2017.05.03-09.03.16:767][  0]LogSlate: SlateFontCache - WITH_FREETYPE: 1, WITH_HARFBUZZ: 1
[2017.05.03-09.03.18:643][  0]LogInit: Selected Device Profile: [Windows]
[2017.05.03-09.03.18:644][  0]LogContentStreaming: Texture pool size is 0.00 MB
[2017.05.03-09.03.18:804][  0]LogMeshUtilities: Using QuadricMeshReduction for automatic static mesh reduction
[2017.05.03-09.03.18:832][  0]LogSimplygon: Simplygon DLL not present - disabling.
[2017.05.03-09.03.18:863][  0]LogMeshUtilities: Using SimplygonSwarm for distributed automatic mesh merging
[2017.05.03-09.03.18:863][  0]LogMeshUtilities: No automatic skeletal mesh reduction module available
[2017.05.03-09.03.18:863][  0]LogMeshUtilities: No automatic mesh merging module available
[2017.05.03-09.03.19:554][  0]LogNetVersion: GetLocalNetworkVersion: CL: 3299760, ProjectName: battletank, ProjectVersion: , EngineNetworkVersion: 2, GameNetworkVersion: 0, NetworkChecksum: 2512795372
[2017.05.03-09.03.19:592][  0]LogAssetRegistry: FAssetRegistry took 0.0222 seconds to start up
[2017.05.03-09.03.19:628][  0]LogPackageLocalizationCache: Processed 3 localized package path(s) for 2 prioritized culture(s) in 0.021941 seconds
[2017.05.03-09.03.19:632][  0]LogUObjectArray: 32493 objects as part of root set at end of initial load.
[2017.05.03-09.03.19:632][  0]LogUObjectAllocator: 7077024 out of 0 bytes used by permanent object pool.
[2017.05.03-09.03.19:632][  0]LogUObjectArray: CloseDisregardForGC: 0/0 objects in disregard for GC pool
[2017.05.03-09.03.19:673][  0]LogInit: WinSock: version 1.1 (2.2), MaxSocks=32767, MaxUdp=65467
[2017.05.03-09.03.21:166][  0]LogTcpMessaging: Initializing TcpMessaging bridge
[2017.05.03-09.03.21:197][  0]LogUdpMessaging: Initializing bridge on interface 0.0.0.0:0 to multicast group 230.0.0.1:6666.
[2017.05.03-09.03.21:619][  0]LogMaterial: Uniform references updated for custom material expression Custom.
[2017.05.03-09.03.21:910][  0]SourceControl: Info Source control is disabled
[2017.05.03-09.03.21:988][  0]SourceControl: Info Source control is disabled
[2017.05.03-09.03.22:018][  0]SourceControl: Info Source control is disabled
[2017.05.03-09.03.22:049][  0]SourceControl: Info Source control is disabled
[2017.05.03-09.03.22:921][  0]LogEngine: Initializing Engine...
[2017.05.03-09.03.22:922][  0]LogHMD: Failed to initialize OpenVR with code 110
[2017.05.03-09.03.23:142][  0]LogAIModule: Creating AISystem for world Untitled
[2017.05.03-09.03.23:150][  0]LogInit: XAudio2 using '1 - Acer XR341CK (AMD High Definition Audio Device)' : 2 channels at 48 kHz using 16 bits per sample (channel mask 0x3)
[2017.05.03-09.03.23:164][  0]LogInit: FAudioDevice initialized.
[2017.05.03-09.03.23:181][  0]LogDerivedDataCache: Saved boot cache 0.02s 50MB C:/Users/Ed/AppData/Local/UnrealEngine/4.15/DerivedDataCache/Boot.ddc.
[2017.05.03-09.03.23:184][  0]LogInit: Texture streaming: Enabled
[2017.05.03-09.03.23:245][  0]LogEngineSessionManager: EngineSessionManager initialized
[2017.05.03-09.03.23:301][  0]LogInit: Transaction tracking system initialized
[2017.05.03-09.03.23:521][  0]BlueprintLog: New page: Editor Load
[2017.05.03-09.03.24:115][  0]LocalizationService: Info Localization service is disabled
[2017.05.03-09.03.24:548][  0]LogConsoleResponse:Display: 
[2017.05.03-09.03.24:763][  0]LogCook:Display: Max memory allowance for cook 16384mb min free memory 0mb
[2017.05.03-09.03.24:763][  0]LogCook:Display: Mobile HDR setting 1
[2017.05.03-09.03.24:905][  0]LogFileCache: Scanning file cache for directory 'C:/Users/Ed/Documents/Unreal Projects/04_BattleTank/BattleTank/Content/' took 0.01s
[2017.05.03-09.03.25:450][  0]SourceControl: Info Source control is disabled
[2017.05.03-09.03.25:450][  0]Cmd: MAP LOAD FILE="../../../../../../Users/Ed/Documents/Unreal Projects/04_BattleTank/BattleTank/Content/Levels/BattleGround.umap" TEMPLATE=0 SHOWPROGRESS=1 FEATURELEVEL=3
[2017.05.03-09.03.25:450][  0]LightingResults: New page: Lighting Build
[2017.05.03-09.03.25:476][  0]MapCheck: New page: Map Check
[2017.05.03-09.03.25:476][  0]LightingResults: New page: Lighting Build
[2017.05.03-09.03.26:165][  0]LogAIModule: Creating AISystem for world BattleGround
[2017.05.03-09.03.26:354][  0]LogEditorServer: Finished looking for orphan Actors (0.000 secs)
[2017.05.03-09.03.26:357][  0]Cmd: MAP CHECKDEP NOCLEARLOG
[2017.05.03-09.03.26:385][  0]MapCheck: Info Map check complete: 0 Error(s), 0 Warning(s), took 28.374ms to complete.
[2017.05.03-09.03.26:385][  0]LogFileHelpers: Loading map 'BattleGround' took 0.935
[2017.05.03-09.03.26:543][  0]LogCollectionManager: Loaded 1 collections in 0.002844 seconds
[2017.05.03-09.03.26:615][  0]LogFileCache: Scanning file cache for directory 'C:/Users/Ed/Documents/Unreal Projects/04_BattleTank/BattleTank/Saved/Collections/' took 0.01s
[2017.05.03-09.03.26:615][  0]LogFileCache: Scanning file cache for directory 'C:/Users/Ed/Documents/Unreal Projects/04_BattleTank/BattleTank/Content/Developers/Ed/Collections/' took 0.01s
[2017.05.03-09.03.26:615][  0]LogFileCache: Scanning file cache for directory 'C:/Users/Ed/Documents/Unreal Projects/04_BattleTank/BattleTank/Content/Collections/' took 0.01s
[2017.05.03-09.03.26:615][  0]LogCollectionManager: Rebuilt the GUID cache for 1 collections in 0.000003 seconds
[2017.05.03-09.03.26:615][  0]LogCollectionManager: Rebuilt the hierarchy cache for 1 collections in 0.000000 seconds
[2017.05.03-09.03.26:624][  0]LogContentBrowser: Native class hierarchy populated in 0.0076 seconds. Added 2256 classes and 456 folders.
[2017.05.03-09.03.26:628][  0]LogStats: UGameplayTagsManager::ConstructGameplayTagTree: Construct from data asset -  0.000 s
[2017.05.03-09.03.26:629][  0]LogStats: UGameplayTagsManager::ConstructGameplayTagTree: GameplayTagTreeChangedEvent.Broadcast -  0.000 s
[2017.05.03-09.03.26:670][  0]LogContentBrowser: Native class hierarchy updated for 'WidgetCarousel' in 0.0014 seconds. Added 0 classes and 0 folders.
[2017.05.03-09.03.26:908][  0]LogContentBrowser: Native class hierarchy updated for 'AddContentDialog' in 0.0015 seconds. Added 0 classes and 0 folders.
[2017.05.03-09.03.26:957][  0]LogContentBrowser: Native class hierarchy updated for 'SceneOutliner' in 0.0014 seconds. Added 1 classes and 2 folders.
[2017.05.03-09.03.27:012][  0]LogCrashTracker: Crashtracker disabled due to settings.
[2017.05.03-09.03.27:018][  0]LogUObjectGlobals:Warning: Failed to find object 'Class None.'
[2017.05.03-09.03.27:068][  0]LogContentBrowser: Native class hierarchy updated for 'HierarchicalLODOutliner' in 0.0014 seconds. Added 1 classes and 2 folders.
[2017.05.03-09.03.27:068][  0]LogLoad: (Engine Initialization) Total time: 17.58 seconds
[2017.05.03-09.03.27:068][  0]LogLoad: (Engine Initialization) Total Blueprint compile time: 0.15 seconds
[2017.05.03-09.03.27:068][  0]LogExternalProfiler: No external profilers were discovered.  External profiling features will not be available.
[2017.05.03-09.03.27:407][  0]LogOcInput: OculusInput pre-init called
[2017.05.03-09.03.27:420][  0]LogAssetRegistry: Asset discovery search completed in 7.8502 seconds
[2017.05.03-09.03.27:420][  0]LogCollectionManager: Rebuilt the object cache for 1 collections in 0.000003 seconds (found 0 objects)
[2017.05.03-09.03.27:420][  0]LogCollectionManager: Fixed up redirectors for 1 collections in 0.000015 seconds (updated 0 objects)
[2017.05.03-09.03.27:425][  0]LogContentStreaming: Texture pool size now 1000 MB
[2017.05.03-09.03.27:435][  0]LogSlate: Took 0.002144 seconds to synchronously load lazily loaded font '../../../Engine/Content/Slate/Fonts/Roboto-Regular.ttf' (155K)
[2017.05.03-09.03.27:440][  0]LogSlate: Took 0.002182 seconds to synchronously load lazily loaded font '../../../Engine/Content/Slate/Fonts/Roboto-Bold.ttf' (160K)
[2017.05.03-09.03.27:448][  0]LogSlate: Took 0.003377 seconds to synchronously load lazily loaded font '../../../Engine/Content/Editor/Slate/Fonts/FontAwesome.ttf' (139K)
[2017.05.03-09.03.27:451][  0]LogSlate: Took 0.002903 seconds to synchronously load lazily loaded font '../../../Engine/Content/Editor/Slate/Fonts/DroidSansMono.ttf' (77K)
[2017.05.03-09.03.27:755][  2]LogRenderer: Reallocating scene render targets to support 1148x744 NumSamples 1 (Frame:2).
[2017.05.03-09.03.34:468][223]LogTemp: Repeting last play command: Selected Viewport
[2017.05.03-09.03.34:482][223]LogBlueprintUserMessages: Early PlayInEditor Detection: Level '/Game/Levels/BattleGround.BattleGround:PersistentLevel' has LevelScriptBlueprint '/Game/Levels/BattleGround.BattleGround:PersistentLevel.BattleGround' with GeneratedClass '/Game/Levels/BattleGround.BattleGround_C' with ClassGeneratedBy '/Game/Levels/BattleGround.BattleGround:PersistentLevel.BattleGround'
[2017.05.03-09.03.34:482][223]LogPlayLevel: PlayLevel: No blueprints needed recompiling
[2017.05.03-09.03.34:483][223]PIE: New page: PIE session: BattleGround (3 May 2017 11:03:34)
[2017.05.03-09.03.34:483][223]LogPlayLevel: Creating play world package: /Game/Levels/UEDPIE_0_BattleGround
[2017.05.03-09.03.34:512][223]LogPlayLevel: PIE: StaticDuplicateObject took: (0.028366s)
[2017.05.03-09.03.34:512][223]LogAIModule: Creating AISystem for world BattleGround
[2017.05.03-09.03.34:513][223]LogPlayLevel: PIE: World Init took: (0.000632s)
[2017.05.03-09.03.34:513][223]LogPlayLevel: PIE: Created PIE world by copying editor world from /Game/Levels/BattleGround.BattleGround to /Game/Levels/UEDPIE_0_BattleGround.BattleGround (0.029552s)
[2017.05.03-09.03.34:534][223]LogInit: XAudio2 using '1 - Acer XR341CK (AMD High Definition Audio Device)' : 2 channels at 48 kHz using 16 bits per sample (channel mask 0x3)
[2017.05.03-09.03.34:551][223]LogInit: FAudioDevice initialized.
[2017.05.03-09.03.34:600][223]LogLoad: Game class is 'BattleTankGameMode_BP_C'
[2017.05.03-09.03.34:605][223]LogWorld: Bringing World /Game/Levels/UEDPIE_0_BattleGround.BattleGround up for play (max tick rate 0) at 2017.05.03-10.03.34
[2017.05.03-09.03.34:710][223]LogStats: FPlatformStackWalk::StackWalkAndDump -  0.105 s
[2017.05.03-09.03.34:710][223]LogOutputDevice:Error: === Handled ensure: ===
[2017.05.03-09.03.34:710][223]LogOutputDevice:Error: 
[2017.05.03-09.03.34:710][223]LogOutputDevice:Error: Ensure condition failed: PossessedTank [File:C:\Users\Ed\Documents\Unreal Projects\04_BattleTank\BattleTank\Source\BattleTank\Private\TankAIController.cpp] [Line: 66]
[2017.05.03-09.03.34:711][223]LogOutputDevice:Error: 
[2017.05.03-09.03.34:711][223]LogOutputDevice:Error: Stack: 
[2017.05.03-09.03.34:711][223]LogOutputDevice:Error: UE4Editor-Core.dll!0x00000000D51B95E6
[2017.05.03-09.03.34:711][223]LogOutputDevice:Error: UE4Editor-Core.dll!0x00000000D4F69B82
[2017.05.03-09.03.34:711][223]LogOutputDevice:Error: UE4Editor-Core.dll!0x00000000D4F7B666
[2017.05.03-09.03.34:711][223]LogOutputDevice:Error: UE4Editor-BattleTank-5599.dll!ATankAIController::SetPawn() [c:\users\ed\documents\unreal projects\04_battletank\battletank\source\battletank\private\tankaicontroller.cpp:66]
[2017.05.03-09.03.34:711][223]LogOutputDevice:Error: UE4Editor-Engine.dll!0x00000000D1FACD74
[2017.05.03-09.03.34:711][223]LogOutputDevice:Error: UE4Editor-AIModule.dll!0x00000000CE4260DF
[2017.05.03-09.03.34:711][223]LogOutputDevice:Error: UE4Editor-Engine.dll!0x00000000D25ED6D8
[2017.05.03-09.03.34:711][223]LogOutputDevice:Error: UE4Editor-Engine.dll!0x00000000D25E1511
[2017.05.03-09.03.34:711][223]LogOutputDevice:Error: UE4Editor-Engine.dll!0x00000000D2277DC1
[2017.05.03-09.03.34:711][223]LogOutputDevice:Error: UE4Editor-Engine.dll!0x00000000D2B428EF
[2017.05.03-09.03.34:711][223]LogOutputDevice:Error: UE4Editor-Engine.dll!0x00000000D211BF77
[2017.05.03-09.03.34:711][223]LogOutputDevice:Error: UE4Editor-UnrealEd.dll!0x00000000CFB18AD7
[2017.05.03-09.03.34:711][223]LogOutputDevice:Error: UE4Editor-UnrealEd.dll!0x00000000CFB452DD
[2017.05.03-09.03.34:711][223]LogOutputDevice:Error: UE4Editor-UnrealEd.dll!0x00000000CFB61764
[2017.05.03-09.03.34:711][223]LogOutputDevice:Error: UE4Editor-UnrealEd.dll!0x00000000CF64626B
[2017.05.03-09.03.34:711][223]LogOutputDevice:Error: UE4Editor-UnrealEd.dll!0x00000000CFE52086
[2017.05.03-09.03.34:711][223]LogOutputDevice:Error: UE4Editor.exe!0x000000007294DEE3
[2017.05.03-09.03.34:711][223]LogOutputDevice:Error: UE4Editor.exe!0x000000007293EB40
[2017.05.03-09.03.34:712][223]LogOutputDevice:Error: UE4Editor.exe!0x000000007293EBBA
[2017.05.03-09.03.34:712][223]LogOutputDevice:Error: UE4Editor.exe!0x0000000072950A29
[2017.05.03-09.03.34:712][223]LogOutputDevice:Error: UE4Editor.exe!0x00000000729522B6
[2017.05.03-09.03.34:712][223]LogOutputDevice:Error: KERNEL32.DLL!0x00000000076C8364
[2017.05.03-09.03.34:712][223]LogOutputDevice:Error: ntdll.dll!0x0000000008D070D1
[2017.05.03-09.03.34:712][223]LogOutputDevice:Error: 
[2017.05.03-09.03.34:719][223]LogStats:                SubmitErrorReport -  0.000 s
[2017.05.03-09.03.34:914][223]LogStats:                    SendNewReport -  0.196 s
[2017.05.03-09.03.34:914][223]LogStats:             FDebug::EnsureFailed -  0.309 s
[2017.05.03-09.03.34:914][223]LogTemp:Warning: SOMEHOW THERE IS NO POSSESSED TANK!!
[2017.05.03-09.03.34:915][223]LogWorld: Bringing up level for play took: 0.313587
[2017.05.03-09.03.34:965][223]LogContentBrowser: Native class hierarchy updated for 'MovieSceneCapture' in 0.0014 seconds. Added 11 classes and 0 folders.
[2017.05.03-09.03.34:978][223]PIE: Info Play in editor start time for /Game/Levels/UEDPIE_0_BattleGround 0.806
[2017.05.03-09.03.34:978][223]LogBlueprintUserMessages: Late PlayInEditor Detection: Level '/Game/Levels/BattleGround.BattleGround:PersistentLevel' has LevelScriptBlueprint '/Game/Levels/BattleGround.BattleGround:PersistentLevel.BattleGround' with GeneratedClass '/Game/Levels/BattleGround.BattleGround_C' with ClassGeneratedBy '/Game/Levels/BattleGround.BattleGround:PersistentLevel.BattleGround'
[2017.05.03-09.03.40:883][912]LogTemp:Warning: DamageAmount=20.000000, DamageToApply=20
[2017.05.03-09.03.44:683][368]Cmd: LevelEditor.ToggleImmersive
[2017.05.03-09.03.44:806][369]LogRenderer: Reallocating scene render targets to support 1312x848 NumSamples 1 (Frame:1352).
[2017.05.03-09.03.44:874][370]LogRenderer: Reallocating scene render targets to support 1924x1236 NumSamples 1 (Frame:1354).
[2017.05.03-09.03.45:364][421]LogTemp:Warning: DamageAmount=20.000000, DamageToApply=20
[2017.05.03-09.03.46:450][551]LogTemp:Warning: DamageAmount=20.000000, DamageToApply=20
[2017.05.03-09.03.47:534][678]LogTemp:Warning: DamageAmount=20.000000, DamageToApply=20
[2017.05.03-09.03.48:549][795]LogTemp:Warning: DamageAmount=20.000000, DamageToApply=20
[2017.05.03-09.03.48:600][801]LogTemp:Warning: DamageAmount=20.000000, DamageToApply=20
[2017.05.03-09.03.48:600][801]LogTemp:Warning: Broadcasting Death of Tank
[2017.05.03-09.03.50:462][ 18]LogBlueprintUserMessages: Early EndPlayMap Detection: Level '/Game/Levels/BattleGround.BattleGround:PersistentLevel' has LevelScriptBlueprint '/Game/Levels/BattleGround.BattleGround:PersistentLevel.BattleGround' with GeneratedClass '/Game/Levels/BattleGround.BattleGround_C' with ClassGeneratedBy '/Game/Levels/BattleGround.BattleGround:PersistentLevel.BattleGround'
[2017.05.03-09.03.50:537][ 18]LogBlueprintUserMessages: Late EndPlayMap Detection: Level '/Game/Levels/BattleGround.BattleGround:PersistentLevel' has LevelScriptBlueprint '/Game/Levels/BattleGround.BattleGround:PersistentLevel.BattleGround' with GeneratedClass '/Game/Levels/BattleGround.BattleGround_C' with ClassGeneratedBy '/Game/Levels/BattleGround.BattleGround:PersistentLevel.BattleGround'
[2017.05.03-09.03.55:468][539]LogRenderer: Reallocating scene render targets to support 2072x1236 NumSamples 1 (Frame:2535).
[2017.05.03-09.03.58:255][867]LogTemp: Repeting last play command: Selected Viewport
[2017.05.03-09.03.58:269][867]LogBlueprintUserMessages: Early PlayInEditor Detection: Level '/Game/Levels/BattleGround.BattleGround:PersistentLevel' has LevelScriptBlueprint '/Game/Levels/BattleGround.BattleGround:PersistentLevel.BattleGround' with GeneratedClass '/Game/Levels/BattleGround.BattleGround_C' with ClassGeneratedBy '/Game/Levels/BattleGround.BattleGround:PersistentLevel.BattleGround'
[2017.05.03-09.03.58:269][867]LogPlayLevel: PlayLevel: No blueprints needed recompiling
[2017.05.03-09.03.58:269][867]PIE: New page: PIE session: BattleGround (3 May 2017 11:03:58)
[2017.05.03-09.03.58:269][867]LogPlayLevel: Creating play world package: /Game/Levels/UEDPIE_0_BattleGround
[2017.05.03-09.03.58:295][867]LogPlayLevel: PIE: StaticDuplicateObject took: (0.025769s)
[2017.05.03-09.03.58:296][867]LogAIModule: Creating AISystem for world BattleGround
[2017.05.03-09.03.58:296][867]LogPlayLevel: PIE: World Init took: (0.000690s)
[2017.05.03-09.03.58:296][867]LogPlayLevel: PIE: Created PIE world by copying editor world from /Game/Levels/BattleGround.BattleGround to /Game/Levels/UEDPIE_0_BattleGround.BattleGround (0.026900s)
[2017.05.03-09.03.58:313][867]LogInit: XAudio2 using '1 - Acer XR341CK (AMD High Definition Audio Device)' : 2 channels at 48 kHz using 16 bits per sample (channel mask 0x3)
[2017.05.03-09.03.58:325][867]LogInit: FAudioDevice initialized.
[2017.05.03-09.03.58:352][867]LogLoad: Game class is 'BattleTankGameMode_BP_C'
[2017.05.03-09.03.58:357][867]LogWorld: Bringing World /Game/Levels/UEDPIE_0_BattleGround.BattleGround up for play (max tick rate 0) at 2017.05.03-10.03.58
[2017.05.03-09.03.58:357][867]LogTemp:Warning: SOMEHOW THERE IS NO POSSESSED TANK!!
[2017.05.03-09.03.58:357][867]LogWorld: Bringing up level for play took: 0.003959
[2017.05.03-09.03.58:359][867]PIE: Info Play in editor start time for /Game/Levels/UEDPIE_0_BattleGround 0.188
[2017.05.03-09.03.58:359][867]LogBlueprintUserMessages: Late PlayInEditor Detection: Level '/Game/Levels/BattleGround.BattleGround:PersistentLevel' has LevelScriptBlueprint '/Game/Levels/BattleGround.BattleGround:PersistentLevel.BattleGround' with GeneratedClass '/Game/Levels/BattleGround.BattleGround_C' with ClassGeneratedBy '/Game/Levels/BattleGround.BattleGround:PersistentLevel.BattleGround'
[2017.05.03-09.03.58:669][902]Cmd: LevelEditor.ToggleImmersive
[2017.05.03-09.03.58:820][903]LogRenderer: Reallocating scene render targets to support 3016x1236 NumSamples 1 (Frame:2905).
[2017.05.03-09.03.58:883][904]LogRenderer: Reallocating scene render targets to support 3440x1400 NumSamples 1 (Frame:2907).
[2017.05.03-09.04.04:395][251]LogTemp:Warning: DamageAmount=20.000000, DamageToApply=20
[2017.05.03-09.04.05:076][290]LogTemp:Warning: DamageAmount=20.000000, DamageToApply=20
[2017.05.03-09.04.09:810][572]LogTemp:Warning: DamageAmount=20.000000, DamageToApply=20
[2017.05.03-09.04.19:652][169]LogTemp:Warning: DamageAmount=20.000000, DamageToApply=20
[2017.05.03-09.04.21:316][266]LogTemp:Warning: DamageAmount=20.000000, DamageToApply=20
[2017.05.03-09.04.25:488][517]LogTemp:Warning: DamageAmount=20.000000, DamageToApply=20
[2017.05.03-09.04.26:446][571]LogTemp:Warning: DamageAmount=20.000000, DamageToApply=20
[2017.05.03-09.04.27:388][623]LogTemp:Warning: DamageAmount=20.000000, DamageToApply=20
[2017.05.03-09.04.32:459][930]LogTemp:Warning: DamageAmount=20.000000, DamageToApply=20
[2017.05.03-09.04.34:090][ 29]LogTemp:Warning: DamageAmount=20.000000, DamageToApply=20
[2017.05.03-09.04.34:091][ 29]LogTemp:Warning: Broadcasting Death of Tank
[2017.05.03-09.05.02:363][743]LogTemp:Warning: DamageAmount=20.000000, DamageToApply=20
[2017.05.03-09.05.21:031][891]LogTemp:Warning: DamageAmount=20.000000, DamageToApply=0
[2017.05.03-09.05.21:031][891]LogTemp:Warning: Broadcasting Death of Tank
[2017.05.03-09.05.21:322][907]LogTemp:Warning: DamageAmount=20.000000, DamageToApply=0
[2017.05.03-09.05.21:322][907]LogTemp:Warning: Broadcasting Death of Tank
[2017.05.03-09.05.35:367][751]LogTemp:Warning: DamageAmount=20.000000, DamageToApply=20
[2017.05.03-09.05.44:387][304]LogTemp:Warning: DamageAmount=20.000000, DamageToApply=20
[2017.05.03-09.05.52:608][790]LogTemp:Warning: DamageAmount=20.000000, DamageToApply=20
[2017.05.03-09.05.55:180][946]LogTemp:Warning: DamageAmount=20.000000, DamageToApply=20
[2017.05.03-09.06.05:756][604]LogTemp:Warning: DamageAmount=20.000000, DamageToApply=20
[2017.05.03-09.06.13:557][ 76]LogTemp:Warning: DamageAmount=20.000000, DamageToApply=20
[2017.05.03-09.06.13:557][ 76]LogTemp:Warning: A TANK DIED WHOOP WHOOP!
[2017.05.03-09.06.13:557][ 76]LogTemp:Warning: Broadcasting Death of Tank
[2017.05.03-09.06.28:488][  0]LogTemp:Warning: DamageAmount=20.000000, DamageToApply=20
[2017.05.03-09.06.38:601][618]LogTemp:Warning: DamageAmount=20.000000, DamageToApply=20
[2017.05.03-09.06.40:797][752]LogTemp:Warning: DamageAmount=20.000000, DamageToApply=0
[2017.05.03-09.06.40:798][752]LogTemp:Warning: Broadcasting Death of Tank
[2017.05.03-09.06.42:928][878]LogTemp:Warning: DamageAmount=20.000000, DamageToApply=20
[2017.05.03-09.06.42:928][878]LogTemp:Warning: A TANK DIED WHOOP WHOOP!
[2017.05.03-09.06.42:928][878]LogTemp:Warning: Broadcasting Death of Tank
[2017.05.03-09.06.49:924][295]LogTemp:Warning: DamageAmount=20.000000, DamageToApply=20
[2017.05.03-09.06.53:713][524]LogTemp:Warning: DamageAmount=20.000000, DamageToApply=20
[2017.05.03-09.06.53:713][524]LogTemp:Warning: A TANK DIED WHOOP WHOOP!
[2017.05.03-09.06.53:713][524]LogTemp:Warning: Broadcasting Death of Tank
[2017.05.03-09.07.01:316][985]LogTemp:Warning: DamageAmount=20.000000, DamageToApply=0
[2017.05.03-09.07.01:316][985]LogTemp:Warning: Broadcasting Death of Tank
[2017.05.03-09.07.03:716][126]LogTemp:Warning: DamageAmount=20.000000, DamageToApply=20
[2017.05.03-09.07.09:049][442]LogTemp:Warning: DamageAmount=20.000000, DamageToApply=20
[2017.05.03-09.07.21:184][175]LogTemp:Warning: DamageAmount=20.000000, DamageToApply=20
[2017.05.03-09.07.21:184][175]LogTemp:Warning: A TANK DIED WHOOP WHOOP!
[2017.05.03-09.07.21:184][175]LogTemp:Warning: Broadcasting Death of Tank
[2017.05.03-09.07.21:820][211]LogTemp:Warning: DamageAmount=20.000000, DamageToApply=0
[2017.05.03-09.07.21:820][211]LogTemp:Warning: A TANK DIED WHOOP WHOOP!
[2017.05.03-09.07.21:820][211]LogTemp:Warning: Broadcasting Death of Tank
[2017.05.03-09.07.47:116][809]LogTemp:Warning: DamageAmount=20.000000, DamageToApply=0
[2017.05.03-09.07.47:117][809]LogTemp:Warning: Broadcasting Death of Tank
[2017.05.03-09.07.47:962][860]LogTemp:Warning: DamageAmount=20.000000, DamageToApply=0
[2017.05.03-09.07.47:962][860]LogTemp:Warning: A TANK DIED WHOOP WHOOP!
[2017.05.03-09.07.47:963][860]LogTemp:Warning: Broadcasting Death of Tank
[2017.05.03-09.08.05:894][982]LogTemp:Warning: DamageAmount=20.000000, DamageToApply=0
[2017.05.03-09.08.05:894][982]LogTemp:Warning: Broadcasting Death of Tank
[2017.05.03-09.08.10:982][308]LogTemp:Warning: DamageAmount=20.000000, DamageToApply=0
[2017.05.03-09.08.10:982][308]LogTemp:Warning: Broadcasting Death of Tank
[2017.05.03-09.08.12:514][398]LogTemp:Warning: DamageAmount=20.000000, DamageToApply=0
[2017.05.03-09.08.12:514][398]LogTemp:Warning: A TANK DIED WHOOP WHOOP!
[2017.05.03-09.08.12:514][398]LogTemp:Warning: Broadcasting Death of Tank
[2017.05.03-09.08.19:460][821]LogTemp:Warning: DamageAmount=20.000000, DamageToApply=0
[2017.05.03-09.08.19:461][821]LogTemp:Warning: A TANK DIED WHOOP WHOOP!
[2017.05.03-09.08.19:461][821]LogTemp:Warning: Broadcasting Death of Tank
[2017.05.03-09.08.21:188][925]LogTemp:Warning: DamageAmount=20.000000, DamageToApply=0
[2017.05.03-09.08.21:188][925]LogTemp:Warning: Broadcasting Death of Tank
[2017.05.03-09.08.40:245][106]LogTemp:Warning: DamageAmount=20.000000, DamageToApply=0
[2017.05.03-09.08.40:245][106]LogTemp:Warning: Broadcasting Death of Tank
[2017.05.03-09.08.42:655][258]LogTemp:Warning: DamageAmount=20.000000, DamageToApply=0
[2017.05.03-09.08.42:655][258]LogTemp:Warning: A TANK DIED WHOOP WHOOP!
[2017.05.03-09.08.42:656][258]LogTemp:Warning: Broadcasting Death of Tank
[2017.05.03-09.08.44:384][369]LogTemp:Warning: DamageAmount=20.000000, DamageToApply=0
[2017.05.03-09.08.44:384][369]LogTemp:Warning: Broadcasting Death of Tank
[2017.05.03-09.08.45:456][436]LogTemp:Warning: DamageAmount=20.000000, DamageToApply=0
[2017.05.03-09.08.45:456][436]LogTemp:Warning: A TANK DIED WHOOP WHOOP!
[2017.05.03-09.08.45:456][436]LogTemp:Warning: Broadcasting Death of Tank
[2017.05.03-09.08.58:871][259]LogTemp:Warning: DamageAmount=20.000000, DamageToApply=0
[2017.05.03-09.08.58:871][259]LogTemp:Warning: A TANK DIED WHOOP WHOOP!
[2017.05.03-09.08.58:871][259]LogTemp:Warning: Broadcasting Death of Tank
[2017.05.03-09.09.09:153][891]LogBlueprintUserMessages: Early EndPlayMap Detection: Level '/Game/Levels/BattleGround.BattleGround:PersistentLevel' has LevelScriptBlueprint '/Game/Levels/BattleGround.BattleGround:PersistentLevel.BattleGround' with GeneratedClass '/Game/Levels/BattleGround.BattleGround_C' with ClassGeneratedBy '/Game/Levels/BattleGround.BattleGround:PersistentLevel.BattleGround'
[2017.05.03-09.09.09:217][891]LogBlueprintUserMessages: Late EndPlayMap Detection: Level '/Game/Levels/BattleGround.BattleGround:PersistentLevel' has LevelScriptBlueprint '/Game/Levels/BattleGround.BattleGround:PersistentLevel.BattleGround' with GeneratedClass '/Game/Levels/BattleGround.BattleGround_C' with ClassGeneratedBy '/Game/Levels/BattleGround.BattleGround:PersistentLevel.BattleGround'
[2017.05.03-09.09.10:568][974]LogEditorViewport: Clicking on Actor (LMB): Landscape (Landscape1)
[2017.05.03-09.09.10:645][974]LogEditorViewport: Clicking on Actor (double click): Landscape (Landscape1)
[2017.05.03-09.09.20:046][896]LogTemp: Repeting last play command: Selected Viewport
[2017.05.03-09.09.20:061][896]LogBlueprintUserMessages: Early PlayInEditor Detection: Level '/Game/Levels/BattleGround.BattleGround:PersistentLevel' has LevelScriptBlueprint '/Game/Levels/BattleGround.BattleGround:PersistentLevel.BattleGround' with GeneratedClass '/Game/Levels/BattleGround.BattleGround_C' with ClassGeneratedBy '/Game/Levels/BattleGround.BattleGround:PersistentLevel.BattleGround'
[2017.05.03-09.09.20:061][896]LogPlayLevel: PlayLevel: No blueprints needed recompiling
[2017.05.03-09.09.20:061][896]PIE: New page: PIE session: BattleGround (3 May 2017 11:09:20)
[2017.05.03-09.09.20:061][896]LogPlayLevel: Creating play world package: /Game/Levels/UEDPIE_0_BattleGround
[2017.05.03-09.09.20:087][896]LogPlayLevel: PIE: StaticDuplicateObject took: (0.025543s)
[2017.05.03-09.09.20:087][896]LogAIModule: Creating AISystem for world BattleGround
[2017.05.03-09.09.20:088][896]LogPlayLevel: PIE: World Init took: (0.000653s)
[2017.05.03-09.09.20:088][896]LogPlayLevel: PIE: Created PIE world by copying editor world from /Game/Levels/BattleGround.BattleGround to /Game/Levels/UEDPIE_0_BattleGround.BattleGround (0.026534s)
[2017.05.03-09.09.20:100][896]LogInit: XAudio2 using '1 - Acer XR341CK (AMD High Definition Audio Device)' : 2 channels at 48 kHz using 16 bits per sample (channel mask 0x3)
[2017.05.03-09.09.20:110][896]LogInit: FAudioDevice initialized.
[2017.05.03-09.09.20:137][896]LogLoad: Game class is 'BattleTankGameMode_BP_C'
[2017.05.03-09.09.20:141][896]LogWorld: Bringing World /Game/Levels/UEDPIE_0_BattleGround.BattleGround up for play (max tick rate 0) at 2017.05.03-10.09.20
[2017.05.03-09.09.20:141][896]LogTemp:Warning: SOMEHOW THERE IS NO POSSESSED TANK!!
[2017.05.03-09.09.20:142][896]LogWorld: Bringing up level for play took: 0.004085
[2017.05.03-09.09.20:144][896]PIE: Info Play in editor start time for /Game/Levels/UEDPIE_0_BattleGround -0.028
[2017.05.03-09.09.20:144][896]LogBlueprintUserMessages: Late PlayInEditor Detection: Level '/Game/Levels/BattleGround.BattleGround:PersistentLevel' has LevelScriptBlueprint '/Game/Levels/BattleGround.BattleGround:PersistentLevel.BattleGround' with GeneratedClass '/Game/Levels/BattleGround.BattleGround_C' with ClassGeneratedBy '/Game/Levels/BattleGround.BattleGround:PersistentLevel.BattleGround'
[2017.05.03-09.09.20:582][947]Cmd: LevelEditor.ToggleImmersive
[2017.05.03-09.09.21:453][ 23]Cmd: LevelEditor.ToggleImmersive
[2017.05.03-09.09.23:017][186]LogBlueprintUserMessages: Early EndPlayMap Detection: Level '/Game/Levels/BattleGround.BattleGround:PersistentLevel' has LevelScriptBlueprint '/Game/Levels/BattleGround.BattleGround:PersistentLevel.BattleGround' with GeneratedClass '/Game/Levels/BattleGround.BattleGround_C' with ClassGeneratedBy '/Game/Levels/BattleGround.BattleGround:PersistentLevel.BattleGround'
[2017.05.03-09.09.23:062][186]LogBlueprintUserMessages: Late EndPlayMap Detection: Level '/Game/Levels/BattleGround.BattleGround:PersistentLevel' has LevelScriptBlueprint '/Game/Levels/BattleGround.BattleGround:PersistentLevel.BattleGround' with GeneratedClass '/Game/Levels/BattleGround.BattleGround_C' with ClassGeneratedBy '/Game/Levels/BattleGround.BattleGround:PersistentLevel.BattleGround'
[2017.05.03-09.48.29:249][614]Cmd: QUIT_EDITOR
[2017.05.03-09.48.29:769][614]LogWindowsTextInputMethodSystem:Display: IME system now deactivated.
[2017.05.03-09.48.29:788][614]LogExit: Preparing to exit.
[2017.05.03-09.48.30:744][614]LogDirectoryWatcher: A directory notification for 'C:/Users/Ed/Documents/Unreal Projects/04_BattleTank/BattleTank/Content/' was aborted.
[2017.05.03-09.48.30:758][614]LogExit: Editor shut down
[2017.05.03-09.48.30:758][614]LogExit: Transaction tracking system shut down
[2017.05.03-09.48.30:793][614]LogObj: Freed 0b from 0 cluster array pools.
[2017.05.03-09.48.30:793][614]LogExit: Object subsystem successfully closed.
[2017.05.03-09.48.30:805][614]LogD3D11RHI: Shutdown
[2017.05.03-09.48.30:805][614]LogD3D11RHI: CleanupD3DDevice
[2017.05.03-09.48.30:893][614]LogD3D11RHI: ~FD3D11DynamicRHI
[2017.05.03-09.48.30:902][614]LogModuleManager: Shutting down and abandoning module MovieSceneCapture (502)
[2017.05.03-09.48.30:902][614]LogModuleManager: Shutting down and abandoning module HierarchicalLODOutliner (500)
[2017.05.03-09.48.30:902][614]LogModuleManager: Shutting down and abandoning module CrashTracker (498)
[2017.05.03-09.48.30:902][614]LogModuleManager: Shutting down and abandoning module SceneOutliner (496)
[2017.05.03-09.48.30:902][614]LogModuleManager: Shutting down and abandoning module AddContentDialog (494)
[2017.05.03-09.48.30:902][614]LogDirectoryWatcher: A directory notification for 'C:/Program Files/Epic Games/UE_4.15/FeaturePacks/' was aborted.
[2017.05.03-09.48.30:903][614]LogModuleManager: Shutting down and abandoning module WidgetCarousel (493)
[2017.05.03-09.48.30:903][614]LogModuleManager: Shutting down and abandoning module EditorWidgets (490)
[2017.05.03-09.48.30:903][614]LogModuleManager: Shutting down and abandoning module CollectionManager (488)
[2017.05.03-09.48.30:903][614]LogDirectoryWatcher: A directory notification for 'C:/Users/Ed/Documents/Unreal Projects/04_BattleTank/BattleTank/Content/Collections/' was aborted.
[2017.05.03-09.48.30:903][614]LogDirectoryWatcher: A directory notification for 'C:/Users/Ed/Documents/Unreal Projects/04_BattleTank/BattleTank/Content/Developers/Ed/Collections/' was aborted.
[2017.05.03-09.48.30:903][614]LogDirectoryWatcher: A directory notification for 'C:/Users/Ed/Documents/Unreal Projects/04_BattleTank/BattleTank/Saved/Collections/' was aborted.
[2017.05.03-09.48.30:903][614]LogModuleManager: Shutting down and abandoning module StatsViewer (486)
[2017.05.03-09.48.30:903][614]LogModuleManager: Shutting down and abandoning module FoliageEdit (484)
[2017.05.03-09.48.30:903][614]LogModuleManager: Shutting down and abandoning module LandscapeEditor (482)
[2017.05.03-09.48.30:903][614]LogModuleManager: Shutting down and abandoning module SceneDepthPickerMode (480)
[2017.05.03-09.48.30:903][614]LogModuleManager: Shutting down and abandoning module ActorPickerMode (478)
[2017.05.03-09.48.30:903][614]LogModuleManager: Shutting down and abandoning module GeometryMode (476)
[2017.05.03-09.48.30:903][614]LogModuleManager: Shutting down and abandoning module TextureAlignMode (474)
[2017.05.03-09.48.30:903][614]LogModuleManager: Shutting down and abandoning module BspMode (472)
[2017.05.03-09.48.30:903][614]LogModuleManager: Shutting down and abandoning module HardwareSurvey (470)
[2017.05.03-09.48.30:903][614]LogModuleManager: Shutting down and abandoning module SequenceRecorderSections (468)
[2017.05.03-09.48.30:903][614]LogModuleManager: Shutting down and abandoning module AutomationWorker (466)
[2017.05.03-09.48.30:903][614]LogModuleManager: Shutting down and abandoning module MatineeToLevelSequence (464)
[2017.05.03-09.48.30:903][614]LogModuleManager: Shutting down and abandoning module LevelSequenceEditor (462)
[2017.05.03-09.48.30:903][614]LogModuleManager: Shutting down and abandoning module PlacementMode (461)
[2017.05.03-09.48.30:903][614]LogModuleManager: Shutting down and abandoning module WmfMediaFactory (458)
[2017.05.03-09.48.30:903][614]LogModuleManager: Shutting down and abandoning module WmfMediaEditor (456)
[2017.05.03-09.48.30:903][614]LogModuleManager: Shutting down and abandoning module MfMediaFactory (454)
[2017.05.03-09.48.30:903][614]LogModuleManager: Shutting down and abandoning module MfMediaEditor (452)
[2017.05.03-09.48.30:903][614]LogModuleManager: Shutting down and abandoning module AvfMediaFactory (450)
[2017.05.03-09.48.30:903][614]LogModuleManager: Shutting down and abandoning module AvfMediaEditor (448)
[2017.05.03-09.48.30:903][614]LogModuleManager: Shutting down and abandoning module AndroidMediaFactory (446)
[2017.05.03-09.48.30:903][614]LogModuleManager: Shutting down and abandoning module Media (445)
[2017.05.03-09.48.30:903][614]LogModuleManager: Shutting down and abandoning module AndroidMediaEditor (442)
[2017.05.03-09.48.30:903][614]LogModuleManager: Shutting down and abandoning module CharacterAI (440)
[2017.05.03-09.48.30:903][614]LogModuleManager: Shutting down and abandoning module AudioCapture (438)
[2017.05.03-09.48.30:903][614]LogModuleManager: Shutting down and abandoning module SequenceRecorder (437)
[2017.05.03-09.48.30:903][614]LogModuleManager: Shutting down and abandoning module SmartSnapping (434)
[2017.05.03-09.48.30:903][614]LogModuleManager: Shutting down and abandoning module SessionServices (432)
[2017.05.03-09.48.30:903][614]LogModuleManager: Shutting down and abandoning module ViewportSnapping (430)
[2017.05.03-09.48.30:903][614]LogModuleManager: Shutting down and abandoning module ViewportInteraction (428)
[2017.05.03-09.48.30:903][614]LogModuleManager: Shutting down and abandoning module LogVisualizer (426)
[2017.05.03-09.48.30:903][614]LogModuleManager: Shutting down and abandoning module IntroTutorials (424)
[2017.05.03-09.48.30:903][614]LogModuleManager: Shutting down and abandoning module GameProjectGeneration (423)
[2017.05.03-09.48.30:903][614]LogModuleManager: Shutting down and abandoning module EditorLiveStreaming (420)
[2017.05.03-09.48.30:903][614]LogModuleManager: Shutting down and abandoning module IOSPlatformEditor (418)
[2017.05.03-09.48.30:903][614]LogModuleManager: Shutting down and abandoning module HTML5PlatformEditor (416)
[2017.05.03-09.48.30:903][614]LogModuleManager: Shutting down and abandoning module AndroidPlatformEditor (414)
[2017.05.03-09.48.30:903][614]LogModuleManager: Shutting down and abandoning module AndroidDeviceDetection (413)
[2017.05.03-09.48.31:798][614]LogModuleManager: Shutting down and abandoning module IOSRuntimeSettings (410)
[2017.05.03-09.48.31:798][614]LogModuleManager: Shutting down and abandoning module AndroidRuntimeSettings (408)
[2017.05.03-09.48.31:798][614]LogModuleManager: Shutting down and abandoning module InputBindingEditor (406)
[2017.05.03-09.48.31:798][614]LogModuleManager: Shutting down and abandoning module NiagaraEditor (404)
[2017.05.03-09.48.31:798][614]LogModuleManager: Shutting down and abandoning module MergeActors (402)
[2017.05.03-09.48.31:798][614]LogModuleManager: Shutting down and abandoning module SizeMap (400)
[2017.05.03-09.48.31:798][614]LogModuleManager: Shutting down and abandoning module TreeMap (398)
[2017.05.03-09.48.31:798][614]LogModuleManager: Shutting down and abandoning module ReferenceViewer (396)
[2017.05.03-09.48.31:798][614]LogModuleManager: Shutting down and abandoning module LocalizationDashboard (394)
[2017.05.03-09.48.31:798][614]LogModuleManager: Shutting down and abandoning module LocalizationService (393)
[2017.05.03-09.48.31:798][614]LogModuleManager: Shutting down and abandoning module HardwareTargeting (390)
[2017.05.03-09.48.31:798][614]LogModuleManager: Shutting down and abandoning module DeviceProfileEditor (388)
[2017.05.03-09.48.31:798][614]LogModuleManager: Shutting down and abandoning module UndoHistory (386)
[2017.05.03-09.48.31:798][614]LogModuleManager: Shutting down and abandoning module UserFeedback (384)
[2017.05.03-09.48.31:798][614]LogModuleManager: Shutting down and abandoning module XmlParser (382)
[2017.05.03-09.48.31:798][614]LogModuleManager: Shutting down and abandoning module Blutility (380)
[2017.05.03-09.48.31:798][614]LogModuleManager: Shutting down and abandoning module ProjectSettingsViewer (378)
[2017.05.03-09.48.31:798][614]LogModuleManager: Shutting down and abandoning module ProjectTargetPlatformEditor (377)
[2017.05.03-09.48.31:798][614]LogModuleManager: Shutting down and abandoning module EditorSettingsViewer (374)
[2017.05.03-09.48.31:798][614]LogModuleManager: Shutting down and abandoning module SettingsEditor (372)
[2017.05.03-09.48.31:798][614]LogModuleManager: Shutting down and abandoning module ProjectLauncher (370)
[2017.05.03-09.48.31:798][614]LogModuleManager: Shutting down and abandoning module SessionFrontend (368)
[2017.05.03-09.48.31:798][614]LogModuleManager: Shutting down and abandoning module ProfilerClient (366)
[2017.05.03-09.48.31:798][614]LogModuleManager: Shutting down and abandoning module DeviceManager (364)
[2017.05.03-09.48.31:798][614]LogModuleManager: Shutting down and abandoning module TargetDeviceServices (363)
[2017.05.03-09.48.31:851][614]LogModuleManager: Shutting down and abandoning module AutomationController (360)
[2017.05.03-09.48.31:851][614]LogModuleManager: Shutting down and abandoning module AutomationWindow (358)
[2017.05.03-09.48.31:851][614]LogModuleManager: Shutting down and abandoning module Layers (356)
[2017.05.03-09.48.31:851][614]LogModuleManager: Shutting down and abandoning module ComponentVisualizers (354)
[2017.05.03-09.48.31:851][614]LogModuleManager: Shutting down and abandoning module DetailCustomizations (352)
[2017.05.03-09.48.31:851][614]LogModuleManager: Shutting down and abandoning module PackagesDialog (350)
[2017.05.03-09.48.31:851][614]LogModuleManager: Shutting down and abandoning module Persona (348)
[2017.05.03-09.48.31:851][614]LogModuleManager: Shutting down and abandoning module AnimGraph (347)
[2017.05.03-09.48.31:851][614]LogModuleManager: Shutting down and abandoning module Kismet (344)
[2017.05.03-09.48.31:851][614]LogModuleManager: Shutting down and abandoning module GraphEditor (342)
[2017.05.03-09.48.31:851][614]LogModuleManager: Shutting down and abandoning module ClassViewer (340)
[2017.05.03-09.48.31:851][614]LogModuleManager: Shutting down and abandoning module Toolbox (338)
[2017.05.03-09.48.31:851][614]LogModuleManager: Shutting down and abandoning module ModuleUI (336)
[2017.05.03-09.48.31:851][614]LogModuleManager: Shutting down and abandoning module MovieSceneTools (334)
[2017.05.03-09.48.31:851][614]LogModuleManager: Shutting down and abandoning module OutputLog (332)
[2017.05.03-09.48.31:851][614]LogModuleManager: Shutting down and abandoning module GammaUI (330)
[2017.05.03-09.48.31:851][614]LogModuleManager: Shutting down and abandoning module Documentation (328)
[2017.05.03-09.48.31:851][614]LogModuleManager: Shutting down and abandoning module Niagara (326)
[2017.05.03-09.48.31:851][614]LogModuleManager: Shutting down and abandoning module StreamingPauseRendering (324)
[2017.05.03-09.48.31:851][614]LogModuleManager: Shutting down and abandoning module AnalyticsET (322)
[2017.05.03-09.48.31:851][614]LogModuleManager: Shutting down and abandoning module PortalServices (320)
[2017.05.03-09.48.31:851][614]LogModuleManager: Shutting down and abandoning module PortalRpc (318)
[2017.05.03-09.48.31:851][614]LogModuleManager: Shutting down and abandoning module MessagingRpc (316)
[2017.05.03-09.48.31:851][614]LogModuleManager: Shutting down and abandoning module AIModule (314)
[2017.05.03-09.48.31:851][614]LogModuleManager: Shutting down and abandoning module GameplayDebugger (313)
[2017.05.03-09.48.31:851][614]LogModuleManager: Shutting down and abandoning module AITestSuite (311)
[2017.05.03-09.48.31:851][614]LogModuleManager: Shutting down and abandoning module ProfilerService (308)
[2017.05.03-09.48.32:042][614]LogModuleManager: Shutting down and abandoning module TaskGraph (306)
[2017.05.03-09.48.32:042][614]LogModuleManager: Shutting down and abandoning module SteamVRController (304)
[2017.05.03-09.48.32:042][614]LogModuleManager: Shutting down and abandoning module SteamVR (302)
[2017.05.03-09.48.32:042][614]LogModuleManager: Shutting down and abandoning module ProceduralMeshComponentEditor (300)
[2017.05.03-09.48.32:042][614]LogModuleManager: Shutting down and abandoning module ProceduralMeshComponent (298)
[2017.05.03-09.48.32:042][614]LogModuleManager: Shutting down and abandoning module OculusLibrary (296)
[2017.05.03-09.48.32:042][614]LogModuleManager: Shutting down and abandoning module OculusInput (294)
[2017.05.03-09.48.32:042][614]LogModuleManager: Shutting down and abandoning module MobilePatchingUtils (292)
[2017.05.03-09.48.32:042][614]LogModuleManager: Shutting down and abandoning module CustomMeshComponent (290)
[2017.05.03-09.48.32:042][614]LogModuleManager: Shutting down and abandoning module CableComponent (288)
[2017.05.03-09.48.32:042][614]LogModuleManager: Shutting down and abandoning module ArchVisCharacter (286)
[2017.05.03-09.48.32:042][614]LogModuleManager: Shutting down and abandoning module MediaPlayerEditor (282)
[2017.05.03-09.48.32:042][614]LogModuleManager: Shutting down and abandoning module HTML5Networking (280)
[2017.05.03-09.48.32:042][614]LogModuleManager: Shutting down and abandoning module AlembicImporter (278)
[2017.05.03-09.48.32:042][614]LogModuleManager: Shutting down and abandoning module AlembicLibrary (277)
[2017.05.03-09.48.32:042][614]LogModuleManager: Shutting down and abandoning module GeometryCache (276)
[2017.05.03-09.48.32:042][614]LogModuleManager: Shutting down and abandoning module GeometryCacheEd (275)
[2017.05.03-09.48.32:042][614]LogModuleManager: Shutting down and abandoning module SuperSearchEditor (270)
[2017.05.03-09.48.32:042][614]LogModuleManager: Shutting down and abandoning module SuperSearch (269)
[2017.05.03-09.48.32:042][614]LogModuleManager: Shutting down and abandoning module SpeedTreeImporter (266)
[2017.05.03-09.48.32:042][614]LogModuleManager: Shutting down and abandoning module PluginBrowser (264)
[2017.05.03-09.48.32:042][614]LogModuleManager: Shutting down and abandoning module MobileLauncherProfileWizard (262)
[2017.05.03-09.48.32:042][614]LogModuleManager: Shutting down and abandoning module EpicSurvey (260)
[2017.05.03-09.48.32:042][614]LogModuleManager: Shutting down and abandoning module VisualStudioSourceCodeAccess (258)
[2017.05.03-09.48.32:042][614]LogModuleManager: Shutting down and abandoning module DesktopPlatform (257)
[2017.05.03-09.48.32:042][614]LogModuleManager: Shutting down and abandoning module UObjectPlugin (254)
[2017.05.03-09.48.32:042][614]LogModuleManager: Shutting down and abandoning module SubversionSourceControl (252)
[2017.05.03-09.48.32:042][614]LogModuleManager: Shutting down and abandoning module PerforceSourceControl (250)
[2017.05.03-09.48.32:042][614]LogModuleManager: Shutting down and abandoning module GitSourceControl (248)
[2017.05.03-09.48.32:042][614]LogModuleManager: Shutting down and abandoning module SourceControl (247)
[2017.05.03-09.48.32:042][614]LogModuleManager: Shutting down and abandoning module LightPropagationVolumeEditor (244)
[2017.05.03-09.48.32:042][614]LogModuleManager: Shutting down and abandoning module PaperTiledImporter (242)
[2017.05.03-09.48.32:042][614]LogModuleManager: Shutting down and abandoning module PaperSpriteSheetImporter (240)
[2017.05.03-09.48.32:042][614]LogModuleManager: Shutting down and abandoning module Paper2DEditor (238)
[2017.05.03-09.48.32:042][614]LogModuleManager: Shutting down and abandoning module MeshPaint (237)
[2017.05.03-09.48.32:042][614]LogModuleManager: Shutting down and abandoning module LevelEditor (235)
[2017.05.03-09.48.32:043][614]LogModuleManager: Shutting down and abandoning module PixelInspectorModule (234)
[2017.05.03-09.48.32:043][614]LogModuleManager: Shutting down and abandoning module MainFrame (232)
[2017.05.03-09.48.32:043][614]LogModuleManager: Shutting down and abandoning module HotReload (231)
[2017.05.03-09.48.32:043][614]LogDirectoryWatcher: A directory notification for 'C:/Users/Ed/Documents/Unreal Projects/04_BattleTank/BattleTank/Binaries/Win64' was aborted.
[2017.05.03-09.48.32:043][614]LogModuleManager: Shutting down and abandoning module ContentBrowser (227)
[2017.05.03-09.48.32:044][614]LogModuleManager: Shutting down and abandoning module BattleTank (224)
[2017.05.03-09.48.32:044][614]LogModuleManager: Shutting down and abandoning module PhysXVehiclesEditor (222)
[2017.05.03-09.48.32:044][614]LogModuleManager: Shutting down and abandoning module PhysXVehicles (220)
[2017.05.03-09.48.32:044][614]LogModuleManager: Shutting down and abandoning module LocationServicesBPLibrary (218)
[2017.05.03-09.48.32:044][614]LogModuleManager: Shutting down and abandoning module UdpMessaging (216)
[2017.05.03-09.48.32:144][614]LogModuleManager: Shutting down and abandoning module TcpMessaging (214)
[2017.05.03-09.48.32:244][614]LogModuleManager: Shutting down and abandoning module GameplayTagsEditor (212)
[2017.05.03-09.48.32:244][614]LogModuleManager: Shutting down and abandoning module FacialAnimationEditor (210)
[2017.05.03-09.48.32:244][614]LogModuleManager: Shutting down and abandoning module FacialAnimation (208)
[2017.05.03-09.48.32:244][614]LogModuleManager: Shutting down and abandoning module LightPropagationVolumeRuntime (206)
[2017.05.03-09.48.32:244][614]LogModuleManager: Shutting down and abandoning module Paper2D (204)
[2017.05.03-09.48.32:244][614]LogModuleManager: Shutting down and abandoning module WindowsMoviePlayer (202)
[2017.05.03-09.48.32:244][614]LogModuleManager: Shutting down and abandoning module WmfMedia (200)
[2017.05.03-09.48.32:244][614]LogModuleManager: Shutting down and abandoning module MfMedia (198)
[2017.05.03-09.48.32:244][614]LogModuleManager: Shutting down and abandoning module MediaAssets (196)
[2017.05.03-09.48.32:244][614]LogModuleManager: Shutting down and abandoning module GameLiveStreaming (194)
[2017.05.03-09.48.32:244][614]LogModuleManager: Shutting down and abandoning module VREditor (192)
[2017.05.03-09.48.32:244][614]LogModuleManager: Shutting down and abandoning module GameplayTasksEditor (190)
[2017.05.03-09.48.32:244][614]LogModuleManager: Shutting down and abandoning module BehaviorTreeEditor (188)
[2017.05.03-09.48.32:244][614]LogModuleManager: Shutting down and abandoning module FunctionalTesting (186)
[2017.05.03-09.48.32:244][614]LogModuleManager: Shutting down and abandoning module CollisionAnalyzer (184)
[2017.05.03-09.48.32:244][614]LogModuleManager: Shutting down and abandoning module UMG (182)
[2017.05.03-09.48.32:244][614]LogModuleManager: Shutting down and abandoning module UMGEditor (181)
[2017.05.03-09.48.32:244][614]LogModuleManager: Shutting down and abandoning module Sequencer (180)
[2017.05.03-09.48.32:245][614]LogModuleManager: Shutting down and abandoning module AssetTools (178)
[2017.05.03-09.48.32:245][614]LogModuleManager: Shutting down and abandoning module MessageLog (177)
[2017.05.03-09.48.32:245][614]LogModuleManager: Shutting down and abandoning module WorkspaceMenuStructure (176)
[2017.05.03-09.48.32:245][614]LogModuleManager: Shutting down and abandoning module SlateReflector (170)
[2017.05.03-09.48.32:245][614]LogModuleManager: Shutting down and abandoning module Slate (168)
[2017.05.03-09.48.32:245][614]LogModuleManager: Shutting down and abandoning module EditorStyle (166)
[2017.05.03-09.48.32:246][614]LogModuleManager: Shutting down and abandoning module SourceCodeAccess (164)
[2017.05.03-09.48.32:247][614]LogModuleManager: Shutting down and abandoning module HeadMountedDisplay (162)
[2017.05.03-09.48.32:247][614]LogModuleManager: Shutting down and abandoning module XAudio2 (160)
[2017.05.03-09.48.32:247][614]LogModuleManager: Shutting down and abandoning module Networking (158)
[2017.05.03-09.48.32:247][614]LogModuleManager: Shutting down and abandoning module Core (154)
[2017.05.03-09.48.32:247][614]LogModuleManager: Shutting down and abandoning module AssetRegistry (152)
[2017.05.03-09.48.32:507][614]LogDirectoryWatcher: A directory notification for '../../../Engine/Content/' was aborted.
[2017.05.03-09.48.32:508][614]LogDirectoryWatcher: A directory notification for '../../../../../../Users/Ed/Documents/Unreal Projects/04_BattleTank/BattleTank/Content/' was aborted.
[2017.05.03-09.48.32:508][614]LogDirectoryWatcher: A directory notification for '../../../Engine/Plugins/2D/Paper2D/Content/' was aborted.
[2017.05.03-09.48.32:508][614]LogModuleManager: Shutting down and abandoning module DirectoryWatcher (151)
[2017.05.03-09.48.32:509][614]LogModuleManager: Shutting down and abandoning module KismetCompiler (148)
[2017.05.03-09.48.32:509][614]LogModuleManager: Shutting down and abandoning module PhysXFormats (146)
[2017.05.03-09.48.32:509][614]LogModuleManager: Shutting down and abandoning module MeshUtilities (144)
[2017.05.03-09.48.32:509][614]LogModuleManager: Shutting down and abandoning module SimplygonSwarm (143)
[2017.05.03-09.48.32:509][614]LogModuleManager: Shutting down and abandoning module SimplygonMeshReduction (141)
[2017.05.03-09.48.32:509][614]LogModuleManager: Shutting down and abandoning module QuadricMeshReduction (139)
[2017.05.03-09.48.32:509][614]LogModuleManager: Shutting down and abandoning module PropertyEditor (137)
[2017.05.03-09.48.32:509][614]LogModuleManager: Shutting down and abandoning module DerivedDataCache (134)
[2017.05.03-09.48.32:577][614]LogDerivedDataCache: Shutdown
[2017.05.03-09.48.32:577][614]LogModuleManager: Shutting down and abandoning module TargetPlatform (132)
[2017.05.03-09.48.32:577][614]LogModuleManager: Shutting down and abandoning module VulkanShaderFormat (131)
[2017.05.03-09.48.32:577][614]LogModuleManager: Shutting down and abandoning module ShaderFormatOpenGL (129)
[2017.05.03-09.48.32:577][614]LogModuleManager: Shutting down and abandoning module ShaderFormatD3D (127)
[2017.05.03-09.48.32:577][614]LogModuleManager: Shutting down and abandoning module MetalShaderFormat (125)
[2017.05.03-09.48.32:577][614]LogModuleManager: Shutting down and abandoning module TextureFormatUncompressed (123)
[2017.05.03-09.48.32:577][614]LogModuleManager: Shutting down and abandoning module TextureFormatPVR (121)
[2017.05.03-09.48.32:577][614]LogModuleManager: Shutting down and abandoning module TextureFormatDXT (119)
[2017.05.03-09.48.32:577][614]LogModuleManager: Shutting down and abandoning module TextureFormatIntelISPCTexComp (117)
[2017.05.03-09.48.32:577][614]LogModuleManager: Shutting down and abandoning module TextureFormatASTC (115)
[2017.05.03-09.48.32:577][614]LogModuleManager: Shutting down and abandoning module ImageWrapper (114)
[2017.05.03-09.48.32:577][614]LogModuleManager: Shutting down and abandoning module TextureFormatAndroid (111)
[2017.05.03-09.48.32:577][614]LogModuleManager: Shutting down and abandoning module AudioFormatOpus (109)
[2017.05.03-09.48.32:577][614]LogModuleManager: Shutting down and abandoning module AudioFormatOgg (107)
[2017.05.03-09.48.32:577][614]LogModuleManager: Shutting down and abandoning module AudioFormatADPCM (105)
[2017.05.03-09.48.32:577][614]LogModuleManager: Shutting down and abandoning module LinuxTargetPlatform (103)
[2017.05.03-09.48.32:577][614]LogModuleManager: Shutting down and abandoning module LinuxServerTargetPlatform (101)
[2017.05.03-09.48.32:577][614]LogModuleManager: Shutting down and abandoning module LinuxNoEditorTargetPlatform (99)
[2017.05.03-09.48.32:577][614]LogModuleManager: Shutting down and abandoning module LinuxClientTargetPlatform (97)
[2017.05.03-09.48.32:577][614]LogModuleManager: Shutting down and abandoning module TVOSTargetPlatform (95)
[2017.05.03-09.48.32:577][614]LogModuleManager: Shutting down and abandoning module Messaging (93)
[2017.05.03-09.48.32:577][614]LogModuleManager: Shutting down and abandoning module IOSTargetPlatform (91)
[2017.05.03-09.48.32:577][614]LogModuleManager: Shutting down and abandoning module HTML5TargetPlatform (89)
[2017.05.03-09.48.32:577][614]LogModuleManager: Shutting down and abandoning module Android_PVRTCTargetPlatform (87)
[2017.05.03-09.48.32:577][614]LogModuleManager: Shutting down and abandoning module Android_MultiTargetPlatform (85)
[2017.05.03-09.48.32:577][614]LogModuleManager: Shutting down and abandoning module Android_ETC2TargetPlatform (83)
[2017.05.03-09.48.32:578][614]LogModuleManager: Shutting down and abandoning module Android_ETC1TargetPlatform (81)
[2017.05.03-09.48.32:578][614]LogModuleManager: Shutting down and abandoning module Android_DXTTargetPlatform (79)
[2017.05.03-09.48.32:578][614]LogModuleManager: Shutting down and abandoning module Android_ATCTargetPlatform (77)
[2017.05.03-09.48.32:578][614]LogModuleManager: Shutting down and abandoning module Android_ASTCTargetPlatform (75)
[2017.05.03-09.48.32:578][614]LogModuleManager: Shutting down and abandoning module AndroidTargetPlatform (73)
[2017.05.03-09.48.32:578][614]LogModuleManager: Shutting down and abandoning module WindowsTargetPlatform (71)
[2017.05.03-09.48.32:578][614]LogModuleManager: Shutting down and abandoning module WindowsServerTargetPlatform (69)
[2017.05.03-09.48.32:578][614]LogModuleManager: Shutting down and abandoning module WindowsNoEditorTargetPlatform (67)
[2017.05.03-09.48.32:578][614]LogModuleManager: Shutting down and abandoning module WindowsClientTargetPlatform (65)
[2017.05.03-09.48.32:578][614]LogModuleManager: Shutting down and abandoning module MacTargetPlatform (63)
[2017.05.03-09.48.32:578][614]LogModuleManager: Shutting down and abandoning module MacServerTargetPlatform (61)
[2017.05.03-09.48.32:578][614]LogModuleManager: Shutting down and abandoning module MacNoEditorTargetPlatform (59)
[2017.05.03-09.48.32:578][614]LogModuleManager: Shutting down and abandoning module MacClientTargetPlatform (57)
[2017.05.03-09.48.32:578][614]LogModuleManager: Shutting down and abandoning module AllDesktopTargetPlatform (55)
[2017.05.03-09.48.32:578][614]LogModuleManager: Shutting down and abandoning module InputCore (52)
[2017.05.03-09.48.32:578][614]LogModuleManager: Shutting down and abandoning module Settings (50)
[2017.05.03-09.48.32:578][614]LogModuleManager: Shutting down and abandoning module OculusRift (48)
[2017.05.03-09.48.32:578][614]LogModuleManager: Shutting down and abandoning module GearVR (46)
[2017.05.03-09.48.32:578][614]LogModuleManager: Shutting down and abandoning module ExampleDeviceProfileSelector (44)
[2017.05.03-09.48.32:578][614]LogModuleManager: Shutting down and abandoning module OnlineBlueprintSupport (42)
[2017.05.03-09.48.32:578][614]LogModuleManager: Shutting down and abandoning module OnlineSubsystem (38)
[2017.05.03-09.48.32:578][614]LogOnline:Display: Unloading online subsystem: NULL
[2017.05.03-09.48.32:578][614]LogModuleManager: Shutting down and abandoning module XMPP (37)
[2017.05.03-09.48.32:578][614]LogModuleManager: Shutting down and abandoning module HTTP (35)
[2017.05.03-09.48.32:578][614]LogHttp:Display: Http module shutting down, but needs to wait on 1 outstanding Http requests:
[2017.05.03-09.48.32:578][614]LogHttp:Display: 	verb=[POST] url=[https://datarouter.ol.epicgames.com/datarouter/api/v1/public/data?SessionID=%7BAA94FCEA-481A-FDEB-7853-B4AB79F2357F%7D&AppID=UEEditor.Rocket.Release&AppVersion=4.15.1-3348071%2B%2B%2BUE4%2BRelease-4.15&UserID=f7f8e8e14812d3a9c689c8b3027a32dd%7C58448bdb2ce4468ba1b793c4adc2bec4%7Cb6541784-51a5-4cf3-83aa-c7e3819647ee&AppEnvironment=datacollector-binary&UploadType=eteventstream] status=Processing
[2017.05.03-09.48.32:594][614]LogModuleManager: Shutting down and abandoning module SSL (34)
[2017.05.03-09.48.32:595][614]LogModuleManager: Shutting down and abandoning module AudioEditor (30)
[2017.05.03-09.48.32:595][614]LogModuleManager: Shutting down and abandoning module TextureCompressor (28)
[2017.05.03-09.48.32:595][614]LogModuleManager: Shutting down and abandoning module ShaderCore (26)
[2017.05.03-09.48.32:595][614]LogModuleManager: Shutting down and abandoning module Landscape (24)
[2017.05.03-09.48.32:595][614]LogModuleManager: Shutting down and abandoning module SlateRHIRenderer (22)
[2017.05.03-09.48.32:596][614]LogModuleManager: Shutting down and abandoning module OpenGLDrv (20)
[2017.05.03-09.48.32:596][614]LogModuleManager: Shutting down and abandoning module D3D11RHI (18)
[2017.05.03-09.48.32:596][614]LogModuleManager: Shutting down and abandoning module AnimGraphRuntime (16)
[2017.05.03-09.48.32:596][614]LogModuleManager: Shutting down and abandoning module Renderer (14)
[2017.05.03-09.48.32:596][614]LogModuleManager: Shutting down and abandoning module Engine (12)
[2017.05.03-09.48.32:596][614]LogModuleManager: Shutting down and abandoning module CoreUObject (10)
[2017.05.03-09.48.32:596][614]LogModuleManager: Shutting down and abandoning module NetworkFile (8)
[2017.05.03-09.48.32:596][614]LogModuleManager: Shutting down and abandoning module StreamingFile (6)
[2017.05.03-09.48.32:596][614]LogModuleManager: Shutting down and abandoning module SandboxFile (4)
[2017.05.03-09.48.32:596][614]LogModuleManager: Shutting down and abandoning module PakFile (2)
[2017.05.03-09.48.32:597][614]LogExit: Exiting.
[2017.05.03-09.48.32:598][614]Log file closed, 05/03/17 10:48:32
