Log file open, 04/28/17 15:28:14
LogInit:Display: Running engine for game: BattleTank
LogPlatformFile: Not using cached read wrapper
LogInit:Display: RandInit(2144578432) SRandInit(2144578432).
LogTaskGraph: Started task graph with 5 named threads and 8 total threads with 1 sets of task threads.
LogStats: Stats thread started at 0.090315
LogInit: Using libcurl 7.47.1
LogInit:  - built for x86_64-pc-win32
LogInit:  - supports SSL with OpenSSL/1.0.2g
LogInit:  - supports HTTP deflate (compression) using libz 1.2.8
LogInit:  - other features:
LogInit:      CURL_VERSION_SSL
LogInit:      CURL_VERSION_LIBZ
LogInit:      CURL_VERSION_IPV6
LogInit:      CURL_VERSION_ASYNCHDNS
LogInit:      CURL_VERSION_LARGEFILE
LogInit:      CURL_VERSION_IDN
LogInit:  CurlRequestOptions (configurable via config and command line):
LogInit:  - bVerifyPeer = false  - Libcurl will NOT verify peer certificate
LogInit:  - bUseHttpProxy = false  - Libcurl will NOT use HTTP proxy
LogInit:  - bDontReuseConnections = false  - Libcurl will reuse connections
LogInit:  - CertBundlePath = nullptr  - Libcurl will use whatever was configured at build time.
LogInit: Build: ++UE4+Release-4.15-CL-3299760
LogInit: Engine Version: 4.15.0-3299760+++UE4+Release-4.15
LogInit: Compatible Engine Version: 4.15.0-3299760+++UE4+Release-4.15
LogInit: Net CL: 3299760
LogDevObjectVersion: Number of dev versions registered: 14
LogDevObjectVersion:   Dev-Blueprints (B0D832E4-1F89-4F0D-ACCF-7EB736FD4AA2): 8
LogDevObjectVersion:   Dev-Build (E1C64328-A22C-4D53-A36C-8E866417BD8C): 0
LogDevObjectVersion:   Dev-Core (375EC13C-06E4-48FB-B500-84F0262A717E): 2
LogDevObjectVersion:   Dev-Editor (E4B068ED-F494-42E9-A231-DA0B2E46BB41): 14
LogDevObjectVersion:   Dev-Framework (CFFC743F-43B0-4480-9391-14DF171D2073): 22
LogDevObjectVersion:   Dev-Mobile (B02B49B5-BB20-44E9-A304-32B752E40360): 0
LogDevObjectVersion:   Dev-Networking (A4E4105C-59A1-49B5-A7C5-40C4547EDFEE): 0
LogDevObjectVersion:   Dev-Online (39C831C9-5AE6-47DC-9A44-9C173E1C8E7C): 0
LogDevObjectVersion:   Dev-Physics (78F01B33-EBEA-4F98-B9B4-84EACCB95AA2): 0
LogDevObjectVersion:   Dev-Platform (6631380F-2D4D-43E0-8009-CF276956A95A): 0
LogDevObjectVersion:   Dev-Rendering (12F88B9F-8875-4AFC-A67C-D90C383ABD29): 12
LogDevObjectVersion:   Dev-Sequencer (7B5AE74C-D270-4C10-A958-57980B212A5A): 3
LogDevObjectVersion:   Dev-VR (D7296918-1DD6-4BDD-9DE2-64A83CC13884): 0
LogDevObjectVersion:   Dev-LoadTimes (C2A15278-BFE7-4AFE-6C17-90FF531DF755): 1
LogInit: Compiled (64-bit): Feb 14 2017 02:04:14
LogInit: Compiled with Visual C++: 19.00.23026.00
LogInit: Build Configuration: Development
LogInit: Branch Name: ++UE4+Release-4.15
LogInit: Command line: -EpicPortal 
LogInit: Base directory: C:/Program Files/Epic Games/UE_4.15/Engine/Binaries/Win64/
LogInit: Installed Engine Build: 1
LogInit: Presizing for max 8388607 objects, including 0 objects not considered by GC, pre-allocating 0 bytes for permanent pool.
LogInit: Object subsystem initialized
[2017.04.28-14.28.16:123][  0]LogInit: Selected Device Profile: [Windows]
[2017.04.28-14.28.16:123][  0]LogInit: Applying CVar settings loaded from the selected device profile: [Windows]
[2017.04.28-14.28.16:139][  0]LogInit: Computer: DESKTOP-0PEK566
[2017.04.28-14.28.16:139][  0]LogInit: User: Sarah
[2017.04.28-14.28.16:139][  0]LogInit: CPU Page size=65536, Cores=4
[2017.04.28-14.28.16:139][  0]LogInit: High frequency timer resolution =2.143576 MHz
[2017.04.28-14.28.16:139][  0]LogMemory: Memory total: Physical=7.9GB (8GB approx)
[2017.04.28-14.28.16:139][  0]LogMemory: Platform Memory Stats for Windows
[2017.04.28-14.28.16:139][  0]LogMemory: Process Physical Memory: 262.85 MB used, 262.85 MB peak
[2017.04.28-14.28.16:139][  0]LogMemory: Process Virtual Memory: 262.50 MB used, 262.50 MB peak
[2017.04.28-14.28.16:139][  0]LogMemory: Physical Memory: 6358.45 MB used,  1725.82 MB free, 8084.27 MB total
[2017.04.28-14.28.16:139][  0]LogMemory: Virtual Memory: 644.18 MB used,  1725.82 MB free, 134217728.00 MB total
[2017.04.28-14.28.16:298][  0]LogTextLocalizationManager: No specific translations for ('en-US') exist, so ('en') translations will be used.
[2017.04.28-14.28.17:096][  0]LogD3D11RHI: D3D11 adapters:
[2017.04.28-14.28.17:157][  0]LogD3D11RHI:    0. 'AMD Radeon HD 7600M Series' (Feature Level 11_0)
[2017.04.28-14.28.17:157][  0]LogD3D11RHI:       1004/0/3840 MB DedicatedVideo/DedicatedSystem/SharedSystem, Outputs:1, VendorId:0x1002
[2017.04.28-14.28.17:161][  0]LogD3D11RHI:    1. 'Intel(R) HD Graphics 4000' (Feature Level 11_0)
[2017.04.28-14.28.17:161][  0]LogD3D11RHI:       32/0/1760 MB DedicatedVideo/DedicatedSystem/SharedSystem, Outputs:0, VendorId:0x8086
[2017.04.28-14.28.17:162][  0]LogD3D11RHI:    2. 'Microsoft Basic Render Driver' (Feature Level 11_0)
[2017.04.28-14.28.17:162][  0]LogD3D11RHI:       0/0/4042 MB DedicatedVideo/DedicatedSystem/SharedSystem, Outputs:0, VendorId:0x1414
[2017.04.28-14.28.17:162][  0]LogD3D11RHI: Chosen D3D11 Adapter: 0
[2017.04.28-14.28.17:179][  0]LogD3D11RHI: Creating new Direct3DDevice
[2017.04.28-14.28.17:179][  0]LogD3D11RHI:     GPU DeviceId: 0x6840 (for the marketing name, search the web for "GPU Device Id")
[2017.04.28-14.28.17:179][  0]LogWindows: EnumDisplayDevices:
[2017.04.28-14.28.17:179][  0]LogWindows:    0. 'Intel(R) HD Graphics 4000' (P:1 D:1)
[2017.04.28-14.28.17:179][  0]LogWindows:    1. 'Intel(R) HD Graphics 4000' (P:0 D:0)
[2017.04.28-14.28.17:179][  0]LogWindows:    2. 'Intel(R) HD Graphics 4000' (P:0 D:0)
[2017.04.28-14.28.17:179][  0]LogWindows: DebugString: PrimaryIsNotTheChoosenAdapter PrimaryIsNotTheChoosenAdapter PrimaryIsNotTheChoosenAdapter FoundDriverCount:0 
[2017.04.28-14.28.17:179][  0]LogD3D11RHI:     Adapter Name: AMD Radeon HD 7600M Series
[2017.04.28-14.28.17:179][  0]LogD3D11RHI:   Driver Version: Unknown (internal:Unknown, unified:Unknown)
[2017.04.28-14.28.17:179][  0]LogD3D11RHI:      Driver Date: Unknown
[2017.04.28-14.28.17:179][  0]LogRHI: Texture pool is 702 MB (70% of 1004 MB)
[2017.04.28-14.28.17:188][  0]LogD3D11RHI: AMD Pre GCN architecture detected, some driver workarounds will be in place
[2017.04.28-14.28.17:197][  0]LogD3D11RHI: Async texture creation enabled
[2017.04.28-14.28.17:209][  0]LogD3D11RHI: GPU Timing Frequency: 27.000000 (Debug: 2 1)
[2017.04.28-14.28.17:210][  0]LogShaderCompilers: Guid format shader working directory is -36 characters bigger than the processId version (../../../../../../Users/Sarah/Documents/Unreal Projects/04_BattleTank/BattleTank/Intermediate/Shaders/WorkingDirectory/103800/).
[2017.04.28-14.28.17:210][  0]LogShaderCompilers: Cleaned the shader compiler working directory 'C:/Users/Sarah/AppData/Local/Temp/UnrealShaderWorkingDir/DCD025164D8979E71B09E0966787C49A/'.
[2017.04.28-14.28.17:210][  0]LogShaderCompilers:Display: Using Local Shader Compiler.
[2017.04.28-14.28.18:645][  0]LogTemp:Display: Loaded TP AllDesktopTargetPlatform
[2017.04.28-14.28.18:726][  0]LogTemp:Display: Loaded TP MacClientTargetPlatform
[2017.04.28-14.28.18:806][  0]LogTemp:Display: Loaded TP MacNoEditorTargetPlatform
[2017.04.28-14.28.18:885][  0]LogTemp:Display: Loaded TP MacServerTargetPlatform
[2017.04.28-14.28.18:970][  0]LogTemp:Display: Loaded TP MacTargetPlatform
[2017.04.28-14.28.19:051][  0]LogTemp:Display: Loaded TP WindowsClientTargetPlatform
[2017.04.28-14.28.19:131][  0]LogTemp:Display: Loaded TP WindowsNoEditorTargetPlatform
[2017.04.28-14.28.19:211][  0]LogTemp:Display: Loaded TP WindowsServerTargetPlatform
[2017.04.28-14.28.19:278][  0]LogTemp:Display: Loaded TP WindowsTargetPlatform
[2017.04.28-14.28.19:358][  0]LogTemp:Display: Loaded TP AndroidTargetPlatform
[2017.04.28-14.28.19:436][  0]LogTemp:Display: Loaded TP Android_ASTCTargetPlatform
[2017.04.28-14.28.19:515][  0]LogTemp:Display: Loaded TP Android_ATCTargetPlatform
[2017.04.28-14.28.19:594][  0]LogTemp:Display: Loaded TP Android_DXTTargetPlatform
[2017.04.28-14.28.19:673][  0]LogTemp:Display: Loaded TP Android_ETC1TargetPlatform
[2017.04.28-14.28.19:752][  0]LogTemp:Display: Loaded TP Android_ETC2TargetPlatform
[2017.04.28-14.28.19:908][  0]LogTemp:Display: Loaded TP Android_MultiTargetPlatform
[2017.04.28-14.28.19:908][  0]LogTemp:Display: Loaded TP Android_PVRTCTargetPlatform
[2017.04.28-14.28.19:965][  0]LogTemp:Display: Loaded TP HTML5TargetPlatform
[2017.04.28-14.28.20:096][  0]LogTemp:Display: Loaded TP IOSTargetPlatform
[2017.04.28-14.28.20:148][  0]LogTemp:Display: Loaded TP TVOSTargetPlatform
[2017.04.28-14.28.20:226][  0]LogTemp:Display: Loaded TP LinuxClientTargetPlatform
[2017.04.28-14.28.20:304][  0]LogTemp:Display: Loaded TP LinuxNoEditorTargetPlatform
[2017.04.28-14.28.20:382][  0]LogTemp:Display: Loaded TP LinuxServerTargetPlatform
[2017.04.28-14.28.20:460][  0]LogTemp:Display: Loaded TP LinuxTargetPlatform
[2017.04.28-14.28.20:460][  0]LogTargetPlatformManager:Display: Building Assets For Windows
[2017.04.28-14.28.21:122][  0]LogDerivedDataCache:Display: Max Cache Size: 512 MB
[2017.04.28-14.28.21:179][  0]LogDerivedDataCache: Loaded boot cache 0.06s 50MB C:/Users/Sarah/AppData/Local/UnrealEngine/4.15/DerivedDataCache/Boot.ddc.
[2017.04.28-14.28.21:179][  0]LogDerivedDataCache:Display: Loaded Boot cache: C:/Users/Sarah/AppData/Local/UnrealEngine/4.15/DerivedDataCache/Boot.ddc
[2017.04.28-14.28.21:179][  0]LogDerivedDataCache: FDerivedDataBackendGraph:  Pak pak cache file ../../../../../../Users/Sarah/Documents/Unreal Projects/04_BattleTank/BattleTank/DerivedDataCache/DDC.ddp not found, will not use a pak cache.
[2017.04.28-14.28.21:179][  0]LogDerivedDataCache: Unable to find inner node Pak for hierarchical cache Hierarchy.
[2017.04.28-14.28.21:179][  0]LogDerivedDataCache: FDerivedDataBackendGraph:  CompressedPak pak cache file ../../../../../../Users/Sarah/Documents/Unreal Projects/04_BattleTank/BattleTank/DerivedDataCache/Compressed.ddp not found, will not use a pak cache.
[2017.04.28-14.28.21:179][  0]LogDerivedDataCache: Unable to find inner node CompressedPak for hierarchical cache Hierarchy.
[2017.04.28-14.28.21:202][  0]LogDerivedDataCache:Display: Pak cache opened for reading ../../../Engine/DerivedDataCache/Compressed.ddp.
[2017.04.28-14.28.21:214][  0]LogDerivedDataCache: Using Local data cache path C:/Users/Sarah/AppData/Local/UnrealEngine/Common/DerivedDataCache: Writable
[2017.04.28-14.28.21:225][  0]LogSlate: Using Freetype 2.6.0
[2017.04.28-14.28.21:225][  0]LogSlate: SlateFontCache - WITH_FREETYPE: 1, WITH_HARFBUZZ: 1
[2017.04.28-14.28.21:225][  0]LogSlate: SlateFontCache - WITH_FREETYPE: 1, WITH_HARFBUZZ: 1
[2017.04.28-14.28.21:575][  0]LogInit: Selected Device Profile: [Windows]
[2017.04.28-14.28.21:579][  0]LogContentStreaming: Texture pool size is 0.00 MB
[2017.04.28-14.28.21:865][  0]LogMeshUtilities: Using QuadricMeshReduction for automatic static mesh reduction
[2017.04.28-14.28.21:929][  0]LogSimplygon: Simplygon DLL not present - disabling.
[2017.04.28-14.28.22:002][  0]LogMeshUtilities: Using SimplygonSwarm for distributed automatic mesh merging
[2017.04.28-14.28.22:002][  0]LogMeshUtilities: No automatic skeletal mesh reduction module available
[2017.04.28-14.28.22:002][  0]LogMeshUtilities: No automatic mesh merging module available
[2017.04.28-14.28.22:785][  0]LogNetVersion: GetLocalNetworkVersion: CL: 3299760, ProjectName: battletank, ProjectVersion: , EngineNetworkVersion: 2, GameNetworkVersion: 0, NetworkChecksum: 2512795372
[2017.04.28-14.28.22:842][  0]LogAssetRegistry: FAssetRegistry took 0.0222 seconds to start up
[2017.04.28-14.28.22:914][  0]LogPackageLocalizationCache: Processed 3 localized package path(s) for 2 prioritized culture(s) in 0.038579 seconds
[2017.04.28-14.28.22:921][  0]LogUObjectArray: 32475 objects as part of root set at end of initial load.
[2017.04.28-14.28.22:921][  0]LogUObjectAllocator: 7073360 out of 0 bytes used by permanent object pool.
[2017.04.28-14.28.22:921][  0]LogUObjectArray: CloseDisregardForGC: 0/0 objects in disregard for GC pool
[2017.04.28-14.28.23:016][  0]LogInit: WinSock: version 1.1 (2.2), MaxSocks=32767, MaxUdp=65467
[2017.04.28-14.28.25:267][  0]LogTcpMessaging: Initializing TcpMessaging bridge
[2017.04.28-14.28.25:334][  0]LogUdpMessaging: Initializing bridge on interface 0.0.0.0:0 to multicast group 230.0.0.1:6666.
[2017.04.28-14.28.26:069][  0]LogMaterial: Uniform references updated for custom material expression Custom.
[2017.04.28-14.28.26:650][  0]SourceControl: Info Source control is disabled
[2017.04.28-14.28.26:689][  0]SourceControl: Info Source control is disabled
[2017.04.28-14.28.26:760][  0]SourceControl: Info Source control is disabled
[2017.04.28-14.28.26:835][  0]SourceControl: Info Source control is disabled
[2017.04.28-14.28.28:762][  0]LogEngine: Initializing Engine...
[2017.04.28-14.28.28:763][  0]LogHMD: Failed to initialize OpenVR with code 110
[2017.04.28-14.28.29:084][  0]LogAIModule: Creating AISystem for world Untitled
[2017.04.28-14.28.29:093][  0]LogInit: XAudio2 using 'Speakers (2- High Definition Audio Device)' : 2 channels at 44.1 kHz using 16 bits per sample (channel mask 0x3)
[2017.04.28-14.28.29:116][  0]LogInit: FAudioDevice initialized.
[2017.04.28-14.28.29:148][  0]LogDerivedDataCache: Saved boot cache 0.03s 50MB C:/Users/Sarah/AppData/Local/UnrealEngine/4.15/DerivedDataCache/Boot.ddc.
[2017.04.28-14.28.29:158][  0]LogInit: Texture streaming: Enabled
[2017.04.28-14.28.29:305][  0]LogEngineSessionManager: EngineSessionManager initialized
[2017.04.28-14.28.29:439][  0]LogInit: Transaction tracking system initialized
[2017.04.28-14.28.29:943][  0]BlueprintLog: New page: Editor Load
[2017.04.28-14.28.31:244][  0]LocalizationService: Info Localization service is disabled
[2017.04.28-14.28.32:461][  0]LogConsoleResponse:Display: 
[2017.04.28-14.28.32:658][  0]LogCook:Display: Max memory allowance for cook 16384mb min free memory 0mb
[2017.04.28-14.28.32:658][  0]LogCook:Display: Mobile HDR setting 1
[2017.04.28-14.28.33:329][  0]LogFileCache: Scanning file cache for directory 'C:/Users/Sarah/Documents/Unreal Projects/04_BattleTank/BattleTank/Content/' took 0.02s
[2017.04.28-14.28.34:176][  0]SourceControl: Info Source control is disabled
[2017.04.28-14.28.34:176][  0]Cmd: MAP LOAD FILE="../../../../../../Users/Sarah/Documents/Unreal Projects/04_BattleTank/BattleTank/Content/Levels/BattleGround.umap" TEMPLATE=0 SHOWPROGRESS=1 FEATURELEVEL=3
[2017.04.28-14.28.34:183][  0]LightingResults: New page: Lighting Build
[2017.04.28-14.28.34:243][  0]MapCheck: New page: Map Check
[2017.04.28-14.28.34:243][  0]LightingResults: New page: Lighting Build
[2017.04.28-14.28.34:528][  0]LogBlueprint:Error: [Compiler Tank_BP] Error Could not find a function named "Initialise" in 'TankAimingComponent'.
Make sure 'TankAimingComponent' has been compiled for  Initialise
[2017.04.28-14.28.34:538][  0]LogBlueprint:Warning: [Compiler Tank_BP] Warning [0021.38] Compile of Tank_BP failed. 1 Fatal Issue(s) 0 Warning(s) [in 15 ms] (/Game/Tank/Tank_BP.Tank_BP)
[2017.04.28-14.28.34:538][  0]LogBlueprint:Warning: [Compiler Tank_BP] Warning [0021.38] Compile of Tank_BP failed. 1 Fatal Issue(s) 1 Warning(s) [in 0 ms] (/Game/Tank/Tank_BP.Tank_BP)
[2017.04.28-14.28.34:538][  0]LogBlueprint:Warning: [Compiler Tank_BP] Warning [0021.38] Compile of Tank_BP failed. 1 Fatal Issue(s) 2 Warning(s) [in 0 ms] (/Game/Tank/Tank_BP.Tank_BP)
[2017.04.28-14.28.34:545][  0]LogBlueprint:Error: [Compiler Tank_BP] Error Could not find a function named "Initialise" in 'TankAimingComponent'.
Make sure 'TankAimingComponent' has been compiled for  Initialise
[2017.04.28-14.28.34:555][  0]LogBlueprint:Warning: [Compiler Tank_BP] Warning [0021.39] Compile of Tank_BP failed. 1 Fatal Issue(s) 0 Warning(s) [in 14 ms] (/Game/Tank/Tank_BP.Tank_BP)
[2017.04.28-14.28.34:555][  0]LogBlueprint:Warning: [Compiler Tank_BP] Warning [0021.39] Compile of Tank_BP failed. 1 Fatal Issue(s) 1 Warning(s) [in 0 ms] (/Game/Tank/Tank_BP.Tank_BP)
[2017.04.28-14.28.34:555][  0]LogBlueprint:Warning: [Compiler Tank_BP] Warning [0021.39] Compile of Tank_BP failed. 1 Fatal Issue(s) 2 Warning(s) [in 0 ms] (/Game/Tank/Tank_BP.Tank_BP)
[2017.04.28-14.28.34:593][  0]LogBlueprint:Error: [Compiler TankPlayerController_BP] Error Missing Event 'FoundAimingComponent' for  Event FoundAimingComponent
[2017.04.28-14.28.34:596][  0]LogBlueprint:Warning: [Compiler TankPlayerController_BP] Warning [0021.44] Compile of TankPlayerController_BP failed. 1 Fatal Issue(s) 0 Warning(s) [in 4 ms] (/Game/Tank/TankPlayerController_BP.TankPlayerController_BP)
[2017.04.28-14.28.34:596][  0]LogBlueprint:Warning: [Compiler TankPlayerController_BP] Warning [0021.44] Compile of TankPlayerController_BP failed. 1 Fatal Issue(s) 1 Warning(s) [in 0 ms] (/Game/Tank/TankPlayerController_BP.TankPlayerController_BP)
[2017.04.28-14.28.34:596][  0]LogBlueprint:Warning: [Compiler TankPlayerController_BP] Warning [0021.44] Compile of TankPlayerController_BP failed. 1 Fatal Issue(s) 2 Warning(s) [in 0 ms] (/Game/Tank/TankPlayerController_BP.TankPlayerController_BP)
[2017.04.28-14.28.35:038][  0]LogAIModule: Creating AISystem for world BattleGround
[2017.04.28-14.28.35:411][  0]LogEditorServer: Finished looking for orphan Actors (0.000 secs)
[2017.04.28-14.28.35:415][  0]Cmd: MAP CHECKDEP NOCLEARLOG
[2017.04.28-14.28.35:471][  0]MapCheck: Info Map check complete: 0 Error(s), 0 Warning(s), took 56.755ms to complete.
[2017.04.28-14.28.35:471][  0]LogFileHelpers: Loading map 'BattleGround' took 1.296
[2017.04.28-14.28.35:721][  0]LogCollectionManager: Loaded 1 collections in 0.005442 seconds
[2017.04.28-14.28.35:825][  0]LogFileCache: Scanning file cache for directory 'C:/Users/Sarah/Documents/Unreal Projects/04_BattleTank/BattleTank/Saved/Collections/' took 0.01s
[2017.04.28-14.28.35:825][  0]LogFileCache: Scanning file cache for directory 'C:/Users/Sarah/Documents/Unreal Projects/04_BattleTank/BattleTank/Content/Developers/Sarah/Collections/' took 0.01s
[2017.04.28-14.28.35:825][  0]LogFileCache: Scanning file cache for directory 'C:/Users/Sarah/Documents/Unreal Projects/04_BattleTank/BattleTank/Content/Collections/' took 0.01s
[2017.04.28-14.28.35:825][  0]LogCollectionManager: Rebuilt the GUID cache for 1 collections in 0.000005 seconds
[2017.04.28-14.28.35:825][  0]LogCollectionManager: Rebuilt the hierarchy cache for 1 collections in 0.000000 seconds
[2017.04.28-14.28.35:841][  0]LogContentBrowser: Native class hierarchy populated in 0.0160 seconds. Added 2255 classes and 453 folders.
[2017.04.28-14.28.35:846][  0]LogStats: UGameplayTagsManager::ConstructGameplayTagTree: Construct from data asset -  0.000 s
[2017.04.28-14.28.35:849][  0]LogStats: UGameplayTagsManager::ConstructGameplayTagTree: GameplayTagTreeChangedEvent.Broadcast -  0.000 s
[2017.04.28-14.28.35:949][  0]LogContentBrowser: Native class hierarchy updated for 'WidgetCarousel' in 0.0038 seconds. Added 0 classes and 0 folders.
[2017.04.28-14.28.36:419][  0]LogContentBrowser: Native class hierarchy updated for 'AddContentDialog' in 0.0043 seconds. Added 0 classes and 0 folders.
[2017.04.28-14.28.36:496][  0]LogContentBrowser: Native class hierarchy updated for 'SceneOutliner' in 0.0037 seconds. Added 1 classes and 2 folders.
[2017.04.28-14.28.36:574][  0]LogCrashTracker: Crashtracker disabled due to settings.
[2017.04.28-14.28.36:580][  0]LogUObjectGlobals:Warning: Failed to find object 'Class None.'
[2017.04.28-14.28.36:671][  0]LogContentBrowser: Native class hierarchy updated for 'HierarchicalLODOutliner' in 0.0042 seconds. Added 1 classes and 2 folders.
[2017.04.28-14.28.36:671][  0]LogLoad: (Engine Initialization) Total time: 23.51 seconds
[2017.04.28-14.28.36:671][  0]LogLoad: (Engine Initialization) Total Blueprint compile time: 0.20 seconds
[2017.04.28-14.28.36:671][  0]LogExternalProfiler: No external profilers were discovered.  External profiling features will not be available.
[2017.04.28-14.28.37:011][  0]LogOcInput: OculusInput pre-init called
[2017.04.28-14.28.37:033][  0]LogContentStreaming: Texture pool size now 600 MB
[2017.04.28-14.28.37:035][  0]LogSlate: Took 0.000190 seconds to synchronously load lazily loaded font '../../../Engine/Content/Slate/Fonts/Roboto-Regular.ttf' (155K)
[2017.04.28-14.28.37:040][  0]LogSlate: Took 0.000330 seconds to synchronously load lazily loaded font '../../../Engine/Content/Slate/Fonts/Roboto-Bold.ttf' (160K)
[2017.04.28-14.28.37:058][  0]LogSlate: Took 0.006292 seconds to synchronously load lazily loaded font '../../../Engine/Content/Editor/Slate/Fonts/FontAwesome.ttf' (139K)
[2017.04.28-14.28.37:311][  0]LogSlate: Took 0.005702 seconds to synchronously load lazily loaded font '../../../Engine/Content/Slate/Fonts/Roboto-Light.ttf' (159K)
[2017.04.28-14.28.37:374][  1]LogRenderer: Reallocating scene render targets to support 1056x628 NumSamples 1 (Frame:2).
[2017.04.28-14.28.37:374][  1]LogAssetRegistry: Asset discovery search completed in 14.5550 seconds
[2017.04.28-14.28.37:375][  1]LogCollectionManager: Rebuilt the object cache for 1 collections in 0.000007 seconds (found 0 objects)
[2017.04.28-14.28.37:375][  1]LogCollectionManager: Fixed up redirectors for 1 collections in 0.000035 seconds (updated 0 objects)
[2017.04.28-14.29.59:365][247]LogHotReload: New module detected: UE4Editor-BattleTank-7543.dll
[2017.04.28-14.31.21:056][536]LogHotReload: New module detected: UE4Editor-BattleTank-3075.dll
[2017.04.28-14.31.48:897][ 99]Recompiling BattleTank...
[2017.04.28-14.31.48:897][ 99]Launching UnrealBuildTool... [C:/Program Files/Epic Games/UE_4.15/Engine/Binaries/DotNET/UnrealBuildTool.exe BattleTank -ModuleWithSuffix BattleTank 4719 Win64 Development -editorrecompile -canskiplink "C:/Users/Sarah/Documents/Unreal Projects/04_BattleTank/BattleTank/BattleTank.uproject" ]
[2017.04.28-14.31.48:908][ 99]Warning: Starting HotReload took  0.2s.
[2017.04.28-14.32.21:689][433]CompilerResultsLog: New page: Compilation - Apr 28, 2017, 4:32:21 PM
[2017.04.28-14.32.21:689][433]CompilerResultsLog: Info Creating makefile for hot reloading BattleTank (modules to compile have changed)
[2017.04.28-14.32.21:689][433]CompilerResultsLog: Info Compiling game modules for hot reload
[2017.04.28-14.32.21:689][433]CompilerResultsLog: Info Performing 1 actions (4 in parallel)
[2017.04.28-14.32.21:689][433]CompilerResultsLog: Info [1/1] Link UE4Editor-BattleTank-4719.dll
[2017.04.28-14.32.21:689][433]CompilerResultsLog: Info    Creating library C:\Users\Sarah\Documents\Unreal Projects\04_BattleTank\BattleTank\Intermediate\Build\Win64\UE4Editor\Development\UE4Editor-BattleTank-4719.suppressed.lib and object C:\Users\Sarah\Documents\Unreal Projects\04_BattleTank\BattleTank\Intermediate\Build\Win64\UE4Editor\Development\UE4Editor-BattleTank-4719.suppressed.exp
[2017.04.28-14.32.21:689][433]CompilerResultsLog:Error: Error TankAIController.cpp.obj : error LNK2019: unresolved external symbol "public: void __cdecl UTankAimingComponent::Fire(void)" (?Fire@UTankAimingComponent@@QEAAXXZ) referenced in function "public: virtual void __cdecl ATankAIController::Tick(float)" (?Tick@ATankAIController@@UEAAXM@Z)
[2017.04.28-14.32.21:689][433]CompilerResultsLog:Error: Error TankAimingComponent.cpp.obj : error LNK2001: unresolved external symbol "public: void __cdecl UTankAimingComponent::Fire(void)" (?Fire@UTankAimingComponent@@QEAAXXZ)
[2017.04.28-14.32.21:690][433]CompilerResultsLog:Error: Error TankPlayerController.cpp.obj : error LNK2001: unresolved external symbol "public: void __cdecl UTankAimingComponent::Fire(void)" (?Fire@UTankAimingComponent@@QEAAXXZ)
[2017.04.28-14.32.21:690][433]CompilerResultsLog:Error: Error BattleTank.generated.cpp.obj : error LNK2001: unresolved external symbol "public: void __cdecl UTankAimingComponent::Fire(void)" (?Fire@UTankAimingComponent@@QEAAXXZ)
[2017.04.28-14.32.21:690][433]CompilerResultsLog:Error: Error C:\Users\Sarah\Documents\Unreal Projects\04_BattleTank\BattleTank\Binaries\Win64\UE4Editor-BattleTank-4719.dll : fatal error LNK1120: 1 unresolved externals
[2017.04.28-14.32.21:690][433]CompilerResultsLog: Info ERROR: UBT ERROR: Failed to produce item: C:\Users\Sarah\Documents\Unreal Projects\04_BattleTank\BattleTank\Binaries\Win64\UE4Editor-BattleTank-4719.dll
[2017.04.28-14.32.21:690][433]CompilerResultsLog: Info Total build time: 32.30 seconds (Local executor: 0.00 seconds)
[2017.04.28-14.32.21:690][433]LogMainFrame: MainFrame: Module compiling took 32.881 seconds
[2017.04.28-14.32.21:691][433]Warning: HotReload failed, recompile failed
[2017.04.28-14.33.32:373][699]LogRenderer: Reallocating scene render targets to support 1056x632 NumSamples 1 (Frame:366).
[2017.04.28-14.33.32:580][706]LogSlate: Took 0.010426 seconds to synchronously load lazily loaded font '../../../Engine/Content/Editor/Slate/Fonts/DroidSansMono.ttf' (77K)
[2017.04.28-14.34.05:963][822]MapCheck: New page: Map Check
[2017.04.28-14.34.06:001][822]Cmd: MAP REBUILD ALLVISIBLE
[2017.04.28-14.34.06:003][822]LogEditorServer: Rebuildmap Clear paths rebuilt
[2017.04.28-14.34.08:799][822]LogMaterial: Missing cached shader map for material FDebugViewModeMaterialProxy WorldGridMaterial, compiling. Is special engine material.
[2017.04.28-14.34.08:809][822]LogTemp:Display: Added material ShaderMap 0x00000244ADDD3580 with Material 0x000002449A55B400 to ShaderMapsBeingCompiled
[2017.04.28-14.34.08:819][822]LogTemp:Display: Kicking off shader compilation for FDebugViewModeMaterialProxy WorldGridMaterial, GameThreadShaderMap 0x00000244ADDD3580
[2017.04.28-14.34.08:824][822]LogMaterial: Missing cached shader map for material FDebugViewModeMaterialProxy MaterialInstanceDynamic_1, compiling. 
[2017.04.28-14.34.08:826][822]LogTemp:Display: Added material ShaderMap 0x000002449A520800 with Material 0x00000244A9AF1300 to ShaderMapsBeingCompiled
[2017.04.28-14.34.08:828][822]LogTemp:Display: Kicking off shader compilation for FDebugViewModeMaterialProxy MaterialInstanceDynamic_1, GameThreadShaderMap 0x000002449A520800
[2017.04.28-14.34.08:832][822]LogMaterial: Missing cached shader map for material FDebugViewModeMaterialProxy LandscapeGizmo_Mat, compiling. 
[2017.04.28-14.34.08:833][822]LogTemp:Display: Added material ShaderMap 0x000002449A520F00 with Material 0x000002449DB01900 to ShaderMapsBeingCompiled
[2017.04.28-14.34.08:836][822]LogTemp:Display: Kicking off shader compilation for FDebugViewModeMaterialProxy LandscapeGizmo_Mat, GameThreadShaderMap 0x000002449A520F00
[2017.04.28-14.34.08:841][822]LogMaterial: Missing cached shader map for material FDebugViewModeMaterialProxy MatineeCam_mat, compiling. 
[2017.04.28-14.34.08:842][822]LogTemp:Display: Added material ShaderMap 0x000002449A440B80 with Material 0x000002449DB01300 to ShaderMapsBeingCompiled
[2017.04.28-14.34.08:845][822]LogTemp:Display: Kicking off shader compilation for FDebugViewModeMaterialProxy MatineeCam_mat, GameThreadShaderMap 0x000002449A440B80
[2017.04.28-14.34.10:577][822]LogTemp:Display: Finished compile of shader map 0x000002449A520F00
[2017.04.28-14.34.10:577][822]LogTemp:Display: Shader map FDebugViewModeMaterialProxy LandscapeGizmo_Mat complete, GameThreadShaderMap 0x000002449A520F00, marking material FDebugViewModeMaterialProxy LandscapeGizmo_Mat as finished
[2017.04.28-14.34.10:578][822]LogTemp:Display: Marking material as finished 0x000002449DB01900
[2017.04.28-14.34.10:614][822]LogTemp:Display: Finished compile of shader map 0x000002449A440B80
[2017.04.28-14.34.10:614][822]LogTemp:Display: Shader map FDebugViewModeMaterialProxy MatineeCam_mat complete, GameThreadShaderMap 0x000002449A440B80, marking material FDebugViewModeMaterialProxy MatineeCam_mat as finished
[2017.04.28-14.34.10:615][822]LogTemp:Display: Marking material as finished 0x000002449DB01300
[2017.04.28-14.34.10:693][822]LogTemp:Display: Finished compile of shader map 0x00000244ADDD3580
[2017.04.28-14.34.10:694][822]LogTemp:Display: Shader map FDebugViewModeMaterialProxy WorldGridMaterial complete, GameThreadShaderMap 0x00000244ADDD3580, marking material FDebugViewModeMaterialProxy WorldGridMaterial as finished
[2017.04.28-14.34.10:694][822]LogTemp:Display: Marking material as finished 0x000002449A55B400
[2017.04.28-14.34.10:709][822]LogTemp:Display: Finished compile of shader map 0x000002449A520800
[2017.04.28-14.34.10:709][822]LogTemp:Display: Shader map FDebugViewModeMaterialProxy MaterialInstanceDynamic_1 complete, GameThreadShaderMap 0x000002449A520800, marking material FDebugViewModeMaterialProxy MaterialInstanceDynamic_1 as finished
[2017.04.28-14.34.10:710][822]LogTemp:Display: Marking material as finished 0x00000244A9AF1300
[2017.04.28-14.34.10:712][822]TextureStreamingBuild:Display: Compiling optional shaders took 1.931 seconds.
[2017.04.28-14.34.10:740][822]LogLevel:Display: Export Material TexCoord Scales took 0.028 seconds.
[2017.04.28-14.34.10:747][822]TextureStreamingBuild:Display: Build Texture Streaming took 0.006 seconds.
[2017.04.28-14.34.10:763][822]LightingResults: New page: Lighting Build - Apr 28, 2017, 4:34:10 PM
[2017.04.28-14.34.10:892][822]LogSwarmInterface: [OpenConnection] Registering TCP channel ...
[2017.04.28-14.34.11:045][822]LogSwarmInterface: [OpenConnection] Connecting to agent ...
[2017.04.28-14.34.11:060][822]LogSwarmInterface: [TryOpenConnection] Testing the Agent
[2017.04.28-14.34.12:089][822]LogSwarmInterface: [TryOpenConnection] Opening Connection to Agent
[2017.04.28-14.34.12:089][822]LogSwarmInterface: [TryOpenConnection] Local Process ID is 103800
[2017.04.28-14.34.14:539][822]LightingResults:Warning: Performance Warning No importance volume found and the scene is so large that the automatically synthesized volume will not yield good results.  Please add a tightly bounding lightmass importance volume to optimize your scene's quality and lighting build times.
[2017.04.28-14.34.14:540][822]LogStaticLightingSystem: Running Lightmass w/ ImmediateImport mode ENABLED
[2017.04.28-14.34.14:540][822]LogStaticLightingSystem: Running Lightmass w/ ImmediateProcess mode ENABLED
[2017.04.28-14.34.14:540][822]LogStaticLightingSystem: Running Lightmass w/ Sorting mode ENABLED
[2017.04.28-14.34.14:540][822]LogStaticLightingSystem: Running Lightmass w/ Mapping paddings ENABLED
[2017.04.28-14.34.14:540][822]LogStaticLightingSystem: Running Lightmass w/ Mapping debug paddings DISABLED
[2017.04.28-14.34.14:756][822]Cmd: MAP CHECK DONTDISPLAYDIALOG
[2017.04.28-14.34.14:756][822]MapCheck: New page: BattleGround - Apr 28, 2017, 4:34:14 PM
[2017.04.28-14.34.14:817][822]MapCheck: Info Map check complete: 0 Error(s), 0 Warning(s), took 60.644ms to complete.
[2017.04.28-14.34.14:839][822]LogEditorBuildUtils: Build time 0:08
[2017.04.28-14.34.20:298][934]Job is a success!
[2017.04.28-14.34.20:646][935]LogSlate: Took 0.004681 seconds to synchronously load lazily loaded font '../../../Engine/Content/Slate/Fonts/Roboto-Light.ttf' (159K)
[2017.04.28-14.34.20:931][935]LogTexture:Display: Building textures: HQ_Lightmap1_1 (AutoDXT)
[2017.04.28-14.34.20:931][935]LogTexture:Display: Building textures: LQ_Lightmap_1_1 (DXT1)
[2017.04.28-14.34.20:931][935]LogTexture:Display: Building textures: ShadowMapTexture2D_1 (BGRA8)
[2017.04.28-14.34.20:969][935]Lightmass on DESKTOP-0PEK566: 4.96 sec total, 440 ms importing, 52 ms setup, 1.50 sec photons, 2.87 sec processing, 0 ms extra exporting [50/50 mappings]. Threads: 19.9 sec total, 10.5 sec processing.
[2017.04.28-14.34.21:003][935]LogStaticLightingSystem: Illumination: 9.91 sec (157 ms encoding lightmaps, 27 ms encoding shadowmaps)
[2017.04.28-14.34.21:003][935]LogStaticLightingSystem: Lightmap texture memory:  0.5 MB (0.5 MB streaming, 0.0 MB non-streaming), 2 textures
[2017.04.28-14.34.21:004][935]LogStaticLightingSystem: Shadowmap texture memory: 0.3 MB (0.3 MB streaming, 0.0 MB non-streaming), 1 textures
[2017.04.28-14.34.21:560][935]DumpUnbuiltLightIteractions
[2017.04.28-14.34.21:560][935]Lights with unbuilt interactions: 0
[2017.04.28-14.34.21:560][935]
[2017.04.28-14.34.21:560][935]Primitives with unbuilt interactions: 0
[2017.04.28-14.34.21:580][936]Cmd: MAP CHECK NOTIFYRESULTS
[2017.04.28-14.34.21:581][936]MapCheck: New page: BattleGround - Apr 28, 2017, 4:34:21 PM
[2017.04.28-14.34.21:637][936]MapCheck: Info Map check complete: 0 Error(s), 0 Warning(s), took 56.565ms to complete.
[2017.04.28-14.34.26:725][102]LogVSAccessor:Warning: Couldn't access Visual Studio
[2017.04.28-14.34.26:730][102]Recompiling BattleTank...
[2017.04.28-14.34.26:731][102]Launching UnrealBuildTool... [C:/Program Files/Epic Games/UE_4.15/Engine/Binaries/DotNET/UnrealBuildTool.exe BattleTank -ModuleWithSuffix BattleTank 1623 Win64 Development -editorrecompile -canskiplink "C:/Users/Sarah/Documents/Unreal Projects/04_BattleTank/BattleTank/BattleTank.uproject" ]
[2017.04.28-14.34.26:732][102]Warning: Starting HotReload took  0.0s.
[2017.04.28-14.34.29:767][281]CompilerResultsLog: New page: Compilation - Apr 28, 2017, 4:34:29 PM
[2017.04.28-14.34.29:768][281]CompilerResultsLog: Info Compiling game modules for hot reload
[2017.04.28-14.34.29:768][281]CompilerResultsLog: Info Performing 1 actions (4 in parallel)
[2017.04.28-14.34.29:768][281]CompilerResultsLog: Info [1/1] Link UE4Editor-BattleTank-1623.dll
[2017.04.28-14.34.29:768][281]CompilerResultsLog: Info    Creating library C:\Users\Sarah\Documents\Unreal Projects\04_BattleTank\BattleTank\Intermediate\Build\Win64\UE4Editor\Development\UE4Editor-BattleTank-1623.suppressed.lib and object C:\Users\Sarah\Documents\Unreal Projects\04_BattleTank\BattleTank\Intermediate\Build\Win64\UE4Editor\Development\UE4Editor-BattleTank-1623.suppressed.exp
[2017.04.28-14.34.29:768][281]CompilerResultsLog:Error: Error TankAIController.cpp.obj : error LNK2019: unresolved external symbol "public: void __cdecl UTankAimingComponent::Fire(void)" (?Fire@UTankAimingComponent@@QEAAXXZ) referenced in function "public: virtual void __cdecl ATankAIController::Tick(float)" (?Tick@ATankAIController@@UEAAXM@Z)
[2017.04.28-14.34.29:769][281]CompilerResultsLog:Error: Error TankAimingComponent.cpp.obj : error LNK2001: unresolved external symbol "public: void __cdecl UTankAimingComponent::Fire(void)" (?Fire@UTankAimingComponent@@QEAAXXZ)
[2017.04.28-14.34.29:769][281]CompilerResultsLog:Error: Error TankPlayerController.cpp.obj : error LNK2001: unresolved external symbol "public: void __cdecl UTankAimingComponent::Fire(void)" (?Fire@UTankAimingComponent@@QEAAXXZ)
[2017.04.28-14.34.29:769][281]CompilerResultsLog:Error: Error BattleTank.generated.cpp.obj : error LNK2001: unresolved external symbol "public: void __cdecl UTankAimingComponent::Fire(void)" (?Fire@UTankAimingComponent@@QEAAXXZ)
[2017.04.28-14.34.29:769][281]CompilerResultsLog:Error: Error C:\Users\Sarah\Documents\Unreal Projects\04_BattleTank\BattleTank\Binaries\Win64\UE4Editor-BattleTank-1623.dll : fatal error LNK1120: 1 unresolved externals
[2017.04.28-14.34.29:770][281]CompilerResultsLog: Info ERROR: UBT ERROR: Failed to produce item: C:\Users\Sarah\Documents\Unreal Projects\04_BattleTank\BattleTank\Binaries\Win64\UE4Editor-BattleTank-1623.dll
[2017.04.28-14.34.29:770][281]CompilerResultsLog: Info Total build time: 2.71 seconds (Local executor: 0.00 seconds)
[2017.04.28-14.34.29:770][281]LogMainFrame: MainFrame: Module compiling took 3.045 seconds
[2017.04.28-14.34.29:770][281]Warning: HotReload failed, recompile failed
[2017.04.28-14.36.09:031][289]Recompiling BattleTank...
[2017.04.28-14.36.09:031][289]Launching UnrealBuildTool... [C:/Program Files/Epic Games/UE_4.15/Engine/Binaries/DotNET/UnrealBuildTool.exe BattleTank -ModuleWithSuffix BattleTank 3354 Win64 Development -editorrecompile -canskiplink "C:/Users/Sarah/Documents/Unreal Projects/04_BattleTank/BattleTank/BattleTank.uproject" ]
[2017.04.28-14.36.09:034][289]Warning: Starting HotReload took  0.1s.
[2017.04.28-14.36.23:639][830]CompilerResultsLog: New page: Compilation - Apr 28, 2017, 4:36:23 PM
[2017.04.28-14.36.23:640][830]CompilerResultsLog: Info Compiling game modules for hot reload
[2017.04.28-14.36.23:640][830]CompilerResultsLog: Info Parsing headers for BattleTankEditor
[2017.04.28-14.36.23:640][830]CompilerResultsLog: Info   Running UnrealHeaderTool "C:\Users\Sarah\Documents\Unreal Projects\04_BattleTank\BattleTank\BattleTank.uproject" "C:\Users\Sarah\Documents\Unreal Projects\04_BattleTank\BattleTank\Intermediate\Build\Win64\BattleTankEditor\Development\BattleTankEditor.uhtmanifest" -LogCmds="loginit warning, logexit warning, logdatabase error" -Unattended -WarningsAsErrors -installed
[2017.04.28-14.36.23:640][830]CompilerResultsLog: Info Reflection code generated for BattleTankEditor in 9.8505823 seconds
[2017.04.28-14.36.23:640][830]CompilerResultsLog: Info Performing 6 actions (4 in parallel)
[2017.04.28-14.36.23:640][830]CompilerResultsLog: Info TankAimingComponent.cpp
[2017.04.28-14.36.23:640][830]CompilerResultsLog: Info TankPlayerController.cpp
[2017.04.28-14.36.23:640][830]CompilerResultsLog: Info TankAIController.cpp
[2017.04.28-14.36.23:640][830]CompilerResultsLog: Info BattleTank.generated.cpp
[2017.04.28-14.36.23:640][830]CompilerResultsLog:Error: Error C:\Users\Sarah\Documents\Unreal Projects\04_BattleTank\BattleTank\Source\BattleTank\Private\TankAIController.cpp(51) : error C2039: 'Fire': is not a member of 'UTankAimingComponent'
[2017.04.28-14.36.23:640][830]CompilerResultsLog:Error: Error C:\Users\Sarah\Documents\Unreal Projects\04_BattleTank\BattleTank\Source\BattleTank\Public\TankAIController.h(10) : note: see declaration of 'UTankAimingComponent'
[2017.04.28-14.36.23:640][830]CompilerResultsLog: Info ERROR: UBT ERROR: Failed to produce item: C:\Users\Sarah\Documents\Unreal Projects\04_BattleTank\BattleTank\Binaries\Win64\UE4Editor-BattleTank-3354.dll
[2017.04.28-14.36.23:640][830]CompilerResultsLog: Info Total build time: 13.92 seconds (Local executor: 0.00 seconds)
[2017.04.28-14.36.23:640][830]LogMainFrame: MainFrame: Module compiling took 14.616 seconds
[2017.04.28-14.36.23:640][830]Warning: HotReload failed, recompile failed
[2017.04.28-14.36.49:024][478]Recompiling BattleTank...
[2017.04.28-14.36.49:025][478]Launching UnrealBuildTool... [C:/Program Files/Epic Games/UE_4.15/Engine/Binaries/DotNET/UnrealBuildTool.exe BattleTank -ModuleWithSuffix BattleTank 5403 Win64 Development -editorrecompile -canskiplink "C:/Users/Sarah/Documents/Unreal Projects/04_BattleTank/BattleTank/BattleTank.uproject" ]
[2017.04.28-14.36.49:027][478]Warning: Starting HotReload took  0.0s.
[2017.04.28-14.36.53:694][682]CompilerResultsLog: New page: Compilation - Apr 28, 2017, 4:36:53 PM
[2017.04.28-14.36.53:695][682]CompilerResultsLog: Info Compiling game modules for hot reload
[2017.04.28-14.36.53:695][682]CompilerResultsLog: Info Performing 3 actions (4 in parallel)
[2017.04.28-14.36.53:695][682]CompilerResultsLog: Info TankAIController.cpp
[2017.04.28-14.36.53:695][682]CompilerResultsLog: Info [2/3] Link UE4Editor-BattleTank-5403.dll
[2017.04.28-14.36.53:695][682]CompilerResultsLog: Info [3/3] Link UE4Editor-BattleTank-5403.lib
[2017.04.28-14.36.53:695][682]CompilerResultsLog: Info    Creating library C:\Users\Sarah\Documents\Unreal Projects\04_BattleTank\BattleTank\Intermediate\Build\Win64\UE4Editor\Development\UE4Editor-BattleTank-5403.lib and object C:\Users\Sarah\Documents\Unreal Projects\04_BattleTank\BattleTank\Intermediate\Build\Win64\UE4Editor\Development\UE4Editor-BattleTank-5403.exp
[2017.04.28-14.36.53:695][682]CompilerResultsLog: Info    Creating library C:\Users\Sarah\Documents\Unreal Projects\04_BattleTank\BattleTank\Intermediate\Build\Win64\UE4Editor\Development\UE4Editor-BattleTank-5403.suppressed.lib and object C:\Users\Sarah\Documents\Unreal Projects\04_BattleTank\BattleTank\Intermediate\Build\Win64\UE4Editor\Development\UE4Editor-BattleTank-5403.suppressed.exp
[2017.04.28-14.36.53:696][682]CompilerResultsLog: Info Total build time: 4.29 seconds (Local executor: 3.29 seconds)
[2017.04.28-14.36.53:696][682]LogMainFrame: MainFrame: Module compiling took 4.677 seconds
[2017.04.28-14.36.53:838][682]LogClass: Could not find existing class Tank in package /Script/BattleTank for HotReload, assuming new class
[2017.04.28-14.36.53:839][682]LogClass: Function Fire is new.
[2017.04.28-14.36.53:839][682]LogClass: Could not find existing class TankAIController in package /Script/BattleTank for HotReload, assuming new class
[2017.04.28-14.36.53:839][682]LogClass: Could not find existing class TankAimingComponent in package /Script/BattleTank for HotReload, assuming new class
[2017.04.28-14.36.53:839][682]LogClass: Function Initialise is new.
[2017.04.28-14.36.53:841][682]LogClass: Could not find existing class TankPlayerController in package /Script/BattleTank for HotReload, assuming new class
[2017.04.28-14.36.53:842][682]LogClass: EFiringStatus HotReload.
[2017.04.28-14.36.53:848][682]LogHotReload: Re-instancing Tank after hot-reload.
[2017.04.28-14.36.53:898][682]LogBlueprint:Error: [Compiler Tank_BP] Error Could not find a function named "Initialise" in 'HOTRELOADED_TankAimingComponent_2'.
Make sure 'HOTRELOADED_TankAimingComponent_2' has been compiled for  Initialise
[2017.04.28-14.36.53:910][682]LogBlueprint:Warning: [Compiler Tank_BP] Warning [0520.75] Compile of Tank_BP failed. 1 Fatal Issue(s) 0 Warning(s) [in 33 ms] (/Game/Tank/Tank_BP.Tank_BP)
[2017.04.28-14.36.53:910][682]LogBlueprint:Warning: [Compiler Tank_BP] Warning [0520.75] Compile of Tank_BP failed. 1 Fatal Issue(s) 1 Warning(s) [in 0 ms] (/Game/Tank/Tank_BP.Tank_BP)
[2017.04.28-14.36.53:910][682]LogBlueprint:Warning: [Compiler Tank_BP] Warning [0520.75] Compile of Tank_BP failed. 1 Fatal Issue(s) 2 Warning(s) [in 0 ms] (/Game/Tank/Tank_BP.Tank_BP)
[2017.04.28-14.36.53:911][682]LogBlueprint:Warning: [Compiler Tank_BP] Warning [0520.75] Compile of Tank_BP failed. 1 Fatal Issue(s) 3 Warning(s) [in 0 ms] (/Game/Tank/Tank_BP.Tank_BP)
[2017.04.28-14.36.53:926][682]LogBlueprint:Warning: [Compiler Tank_BP] Warning [0520.77] Compile of Tank_BP failed. 1 Fatal Issue(s) 4 Warning(s) [in 15 ms] (/Game/Tank/Tank_BP.Tank_BP)
[2017.04.28-14.36.53:927][682]LogBlueprint:Warning: [Compiler Tank_BP] Warning [0520.77] Compile of Tank_BP failed. 1 Fatal Issue(s) 5 Warning(s) [in 0 ms] (/Game/Tank/Tank_BP.Tank_BP)
[2017.04.28-14.36.53:927][682]LogBlueprint:Warning: [Compiler Tank_BP] Warning [0520.77] Compile of Tank_BP failed. 1 Fatal Issue(s) 6 Warning(s) [in 0 ms] (/Game/Tank/Tank_BP.Tank_BP)
[2017.04.28-14.36.54:295][682]LogHotReload: Re-instancing TankAIController after hot-reload.
[2017.04.28-14.36.54:350][682]LogHotReload: Re-instancing TankAimingComponent after hot-reload.
[2017.04.28-14.36.54:409][682]LogHotReload: Re-instancing TankPlayerController after hot-reload.
[2017.04.28-14.36.54:571][682]LogContentBrowser: Native class hierarchy updated for 'BattleTank' in 0.0080 seconds. Added 11 classes and 3 folders.
[2017.04.28-14.36.54:573][682]Display: HotReload successful (4 functions remapped  0 scriptstructs remapped)
[2017.04.28-14.36.54:664][682]LogContentBrowser: Native class hierarchy populated in 0.0171 seconds. Added 2257 classes and 457 folders.
[2017.04.28-14.36.54:665][682]Display: HotReload took  5.7s.
[2017.04.28-14.37.02:604][ 37]MapCheck: New page: Map Check
[2017.04.28-14.37.02:620][ 37]Cmd: MAP REBUILD ALLVISIBLE
[2017.04.28-14.37.02:620][ 37]LogEditorServer: Rebuildmap Clear paths rebuilt
[2017.04.28-14.37.05:276][ 37]LogMaterial: Missing cached shader map for material FDebugViewModeMaterialProxy WorldGridMaterial, compiling. Is special engine material.
[2017.04.28-14.37.05:278][ 37]LogTemp:Display: Added material ShaderMap 0x000002449A60E080 with Material 0x000002449A55BA00 to ShaderMapsBeingCompiled
[2017.04.28-14.37.05:281][ 37]LogTemp:Display: Kicking off shader compilation for FDebugViewModeMaterialProxy WorldGridMaterial, GameThreadShaderMap 0x000002449A60E080
[2017.04.28-14.37.05:283][ 37]LogMaterial: Missing cached shader map for material FDebugViewModeMaterialProxy MaterialInstanceDynamic_2, compiling. 
[2017.04.28-14.37.05:285][ 37]LogTemp:Display: Added material ShaderMap 0x000002449A60F200 with Material 0x000002449A559C00 to ShaderMapsBeingCompiled
[2017.04.28-14.37.05:287][ 37]LogTemp:Display: Kicking off shader compilation for FDebugViewModeMaterialProxy MaterialInstanceDynamic_2, GameThreadShaderMap 0x000002449A60F200
[2017.04.28-14.37.05:289][ 37]LogMaterial: Missing cached shader map for material FDebugViewModeMaterialProxy LandscapeGizmo_Mat, compiling. 
[2017.04.28-14.37.05:290][ 37]LogTemp:Display: Added material ShaderMap 0x000002449A60CF00 with Material 0x00000244B4C9D000 to ShaderMapsBeingCompiled
[2017.04.28-14.37.05:292][ 37]LogTemp:Display: Kicking off shader compilation for FDebugViewModeMaterialProxy LandscapeGizmo_Mat, GameThreadShaderMap 0x000002449A60CF00
[2017.04.28-14.37.05:695][ 37]LogTemp:Display: Finished compile of shader map 0x000002449A60CF00
[2017.04.28-14.37.05:695][ 37]LogTemp:Display: Shader map FDebugViewModeMaterialProxy LandscapeGizmo_Mat complete, GameThreadShaderMap 0x000002449A60CF00, marking material FDebugViewModeMaterialProxy LandscapeGizmo_Mat as finished
[2017.04.28-14.37.05:695][ 37]LogTemp:Display: Marking material as finished 0x00000244B4C9D000
[2017.04.28-14.37.05:815][ 37]LogTemp:Display: Finished compile of shader map 0x000002449A60F200
[2017.04.28-14.37.05:815][ 37]LogTemp:Display: Shader map FDebugViewModeMaterialProxy MaterialInstanceDynamic_2 complete, GameThreadShaderMap 0x000002449A60F200, marking material FDebugViewModeMaterialProxy MaterialInstanceDynamic_2 as finished
[2017.04.28-14.37.05:815][ 37]LogTemp:Display: Marking material as finished 0x000002449A559C00
[2017.04.28-14.37.05:829][ 37]LogTemp:Display: Finished compile of shader map 0x000002449A60E080
[2017.04.28-14.37.05:829][ 37]LogTemp:Display: Shader map FDebugViewModeMaterialProxy WorldGridMaterial complete, GameThreadShaderMap 0x000002449A60E080, marking material FDebugViewModeMaterialProxy WorldGridMaterial as finished
[2017.04.28-14.37.05:829][ 37]LogTemp:Display: Marking material as finished 0x000002449A55BA00
[2017.04.28-14.37.05:832][ 37]TextureStreamingBuild:Display: Compiling optional shaders took 0.560 seconds.
[2017.04.28-14.37.05:848][ 37]LogLevel:Display: Export Material TexCoord Scales took 0.016 seconds.
[2017.04.28-14.37.05:853][ 37]TextureStreamingBuild:Display: Build Texture Streaming took 0.005 seconds.
[2017.04.28-14.37.05:868][ 37]LightingResults: New page: Lighting Build - Apr 28, 2017, 4:37:05 PM
[2017.04.28-14.37.05:880][ 37]LogSwarmInterface: [OpenConnection] Registering TCP channel ...
[2017.04.28-14.37.05:896][ 37]LogSwarmInterface: [OpenConnection] Connecting to agent ...
[2017.04.28-14.37.05:896][ 37]LogSwarmInterface: [TryOpenConnection] Testing the Agent
[2017.04.28-14.37.05:897][ 37]LogSwarmInterface: [TryOpenConnection] Opening Connection to Agent
[2017.04.28-14.37.05:897][ 37]LogSwarmInterface: [TryOpenConnection] Local Process ID is 103800
[2017.04.28-14.37.10:440][ 37]LightingResults:Warning: Performance Warning No importance volume found and the scene is so large that the automatically synthesized volume will not yield good results.  Please add a tightly bounding lightmass importance volume to optimize your scene's quality and lighting build times.
[2017.04.28-14.37.10:440][ 37]LogStaticLightingSystem: Running Lightmass w/ ImmediateImport mode ENABLED
[2017.04.28-14.37.10:440][ 37]LogStaticLightingSystem: Running Lightmass w/ ImmediateProcess mode ENABLED
[2017.04.28-14.37.10:440][ 37]LogStaticLightingSystem: Running Lightmass w/ Sorting mode ENABLED
[2017.04.28-14.37.10:440][ 37]LogStaticLightingSystem: Running Lightmass w/ Mapping paddings ENABLED
[2017.04.28-14.37.10:440][ 37]LogStaticLightingSystem: Running Lightmass w/ Mapping debug paddings DISABLED
[2017.04.28-14.37.10:564][ 37]Cmd: MAP CHECK DONTDISPLAYDIALOG
[2017.04.28-14.37.10:564][ 37]MapCheck: New page: BattleGround - Apr 28, 2017, 4:37:10 PM
[2017.04.28-14.37.10:626][ 37]MapCheck: Info Map check complete: 0 Error(s), 0 Warning(s), took 61.362ms to complete.
[2017.04.28-14.37.10:648][ 37]LogEditorBuildUtils: Build time 0:08
[2017.04.28-14.37.15:161][179]Job is a success!
[2017.04.28-14.37.15:493][180]LogTexture:Display: Building textures: HQ_Lightmap0_1 (AutoDXT)
[2017.04.28-14.37.15:493][180]LogTexture:Display: Building textures: LQ_Lightmap_0_1 (DXT1)
[2017.04.28-14.37.15:493][180]LogTexture:Display: Building textures: ShadowMapTexture2D_2 (BGRA8)
[2017.04.28-14.37.15:510][180]Lightmass on DESKTOP-0PEK566: 4.13 sec total, 223 ms importing, 53 ms setup, 1.53 sec photons, 2.30 sec processing, 0 ms extra exporting [50/50 mappings]. Threads: 15.9 sec total, 10.7 sec processing.
[2017.04.28-14.37.15:543][180]LogStaticLightingSystem: Illumination: 9.61 sec (167 ms encoding lightmaps, 25 ms encoding shadowmaps)
[2017.04.28-14.37.15:544][180]LogStaticLightingSystem: Lightmap texture memory:  0.5 MB (0.5 MB streaming, 0.0 MB non-streaming), 2 textures
[2017.04.28-14.37.15:544][180]LogStaticLightingSystem: Shadowmap texture memory: 0.3 MB (0.3 MB streaming, 0.0 MB non-streaming), 1 textures
[2017.04.28-14.37.16:455][180]DumpUnbuiltLightIteractions
[2017.04.28-14.37.16:455][180]Lights with unbuilt interactions: 0
[2017.04.28-14.37.16:455][180]
[2017.04.28-14.37.16:455][180]Primitives with unbuilt interactions: 0
[2017.04.28-14.37.16:486][181]Cmd: MAP CHECK NOTIFYRESULTS
[2017.04.28-14.37.16:487][181]MapCheck: New page: BattleGround - Apr 28, 2017, 4:37:16 PM
[2017.04.28-14.37.16:550][181]MapCheck: Info Map check complete: 0 Error(s), 0 Warning(s), took 63.458ms to complete.
[2017.04.28-14.37.19:546][275]Recompiling BattleTank...
[2017.04.28-14.37.19:547][275]Launching UnrealBuildTool... [C:/Program Files/Epic Games/UE_4.15/Engine/Binaries/DotNET/UnrealBuildTool.exe BattleTank -ModuleWithSuffix BattleTank 3615 Win64 Development -editorrecompile -canskiplink "C:/Users/Sarah/Documents/Unreal Projects/04_BattleTank/BattleTank/BattleTank.uproject" ]
[2017.04.28-14.37.19:552][275]Warning: Starting HotReload took  0.0s.
[2017.04.28-14.37.20:839][395]CompilerResultsLog: New page: Compilation - Apr 28, 2017, 4:37:20 PM
[2017.04.28-14.37.20:839][395]CompilerResultsLog: Info Compiling game modules for hot reload
[2017.04.28-14.37.20:839][395]CompilerResultsLog: Info Target is up to date
[2017.04.28-14.37.20:840][395]CompilerResultsLog: Info Total build time: 0.95 seconds (NoActionsToExecute executor: 0.00 seconds)
[2017.04.28-14.37.20:840][395]LogMainFrame: MainFrame: Module compiling took 1.299 seconds
[2017.04.28-14.37.20:903][395]LogContentBrowser: Native class hierarchy populated in 0.0270 seconds. Added 2257 classes and 457 folders.
[2017.04.28-14.37.20:904][395]Display: HotReload took  1.4s.
[2017.04.28-14.38.06:025][496]LogTemp: Repeting last play command: Selected Viewport
[2017.04.28-14.38.06:054][496]LogBlueprintUserMessages: Early PlayInEditor Detection: Level '/Game/Levels/BattleGround.BattleGround:PersistentLevel' has LevelScriptBlueprint '/Game/Levels/BattleGround.BattleGround:PersistentLevel.BattleGround' with GeneratedClass '/Game/Levels/BattleGround.BattleGround_C' with ClassGeneratedBy '/Game/Levels/BattleGround.BattleGround:PersistentLevel.BattleGround'
[2017.04.28-14.38.06:055][496]LogPlayLevel: PlayLevel: No blueprints needed recompiling
[2017.04.28-14.38.14:212][658]LogSlate: Took 0.005398 seconds to synchronously load lazily loaded font '../../../Engine/Content/Slate/Fonts/Roboto-Regular.ttf' (155K)
[2017.04.28-14.38.14:413][658]LogContentBrowser: Native class hierarchy updated for 'BlueprintGraph' in 0.0039 seconds. Added 112 classes and 0 folders.
[2017.04.28-14.38.15:590][658]LogSlate: Took 0.004801 seconds to synchronously load lazily loaded font '../../../Engine/Content/Editor/Slate/Fonts/Roboto-BoldCondensed.ttf' (158K)
[2017.04.28-14.38.15:774][659]LogSlate: Took 0.005698 seconds to synchronously load lazily loaded font '../../../Engine/Content/Editor/Slate/Fonts/Roboto-Italic.ttf' (157K)
[2017.04.28-14.38.55:202][418]LogSlate: Took 0.000258 seconds to synchronously load lazily loaded font '../../../Engine/Content/Slate/Fonts/Roboto-Light.ttf' (159K)
[2017.04.28-14.39.04:346][462]LogSavePackage: Save=293.46ms
[2017.04.28-14.39.04:346][462]LogSavePackage: Moving '../../../../../../Users/Sarah/Documents/Unreal Projects/04_BattleTank/BattleTank/Saved/BattleGround_Auto153E579DF49DCD8E769D6C8974527D64E.tmp' to '../../../../../../Users/Sarah/Documents/Unreal Projects/04_BattleTank/BattleTank/Saved/Autosaves/Game/Levels/BattleGround_Auto1.umap'
[2017.04.28-14.39.04:349][462]LogSavePackage:Display: Finished SavePackage ../../../../../../Users/Sarah/Documents/Unreal Projects/04_BattleTank/BattleTank/Saved/Autosaves/Game/Levels/BattleGround_Auto1.umap
[2017.04.28-14.39.04:355][462]LogFileHelpers: Editor autosave (incl. sublevels) for '/Game/Levels/BattleGround' took 0.392
[2017.04.28-14.39.04:355][462]LogFileHelpers: Editor autosave (incl. sublevels) for all levels took 0.392
[2017.04.28-14.39.04:357][462]OBJ SavePackage: Generating thumbnails for [0] asset(s) in package [/Game/Levels/BattleGround_BuiltData] ([1] browsable assets)...
[2017.04.28-14.39.04:357][462]OBJ SavePackage: Finished generating thumbnails for package [/Game/Levels/BattleGround_BuiltData]
[2017.04.28-14.39.04:410][462]LogSavePackage: Save=15.36ms
[2017.04.28-14.39.04:410][462]LogSavePackage: Moving '../../../../../../Users/Sarah/Documents/Unreal Projects/04_BattleTank/BattleTank/Saved/BattleGround_BuiltData_Auto14BFB69CA4A6F5824A4B25A82A645A94F.tmp' to '../../../../../../Users/Sarah/Documents/Unreal Projects/04_BattleTank/BattleTank/Saved/Autosaves/Game/Levels/BattleGround_BuiltData_Auto1.uasset'
[2017.04.28-14.39.04:412][462]LogSavePackage:Display: Finished SavePackage ../../../../../../Users/Sarah/Documents/Unreal Projects/04_BattleTank/BattleTank/Saved/Autosaves/Game/Levels/BattleGround_BuiltData_Auto1.uasset
[2017.04.28-14.39.04:413][462]LogFileHelpers: Auto-saving content packages took 0.057
[2017.04.28-14.39.48:872][100]BlueprintLog: New page: Compile Tank_BP
[2017.04.28-14.39.49:815][121]Cmd: OBJ SAVEPACKAGE PACKAGE="/Game/Tank/Tank_BP" FILE="../../../../../../Users/Sarah/Documents/Unreal Projects/04_BattleTank/BattleTank/Content/Tank/Tank_BP.uasset" SILENT=true
[2017.04.28-14.39.49:914][121]LogSavePackage: Save=64.67ms
[2017.04.28-14.39.49:914][121]LogSavePackage: Moving '../../../../../../Users/Sarah/Documents/Unreal Projects/04_BattleTank/BattleTank/Saved/Tank_BPB398EFC04CD0FAEFA9CE43936C917311.tmp' to '../../../../../../Users/Sarah/Documents/Unreal Projects/04_BattleTank/BattleTank/Content/Tank/Tank_BP.uasset'
[2017.04.28-14.39.49:919][121]LogSavePackage:Display: Finished SavePackage ../../../../../../Users/Sarah/Documents/Unreal Projects/04_BattleTank/BattleTank/Content/Tank/Tank_BP.uasset
[2017.04.28-14.39.51:649][176]LogTemp: Repeting last play command: Selected Viewport
[2017.04.28-14.39.51:677][176]LogBlueprintUserMessages: Early PlayInEditor Detection: Level '/Game/Levels/BattleGround.BattleGround:PersistentLevel' has LevelScriptBlueprint '/Game/Levels/BattleGround.BattleGround:PersistentLevel.BattleGround' with GeneratedClass '/Game/Levels/BattleGround.BattleGround_C' with ClassGeneratedBy '/Game/Levels/BattleGround.BattleGround:PersistentLevel.BattleGround'
[2017.04.28-14.39.51:678][176]LogPlayLevel: PlayLevel: No blueprints needed recompiling
[2017.04.28-14.39.51:682][176]PIE: New page: PIE session: BattleGround (Apr 28, 2017, 4:39:51 PM)
[2017.04.28-14.39.51:682][176]LogPlayLevel: Creating play world package: /Game/Levels/UEDPIE_0_BattleGround
[2017.04.28-14.39.51:724][176]LogPlayLevel: PIE: StaticDuplicateObject took: (0.041255s)
[2017.04.28-14.39.51:724][176]LogAIModule: Creating AISystem for world BattleGround
[2017.04.28-14.39.51:725][176]LogPlayLevel: PIE: World Init took: (0.001261s)
[2017.04.28-14.39.51:725][176]LogPlayLevel: PIE: Created PIE world by copying editor world from /Game/Levels/BattleGround.BattleGround to /Game/Levels/UEDPIE_0_BattleGround.BattleGround (0.043113s)
[2017.04.28-14.39.51:750][176]LogInit: XAudio2 using 'Speakers (2- High Definition Audio Device)' : 2 channels at 44.1 kHz using 16 bits per sample (channel mask 0x3)
[2017.04.28-14.39.51:760][176]LogInit: FAudioDevice initialized.
[2017.04.28-14.39.51:818][176]LogLoad: Game class is 'BattleTankGameMode_BP_C'
[2017.04.28-14.39.51:834][176]LogWorld: Bringing World /Game/Levels/UEDPIE_0_BattleGround.BattleGround up for play (max tick rate 0) at 2017.04.28-15.39.51
[2017.04.28-14.39.51:838][176]LogWorld: Bringing up level for play took: 0.010866
[2017.04.28-14.39.51:910][176]LogContentBrowser: Native class hierarchy updated for 'MovieSceneCapture' in 0.0035 seconds. Added 11 classes and 0 folders.
[2017.04.28-14.39.51:916][176]LogTemp:Warning: Tank_BP_C_0 has been possessed by Player
[2017.04.28-14.39.51:926][176]PIE: Info Play in editor start time for /Game/Levels/UEDPIE_0_BattleGround -0.482
[2017.04.28-14.39.51:927][176]LogBlueprintUserMessages: Late PlayInEditor Detection: Level '/Game/Levels/BattleGround.BattleGround:PersistentLevel' has LevelScriptBlueprint '/Game/Levels/BattleGround.BattleGround:PersistentLevel.BattleGround' with GeneratedClass '/Game/Levels/BattleGround.BattleGround_C' with ClassGeneratedBy '/Game/Levels/BattleGround.BattleGround:PersistentLevel.BattleGround'
[2017.04.28-14.39.53:090][176]LogCrashTracker: 


[2017.04.28-14.39.53:090][176]LogCrashTracker: 


[2017.04.28-14.39.53:090][176]LogWindows:Error: === Critical error: ===
[2017.04.28-14.39.53:090][176]LogWindows:Error: 
[2017.04.28-14.39.53:090][176]LogWindows:Error: Fatal error!
[2017.04.28-14.39.53:090][176]LogWindows:Error: 
[2017.04.28-14.39.53:090][176]LogWindows:Error: Unhandled Exception: EXCEPTION_ACCESS_VIOLATION reading address 0x00000110
[2017.04.28-14.39.53:090][176]LogWindows:Error: 
[2017.04.28-14.39.53:090][176]LogWindows:Error: UE4Editor-BattleTank-5403.dll!UTankAimingComponent::AimAt() [c:\users\sarah\documents\unreal projects\04_battletank\battletank\source\battletank\private\tankaimingcomponent.cpp:39]
[2017.04.28-14.39.53:090][176]LogWindows:Error: UE4Editor-BattleTank-5403.dll!ATankPlayerController::AimTowardsCrosshair() [c:\users\sarah\documents\unreal projects\04_battletank\battletank\source\battletank\private\tankplayercontroller.cpp:56]
[2017.04.28-14.39.53:090][176]LogWindows:Error: UE4Editor-Engine.dll!0x0000000094C833CC
[2017.04.28-14.39.53:091][176]LogWindows:Error: UE4Editor-Engine.dll!0x0000000093FFAA2E
[2017.04.28-14.39.53:091][176]LogWindows:Error: UE4Editor-Engine.dll!0x0000000094F7F62D
[2017.04.28-14.39.53:091][176]LogWindows:Error: UE4Editor-Engine.dll!0x0000000094F852FD
[2017.04.28-14.39.53:091][176]LogWindows:Error: UE4Editor-Core.dll!0x000000009EFDD83D
[2017.04.28-14.39.53:091][176]LogWindows:Error: UE4Editor-Core.dll!0x000000009EFDDC5D
[2017.04.28-14.39.53:091][176]LogWindows:Error: UE4Editor-Core.dll!0x000000009EFFCCDB
[2017.04.28-14.39.53:091][176]LogWindows:Error: UE4Editor-Engine.dll!0x0000000094FA9051
[2017.04.28-14.39.53:091][176]LogWindows:Error: UE4Editor-Engine.dll!0x0000000094FB98D2
[2017.04.28-14.39.53:091][176]LogWindows:Error: UE4Editor-Engine.dll!0x00000000948E7B44
[2017.04.28-14.39.53:091][176]LogWindows:Error: UE4Editor-Engine.dll!0x00000000948EFC6B
[2017.04.28-14.39.53:091][176]LogWindows:Error: UE4Editor-UnrealEd.dll!0x0000000092A16D8E
[2017.04.28-14.39.53:092][176]LogWindows:Error: UE4Editor-UnrealEd.dll!0x0000000093221AD6
[2017.04.28-14.39.53:092][176]LogWindows:Error: UE4Editor.exe!0x00000000C875DEE3
[2017.04.28-14.39.53:092][176]LogWindows:Error: UE4Editor.exe!0x00000000C874EB40
[2017.04.28-14.39.53:092][176]LogWindows:Error: UE4Editor.exe!0x00000000C874EBBA
[2017.04.28-14.39.53:092][176]LogWindows:Error: UE4Editor.exe!0x00000000C8760A29
[2017.04.28-14.39.53:092][176]LogWindows:Error: UE4Editor.exe!0x00000000C87622B6
[2017.04.28-14.39.53:092][176]LogWindows:Error: KERNEL32.DLL!0x00000000E12A8364
[2017.04.28-14.39.53:092][176]LogWindows:Error: ntdll.dll!0x00000000E18470D1
[2017.04.28-14.39.53:092][176]LogWindows:Error: ntdll.dll!0x00000000E18470D1
[2017.04.28-14.39.53:092][176]LogWindows:Error: 
[2017.04.28-14.39.53:137][176]LogExit: Executing StaticShutdownAfterError
[2017.04.28-14.39.53:171][176]LogWindows: FPlatformMisc::RequestExit(1)
[2017.04.28-14.39.53:172][176]Log file closed, 04/28/17 15:39:53
