Log file open, 05/03/17 12:05:37
LogInit:Display: Running engine for game: BattleTank
LogPlatformFile: Not using cached read wrapper
LogInit:Display: RandInit(314767491) SRandInit(314767491).
LogTaskGraph: Started task graph with 5 named threads and 8 total threads with 1 sets of task threads.
LogStats: Stats thread started at 0.070117
LogInit:Warning: Incompatible or missing module: UE4Editor-BattleTank.dll
Running C:/Program Files/Epic Games/UE_4.15/Engine/Binaries/DotNET/UnrealBuildTool.exe BattleTank Development Win64 -project="C:/Users/Ed/Documents/Unreal Projects/04_BattleTank/BattleTank/BattleTank.uproject" -editorrecompile -progress -NoHotReloadFromIDE
Creating makefile for BattleTank (no existing makefile)
Performing full C++ include scan (no include cache file)
@progress push 5%
Parsing headers for BattleTankEditor
  Running UnrealHeaderTool "C:\Users\Ed\Documents\Unreal Projects\04_BattleTank\BattleTank\BattleTank.uproject" "C:\Users\Ed\Documents\Unreal Projects\04_BattleTank\BattleTank\Intermediate\Build\Win64\BattleTankEditor\Development\BattleTankEditor.uhtmanifest" -LogCmds="loginit warning, logexit warning, logdatabase error" -Unattended -WarningsAsErrors -installed
Reflection code generated for BattleTankEditor in 4.7708625 seconds
@progress pop
Performing 19 actions (4 in parallel)
[2/19] Resource PCLaunch.rc
[3/19] Resource ModuleVersionResource.rc.inl
PCH.BattleTank.cpp
TankAimingComponent.cpp
BattleTank.cpp
BattleTankGameModeBase.cpp
C:\Users\Ed\Documents\Unreal Projects\04_BattleTank\BattleTank\Source\BattleTank\Private\TankAimingComponent.cpp(104): warning C4458: declaration of 'AimDirection' hides class member
C:\Users\Ed\Documents\Unreal Projects\04_BattleTank\BattleTank\Source\BattleTank\Public\TankAimingComponent.h(49): note: see declaration of 'UTankAimingComponent::AimDirection'
C:\Users\Ed\Documents\Unreal Projects\04_BattleTank\BattleTank\Source\BattleTank\Private\TankAimingComponent.cpp(115): warning C4458: declaration of 'AimDirection' hides class member
C:\Users\Ed\Documents\Unreal Projects\04_BattleTank\BattleTank\Source\BattleTank\Public\TankAimingComponent.h(49): note: see declaration of 'UTankAimingComponent::AimDirection'
Mortar.cpp
MyAIController.cpp
Projectile.cpp
Tank.cpp
TankAIController.cpp
TankBarrel.cpp
TankMovementComponent.cpp
TankPlayerController.cpp
TankTrack.cpp
TankTurret.cpp
BattleTank.generated.cpp
[18/19] Link UE4Editor-BattleTank.dll
[19/19] Link UE4Editor-BattleTank.lib
   Creating library C:\Users\Ed\Documents\Unreal Projects\04_BattleTank\BattleTank\Intermediate\Build\Win64\UE4Editor\Development\UE4Editor-BattleTank.lib and object C:\Users\Ed\Documents\Unreal Projects\04_BattleTank\BattleTank\Intermediate\Build\Win64\UE4Editor\Development\UE4Editor-BattleTank.exp
   Creating library C:\Users\Ed\Documents\Unreal Projects\04_BattleTank\BattleTank\Intermediate\Build\Win64\UE4Editor\Development\UE4Editor-BattleTank.suppressed.lib and object C:\Users\Ed\Documents\Unreal Projects\04_BattleTank\BattleTank\Intermediate\Build\Win64\UE4Editor\Development\UE4Editor-BattleTank.suppressed.exp
Total build time: 35.90 seconds (Local executor: 27.29 seconds)
LogInit: Using libcurl 7.47.1
LogInit:  - built for x86_64-pc-win32
LogInit:  - supports SSL with OpenSSL/1.0.2g
LogInit:  - supports HTTP deflate (compression) using libz 1.2.8
LogInit:  - other features:
LogInit:      CURL_VERSION_SSL
LogInit:      CURL_VERSION_LIBZ
LogInit:      CURL_VERSION_IPV6
LogInit:      CURL_VERSION_ASYNCHDNS
LogInit:      CURL_VERSION_LARGEFILE
LogInit:      CURL_VERSION_IDN
LogInit:  CurlRequestOptions (configurable via config and command line):
LogInit:  - bVerifyPeer = false  - Libcurl will NOT verify peer certificate
LogInit:  - bUseHttpProxy = false  - Libcurl will NOT use HTTP proxy
LogInit:  - bDontReuseConnections = false  - Libcurl will reuse connections
LogInit:  - CertBundlePath = nullptr  - Libcurl will use whatever was configured at build time.
LogInit: Build: ++UE4+Release-4.15-CL-3348071
LogInit: Engine Version: 4.15.1-3348071+++UE4+Release-4.15
LogInit: Compatible Engine Version: 4.15.0-3299760+++UE4+Release-4.15
LogInit: Net CL: 3299760
LogDevObjectVersion: Number of dev versions registered: 14
LogDevObjectVersion:   Dev-Blueprints (B0D832E4-1F89-4F0D-ACCF-7EB736FD4AA2): 8
LogDevObjectVersion:   Dev-Build (E1C64328-A22C-4D53-A36C-8E866417BD8C): 0
LogDevObjectVersion:   Dev-Core (375EC13C-06E4-48FB-B500-84F0262A717E): 2
LogDevObjectVersion:   Dev-Editor (E4B068ED-F494-42E9-A231-DA0B2E46BB41): 14
LogDevObjectVersion:   Dev-Framework (CFFC743F-43B0-4480-9391-14DF171D2073): 22
LogDevObjectVersion:   Dev-Mobile (B02B49B5-BB20-44E9-A304-32B752E40360): 0
LogDevObjectVersion:   Dev-Networking (A4E4105C-59A1-49B5-A7C5-40C4547EDFEE): 0
LogDevObjectVersion:   Dev-Online (39C831C9-5AE6-47DC-9A44-9C173E1C8E7C): 0
LogDevObjectVersion:   Dev-Physics (78F01B33-EBEA-4F98-B9B4-84EACCB95AA2): 0
LogDevObjectVersion:   Dev-Platform (6631380F-2D4D-43E0-8009-CF276956A95A): 0
LogDevObjectVersion:   Dev-Rendering (12F88B9F-8875-4AFC-A67C-D90C383ABD29): 12
LogDevObjectVersion:   Dev-Sequencer (7B5AE74C-D270-4C10-A958-57980B212A5A): 3
LogDevObjectVersion:   Dev-VR (D7296918-1DD6-4BDD-9DE2-64A83CC13884): 0
LogDevObjectVersion:   Dev-LoadTimes (C2A15278-BFE7-4AFE-6C17-90FF531DF755): 1
LogInit: Compiled (64-bit): Mar 15 2017 16:52:47
LogInit: Compiled with Visual C++: 19.00.23026.00
LogInit: Build Configuration: Development
LogInit: Branch Name: ++UE4+Release-4.15
LogInit: Command line:  
LogInit: Base directory: C:/Program Files/Epic Games/UE_4.15/Engine/Binaries/Win64/
LogInit: Installed Engine Build: 1
LogInit: Presizing for max 8388607 objects, including 0 objects not considered by GC, pre-allocating 0 bytes for permanent pool.
LogInit: Object subsystem initialized
[2017.05.03-11.06.16:702][  0]LogInit: Selected Device Profile: [Windows]
[2017.05.03-11.06.16:702][  0]LogInit: Applying CVar settings loaded from the selected device profile: [Windows]
[2017.05.03-11.06.16:709][  0]LogInit: Computer: DESKTOP-7RIOMGQ
[2017.05.03-11.06.16:709][  0]LogInit: User: Ed
[2017.05.03-11.06.16:709][  0]LogInit: CPU Page size=65536, Cores=4
[2017.05.03-11.06.16:709][  0]LogInit: High frequency timer resolution =3.421877 MHz
[2017.05.03-11.06.16:709][  0]LogMemory: Memory total: Physical=16.0GB (16GB approx)
[2017.05.03-11.06.16:709][  0]LogMemory: Platform Memory Stats for Windows
[2017.05.03-11.06.16:709][  0]LogMemory: Process Physical Memory: 266.72 MB used, 266.72 MB peak
[2017.05.03-11.06.16:709][  0]LogMemory: Process Virtual Memory: 263.16 MB used, 263.16 MB peak
[2017.05.03-11.06.16:709][  0]LogMemory: Physical Memory: 3918.95 MB used,  12422.04 MB free, 16340.98 MB total
[2017.05.03-11.06.16:709][  0]LogMemory: Virtual Memory: 813.80 MB used,  12422.04 MB free, 134217728.00 MB total
[2017.05.03-11.06.16:764][  0]LogTextLocalizationManager: No specific translations for ('en-GB') exist, so ('en') translations will be used.
[2017.05.03-11.06.17:193][  0]LogD3D11RHI: D3D11 adapters:
[2017.05.03-11.06.17:208][  0]LogD3D11RHI:    0. 'Radeon (TM) RX 480 Graphics' (Feature Level 11_0)
[2017.05.03-11.06.17:208][  0]LogD3D11RHI:       8140/0/8170 MB DedicatedVideo/DedicatedSystem/SharedSystem, Outputs:1, VendorId:0x1002
[2017.05.03-11.06.17:209][  0]LogD3D11RHI:    1. 'Microsoft Basic Render Driver' (Feature Level 11_0)
[2017.05.03-11.06.17:209][  0]LogD3D11RHI:       0/0/8170 MB DedicatedVideo/DedicatedSystem/SharedSystem, Outputs:0, VendorId:0x1414
[2017.05.03-11.06.17:209][  0]LogD3D11RHI: Chosen D3D11 Adapter: 0
[2017.05.03-11.06.17:212][  0]LogD3D11RHI: Creating new Direct3DDevice
[2017.05.03-11.06.17:212][  0]LogD3D11RHI:     GPU DeviceId: 0x67df (for the marketing name, search the web for "GPU Device Id")
[2017.05.03-11.06.17:212][  0]LogWindows: EnumDisplayDevices:
[2017.05.03-11.06.17:212][  0]LogWindows:    0. 'Radeon (TM) RX 480 Graphics' (P:1 D:1)
[2017.05.03-11.06.17:212][  0]LogWindows:    1. 'Radeon (TM) RX 480 Graphics' (P:0 D:0)
[2017.05.03-11.06.17:212][  0]LogWindows:    2. 'Radeon (TM) RX 480 Graphics' (P:0 D:0)
[2017.05.03-11.06.17:213][  0]LogWindows:    3. 'Radeon (TM) RX 480 Graphics' (P:0 D:0)
[2017.05.03-11.06.17:213][  0]LogWindows:    4. 'Radeon (TM) RX 480 Graphics' (P:0 D:0)
[2017.05.03-11.06.17:213][  0]LogWindows:    5. 'Radeon (TM) RX 480 Graphics' (P:0 D:0)
[2017.05.03-11.06.17:213][  0]LogWindows: DebugString: FoundDriverCount:6 
[2017.05.03-11.06.17:213][  0]LogD3D11RHI:     Adapter Name: Radeon (TM) RX 480 Graphics
[2017.05.03-11.06.17:213][  0]LogD3D11RHI:   Driver Version: Crimson 16.7.2 (internal:16.200.1035.1001, unified:16.200.1035.1001)
[2017.05.03-11.06.17:213][  0]LogD3D11RHI:      Driver Date: 7-8-2016
[2017.05.03-11.06.17:213][  0]LogRHI: Texture pool is 1361 MB (70% of 1945 MB)
[2017.05.03-11.06.17:658][  0]LogD3D11RHI: Async texture creation enabled
[2017.05.03-11.06.17:667][  0]LogD3D11RHI: GPU Timing Frequency: 25.000000 (Debug: 2 1)
[2017.05.03-11.06.17:667][  0]LogShaderCompilers: Guid format shader working directory is -34 characters bigger than the processId version (../../../../../../Users/Ed/Documents/Unreal Projects/04_BattleTank/BattleTank/Intermediate/Shaders/WorkingDirectory/9156/).
[2017.05.03-11.06.17:667][  0]LogShaderCompilers: Cleaned the shader compiler working directory 'C:/Users/Ed/AppData/Local/Temp/UnrealShaderWorkingDir/EE6368FC46F6DB0BA96B16AECC050F14/'.
[2017.05.03-11.06.17:667][  0]LogShaderCompilers:Display: Using Local Shader Compiler.
[2017.05.03-11.06.18:408][  0]LogTemp:Display: Loaded TP AllDesktopTargetPlatform
[2017.05.03-11.06.18:446][  0]LogTemp:Display: Loaded TP MacClientTargetPlatform
[2017.05.03-11.06.18:483][  0]LogTemp:Display: Loaded TP MacNoEditorTargetPlatform
[2017.05.03-11.06.18:521][  0]LogTemp:Display: Loaded TP MacServerTargetPlatform
[2017.05.03-11.06.18:560][  0]LogTemp:Display: Loaded TP MacTargetPlatform
[2017.05.03-11.06.18:599][  0]LogTemp:Display: Loaded TP WindowsClientTargetPlatform
[2017.05.03-11.06.18:638][  0]LogTemp:Display: Loaded TP WindowsNoEditorTargetPlatform
[2017.05.03-11.06.18:676][  0]LogTemp:Display: Loaded TP WindowsServerTargetPlatform
[2017.05.03-11.06.18:706][  0]LogTemp:Display: Loaded TP WindowsTargetPlatform
[2017.05.03-11.06.18:743][  0]LogTemp:Display: Loaded TP AndroidTargetPlatform
[2017.05.03-11.06.18:780][  0]LogTemp:Display: Loaded TP Android_ASTCTargetPlatform
[2017.05.03-11.06.18:818][  0]LogTemp:Display: Loaded TP Android_ATCTargetPlatform
[2017.05.03-11.06.18:856][  0]LogTemp:Display: Loaded TP Android_DXTTargetPlatform
[2017.05.03-11.06.18:894][  0]LogTemp:Display: Loaded TP Android_ETC1TargetPlatform
[2017.05.03-11.06.18:931][  0]LogTemp:Display: Loaded TP Android_ETC2TargetPlatform
[2017.05.03-11.06.19:005][  0]LogTemp:Display: Loaded TP Android_MultiTargetPlatform
[2017.05.03-11.06.19:005][  0]LogTemp:Display: Loaded TP Android_PVRTCTargetPlatform
[2017.05.03-11.06.19:030][  0]LogTemp:Display: Loaded TP HTML5TargetPlatform
[2017.05.03-11.06.19:102][  0]LogTemp:Display: Loaded TP IOSTargetPlatform
[2017.05.03-11.06.19:126][  0]LogTemp:Display: Loaded TP TVOSTargetPlatform
[2017.05.03-11.06.19:162][  0]LogTemp:Display: Loaded TP LinuxClientTargetPlatform
[2017.05.03-11.06.19:198][  0]LogTemp:Display: Loaded TP LinuxNoEditorTargetPlatform
[2017.05.03-11.06.19:235][  0]LogTemp:Display: Loaded TP LinuxServerTargetPlatform
[2017.05.03-11.06.19:274][  0]LogTemp:Display: Loaded TP LinuxTargetPlatform
[2017.05.03-11.06.19:274][  0]LogTargetPlatformManager:Display: Building Assets For Windows
[2017.05.03-11.06.19:624][  0]LogDerivedDataCache:Display: Max Cache Size: 512 MB
[2017.05.03-11.06.19:662][  0]LogDerivedDataCache: Loaded boot cache 0.04s 50MB C:/Users/Ed/AppData/Local/UnrealEngine/4.15/DerivedDataCache/Boot.ddc.
[2017.05.03-11.06.19:662][  0]LogDerivedDataCache:Display: Loaded Boot cache: C:/Users/Ed/AppData/Local/UnrealEngine/4.15/DerivedDataCache/Boot.ddc
[2017.05.03-11.06.19:662][  0]LogDerivedDataCache: FDerivedDataBackendGraph:  Pak pak cache file ../../../../../../Users/Ed/Documents/Unreal Projects/04_BattleTank/BattleTank/DerivedDataCache/DDC.ddp not found, will not use a pak cache.
[2017.05.03-11.06.19:662][  0]LogDerivedDataCache: Unable to find inner node Pak for hierarchical cache Hierarchy.
[2017.05.03-11.06.19:662][  0]LogDerivedDataCache: FDerivedDataBackendGraph:  CompressedPak pak cache file ../../../../../../Users/Ed/Documents/Unreal Projects/04_BattleTank/BattleTank/DerivedDataCache/Compressed.ddp not found, will not use a pak cache.
[2017.05.03-11.06.19:662][  0]LogDerivedDataCache: Unable to find inner node CompressedPak for hierarchical cache Hierarchy.
[2017.05.03-11.06.19:675][  0]LogDerivedDataCache:Display: Pak cache opened for reading ../../../Engine/DerivedDataCache/Compressed.ddp.
[2017.05.03-11.06.19:687][  0]LogDerivedDataCache: Using Local data cache path C:/Users/Ed/AppData/Local/UnrealEngine/Common/DerivedDataCache: Writable
[2017.05.03-11.06.19:693][  0]LogSlate: Using Freetype 2.6.0
[2017.05.03-11.06.19:694][  0]LogSlate: SlateFontCache - WITH_FREETYPE: 1, WITH_HARFBUZZ: 1
[2017.05.03-11.06.19:694][  0]LogSlate: SlateFontCache - WITH_FREETYPE: 1, WITH_HARFBUZZ: 1
[2017.05.03-11.06.19:881][  0]LogInit: Selected Device Profile: [Windows]
[2017.05.03-11.06.19:883][  0]LogContentStreaming: Texture pool size is 0.00 MB
[2017.05.03-11.06.20:036][  0]LogMeshUtilities: Using QuadricMeshReduction for automatic static mesh reduction
[2017.05.03-11.06.20:065][  0]LogSimplygon: Simplygon DLL not present - disabling.
[2017.05.03-11.06.20:096][  0]LogMeshUtilities: Using SimplygonSwarm for distributed automatic mesh merging
[2017.05.03-11.06.20:096][  0]LogMeshUtilities: No automatic skeletal mesh reduction module available
[2017.05.03-11.06.20:096][  0]LogMeshUtilities: No automatic mesh merging module available
[2017.05.03-11.06.20:460][  0]LogNetVersion: GetLocalNetworkVersion: CL: 3299760, ProjectName: battletank, ProjectVersion: , EngineNetworkVersion: 2, GameNetworkVersion: 0, NetworkChecksum: 2512795372
[2017.05.03-11.06.20:497][  0]LogAssetRegistry: FAssetRegistry took 0.0214 seconds to start up
[2017.05.03-11.06.20:529][  0]LogPackageLocalizationCache: Processed 3 localized package path(s) for 2 prioritized culture(s) in 0.017470 seconds
[2017.05.03-11.06.20:533][  0]LogUObjectArray: 32493 objects as part of root set at end of initial load.
[2017.05.03-11.06.20:533][  0]LogUObjectAllocator: 7077032 out of 0 bytes used by permanent object pool.
[2017.05.03-11.06.20:533][  0]LogUObjectArray: CloseDisregardForGC: 0/0 objects in disregard for GC pool
[2017.05.03-11.06.20:575][  0]LogInit: WinSock: version 1.1 (2.2), MaxSocks=32767, MaxUdp=65467
[2017.05.03-11.06.21:643][  0]LogTcpMessaging: Initializing TcpMessaging bridge
[2017.05.03-11.06.21:690][  0]LogUdpMessaging: Initializing bridge on interface 0.0.0.0:0 to multicast group 230.0.0.1:6666.
[2017.05.03-11.06.22:038][  0]LogMaterial: Uniform references updated for custom material expression Custom.
[2017.05.03-11.06.22:289][  0]SourceControl: Info Source control is disabled
[2017.05.03-11.06.22:309][  0]SourceControl: Info Source control is disabled
[2017.05.03-11.06.22:341][  0]SourceControl: Info Source control is disabled
[2017.05.03-11.06.22:370][  0]SourceControl: Info Source control is disabled
[2017.05.03-11.06.23:166][  0]LogEngine: Initializing Engine...
[2017.05.03-11.06.23:166][  0]LogHMD: Failed to initialize OpenVR with code 110
[2017.05.03-11.06.23:326][  0]LogAIModule: Creating AISystem for world Untitled
[2017.05.03-11.06.23:334][  0]LogInit: XAudio2 using '1 - Acer XR341CK (AMD High Definition Audio Device)' : 2 channels at 48 kHz using 16 bits per sample (channel mask 0x3)
[2017.05.03-11.06.23:379][  0]LogInit: FAudioDevice initialized.
[2017.05.03-11.06.23:396][  0]LogDerivedDataCache: Saved boot cache 0.02s 50MB C:/Users/Ed/AppData/Local/UnrealEngine/4.15/DerivedDataCache/Boot.ddc.
[2017.05.03-11.06.23:404][  0]LogInit: Texture streaming: Enabled
[2017.05.03-11.06.23:467][  0]LogEngineSessionManager: EngineSessionManager initialized
[2017.05.03-11.06.23:529][  0]LogInit: Transaction tracking system initialized
[2017.05.03-11.06.23:762][  0]BlueprintLog: New page: Editor Load
[2017.05.03-11.06.24:352][  0]LocalizationService: Info Localization service is disabled
[2017.05.03-11.06.24:827][  0]LogConsoleResponse:Display: 
[2017.05.03-11.06.24:911][  0]LogCook:Display: Max memory allowance for cook 16384mb min free memory 0mb
[2017.05.03-11.06.24:911][  0]LogCook:Display: Mobile HDR setting 1
[2017.05.03-11.06.25:213][  0]LogFileCache: Scanning file cache for directory 'C:/Users/Ed/Documents/Unreal Projects/04_BattleTank/BattleTank/Content/' took 0.01s
[2017.05.03-11.06.25:562][  0]SourceControl: Info Source control is disabled
[2017.05.03-11.06.25:562][  0]Cmd: MAP LOAD FILE="../../../../../../Users/Ed/Documents/Unreal Projects/04_BattleTank/BattleTank/Content/Levels/BattleGround.umap" TEMPLATE=0 SHOWPROGRESS=1 FEATURELEVEL=3
[2017.05.03-11.06.25:562][  0]LightingResults: New page: Lighting Build
[2017.05.03-11.06.25:588][  0]MapCheck: New page: Map Check
[2017.05.03-11.06.25:588][  0]LightingResults: New page: Lighting Build
[2017.05.03-11.06.25:934][  0]LogAIModule: Creating AISystem for world BattleGround
[2017.05.03-11.06.25:968][  0]LogEditorServer: Finished looking for orphan Actors (0.000 secs)
[2017.05.03-11.06.25:969][  0]Cmd: MAP CHECKDEP NOCLEARLOG
[2017.05.03-11.06.25:999][  0]MapCheck: Info Map check complete: 0 Error(s), 0 Warning(s), took 29.742ms to complete.
[2017.05.03-11.06.25:999][  0]LogFileHelpers: Loading map 'BattleGround' took 0.437
[2017.05.03-11.06.26:050][  0]LogWindowsTextInputMethodSystem:Display: IME system now deactivated.
[2017.05.03-11.06.26:128][  0]LogCollectionManager: Loaded 0 collections in 0.000942 seconds
[2017.05.03-11.06.26:193][  0]LogFileCache: Scanning file cache for directory 'C:/Users/Ed/Documents/Unreal Projects/04_BattleTank/BattleTank/Saved/Collections/' took 0.01s
[2017.05.03-11.06.26:193][  0]LogFileCache: Scanning file cache for directory 'C:/Users/Ed/Documents/Unreal Projects/04_BattleTank/BattleTank/Content/Developers/Ed/Collections/' took 0.01s
[2017.05.03-11.06.26:193][  0]LogFileCache: Scanning file cache for directory 'C:/Users/Ed/Documents/Unreal Projects/04_BattleTank/BattleTank/Content/Collections/' took 0.01s
[2017.05.03-11.06.26:193][  0]LogCollectionManager: Rebuilt the GUID cache for 0 collections in 0.000001 seconds
[2017.05.03-11.06.26:200][  0]LogContentBrowser: Native class hierarchy populated in 0.0073 seconds. Added 2257 classes and 456 folders.
[2017.05.03-11.06.26:202][  0]LogStats: UGameplayTagsManager::ConstructGameplayTagTree: Construct from data asset -  0.000 s
[2017.05.03-11.06.26:202][  0]LogStats: UGameplayTagsManager::ConstructGameplayTagTree: GameplayTagTreeChangedEvent.Broadcast -  0.000 s
[2017.05.03-11.06.26:245][  0]LogContentBrowser: Native class hierarchy updated for 'WidgetCarousel' in 0.0014 seconds. Added 0 classes and 0 folders.
[2017.05.03-11.06.26:269][  0]LogContentBrowser: Native class hierarchy updated for 'AddContentDialog' in 0.0014 seconds. Added 0 classes and 0 folders.
[2017.05.03-11.06.26:301][  0]LogContentBrowser: Native class hierarchy updated for 'SceneOutliner' in 0.0014 seconds. Added 1 classes and 2 folders.
[2017.05.03-11.06.26:334][  0]LogCrashTracker: Crashtracker disabled due to settings.
[2017.05.03-11.06.26:338][  0]LogUObjectGlobals:Warning: Failed to find object 'Class None.'
[2017.05.03-11.06.26:387][  0]LogContentBrowser: Native class hierarchy updated for 'HierarchicalLODOutliner' in 0.0014 seconds. Added 1 classes and 2 folders.
[2017.05.03-11.06.26:387][  0]LogLoad: (Engine Initialization) Total time: 49.36 seconds
[2017.05.03-11.06.26:387][  0]LogLoad: (Engine Initialization) Total Blueprint compile time: 0.09 seconds
[2017.05.03-11.06.26:387][  0]LogExternalProfiler: No external profilers were discovered.  External profiling features will not be available.
[2017.05.03-11.06.26:396][  0]LogOcInput: OculusInput pre-init called
[2017.05.03-11.06.26:411][  0]LogAssetRegistry: Asset discovery search completed in 5.9364 seconds
[2017.05.03-11.06.26:411][  0]LogCollectionManager: Rebuilt the object cache for 0 collections in 0.000003 seconds (found 0 objects)
[2017.05.03-11.06.26:411][  0]LogCollectionManager: Fixed up redirectors for 0 collections in 0.000015 seconds (updated 0 objects)
[2017.05.03-11.06.26:415][  0]LogContentStreaming: Texture pool size now 1000 MB
[2017.05.03-11.06.26:422][  0]LogSlate: Took 0.000141 seconds to synchronously load lazily loaded font '../../../Engine/Content/Slate/Fonts/Roboto-Regular.ttf' (155K)
[2017.05.03-11.06.26:424][  0]LogSlate: Took 0.000148 seconds to synchronously load lazily loaded font '../../../Engine/Content/Slate/Fonts/Roboto-Bold.ttf' (160K)
[2017.05.03-11.06.26:428][  0]LogSlate: Took 0.000112 seconds to synchronously load lazily loaded font '../../../Engine/Content/Editor/Slate/Fonts/FontAwesome.ttf' (139K)
[2017.05.03-11.06.26:428][  0]LogSlate: Took 0.000071 seconds to synchronously load lazily loaded font '../../../Engine/Content/Editor/Slate/Fonts/DroidSansMono.ttf' (77K)
[2017.05.03-11.06.26:556][  0]LogRenderer: Reallocating scene render targets to support 2072x872 NumSamples 1 (Frame:2).
[2017.05.03-11.09.12:999][935]LogWindowsTextInputMethodSystem:Display: IME system now deactivated.
[2017.05.03-11.09.13:001][935]LogWindowsTextInputMethodSystem:Display: IME system now deactivated.
[2017.05.03-11.09.13:148][936]Cmd: QUIT_EDITOR
[2017.05.03-11.09.13:186][936]LogExit: Preparing to exit.
[2017.05.03-11.09.13:830][936]LogDirectoryWatcher: A directory notification for 'C:/Users/Ed/Documents/Unreal Projects/04_BattleTank/BattleTank/Content/' was aborted.
[2017.05.03-11.09.13:845][936]LogExit: Editor shut down
[2017.05.03-11.09.13:845][936]LogExit: Transaction tracking system shut down
[2017.05.03-11.09.13:879][936]LogObj: Freed 0b from 0 cluster array pools.
[2017.05.03-11.09.13:879][936]LogExit: Object subsystem successfully closed.
[2017.05.03-11.09.13:889][936]LogD3D11RHI: Shutdown
[2017.05.03-11.09.13:889][936]LogD3D11RHI: CleanupD3DDevice
[2017.05.03-11.09.13:950][936]LogD3D11RHI: ~FD3D11DynamicRHI
[2017.05.03-11.09.13:962][936]LogModuleManager: Shutting down and abandoning module HierarchicalLODOutliner (500)
[2017.05.03-11.09.13:962][936]LogModuleManager: Shutting down and abandoning module CrashTracker (498)
[2017.05.03-11.09.13:962][936]LogModuleManager: Shutting down and abandoning module SceneOutliner (496)
[2017.05.03-11.09.13:962][936]LogModuleManager: Shutting down and abandoning module AddContentDialog (494)
[2017.05.03-11.09.13:962][936]LogDirectoryWatcher: A directory notification for 'C:/Program Files/Epic Games/UE_4.15/FeaturePacks/' was aborted.
[2017.05.03-11.09.13:963][936]LogModuleManager: Shutting down and abandoning module WidgetCarousel (493)
[2017.05.03-11.09.13:963][936]LogModuleManager: Shutting down and abandoning module EditorWidgets (490)
[2017.05.03-11.09.13:963][936]LogModuleManager: Shutting down and abandoning module CollectionManager (488)
[2017.05.03-11.09.13:963][936]LogDirectoryWatcher: A directory notification for 'C:/Users/Ed/Documents/Unreal Projects/04_BattleTank/BattleTank/Content/Collections/' was aborted.
[2017.05.03-11.09.13:963][936]LogDirectoryWatcher: A directory notification for 'C:/Users/Ed/Documents/Unreal Projects/04_BattleTank/BattleTank/Content/Developers/Ed/Collections/' was aborted.
[2017.05.03-11.09.13:963][936]LogDirectoryWatcher: A directory notification for 'C:/Users/Ed/Documents/Unreal Projects/04_BattleTank/BattleTank/Saved/Collections/' was aborted.
[2017.05.03-11.09.13:963][936]LogModuleManager: Shutting down and abandoning module StatsViewer (486)
[2017.05.03-11.09.13:963][936]LogModuleManager: Shutting down and abandoning module FoliageEdit (484)
[2017.05.03-11.09.13:963][936]LogModuleManager: Shutting down and abandoning module LandscapeEditor (482)
[2017.05.03-11.09.13:963][936]LogModuleManager: Shutting down and abandoning module SceneDepthPickerMode (480)
[2017.05.03-11.09.13:963][936]LogModuleManager: Shutting down and abandoning module ActorPickerMode (478)
[2017.05.03-11.09.13:963][936]LogModuleManager: Shutting down and abandoning module GeometryMode (476)
[2017.05.03-11.09.13:963][936]LogModuleManager: Shutting down and abandoning module TextureAlignMode (474)
[2017.05.03-11.09.13:963][936]LogModuleManager: Shutting down and abandoning module BspMode (472)
[2017.05.03-11.09.13:963][936]LogModuleManager: Shutting down and abandoning module HardwareSurvey (470)
[2017.05.03-11.09.13:963][936]LogModuleManager: Shutting down and abandoning module SequenceRecorderSections (468)
[2017.05.03-11.09.13:963][936]LogModuleManager: Shutting down and abandoning module AutomationWorker (466)
[2017.05.03-11.09.13:963][936]LogModuleManager: Shutting down and abandoning module MatineeToLevelSequence (464)
[2017.05.03-11.09.13:963][936]LogModuleManager: Shutting down and abandoning module LevelSequenceEditor (462)
[2017.05.03-11.09.13:963][936]LogModuleManager: Shutting down and abandoning module PlacementMode (461)
[2017.05.03-11.09.13:963][936]LogModuleManager: Shutting down and abandoning module WmfMediaFactory (458)
[2017.05.03-11.09.13:963][936]LogModuleManager: Shutting down and abandoning module WmfMediaEditor (456)
[2017.05.03-11.09.13:963][936]LogModuleManager: Shutting down and abandoning module MfMediaFactory (454)
[2017.05.03-11.09.13:963][936]LogModuleManager: Shutting down and abandoning module MfMediaEditor (452)
[2017.05.03-11.09.13:963][936]LogModuleManager: Shutting down and abandoning module AvfMediaFactory (450)
[2017.05.03-11.09.13:963][936]LogModuleManager: Shutting down and abandoning module AvfMediaEditor (448)
[2017.05.03-11.09.13:963][936]LogModuleManager: Shutting down and abandoning module AndroidMediaFactory (446)
[2017.05.03-11.09.13:963][936]LogModuleManager: Shutting down and abandoning module Media (445)
[2017.05.03-11.09.13:963][936]LogModuleManager: Shutting down and abandoning module AndroidMediaEditor (442)
[2017.05.03-11.09.13:963][936]LogModuleManager: Shutting down and abandoning module CharacterAI (440)
[2017.05.03-11.09.13:963][936]LogModuleManager: Shutting down and abandoning module AudioCapture (438)
[2017.05.03-11.09.13:963][936]LogModuleManager: Shutting down and abandoning module SequenceRecorder (437)
[2017.05.03-11.09.13:963][936]LogModuleManager: Shutting down and abandoning module SmartSnapping (434)
[2017.05.03-11.09.13:963][936]LogModuleManager: Shutting down and abandoning module SessionServices (432)
[2017.05.03-11.09.13:963][936]LogModuleManager: Shutting down and abandoning module ViewportSnapping (430)
[2017.05.03-11.09.13:963][936]LogModuleManager: Shutting down and abandoning module ViewportInteraction (428)
[2017.05.03-11.09.13:963][936]LogModuleManager: Shutting down and abandoning module LogVisualizer (426)
[2017.05.03-11.09.13:963][936]LogModuleManager: Shutting down and abandoning module IntroTutorials (424)
[2017.05.03-11.09.13:963][936]LogModuleManager: Shutting down and abandoning module GameProjectGeneration (423)
[2017.05.03-11.09.13:963][936]LogModuleManager: Shutting down and abandoning module EditorLiveStreaming (420)
[2017.05.03-11.09.13:963][936]LogModuleManager: Shutting down and abandoning module IOSPlatformEditor (418)
[2017.05.03-11.09.13:963][936]LogModuleManager: Shutting down and abandoning module HTML5PlatformEditor (416)
[2017.05.03-11.09.13:963][936]LogModuleManager: Shutting down and abandoning module AndroidPlatformEditor (414)
[2017.05.03-11.09.13:963][936]LogModuleManager: Shutting down and abandoning module AndroidDeviceDetection (413)
[2017.05.03-11.09.14:629][936]LogModuleManager: Shutting down and abandoning module IOSRuntimeSettings (410)
[2017.05.03-11.09.14:629][936]LogModuleManager: Shutting down and abandoning module AndroidRuntimeSettings (408)
[2017.05.03-11.09.14:629][936]LogModuleManager: Shutting down and abandoning module InputBindingEditor (406)
[2017.05.03-11.09.14:629][936]LogModuleManager: Shutting down and abandoning module NiagaraEditor (404)
[2017.05.03-11.09.14:629][936]LogModuleManager: Shutting down and abandoning module MergeActors (402)
[2017.05.03-11.09.14:629][936]LogModuleManager: Shutting down and abandoning module SizeMap (400)
[2017.05.03-11.09.14:629][936]LogModuleManager: Shutting down and abandoning module TreeMap (398)
[2017.05.03-11.09.14:629][936]LogModuleManager: Shutting down and abandoning module ReferenceViewer (396)
[2017.05.03-11.09.14:629][936]LogModuleManager: Shutting down and abandoning module LocalizationDashboard (394)
[2017.05.03-11.09.14:629][936]LogModuleManager: Shutting down and abandoning module LocalizationService (393)
[2017.05.03-11.09.14:629][936]LogModuleManager: Shutting down and abandoning module HardwareTargeting (390)
[2017.05.03-11.09.14:629][936]LogModuleManager: Shutting down and abandoning module DeviceProfileEditor (388)
[2017.05.03-11.09.14:629][936]LogModuleManager: Shutting down and abandoning module UndoHistory (386)
[2017.05.03-11.09.14:629][936]LogModuleManager: Shutting down and abandoning module UserFeedback (384)
[2017.05.03-11.09.14:629][936]LogModuleManager: Shutting down and abandoning module XmlParser (382)
[2017.05.03-11.09.14:629][936]LogModuleManager: Shutting down and abandoning module Blutility (380)
[2017.05.03-11.09.14:629][936]LogModuleManager: Shutting down and abandoning module ProjectSettingsViewer (378)
[2017.05.03-11.09.14:629][936]LogModuleManager: Shutting down and abandoning module ProjectTargetPlatformEditor (377)
[2017.05.03-11.09.14:629][936]LogModuleManager: Shutting down and abandoning module EditorSettingsViewer (374)
[2017.05.03-11.09.14:629][936]LogModuleManager: Shutting down and abandoning module SettingsEditor (372)
[2017.05.03-11.09.14:629][936]LogModuleManager: Shutting down and abandoning module ProjectLauncher (370)
[2017.05.03-11.09.14:629][936]LogModuleManager: Shutting down and abandoning module SessionFrontend (368)
[2017.05.03-11.09.14:629][936]LogModuleManager: Shutting down and abandoning module ProfilerClient (366)
[2017.05.03-11.09.14:629][936]LogModuleManager: Shutting down and abandoning module DeviceManager (364)
[2017.05.03-11.09.14:629][936]LogModuleManager: Shutting down and abandoning module TargetDeviceServices (363)
[2017.05.03-11.09.14:682][936]LogModuleManager: Shutting down and abandoning module AutomationController (360)
[2017.05.03-11.09.14:682][936]LogModuleManager: Shutting down and abandoning module AutomationWindow (358)
[2017.05.03-11.09.14:682][936]LogModuleManager: Shutting down and abandoning module Layers (356)
[2017.05.03-11.09.14:682][936]LogModuleManager: Shutting down and abandoning module ComponentVisualizers (354)
[2017.05.03-11.09.14:682][936]LogModuleManager: Shutting down and abandoning module DetailCustomizations (352)
[2017.05.03-11.09.14:682][936]LogModuleManager: Shutting down and abandoning module PackagesDialog (350)
[2017.05.03-11.09.14:682][936]LogModuleManager: Shutting down and abandoning module Persona (348)
[2017.05.03-11.09.14:682][936]LogModuleManager: Shutting down and abandoning module AnimGraph (347)
[2017.05.03-11.09.14:682][936]LogModuleManager: Shutting down and abandoning module Kismet (344)
[2017.05.03-11.09.14:682][936]LogModuleManager: Shutting down and abandoning module GraphEditor (342)
[2017.05.03-11.09.14:682][936]LogModuleManager: Shutting down and abandoning module ClassViewer (340)
[2017.05.03-11.09.14:682][936]LogModuleManager: Shutting down and abandoning module Toolbox (338)
[2017.05.03-11.09.14:682][936]LogModuleManager: Shutting down and abandoning module ModuleUI (336)
[2017.05.03-11.09.14:682][936]LogModuleManager: Shutting down and abandoning module MovieSceneTools (334)
[2017.05.03-11.09.14:682][936]LogModuleManager: Shutting down and abandoning module OutputLog (332)
[2017.05.03-11.09.14:682][936]LogModuleManager: Shutting down and abandoning module GammaUI (330)
[2017.05.03-11.09.14:682][936]LogModuleManager: Shutting down and abandoning module Documentation (328)
[2017.05.03-11.09.14:682][936]LogModuleManager: Shutting down and abandoning module Niagara (326)
[2017.05.03-11.09.14:682][936]LogModuleManager: Shutting down and abandoning module StreamingPauseRendering (324)
[2017.05.03-11.09.14:682][936]LogModuleManager: Shutting down and abandoning module AnalyticsET (322)
[2017.05.03-11.09.14:682][936]LogModuleManager: Shutting down and abandoning module PortalServices (320)
[2017.05.03-11.09.14:682][936]LogModuleManager: Shutting down and abandoning module PortalRpc (318)
[2017.05.03-11.09.14:682][936]LogModuleManager: Shutting down and abandoning module MessagingRpc (316)
[2017.05.03-11.09.14:682][936]LogModuleManager: Shutting down and abandoning module AIModule (314)
[2017.05.03-11.09.14:682][936]LogModuleManager: Shutting down and abandoning module GameplayDebugger (313)
[2017.05.03-11.09.14:682][936]LogModuleManager: Shutting down and abandoning module AITestSuite (311)
[2017.05.03-11.09.14:682][936]LogModuleManager: Shutting down and abandoning module ProfilerService (308)
[2017.05.03-11.09.14:752][936]LogModuleManager: Shutting down and abandoning module TaskGraph (306)
[2017.05.03-11.09.14:752][936]LogModuleManager: Shutting down and abandoning module SteamVRController (304)
[2017.05.03-11.09.14:752][936]LogModuleManager: Shutting down and abandoning module SteamVR (302)
[2017.05.03-11.09.14:752][936]LogModuleManager: Shutting down and abandoning module ProceduralMeshComponentEditor (300)
[2017.05.03-11.09.14:752][936]LogModuleManager: Shutting down and abandoning module ProceduralMeshComponent (298)
[2017.05.03-11.09.14:752][936]LogModuleManager: Shutting down and abandoning module OculusLibrary (296)
[2017.05.03-11.09.14:752][936]LogModuleManager: Shutting down and abandoning module OculusInput (294)
[2017.05.03-11.09.14:752][936]LogModuleManager: Shutting down and abandoning module MobilePatchingUtils (292)
[2017.05.03-11.09.14:752][936]LogModuleManager: Shutting down and abandoning module CustomMeshComponent (290)
[2017.05.03-11.09.14:752][936]LogModuleManager: Shutting down and abandoning module CableComponent (288)
[2017.05.03-11.09.14:752][936]LogModuleManager: Shutting down and abandoning module ArchVisCharacter (286)
[2017.05.03-11.09.14:752][936]LogModuleManager: Shutting down and abandoning module MediaPlayerEditor (282)
[2017.05.03-11.09.14:752][936]LogModuleManager: Shutting down and abandoning module HTML5Networking (280)
[2017.05.03-11.09.14:752][936]LogModuleManager: Shutting down and abandoning module AlembicImporter (278)
[2017.05.03-11.09.14:752][936]LogModuleManager: Shutting down and abandoning module AlembicLibrary (277)
[2017.05.03-11.09.14:752][936]LogModuleManager: Shutting down and abandoning module GeometryCache (276)
[2017.05.03-11.09.14:752][936]LogModuleManager: Shutting down and abandoning module GeometryCacheEd (275)
[2017.05.03-11.09.14:752][936]LogModuleManager: Shutting down and abandoning module SuperSearchEditor (270)
[2017.05.03-11.09.14:752][936]LogModuleManager: Shutting down and abandoning module SuperSearch (269)
[2017.05.03-11.09.14:752][936]LogModuleManager: Shutting down and abandoning module SpeedTreeImporter (266)
[2017.05.03-11.09.14:752][936]LogModuleManager: Shutting down and abandoning module PluginBrowser (264)
[2017.05.03-11.09.14:752][936]LogModuleManager: Shutting down and abandoning module MobileLauncherProfileWizard (262)
[2017.05.03-11.09.14:752][936]LogModuleManager: Shutting down and abandoning module EpicSurvey (260)
[2017.05.03-11.09.14:752][936]LogModuleManager: Shutting down and abandoning module VisualStudioSourceCodeAccess (258)
[2017.05.03-11.09.14:752][936]LogModuleManager: Shutting down and abandoning module UObjectPlugin (256)
[2017.05.03-11.09.14:752][936]LogModuleManager: Shutting down and abandoning module SubversionSourceControl (254)
[2017.05.03-11.09.14:752][936]LogModuleManager: Shutting down and abandoning module PerforceSourceControl (252)
[2017.05.03-11.09.14:752][936]LogModuleManager: Shutting down and abandoning module GitSourceControl (250)
[2017.05.03-11.09.14:752][936]LogModuleManager: Shutting down and abandoning module SourceControl (249)
[2017.05.03-11.09.14:752][936]LogModuleManager: Shutting down and abandoning module LightPropagationVolumeEditor (246)
[2017.05.03-11.09.14:752][936]LogModuleManager: Shutting down and abandoning module PaperTiledImporter (244)
[2017.05.03-11.09.14:752][936]LogModuleManager: Shutting down and abandoning module PaperSpriteSheetImporter (242)
[2017.05.03-11.09.14:752][936]LogModuleManager: Shutting down and abandoning module Paper2DEditor (240)
[2017.05.03-11.09.14:752][936]LogModuleManager: Shutting down and abandoning module MeshPaint (239)
[2017.05.03-11.09.14:752][936]LogModuleManager: Shutting down and abandoning module LevelEditor (237)
[2017.05.03-11.09.14:753][936]LogModuleManager: Shutting down and abandoning module PixelInspectorModule (236)
[2017.05.03-11.09.14:753][936]LogModuleManager: Shutting down and abandoning module MainFrame (234)
[2017.05.03-11.09.14:753][936]LogModuleManager: Shutting down and abandoning module HotReload (233)
[2017.05.03-11.09.14:753][936]LogDirectoryWatcher: A directory notification for 'C:/Users/Ed/Documents/Unreal Projects/04_BattleTank/BattleTank/Binaries/Win64' was aborted.
[2017.05.03-11.09.14:753][936]LogModuleManager: Shutting down and abandoning module ContentBrowser (229)
[2017.05.03-11.09.14:754][936]LogModuleManager: Shutting down and abandoning module BattleTank (226)
[2017.05.03-11.09.14:754][936]LogModuleManager: Shutting down and abandoning module PhysXVehiclesEditor (224)
[2017.05.03-11.09.14:754][936]LogModuleManager: Shutting down and abandoning module PhysXVehicles (222)
[2017.05.03-11.09.14:754][936]LogModuleManager: Shutting down and abandoning module LocationServicesBPLibrary (220)
[2017.05.03-11.09.14:754][936]LogModuleManager: Shutting down and abandoning module UdpMessaging (218)
[2017.05.03-11.09.14:855][936]LogModuleManager: Shutting down and abandoning module TcpMessaging (216)
[2017.05.03-11.09.14:955][936]LogModuleManager: Shutting down and abandoning module GameplayTagsEditor (214)
[2017.05.03-11.09.14:955][936]LogModuleManager: Shutting down and abandoning module FacialAnimationEditor (212)
[2017.05.03-11.09.14:955][936]LogModuleManager: Shutting down and abandoning module FacialAnimation (210)
[2017.05.03-11.09.14:955][936]LogModuleManager: Shutting down and abandoning module LightPropagationVolumeRuntime (208)
[2017.05.03-11.09.14:955][936]LogModuleManager: Shutting down and abandoning module Paper2D (206)
[2017.05.03-11.09.14:955][936]LogModuleManager: Shutting down and abandoning module WindowsMoviePlayer (204)
[2017.05.03-11.09.14:955][936]LogModuleManager: Shutting down and abandoning module WmfMedia (202)
[2017.05.03-11.09.14:955][936]LogModuleManager: Shutting down and abandoning module MfMedia (200)
[2017.05.03-11.09.14:955][936]LogModuleManager: Shutting down and abandoning module MediaAssets (198)
[2017.05.03-11.09.14:955][936]LogModuleManager: Shutting down and abandoning module GameLiveStreaming (196)
[2017.05.03-11.09.14:955][936]LogModuleManager: Shutting down and abandoning module VREditor (194)
[2017.05.03-11.09.14:955][936]LogModuleManager: Shutting down and abandoning module GameplayTasksEditor (192)
[2017.05.03-11.09.14:955][936]LogModuleManager: Shutting down and abandoning module BehaviorTreeEditor (190)
[2017.05.03-11.09.14:955][936]LogModuleManager: Shutting down and abandoning module FunctionalTesting (188)
[2017.05.03-11.09.14:955][936]LogModuleManager: Shutting down and abandoning module CollisionAnalyzer (186)
[2017.05.03-11.09.14:955][936]LogModuleManager: Shutting down and abandoning module UMG (184)
[2017.05.03-11.09.14:955][936]LogModuleManager: Shutting down and abandoning module UMGEditor (183)
[2017.05.03-11.09.14:955][936]LogModuleManager: Shutting down and abandoning module Sequencer (182)
[2017.05.03-11.09.14:955][936]LogModuleManager: Shutting down and abandoning module AssetTools (180)
[2017.05.03-11.09.14:955][936]LogModuleManager: Shutting down and abandoning module MessageLog (179)
[2017.05.03-11.09.14:955][936]LogModuleManager: Shutting down and abandoning module WorkspaceMenuStructure (178)
[2017.05.03-11.09.14:955][936]LogModuleManager: Shutting down and abandoning module SlateReflector (172)
[2017.05.03-11.09.14:955][936]LogModuleManager: Shutting down and abandoning module Slate (170)
[2017.05.03-11.09.14:955][936]LogModuleManager: Shutting down and abandoning module EditorStyle (168)
[2017.05.03-11.09.14:957][936]LogModuleManager: Shutting down and abandoning module SourceCodeAccess (166)
[2017.05.03-11.09.14:957][936]LogModuleManager: Shutting down and abandoning module HeadMountedDisplay (164)
[2017.05.03-11.09.14:957][936]LogModuleManager: Shutting down and abandoning module XAudio2 (162)
[2017.05.03-11.09.14:957][936]LogModuleManager: Shutting down and abandoning module Networking (160)
[2017.05.03-11.09.14:957][936]LogModuleManager: Shutting down and abandoning module Core (156)
[2017.05.03-11.09.14:957][936]LogModuleManager: Shutting down and abandoning module AssetRegistry (154)
[2017.05.03-11.09.15:096][936]LogDirectoryWatcher: A directory notification for '../../../Engine/Content/' was aborted.
[2017.05.03-11.09.15:096][936]LogDirectoryWatcher: A directory notification for '../../../../../../Users/Ed/Documents/Unreal Projects/04_BattleTank/BattleTank/Content/' was aborted.
[2017.05.03-11.09.15:096][936]LogDirectoryWatcher: A directory notification for '../../../Engine/Plugins/2D/Paper2D/Content/' was aborted.
[2017.05.03-11.09.15:096][936]LogModuleManager: Shutting down and abandoning module DirectoryWatcher (153)
[2017.05.03-11.09.15:097][936]LogModuleManager: Shutting down and abandoning module KismetCompiler (150)
[2017.05.03-11.09.15:097][936]LogModuleManager: Shutting down and abandoning module PhysXFormats (148)
[2017.05.03-11.09.15:097][936]LogModuleManager: Shutting down and abandoning module MeshUtilities (146)
[2017.05.03-11.09.15:097][936]LogModuleManager: Shutting down and abandoning module SimplygonSwarm (145)
[2017.05.03-11.09.15:097][936]LogModuleManager: Shutting down and abandoning module SimplygonMeshReduction (143)
[2017.05.03-11.09.15:097][936]LogModuleManager: Shutting down and abandoning module QuadricMeshReduction (141)
[2017.05.03-11.09.15:097][936]LogModuleManager: Shutting down and abandoning module PropertyEditor (139)
[2017.05.03-11.09.15:097][936]LogModuleManager: Shutting down and abandoning module DerivedDataCache (136)
[2017.05.03-11.09.15:104][936]LogDerivedDataCache: Shutdown
[2017.05.03-11.09.15:104][936]LogModuleManager: Shutting down and abandoning module TargetPlatform (134)
[2017.05.03-11.09.15:104][936]LogModuleManager: Shutting down and abandoning module VulkanShaderFormat (133)
[2017.05.03-11.09.15:104][936]LogModuleManager: Shutting down and abandoning module ShaderFormatOpenGL (131)
[2017.05.03-11.09.15:104][936]LogModuleManager: Shutting down and abandoning module ShaderFormatD3D (129)
[2017.05.03-11.09.15:104][936]LogModuleManager: Shutting down and abandoning module MetalShaderFormat (127)
[2017.05.03-11.09.15:104][936]LogModuleManager: Shutting down and abandoning module TextureFormatUncompressed (125)
[2017.05.03-11.09.15:104][936]LogModuleManager: Shutting down and abandoning module TextureFormatPVR (123)
[2017.05.03-11.09.15:104][936]LogModuleManager: Shutting down and abandoning module TextureFormatDXT (121)
[2017.05.03-11.09.15:104][936]LogModuleManager: Shutting down and abandoning module TextureFormatIntelISPCTexComp (119)
[2017.05.03-11.09.15:104][936]LogModuleManager: Shutting down and abandoning module TextureFormatASTC (117)
[2017.05.03-11.09.15:104][936]LogModuleManager: Shutting down and abandoning module ImageWrapper (116)
[2017.05.03-11.09.15:104][936]LogModuleManager: Shutting down and abandoning module TextureFormatAndroid (113)
[2017.05.03-11.09.15:104][936]LogModuleManager: Shutting down and abandoning module AudioFormatOpus (111)
[2017.05.03-11.09.15:104][936]LogModuleManager: Shutting down and abandoning module AudioFormatOgg (109)
[2017.05.03-11.09.15:104][936]LogModuleManager: Shutting down and abandoning module AudioFormatADPCM (107)
[2017.05.03-11.09.15:104][936]LogModuleManager: Shutting down and abandoning module LinuxTargetPlatform (105)
[2017.05.03-11.09.15:104][936]LogModuleManager: Shutting down and abandoning module LinuxServerTargetPlatform (103)
[2017.05.03-11.09.15:104][936]LogModuleManager: Shutting down and abandoning module LinuxNoEditorTargetPlatform (101)
[2017.05.03-11.09.15:104][936]LogModuleManager: Shutting down and abandoning module LinuxClientTargetPlatform (99)
[2017.05.03-11.09.15:104][936]LogModuleManager: Shutting down and abandoning module TVOSTargetPlatform (97)
[2017.05.03-11.09.15:104][936]LogModuleManager: Shutting down and abandoning module Messaging (95)
[2017.05.03-11.09.15:104][936]LogModuleManager: Shutting down and abandoning module IOSTargetPlatform (93)
[2017.05.03-11.09.15:104][936]LogModuleManager: Shutting down and abandoning module HTML5TargetPlatform (91)
[2017.05.03-11.09.15:104][936]LogModuleManager: Shutting down and abandoning module Android_PVRTCTargetPlatform (89)
[2017.05.03-11.09.15:104][936]LogModuleManager: Shutting down and abandoning module Android_MultiTargetPlatform (87)
[2017.05.03-11.09.15:104][936]LogModuleManager: Shutting down and abandoning module Android_ETC2TargetPlatform (85)
[2017.05.03-11.09.15:104][936]LogModuleManager: Shutting down and abandoning module Android_ETC1TargetPlatform (83)
[2017.05.03-11.09.15:104][936]LogModuleManager: Shutting down and abandoning module Android_DXTTargetPlatform (81)
[2017.05.03-11.09.15:104][936]LogModuleManager: Shutting down and abandoning module Android_ATCTargetPlatform (79)
[2017.05.03-11.09.15:104][936]LogModuleManager: Shutting down and abandoning module Android_ASTCTargetPlatform (77)
[2017.05.03-11.09.15:104][936]LogModuleManager: Shutting down and abandoning module AndroidTargetPlatform (75)
[2017.05.03-11.09.15:104][936]LogModuleManager: Shutting down and abandoning module WindowsTargetPlatform (73)
[2017.05.03-11.09.15:104][936]LogModuleManager: Shutting down and abandoning module WindowsServerTargetPlatform (71)
[2017.05.03-11.09.15:104][936]LogModuleManager: Shutting down and abandoning module WindowsNoEditorTargetPlatform (69)
[2017.05.03-11.09.15:104][936]LogModuleManager: Shutting down and abandoning module WindowsClientTargetPlatform (67)
[2017.05.03-11.09.15:104][936]LogModuleManager: Shutting down and abandoning module MacTargetPlatform (65)
[2017.05.03-11.09.15:104][936]LogModuleManager: Shutting down and abandoning module MacServerTargetPlatform (63)
[2017.05.03-11.09.15:104][936]LogModuleManager: Shutting down and abandoning module MacNoEditorTargetPlatform (61)
[2017.05.03-11.09.15:104][936]LogModuleManager: Shutting down and abandoning module MacClientTargetPlatform (59)
[2017.05.03-11.09.15:104][936]LogModuleManager: Shutting down and abandoning module AllDesktopTargetPlatform (57)
[2017.05.03-11.09.15:104][936]LogModuleManager: Shutting down and abandoning module InputCore (54)
[2017.05.03-11.09.15:104][936]LogModuleManager: Shutting down and abandoning module Settings (52)
[2017.05.03-11.09.15:104][936]LogModuleManager: Shutting down and abandoning module OculusRift (50)
[2017.05.03-11.09.15:104][936]LogModuleManager: Shutting down and abandoning module GearVR (48)
[2017.05.03-11.09.15:104][936]LogModuleManager: Shutting down and abandoning module ExampleDeviceProfileSelector (46)
[2017.05.03-11.09.15:104][936]LogModuleManager: Shutting down and abandoning module OnlineBlueprintSupport (44)
[2017.05.03-11.09.15:104][936]LogModuleManager: Shutting down and abandoning module OnlineSubsystem (40)
[2017.05.03-11.09.15:104][936]LogOnline:Display: Unloading online subsystem: NULL
[2017.05.03-11.09.15:104][936]LogModuleManager: Shutting down and abandoning module XMPP (39)
[2017.05.03-11.09.15:104][936]LogModuleManager: Shutting down and abandoning module HTTP (37)
[2017.05.03-11.09.15:104][936]LogHttp:Display: Http module shutting down, but needs to wait on 1 outstanding Http requests:
[2017.05.03-11.09.15:104][936]LogHttp:Display: 	verb=[POST] url=[https://datarouter.ol.epicgames.com/datarouter/api/v1/public/data?SessionID=%7B8290E3E5-43CE-FE18-0164-37981C233637%7D&AppID=UEEditor.Rocket.Release&AppVersion=4.15.1-3348071%2B%2B%2BUE4%2BRelease-4.15&UserID=f7f8e8e14812d3a9c689c8b3027a32dd%7C58448bdb2ce4468ba1b793c4adc2bec4%7Cb6541784-51a5-4cf3-83aa-c7e3819647ee&AppEnvironment=datacollector-binary&UploadType=eteventstream] status=Processing
[2017.05.03-11.09.15:128][936]LogModuleManager: Shutting down and abandoning module SSL (36)
[2017.05.03-11.09.15:129][936]LogModuleManager: Shutting down and abandoning module DesktopPlatform (32)
[2017.05.03-11.09.15:129][936]LogModuleManager: Shutting down and abandoning module AudioEditor (30)
[2017.05.03-11.09.15:129][936]LogModuleManager: Shutting down and abandoning module TextureCompressor (28)
[2017.05.03-11.09.15:129][936]LogModuleManager: Shutting down and abandoning module ShaderCore (26)
[2017.05.03-11.09.15:129][936]LogModuleManager: Shutting down and abandoning module Landscape (24)
[2017.05.03-11.09.15:129][936]LogModuleManager: Shutting down and abandoning module SlateRHIRenderer (22)
[2017.05.03-11.09.15:130][936]LogModuleManager: Shutting down and abandoning module OpenGLDrv (20)
[2017.05.03-11.09.15:130][936]LogModuleManager: Shutting down and abandoning module D3D11RHI (18)
[2017.05.03-11.09.15:130][936]LogModuleManager: Shutting down and abandoning module AnimGraphRuntime (16)
[2017.05.03-11.09.15:130][936]LogModuleManager: Shutting down and abandoning module Renderer (14)
[2017.05.03-11.09.15:130][936]LogModuleManager: Shutting down and abandoning module Engine (12)
[2017.05.03-11.09.15:130][936]LogModuleManager: Shutting down and abandoning module CoreUObject (10)
[2017.05.03-11.09.15:130][936]LogModuleManager: Shutting down and abandoning module NetworkFile (8)
[2017.05.03-11.09.15:130][936]LogModuleManager: Shutting down and abandoning module StreamingFile (6)
[2017.05.03-11.09.15:130][936]LogModuleManager: Shutting down and abandoning module SandboxFile (4)
[2017.05.03-11.09.15:130][936]LogModuleManager: Shutting down and abandoning module PakFile (2)
[2017.05.03-11.09.15:131][936]LogExit: Exiting.
[2017.05.03-11.09.15:138][936]Log file closed, 05/03/17 12:09:15
