Log file open, 04/24/17 21:27:51
LogInit:Display: Running engine for game: BattleTank
LogPlatformFile: Not using cached read wrapper
LogInit:Display: RandInit(-1007769226) SRandInit(-1007769226).
LogTaskGraph: Started task graph with 5 named threads and 8 total threads with 1 sets of task threads.
LogStats: Stats thread started at 0.086776
LogInit: Using libcurl 7.47.1
LogInit:  - built for x86_64-pc-win32
LogInit:  - supports SSL with OpenSSL/1.0.2g
LogInit:  - supports HTTP deflate (compression) using libz 1.2.8
LogInit:  - other features:
LogInit:      CURL_VERSION_SSL
LogInit:      CURL_VERSION_LIBZ
LogInit:      CURL_VERSION_IPV6
LogInit:      CURL_VERSION_ASYNCHDNS
LogInit:      CURL_VERSION_LARGEFILE
LogInit:      CURL_VERSION_IDN
LogInit:  CurlRequestOptions (configurable via config and command line):
LogInit:  - bVerifyPeer = false  - Libcurl will NOT verify peer certificate
LogInit:  - bUseHttpProxy = false  - Libcurl will NOT use HTTP proxy
LogInit:  - bDontReuseConnections = false  - Libcurl will reuse connections
LogInit:  - CertBundlePath = nullptr  - Libcurl will use whatever was configured at build time.
LogInit: Build: ++UE4+Release-4.15-CL-3299760
LogInit: Engine Version: 4.15.0-3299760+++UE4+Release-4.15
LogInit: Compatible Engine Version: 4.15.0-3299760+++UE4+Release-4.15
LogInit: Net CL: 3299760
LogDevObjectVersion: Number of dev versions registered: 14
LogDevObjectVersion:   Dev-Blueprints (B0D832E4-1F89-4F0D-ACCF-7EB736FD4AA2): 8
LogDevObjectVersion:   Dev-Build (E1C64328-A22C-4D53-A36C-8E866417BD8C): 0
LogDevObjectVersion:   Dev-Core (375EC13C-06E4-48FB-B500-84F0262A717E): 2
LogDevObjectVersion:   Dev-Editor (E4B068ED-F494-42E9-A231-DA0B2E46BB41): 14
LogDevObjectVersion:   Dev-Framework (CFFC743F-43B0-4480-9391-14DF171D2073): 22
LogDevObjectVersion:   Dev-Mobile (B02B49B5-BB20-44E9-A304-32B752E40360): 0
LogDevObjectVersion:   Dev-Networking (A4E4105C-59A1-49B5-A7C5-40C4547EDFEE): 0
LogDevObjectVersion:   Dev-Online (39C831C9-5AE6-47DC-9A44-9C173E1C8E7C): 0
LogDevObjectVersion:   Dev-Physics (78F01B33-EBEA-4F98-B9B4-84EACCB95AA2): 0
LogDevObjectVersion:   Dev-Platform (6631380F-2D4D-43E0-8009-CF276956A95A): 0
LogDevObjectVersion:   Dev-Rendering (12F88B9F-8875-4AFC-A67C-D90C383ABD29): 12
LogDevObjectVersion:   Dev-Sequencer (7B5AE74C-D270-4C10-A958-57980B212A5A): 3
LogDevObjectVersion:   Dev-VR (D7296918-1DD6-4BDD-9DE2-64A83CC13884): 0
LogDevObjectVersion:   Dev-LoadTimes (C2A15278-BFE7-4AFE-6C17-90FF531DF755): 1
LogInit: Compiled (64-bit): Feb 14 2017 02:04:14
LogInit: Compiled with Visual C++: 19.00.23026.00
LogInit: Build Configuration: Development
LogInit: Branch Name: ++UE4+Release-4.15
LogInit: Command line: -EpicPortal 
LogInit: Base directory: C:/Program Files/Epic Games/UE_4.15/Engine/Binaries/Win64/
LogInit: Installed Engine Build: 1
LogInit: Presizing for max 8388607 objects, including 0 objects not considered by GC, pre-allocating 0 bytes for permanent pool.
LogInit: Object subsystem initialized
[2017.04.24-20.27.53:075][  0]LogInit: Selected Device Profile: [Windows]
[2017.04.24-20.27.53:075][  0]LogInit: Applying CVar settings loaded from the selected device profile: [Windows]
[2017.04.24-20.27.53:090][  0]LogInit: Computer: DESKTOP-0PEK566
[2017.04.24-20.27.53:090][  0]LogInit: User: Sarah
[2017.04.24-20.27.53:090][  0]LogInit: CPU Page size=65536, Cores=4
[2017.04.24-20.27.53:090][  0]LogInit: High frequency timer resolution =2.143576 MHz
[2017.04.24-20.27.53:090][  0]LogMemory: Memory total: Physical=7.9GB (8GB approx)
[2017.04.24-20.27.53:090][  0]LogMemory: Platform Memory Stats for Windows
[2017.04.24-20.27.53:090][  0]LogMemory: Process Physical Memory: 262.95 MB used, 262.95 MB peak
[2017.04.24-20.27.53:090][  0]LogMemory: Process Virtual Memory: 262.52 MB used, 262.52 MB peak
[2017.04.24-20.27.53:090][  0]LogMemory: Physical Memory: 6129.72 MB used,  1954.55 MB free, 8084.27 MB total
[2017.04.24-20.27.53:090][  0]LogMemory: Virtual Memory: 644.18 MB used,  1954.55 MB free, 134217728.00 MB total
[2017.04.24-20.27.53:223][  0]LogTextLocalizationManager: No specific translations for ('en-US') exist, so ('en') translations will be used.
[2017.04.24-20.27.53:984][  0]LogD3D11RHI: D3D11 adapters:
[2017.04.24-20.27.54:045][  0]LogD3D11RHI:    0. 'AMD Radeon HD 7600M Series' (Feature Level 11_0)
[2017.04.24-20.27.54:045][  0]LogD3D11RHI:       1004/0/3840 MB DedicatedVideo/DedicatedSystem/SharedSystem, Outputs:1, VendorId:0x1002
[2017.04.24-20.27.54:048][  0]LogD3D11RHI:    1. 'Intel(R) HD Graphics 4000' (Feature Level 11_0)
[2017.04.24-20.27.54:048][  0]LogD3D11RHI:       32/0/1760 MB DedicatedVideo/DedicatedSystem/SharedSystem, Outputs:0, VendorId:0x8086
[2017.04.24-20.27.54:050][  0]LogD3D11RHI:    2. 'Microsoft Basic Render Driver' (Feature Level 11_0)
[2017.04.24-20.27.54:050][  0]LogD3D11RHI:       0/0/4042 MB DedicatedVideo/DedicatedSystem/SharedSystem, Outputs:0, VendorId:0x1414
[2017.04.24-20.27.54:050][  0]LogD3D11RHI: Chosen D3D11 Adapter: 0
[2017.04.24-20.27.54:061][  0]LogD3D11RHI: Creating new Direct3DDevice
[2017.04.24-20.27.54:061][  0]LogD3D11RHI:     GPU DeviceId: 0x6840 (for the marketing name, search the web for "GPU Device Id")
[2017.04.24-20.27.54:061][  0]LogWindows: EnumDisplayDevices:
[2017.04.24-20.27.54:061][  0]LogWindows:    0. 'Intel(R) HD Graphics 4000' (P:1 D:1)
[2017.04.24-20.27.54:061][  0]LogWindows:    1. 'Intel(R) HD Graphics 4000' (P:0 D:0)
[2017.04.24-20.27.54:062][  0]LogWindows:    2. 'Intel(R) HD Graphics 4000' (P:0 D:0)
[2017.04.24-20.27.54:062][  0]LogWindows: DebugString: PrimaryIsNotTheChoosenAdapter PrimaryIsNotTheChoosenAdapter PrimaryIsNotTheChoosenAdapter FoundDriverCount:0 
[2017.04.24-20.27.54:062][  0]LogD3D11RHI:     Adapter Name: AMD Radeon HD 7600M Series
[2017.04.24-20.27.54:062][  0]LogD3D11RHI:   Driver Version: Unknown (internal:Unknown, unified:Unknown)
[2017.04.24-20.27.54:062][  0]LogD3D11RHI:      Driver Date: Unknown
[2017.04.24-20.27.54:062][  0]LogRHI: Texture pool is 702 MB (70% of 1004 MB)
[2017.04.24-20.27.54:070][  0]LogD3D11RHI: AMD Pre GCN architecture detected, some driver workarounds will be in place
[2017.04.24-20.27.54:078][  0]LogD3D11RHI: Async texture creation enabled
[2017.04.24-20.27.54:091][  0]LogD3D11RHI: GPU Timing Frequency: 27.000000 (Debug: 2 1)
[2017.04.24-20.27.54:092][  0]LogShaderCompilers: Guid format shader working directory is -35 characters bigger than the processId version (../../../../../../Users/Sarah/Documents/Unreal Projects/04_BattleTank/BattleTank/Intermediate/Shaders/WorkingDirectory/60788/).
[2017.04.24-20.27.54:092][  0]LogShaderCompilers: Cleaned the shader compiler working directory 'C:/Users/Sarah/AppData/Local/Temp/UnrealShaderWorkingDir/B4914F3D4FE80DBA096AC0A116876F0A/'.
[2017.04.24-20.27.54:092][  0]LogShaderCompilers:Display: Using Local Shader Compiler.
[2017.04.24-20.27.55:482][  0]LogTemp:Display: Loaded TP AllDesktopTargetPlatform
[2017.04.24-20.27.55:560][  0]LogTemp:Display: Loaded TP MacClientTargetPlatform
[2017.04.24-20.27.55:639][  0]LogTemp:Display: Loaded TP MacNoEditorTargetPlatform
[2017.04.24-20.27.55:719][  0]LogTemp:Display: Loaded TP MacServerTargetPlatform
[2017.04.24-20.27.55:801][  0]LogTemp:Display: Loaded TP MacTargetPlatform
[2017.04.24-20.27.55:879][  0]LogTemp:Display: Loaded TP WindowsClientTargetPlatform
[2017.04.24-20.27.55:961][  0]LogTemp:Display: Loaded TP WindowsNoEditorTargetPlatform
[2017.04.24-20.27.56:044][  0]LogTemp:Display: Loaded TP WindowsServerTargetPlatform
[2017.04.24-20.27.56:110][  0]LogTemp:Display: Loaded TP WindowsTargetPlatform
[2017.04.24-20.27.56:188][  0]LogTemp:Display: Loaded TP AndroidTargetPlatform
[2017.04.24-20.27.56:267][  0]LogTemp:Display: Loaded TP Android_ASTCTargetPlatform
[2017.04.24-20.27.56:344][  0]LogTemp:Display: Loaded TP Android_ATCTargetPlatform
[2017.04.24-20.27.56:421][  0]LogTemp:Display: Loaded TP Android_DXTTargetPlatform
[2017.04.24-20.27.56:497][  0]LogTemp:Display: Loaded TP Android_ETC1TargetPlatform
[2017.04.24-20.27.56:572][  0]LogTemp:Display: Loaded TP Android_ETC2TargetPlatform
[2017.04.24-20.27.56:728][  0]LogTemp:Display: Loaded TP Android_MultiTargetPlatform
[2017.04.24-20.27.56:728][  0]LogTemp:Display: Loaded TP Android_PVRTCTargetPlatform
[2017.04.24-20.27.56:782][  0]LogTemp:Display: Loaded TP HTML5TargetPlatform
[2017.04.24-20.27.56:915][  0]LogTemp:Display: Loaded TP IOSTargetPlatform
[2017.04.24-20.27.56:967][  0]LogTemp:Display: Loaded TP TVOSTargetPlatform
[2017.04.24-20.27.57:044][  0]LogTemp:Display: Loaded TP LinuxClientTargetPlatform
[2017.04.24-20.27.57:121][  0]LogTemp:Display: Loaded TP LinuxNoEditorTargetPlatform
[2017.04.24-20.27.57:197][  0]LogTemp:Display: Loaded TP LinuxServerTargetPlatform
[2017.04.24-20.27.57:272][  0]LogTemp:Display: Loaded TP LinuxTargetPlatform
[2017.04.24-20.27.57:272][  0]LogTargetPlatformManager:Display: Building Assets For Windows
[2017.04.24-20.27.58:019][  0]LogDerivedDataCache:Display: Max Cache Size: 512 MB
[2017.04.24-20.27.58:078][  0]LogDerivedDataCache: Loaded boot cache 0.06s 50MB C:/Users/Sarah/AppData/Local/UnrealEngine/4.15/DerivedDataCache/Boot.ddc.
[2017.04.24-20.27.58:078][  0]LogDerivedDataCache:Display: Loaded Boot cache: C:/Users/Sarah/AppData/Local/UnrealEngine/4.15/DerivedDataCache/Boot.ddc
[2017.04.24-20.27.58:079][  0]LogDerivedDataCache: FDerivedDataBackendGraph:  Pak pak cache file ../../../../../../Users/Sarah/Documents/Unreal Projects/04_BattleTank/BattleTank/DerivedDataCache/DDC.ddp not found, will not use a pak cache.
[2017.04.24-20.27.58:079][  0]LogDerivedDataCache: Unable to find inner node Pak for hierarchical cache Hierarchy.
[2017.04.24-20.27.58:079][  0]LogDerivedDataCache: FDerivedDataBackendGraph:  CompressedPak pak cache file ../../../../../../Users/Sarah/Documents/Unreal Projects/04_BattleTank/BattleTank/DerivedDataCache/Compressed.ddp not found, will not use a pak cache.
[2017.04.24-20.27.58:079][  0]LogDerivedDataCache: Unable to find inner node CompressedPak for hierarchical cache Hierarchy.
[2017.04.24-20.27.58:101][  0]LogDerivedDataCache:Display: Pak cache opened for reading ../../../Engine/DerivedDataCache/Compressed.ddp.
[2017.04.24-20.27.58:114][  0]LogDerivedDataCache: Using Local data cache path C:/Users/Sarah/AppData/Local/UnrealEngine/Common/DerivedDataCache: Writable
[2017.04.24-20.27.58:124][  0]LogSlate: Using Freetype 2.6.0
[2017.04.24-20.27.58:125][  0]LogSlate: SlateFontCache - WITH_FREETYPE: 1, WITH_HARFBUZZ: 1
[2017.04.24-20.27.58:125][  0]LogSlate: SlateFontCache - WITH_FREETYPE: 1, WITH_HARFBUZZ: 1
[2017.04.24-20.27.58:982][  0]LogInit: Selected Device Profile: [Windows]
[2017.04.24-20.27.58:986][  0]LogContentStreaming: Texture pool size is 0.00 MB
[2017.04.24-20.27.59:309][  0]LogMeshUtilities: Using QuadricMeshReduction for automatic static mesh reduction
[2017.04.24-20.27.59:390][  0]LogSimplygon: Simplygon DLL not present - disabling.
[2017.04.24-20.27.59:490][  0]LogMeshUtilities: Using SimplygonSwarm for distributed automatic mesh merging
[2017.04.24-20.27.59:490][  0]LogMeshUtilities: No automatic skeletal mesh reduction module available
[2017.04.24-20.27.59:490][  0]LogMeshUtilities: No automatic mesh merging module available
[2017.04.24-20.28.00:355][  0]LogNetVersion: GetLocalNetworkVersion: CL: 3299760, ProjectName: battletank, ProjectVersion: , EngineNetworkVersion: 2, GameNetworkVersion: 0, NetworkChecksum: 2512795372
[2017.04.24-20.28.00:415][  0]LogAssetRegistry: FAssetRegistry took 0.0219 seconds to start up
[2017.04.24-20.28.00:492][  0]LogPackageLocalizationCache: Processed 3 localized package path(s) for 2 prioritized culture(s) in 0.037097 seconds
[2017.04.24-20.28.00:498][  0]LogUObjectArray: 32475 objects as part of root set at end of initial load.
[2017.04.24-20.28.00:498][  0]LogUObjectAllocator: 7073368 out of 0 bytes used by permanent object pool.
[2017.04.24-20.28.00:498][  0]LogUObjectArray: CloseDisregardForGC: 0/0 objects in disregard for GC pool
[2017.04.24-20.28.00:614][  0]LogInit: WinSock: version 1.1 (2.2), MaxSocks=32767, MaxUdp=65467
[2017.04.24-20.28.03:150][  0]LogTcpMessaging: Initializing TcpMessaging bridge
[2017.04.24-20.28.03:224][  0]LogUdpMessaging: Initializing bridge on interface 0.0.0.0:0 to multicast group 230.0.0.1:6666.
[2017.04.24-20.28.04:051][  0]LogMaterial: Uniform references updated for custom material expression Custom.
[2017.04.24-20.28.04:681][  0]SourceControl: Info Source control is disabled
[2017.04.24-20.28.04:717][  0]SourceControl: Info Source control is disabled
[2017.04.24-20.28.04:802][  0]SourceControl: Info Source control is disabled
[2017.04.24-20.28.04:890][  0]SourceControl: Info Source control is disabled
[2017.04.24-20.28.07:222][  0]LogEngine: Initializing Engine...
[2017.04.24-20.28.07:222][  0]LogHMD: Failed to initialize OpenVR with code 110
[2017.04.24-20.28.07:528][  0]LogAIModule: Creating AISystem for world Untitled
[2017.04.24-20.28.07:537][  0]LogInit: XAudio2 using 'Speakers (2- High Definition Audio Device)' : 2 channels at 44.1 kHz using 16 bits per sample (channel mask 0x3)
[2017.04.24-20.28.07:557][  0]LogInit: FAudioDevice initialized.
[2017.04.24-20.28.07:588][  0]LogDerivedDataCache: Saved boot cache 0.03s 50MB C:/Users/Sarah/AppData/Local/UnrealEngine/4.15/DerivedDataCache/Boot.ddc.
[2017.04.24-20.28.07:596][  0]LogInit: Texture streaming: Enabled
[2017.04.24-20.28.07:731][  0]LogEngineSessionManager: EngineSessionManager initialized
[2017.04.24-20.28.07:860][  0]LogInit: Transaction tracking system initialized
[2017.04.24-20.28.08:360][  0]BlueprintLog: New page: Editor Load
[2017.04.24-20.28.09:655][  0]LocalizationService: Info Localization service is disabled
[2017.04.24-20.28.11:048][  0]LogConsoleResponse:Display: 
[2017.04.24-20.28.11:244][  0]LogCook:Display: Max memory allowance for cook 16384mb min free memory 0mb
[2017.04.24-20.28.11:244][  0]LogCook:Display: Mobile HDR setting 1
[2017.04.24-20.28.11:735][  0]LogFileCache: Scanning file cache for directory 'C:/Users/Sarah/Documents/Unreal Projects/04_BattleTank/BattleTank/Content/' took 0.02s
[2017.04.24-20.28.13:149][  0]SourceControl: Info Source control is disabled
[2017.04.24-20.28.13:149][  0]Cmd: MAP LOAD FILE="../../../../../../Users/Sarah/Documents/Unreal Projects/04_BattleTank/BattleTank/Content/Levels/BattleGround.umap" TEMPLATE=0 SHOWPROGRESS=1 FEATURELEVEL=3
[2017.04.24-20.28.13:150][  0]LightingResults: New page: Lighting Build
[2017.04.24-20.28.13:210][  0]MapCheck: New page: Map Check
[2017.04.24-20.28.13:210][  0]LightingResults: New page: Lighting Build
[2017.04.24-20.28.13:835][  0]LogAIModule: Creating AISystem for world BattleGround
[2017.04.24-20.28.14:145][  0]LogEditorServer: Finished looking for orphan Actors (0.000 secs)
[2017.04.24-20.28.14:146][  0]Cmd: MAP CHECKDEP NOCLEARLOG
[2017.04.24-20.28.14:201][  0]MapCheck: Info Map check complete: 0 Error(s), 0 Warning(s), took 55.3ms to complete.
[2017.04.24-20.28.14:201][  0]LogFileHelpers: Loading map 'BattleGround' took 1.052
[2017.04.24-20.28.14:255][  0]LogWindowsTextInputMethodSystem:Display: IME system now deactivated.
[2017.04.24-20.28.14:473][  0]LogCollectionManager: Loaded 1 collections in 0.005986 seconds
[2017.04.24-20.28.14:592][  0]LogFileCache: Scanning file cache for directory 'C:/Users/Sarah/Documents/Unreal Projects/04_BattleTank/BattleTank/Saved/Collections/' took 0.01s
[2017.04.24-20.28.14:592][  0]LogFileCache: Scanning file cache for directory 'C:/Users/Sarah/Documents/Unreal Projects/04_BattleTank/BattleTank/Content/Developers/Sarah/Collections/' took 0.01s
[2017.04.24-20.28.14:592][  0]LogFileCache: Scanning file cache for directory 'C:/Users/Sarah/Documents/Unreal Projects/04_BattleTank/BattleTank/Content/Collections/' took 0.01s
[2017.04.24-20.28.14:592][  0]LogCollectionManager: Rebuilt the GUID cache for 1 collections in 0.000006 seconds
[2017.04.24-20.28.14:592][  0]LogCollectionManager: Rebuilt the hierarchy cache for 1 collections in 0.000000 seconds
[2017.04.24-20.28.14:607][  0]LogContentBrowser: Native class hierarchy populated in 0.0151 seconds. Added 2255 classes and 453 folders.
[2017.04.24-20.28.14:612][  0]LogStats: UGameplayTagsManager::ConstructGameplayTagTree: Construct from data asset -  0.000 s
[2017.04.24-20.28.14:612][  0]LogStats: UGameplayTagsManager::ConstructGameplayTagTree: GameplayTagTreeChangedEvent.Broadcast -  0.000 s
[2017.04.24-20.28.14:705][  0]LogContentBrowser: Native class hierarchy updated for 'WidgetCarousel' in 0.0036 seconds. Added 0 classes and 0 folders.
[2017.04.24-20.28.15:148][  0]LogContentBrowser: Native class hierarchy updated for 'AddContentDialog' in 0.0035 seconds. Added 0 classes and 0 folders.
[2017.04.24-20.28.15:215][  0]LogContentBrowser: Native class hierarchy updated for 'SceneOutliner' in 0.0036 seconds. Added 1 classes and 2 folders.
[2017.04.24-20.28.15:280][  0]LogCrashTracker: Crashtracker disabled due to settings.
[2017.04.24-20.28.15:287][  0]LogUObjectGlobals:Warning: Failed to find object 'Class None.'
[2017.04.24-20.28.15:375][  0]LogContentBrowser: Native class hierarchy updated for 'HierarchicalLODOutliner' in 0.0038 seconds. Added 1 classes and 2 folders.
[2017.04.24-20.28.15:375][  0]LogLoad: (Engine Initialization) Total time: 26.56 seconds
[2017.04.24-20.28.15:375][  0]LogLoad: (Engine Initialization) Total Blueprint compile time: 0.19 seconds
[2017.04.24-20.28.15:375][  0]LogExternalProfiler: No external profilers were discovered.  External profiling features will not be available.
[2017.04.24-20.28.15:385][  0]LogOcInput: OculusInput pre-init called
[2017.04.24-20.28.15:409][  0]LogContentStreaming: Texture pool size now 600 MB
[2017.04.24-20.28.15:411][  0]LogSlate: Took 0.000324 seconds to synchronously load lazily loaded font '../../../Engine/Content/Slate/Fonts/Roboto-Regular.ttf' (155K)
[2017.04.24-20.28.15:415][  0]LogSlate: Took 0.000276 seconds to synchronously load lazily loaded font '../../../Engine/Content/Slate/Fonts/Roboto-Bold.ttf' (160K)
[2017.04.24-20.28.15:430][  0]LogSlate: Took 0.006594 seconds to synchronously load lazily loaded font '../../../Engine/Content/Editor/Slate/Fonts/FontAwesome.ttf' (139K)
[2017.04.24-20.28.15:436][  0]LogSlate: Took 0.006101 seconds to synchronously load lazily loaded font '../../../Engine/Content/Editor/Slate/Fonts/DroidSansMono.ttf' (77K)
[2017.04.24-20.28.15:760][  0]LogRenderer: Reallocating scene render targets to support 1028x592 NumSamples 1 (Frame:2).
[2017.04.24-20.28.16:057][  1]LogAssetRegistry: Asset discovery search completed in 15.6645 seconds
[2017.04.24-20.28.16:058][  1]LogCollectionManager: Rebuilt the object cache for 1 collections in 0.000007 seconds (found 0 objects)
[2017.04.24-20.28.16:058][  1]LogCollectionManager: Fixed up redirectors for 1 collections in 0.000153 seconds (updated 0 objects)
[2017.04.24-20.28.21:288][173]Recompiling BattleTank...
[2017.04.24-20.28.21:288][173]Launching UnrealBuildTool... [C:/Program Files/Epic Games/UE_4.15/Engine/Binaries/DotNET/UnrealBuildTool.exe BattleTank -ModuleWithSuffix BattleTank 3663 Win64 Development -editorrecompile -canskiplink "C:/Users/Sarah/Documents/Unreal Projects/04_BattleTank/BattleTank/BattleTank.uproject" ]
[2017.04.24-20.28.21:290][173]Warning: Starting HotReload took  0.1s.
[2017.04.24-20.28.51:185][398]CompilerResultsLog: New page: Compilation - Apr 24, 2017, 10:28:51 PM
[2017.04.24-20.28.51:186][398]CompilerResultsLog: Info Creating makefile for hot reloading BattleTank (modules to compile have changed)
[2017.04.24-20.28.51:186][398]CompilerResultsLog: Info Compiling game modules for hot reload
[2017.04.24-20.28.51:186][398]CompilerResultsLog: Info Target is up to date
[2017.04.24-20.28.51:186][398]CompilerResultsLog: Info Total build time: 29.46 seconds (NoActionsToExecute executor: 0.00 seconds)
[2017.04.24-20.28.51:186][398]LogMainFrame: MainFrame: Module compiling took 29.911 seconds
[2017.04.24-20.28.51:225][398]LogContentBrowser: Native class hierarchy populated in 0.0154 seconds. Added 2257 classes and 457 folders.
[2017.04.24-20.28.51:232][398]Display: HotReload took 30.0s.
[2017.04.24-20.28.54:096][466]LogTemp: Repeting last play command: Selected Viewport
[2017.04.24-20.28.54:119][466]LogBlueprintUserMessages: Early PlayInEditor Detection: Level '/Game/Levels/BattleGround.BattleGround:PersistentLevel' has LevelScriptBlueprint '/Game/Levels/BattleGround.BattleGround:PersistentLevel.BattleGround' with GeneratedClass '/Game/Levels/BattleGround.BattleGround_C' with ClassGeneratedBy '/Game/Levels/BattleGround.BattleGround:PersistentLevel.BattleGround'
[2017.04.24-20.28.54:120][466]LogPlayLevel: PlayLevel: No blueprints needed recompiling
[2017.04.24-20.28.54:123][466]PIE: New page: PIE session: BattleGround (Apr 24, 2017, 10:28:54 PM)
[2017.04.24-20.28.54:124][466]LogPlayLevel: Creating play world package: /Game/Levels/UEDPIE_0_BattleGround
[2017.04.24-20.28.54:145][466]LogPlayLevel: PIE: StaticDuplicateObject took: (0.020437s)
[2017.04.24-20.28.54:146][466]LogAIModule: Creating AISystem for world BattleGround
[2017.04.24-20.28.54:146][466]LogPlayLevel: PIE: World Init took: (0.001042s)
[2017.04.24-20.28.54:148][466]LogPlayLevel: PIE: Created PIE world by copying editor world from /Game/Levels/BattleGround.BattleGround to /Game/Levels/UEDPIE_0_BattleGround.BattleGround (0.023365s)
[2017.04.24-20.28.54:163][466]LogInit: XAudio2 using 'Speakers (2- High Definition Audio Device)' : 2 channels at 44.1 kHz using 16 bits per sample (channel mask 0x3)
[2017.04.24-20.28.54:173][466]LogInit: FAudioDevice initialized.
[2017.04.24-20.28.54:235][466]LogLoad: Game class is 'BattleTankGameMode_BP_C'
[2017.04.24-20.28.54:252][466]LogWorld: Bringing World /Game/Levels/UEDPIE_0_BattleGround.BattleGround up for play (max tick rate 0) at 2017.04.24-21.28.54
[2017.04.24-20.28.54:264][466]LogWorld: Bringing up level for play took: 0.018727
[2017.04.24-20.28.54:374][466]LogContentBrowser: Native class hierarchy updated for 'MovieSceneCapture' in 0.0038 seconds. Added 11 classes and 0 folders.
[2017.04.24-20.28.54:394][466]LogTemp:Warning: Tank_BP_C_0 has possessed by Player
[2017.04.24-20.28.54:397][466]PIE: Info Play in editor start time for /Game/Levels/UEDPIE_0_BattleGround 0.747
[2017.04.24-20.28.54:397][466]LogBlueprintUserMessages: Late PlayInEditor Detection: Level '/Game/Levels/BattleGround.BattleGround:PersistentLevel' has LevelScriptBlueprint '/Game/Levels/BattleGround.BattleGround:PersistentLevel.BattleGround' with GeneratedClass '/Game/Levels/BattleGround.BattleGround_C' with ClassGeneratedBy '/Game/Levels/BattleGround.BattleGround:PersistentLevel.BattleGround'
[2017.04.24-20.29.01:262][760]LogBlueprintUserMessages: Early EndPlayMap Detection: Level '/Game/Levels/BattleGround.BattleGround:PersistentLevel' has LevelScriptBlueprint '/Game/Levels/BattleGround.BattleGround:PersistentLevel.BattleGround' with GeneratedClass '/Game/Levels/BattleGround.BattleGround_C' with ClassGeneratedBy '/Game/Levels/BattleGround.BattleGround:PersistentLevel.BattleGround'
[2017.04.24-20.29.01:330][760]LogBlueprintUserMessages: Late EndPlayMap Detection: Level '/Game/Levels/BattleGround.BattleGround:PersistentLevel' has LevelScriptBlueprint '/Game/Levels/BattleGround.BattleGround:PersistentLevel.BattleGround' with GeneratedClass '/Game/Levels/BattleGround.BattleGround_C' with ClassGeneratedBy '/Game/Levels/BattleGround.BattleGround:PersistentLevel.BattleGround'
[2017.04.24-20.29.04:376][865]LogSlate: Took 0.005855 seconds to synchronously load lazily loaded font '../../../Engine/Content/Slate/Fonts/Roboto-Light.ttf' (159K)
[2017.04.24-20.29.07:407][946]LogSlate: Took 0.000152 seconds to synchronously load lazily loaded font '../../../Engine/Content/Slate/Fonts/Roboto-Light.ttf' (159K)
[2017.04.24-20.29.08:028][946]LogSlate: Took 0.000382 seconds to synchronously load lazily loaded font '../../../Engine/Content/Slate/Fonts/Roboto-Regular.ttf' (155K)
[2017.04.24-20.29.08:228][946]LogContentBrowser: Native class hierarchy updated for 'BlueprintGraph' in 0.0043 seconds. Added 112 classes and 0 folders.
[2017.04.24-20.29.09:403][946]LogSlate: Took 0.005321 seconds to synchronously load lazily loaded font '../../../Engine/Content/Editor/Slate/Fonts/Roboto-BoldCondensed.ttf' (158K)
[2017.04.24-20.29.09:670][947]LogSlate: Took 0.005517 seconds to synchronously load lazily loaded font '../../../Engine/Content/Editor/Slate/Fonts/Roboto-Italic.ttf' (157K)
[2017.04.24-20.29.20:736][257]LogTemp: Repeting last play command: Selected Viewport
[2017.04.24-20.29.20:770][257]LogBlueprintUserMessages: Early PlayInEditor Detection: Level '/Game/Levels/BattleGround.BattleGround:PersistentLevel' has LevelScriptBlueprint '/Game/Levels/BattleGround.BattleGround:PersistentLevel.BattleGround' with GeneratedClass '/Game/Levels/BattleGround.BattleGround_C' with ClassGeneratedBy '/Game/Levels/BattleGround.BattleGround:PersistentLevel.BattleGround'
[2017.04.24-20.29.20:771][257]LogPlayLevel: PlayLevel: No blueprints needed recompiling
[2017.04.24-20.29.20:771][257]PIE: New page: PIE session: BattleGround (Apr 24, 2017, 10:29:20 PM)
[2017.04.24-20.29.20:771][257]LogPlayLevel: Creating play world package: /Game/Levels/UEDPIE_0_BattleGround
[2017.04.24-20.29.20:788][257]LogPlayLevel: PIE: StaticDuplicateObject took: (0.016373s)
[2017.04.24-20.29.20:789][257]LogAIModule: Creating AISystem for world BattleGround
[2017.04.24-20.29.20:789][257]LogPlayLevel: PIE: World Init took: (0.001245s)
[2017.04.24-20.29.20:790][257]LogPlayLevel: PIE: Created PIE world by copying editor world from /Game/Levels/BattleGround.BattleGround to /Game/Levels/UEDPIE_0_BattleGround.BattleGround (0.018400s)
[2017.04.24-20.29.20:821][257]LogInit: XAudio2 using 'Speakers (2- High Definition Audio Device)' : 2 channels at 44.1 kHz using 16 bits per sample (channel mask 0x3)
[2017.04.24-20.29.20:829][257]LogInit: FAudioDevice initialized.
[2017.04.24-20.29.20:859][257]LogLoad: Game class is 'BattleTankGameMode_BP_C'
[2017.04.24-20.29.20:867][257]LogWorld: Bringing World /Game/Levels/UEDPIE_0_BattleGround.BattleGround up for play (max tick rate 0) at 2017.04.24-21.29.20
[2017.04.24-20.29.20:868][257]LogWorld: Bringing up level for play took: 0.008173
[2017.04.24-20.29.20:872][257]LogTemp:Warning: Tank_BP_C_0 has possessed by Player
[2017.04.24-20.29.20:873][257]PIE: Info Play in editor start time for /Game/Levels/UEDPIE_0_BattleGround -0.776
[2017.04.24-20.29.20:873][257]LogBlueprintUserMessages: Late PlayInEditor Detection: Level '/Game/Levels/BattleGround.BattleGround:PersistentLevel' has LevelScriptBlueprint '/Game/Levels/BattleGround.BattleGround:PersistentLevel.BattleGround' with GeneratedClass '/Game/Levels/BattleGround.BattleGround_C' with ClassGeneratedBy '/Game/Levels/BattleGround.BattleGround:PersistentLevel.BattleGround'
[2017.04.24-20.29.28:020][571]LogBlueprintUserMessages: Early EndPlayMap Detection: Level '/Game/Levels/BattleGround.BattleGround:PersistentLevel' has LevelScriptBlueprint '/Game/Levels/BattleGround.BattleGround:PersistentLevel.BattleGround' with GeneratedClass '/Game/Levels/BattleGround.BattleGround_C' with ClassGeneratedBy '/Game/Levels/BattleGround.BattleGround:PersistentLevel.BattleGround'
[2017.04.24-20.29.28:072][571]LogBlueprintUserMessages: Late EndPlayMap Detection: Level '/Game/Levels/BattleGround.BattleGround:PersistentLevel' has LevelScriptBlueprint '/Game/Levels/BattleGround.BattleGround:PersistentLevel.BattleGround' with GeneratedClass '/Game/Levels/BattleGround.BattleGround_C' with ClassGeneratedBy '/Game/Levels/BattleGround.BattleGround:PersistentLevel.BattleGround'
[2017.04.24-20.29.29:244][613]LogTemp: Repeting last play command: Selected Viewport
[2017.04.24-20.29.29:267][613]LogBlueprintUserMessages: Early PlayInEditor Detection: Level '/Game/Levels/BattleGround.BattleGround:PersistentLevel' has LevelScriptBlueprint '/Game/Levels/BattleGround.BattleGround:PersistentLevel.BattleGround' with GeneratedClass '/Game/Levels/BattleGround.BattleGround_C' with ClassGeneratedBy '/Game/Levels/BattleGround.BattleGround:PersistentLevel.BattleGround'
[2017.04.24-20.29.29:267][613]LogPlayLevel: PlayLevel: No blueprints needed recompiling
[2017.04.24-20.29.29:268][613]PIE: New page: PIE session: BattleGround (Apr 24, 2017, 10:29:29 PM)
[2017.04.24-20.29.29:268][613]LogPlayLevel: Creating play world package: /Game/Levels/UEDPIE_0_BattleGround
[2017.04.24-20.29.29:281][613]LogPlayLevel: PIE: StaticDuplicateObject took: (0.013500s)
[2017.04.24-20.29.29:282][613]LogAIModule: Creating AISystem for world BattleGround
[2017.04.24-20.29.29:283][613]LogPlayLevel: PIE: World Init took: (0.001181s)
[2017.04.24-20.29.29:283][613]LogPlayLevel: PIE: Created PIE world by copying editor world from /Game/Levels/BattleGround.BattleGround to /Game/Levels/UEDPIE_0_BattleGround.BattleGround (0.015323s)
[2017.04.24-20.29.29:308][613]LogInit: XAudio2 using 'Speakers (2- High Definition Audio Device)' : 2 channels at 44.1 kHz using 16 bits per sample (channel mask 0x3)
[2017.04.24-20.29.29:316][613]LogInit: FAudioDevice initialized.
[2017.04.24-20.29.29:356][613]LogLoad: Game class is 'BattleTankGameMode_BP_C'
[2017.04.24-20.29.29:365][613]LogWorld: Bringing World /Game/Levels/UEDPIE_0_BattleGround.BattleGround up for play (max tick rate 0) at 2017.04.24-21.29.29
[2017.04.24-20.29.29:367][613]LogWorld: Bringing up level for play took: 0.009027
[2017.04.24-20.29.29:374][613]LogTemp:Warning: Tank_BP_C_0 has possessed by Player
[2017.04.24-20.29.29:375][613]PIE: Info Play in editor start time for /Game/Levels/UEDPIE_0_BattleGround -0.274
[2017.04.24-20.29.29:375][613]LogBlueprintUserMessages: Late PlayInEditor Detection: Level '/Game/Levels/BattleGround.BattleGround:PersistentLevel' has LevelScriptBlueprint '/Game/Levels/BattleGround.BattleGround:PersistentLevel.BattleGround' with GeneratedClass '/Game/Levels/BattleGround.BattleGround_C' with ClassGeneratedBy '/Game/Levels/BattleGround.BattleGround:PersistentLevel.BattleGround'
[2017.04.24-20.29.32:834][771]LogBlueprintUserMessages: Early EndPlayMap Detection: Level '/Game/Levels/BattleGround.BattleGround:PersistentLevel' has LevelScriptBlueprint '/Game/Levels/BattleGround.BattleGround:PersistentLevel.BattleGround' with GeneratedClass '/Game/Levels/BattleGround.BattleGround_C' with ClassGeneratedBy '/Game/Levels/BattleGround.BattleGround:PersistentLevel.BattleGround'
[2017.04.24-20.29.32:885][771]LogBlueprintUserMessages: Late EndPlayMap Detection: Level '/Game/Levels/BattleGround.BattleGround:PersistentLevel' has LevelScriptBlueprint '/Game/Levels/BattleGround.BattleGround:PersistentLevel.BattleGround' with GeneratedClass '/Game/Levels/BattleGround.BattleGround_C' with ClassGeneratedBy '/Game/Levels/BattleGround.BattleGround:PersistentLevel.BattleGround'
[2017.04.24-20.29.44:075][877]Recompiling BattleTank...
[2017.04.24-20.29.44:075][877]Launching UnrealBuildTool... [C:/Program Files/Epic Games/UE_4.15/Engine/Binaries/DotNET/UnrealBuildTool.exe BattleTank -ModuleWithSuffix BattleTank 584 Win64 Development -editorrecompile -canskiplink "C:/Users/Sarah/Documents/Unreal Projects/04_BattleTank/BattleTank/BattleTank.uproject" ]
[2017.04.24-20.29.44:078][877]Warning: Starting HotReload took  0.0s.
[2017.04.24-20.29.58:763][329]CompilerResultsLog: New page: Compilation - Apr 24, 2017, 10:29:58 PM
[2017.04.24-20.29.58:763][329]CompilerResultsLog: Info Compiling game modules for hot reload
[2017.04.24-20.29.58:763][329]CompilerResultsLog: Info Performing 3 actions (4 in parallel)
[2017.04.24-20.29.58:764][329]CompilerResultsLog: Info TankMovementComponent.cpp
[2017.04.24-20.29.58:764][329]CompilerResultsLog:Error: Error C:\Users\Sarah\Documents\Unreal Projects\04_BattleTank\BattleTank\Source\BattleTank\Private\TankMovementComponent.cpp(8) : warning C4458: declaration of 'Throw' hides class member
[2017.04.24-20.29.58:764][329]CompilerResultsLog:Error: Error C:\Users\Sarah\Documents\Unreal Projects\04_BattleTank\BattleTank\Source\BattleTank\Public\TankMovementComponent.h(19) : note: see declaration of 'UTankMovementComponent::Throw'
[2017.04.24-20.29.58:765][329]CompilerResultsLog: Info [2/3] Link UE4Editor-BattleTank-584.dll
[2017.04.24-20.29.58:765][329]CompilerResultsLog: Info [3/3] Link UE4Editor-BattleTank-584.lib
[2017.04.24-20.29.58:765][329]CompilerResultsLog: Info    Creating library C:\Users\Sarah\Documents\Unreal Projects\04_BattleTank\BattleTank\Intermediate\Build\Win64\UE4Editor\Development\UE4Editor-BattleTank-584.lib and object C:\Users\Sarah\Documents\Unreal Projects\04_BattleTank\BattleTank\Intermediate\Build\Win64\UE4Editor\Development\UE4Editor-BattleTank-584.exp
[2017.04.24-20.29.58:766][329]CompilerResultsLog: Info    Creating library C:\Users\Sarah\Documents\Unreal Projects\04_BattleTank\BattleTank\Intermediate\Build\Win64\UE4Editor\Development\UE4Editor-BattleTank-584.suppressed.lib and object C:\Users\Sarah\Documents\Unreal Projects\04_BattleTank\BattleTank\Intermediate\Build\Win64\UE4Editor\Development\UE4Editor-BattleTank-584.suppressed.exp
[2017.04.24-20.29.58:766][329]CompilerResultsLog: Info Total build time: 14.34 seconds (Local executor: 13.40 seconds)
[2017.04.24-20.29.58:767][329]LogMainFrame: MainFrame: Module compiling took 14.716 seconds
[2017.04.24-20.29.58:984][329]LogContentBrowser: Native class hierarchy updated for 'BattleTank' in 0.0038 seconds. Added 11 classes and 3 folders.
[2017.04.24-20.29.58:986][329]Display: HotReload successful (5 functions remapped  0 scriptstructs remapped)
[2017.04.24-20.29.59:445][329]LogContentBrowser: Native class hierarchy populated in 0.0150 seconds. Added 2257 classes and 457 folders.
[2017.04.24-20.29.59:445][329]Display: HotReload took 15.4s.
[2017.04.24-20.30.03:967][473]LogTemp: Repeting last play command: Selected Viewport
[2017.04.24-20.30.03:989][473]LogBlueprintUserMessages: Early PlayInEditor Detection: Level '/Game/Levels/BattleGround.BattleGround:PersistentLevel' has LevelScriptBlueprint '/Game/Levels/BattleGround.BattleGround:PersistentLevel.BattleGround' with GeneratedClass '/Game/Levels/BattleGround.BattleGround_C' with ClassGeneratedBy '/Game/Levels/BattleGround.BattleGround:PersistentLevel.BattleGround'
[2017.04.24-20.30.03:989][473]LogPlayLevel: PlayLevel: No blueprints needed recompiling
[2017.04.24-20.30.03:989][473]PIE: New page: PIE session: BattleGround (Apr 24, 2017, 10:30:03 PM)
[2017.04.24-20.30.03:990][473]LogPlayLevel: Creating play world package: /Game/Levels/UEDPIE_0_BattleGround
[2017.04.24-20.30.04:006][473]LogPlayLevel: PIE: StaticDuplicateObject took: (0.015837s)
[2017.04.24-20.30.04:007][473]LogAIModule: Creating AISystem for world BattleGround
[2017.04.24-20.30.04:007][473]LogPlayLevel: PIE: World Init took: (0.001110s)
[2017.04.24-20.30.04:007][473]LogPlayLevel: PIE: Created PIE world by copying editor world from /Game/Levels/BattleGround.BattleGround to /Game/Levels/UEDPIE_0_BattleGround.BattleGround (0.017556s)
[2017.04.24-20.30.04:079][473]LogInit: XAudio2 using 'Speakers (2- High Definition Audio Device)' : 2 channels at 44.1 kHz using 16 bits per sample (channel mask 0x3)
[2017.04.24-20.30.04:091][473]LogInit: FAudioDevice initialized.
[2017.04.24-20.30.04:125][473]LogLoad: Game class is 'BattleTankGameMode_BP_C'
[2017.04.24-20.30.04:131][473]LogWorld: Bringing World /Game/Levels/UEDPIE_0_BattleGround.BattleGround up for play (max tick rate 0) at 2017.04.24-21.30.04
[2017.04.24-20.30.04:132][473]LogWorld: Bringing up level for play took: 0.005646
[2017.04.24-20.30.04:135][473]LogTemp:Warning: Tank_BP_C_0 has possessed by Player
[2017.04.24-20.30.04:136][473]PIE: Info Play in editor start time for /Game/Levels/UEDPIE_0_BattleGround 0.487
[2017.04.24-20.30.04:136][473]LogBlueprintUserMessages: Late PlayInEditor Detection: Level '/Game/Levels/BattleGround.BattleGround:PersistentLevel' has LevelScriptBlueprint '/Game/Levels/BattleGround.BattleGround:PersistentLevel.BattleGround' with GeneratedClass '/Game/Levels/BattleGround.BattleGround_C' with ClassGeneratedBy '/Game/Levels/BattleGround.BattleGround:PersistentLevel.BattleGround'
[2017.04.24-20.30.04:137][473]LogTemp:Warning: Movement Component: Intend move forwards 0.000000
[2017.04.24-20.30.04:172][474]LogTemp:Warning: Movement Component: Intend move forwards 0.000000
[2017.04.24-20.30.04:203][475]LogTemp:Warning: Movement Component: Intend move forwards 0.000000
[2017.04.24-20.30.04:237][476]LogTemp:Warning: Movement Component: Intend move forwards 0.000000
[2017.04.24-20.30.04:264][477]LogTemp:Warning: Movement Component: Intend move forwards 0.000000
[2017.04.24-20.30.04:291][478]LogTemp:Warning: Movement Component: Intend move forwards 0.000000
[2017.04.24-20.30.04:315][479]LogTemp:Warning: Movement Component: Intend move forwards 0.000000
[2017.04.24-20.30.04:340][480]LogTemp:Warning: Movement Component: Intend move forwards 0.000000
[2017.04.24-20.30.04:365][481]LogTemp:Warning: Movement Component: Intend move forwards 0.000000
[2017.04.24-20.30.04:391][482]LogTemp:Warning: Movement Component: Intend move forwards 0.000000
[2017.04.24-20.30.04:415][483]LogTemp:Warning: Movement Component: Intend move forwards 0.000000
[2017.04.24-20.30.04:441][484]LogTemp:Warning: Movement Component: Intend move forwards 0.000000
[2017.04.24-20.30.04:466][485]LogTemp:Warning: Movement Component: Intend move forwards 0.000000
[2017.04.24-20.30.04:492][486]LogTemp:Warning: Movement Component: Intend move forwards 0.000000
[2017.04.24-20.30.04:518][487]LogTemp:Warning: Movement Component: Intend move forwards 0.000000
[2017.04.24-20.30.04:543][488]LogTemp:Warning: Movement Component: Intend move forwards 0.000000
[2017.04.24-20.30.04:566][489]LogTemp:Warning: Movement Component: Intend move forwards 0.000000
[2017.04.24-20.30.04:591][490]LogTemp:Warning: Movement Component: Intend move forwards 0.000000
[2017.04.24-20.30.04:618][491]LogTemp:Warning: Movement Component: Intend move forwards 0.000000
[2017.04.24-20.30.04:643][492]LogTemp:Warning: Movement Component: Intend move forwards 0.000000
[2017.04.24-20.30.04:669][493]LogTemp:Warning: Movement Component: Intend move forwards 0.000000
[2017.04.24-20.30.04:693][494]LogTemp:Warning: Movement Component: Intend move forwards 0.000000
[2017.04.24-20.30.04:717][495]LogTemp:Warning: Movement Component: Intend move forwards 0.000000
[2017.04.24-20.30.04:743][496]LogTemp:Warning: Movement Component: Intend move forwards 0.000000
[2017.04.24-20.30.04:766][497]LogTemp:Warning: Movement Component: Intend move forwards 0.000000
[2017.04.24-20.30.04:792][498]LogTemp:Warning: Movement Component: Intend move forwards 0.000000
[2017.04.24-20.30.04:819][499]LogTemp:Warning: Movement Component: Intend move forwards 0.000000
[2017.04.24-20.30.04:843][500]LogTemp:Warning: Movement Component: Intend move forwards 0.000000
[2017.04.24-20.30.04:868][501]LogTemp:Warning: Movement Component: Intend move forwards 0.000000
[2017.04.24-20.30.04:892][502]LogTemp:Warning: Movement Component: Intend move forwards 0.000000
[2017.04.24-20.30.04:917][503]LogTemp:Warning: Movement Component: Intend move forwards 0.000000
[2017.04.24-20.30.04:942][504]LogTemp:Warning: Movement Component: Intend move forwards 0.000000
[2017.04.24-20.30.04:966][505]LogTemp:Warning: Movement Component: Intend move forwards 0.000000
[2017.04.24-20.30.04:991][506]LogTemp:Warning: Movement Component: Intend move forwards 0.000000
[2017.04.24-20.30.05:016][507]LogTemp:Warning: Movement Component: Intend move forwards 0.000000
[2017.04.24-20.30.05:039][508]LogTemp:Warning: Movement Component: Intend move forwards 0.000000
[2017.04.24-20.30.05:063][509]LogTemp:Warning: Movement Component: Intend move forwards 0.000000
[2017.04.24-20.30.05:087][510]LogTemp:Warning: Movement Component: Intend move forwards 0.000000
[2017.04.24-20.30.05:111][511]LogTemp:Warning: Movement Component: Intend move forwards 0.000000
[2017.04.24-20.30.05:136][512]LogTemp:Warning: Movement Component: Intend move forwards 0.000000
[2017.04.24-20.30.05:159][513]LogTemp:Warning: Movement Component: Intend move forwards 0.000000
[2017.04.24-20.30.05:183][514]LogTemp:Warning: Movement Component: Intend move forwards 0.000000
[2017.04.24-20.30.05:208][515]LogTemp:Warning: Movement Component: Intend move forwards 0.000000
[2017.04.24-20.30.05:232][516]LogTemp:Warning: Movement Component: Intend move forwards 0.000000
[2017.04.24-20.30.05:256][517]LogTemp:Warning: Movement Component: Intend move forwards 0.000000
[2017.04.24-20.30.05:281][518]LogTemp:Warning: Movement Component: Intend move forwards 0.000000
[2017.04.24-20.30.05:306][519]LogTemp:Warning: Movement Component: Intend move forwards 0.000000
[2017.04.24-20.30.05:332][520]LogTemp:Warning: Movement Component: Intend move forwards 1.000000
[2017.04.24-20.30.05:357][521]LogTemp:Warning: Movement Component: Intend move forwards 1.000000
[2017.04.24-20.30.05:383][522]LogTemp:Warning: Movement Component: Intend move forwards 1.000000
[2017.04.24-20.30.05:408][523]LogTemp:Warning: Movement Component: Intend move forwards 1.000000
[2017.04.24-20.30.05:431][524]LogTemp:Warning: Movement Component: Intend move forwards 1.000000
[2017.04.24-20.30.05:456][525]LogTemp:Warning: Movement Component: Intend move forwards 1.000000
[2017.04.24-20.30.05:480][526]LogTemp:Warning: Movement Component: Intend move forwards 1.000000
[2017.04.24-20.30.05:505][527]LogTemp:Warning: Movement Component: Intend move forwards 1.000000
[2017.04.24-20.30.05:528][528]LogTemp:Warning: Movement Component: Intend move forwards 1.000000
[2017.04.24-20.30.05:552][529]LogTemp:Warning: Movement Component: Intend move forwards 1.000000
[2017.04.24-20.30.05:576][530]LogTemp:Warning: Movement Component: Intend move forwards 1.000000
[2017.04.24-20.30.05:601][531]LogTemp:Warning: Movement Component: Intend move forwards 1.000000
[2017.04.24-20.30.05:624][532]LogTemp:Warning: Movement Component: Intend move forwards 1.000000
[2017.04.24-20.30.05:648][533]LogTemp:Warning: Movement Component: Intend move forwards 1.000000
[2017.04.24-20.30.05:671][534]LogTemp:Warning: Movement Component: Intend move forwards 1.000000
[2017.04.24-20.30.05:695][535]LogTemp:Warning: Movement Component: Intend move forwards 1.000000
[2017.04.24-20.30.05:718][536]LogTemp:Warning: Movement Component: Intend move forwards 1.000000
[2017.04.24-20.30.05:742][537]LogTemp:Warning: Movement Component: Intend move forwards 1.000000
[2017.04.24-20.30.05:766][538]LogTemp:Warning: Movement Component: Intend move forwards 0.000000
[2017.04.24-20.30.05:798][539]LogTemp:Warning: Movement Component: Intend move forwards 0.000000
[2017.04.24-20.30.05:807][540]LogTemp:Warning: Movement Component: Intend move forwards 0.000000
[2017.04.24-20.30.05:816][541]LogTemp:Warning: Movement Component: Intend move forwards 0.000000
[2017.04.24-20.30.05:839][542]LogTemp:Warning: Movement Component: Intend move forwards -1.000000
[2017.04.24-20.30.05:862][543]LogTemp:Warning: Movement Component: Intend move forwards -1.000000
[2017.04.24-20.30.05:884][544]LogTemp:Warning: Movement Component: Intend move forwards -1.000000
[2017.04.24-20.30.05:907][545]LogTemp:Warning: Movement Component: Intend move forwards -1.000000
[2017.04.24-20.30.05:929][546]LogTemp:Warning: Movement Component: Intend move forwards -1.000000
[2017.04.24-20.30.05:952][547]LogTemp:Warning: Movement Component: Intend move forwards -1.000000
[2017.04.24-20.30.05:975][548]LogTemp:Warning: Movement Component: Intend move forwards -1.000000
[2017.04.24-20.30.05:998][549]LogTemp:Warning: Movement Component: Intend move forwards -1.000000
[2017.04.24-20.30.06:020][550]LogTemp:Warning: Movement Component: Intend move forwards -1.000000
[2017.04.24-20.30.06:042][551]LogTemp:Warning: Movement Component: Intend move forwards -1.000000
[2017.04.24-20.30.06:065][552]LogTemp:Warning: Movement Component: Intend move forwards -1.000000
[2017.04.24-20.30.06:088][553]LogTemp:Warning: Movement Component: Intend move forwards -1.000000
[2017.04.24-20.30.06:110][554]LogTemp:Warning: Movement Component: Intend move forwards -1.000000
[2017.04.24-20.30.06:132][555]LogTemp:Warning: Movement Component: Intend move forwards -1.000000
[2017.04.24-20.30.06:154][556]LogTemp:Warning: Movement Component: Intend move forwards -1.000000
[2017.04.24-20.30.06:178][557]LogTemp:Warning: Movement Component: Intend move forwards -1.000000
[2017.04.24-20.30.06:199][558]LogTemp:Warning: Movement Component: Intend move forwards -1.000000
[2017.04.24-20.30.06:222][559]LogTemp:Warning: Movement Component: Intend move forwards -1.000000
[2017.04.24-20.30.06:245][560]LogTemp:Warning: Movement Component: Intend move forwards -1.000000
[2017.04.24-20.30.06:268][561]LogTemp:Warning: Movement Component: Intend move forwards -1.000000
[2017.04.24-20.30.06:290][562]LogTemp:Warning: Movement Component: Intend move forwards 0.000000
[2017.04.24-20.30.06:312][563]LogTemp:Warning: Movement Component: Intend move forwards 0.000000
[2017.04.24-20.30.06:335][564]LogTemp:Warning: Movement Component: Intend move forwards 0.000000
[2017.04.24-20.30.06:357][565]LogTemp:Warning: Movement Component: Intend move forwards 0.000000
[2017.04.24-20.30.06:380][566]LogTemp:Warning: Movement Component: Intend move forwards 0.000000
[2017.04.24-20.30.06:402][567]LogTemp:Warning: Movement Component: Intend move forwards 0.000000
[2017.04.24-20.30.06:424][568]LogTemp:Warning: Movement Component: Intend move forwards 0.000000
[2017.04.24-20.30.06:446][569]LogTemp:Warning: Movement Component: Intend move forwards 0.000000
[2017.04.24-20.30.06:469][570]LogTemp:Warning: Movement Component: Intend move forwards 0.000000
[2017.04.24-20.30.06:491][571]LogTemp:Warning: Movement Component: Intend move forwards 0.000000
[2017.04.24-20.30.06:513][572]LogTemp:Warning: Movement Component: Intend move forwards 0.000000
[2017.04.24-20.30.06:536][573]LogTemp:Warning: Movement Component: Intend move forwards 0.000000
[2017.04.24-20.30.06:558][574]LogTemp:Warning: Movement Component: Intend move forwards 0.000000
[2017.04.24-20.30.06:581][575]LogTemp:Warning: Movement Component: Intend move forwards 0.000000
[2017.04.24-20.30.06:603][576]LogTemp:Warning: Movement Component: Intend move forwards 0.000000
[2017.04.24-20.30.06:626][577]LogTemp:Warning: Movement Component: Intend move forwards 0.000000
[2017.04.24-20.30.06:648][578]LogTemp:Warning: Movement Component: Intend move forwards 0.000000
[2017.04.24-20.30.06:673][579]LogTemp:Warning: Movement Component: Intend move forwards 0.000000
[2017.04.24-20.30.06:694][580]LogTemp:Warning: Movement Component: Intend move forwards 0.000000
[2017.04.24-20.30.06:716][581]LogTemp:Warning: Movement Component: Intend move forwards 0.000000
[2017.04.24-20.30.06:740][582]LogTemp:Warning: Movement Component: Intend move forwards 0.000000
[2017.04.24-20.30.06:761][583]LogTemp:Warning: Movement Component: Intend move forwards 0.000000
[2017.04.24-20.30.06:783][584]LogTemp:Warning: Movement Component: Intend move forwards 0.000000
[2017.04.24-20.30.06:805][585]LogTemp:Warning: Movement Component: Intend move forwards 0.000000
[2017.04.24-20.30.06:828][586]LogTemp:Warning: Movement Component: Intend move forwards 0.000000
[2017.04.24-20.30.06:851][587]LogTemp:Warning: Movement Component: Intend move forwards 0.000000
[2017.04.24-20.30.06:874][588]LogTemp:Warning: Movement Component: Intend move forwards 0.000000
[2017.04.24-20.30.06:876][588]LogBlueprintUserMessages: Early EndPlayMap Detection: Level '/Game/Levels/BattleGround.BattleGround:PersistentLevel' has LevelScriptBlueprint '/Game/Levels/BattleGround.BattleGround:PersistentLevel.BattleGround' with GeneratedClass '/Game/Levels/BattleGround.BattleGround_C' with ClassGeneratedBy '/Game/Levels/BattleGround.BattleGround:PersistentLevel.BattleGround'
[2017.04.24-20.30.06:926][588]LogBlueprintUserMessages: Late EndPlayMap Detection: Level '/Game/Levels/BattleGround.BattleGround:PersistentLevel' has LevelScriptBlueprint '/Game/Levels/BattleGround.BattleGround:PersistentLevel.BattleGround' with GeneratedClass '/Game/Levels/BattleGround.BattleGround_C' with ClassGeneratedBy '/Game/Levels/BattleGround.BattleGround:PersistentLevel.BattleGround'
[2017.04.24-20.30.19:497][989]LogWindowsTextInputMethodSystem:Display: IME system now deactivated.
[2017.04.24-20.30.19:729][990]Cmd: QUIT_EDITOR
[2017.04.24-20.30.20:405][990]LogExit: Preparing to exit.
[2017.04.24-20.30.21:423][990]LogDirectoryWatcher: A directory notification for 'C:/Users/Sarah/Documents/Unreal Projects/04_BattleTank/BattleTank/Content/' was aborted.
[2017.04.24-20.30.21:484][990]LogExit: Editor shut down
[2017.04.24-20.30.21:485][990]LogExit: Transaction tracking system shut down
[2017.04.24-20.30.21:675][990]LogObj: Freed 0b from 0 cluster array pools.
[2017.04.24-20.30.21:675][990]LogExit: Object subsystem successfully closed.
[2017.04.24-20.30.21:704][990]LogD3D11RHI: Shutdown
[2017.04.24-20.30.21:704][990]LogD3D11RHI: CleanupD3DDevice
[2017.04.24-20.30.21:826][990]LogD3D11RHI: ~FD3D11DynamicRHI
[2017.04.24-20.30.21:883][990]LogModuleManager: Shutting down and abandoning module BattleTank (505)
[2017.04.24-20.30.21:883][990]LogModuleManager: Shutting down and abandoning module BlueprintGraph (504)
[2017.04.24-20.30.21:884][990]LogModuleManager: Shutting down and abandoning module BlueprintProfiler (502)
[2017.04.24-20.30.21:886][990]LogModuleManager: Shutting down and abandoning module MovieSceneCapture (500)
[2017.04.24-20.30.21:886][990]LogModuleManager: Shutting down and abandoning module HierarchicalLODOutliner (498)
[2017.04.24-20.30.21:887][990]LogModuleManager: Shutting down and abandoning module CrashTracker (496)
[2017.04.24-20.30.21:887][990]LogModuleManager: Shutting down and abandoning module SceneOutliner (494)
[2017.04.24-20.30.21:887][990]LogModuleManager: Shutting down and abandoning module AddContentDialog (492)
[2017.04.24-20.30.21:887][990]LogDirectoryWatcher: A directory notification for 'C:/Program Files/Epic Games/UE_4.15/FeaturePacks/' was aborted.
[2017.04.24-20.30.21:889][990]LogModuleManager: Shutting down and abandoning module WidgetCarousel (491)
[2017.04.24-20.30.21:889][990]LogModuleManager: Shutting down and abandoning module EditorWidgets (488)
[2017.04.24-20.30.21:889][990]LogModuleManager: Shutting down and abandoning module CollectionManager (486)
[2017.04.24-20.30.21:890][990]LogDirectoryWatcher: A directory notification for 'C:/Users/Sarah/Documents/Unreal Projects/04_BattleTank/BattleTank/Content/Collections/' was aborted.
[2017.04.24-20.30.21:890][990]LogDirectoryWatcher: A directory notification for 'C:/Users/Sarah/Documents/Unreal Projects/04_BattleTank/BattleTank/Content/Developers/Sarah/Collections/' was aborted.
[2017.04.24-20.30.21:890][990]LogDirectoryWatcher: A directory notification for 'C:/Users/Sarah/Documents/Unreal Projects/04_BattleTank/BattleTank/Saved/Collections/' was aborted.
[2017.04.24-20.30.21:890][990]LogModuleManager: Shutting down and abandoning module StatsViewer (484)
[2017.04.24-20.30.21:892][990]LogModuleManager: Shutting down and abandoning module FoliageEdit (482)
[2017.04.24-20.30.21:892][990]LogModuleManager: Shutting down and abandoning module LandscapeEditor (480)
[2017.04.24-20.30.21:893][990]LogModuleManager: Shutting down and abandoning module SceneDepthPickerMode (478)
[2017.04.24-20.30.21:893][990]LogModuleManager: Shutting down and abandoning module ActorPickerMode (476)
[2017.04.24-20.30.21:893][990]LogModuleManager: Shutting down and abandoning module GeometryMode (474)
[2017.04.24-20.30.21:893][990]LogModuleManager: Shutting down and abandoning module TextureAlignMode (472)
[2017.04.24-20.30.21:893][990]LogModuleManager: Shutting down and abandoning module BspMode (470)
[2017.04.24-20.30.21:894][990]LogModuleManager: Shutting down and abandoning module HardwareSurvey (468)
[2017.04.24-20.30.21:895][990]LogModuleManager: Shutting down and abandoning module SequenceRecorderSections (466)
[2017.04.24-20.30.21:895][990]LogModuleManager: Shutting down and abandoning module AutomationWorker (464)
[2017.04.24-20.30.21:896][990]LogModuleManager: Shutting down and abandoning module MatineeToLevelSequence (462)
[2017.04.24-20.30.21:897][990]LogModuleManager: Shutting down and abandoning module LevelSequenceEditor (460)
[2017.04.24-20.30.21:899][990]LogModuleManager: Shutting down and abandoning module PlacementMode (459)
[2017.04.24-20.30.21:899][990]LogModuleManager: Shutting down and abandoning module WmfMediaFactory (456)
[2017.04.24-20.30.21:899][990]LogModuleManager: Shutting down and abandoning module WmfMediaEditor (454)
[2017.04.24-20.30.21:899][990]LogModuleManager: Shutting down and abandoning module MfMediaFactory (452)
[2017.04.24-20.30.21:899][990]LogModuleManager: Shutting down and abandoning module MfMediaEditor (450)
[2017.04.24-20.30.21:899][990]LogModuleManager: Shutting down and abandoning module AvfMediaFactory (448)
[2017.04.24-20.30.21:899][990]LogModuleManager: Shutting down and abandoning module AvfMediaEditor (446)
[2017.04.24-20.30.21:899][990]LogModuleManager: Shutting down and abandoning module AndroidMediaFactory (444)
[2017.04.24-20.30.21:899][990]LogModuleManager: Shutting down and abandoning module Media (443)
[2017.04.24-20.30.21:899][990]LogModuleManager: Shutting down and abandoning module AndroidMediaEditor (440)
[2017.04.24-20.30.21:899][990]LogModuleManager: Shutting down and abandoning module CharacterAI (438)
[2017.04.24-20.30.21:899][990]LogModuleManager: Shutting down and abandoning module AudioCapture (436)
[2017.04.24-20.30.21:900][990]LogModuleManager: Shutting down and abandoning module SequenceRecorder (435)
[2017.04.24-20.30.21:902][990]LogModuleManager: Shutting down and abandoning module SmartSnapping (432)
[2017.04.24-20.30.21:902][990]LogModuleManager: Shutting down and abandoning module SessionServices (430)
[2017.04.24-20.30.21:902][990]LogModuleManager: Shutting down and abandoning module ViewportSnapping (428)
[2017.04.24-20.30.21:902][990]LogModuleManager: Shutting down and abandoning module ViewportInteraction (426)
[2017.04.24-20.30.21:902][990]LogModuleManager: Shutting down and abandoning module LogVisualizer (424)
[2017.04.24-20.30.21:903][990]LogModuleManager: Shutting down and abandoning module IntroTutorials (422)
[2017.04.24-20.30.21:904][990]LogModuleManager: Shutting down and abandoning module GameProjectGeneration (421)
[2017.04.24-20.30.21:905][990]LogModuleManager: Shutting down and abandoning module EditorLiveStreaming (418)
[2017.04.24-20.30.21:905][990]LogModuleManager: Shutting down and abandoning module IOSPlatformEditor (416)
[2017.04.24-20.30.21:905][990]LogModuleManager: Shutting down and abandoning module HTML5PlatformEditor (414)
[2017.04.24-20.30.21:905][990]LogModuleManager: Shutting down and abandoning module AndroidPlatformEditor (412)
[2017.04.24-20.30.21:905][990]LogModuleManager: Shutting down and abandoning module AndroidDeviceDetection (411)
[2017.04.24-20.30.22:377][990]LogModuleManager: Shutting down and abandoning module IOSRuntimeSettings (408)
[2017.04.24-20.30.22:377][990]LogModuleManager: Shutting down and abandoning module AndroidRuntimeSettings (406)
[2017.04.24-20.30.22:377][990]LogModuleManager: Shutting down and abandoning module InputBindingEditor (404)
[2017.04.24-20.30.22:378][990]LogModuleManager: Shutting down and abandoning module NiagaraEditor (402)
[2017.04.24-20.30.22:380][990]LogModuleManager: Shutting down and abandoning module MergeActors (400)
[2017.04.24-20.30.22:381][990]LogModuleManager: Shutting down and abandoning module SizeMap (398)
[2017.04.24-20.30.22:382][990]LogModuleManager: Shutting down and abandoning module TreeMap (396)
[2017.04.24-20.30.22:383][990]LogModuleManager: Shutting down and abandoning module ReferenceViewer (394)
[2017.04.24-20.30.22:383][990]LogModuleManager: Shutting down and abandoning module LocalizationDashboard (392)
[2017.04.24-20.30.22:384][990]LogModuleManager: Shutting down and abandoning module LocalizationService (391)
[2017.04.24-20.30.22:384][990]LogModuleManager: Shutting down and abandoning module HardwareTargeting (388)
[2017.04.24-20.30.22:385][990]LogModuleManager: Shutting down and abandoning module DeviceProfileEditor (386)
[2017.04.24-20.30.22:385][990]LogModuleManager: Shutting down and abandoning module UndoHistory (384)
[2017.04.24-20.30.22:386][990]LogModuleManager: Shutting down and abandoning module UserFeedback (382)
[2017.04.24-20.30.22:386][990]LogModuleManager: Shutting down and abandoning module XmlParser (380)
[2017.04.24-20.30.22:386][990]LogModuleManager: Shutting down and abandoning module Blutility (378)
[2017.04.24-20.30.22:387][990]LogModuleManager: Shutting down and abandoning module ProjectSettingsViewer (376)
[2017.04.24-20.30.22:387][990]LogModuleManager: Shutting down and abandoning module ProjectTargetPlatformEditor (375)
[2017.04.24-20.30.22:388][990]LogModuleManager: Shutting down and abandoning module EditorSettingsViewer (372)
[2017.04.24-20.30.22:388][990]LogModuleManager: Shutting down and abandoning module SettingsEditor (370)
[2017.04.24-20.30.22:390][990]LogModuleManager: Shutting down and abandoning module ProjectLauncher (368)
[2017.04.24-20.30.22:391][990]LogModuleManager: Shutting down and abandoning module SessionFrontend (366)
[2017.04.24-20.30.22:393][990]LogModuleManager: Shutting down and abandoning module ProfilerClient (364)
[2017.04.24-20.30.22:394][990]LogModuleManager: Shutting down and abandoning module DeviceManager (362)
[2017.04.24-20.30.22:396][990]LogModuleManager: Shutting down and abandoning module TargetDeviceServices (361)
[2017.04.24-20.30.22:440][990]LogModuleManager: Shutting down and abandoning module AutomationController (358)
[2017.04.24-20.30.22:441][990]LogModuleManager: Shutting down and abandoning module AutomationWindow (356)
[2017.04.24-20.30.22:442][990]LogModuleManager: Shutting down and abandoning module Layers (354)
[2017.04.24-20.30.22:445][990]LogModuleManager: Shutting down and abandoning module ComponentVisualizers (352)
[2017.04.24-20.30.22:445][990]LogModuleManager: Shutting down and abandoning module DetailCustomizations (350)
[2017.04.24-20.30.22:447][990]LogModuleManager: Shutting down and abandoning module PackagesDialog (348)
[2017.04.24-20.30.22:448][990]LogModuleManager: Shutting down and abandoning module Persona (346)
[2017.04.24-20.30.22:450][990]LogModuleManager: Shutting down and abandoning module AnimGraph (345)
[2017.04.24-20.30.22:450][990]LogModuleManager: Shutting down and abandoning module Kismet (342)
[2017.04.24-20.30.22:459][990]LogModuleManager: Shutting down and abandoning module GraphEditor (340)
[2017.04.24-20.30.22:459][990]LogModuleManager: Shutting down and abandoning module ClassViewer (338)
[2017.04.24-20.30.22:460][990]LogModuleManager: Shutting down and abandoning module Toolbox (336)
[2017.04.24-20.30.22:461][990]LogModuleManager: Shutting down and abandoning module ModuleUI (334)
[2017.04.24-20.30.22:462][990]LogModuleManager: Shutting down and abandoning module MovieSceneTools (332)
[2017.04.24-20.30.22:463][990]LogModuleManager: Shutting down and abandoning module OutputLog (330)
[2017.04.24-20.30.22:463][990]LogModuleManager: Shutting down and abandoning module GammaUI (328)
[2017.04.24-20.30.22:463][990]LogModuleManager: Shutting down and abandoning module Documentation (326)
[2017.04.24-20.30.22:463][990]LogModuleManager: Shutting down and abandoning module Niagara (324)
[2017.04.24-20.30.22:463][990]LogModuleManager: Shutting down and abandoning module StreamingPauseRendering (322)
[2017.04.24-20.30.22:463][990]LogModuleManager: Shutting down and abandoning module AnalyticsET (320)
[2017.04.24-20.30.22:463][990]LogModuleManager: Shutting down and abandoning module PortalServices (318)
[2017.04.24-20.30.22:463][990]LogModuleManager: Shutting down and abandoning module PortalRpc (316)
[2017.04.24-20.30.22:463][990]LogModuleManager: Shutting down and abandoning module MessagingRpc (314)
[2017.04.24-20.30.22:463][990]LogModuleManager: Shutting down and abandoning module AIModule (312)
[2017.04.24-20.30.22:464][990]LogModuleManager: Shutting down and abandoning module GameplayDebugger (311)
[2017.04.24-20.30.22:464][990]LogModuleManager: Shutting down and abandoning module AITestSuite (309)
[2017.04.24-20.30.22:464][990]LogModuleManager: Shutting down and abandoning module ProfilerService (306)
[2017.04.24-20.30.22:591][990]LogModuleManager: Shutting down and abandoning module TaskGraph (304)
[2017.04.24-20.30.22:596][990]LogModuleManager: Shutting down and abandoning module SteamVRController (302)
[2017.04.24-20.30.22:596][990]LogModuleManager: Shutting down and abandoning module SteamVR (300)
[2017.04.24-20.30.22:596][990]LogModuleManager: Shutting down and abandoning module ProceduralMeshComponentEditor (298)
[2017.04.24-20.30.22:596][990]LogModuleManager: Shutting down and abandoning module ProceduralMeshComponent (296)
[2017.04.24-20.30.22:597][990]LogModuleManager: Shutting down and abandoning module OculusLibrary (294)
[2017.04.24-20.30.22:598][990]LogModuleManager: Shutting down and abandoning module OculusInput (292)
[2017.04.24-20.30.22:598][990]LogModuleManager: Shutting down and abandoning module MobilePatchingUtils (290)
[2017.04.24-20.30.22:598][990]LogModuleManager: Shutting down and abandoning module CustomMeshComponent (288)
[2017.04.24-20.30.22:598][990]LogModuleManager: Shutting down and abandoning module CableComponent (286)
[2017.04.24-20.30.22:598][990]LogModuleManager: Shutting down and abandoning module ArchVisCharacter (284)
[2017.04.24-20.30.22:598][990]LogModuleManager: Shutting down and abandoning module MediaPlayerEditor (280)
[2017.04.24-20.30.22:605][990]LogModuleManager: Shutting down and abandoning module HTML5Networking (278)
[2017.04.24-20.30.22:605][990]LogModuleManager: Shutting down and abandoning module AlembicImporter (276)
[2017.04.24-20.30.22:606][990]LogModuleManager: Shutting down and abandoning module AlembicLibrary (275)
[2017.04.24-20.30.22:606][990]LogModuleManager: Shutting down and abandoning module GeometryCache (274)
[2017.04.24-20.30.22:606][990]LogModuleManager: Shutting down and abandoning module GeometryCacheEd (273)
[2017.04.24-20.30.22:606][990]LogModuleManager: Shutting down and abandoning module SuperSearchEditor (268)
[2017.04.24-20.30.22:606][990]LogModuleManager: Shutting down and abandoning module SuperSearch (267)
[2017.04.24-20.30.22:606][990]LogModuleManager: Shutting down and abandoning module SpeedTreeImporter (264)
[2017.04.24-20.30.22:606][990]LogModuleManager: Shutting down and abandoning module PluginBrowser (262)
[2017.04.24-20.30.22:610][990]LogModuleManager: Shutting down and abandoning module MobileLauncherProfileWizard (260)
[2017.04.24-20.30.22:612][990]LogModuleManager: Shutting down and abandoning module EpicSurvey (258)
[2017.04.24-20.30.22:612][990]LogModuleManager: Shutting down and abandoning module VisualStudioSourceCodeAccess (256)
[2017.04.24-20.30.22:612][990]LogModuleManager: Shutting down and abandoning module DesktopPlatform (255)
[2017.04.24-20.30.22:614][990]LogModuleManager: Shutting down and abandoning module UObjectPlugin (252)
[2017.04.24-20.30.22:614][990]LogModuleManager: Shutting down and abandoning module SubversionSourceControl (250)
[2017.04.24-20.30.22:616][990]LogModuleManager: Shutting down and abandoning module PerforceSourceControl (248)
[2017.04.24-20.30.22:619][990]LogModuleManager: Shutting down and abandoning module GitSourceControl (246)
[2017.04.24-20.30.22:620][990]LogModuleManager: Shutting down and abandoning module SourceControl (245)
[2017.04.24-20.30.22:621][990]LogModuleManager: Shutting down and abandoning module LightPropagationVolumeEditor (242)
[2017.04.24-20.30.22:621][990]LogModuleManager: Shutting down and abandoning module PaperTiledImporter (240)
[2017.04.24-20.30.22:621][990]LogModuleManager: Shutting down and abandoning module PaperSpriteSheetImporter (238)
[2017.04.24-20.30.22:621][990]LogModuleManager: Shutting down and abandoning module Paper2DEditor (236)
[2017.04.24-20.30.22:623][990]LogModuleManager: Shutting down and abandoning module MeshPaint (235)
[2017.04.24-20.30.22:623][990]LogModuleManager: Shutting down and abandoning module LevelEditor (233)
[2017.04.24-20.30.22:625][990]LogModuleManager: Shutting down and abandoning module PixelInspectorModule (232)
[2017.04.24-20.30.22:627][990]LogModuleManager: Shutting down and abandoning module MainFrame (230)
[2017.04.24-20.30.22:627][990]LogModuleManager: Shutting down and abandoning module HotReload (229)
[2017.04.24-20.30.22:627][990]LogDirectoryWatcher: A directory notification for 'C:/Users/Sarah/Documents/Unreal Projects/04_BattleTank/BattleTank/Binaries/Win64' was aborted.
[2017.04.24-20.30.22:627][990]LogModuleManager: Shutting down and abandoning module ContentBrowser (225)
[2017.04.24-20.30.22:628][990]LogModuleManager: Shutting down and abandoning module PhysXVehiclesEditor (220)
[2017.04.24-20.30.22:629][990]LogModuleManager: Shutting down and abandoning module PhysXVehicles (218)
[2017.04.24-20.30.22:629][990]LogModuleManager: Shutting down and abandoning module LocationServicesBPLibrary (216)
[2017.04.24-20.30.22:629][990]LogModuleManager: Shutting down and abandoning module UdpMessaging (214)
[2017.04.24-20.30.22:730][990]LogModuleManager: Shutting down and abandoning module TcpMessaging (212)
[2017.04.24-20.30.22:832][990]LogModuleManager: Shutting down and abandoning module GameplayTagsEditor (210)
[2017.04.24-20.30.22:833][990]LogModuleManager: Shutting down and abandoning module FacialAnimationEditor (208)
[2017.04.24-20.30.22:834][990]LogModuleManager: Shutting down and abandoning module FacialAnimation (206)
[2017.04.24-20.30.22:834][990]LogModuleManager: Shutting down and abandoning module LightPropagationVolumeRuntime (204)
[2017.04.24-20.30.22:834][990]LogModuleManager: Shutting down and abandoning module Paper2D (202)
[2017.04.24-20.30.22:835][990]LogModuleManager: Shutting down and abandoning module WindowsMoviePlayer (200)
[2017.04.24-20.30.22:835][990]LogModuleManager: Shutting down and abandoning module WmfMedia (198)
[2017.04.24-20.30.22:836][990]LogModuleManager: Shutting down and abandoning module MfMedia (196)
[2017.04.24-20.30.22:836][990]LogModuleManager: Shutting down and abandoning module MediaAssets (194)
[2017.04.24-20.30.22:836][990]LogModuleManager: Shutting down and abandoning module GameLiveStreaming (192)
[2017.04.24-20.30.22:837][990]LogModuleManager: Shutting down and abandoning module VREditor (190)
[2017.04.24-20.30.22:837][990]LogModuleManager: Shutting down and abandoning module GameplayTasksEditor (188)
[2017.04.24-20.30.22:837][990]LogModuleManager: Shutting down and abandoning module BehaviorTreeEditor (186)
[2017.04.24-20.30.22:840][990]LogModuleManager: Shutting down and abandoning module FunctionalTesting (184)
[2017.04.24-20.30.22:840][990]LogModuleManager: Shutting down and abandoning module CollisionAnalyzer (182)
[2017.04.24-20.30.22:842][990]LogModuleManager: Shutting down and abandoning module UMG (180)
[2017.04.24-20.30.22:842][990]LogModuleManager: Shutting down and abandoning module UMGEditor (179)
[2017.04.24-20.30.22:845][990]LogModuleManager: Shutting down and abandoning module Sequencer (178)
[2017.04.24-20.30.22:847][990]LogModuleManager: Shutting down and abandoning module AssetTools (176)
[2017.04.24-20.30.22:851][990]LogModuleManager: Shutting down and abandoning module MessageLog (175)
[2017.04.24-20.30.22:851][990]LogModuleManager: Shutting down and abandoning module WorkspaceMenuStructure (174)
[2017.04.24-20.30.22:851][990]LogModuleManager: Shutting down and abandoning module SlateReflector (168)
[2017.04.24-20.30.22:854][990]LogModuleManager: Shutting down and abandoning module Slate (166)
[2017.04.24-20.30.22:854][990]LogModuleManager: Shutting down and abandoning module EditorStyle (164)
[2017.04.24-20.30.22:858][990]LogModuleManager: Shutting down and abandoning module SourceCodeAccess (162)
[2017.04.24-20.30.22:858][990]LogModuleManager: Shutting down and abandoning module HeadMountedDisplay (160)
[2017.04.24-20.30.22:858][990]LogModuleManager: Shutting down and abandoning module XAudio2 (158)
[2017.04.24-20.30.22:858][990]LogModuleManager: Shutting down and abandoning module Networking (156)
[2017.04.24-20.30.22:858][990]LogModuleManager: Shutting down and abandoning module Core (152)
[2017.04.24-20.30.22:858][990]LogModuleManager: Shutting down and abandoning module AssetRegistry (150)
[2017.04.24-20.30.23:040][990]LogDirectoryWatcher: A directory notification for '../../../Engine/Content/' was aborted.
[2017.04.24-20.30.23:040][990]LogDirectoryWatcher: A directory notification for '../../../../../../Users/Sarah/Documents/Unreal Projects/04_BattleTank/BattleTank/Content/' was aborted.
[2017.04.24-20.30.23:040][990]LogDirectoryWatcher: A directory notification for '../../../Engine/Plugins/2D/Paper2D/Content/' was aborted.
[2017.04.24-20.30.23:050][990]LogModuleManager: Shutting down and abandoning module DirectoryWatcher (149)
[2017.04.24-20.30.23:050][990]LogModuleManager: Shutting down and abandoning module KismetCompiler (146)
[2017.04.24-20.30.23:050][990]LogModuleManager: Shutting down and abandoning module PhysXFormats (144)
[2017.04.24-20.30.23:050][990]LogModuleManager: Shutting down and abandoning module MeshUtilities (142)
[2017.04.24-20.30.23:052][990]LogModuleManager: Shutting down and abandoning module SimplygonSwarm (141)
[2017.04.24-20.30.23:053][990]LogModuleManager: Shutting down and abandoning module SimplygonMeshReduction (139)
[2017.04.24-20.30.23:053][990]LogModuleManager: Shutting down and abandoning module QuadricMeshReduction (137)
[2017.04.24-20.30.23:053][990]LogModuleManager: Shutting down and abandoning module PropertyEditor (135)
[2017.04.24-20.30.23:053][990]LogModuleManager: Shutting down and abandoning module DerivedDataCache (132)
[2017.04.24-20.30.23:141][990]LogDerivedDataCache: Shutdown
[2017.04.24-20.30.23:141][990]LogModuleManager: Shutting down and abandoning module TargetPlatform (130)
[2017.04.24-20.30.23:141][990]LogModuleManager: Shutting down and abandoning module VulkanShaderFormat (129)
[2017.04.24-20.30.23:174][990]LogModuleManager: Shutting down and abandoning module ShaderFormatOpenGL (127)
[2017.04.24-20.30.23:540][990]LogModuleManager: Shutting down and abandoning module ShaderFormatD3D (125)
[2017.04.24-20.30.23:622][990]LogModuleManager: Shutting down and abandoning module MetalShaderFormat (123)
[2017.04.24-20.30.24:044][990]LogModuleManager: Shutting down and abandoning module TextureFormatUncompressed (121)
[2017.04.24-20.30.24:044][990]LogModuleManager: Shutting down and abandoning module TextureFormatPVR (119)
[2017.04.24-20.30.24:044][990]LogModuleManager: Shutting down and abandoning module TextureFormatDXT (117)
[2017.04.24-20.30.24:131][990]LogModuleManager: Shutting down and abandoning module TextureFormatIntelISPCTexComp (115)
[2017.04.24-20.30.24:133][990]LogModuleManager: Shutting down and abandoning module TextureFormatASTC (113)
[2017.04.24-20.30.24:133][990]LogModuleManager: Shutting down and abandoning module ImageWrapper (112)
[2017.04.24-20.30.24:133][990]LogModuleManager: Shutting down and abandoning module TextureFormatAndroid (109)
[2017.04.24-20.30.24:133][990]LogModuleManager: Shutting down and abandoning module AudioFormatOpus (107)
[2017.04.24-20.30.24:133][990]LogModuleManager: Shutting down and abandoning module AudioFormatOgg (105)
[2017.04.24-20.30.24:133][990]LogModuleManager: Shutting down and abandoning module AudioFormatADPCM (103)
[2017.04.24-20.30.24:133][990]LogModuleManager: Shutting down and abandoning module LinuxTargetPlatform (101)
[2017.04.24-20.30.24:133][990]LogModuleManager: Shutting down and abandoning module LinuxServerTargetPlatform (99)
[2017.04.24-20.30.24:133][990]LogModuleManager: Shutting down and abandoning module LinuxNoEditorTargetPlatform (97)
[2017.04.24-20.30.24:133][990]LogModuleManager: Shutting down and abandoning module LinuxClientTargetPlatform (95)
[2017.04.24-20.30.24:133][990]LogModuleManager: Shutting down and abandoning module TVOSTargetPlatform (93)
[2017.04.24-20.30.24:133][990]LogModuleManager: Shutting down and abandoning module Messaging (91)
[2017.04.24-20.30.24:133][990]LogModuleManager: Shutting down and abandoning module IOSTargetPlatform (89)
[2017.04.24-20.30.24:133][990]LogModuleManager: Shutting down and abandoning module HTML5TargetPlatform (87)
[2017.04.24-20.30.24:133][990]LogModuleManager: Shutting down and abandoning module Android_PVRTCTargetPlatform (85)
[2017.04.24-20.30.24:133][990]LogModuleManager: Shutting down and abandoning module Android_MultiTargetPlatform (83)
[2017.04.24-20.30.24:133][990]LogModuleManager: Shutting down and abandoning module Android_ETC2TargetPlatform (81)
[2017.04.24-20.30.24:133][990]LogModuleManager: Shutting down and abandoning module Android_ETC1TargetPlatform (79)
[2017.04.24-20.30.24:133][990]LogModuleManager: Shutting down and abandoning module Android_DXTTargetPlatform (77)
[2017.04.24-20.30.24:133][990]LogModuleManager: Shutting down and abandoning module Android_ATCTargetPlatform (75)
[2017.04.24-20.30.24:133][990]LogModuleManager: Shutting down and abandoning module Android_ASTCTargetPlatform (73)
[2017.04.24-20.30.24:133][990]LogModuleManager: Shutting down and abandoning module AndroidTargetPlatform (71)
[2017.04.24-20.30.24:133][990]LogModuleManager: Shutting down and abandoning module WindowsTargetPlatform (69)
[2017.04.24-20.30.24:133][990]LogModuleManager: Shutting down and abandoning module WindowsServerTargetPlatform (67)
[2017.04.24-20.30.24:133][990]LogModuleManager: Shutting down and abandoning module WindowsNoEditorTargetPlatform (65)
[2017.04.24-20.30.24:133][990]LogModuleManager: Shutting down and abandoning module WindowsClientTargetPlatform (63)
[2017.04.24-20.30.24:133][990]LogModuleManager: Shutting down and abandoning module MacTargetPlatform (61)
[2017.04.24-20.30.24:133][990]LogModuleManager: Shutting down and abandoning module MacServerTargetPlatform (59)
[2017.04.24-20.30.24:133][990]LogModuleManager: Shutting down and abandoning module MacNoEditorTargetPlatform (57)
[2017.04.24-20.30.24:133][990]LogModuleManager: Shutting down and abandoning module MacClientTargetPlatform (55)
[2017.04.24-20.30.24:133][990]LogModuleManager: Shutting down and abandoning module AllDesktopTargetPlatform (53)
[2017.04.24-20.30.24:133][990]LogModuleManager: Shutting down and abandoning module InputCore (50)
[2017.04.24-20.30.24:133][990]LogModuleManager: Shutting down and abandoning module Settings (48)
[2017.04.24-20.30.24:133][990]LogModuleManager: Shutting down and abandoning module OculusRift (46)
[2017.04.24-20.30.24:133][990]LogModuleManager: Shutting down and abandoning module ExampleDeviceProfileSelector (44)
[2017.04.24-20.30.24:134][990]LogModuleManager: Shutting down and abandoning module OnlineBlueprintSupport (42)
[2017.04.24-20.30.24:134][990]LogModuleManager: Shutting down and abandoning module OnlineSubsystem (38)
[2017.04.24-20.30.24:134][990]LogOnline:Display: Unloading online subsystem: NULL
[2017.04.24-20.30.24:135][990]LogModuleManager: Shutting down and abandoning module XMPP (37)
[2017.04.24-20.30.24:137][990]LogModuleManager: Shutting down and abandoning module HTTP (35)
[2017.04.24-20.30.24:138][990]LogHttp:Display: Http module shutting down, but needs to wait on 1 outstanding Http requests:
[2017.04.24-20.30.24:138][990]LogHttp:Display: 	verb=[POST] url=[https://datarouter.ol.epicgames.com/datarouter/api/v1/public/data?SessionID=%7BF7B8B126-4AD3-8BCB-7A9B-499C469B8662%7D&AppID=UEEditor.Rocket.Release&AppVersion=4.15.0-3299760%2B%2B%2BUE4%2BRelease-4.15&UserID=7c76bde54574978307451eb1166a1f79%7C58448bdb2ce4468ba1b793c4adc2bec4%7C1fb00c8d-b537-477f-9d94-6fe8d09492ec&AppEnvironment=datacollector-binary&UploadType=eteventstream] status=Processing
[2017.04.24-20.30.24:170][990]LogModuleManager: Shutting down and abandoning module SSL (34)
[2017.04.24-20.30.24:172][990]LogModuleManager: Shutting down and abandoning module AudioEditor (30)
[2017.04.24-20.30.24:173][990]LogModuleManager: Shutting down and abandoning module TextureCompressor (28)
[2017.04.24-20.30.24:175][990]LogModuleManager: Shutting down and abandoning module ShaderCore (26)
[2017.04.24-20.30.24:175][990]LogModuleManager: Shutting down and abandoning module Landscape (24)
[2017.04.24-20.30.24:175][990]LogModuleManager: Shutting down and abandoning module SlateRHIRenderer (22)
[2017.04.24-20.30.24:178][990]LogModuleManager: Shutting down and abandoning module OpenGLDrv (20)
[2017.04.24-20.30.24:179][990]LogModuleManager: Shutting down and abandoning module D3D11RHI (18)
[2017.04.24-20.30.24:179][990]LogModuleManager: Shutting down and abandoning module AnimGraphRuntime (16)
[2017.04.24-20.30.24:179][990]LogModuleManager: Shutting down and abandoning module Renderer (14)
[2017.04.24-20.30.24:179][990]LogModuleManager: Shutting down and abandoning module Engine (12)
[2017.04.24-20.30.24:179][990]LogModuleManager: Shutting down and abandoning module CoreUObject (10)
[2017.04.24-20.30.24:179][990]LogModuleManager: Shutting down and abandoning module NetworkFile (8)
[2017.04.24-20.30.24:180][990]LogModuleManager: Shutting down and abandoning module StreamingFile (6)
[2017.04.24-20.30.24:181][990]LogModuleManager: Shutting down and abandoning module SandboxFile (4)
[2017.04.24-20.30.24:181][990]LogModuleManager: Shutting down and abandoning module PakFile (2)
[2017.04.24-20.30.24:184][990]LogExit: Exiting.
[2017.04.24-20.30.24:186][990]Log file closed, 04/24/17 21:30:24
