Log file open, 04/28/17 21:36:50
LogInit:Display: Running engine for game: BattleTank
LogPlatformFile: Not using cached read wrapper
LogInit:Display: RandInit(-1989673951) SRandInit(-1989673951).
LogTaskGraph: Started task graph with 5 named threads and 8 total threads with 1 sets of task threads.
LogStats: Stats thread started at 0.102328
LogInit: Using libcurl 7.47.1
LogInit:  - built for x86_64-pc-win32
LogInit:  - supports SSL with OpenSSL/1.0.2g
LogInit:  - supports HTTP deflate (compression) using libz 1.2.8
LogInit:  - other features:
LogInit:      CURL_VERSION_SSL
LogInit:      CURL_VERSION_LIBZ
LogInit:      CURL_VERSION_IPV6
LogInit:      CURL_VERSION_ASYNCHDNS
LogInit:      CURL_VERSION_LARGEFILE
LogInit:      CURL_VERSION_IDN
LogInit:  CurlRequestOptions (configurable via config and command line):
LogInit:  - bVerifyPeer = false  - Libcurl will NOT verify peer certificate
LogInit:  - bUseHttpProxy = false  - Libcurl will NOT use HTTP proxy
LogInit:  - bDontReuseConnections = false  - Libcurl will reuse connections
LogInit:  - CertBundlePath = nullptr  - Libcurl will use whatever was configured at build time.
LogInit: Build: ++UE4+Release-4.15-CL-3299760
LogInit: Engine Version: 4.15.0-3299760+++UE4+Release-4.15
LogInit: Compatible Engine Version: 4.15.0-3299760+++UE4+Release-4.15
LogInit: Net CL: 3299760
LogDevObjectVersion: Number of dev versions registered: 14
LogDevObjectVersion:   Dev-Blueprints (B0D832E4-1F89-4F0D-ACCF-7EB736FD4AA2): 8
LogDevObjectVersion:   Dev-Build (E1C64328-A22C-4D53-A36C-8E866417BD8C): 0
LogDevObjectVersion:   Dev-Core (375EC13C-06E4-48FB-B500-84F0262A717E): 2
LogDevObjectVersion:   Dev-Editor (E4B068ED-F494-42E9-A231-DA0B2E46BB41): 14
LogDevObjectVersion:   Dev-Framework (CFFC743F-43B0-4480-9391-14DF171D2073): 22
LogDevObjectVersion:   Dev-Mobile (B02B49B5-BB20-44E9-A304-32B752E40360): 0
LogDevObjectVersion:   Dev-Networking (A4E4105C-59A1-49B5-A7C5-40C4547EDFEE): 0
LogDevObjectVersion:   Dev-Online (39C831C9-5AE6-47DC-9A44-9C173E1C8E7C): 0
LogDevObjectVersion:   Dev-Physics (78F01B33-EBEA-4F98-B9B4-84EACCB95AA2): 0
LogDevObjectVersion:   Dev-Platform (6631380F-2D4D-43E0-8009-CF276956A95A): 0
LogDevObjectVersion:   Dev-Rendering (12F88B9F-8875-4AFC-A67C-D90C383ABD29): 12
LogDevObjectVersion:   Dev-Sequencer (7B5AE74C-D270-4C10-A958-57980B212A5A): 3
LogDevObjectVersion:   Dev-VR (D7296918-1DD6-4BDD-9DE2-64A83CC13884): 0
LogDevObjectVersion:   Dev-LoadTimes (C2A15278-BFE7-4AFE-6C17-90FF531DF755): 1
LogInit: Compiled (64-bit): Feb 14 2017 02:04:14
LogInit: Compiled with Visual C++: 19.00.23026.00
LogInit: Build Configuration: Development
LogInit: Branch Name: ++UE4+Release-4.15
LogInit: Command line: -EpicPortal 
LogInit: Base directory: C:/Program Files/Epic Games/UE_4.15/Engine/Binaries/Win64/
LogInit: Installed Engine Build: 1
LogInit: Presizing for max 8388607 objects, including 0 objects not considered by GC, pre-allocating 0 bytes for permanent pool.
LogInit: Object subsystem initialized
[2017.04.28-20.36.51:562][  0]LogInit: Selected Device Profile: [Windows]
[2017.04.28-20.36.51:562][  0]LogInit: Applying CVar settings loaded from the selected device profile: [Windows]
[2017.04.28-20.36.51:578][  0]LogInit: Computer: DESKTOP-0PEK566
[2017.04.28-20.36.51:578][  0]LogInit: User: Sarah
[2017.04.28-20.36.51:578][  0]LogInit: CPU Page size=65536, Cores=4
[2017.04.28-20.36.51:578][  0]LogInit: High frequency timer resolution =2.143576 MHz
[2017.04.28-20.36.51:578][  0]LogMemory: Memory total: Physical=7.9GB (8GB approx)
[2017.04.28-20.36.51:578][  0]LogMemory: Platform Memory Stats for Windows
[2017.04.28-20.36.51:578][  0]LogMemory: Process Physical Memory: 262.88 MB used, 262.88 MB peak
[2017.04.28-20.36.51:578][  0]LogMemory: Process Virtual Memory: 262.54 MB used, 262.54 MB peak
[2017.04.28-20.36.51:578][  0]LogMemory: Physical Memory: 4343.10 MB used,  3741.17 MB free, 8084.27 MB total
[2017.04.28-20.36.51:578][  0]LogMemory: Virtual Memory: 644.18 MB used,  3741.17 MB free, 134217728.00 MB total
[2017.04.28-20.36.51:700][  0]LogTextLocalizationManager: No specific translations for ('en-US') exist, so ('en') translations will be used.
[2017.04.28-20.36.52:527][  0]LogD3D11RHI: D3D11 adapters:
[2017.04.28-20.36.52:589][  0]LogD3D11RHI:    0. 'AMD Radeon HD 7600M Series' (Feature Level 11_0)
[2017.04.28-20.36.52:589][  0]LogD3D11RHI:       1004/0/3840 MB DedicatedVideo/DedicatedSystem/SharedSystem, Outputs:1, VendorId:0x1002
[2017.04.28-20.36.52:594][  0]LogD3D11RHI:    1. 'Intel(R) HD Graphics 4000' (Feature Level 11_0)
[2017.04.28-20.36.52:594][  0]LogD3D11RHI:       32/0/1760 MB DedicatedVideo/DedicatedSystem/SharedSystem, Outputs:0, VendorId:0x8086
[2017.04.28-20.36.52:596][  0]LogD3D11RHI:    2. 'Microsoft Basic Render Driver' (Feature Level 11_0)
[2017.04.28-20.36.52:596][  0]LogD3D11RHI:       0/0/4042 MB DedicatedVideo/DedicatedSystem/SharedSystem, Outputs:0, VendorId:0x1414
[2017.04.28-20.36.52:596][  0]LogD3D11RHI: Chosen D3D11 Adapter: 0
[2017.04.28-20.36.52:614][  0]LogD3D11RHI: Creating new Direct3DDevice
[2017.04.28-20.36.52:614][  0]LogD3D11RHI:     GPU DeviceId: 0x6840 (for the marketing name, search the web for "GPU Device Id")
[2017.04.28-20.36.52:614][  0]LogWindows: EnumDisplayDevices:
[2017.04.28-20.36.52:614][  0]LogWindows:    0. 'Intel(R) HD Graphics 4000' (P:1 D:1)
[2017.04.28-20.36.52:614][  0]LogWindows:    1. 'Intel(R) HD Graphics 4000' (P:0 D:0)
[2017.04.28-20.36.52:614][  0]LogWindows:    2. 'Intel(R) HD Graphics 4000' (P:0 D:0)
[2017.04.28-20.36.52:614][  0]LogWindows: DebugString: PrimaryIsNotTheChoosenAdapter PrimaryIsNotTheChoosenAdapter PrimaryIsNotTheChoosenAdapter FoundDriverCount:0 
[2017.04.28-20.36.52:614][  0]LogD3D11RHI:     Adapter Name: AMD Radeon HD 7600M Series
[2017.04.28-20.36.52:614][  0]LogD3D11RHI:   Driver Version: Unknown (internal:Unknown, unified:Unknown)
[2017.04.28-20.36.52:614][  0]LogD3D11RHI:      Driver Date: Unknown
[2017.04.28-20.36.52:614][  0]LogRHI: Texture pool is 702 MB (70% of 1004 MB)
[2017.04.28-20.36.52:624][  0]LogD3D11RHI: AMD Pre GCN architecture detected, some driver workarounds will be in place
[2017.04.28-20.36.52:634][  0]LogD3D11RHI: Async texture creation enabled
[2017.04.28-20.36.52:645][  0]LogD3D11RHI: GPU Timing Frequency: 27.000000 (Debug: 2 1)
[2017.04.28-20.36.52:647][  0]LogShaderCompilers: Guid format shader working directory is -36 characters bigger than the processId version (../../../../../../Users/Sarah/Documents/Unreal Projects/04_BattleTank/BattleTank/Intermediate/Shaders/WorkingDirectory/110028/).
[2017.04.28-20.36.52:647][  0]LogShaderCompilers: Cleaned the shader compiler working directory 'C:/Users/Sarah/AppData/Local/Temp/UnrealShaderWorkingDir/48EE296C407A1797095ED7B85428FCC0/'.
[2017.04.28-20.36.52:647][  0]LogShaderCompilers:Display: Using Local Shader Compiler.
[2017.04.28-20.36.54:173][  0]LogTemp:Display: Loaded TP AllDesktopTargetPlatform
[2017.04.28-20.36.54:262][  0]LogTemp:Display: Loaded TP MacClientTargetPlatform
[2017.04.28-20.36.54:347][  0]LogTemp:Display: Loaded TP MacNoEditorTargetPlatform
[2017.04.28-20.36.54:448][  0]LogTemp:Display: Loaded TP MacServerTargetPlatform
[2017.04.28-20.36.54:541][  0]LogTemp:Display: Loaded TP MacTargetPlatform
[2017.04.28-20.36.54:636][  0]LogTemp:Display: Loaded TP WindowsClientTargetPlatform
[2017.04.28-20.36.54:738][  0]LogTemp:Display: Loaded TP WindowsNoEditorTargetPlatform
[2017.04.28-20.36.54:825][  0]LogTemp:Display: Loaded TP WindowsServerTargetPlatform
[2017.04.28-20.36.54:906][  0]LogTemp:Display: Loaded TP WindowsTargetPlatform
[2017.04.28-20.36.54:994][  0]LogTemp:Display: Loaded TP AndroidTargetPlatform
[2017.04.28-20.36.55:106][  0]LogTemp:Display: Loaded TP Android_ASTCTargetPlatform
[2017.04.28-20.36.55:194][  0]LogTemp:Display: Loaded TP Android_ATCTargetPlatform
[2017.04.28-20.36.55:286][  0]LogTemp:Display: Loaded TP Android_DXTTargetPlatform
[2017.04.28-20.36.55:371][  0]LogTemp:Display: Loaded TP Android_ETC1TargetPlatform
[2017.04.28-20.36.55:456][  0]LogTemp:Display: Loaded TP Android_ETC2TargetPlatform
[2017.04.28-20.36.55:631][  0]LogTemp:Display: Loaded TP Android_MultiTargetPlatform
[2017.04.28-20.36.55:631][  0]LogTemp:Display: Loaded TP Android_PVRTCTargetPlatform
[2017.04.28-20.36.55:697][  0]LogTemp:Display: Loaded TP HTML5TargetPlatform
[2017.04.28-20.36.55:840][  0]LogTemp:Display: Loaded TP IOSTargetPlatform
[2017.04.28-20.36.55:906][  0]LogTemp:Display: Loaded TP TVOSTargetPlatform
[2017.04.28-20.36.55:992][  0]LogTemp:Display: Loaded TP LinuxClientTargetPlatform
[2017.04.28-20.36.56:076][  0]LogTemp:Display: Loaded TP LinuxNoEditorTargetPlatform
[2017.04.28-20.36.56:161][  0]LogTemp:Display: Loaded TP LinuxServerTargetPlatform
[2017.04.28-20.36.56:258][  0]LogTemp:Display: Loaded TP LinuxTargetPlatform
[2017.04.28-20.36.56:258][  0]LogTargetPlatformManager:Display: Building Assets For Windows
[2017.04.28-20.36.57:021][  0]LogDerivedDataCache:Display: Max Cache Size: 512 MB
[2017.04.28-20.36.57:088][  0]LogDerivedDataCache: Loaded boot cache 0.07s 50MB C:/Users/Sarah/AppData/Local/UnrealEngine/4.15/DerivedDataCache/Boot.ddc.
[2017.04.28-20.36.57:088][  0]LogDerivedDataCache:Display: Loaded Boot cache: C:/Users/Sarah/AppData/Local/UnrealEngine/4.15/DerivedDataCache/Boot.ddc
[2017.04.28-20.36.57:088][  0]LogDerivedDataCache: FDerivedDataBackendGraph:  Pak pak cache file ../../../../../../Users/Sarah/Documents/Unreal Projects/04_BattleTank/BattleTank/DerivedDataCache/DDC.ddp not found, will not use a pak cache.
[2017.04.28-20.36.57:088][  0]LogDerivedDataCache: Unable to find inner node Pak for hierarchical cache Hierarchy.
[2017.04.28-20.36.57:089][  0]LogDerivedDataCache: FDerivedDataBackendGraph:  CompressedPak pak cache file ../../../../../../Users/Sarah/Documents/Unreal Projects/04_BattleTank/BattleTank/DerivedDataCache/Compressed.ddp not found, will not use a pak cache.
[2017.04.28-20.36.57:089][  0]LogDerivedDataCache: Unable to find inner node CompressedPak for hierarchical cache Hierarchy.
[2017.04.28-20.36.57:111][  0]LogDerivedDataCache:Display: Pak cache opened for reading ../../../Engine/DerivedDataCache/Compressed.ddp.
[2017.04.28-20.36.57:123][  0]LogDerivedDataCache: Using Local data cache path C:/Users/Sarah/AppData/Local/UnrealEngine/Common/DerivedDataCache: Writable
[2017.04.28-20.36.57:137][  0]LogSlate: Using Freetype 2.6.0
[2017.04.28-20.36.57:137][  0]LogSlate: SlateFontCache - WITH_FREETYPE: 1, WITH_HARFBUZZ: 1
[2017.04.28-20.36.57:137][  0]LogSlate: SlateFontCache - WITH_FREETYPE: 1, WITH_HARFBUZZ: 1
[2017.04.28-20.36.57:919][  0]LogInit: Selected Device Profile: [Windows]
[2017.04.28-20.36.57:923][  0]LogContentStreaming: Texture pool size is 0.00 MB
[2017.04.28-20.36.58:235][  0]LogMeshUtilities: Using QuadricMeshReduction for automatic static mesh reduction
[2017.04.28-20.36.58:303][  0]LogSimplygon: Simplygon DLL not present - disabling.
[2017.04.28-20.36.58:383][  0]LogMeshUtilities: Using SimplygonSwarm for distributed automatic mesh merging
[2017.04.28-20.36.58:383][  0]LogMeshUtilities: No automatic skeletal mesh reduction module available
[2017.04.28-20.36.58:383][  0]LogMeshUtilities: No automatic mesh merging module available
[2017.04.28-20.36.59:224][  0]LogNetVersion: GetLocalNetworkVersion: CL: 3299760, ProjectName: battletank, ProjectVersion: , EngineNetworkVersion: 2, GameNetworkVersion: 0, NetworkChecksum: 2512795372
[2017.04.28-20.36.59:287][  0]LogAssetRegistry: FAssetRegistry took 0.0214 seconds to start up
[2017.04.28-20.36.59:362][  0]LogPackageLocalizationCache: Processed 3 localized package path(s) for 2 prioritized culture(s) in 0.039510 seconds
[2017.04.28-20.36.59:369][  0]LogUObjectArray: 32475 objects as part of root set at end of initial load.
[2017.04.28-20.36.59:369][  0]LogUObjectAllocator: 7073360 out of 0 bytes used by permanent object pool.
[2017.04.28-20.36.59:369][  0]LogUObjectArray: CloseDisregardForGC: 0/0 objects in disregard for GC pool
[2017.04.28-20.36.59:480][  0]LogInit: WinSock: version 1.1 (2.2), MaxSocks=32767, MaxUdp=65467
[2017.04.28-20.37.01:938][  0]LogTcpMessaging: Initializing TcpMessaging bridge
[2017.04.28-20.37.01:997][  0]LogUdpMessaging: Initializing bridge on interface 0.0.0.0:0 to multicast group 230.0.0.1:6666.
[2017.04.28-20.37.02:803][  0]LogMaterial: Uniform references updated for custom material expression Custom.
[2017.04.28-20.37.03:402][  0]SourceControl: Info Source control is disabled
[2017.04.28-20.37.03:444][  0]SourceControl: Info Source control is disabled
[2017.04.28-20.37.03:524][  0]SourceControl: Info Source control is disabled
[2017.04.28-20.37.03:600][  0]SourceControl: Info Source control is disabled
[2017.04.28-20.37.05:640][  0]LogEngine: Initializing Engine...
[2017.04.28-20.37.05:640][  0]LogHMD: Failed to initialize OpenVR with code 110
[2017.04.28-20.37.05:977][  0]LogAIModule: Creating AISystem for world Untitled
[2017.04.28-20.37.05:988][  0]LogInit: XAudio2 using 'Speakers (2- High Definition Audio Device)' : 2 channels at 44.1 kHz using 16 bits per sample (channel mask 0x3)
[2017.04.28-20.37.06:001][  0]LogInit: FAudioDevice initialized.
[2017.04.28-20.37.06:033][  0]LogDerivedDataCache: Saved boot cache 0.03s 50MB C:/Users/Sarah/AppData/Local/UnrealEngine/4.15/DerivedDataCache/Boot.ddc.
[2017.04.28-20.37.06:041][  0]LogInit: Texture streaming: Enabled
[2017.04.28-20.37.06:196][  0]LogEngineSessionManager: EngineSessionManager initialized
[2017.04.28-20.37.06:412][  0]LogInit: Transaction tracking system initialized
[2017.04.28-20.37.06:990][  0]BlueprintLog: New page: Editor Load
[2017.04.28-20.37.08:532][  0]LocalizationService: Info Localization service is disabled
[2017.04.28-20.37.10:011][  0]LogConsoleResponse:Display: 
[2017.04.28-20.37.10:205][  0]LogCook:Display: Max memory allowance for cook 16384mb min free memory 0mb
[2017.04.28-20.37.10:205][  0]LogCook:Display: Mobile HDR setting 1
[2017.04.28-20.37.11:223][  0]LogFileCache: Scanning file cache for directory 'C:/Users/Sarah/Documents/Unreal Projects/04_BattleTank/BattleTank/Content/' took 0.02s
[2017.04.28-20.37.12:318][  0]SourceControl: Info Source control is disabled
[2017.04.28-20.37.12:405][  0]LogSlate: Took 0.000261 seconds to synchronously load lazily loaded font '../../../Engine/Content/Slate/Fonts/Roboto-Regular.ttf' (155K)
[2017.04.28-20.37.15:285][  0]LogWindowsTextInputMethodSystem:Display: IME system now deactivated.
[2017.04.28-20.37.15:293][  0]LogWindowsTextInputMethodSystem:Display: IME system now deactivated.
[2017.04.28-20.37.15:294][  0]Cmd: MAP LOAD FILE="../../../../../../Users/Sarah/Documents/Unreal Projects/04_BattleTank/BattleTank/Content/Levels/BattleGround.umap" TEMPLATE=0 SHOWPROGRESS=1 FEATURELEVEL=3
[2017.04.28-20.37.15:307][  0]LightingResults: New page: Lighting Build
[2017.04.28-20.37.15:397][  0]MapCheck: New page: Map Check
[2017.04.28-20.37.15:398][  0]LightingResults: New page: Lighting Build
[2017.04.28-20.37.16:244][  0]LogAIModule: Creating AISystem for world BattleGround
[2017.04.28-20.37.16:640][  0]LogEditorServer: Finished looking for orphan Actors (0.000 secs)
[2017.04.28-20.37.16:643][  0]Cmd: MAP CHECKDEP NOCLEARLOG
[2017.04.28-20.37.16:732][  0]MapCheck: Info Map check complete: 0 Error(s), 0 Warning(s), took 88.428ms to complete.
[2017.04.28-20.37.16:732][  0]LogFileHelpers: Loading map 'BattleGround' took 1.437
[2017.04.28-20.37.17:006][  0]LogStats:Warning: MetaData mismatch. Did you assign a stat to two groups? New //STATGROUP_Threads//SplashScreenThread///Thread_1a864_0///####STATCAT_Advanced#### old //STATGROUP_Threads//SplashScreenThread///Thread_18778_0///####STATCAT_Advanced####
[2017.04.28-20.37.17:006][  0]LogCollectionManager: Loaded 1 collections in 0.006296 seconds
[2017.04.28-20.37.17:121][  0]LogFileCache: Scanning file cache for directory 'C:/Users/Sarah/Documents/Unreal Projects/04_BattleTank/BattleTank/Saved/Collections/' took 0.01s
[2017.04.28-20.37.17:121][  0]LogFileCache: Scanning file cache for directory 'C:/Users/Sarah/Documents/Unreal Projects/04_BattleTank/BattleTank/Content/Developers/Sarah/Collections/' took 0.01s
[2017.04.28-20.37.17:121][  0]LogFileCache: Scanning file cache for directory 'C:/Users/Sarah/Documents/Unreal Projects/04_BattleTank/BattleTank/Content/Collections/' took 0.01s
[2017.04.28-20.37.17:121][  0]LogCollectionManager: Rebuilt the GUID cache for 1 collections in 0.000008 seconds
[2017.04.28-20.37.17:121][  0]LogCollectionManager: Rebuilt the hierarchy cache for 1 collections in 0.000000 seconds
[2017.04.28-20.37.17:138][  0]LogContentBrowser: Native class hierarchy populated in 0.0155 seconds. Added 2255 classes and 453 folders.
[2017.04.28-20.37.17:143][  0]LogStats: UGameplayTagsManager::ConstructGameplayTagTree: Construct from data asset -  0.000 s
[2017.04.28-20.37.17:143][  0]LogStats: UGameplayTagsManager::ConstructGameplayTagTree: GameplayTagTreeChangedEvent.Broadcast -  0.000 s
[2017.04.28-20.37.17:262][  0]LogContentBrowser: Native class hierarchy updated for 'WidgetCarousel' in 0.0062 seconds. Added 0 classes and 0 folders.
[2017.04.28-20.37.17:731][  0]LogContentBrowser: Native class hierarchy updated for 'AddContentDialog' in 0.0049 seconds. Added 0 classes and 0 folders.
[2017.04.28-20.37.17:801][  0]LogContentBrowser: Native class hierarchy updated for 'SceneOutliner' in 0.0035 seconds. Added 1 classes and 2 folders.
[2017.04.28-20.37.17:876][  0]LogCrashTracker: Crashtracker disabled due to settings.
[2017.04.28-20.37.17:885][  0]LogUObjectGlobals:Warning: Failed to find object 'Class None.'
[2017.04.28-20.37.18:007][  0]LogContentBrowser: Native class hierarchy updated for 'HierarchicalLODOutliner' in 0.0054 seconds. Added 1 classes and 2 folders.
[2017.04.28-20.37.18:008][  0]LogLoad: (Engine Initialization) Total time: 29.78 seconds
[2017.04.28-20.37.18:008][  0]LogLoad: (Engine Initialization) Total Blueprint compile time: 0.22 seconds
[2017.04.28-20.37.18:008][  0]LogExternalProfiler: No external profilers were discovered.  External profiling features will not be available.
[2017.04.28-20.37.18:017][  0]LogOcInput: OculusInput pre-init called
[2017.04.28-20.37.18:038][  0]LogContentStreaming: Texture pool size now 600 MB
[2017.04.28-20.37.18:042][  0]LogSlate: Took 0.000322 seconds to synchronously load lazily loaded font '../../../Engine/Content/Slate/Fonts/Roboto-Bold.ttf' (160K)
[2017.04.28-20.37.18:059][  0]LogSlate: Took 0.009469 seconds to synchronously load lazily loaded font '../../../Engine/Content/Editor/Slate/Fonts/FontAwesome.ttf' (139K)
[2017.04.28-20.37.18:332][  0]LogSlate: Took 0.007995 seconds to synchronously load lazily loaded font '../../../Engine/Content/Slate/Fonts/Roboto-Light.ttf' (159K)
[2017.04.28-20.37.18:434][  2]LogRenderer: Reallocating scene render targets to support 1080x628 NumSamples 1 (Frame:2).
[2017.04.28-20.37.18:666][  2]LogAssetRegistry: Asset discovery search completed in 19.3999 seconds
[2017.04.28-20.37.18:666][  2]LogCollectionManager: Rebuilt the object cache for 1 collections in 0.000007 seconds (found 0 objects)
[2017.04.28-20.37.18:666][  2]LogCollectionManager: Fixed up redirectors for 1 collections in 0.000049 seconds (updated 0 objects)
[2017.04.28-20.37.20:409][ 68]Recompiling BattleTank...
[2017.04.28-20.37.20:409][ 68]Launching UnrealBuildTool... [C:/Program Files/Epic Games/UE_4.15/Engine/Binaries/DotNET/UnrealBuildTool.exe BattleTank -ModuleWithSuffix BattleTank 2986 Win64 Development -editorrecompile -canskiplink "C:/Users/Sarah/Documents/Unreal Projects/04_BattleTank/BattleTank/BattleTank.uproject" ]
[2017.04.28-20.37.20:415][ 68]Warning: Starting HotReload took  0.0s.
[2017.04.28-20.37.22:250][133]CompilerResultsLog: New page: Compilation - Apr 28, 2017, 10:37:22 PM
[2017.04.28-20.37.22:250][133]CompilerResultsLog: Info Compiling game modules for hot reload
[2017.04.28-20.37.22:250][133]CompilerResultsLog: Info Target is up to date
[2017.04.28-20.37.22:250][133]CompilerResultsLog: Info Total build time: 1.05 seconds (NoActionsToExecute executor: 0.00 seconds)
[2017.04.28-20.37.22:250][133]LogMainFrame: MainFrame: Module compiling took 1.849 seconds
[2017.04.28-20.37.22:287][133]LogContentBrowser: Native class hierarchy populated in 0.0146 seconds. Added 2257 classes and 457 folders.
[2017.04.28-20.37.22:287][133]Display: HotReload took  1.9s.
[2017.04.28-20.37.23:791][191]LogTemp: Repeting last play command: Selected Viewport
[2017.04.28-20.37.23:813][191]LogBlueprintUserMessages: Early PlayInEditor Detection: Level '/Game/Levels/BattleGround.BattleGround:PersistentLevel' has LevelScriptBlueprint '/Game/Levels/BattleGround.BattleGround:PersistentLevel.BattleGround' with GeneratedClass '/Game/Levels/BattleGround.BattleGround_C' with ClassGeneratedBy '/Game/Levels/BattleGround.BattleGround:PersistentLevel.BattleGround'
[2017.04.28-20.37.23:813][191]LogPlayLevel: PlayLevel: No blueprints needed recompiling
[2017.04.28-20.37.23:813][191]PIE: New page: PIE session: BattleGround (Apr 28, 2017, 10:37:23 PM)
[2017.04.28-20.37.23:813][191]LogPlayLevel: Creating play world package: /Game/Levels/UEDPIE_0_BattleGround
[2017.04.28-20.37.23:866][191]LogPlayLevel: PIE: StaticDuplicateObject took: (0.052640s)
[2017.04.28-20.37.23:867][191]LogAIModule: Creating AISystem for world BattleGround
[2017.04.28-20.37.23:867][191]LogPlayLevel: PIE: World Init took: (0.000788s)
[2017.04.28-20.37.23:867][191]LogPlayLevel: PIE: Created PIE world by copying editor world from /Game/Levels/BattleGround.BattleGround to /Game/Levels/UEDPIE_0_BattleGround.BattleGround (0.053745s)
[2017.04.28-20.37.23:882][191]LogInit: XAudio2 using 'Speakers (2- High Definition Audio Device)' : 2 channels at 44.1 kHz using 16 bits per sample (channel mask 0x3)
[2017.04.28-20.37.23:890][191]LogInit: FAudioDevice initialized.
[2017.04.28-20.37.23:952][191]LogLoad: Game class is 'BattleTankGameMode_BP_C'
[2017.04.28-20.37.23:960][191]LogWorld: Bringing World /Game/Levels/UEDPIE_0_BattleGround.BattleGround up for play (max tick rate 0) at 2017.04.28-21.37.23
[2017.04.28-20.37.23:961][191]LogWorld: Bringing up level for play took: 0.006534
[2017.04.28-20.37.24:043][191]LogContentBrowser: Native class hierarchy updated for 'MovieSceneCapture' in 0.0037 seconds. Added 11 classes and 0 folders.
[2017.04.28-20.37.24:047][191]PIE: Info Play in editor start time for /Game/Levels/UEDPIE_0_BattleGround -0.36
[2017.04.28-20.37.24:047][191]LogBlueprintUserMessages: Late PlayInEditor Detection: Level '/Game/Levels/BattleGround.BattleGround:PersistentLevel' has LevelScriptBlueprint '/Game/Levels/BattleGround.BattleGround:PersistentLevel.BattleGround' with GeneratedClass '/Game/Levels/BattleGround.BattleGround_C' with ClassGeneratedBy '/Game/Levels/BattleGround.BattleGround:PersistentLevel.BattleGround'
[2017.04.28-20.37.42:459][ 63]LogBlueprintUserMessages: Early EndPlayMap Detection: Level '/Game/Levels/BattleGround.BattleGround:PersistentLevel' has LevelScriptBlueprint '/Game/Levels/BattleGround.BattleGround:PersistentLevel.BattleGround' with GeneratedClass '/Game/Levels/BattleGround.BattleGround_C' with ClassGeneratedBy '/Game/Levels/BattleGround.BattleGround:PersistentLevel.BattleGround'
[2017.04.28-20.37.42:519][ 63]LogBlueprintUserMessages: Late EndPlayMap Detection: Level '/Game/Levels/BattleGround.BattleGround:PersistentLevel' has LevelScriptBlueprint '/Game/Levels/BattleGround.BattleGround:PersistentLevel.BattleGround' with GeneratedClass '/Game/Levels/BattleGround.BattleGround_C' with ClassGeneratedBy '/Game/Levels/BattleGround.BattleGround:PersistentLevel.BattleGround'
[2017.04.28-20.37.43:183][ 83]LogTemp: Repeting last play command: Selected Viewport
[2017.04.28-20.37.43:212][ 83]LogBlueprintUserMessages: Early PlayInEditor Detection: Level '/Game/Levels/BattleGround.BattleGround:PersistentLevel' has LevelScriptBlueprint '/Game/Levels/BattleGround.BattleGround:PersistentLevel.BattleGround' with GeneratedClass '/Game/Levels/BattleGround.BattleGround_C' with ClassGeneratedBy '/Game/Levels/BattleGround.BattleGround:PersistentLevel.BattleGround'
[2017.04.28-20.37.43:212][ 83]LogPlayLevel: PlayLevel: No blueprints needed recompiling
[2017.04.28-20.37.43:212][ 83]PIE: New page: PIE session: BattleGround (Apr 28, 2017, 10:37:43 PM)
[2017.04.28-20.37.43:212][ 83]LogPlayLevel: Creating play world package: /Game/Levels/UEDPIE_0_BattleGround
[2017.04.28-20.37.43:275][ 83]LogPlayLevel: PIE: StaticDuplicateObject took: (0.062783s)
[2017.04.28-20.37.43:276][ 83]LogAIModule: Creating AISystem for world BattleGround
[2017.04.28-20.37.43:276][ 83]LogPlayLevel: PIE: World Init took: (0.000807s)
[2017.04.28-20.37.43:277][ 83]LogPlayLevel: PIE: Created PIE world by copying editor world from /Game/Levels/BattleGround.BattleGround to /Game/Levels/UEDPIE_0_BattleGround.BattleGround (0.063889s)
[2017.04.28-20.37.43:302][ 83]LogInit: XAudio2 using 'Speakers (2- High Definition Audio Device)' : 2 channels at 44.1 kHz using 16 bits per sample (channel mask 0x3)
[2017.04.28-20.37.43:311][ 83]LogInit: FAudioDevice initialized.
[2017.04.28-20.37.43:358][ 83]LogLoad: Game class is 'BattleTankGameMode_BP_C'
[2017.04.28-20.37.43:365][ 83]LogWorld: Bringing World /Game/Levels/UEDPIE_0_BattleGround.BattleGround up for play (max tick rate 0) at 2017.04.28-21.37.43
[2017.04.28-20.37.43:365][ 83]LogWorld: Bringing up level for play took: 0.006243
[2017.04.28-20.37.43:369][ 83]PIE: Info Play in editor start time for /Game/Levels/UEDPIE_0_BattleGround 0.961
[2017.04.28-20.37.43:369][ 83]LogBlueprintUserMessages: Late PlayInEditor Detection: Level '/Game/Levels/BattleGround.BattleGround:PersistentLevel' has LevelScriptBlueprint '/Game/Levels/BattleGround.BattleGround:PersistentLevel.BattleGround' with GeneratedClass '/Game/Levels/BattleGround.BattleGround_C' with ClassGeneratedBy '/Game/Levels/BattleGround.BattleGround:PersistentLevel.BattleGround'
[2017.04.28-20.37.52:079][498]LogBlueprintUserMessages: Early EndPlayMap Detection: Level '/Game/Levels/BattleGround.BattleGround:PersistentLevel' has LevelScriptBlueprint '/Game/Levels/BattleGround.BattleGround:PersistentLevel.BattleGround' with GeneratedClass '/Game/Levels/BattleGround.BattleGround_C' with ClassGeneratedBy '/Game/Levels/BattleGround.BattleGround:PersistentLevel.BattleGround'
[2017.04.28-20.37.52:124][498]LogBlueprintUserMessages: Late EndPlayMap Detection: Level '/Game/Levels/BattleGround.BattleGround:PersistentLevel' has LevelScriptBlueprint '/Game/Levels/BattleGround.BattleGround:PersistentLevel.BattleGround' with GeneratedClass '/Game/Levels/BattleGround.BattleGround_C' with ClassGeneratedBy '/Game/Levels/BattleGround.BattleGround:PersistentLevel.BattleGround'
[2017.04.28-20.37.53:384][543]LogTemp: Repeting last play command: Selected Viewport
[2017.04.28-20.37.53:407][543]LogBlueprintUserMessages: Early PlayInEditor Detection: Level '/Game/Levels/BattleGround.BattleGround:PersistentLevel' has LevelScriptBlueprint '/Game/Levels/BattleGround.BattleGround:PersistentLevel.BattleGround' with GeneratedClass '/Game/Levels/BattleGround.BattleGround_C' with ClassGeneratedBy '/Game/Levels/BattleGround.BattleGround:PersistentLevel.BattleGround'
[2017.04.28-20.37.53:407][543]LogPlayLevel: PlayLevel: No blueprints needed recompiling
[2017.04.28-20.37.53:407][543]PIE: New page: PIE session: BattleGround (Apr 28, 2017, 10:37:53 PM)
[2017.04.28-20.37.53:407][543]LogPlayLevel: Creating play world package: /Game/Levels/UEDPIE_0_BattleGround
[2017.04.28-20.37.53:466][543]LogPlayLevel: PIE: StaticDuplicateObject took: (0.058308s)
[2017.04.28-20.37.53:466][543]LogAIModule: Creating AISystem for world BattleGround
[2017.04.28-20.37.53:466][543]LogPlayLevel: PIE: World Init took: (0.000789s)
[2017.04.28-20.37.53:467][543]LogPlayLevel: PIE: Created PIE world by copying editor world from /Game/Levels/BattleGround.BattleGround to /Game/Levels/UEDPIE_0_BattleGround.BattleGround (0.059375s)
[2017.04.28-20.37.53:491][543]LogInit: XAudio2 using 'Speakers (2- High Definition Audio Device)' : 2 channels at 44.1 kHz using 16 bits per sample (channel mask 0x3)
[2017.04.28-20.37.53:501][543]LogInit: FAudioDevice initialized.
[2017.04.28-20.37.53:531][543]LogLoad: Game class is 'BattleTankGameMode_BP_C'
[2017.04.28-20.37.53:538][543]LogWorld: Bringing World /Game/Levels/UEDPIE_0_BattleGround.BattleGround up for play (max tick rate 0) at 2017.04.28-21.37.53
[2017.04.28-20.37.53:539][543]LogWorld: Bringing up level for play took: 0.006240
[2017.04.28-20.37.53:541][543]PIE: Info Play in editor start time for /Game/Levels/UEDPIE_0_BattleGround 1.135
[2017.04.28-20.37.53:542][543]LogBlueprintUserMessages: Late PlayInEditor Detection: Level '/Game/Levels/BattleGround.BattleGround:PersistentLevel' has LevelScriptBlueprint '/Game/Levels/BattleGround.BattleGround:PersistentLevel.BattleGround' with GeneratedClass '/Game/Levels/BattleGround.BattleGround_C' with ClassGeneratedBy '/Game/Levels/BattleGround.BattleGround:PersistentLevel.BattleGround'
[2017.04.28-20.38.01:574][917]LogBlueprintUserMessages: Early EndPlayMap Detection: Level '/Game/Levels/BattleGround.BattleGround:PersistentLevel' has LevelScriptBlueprint '/Game/Levels/BattleGround.BattleGround:PersistentLevel.BattleGround' with GeneratedClass '/Game/Levels/BattleGround.BattleGround_C' with ClassGeneratedBy '/Game/Levels/BattleGround.BattleGround:PersistentLevel.BattleGround'
[2017.04.28-20.38.01:621][917]LogBlueprintUserMessages: Late EndPlayMap Detection: Level '/Game/Levels/BattleGround.BattleGround:PersistentLevel' has LevelScriptBlueprint '/Game/Levels/BattleGround.BattleGround:PersistentLevel.BattleGround' with GeneratedClass '/Game/Levels/BattleGround.BattleGround_C' with ClassGeneratedBy '/Game/Levels/BattleGround.BattleGround:PersistentLevel.BattleGround'
[2017.04.28-20.38.03:698][987]LogTemp: Repeting last play command: Selected Viewport
[2017.04.28-20.38.03:723][987]LogBlueprintUserMessages: Early PlayInEditor Detection: Level '/Game/Levels/BattleGround.BattleGround:PersistentLevel' has LevelScriptBlueprint '/Game/Levels/BattleGround.BattleGround:PersistentLevel.BattleGround' with GeneratedClass '/Game/Levels/BattleGround.BattleGround_C' with ClassGeneratedBy '/Game/Levels/BattleGround.BattleGround:PersistentLevel.BattleGround'
[2017.04.28-20.38.03:723][987]LogPlayLevel: PlayLevel: No blueprints needed recompiling
[2017.04.28-20.38.03:723][987]PIE: New page: PIE session: BattleGround (Apr 28, 2017, 10:38:03 PM)
[2017.04.28-20.38.03:723][987]LogPlayLevel: Creating play world package: /Game/Levels/UEDPIE_0_BattleGround
[2017.04.28-20.38.03:779][987]LogPlayLevel: PIE: StaticDuplicateObject took: (0.056300s)
[2017.04.28-20.38.03:780][987]LogAIModule: Creating AISystem for world BattleGround
[2017.04.28-20.38.03:780][987]LogPlayLevel: PIE: World Init took: (0.000965s)
[2017.04.28-20.38.03:781][987]LogPlayLevel: PIE: Created PIE world by copying editor world from /Game/Levels/BattleGround.BattleGround to /Game/Levels/UEDPIE_0_BattleGround.BattleGround (0.057674s)
[2017.04.28-20.38.03:808][987]LogInit: XAudio2 using 'Speakers (2- High Definition Audio Device)' : 2 channels at 44.1 kHz using 16 bits per sample (channel mask 0x3)
[2017.04.28-20.38.03:817][987]LogInit: FAudioDevice initialized.
[2017.04.28-20.38.03:853][987]LogLoad: Game class is 'BattleTankGameMode_BP_C'
[2017.04.28-20.38.03:861][987]LogWorld: Bringing World /Game/Levels/UEDPIE_0_BattleGround.BattleGround up for play (max tick rate 0) at 2017.04.28-21.38.03
[2017.04.28-20.38.03:862][987]LogWorld: Bringing up level for play took: 0.007523
[2017.04.28-20.38.03:866][987]PIE: Info Play in editor start time for /Game/Levels/UEDPIE_0_BattleGround -0.541
[2017.04.28-20.38.03:866][987]LogBlueprintUserMessages: Late PlayInEditor Detection: Level '/Game/Levels/BattleGround.BattleGround:PersistentLevel' has LevelScriptBlueprint '/Game/Levels/BattleGround.BattleGround:PersistentLevel.BattleGround' with GeneratedClass '/Game/Levels/BattleGround.BattleGround_C' with ClassGeneratedBy '/Game/Levels/BattleGround.BattleGround:PersistentLevel.BattleGround'
[2017.04.28-20.38.14:919][514]LogBlueprintUserMessages: Early EndPlayMap Detection: Level '/Game/Levels/BattleGround.BattleGround:PersistentLevel' has LevelScriptBlueprint '/Game/Levels/BattleGround.BattleGround:PersistentLevel.BattleGround' with GeneratedClass '/Game/Levels/BattleGround.BattleGround_C' with ClassGeneratedBy '/Game/Levels/BattleGround.BattleGround:PersistentLevel.BattleGround'
[2017.04.28-20.38.14:973][514]LogBlueprintUserMessages: Late EndPlayMap Detection: Level '/Game/Levels/BattleGround.BattleGround:PersistentLevel' has LevelScriptBlueprint '/Game/Levels/BattleGround.BattleGround:PersistentLevel.BattleGround' with GeneratedClass '/Game/Levels/BattleGround.BattleGround_C' with ClassGeneratedBy '/Game/Levels/BattleGround.BattleGround:PersistentLevel.BattleGround'
[2017.04.28-20.38.20:933][649]LogSlate: Took 0.006613 seconds to synchronously load lazily loaded font '../../../Engine/Content/Editor/Slate/Fonts/DroidSansMono.ttf' (77K)
[2017.04.28-20.38.36:252][114]LogTemp: Repeting last play command: Selected Viewport
[2017.04.28-20.38.36:276][114]LogBlueprintUserMessages: Early PlayInEditor Detection: Level '/Game/Levels/BattleGround.BattleGround:PersistentLevel' has LevelScriptBlueprint '/Game/Levels/BattleGround.BattleGround:PersistentLevel.BattleGround' with GeneratedClass '/Game/Levels/BattleGround.BattleGround_C' with ClassGeneratedBy '/Game/Levels/BattleGround.BattleGround:PersistentLevel.BattleGround'
[2017.04.28-20.38.36:276][114]LogPlayLevel: PlayLevel: No blueprints needed recompiling
[2017.04.28-20.38.36:276][114]PIE: New page: PIE session: BattleGround (Apr 28, 2017, 10:38:36 PM)
[2017.04.28-20.38.36:277][114]LogPlayLevel: Creating play world package: /Game/Levels/UEDPIE_0_BattleGround
[2017.04.28-20.38.36:335][114]LogPlayLevel: PIE: StaticDuplicateObject took: (0.058072s)
[2017.04.28-20.38.36:336][114]LogAIModule: Creating AISystem for world BattleGround
[2017.04.28-20.38.36:336][114]LogPlayLevel: PIE: World Init took: (0.001282s)
[2017.04.28-20.38.36:337][114]LogPlayLevel: PIE: Created PIE world by copying editor world from /Game/Levels/BattleGround.BattleGround to /Game/Levels/UEDPIE_0_BattleGround.BattleGround (0.060119s)
[2017.04.28-20.38.36:359][114]LogInit: XAudio2 using 'Speakers (2- High Definition Audio Device)' : 2 channels at 44.1 kHz using 16 bits per sample (channel mask 0x3)
[2017.04.28-20.38.36:370][114]LogInit: FAudioDevice initialized.
[2017.04.28-20.38.36:405][114]LogLoad: Game class is 'BattleTankGameMode_BP_C'
[2017.04.28-20.38.36:415][114]LogWorld: Bringing World /Game/Levels/UEDPIE_0_BattleGround.BattleGround up for play (max tick rate 0) at 2017.04.28-21.38.36
[2017.04.28-20.38.36:417][114]LogWorld: Bringing up level for play took: 0.010055
[2017.04.28-20.38.36:420][114]PIE: Info Play in editor start time for /Game/Levels/UEDPIE_0_BattleGround 0.013
[2017.04.28-20.38.36:421][114]LogBlueprintUserMessages: Late PlayInEditor Detection: Level '/Game/Levels/BattleGround.BattleGround:PersistentLevel' has LevelScriptBlueprint '/Game/Levels/BattleGround.BattleGround:PersistentLevel.BattleGround' with GeneratedClass '/Game/Levels/BattleGround.BattleGround_C' with ClassGeneratedBy '/Game/Levels/BattleGround.BattleGround:PersistentLevel.BattleGround'
[2017.04.28-20.38.42:010][381]LogBlueprintUserMessages: Early EndPlayMap Detection: Level '/Game/Levels/BattleGround.BattleGround:PersistentLevel' has LevelScriptBlueprint '/Game/Levels/BattleGround.BattleGround:PersistentLevel.BattleGround' with GeneratedClass '/Game/Levels/BattleGround.BattleGround_C' with ClassGeneratedBy '/Game/Levels/BattleGround.BattleGround:PersistentLevel.BattleGround'
[2017.04.28-20.38.42:062][381]LogBlueprintUserMessages: Late EndPlayMap Detection: Level '/Game/Levels/BattleGround.BattleGround:PersistentLevel' has LevelScriptBlueprint '/Game/Levels/BattleGround.BattleGround:PersistentLevel.BattleGround' with GeneratedClass '/Game/Levels/BattleGround.BattleGround_C' with ClassGeneratedBy '/Game/Levels/BattleGround.BattleGround:PersistentLevel.BattleGround'
[2017.04.28-20.38.43:083][416]LogTemp: Repeting last play command: Selected Viewport
[2017.04.28-20.38.43:109][416]LogBlueprintUserMessages: Early PlayInEditor Detection: Level '/Game/Levels/BattleGround.BattleGround:PersistentLevel' has LevelScriptBlueprint '/Game/Levels/BattleGround.BattleGround:PersistentLevel.BattleGround' with GeneratedClass '/Game/Levels/BattleGround.BattleGround_C' with ClassGeneratedBy '/Game/Levels/BattleGround.BattleGround:PersistentLevel.BattleGround'
[2017.04.28-20.38.43:109][416]LogPlayLevel: PlayLevel: No blueprints needed recompiling
[2017.04.28-20.38.43:109][416]PIE: New page: PIE session: BattleGround (Apr 28, 2017, 10:38:43 PM)
[2017.04.28-20.38.43:110][416]LogPlayLevel: Creating play world package: /Game/Levels/UEDPIE_0_BattleGround
[2017.04.28-20.38.43:175][416]LogPlayLevel: PIE: StaticDuplicateObject took: (0.064940s)
[2017.04.28-20.38.43:176][416]LogAIModule: Creating AISystem for world BattleGround
[2017.04.28-20.38.43:176][416]LogPlayLevel: PIE: World Init took: (0.001184s)
[2017.04.28-20.38.43:177][416]LogPlayLevel: PIE: Created PIE world by copying editor world from /Game/Levels/BattleGround.BattleGround to /Game/Levels/UEDPIE_0_BattleGround.BattleGround (0.066933s)
[2017.04.28-20.38.43:200][416]LogInit: XAudio2 using 'Speakers (2- High Definition Audio Device)' : 2 channels at 44.1 kHz using 16 bits per sample (channel mask 0x3)
[2017.04.28-20.38.43:209][416]LogInit: FAudioDevice initialized.
[2017.04.28-20.38.43:242][416]LogLoad: Game class is 'BattleTankGameMode_BP_C'
[2017.04.28-20.38.43:249][416]LogWorld: Bringing World /Game/Levels/UEDPIE_0_BattleGround.BattleGround up for play (max tick rate 0) at 2017.04.28-21.38.43
[2017.04.28-20.38.43:250][416]LogWorld: Bringing up level for play took: 0.006229
[2017.04.28-20.38.43:252][416]PIE: Info Play in editor start time for /Game/Levels/UEDPIE_0_BattleGround 0.845
[2017.04.28-20.38.43:253][416]LogBlueprintUserMessages: Late PlayInEditor Detection: Level '/Game/Levels/BattleGround.BattleGround:PersistentLevel' has LevelScriptBlueprint '/Game/Levels/BattleGround.BattleGround:PersistentLevel.BattleGround' with GeneratedClass '/Game/Levels/BattleGround.BattleGround_C' with ClassGeneratedBy '/Game/Levels/BattleGround.BattleGround:PersistentLevel.BattleGround'
[2017.04.28-20.39.10:259][696]LogBlueprintUserMessages: Early EndPlayMap Detection: Level '/Game/Levels/BattleGround.BattleGround:PersistentLevel' has LevelScriptBlueprint '/Game/Levels/BattleGround.BattleGround:PersistentLevel.BattleGround' with GeneratedClass '/Game/Levels/BattleGround.BattleGround_C' with ClassGeneratedBy '/Game/Levels/BattleGround.BattleGround:PersistentLevel.BattleGround'
[2017.04.28-20.39.10:309][696]LogBlueprintUserMessages: Late EndPlayMap Detection: Level '/Game/Levels/BattleGround.BattleGround:PersistentLevel' has LevelScriptBlueprint '/Game/Levels/BattleGround.BattleGround:PersistentLevel.BattleGround' with GeneratedClass '/Game/Levels/BattleGround.BattleGround_C' with ClassGeneratedBy '/Game/Levels/BattleGround.BattleGround:PersistentLevel.BattleGround'
[2017.04.28-20.39.11:838][754]LogTemp: Repeting last play command: Selected Viewport
[2017.04.28-20.39.11:867][754]LogBlueprintUserMessages: Early PlayInEditor Detection: Level '/Game/Levels/BattleGround.BattleGround:PersistentLevel' has LevelScriptBlueprint '/Game/Levels/BattleGround.BattleGround:PersistentLevel.BattleGround' with GeneratedClass '/Game/Levels/BattleGround.BattleGround_C' with ClassGeneratedBy '/Game/Levels/BattleGround.BattleGround:PersistentLevel.BattleGround'
[2017.04.28-20.39.11:868][754]LogPlayLevel: PlayLevel: No blueprints needed recompiling
[2017.04.28-20.39.11:868][754]PIE: New page: PIE session: BattleGround (Apr 28, 2017, 10:39:11 PM)
[2017.04.28-20.39.11:868][754]LogPlayLevel: Creating play world package: /Game/Levels/UEDPIE_0_BattleGround
[2017.04.28-20.39.11:921][754]LogPlayLevel: PIE: StaticDuplicateObject took: (0.052346s)
[2017.04.28-20.39.11:922][754]LogAIModule: Creating AISystem for world BattleGround
[2017.04.28-20.39.11:923][754]LogPlayLevel: PIE: World Init took: (0.001443s)
[2017.04.28-20.39.11:923][754]LogPlayLevel: PIE: Created PIE world by copying editor world from /Game/Levels/BattleGround.BattleGround to /Game/Levels/UEDPIE_0_BattleGround.BattleGround (0.054661s)
[2017.04.28-20.39.11:947][754]LogInit: XAudio2 using 'Speakers (2- High Definition Audio Device)' : 2 channels at 44.1 kHz using 16 bits per sample (channel mask 0x3)
[2017.04.28-20.39.11:958][754]LogInit: FAudioDevice initialized.
[2017.04.28-20.39.11:994][754]LogLoad: Game class is 'BattleTankGameMode_BP_C'
[2017.04.28-20.39.12:001][754]LogWorld: Bringing World /Game/Levels/UEDPIE_0_BattleGround.BattleGround up for play (max tick rate 0) at 2017.04.28-21.39.12
[2017.04.28-20.39.12:002][754]LogWorld: Bringing up level for play took: 0.006404
[2017.04.28-20.39.12:006][754]PIE: Info Play in editor start time for /Game/Levels/UEDPIE_0_BattleGround -0.401
[2017.04.28-20.39.12:006][754]LogBlueprintUserMessages: Late PlayInEditor Detection: Level '/Game/Levels/BattleGround.BattleGround:PersistentLevel' has LevelScriptBlueprint '/Game/Levels/BattleGround.BattleGround:PersistentLevel.BattleGround' with GeneratedClass '/Game/Levels/BattleGround.BattleGround_C' with ClassGeneratedBy '/Game/Levels/BattleGround.BattleGround:PersistentLevel.BattleGround'
[2017.04.28-20.39.26:879][462]LogBlueprintUserMessages: Early EndPlayMap Detection: Level '/Game/Levels/BattleGround.BattleGround:PersistentLevel' has LevelScriptBlueprint '/Game/Levels/BattleGround.BattleGround:PersistentLevel.BattleGround' with GeneratedClass '/Game/Levels/BattleGround.BattleGround_C' with ClassGeneratedBy '/Game/Levels/BattleGround.BattleGround:PersistentLevel.BattleGround'
[2017.04.28-20.39.26:930][462]LogBlueprintUserMessages: Late EndPlayMap Detection: Level '/Game/Levels/BattleGround.BattleGround:PersistentLevel' has LevelScriptBlueprint '/Game/Levels/BattleGround.BattleGround:PersistentLevel.BattleGround' with GeneratedClass '/Game/Levels/BattleGround.BattleGround_C' with ClassGeneratedBy '/Game/Levels/BattleGround.BattleGround:PersistentLevel.BattleGround'
[2017.04.28-20.39.42:929][705]LogSlate: Took 0.000222 seconds to synchronously load lazily loaded font '../../../Engine/Content/Slate/Fonts/Roboto-Light.ttf' (159K)
[2017.04.28-20.39.43:619][705]LogSlate: Took 0.000247 seconds to synchronously load lazily loaded font '../../../Engine/Content/Slate/Fonts/Roboto-Regular.ttf' (155K)
[2017.04.28-20.39.43:811][705]LogContentBrowser: Native class hierarchy updated for 'BlueprintGraph' in 0.0066 seconds. Added 112 classes and 0 folders.
[2017.04.28-20.39.45:115][705]LogSlate: Took 0.000206 seconds to synchronously load lazily loaded font '../../../Engine/Content/Slate/Fonts/Roboto-Light.ttf' (159K)
[2017.04.28-20.39.45:122][705]LogSlate: Took 0.005407 seconds to synchronously load lazily loaded font '../../../Engine/Content/Editor/Slate/Fonts/Roboto-BoldCondensed.ttf' (158K)
[2017.04.28-20.40.04:582][222]LogTemp: Repeting last play command: Selected Viewport
[2017.04.28-20.40.04:617][222]LogBlueprintUserMessages: Early PlayInEditor Detection: Level '/Game/Levels/BattleGround.BattleGround:PersistentLevel' has LevelScriptBlueprint '/Game/Levels/BattleGround.BattleGround:PersistentLevel.BattleGround' with GeneratedClass '/Game/Levels/BattleGround.BattleGround_C' with ClassGeneratedBy '/Game/Levels/BattleGround.BattleGround:PersistentLevel.BattleGround'
[2017.04.28-20.40.04:618][222]LogPlayLevel: PlayLevel: No blueprints needed recompiling
[2017.04.28-20.40.04:618][222]PIE: New page: PIE session: BattleGround (Apr 28, 2017, 10:40:04 PM)
[2017.04.28-20.40.04:618][222]LogPlayLevel: Creating play world package: /Game/Levels/UEDPIE_0_BattleGround
[2017.04.28-20.40.04:662][222]LogPlayLevel: PIE: StaticDuplicateObject took: (0.043534s)
[2017.04.28-20.40.04:663][222]LogAIModule: Creating AISystem for world BattleGround
[2017.04.28-20.40.04:663][222]LogPlayLevel: PIE: World Init took: (0.001035s)
[2017.04.28-20.40.04:663][222]LogPlayLevel: PIE: Created PIE world by copying editor world from /Game/Levels/BattleGround.BattleGround to /Game/Levels/UEDPIE_0_BattleGround.BattleGround (0.045221s)
[2017.04.28-20.40.04:694][222]LogInit: XAudio2 using 'Speakers (2- High Definition Audio Device)' : 2 channels at 44.1 kHz using 16 bits per sample (channel mask 0x3)
[2017.04.28-20.40.04:704][222]LogInit: FAudioDevice initialized.
[2017.04.28-20.40.04:740][222]LogLoad: Game class is 'BattleTankGameMode_BP_C'
[2017.04.28-20.40.04:747][222]LogWorld: Bringing World /Game/Levels/UEDPIE_0_BattleGround.BattleGround up for play (max tick rate 0) at 2017.04.28-21.40.04
[2017.04.28-20.40.04:749][222]LogWorld: Bringing up level for play took: 0.006805
[2017.04.28-20.40.04:751][222]PIE: Info Play in editor start time for /Game/Levels/UEDPIE_0_BattleGround 0.344
[2017.04.28-20.40.04:752][222]LogBlueprintUserMessages: Late PlayInEditor Detection: Level '/Game/Levels/BattleGround.BattleGround:PersistentLevel' has LevelScriptBlueprint '/Game/Levels/BattleGround.BattleGround:PersistentLevel.BattleGround' with GeneratedClass '/Game/Levels/BattleGround.BattleGround_C' with ClassGeneratedBy '/Game/Levels/BattleGround.BattleGround:PersistentLevel.BattleGround'
[2017.04.28-20.40.06:164][288]LogBlueprintUserMessages: Early EndPlayMap Detection: Level '/Game/Levels/BattleGround.BattleGround:PersistentLevel' has LevelScriptBlueprint '/Game/Levels/BattleGround.BattleGround:PersistentLevel.BattleGround' with GeneratedClass '/Game/Levels/BattleGround.BattleGround_C' with ClassGeneratedBy '/Game/Levels/BattleGround.BattleGround:PersistentLevel.BattleGround'
[2017.04.28-20.40.06:212][288]LogBlueprintUserMessages: Late EndPlayMap Detection: Level '/Game/Levels/BattleGround.BattleGround:PersistentLevel' has LevelScriptBlueprint '/Game/Levels/BattleGround.BattleGround:PersistentLevel.BattleGround' with GeneratedClass '/Game/Levels/BattleGround.BattleGround_C' with ClassGeneratedBy '/Game/Levels/BattleGround.BattleGround:PersistentLevel.BattleGround'
[2017.04.28-20.41.15:339][ 35]BlueprintLog: New page: Compile PlayerUI
[2017.04.28-20.41.16:051][ 44]Cmd: OBJ SAVEPACKAGE PACKAGE="/Game/UI/PlayerUI" FILE="../../../../../../Users/Sarah/Documents/Unreal Projects/04_BattleTank/BattleTank/Content/UI/PlayerUI.uasset" SILENT=true
[2017.04.28-20.41.16:119][ 44]LogSavePackage: Save=30.28ms
[2017.04.28-20.41.16:119][ 44]LogSavePackage: Moving '../../../../../../Users/Sarah/Documents/Unreal Projects/04_BattleTank/BattleTank/Saved/PlayerUIA007992242F07DEB20C328A07BEA4D87.tmp' to '../../../../../../Users/Sarah/Documents/Unreal Projects/04_BattleTank/BattleTank/Content/UI/PlayerUI.uasset'
[2017.04.28-20.41.16:123][ 44]LogSavePackage:Display: Finished SavePackage ../../../../../../Users/Sarah/Documents/Unreal Projects/04_BattleTank/BattleTank/Content/UI/PlayerUI.uasset
[2017.04.28-20.41.17:752][ 90]LogTemp: Repeting last play command: Selected Viewport
[2017.04.28-20.41.17:776][ 90]LogBlueprintUserMessages: Early PlayInEditor Detection: Level '/Game/Levels/BattleGround.BattleGround:PersistentLevel' has LevelScriptBlueprint '/Game/Levels/BattleGround.BattleGround:PersistentLevel.BattleGround' with GeneratedClass '/Game/Levels/BattleGround.BattleGround_C' with ClassGeneratedBy '/Game/Levels/BattleGround.BattleGround:PersistentLevel.BattleGround'
[2017.04.28-20.41.17:776][ 90]LogPlayLevel: PlayLevel: No blueprints needed recompiling
[2017.04.28-20.41.17:776][ 90]PIE: New page: PIE session: BattleGround (Apr 28, 2017, 10:41:17 PM)
[2017.04.28-20.41.17:777][ 90]LogPlayLevel: Creating play world package: /Game/Levels/UEDPIE_0_BattleGround
[2017.04.28-20.41.17:824][ 90]LogPlayLevel: PIE: StaticDuplicateObject took: (0.047058s)
[2017.04.28-20.41.17:825][ 90]LogAIModule: Creating AISystem for world BattleGround
[2017.04.28-20.41.17:825][ 90]LogPlayLevel: PIE: World Init took: (0.000879s)
[2017.04.28-20.41.17:825][ 90]LogPlayLevel: PIE: Created PIE world by copying editor world from /Game/Levels/BattleGround.BattleGround to /Game/Levels/UEDPIE_0_BattleGround.BattleGround (0.048497s)
[2017.04.28-20.41.17:847][ 90]LogInit: XAudio2 using 'Speakers (2- High Definition Audio Device)' : 2 channels at 44.1 kHz using 16 bits per sample (channel mask 0x3)
[2017.04.28-20.41.17:855][ 90]LogInit: FAudioDevice initialized.
[2017.04.28-20.41.17:886][ 90]LogLoad: Game class is 'BattleTankGameMode_BP_C'
[2017.04.28-20.41.17:893][ 90]LogWorld: Bringing World /Game/Levels/UEDPIE_0_BattleGround.BattleGround up for play (max tick rate 0) at 2017.04.28-21.41.17
[2017.04.28-20.41.17:894][ 90]LogWorld: Bringing up level for play took: 0.006443
[2017.04.28-20.41.17:897][ 90]PIE: Info Play in editor start time for /Game/Levels/UEDPIE_0_BattleGround -0.51
[2017.04.28-20.41.17:897][ 90]LogBlueprintUserMessages: Late PlayInEditor Detection: Level '/Game/Levels/BattleGround.BattleGround:PersistentLevel' has LevelScriptBlueprint '/Game/Levels/BattleGround.BattleGround:PersistentLevel.BattleGround' with GeneratedClass '/Game/Levels/BattleGround.BattleGround_C' with ClassGeneratedBy '/Game/Levels/BattleGround.BattleGround:PersistentLevel.BattleGround'
[2017.04.28-20.41.27:588][549]LogBlueprintUserMessages: Early EndPlayMap Detection: Level '/Game/Levels/BattleGround.BattleGround:PersistentLevel' has LevelScriptBlueprint '/Game/Levels/BattleGround.BattleGround:PersistentLevel.BattleGround' with GeneratedClass '/Game/Levels/BattleGround.BattleGround_C' with ClassGeneratedBy '/Game/Levels/BattleGround.BattleGround:PersistentLevel.BattleGround'
[2017.04.28-20.41.27:637][549]LogBlueprintUserMessages: Late EndPlayMap Detection: Level '/Game/Levels/BattleGround.BattleGround:PersistentLevel' has LevelScriptBlueprint '/Game/Levels/BattleGround.BattleGround:PersistentLevel.BattleGround' with GeneratedClass '/Game/Levels/BattleGround.BattleGround_C' with ClassGeneratedBy '/Game/Levels/BattleGround.BattleGround:PersistentLevel.BattleGround'
[2017.04.28-20.41.38:202][872]BlueprintLog: New page: Compile PlayerUI
[2017.04.28-20.41.38:933][884]Cmd: OBJ SAVEPACKAGE PACKAGE="/Game/UI/PlayerUI" FILE="../../../../../../Users/Sarah/Documents/Unreal Projects/04_BattleTank/BattleTank/Content/UI/PlayerUI.uasset" SILENT=true
[2017.04.28-20.41.38:987][884]LogSavePackage: Save=25.95ms
[2017.04.28-20.41.38:988][884]LogSavePackage: Moving '../../../../../../Users/Sarah/Documents/Unreal Projects/04_BattleTank/BattleTank/Saved/PlayerUI95F3CB5C4CBA34C6821C3ABB89BDBC0B.tmp' to '../../../../../../Users/Sarah/Documents/Unreal Projects/04_BattleTank/BattleTank/Content/UI/PlayerUI.uasset'
[2017.04.28-20.41.38:993][884]LogSavePackage:Display: Finished SavePackage ../../../../../../Users/Sarah/Documents/Unreal Projects/04_BattleTank/BattleTank/Content/UI/PlayerUI.uasset
[2017.04.28-20.41.40:771][943]LogTemp: Repeting last play command: Selected Viewport
[2017.04.28-20.41.40:802][943]LogBlueprintUserMessages: Early PlayInEditor Detection: Level '/Game/Levels/BattleGround.BattleGround:PersistentLevel' has LevelScriptBlueprint '/Game/Levels/BattleGround.BattleGround:PersistentLevel.BattleGround' with GeneratedClass '/Game/Levels/BattleGround.BattleGround_C' with ClassGeneratedBy '/Game/Levels/BattleGround.BattleGround:PersistentLevel.BattleGround'
[2017.04.28-20.41.40:802][943]LogPlayLevel: PlayLevel: No blueprints needed recompiling
[2017.04.28-20.41.40:802][943]PIE: New page: PIE session: BattleGround (Apr 28, 2017, 10:41:40 PM)
[2017.04.28-20.41.40:803][943]LogPlayLevel: Creating play world package: /Game/Levels/UEDPIE_0_BattleGround
[2017.04.28-20.41.40:850][943]LogPlayLevel: PIE: StaticDuplicateObject took: (0.047526s)
[2017.04.28-20.41.40:852][943]LogAIModule: Creating AISystem for world BattleGround
[2017.04.28-20.41.40:852][943]LogPlayLevel: PIE: World Init took: (0.001403s)
[2017.04.28-20.41.40:852][943]LogPlayLevel: PIE: Created PIE world by copying editor world from /Game/Levels/BattleGround.BattleGround to /Game/Levels/UEDPIE_0_BattleGround.BattleGround (0.049739s)
[2017.04.28-20.41.40:875][943]LogInit: XAudio2 using 'Speakers (2- High Definition Audio Device)' : 2 channels at 44.1 kHz using 16 bits per sample (channel mask 0x3)
[2017.04.28-20.41.40:883][943]LogInit: FAudioDevice initialized.
[2017.04.28-20.41.40:919][943]LogLoad: Game class is 'BattleTankGameMode_BP_C'
[2017.04.28-20.41.40:930][943]LogWorld: Bringing World /Game/Levels/UEDPIE_0_BattleGround.BattleGround up for play (max tick rate 0) at 2017.04.28-21.41.40
[2017.04.28-20.41.40:931][943]LogWorld: Bringing up level for play took: 0.010457
[2017.04.28-20.41.40:934][943]PIE: Info Play in editor start time for /Game/Levels/UEDPIE_0_BattleGround 0.527
[2017.04.28-20.41.40:935][943]LogBlueprintUserMessages: Late PlayInEditor Detection: Level '/Game/Levels/BattleGround.BattleGround:PersistentLevel' has LevelScriptBlueprint '/Game/Levels/BattleGround.BattleGround:PersistentLevel.BattleGround' with GeneratedClass '/Game/Levels/BattleGround.BattleGround_C' with ClassGeneratedBy '/Game/Levels/BattleGround.BattleGround:PersistentLevel.BattleGround'
[2017.04.28-20.41.48:830][312]LogBlueprintUserMessages: Early EndPlayMap Detection: Level '/Game/Levels/BattleGround.BattleGround:PersistentLevel' has LevelScriptBlueprint '/Game/Levels/BattleGround.BattleGround:PersistentLevel.BattleGround' with GeneratedClass '/Game/Levels/BattleGround.BattleGround_C' with ClassGeneratedBy '/Game/Levels/BattleGround.BattleGround:PersistentLevel.BattleGround'
[2017.04.28-20.41.48:881][312]LogBlueprintUserMessages: Late EndPlayMap Detection: Level '/Game/Levels/BattleGround.BattleGround:PersistentLevel' has LevelScriptBlueprint '/Game/Levels/BattleGround.BattleGround:PersistentLevel.BattleGround' with GeneratedClass '/Game/Levels/BattleGround.BattleGround_C' with ClassGeneratedBy '/Game/Levels/BattleGround.BattleGround:PersistentLevel.BattleGround'
[2017.04.28-20.42.03:905][607]LogCrashTracker: 


[2017.04.28-20.42.03:905][607]LogCrashTracker: 


[2017.04.28-20.42.03:905][607]LogWindows:Error: === Critical error: ===
[2017.04.28-20.42.03:905][607]LogWindows:Error: 
[2017.04.28-20.42.03:905][607]LogWindows:Error: Fatal error!
[2017.04.28-20.42.03:905][607]LogWindows:Error: 
[2017.04.28-20.42.03:905][607]LogWindows:Error: Unhandled Exception: EXCEPTION_ACCESS_VIOLATION reading address 0x00000000
[2017.04.28-20.42.03:905][607]LogWindows:Error: 
[2017.04.28-20.42.03:905][607]LogWindows:Error: UE4Editor-BattleTank-9711.dll!ATankPlayerController::AimTowardsCrosshair() [c:\users\sarah\documents\unreal projects\04_battletank\battletank\source\battletank\private\tankplayercontroller.cpp:33]
[2017.04.28-20.42.03:906][607]LogWindows:Error: UE4Editor-Engine.dll!0x00000000993233CC
[2017.04.28-20.42.03:906][607]LogWindows:Error: UE4Editor-Engine.dll!0x000000009869AA2E
[2017.04.28-20.42.03:906][607]LogWindows:Error: UE4Editor-Engine.dll!0x000000009961F62D
[2017.04.28-20.42.03:906][607]LogWindows:Error: UE4Editor-Engine.dll!0x00000000996252FD
[2017.04.28-20.42.03:906][607]LogWindows:Error: UE4Editor-Core.dll!0x00000000A6EBD83D
[2017.04.28-20.42.03:906][607]LogWindows:Error: UE4Editor-Core.dll!0x00000000A6EBDC5D
[2017.04.28-20.42.03:906][607]LogWindows:Error: UE4Editor-Core.dll!0x00000000A6EDCCDB
[2017.04.28-20.42.03:906][607]LogWindows:Error: UE4Editor-Engine.dll!0x0000000099649051
[2017.04.28-20.42.03:906][607]LogWindows:Error: UE4Editor-Engine.dll!0x00000000996598D2
[2017.04.28-20.42.03:906][607]LogWindows:Error: UE4Editor-Engine.dll!0x0000000098F87B44
[2017.04.28-20.42.03:906][607]LogWindows:Error: UE4Editor-Engine.dll!0x0000000098F8FC6B
[2017.04.28-20.42.03:907][607]LogWindows:Error: UE4Editor-Kismet.dll!0x00000000A33B53A9
[2017.04.28-20.42.03:907][607]LogWindows:Error: UE4Editor-UnrealEd.dll!0x00000000A4B67095
[2017.04.28-20.42.03:907][607]LogWindows:Error: UE4Editor-UnrealEd.dll!0x00000000A5371AD6
[2017.04.28-20.42.03:907][607]LogWindows:Error: UE4Editor.exe!0x00000000C875DEE3
[2017.04.28-20.42.03:907][607]LogWindows:Error: UE4Editor.exe!0x00000000C874EB40
[2017.04.28-20.42.03:907][607]LogWindows:Error: UE4Editor.exe!0x00000000C874EBBA
[2017.04.28-20.42.03:907][607]LogWindows:Error: UE4Editor.exe!0x00000000C8760A29
[2017.04.28-20.42.03:907][607]LogWindows:Error: UE4Editor.exe!0x00000000C87622B6
[2017.04.28-20.42.03:907][607]LogWindows:Error: KERNEL32.DLL!0x00000000E12A8364
[2017.04.28-20.42.03:907][607]LogWindows:Error: ntdll.dll!0x00000000E18470D1
[2017.04.28-20.42.03:907][607]LogWindows:Error: ntdll.dll!0x00000000E18470D1
[2017.04.28-20.42.03:907][607]LogWindows:Error: 
[2017.04.28-20.42.03:943][607]LogExit: Executing StaticShutdownAfterError
[2017.04.28-20.42.03:947][607]LogWindows: FPlatformMisc::RequestExit(1)
[2017.04.28-20.42.03:947][607]Log file closed, 04/28/17 21:42:03
