Log file open, 04/26/17 16:23:35
LogInit:Display: Running engine for game: BattleTank
LogPlatformFile: Not using cached read wrapper
LogInit:Display: RandInit(-418357143) SRandInit(-418357143).
LogTaskGraph: Started task graph with 5 named threads and 8 total threads with 1 sets of task threads.
LogStats: Stats thread started at 0.217314
LogInit: Using libcurl 7.47.1
LogInit:  - built for x86_64-pc-win32
LogInit:  - supports SSL with OpenSSL/1.0.2g
LogInit:  - supports HTTP deflate (compression) using libz 1.2.8
LogInit:  - other features:
LogInit:      CURL_VERSION_SSL
LogInit:      CURL_VERSION_LIBZ
LogInit:      CURL_VERSION_IPV6
LogInit:      CURL_VERSION_ASYNCHDNS
LogInit:      CURL_VERSION_LARGEFILE
LogInit:      CURL_VERSION_IDN
LogInit:  CurlRequestOptions (configurable via config and command line):
LogInit:  - bVerifyPeer = false  - Libcurl will NOT verify peer certificate
LogInit:  - bUseHttpProxy = false  - Libcurl will NOT use HTTP proxy
LogInit:  - bDontReuseConnections = false  - Libcurl will reuse connections
LogInit:  - CertBundlePath = nullptr  - Libcurl will use whatever was configured at build time.
LogInit: Build: ++UE4+Release-4.15-CL-3299760
LogInit: Engine Version: 4.15.0-3299760+++UE4+Release-4.15
LogInit: Compatible Engine Version: 4.15.0-3299760+++UE4+Release-4.15
LogInit: Net CL: 3299760
LogDevObjectVersion: Number of dev versions registered: 14
LogDevObjectVersion:   Dev-Blueprints (B0D832E4-1F89-4F0D-ACCF-7EB736FD4AA2): 8
LogDevObjectVersion:   Dev-Build (E1C64328-A22C-4D53-A36C-8E866417BD8C): 0
LogDevObjectVersion:   Dev-Core (375EC13C-06E4-48FB-B500-84F0262A717E): 2
LogDevObjectVersion:   Dev-Editor (E4B068ED-F494-42E9-A231-DA0B2E46BB41): 14
LogDevObjectVersion:   Dev-Framework (CFFC743F-43B0-4480-9391-14DF171D2073): 22
LogDevObjectVersion:   Dev-Mobile (B02B49B5-BB20-44E9-A304-32B752E40360): 0
LogDevObjectVersion:   Dev-Networking (A4E4105C-59A1-49B5-A7C5-40C4547EDFEE): 0
LogDevObjectVersion:   Dev-Online (39C831C9-5AE6-47DC-9A44-9C173E1C8E7C): 0
LogDevObjectVersion:   Dev-Physics (78F01B33-EBEA-4F98-B9B4-84EACCB95AA2): 0
LogDevObjectVersion:   Dev-Platform (6631380F-2D4D-43E0-8009-CF276956A95A): 0
LogDevObjectVersion:   Dev-Rendering (12F88B9F-8875-4AFC-A67C-D90C383ABD29): 12
LogDevObjectVersion:   Dev-Sequencer (7B5AE74C-D270-4C10-A958-57980B212A5A): 3
LogDevObjectVersion:   Dev-VR (D7296918-1DD6-4BDD-9DE2-64A83CC13884): 0
LogDevObjectVersion:   Dev-LoadTimes (C2A15278-BFE7-4AFE-6C17-90FF531DF755): 1
LogInit: Compiled (64-bit): Feb 14 2017 02:04:14
LogInit: Compiled with Visual C++: 19.00.23026.00
LogInit: Build Configuration: Development
LogInit: Branch Name: ++UE4+Release-4.15
LogInit: Command line: -EpicPortal 
LogInit: Base directory: C:/Program Files/Epic Games/UE_4.15/Engine/Binaries/Win64/
LogInit: Installed Engine Build: 1
LogInit: Presizing for max 8388607 objects, including 0 objects not considered by GC, pre-allocating 0 bytes for permanent pool.
LogInit: Object subsystem initialized
[2017.04.26-15.23.38:430][  0]LogInit: Selected Device Profile: [Windows]
[2017.04.26-15.23.38:430][  0]LogInit: Applying CVar settings loaded from the selected device profile: [Windows]
[2017.04.26-15.23.38:473][  0]LogInit: Computer: DESKTOP-0PEK566
[2017.04.26-15.23.38:473][  0]LogInit: User: Sarah
[2017.04.26-15.23.38:473][  0]LogInit: CPU Page size=65536, Cores=4
[2017.04.26-15.23.38:473][  0]LogInit: High frequency timer resolution =2.143576 MHz
[2017.04.26-15.23.38:474][  0]LogMemory: Memory total: Physical=7.9GB (8GB approx)
[2017.04.26-15.23.38:474][  0]LogMemory: Platform Memory Stats for Windows
[2017.04.26-15.23.38:474][  0]LogMemory: Process Physical Memory: 263.83 MB used, 263.83 MB peak
[2017.04.26-15.23.38:474][  0]LogMemory: Process Virtual Memory: 262.55 MB used, 262.55 MB peak
[2017.04.26-15.23.38:474][  0]LogMemory: Physical Memory: 3984.80 MB used,  4099.47 MB free, 8084.27 MB total
[2017.04.26-15.23.38:474][  0]LogMemory: Virtual Memory: 644.18 MB used,  4099.47 MB free, 134217728.00 MB total
[2017.04.26-15.23.38:793][  0]LogTextLocalizationManager: No specific translations for ('en-US') exist, so ('en') translations will be used.
[2017.04.26-15.23.40:680][  0]LogD3D11RHI: D3D11 adapters:
[2017.04.26-15.23.40:751][  0]LogD3D11RHI:    0. 'AMD Radeon HD 7600M Series' (Feature Level 11_0)
[2017.04.26-15.23.40:752][  0]LogD3D11RHI:       1004/0/3840 MB DedicatedVideo/DedicatedSystem/SharedSystem, Outputs:1, VendorId:0x1002
[2017.04.26-15.23.40:760][  0]LogD3D11RHI:    1. 'Intel(R) HD Graphics 4000' (Feature Level 11_0)
[2017.04.26-15.23.40:760][  0]LogD3D11RHI:       32/0/1760 MB DedicatedVideo/DedicatedSystem/SharedSystem, Outputs:0, VendorId:0x8086
[2017.04.26-15.23.40:763][  0]LogD3D11RHI:    2. 'Microsoft Basic Render Driver' (Feature Level 11_0)
[2017.04.26-15.23.40:764][  0]LogD3D11RHI:       0/0/4042 MB DedicatedVideo/DedicatedSystem/SharedSystem, Outputs:0, VendorId:0x1414
[2017.04.26-15.23.40:764][  0]LogD3D11RHI: Chosen D3D11 Adapter: 0
[2017.04.26-15.23.40:791][  0]LogD3D11RHI: Creating new Direct3DDevice
[2017.04.26-15.23.40:792][  0]LogD3D11RHI:     GPU DeviceId: 0x6840 (for the marketing name, search the web for "GPU Device Id")
[2017.04.26-15.23.40:792][  0]LogWindows: EnumDisplayDevices:
[2017.04.26-15.23.40:792][  0]LogWindows:    0. 'Intel(R) HD Graphics 4000' (P:1 D:1)
[2017.04.26-15.23.40:793][  0]LogWindows:    1. 'Intel(R) HD Graphics 4000' (P:0 D:0)
[2017.04.26-15.23.40:794][  0]LogWindows:    2. 'Intel(R) HD Graphics 4000' (P:0 D:0)
[2017.04.26-15.23.40:794][  0]LogWindows: DebugString: PrimaryIsNotTheChoosenAdapter PrimaryIsNotTheChoosenAdapter PrimaryIsNotTheChoosenAdapter FoundDriverCount:0 
[2017.04.26-15.23.40:794][  0]LogD3D11RHI:     Adapter Name: AMD Radeon HD 7600M Series
[2017.04.26-15.23.40:794][  0]LogD3D11RHI:   Driver Version: Unknown (internal:Unknown, unified:Unknown)
[2017.04.26-15.23.40:794][  0]LogD3D11RHI:      Driver Date: Unknown
[2017.04.26-15.23.40:794][  0]LogRHI: Texture pool is 702 MB (70% of 1004 MB)
[2017.04.26-15.23.40:858][  0]LogD3D11RHI: AMD Pre GCN architecture detected, some driver workarounds will be in place
[2017.04.26-15.23.40:941][  0]LogD3D11RHI: Async texture creation enabled
[2017.04.26-15.23.40:964][  0]LogD3D11RHI: GPU Timing Frequency: 27.000000 (Debug: 2 1)
[2017.04.26-15.23.40:966][  0]LogShaderCompilers: Guid format shader working directory is -35 characters bigger than the processId version (../../../../../../Users/Sarah/Documents/Unreal Projects/04_BattleTank/BattleTank/Intermediate/Shaders/WorkingDirectory/60632/).
[2017.04.26-15.23.40:967][  0]LogShaderCompilers: Cleaned the shader compiler working directory 'C:/Users/Sarah/AppData/Local/Temp/UnrealShaderWorkingDir/E1605E6D4CE49A8C1146AA903B31D575/'.
[2017.04.26-15.23.40:967][  0]LogShaderCompilers:Display: Using Local Shader Compiler.
[2017.04.26-15.23.45:141][  0]LogTemp:Display: Loaded TP AllDesktopTargetPlatform
[2017.04.26-15.23.45:384][  0]LogTemp:Display: Loaded TP MacClientTargetPlatform
[2017.04.26-15.23.45:595][  0]LogTemp:Display: Loaded TP MacNoEditorTargetPlatform
[2017.04.26-15.23.45:835][  0]LogTemp:Display: Loaded TP MacServerTargetPlatform
[2017.04.26-15.23.46:080][  0]LogTemp:Display: Loaded TP MacTargetPlatform
[2017.04.26-15.23.46:327][  0]LogTemp:Display: Loaded TP WindowsClientTargetPlatform
[2017.04.26-15.23.46:572][  0]LogTemp:Display: Loaded TP WindowsNoEditorTargetPlatform
[2017.04.26-15.23.46:779][  0]LogTemp:Display: Loaded TP WindowsServerTargetPlatform
[2017.04.26-15.23.46:979][  0]LogTemp:Display: Loaded TP WindowsTargetPlatform
[2017.04.26-15.23.47:196][  0]LogTemp:Display: Loaded TP AndroidTargetPlatform
[2017.04.26-15.23.47:417][  0]LogTemp:Display: Loaded TP Android_ASTCTargetPlatform
[2017.04.26-15.23.47:640][  0]LogTemp:Display: Loaded TP Android_ATCTargetPlatform
[2017.04.26-15.23.47:893][  0]LogTemp:Display: Loaded TP Android_DXTTargetPlatform
[2017.04.26-15.23.48:145][  0]LogTemp:Display: Loaded TP Android_ETC1TargetPlatform
[2017.04.26-15.23.48:402][  0]LogTemp:Display: Loaded TP Android_ETC2TargetPlatform
[2017.04.26-15.23.48:921][  0]LogTemp:Display: Loaded TP Android_MultiTargetPlatform
[2017.04.26-15.23.48:921][  0]LogTemp:Display: Loaded TP Android_PVRTCTargetPlatform
[2017.04.26-15.23.49:093][  0]LogTemp:Display: Loaded TP HTML5TargetPlatform
[2017.04.26-15.23.49:453][  0]LogTemp:Display: Loaded TP IOSTargetPlatform
[2017.04.26-15.23.49:614][  0]LogTemp:Display: Loaded TP TVOSTargetPlatform
[2017.04.26-15.23.49:837][  0]LogTemp:Display: Loaded TP LinuxClientTargetPlatform
[2017.04.26-15.23.50:042][  0]LogTemp:Display: Loaded TP LinuxNoEditorTargetPlatform
[2017.04.26-15.23.50:272][  0]LogTemp:Display: Loaded TP LinuxServerTargetPlatform
[2017.04.26-15.23.50:496][  0]LogTemp:Display: Loaded TP LinuxTargetPlatform
[2017.04.26-15.23.50:496][  0]LogTargetPlatformManager:Display: Building Assets For Windows
[2017.04.26-15.23.52:496][  0]LogDerivedDataCache:Display: Max Cache Size: 512 MB
[2017.04.26-15.23.52:639][  0]LogDerivedDataCache: Loaded boot cache 0.14s 50MB C:/Users/Sarah/AppData/Local/UnrealEngine/4.15/DerivedDataCache/Boot.ddc.
[2017.04.26-15.23.52:639][  0]LogDerivedDataCache:Display: Loaded Boot cache: C:/Users/Sarah/AppData/Local/UnrealEngine/4.15/DerivedDataCache/Boot.ddc
[2017.04.26-15.23.52:639][  0]LogDerivedDataCache: FDerivedDataBackendGraph:  Pak pak cache file ../../../../../../Users/Sarah/Documents/Unreal Projects/04_BattleTank/BattleTank/DerivedDataCache/DDC.ddp not found, will not use a pak cache.
[2017.04.26-15.23.52:639][  0]LogDerivedDataCache: Unable to find inner node Pak for hierarchical cache Hierarchy.
[2017.04.26-15.23.52:639][  0]LogDerivedDataCache: FDerivedDataBackendGraph:  CompressedPak pak cache file ../../../../../../Users/Sarah/Documents/Unreal Projects/04_BattleTank/BattleTank/DerivedDataCache/Compressed.ddp not found, will not use a pak cache.
[2017.04.26-15.23.52:639][  0]LogDerivedDataCache: Unable to find inner node CompressedPak for hierarchical cache Hierarchy.
[2017.04.26-15.23.52:702][  0]LogDerivedDataCache:Display: Pak cache opened for reading ../../../Engine/DerivedDataCache/Compressed.ddp.
[2017.04.26-15.23.52:717][  0]LogDerivedDataCache: Using Local data cache path C:/Users/Sarah/AppData/Local/UnrealEngine/Common/DerivedDataCache: Writable
[2017.04.26-15.23.52:756][  0]LogSlate: Using Freetype 2.6.0
[2017.04.26-15.23.52:758][  0]LogSlate: SlateFontCache - WITH_FREETYPE: 1, WITH_HARFBUZZ: 1
[2017.04.26-15.23.52:758][  0]LogSlate: SlateFontCache - WITH_FREETYPE: 1, WITH_HARFBUZZ: 1
[2017.04.26-15.23.53:855][  0]LogInit: Selected Device Profile: [Windows]
[2017.04.26-15.23.53:866][  0]LogContentStreaming: Texture pool size is 0.00 MB
[2017.04.26-15.23.54:810][  0]LogMeshUtilities: Using QuadricMeshReduction for automatic static mesh reduction
[2017.04.26-15.23.54:990][  0]LogSimplygon: Simplygon DLL not present - disabling.
[2017.04.26-15.23.55:239][  0]LogMeshUtilities: Using SimplygonSwarm for distributed automatic mesh merging
[2017.04.26-15.23.55:239][  0]LogMeshUtilities: No automatic skeletal mesh reduction module available
[2017.04.26-15.23.55:239][  0]LogMeshUtilities: No automatic mesh merging module available
[2017.04.26-15.23.57:518][  0]LogNetVersion: GetLocalNetworkVersion: CL: 3299760, ProjectName: battletank, ProjectVersion: , EngineNetworkVersion: 2, GameNetworkVersion: 0, NetworkChecksum: 2512795372
[2017.04.26-15.23.57:651][  0]LogAssetRegistry: FAssetRegistry took 0.0235 seconds to start up
[2017.04.26-15.23.57:835][  0]LogPackageLocalizationCache: Processed 3 localized package path(s) for 2 prioritized culture(s) in 0.086464 seconds
[2017.04.26-15.23.57:854][  0]LogUObjectArray: 32475 objects as part of root set at end of initial load.
[2017.04.26-15.23.57:854][  0]LogUObjectAllocator: 7073360 out of 0 bytes used by permanent object pool.
[2017.04.26-15.23.57:854][  0]LogUObjectArray: CloseDisregardForGC: 0/0 objects in disregard for GC pool
[2017.04.26-15.23.58:210][  0]LogInit: WinSock: version 1.1 (2.2), MaxSocks=32767, MaxUdp=65467
[2017.04.26-15.24.04:958][  0]LogTcpMessaging: Initializing TcpMessaging bridge
[2017.04.26-15.24.05:149][  0]LogUdpMessaging: Initializing bridge on interface 0.0.0.0:0 to multicast group 230.0.0.1:6666.
[2017.04.26-15.24.07:446][  0]LogMaterial: Uniform references updated for custom material expression Custom.
[2017.04.26-15.24.09:345][  0]SourceControl: Info Source control is disabled
[2017.04.26-15.24.09:445][  0]SourceControl: Info Source control is disabled
[2017.04.26-15.24.09:709][  0]SourceControl: Info Source control is disabled
[2017.04.26-15.24.09:973][  0]SourceControl: Info Source control is disabled
[2017.04.26-15.24.16:394][  0]LogEngine: Initializing Engine...
[2017.04.26-15.24.16:395][  0]LogHMD: Failed to initialize OpenVR with code 110
[2017.04.26-15.24.17:295][  0]LogAIModule: Creating AISystem for world Untitled
[2017.04.26-15.24.17:318][  0]LogInit: XAudio2 using 'Speakers (2- High Definition Audio Device)' : 2 channels at 44.1 kHz using 16 bits per sample (channel mask 0x3)
[2017.04.26-15.24.17:368][  0]LogInit: FAudioDevice initialized.
[2017.04.26-15.24.17:427][  0]LogDerivedDataCache: Saved boot cache 0.06s 50MB C:/Users/Sarah/AppData/Local/UnrealEngine/4.15/DerivedDataCache/Boot.ddc.
[2017.04.26-15.24.17:443][  0]LogInit: Texture streaming: Enabled
[2017.04.26-15.24.17:809][  0]LogEngineSessionManager: EngineSessionManager initialized
[2017.04.26-15.24.18:285][  0]LogInit: Transaction tracking system initialized
[2017.04.26-15.24.19:786][  0]BlueprintLog: New page: Editor Load
[2017.04.26-15.24.23:621][  0]LocalizationService: Info Localization service is disabled
[2017.04.26-15.24.27:192][  0]LogConsoleResponse:Display: 
[2017.04.26-15.24.27:717][  0]LogCook:Display: Max memory allowance for cook 16384mb min free memory 0mb
[2017.04.26-15.24.27:718][  0]LogCook:Display: Mobile HDR setting 1
[2017.04.26-15.24.28:448][  0]LogFileCache: Scanning file cache for directory 'C:/Users/Sarah/Documents/Unreal Projects/04_BattleTank/BattleTank/Content/' took 0.02s
[2017.04.26-15.24.32:554][  0]SourceControl: Info Source control is disabled
[2017.04.26-15.24.32:555][  0]Cmd: MAP LOAD FILE="../../../../../../Users/Sarah/Documents/Unreal Projects/04_BattleTank/BattleTank/Content/Levels/BattleGround.umap" TEMPLATE=0 SHOWPROGRESS=1 FEATURELEVEL=3
[2017.04.26-15.24.32:556][  0]LightingResults: New page: Lighting Build
[2017.04.26-15.24.32:704][  0]MapCheck: New page: Map Check
[2017.04.26-15.24.32:704][  0]LightingResults: New page: Lighting Build
[2017.04.26-15.24.34:090][  0]LogAIModule: Creating AISystem for world BattleGround
[2017.04.26-15.24.34:195][  0]LogEditorServer: Finished looking for orphan Actors (0.000 secs)
[2017.04.26-15.24.34:202][  0]Cmd: MAP CHECKDEP NOCLEARLOG
[2017.04.26-15.24.34:367][  0]MapCheck: Info Map check complete: 0 Error(s), 0 Warning(s), took 164.458ms to complete.
[2017.04.26-15.24.34:367][  0]LogFileHelpers: Loading map 'BattleGround' took 1.812
[2017.04.26-15.24.34:875][  0]LogCollectionManager: Loaded 1 collections in 0.005344 seconds
[2017.04.26-15.24.35:075][  0]LogFileCache: Scanning file cache for directory 'C:/Users/Sarah/Documents/Unreal Projects/04_BattleTank/BattleTank/Saved/Collections/' took 0.01s
[2017.04.26-15.24.35:075][  0]LogFileCache: Scanning file cache for directory 'C:/Users/Sarah/Documents/Unreal Projects/04_BattleTank/BattleTank/Content/Developers/Sarah/Collections/' took 0.01s
[2017.04.26-15.24.35:075][  0]LogFileCache: Scanning file cache for directory 'C:/Users/Sarah/Documents/Unreal Projects/04_BattleTank/BattleTank/Content/Collections/' took 0.01s
[2017.04.26-15.24.35:075][  0]LogCollectionManager: Rebuilt the GUID cache for 1 collections in 0.000010 seconds
[2017.04.26-15.24.35:075][  0]LogCollectionManager: Rebuilt the hierarchy cache for 1 collections in 0.000001 seconds
[2017.04.26-15.24.35:115][  0]LogContentBrowser: Native class hierarchy populated in 0.0393 seconds. Added 2255 classes and 453 folders.
[2017.04.26-15.24.35:124][  0]LogStats: UGameplayTagsManager::ConstructGameplayTagTree: Construct from data asset -  0.000 s
[2017.04.26-15.24.35:124][  0]LogStats: UGameplayTagsManager::ConstructGameplayTagTree: GameplayTagTreeChangedEvent.Broadcast -  0.000 s
[2017.04.26-15.24.35:361][  0]LogContentBrowser: Native class hierarchy updated for 'WidgetCarousel' in 0.0119 seconds. Added 0 classes and 0 folders.
[2017.04.26-15.24.35:499][  0]LogContentBrowser: Native class hierarchy updated for 'AddContentDialog' in 0.0088 seconds. Added 0 classes and 0 folders.
[2017.04.26-15.24.35:658][  0]LogContentBrowser: Native class hierarchy updated for 'SceneOutliner' in 0.0091 seconds. Added 1 classes and 2 folders.
[2017.04.26-15.24.35:827][  0]LogCrashTracker: Crashtracker disabled due to settings.
[2017.04.26-15.24.35:846][  0]LogUObjectGlobals:Warning: Failed to find object 'Class None.'
[2017.04.26-15.24.36:034][  0]LogContentBrowser: Native class hierarchy updated for 'HierarchicalLODOutliner' in 0.0113 seconds. Added 1 classes and 2 folders.
[2017.04.26-15.24.36:035][  0]LogLoad: (Engine Initialization) Total time: 67.89 seconds
[2017.04.26-15.24.36:035][  0]LogLoad: (Engine Initialization) Total Blueprint compile time: 0.50 seconds
[2017.04.26-15.24.36:035][  0]LogExternalProfiler: No external profilers were discovered.  External profiling features will not be available.
[2017.04.26-15.24.36:375][  0]LogOcInput: OculusInput pre-init called
[2017.04.26-15.24.36:407][  0]LogContentStreaming: Texture pool size now 600 MB
[2017.04.26-15.24.36:410][  0]LogSlate: Took 0.000510 seconds to synchronously load lazily loaded font '../../../Engine/Content/Slate/Fonts/Roboto-Regular.ttf' (155K)
[2017.04.26-15.24.36:421][  0]LogSlate: Took 0.000578 seconds to synchronously load lazily loaded font '../../../Engine/Content/Slate/Fonts/Roboto-Bold.ttf' (160K)
[2017.04.26-15.24.36:438][  0]LogSlate: Took 0.000552 seconds to synchronously load lazily loaded font '../../../Engine/Content/Editor/Slate/Fonts/FontAwesome.ttf' (139K)
[2017.04.26-15.24.36:773][  0]LogSlate: Took 0.000556 seconds to synchronously load lazily loaded font '../../../Engine/Content/Slate/Fonts/Roboto-Light.ttf' (159K)
[2017.04.26-15.24.36:954][  0]LogRenderer: Reallocating scene render targets to support 1220x644 NumSamples 1 (Frame:2).
[2017.04.26-15.24.38:544][  4]LogAssetRegistry: Asset discovery search completed in 40.9159 seconds
[2017.04.26-15.24.38:544][  4]LogCollectionManager: Rebuilt the object cache for 1 collections in 0.000021 seconds (found 0 objects)
[2017.04.26-15.24.38:544][  4]LogCollectionManager: Fixed up redirectors for 1 collections in 0.000080 seconds (updated 0 objects)
[2017.04.26-15.27.03:035][504]LogSlate: Took 0.000501 seconds to synchronously load lazily loaded font '../../../Engine/Content/Slate/Fonts/Roboto-Light.ttf' (159K)
[2017.04.26-15.27.03:884][504]LogSlate: Took 0.000503 seconds to synchronously load lazily loaded font '../../../Engine/Content/Slate/Fonts/Roboto-Regular.ttf' (155K)
[2017.04.26-15.27.04:745][504]LogContentBrowser: Native class hierarchy updated for 'BlueprintGraph' in 0.0108 seconds. Added 112 classes and 0 folders.
[2017.04.26-15.27.07:237][504]LogSlate: Took 0.000634 seconds to synchronously load lazily loaded font '../../../Engine/Content/Editor/Slate/Fonts/Roboto-BoldCondensed.ttf' (158K)
[2017.04.26-15.27.07:581][505]LogSlate: Took 0.000609 seconds to synchronously load lazily loaded font '../../../Engine/Content/Editor/Slate/Fonts/Roboto-Italic.ttf' (157K)
[2017.04.26-15.27.21:527][825]LogRenderer: Reallocating scene render targets to support 1220x668 NumSamples 1 (Frame:518).
[2017.04.26-15.29.47:482][184]LogEditorTransaction: Undo Add Component
[2017.04.26-15.29.47:678][184]LogSlate: Took 0.000530 seconds to synchronously load lazily loaded font '../../../Engine/Content/Slate/Fonts/Roboto-Light.ttf' (159K)
[2017.04.26-15.29.57:751][474]BlueprintLog: New page: Compile Tank_BP
[2017.04.26-15.30.00:510][491]Cmd: OBJ SAVEPACKAGE PACKAGE="/Game/Tank/Tank_BP" FILE="../../../../../../Users/Sarah/Documents/Unreal Projects/04_BattleTank/BattleTank/Content/Tank/Tank_BP.uasset" SILENT=true
[2017.04.26-15.30.00:762][491]LogSavePackage: Save=166.26ms
[2017.04.26-15.30.00:762][491]LogSavePackage: Moving '../../../../../../Users/Sarah/Documents/Unreal Projects/04_BattleTank/BattleTank/Saved/Tank_BP6CBDEC124ABC89D76A24FC9B6222052E.tmp' to '../../../../../../Users/Sarah/Documents/Unreal Projects/04_BattleTank/BattleTank/Content/Tank/Tank_BP.uasset'
[2017.04.26-15.30.00:783][491]LogSavePackage:Display: Finished SavePackage ../../../../../../Users/Sarah/Documents/Unreal Projects/04_BattleTank/BattleTank/Content/Tank/Tank_BP.uasset
[2017.04.26-15.30.02:731][536]Recompiling BattleTank...
[2017.04.26-15.30.02:731][536]Launching UnrealBuildTool... [C:/Program Files/Epic Games/UE_4.15/Engine/Binaries/DotNET/UnrealBuildTool.exe BattleTank -ModuleWithSuffix BattleTank 9246 Win64 Development -editorrecompile -canskiplink "C:/Users/Sarah/Documents/Unreal Projects/04_BattleTank/BattleTank/BattleTank.uproject" ]
[2017.04.26-15.30.02:735][536]Warning: Starting HotReload took  0.1s.
[2017.04.26-15.30.10:534][754]CompilerResultsLog: New page: Compilation - Apr 26, 2017, 5:30:10 PM
[2017.04.26-15.30.10:534][754]CompilerResultsLog: Info Compiling game modules for hot reload
[2017.04.26-15.30.10:534][754]CompilerResultsLog: Info Performing 3 actions (4 in parallel)
[2017.04.26-15.30.10:534][754]CompilerResultsLog: Info Tank.cpp
[2017.04.26-15.30.10:534][754]CompilerResultsLog: Info [2/3] Link UE4Editor-BattleTank-9246.dll
[2017.04.26-15.30.10:534][754]CompilerResultsLog: Info [3/3] Link UE4Editor-BattleTank-9246.lib
[2017.04.26-15.30.10:534][754]CompilerResultsLog: Info    Creating library C:\Users\Sarah\Documents\Unreal Projects\04_BattleTank\BattleTank\Intermediate\Build\Win64\UE4Editor\Development\UE4Editor-BattleTank-9246.lib and object C:\Users\Sarah\Documents\Unreal Projects\04_BattleTank\BattleTank\Intermediate\Build\Win64\UE4Editor\Development\UE4Editor-BattleTank-9246.exp
[2017.04.26-15.30.10:535][754]CompilerResultsLog: Info    Creating library C:\Users\Sarah\Documents\Unreal Projects\04_BattleTank\BattleTank\Intermediate\Build\Win64\UE4Editor\Development\UE4Editor-BattleTank-9246.suppressed.lib and object C:\Users\Sarah\Documents\Unreal Projects\04_BattleTank\BattleTank\Intermediate\Build\Win64\UE4Editor\Development\UE4Editor-BattleTank-9246.suppressed.exp
[2017.04.26-15.30.10:535][754]CompilerResultsLog: Info Total build time: 6.98 seconds (Local executor: 4.65 seconds)
[2017.04.26-15.30.10:535][754]LogMainFrame: MainFrame: Module compiling took 7.819 seconds
[2017.04.26-15.30.10:788][754]LogClass: EFiringStatus HotReload.
[2017.04.26-15.30.10:791][754]LogHotReload: Re-instancing Tank after hot-reload.
[2017.04.26-15.30.12:541][754]LogContentBrowser: Native class hierarchy updated for 'BattleTank' in 0.0090 seconds. Added 11 classes and 3 folders.
[2017.04.26-15.30.12:545][754]Display: HotReload successful (8 functions remapped  0 scriptstructs remapped)
[2017.04.26-15.30.13:601][754]LogContentBrowser: Native class hierarchy populated in 0.0335 seconds. Added 2257 classes and 457 folders.
[2017.04.26-15.30.13:601][754]Display: HotReload took 11.0s.
[2017.04.26-15.32.40:107][803]BlueprintLog: New page: Compile Tank_BP
[2017.04.26-15.32.41:029][818]Cmd: OBJ SAVEPACKAGE PACKAGE="/Game/Tank/Tank_BP" FILE="../../../../../../Users/Sarah/Documents/Unreal Projects/04_BattleTank/BattleTank/Content/Tank/Tank_BP.uasset" SILENT=true
[2017.04.26-15.32.41:107][818]LogSavePackage: Save=53.15ms
[2017.04.26-15.32.41:107][818]LogSavePackage: Moving '../../../../../../Users/Sarah/Documents/Unreal Projects/04_BattleTank/BattleTank/Saved/Tank_BP0EC237984CF3FBA7905547B76F1991E7.tmp' to '../../../../../../Users/Sarah/Documents/Unreal Projects/04_BattleTank/BattleTank/Content/Tank/Tank_BP.uasset'
[2017.04.26-15.32.41:109][818]LogSavePackage:Display: Finished SavePackage ../../../../../../Users/Sarah/Documents/Unreal Projects/04_BattleTank/BattleTank/Content/Tank/Tank_BP.uasset
[2017.04.26-15.32.43:242][879]Recompiling BattleTank...
[2017.04.26-15.32.43:242][879]Launching UnrealBuildTool... [C:/Program Files/Epic Games/UE_4.15/Engine/Binaries/DotNET/UnrealBuildTool.exe BattleTank -ModuleWithSuffix BattleTank 8408 Win64 Development -editorrecompile -canskiplink "C:/Users/Sarah/Documents/Unreal Projects/04_BattleTank/BattleTank/BattleTank.uproject" ]
[2017.04.26-15.32.43:246][879]Warning: Starting HotReload took  0.0s.
[2017.04.26-15.32.44:476][988]CompilerResultsLog: New page: Compilation - Apr 26, 2017, 5:32:44 PM
[2017.04.26-15.32.44:476][988]CompilerResultsLog: Info Compiling game modules for hot reload
[2017.04.26-15.32.44:476][988]CompilerResultsLog: Info Target is up to date
[2017.04.26-15.32.44:476][988]CompilerResultsLog: Info Total build time: 0.90 seconds (NoActionsToExecute executor: 0.00 seconds)
[2017.04.26-15.32.44:476][988]LogMainFrame: MainFrame: Module compiling took 1.240 seconds
[2017.04.26-15.32.44:880][988]LogContentBrowser: Native class hierarchy populated in 0.0142 seconds. Added 2257 classes and 457 folders.
[2017.04.26-15.32.44:880][988]Display: HotReload took  1.7s.
[2017.04.26-15.32.47:058][ 55]LogTemp: Repeting last play command: Selected Viewport
[2017.04.26-15.32.47:093][ 55]LogBlueprintUserMessages: Early PlayInEditor Detection: Level '/Game/Levels/BattleGround.BattleGround:PersistentLevel' has LevelScriptBlueprint '/Game/Levels/BattleGround.BattleGround:PersistentLevel.BattleGround' with GeneratedClass '/Game/Levels/BattleGround.BattleGround_C' with ClassGeneratedBy '/Game/Levels/BattleGround.BattleGround:PersistentLevel.BattleGround'
[2017.04.26-15.32.47:093][ 55]LogPlayLevel: PlayLevel: No blueprints needed recompiling
[2017.04.26-15.32.47:093][ 55]PIE: New page: PIE session: BattleGround (Apr 26, 2017, 5:32:47 PM)
[2017.04.26-15.32.47:093][ 55]LogPlayLevel: Creating play world package: /Game/Levels/UEDPIE_0_BattleGround
[2017.04.26-15.32.47:134][ 55]LogPlayLevel: PIE: StaticDuplicateObject took: (0.040284s)
[2017.04.26-15.32.47:134][ 55]LogAIModule: Creating AISystem for world BattleGround
[2017.04.26-15.32.47:134][ 55]LogPlayLevel: PIE: World Init took: (0.000795s)
[2017.04.26-15.32.47:135][ 55]LogPlayLevel: PIE: Created PIE world by copying editor world from /Game/Levels/BattleGround.BattleGround to /Game/Levels/UEDPIE_0_BattleGround.BattleGround (0.041372s)
[2017.04.26-15.32.47:175][ 55]LogInit: XAudio2 using 'Speakers (2- High Definition Audio Device)' : 2 channels at 44.1 kHz using 16 bits per sample (channel mask 0x3)
[2017.04.26-15.32.47:183][ 55]LogInit: FAudioDevice initialized.
[2017.04.26-15.32.47:227][ 55]LogLoad: Game class is 'BattleTankGameMode_BP_C'
[2017.04.26-15.32.47:234][ 55]LogWorld: Bringing World /Game/Levels/UEDPIE_0_BattleGround.BattleGround up for play (max tick rate 0) at 2017.04.26-16.32.47
[2017.04.26-15.32.47:235][ 55]LogWorld: Bringing up level for play took: 0.006271
[2017.04.26-15.32.47:322][ 55]LogContentBrowser: Native class hierarchy updated for 'MovieSceneCapture' in 0.0037 seconds. Added 11 classes and 0 folders.
[2017.04.26-15.32.47:325][ 55]LogTemp:Warning: Tank_BP_C_0 has possessed by Player
[2017.04.26-15.32.47:961][ 55]LogCrashTracker: 


[2017.04.26-15.32.47:961][ 55]LogCrashTracker: 


[2017.04.26-15.32.47:961][ 55]LogWindows:Error: === Critical error: ===
[2017.04.26-15.32.47:961][ 55]LogWindows:Error: 
[2017.04.26-15.32.47:961][ 55]LogWindows:Error: Fatal error!
[2017.04.26-15.32.47:961][ 55]LogWindows:Error: 
[2017.04.26-15.32.47:961][ 55]LogWindows:Error: Unhandled Exception: EXCEPTION_ACCESS_VIOLATION writing address 0x00000110
[2017.04.26-15.32.47:961][ 55]LogWindows:Error: 
[2017.04.26-15.32.47:961][ 55]LogWindows:Error: UE4Editor-BattleTank-9246.dll!UTankAimingComponent::SetBarrelReference() [c:\users\sarah\documents\unreal projects\04_battletank\battletank\source\battletank\private\tankaimingcomponent.cpp:94]
[2017.04.26-15.32.47:961][ 55]LogWindows:Error: UE4Editor-BattleTank-9246.dll!ATank::execSetBarrelReference() [c:\users\sarah\documents\unreal projects\04_battletank\battletank\source\battletank\public\tank.h:18]
[2017.04.26-15.32.47:961][ 55]LogWindows:Error: UE4Editor-CoreUObject.dll!0x00000000AD784C1A
[2017.04.26-15.32.47:961][ 55]LogWindows:Error: UE4Editor-CoreUObject.dll!0x00000000AD8B7A1E
[2017.04.26-15.32.47:962][ 55]LogWindows:Error: UE4Editor-CoreUObject.dll!0x00000000AD8DBC72
[2017.04.26-15.32.47:962][ 55]LogWindows:Error: UE4Editor-CoreUObject.dll!0x00000000AD8B842E
[2017.04.26-15.32.47:962][ 55]LogWindows:Error: UE4Editor-CoreUObject.dll!0x00000000AD901BC3
[2017.04.26-15.32.47:962][ 55]LogWindows:Error: UE4Editor-CoreUObject.dll!0x00000000AD8DBC72
[2017.04.26-15.32.47:962][ 55]LogWindows:Error: UE4Editor-CoreUObject.dll!0x00000000AD784C1A
[2017.04.26-15.32.47:962][ 55]LogWindows:Error: UE4Editor-CoreUObject.dll!0x00000000AD8DAFEB
[2017.04.26-15.32.47:962][ 55]LogWindows:Error: UE4Editor-Engine.dll!0x000000009C993922
[2017.04.26-15.32.47:962][ 55]LogWindows:Error: UE4Editor-Engine.dll!0x000000009DC26EA7
[2017.04.26-15.32.47:962][ 55]LogWindows:Error: UE4Editor-Engine.dll!0x000000009C952CDF
[2017.04.26-15.32.47:962][ 55]LogWindows:Error: UE4Editor-Engine.dll!0x000000009C95FE2B
[2017.04.26-15.32.47:962][ 55]LogWindows:Error: UE4Editor-Engine.dll!0x000000009DA94BE4
[2017.04.26-15.32.47:962][ 55]LogWindows:Error: UE4Editor-Engine.dll!0x000000009D04D511
[2017.04.26-15.32.47:962][ 55]LogWindows:Error: UE4Editor-Engine.dll!0x000000009DA8248E
[2017.04.26-15.32.47:962][ 55]LogWindows:Error: UE4Editor-Engine.dll!0x000000009D06C003
[2017.04.26-15.32.47:962][ 55]LogWindows:Error: UE4Editor-UnrealEd.dll!0x00000000AA948527
[2017.04.26-15.32.47:962][ 55]LogWindows:Error: UE4Editor-UnrealEd.dll!0x00000000AA974D2D
[2017.04.26-15.32.47:962][ 55]LogWindows:Error: UE4Editor-UnrealEd.dll!0x00000000AA9911B4
[2017.04.26-15.32.47:962][ 55]LogWindows:Error: UE4Editor-UnrealEd.dll!0x00000000AA47626B
[2017.04.26-15.32.47:962][ 55]LogWindows:Error: UE4Editor-UnrealEd.dll!0x00000000AAC81AD6
[2017.04.26-15.32.47:962][ 55]LogWindows:Error: UE4Editor.exe!0x00000000CC86DEE3
[2017.04.26-15.32.47:962][ 55]LogWindows:Error: UE4Editor.exe!0x00000000CC85EB40
[2017.04.26-15.32.47:962][ 55]LogWindows:Error: UE4Editor.exe!0x00000000CC85EBBA
[2017.04.26-15.32.47:962][ 55]LogWindows:Error: UE4Editor.exe!0x00000000CC870A29
[2017.04.26-15.32.47:962][ 55]LogWindows:Error: UE4Editor.exe!0x00000000CC8722B6
[2017.04.26-15.32.47:962][ 55]LogWindows:Error: KERNEL32.DLL!0x00000000E12A8364
[2017.04.26-15.32.47:962][ 55]LogWindows:Error: ntdll.dll!0x00000000E18470D1
[2017.04.26-15.32.47:962][ 55]LogWindows:Error: ntdll.dll!0x00000000E18470D1
[2017.04.26-15.32.47:962][ 55]LogWindows:Error: 
[2017.04.26-15.32.48:007][ 55]LogExit: Executing StaticShutdownAfterError
[2017.04.26-15.32.48:012][ 55]LogWindows: FPlatformMisc::RequestExit(1)
[2017.04.26-15.32.48:012][ 55]Log file closed, 04/26/17 16:32:48
