Log file open, 04/28/17 12:26:04
LogInit:Display: Running engine for game: BattleTank
LogPlatformFile: Not using cached read wrapper
LogInit:Display: RandInit(176404359) SRandInit(176404359).
LogTaskGraph: Started task graph with 5 named threads and 8 total threads with 1 sets of task threads.
LogStats: Stats thread started at 0.156947
LogInit: Using libcurl 7.47.1
LogInit:  - built for x86_64-pc-win32
LogInit:  - supports SSL with OpenSSL/1.0.2g
LogInit:  - supports HTTP deflate (compression) using libz 1.2.8
LogInit:  - other features:
LogInit:      CURL_VERSION_SSL
LogInit:      CURL_VERSION_LIBZ
LogInit:      CURL_VERSION_IPV6
LogInit:      CURL_VERSION_ASYNCHDNS
LogInit:      CURL_VERSION_LARGEFILE
LogInit:      CURL_VERSION_IDN
LogInit:  CurlRequestOptions (configurable via config and command line):
LogInit:  - bVerifyPeer = false  - Libcurl will NOT verify peer certificate
LogInit:  - bUseHttpProxy = false  - Libcurl will NOT use HTTP proxy
LogInit:  - bDontReuseConnections = false  - Libcurl will reuse connections
LogInit:  - CertBundlePath = nullptr  - Libcurl will use whatever was configured at build time.
LogInit: Build: ++UE4+Release-4.15-CL-3299760
LogInit: Engine Version: 4.15.0-3299760+++UE4+Release-4.15
LogInit: Compatible Engine Version: 4.15.0-3299760+++UE4+Release-4.15
LogInit: Net CL: 3299760
LogDevObjectVersion: Number of dev versions registered: 14
LogDevObjectVersion:   Dev-Blueprints (B0D832E4-1F89-4F0D-ACCF-7EB736FD4AA2): 8
LogDevObjectVersion:   Dev-Build (E1C64328-A22C-4D53-A36C-8E866417BD8C): 0
LogDevObjectVersion:   Dev-Core (375EC13C-06E4-48FB-B500-84F0262A717E): 2
LogDevObjectVersion:   Dev-Editor (E4B068ED-F494-42E9-A231-DA0B2E46BB41): 14
LogDevObjectVersion:   Dev-Framework (CFFC743F-43B0-4480-9391-14DF171D2073): 22
LogDevObjectVersion:   Dev-Mobile (B02B49B5-BB20-44E9-A304-32B752E40360): 0
LogDevObjectVersion:   Dev-Networking (A4E4105C-59A1-49B5-A7C5-40C4547EDFEE): 0
LogDevObjectVersion:   Dev-Online (39C831C9-5AE6-47DC-9A44-9C173E1C8E7C): 0
LogDevObjectVersion:   Dev-Physics (78F01B33-EBEA-4F98-B9B4-84EACCB95AA2): 0
LogDevObjectVersion:   Dev-Platform (6631380F-2D4D-43E0-8009-CF276956A95A): 0
LogDevObjectVersion:   Dev-Rendering (12F88B9F-8875-4AFC-A67C-D90C383ABD29): 12
LogDevObjectVersion:   Dev-Sequencer (7B5AE74C-D270-4C10-A958-57980B212A5A): 3
LogDevObjectVersion:   Dev-VR (D7296918-1DD6-4BDD-9DE2-64A83CC13884): 0
LogDevObjectVersion:   Dev-LoadTimes (C2A15278-BFE7-4AFE-6C17-90FF531DF755): 1
LogInit: Compiled (64-bit): Feb 14 2017 02:04:14
LogInit: Compiled with Visual C++: 19.00.23026.00
LogInit: Build Configuration: Development
LogInit: Branch Name: ++UE4+Release-4.15
LogInit: Command line: -EpicPortal 
LogInit: Base directory: C:/Program Files/Epic Games/UE_4.15/Engine/Binaries/Win64/
LogInit: Installed Engine Build: 1
LogInit: Presizing for max 8388607 objects, including 0 objects not considered by GC, pre-allocating 0 bytes for permanent pool.
LogInit: Object subsystem initialized
[2017.04.28-11.26.06:947][  0]LogInit: Selected Device Profile: [Windows]
[2017.04.28-11.26.06:948][  0]LogInit: Applying CVar settings loaded from the selected device profile: [Windows]
[2017.04.28-11.26.06:994][  0]LogInit: Computer: DESKTOP-0PEK566
[2017.04.28-11.26.06:994][  0]LogInit: User: Sarah
[2017.04.28-11.26.06:994][  0]LogInit: CPU Page size=65536, Cores=4
[2017.04.28-11.26.06:994][  0]LogInit: High frequency timer resolution =2.143576 MHz
[2017.04.28-11.26.06:995][  0]LogMemory: Memory total: Physical=7.9GB (8GB approx)
[2017.04.28-11.26.06:995][  0]LogMemory: Platform Memory Stats for Windows
[2017.04.28-11.26.06:995][  0]LogMemory: Process Physical Memory: 263.82 MB used, 263.82 MB peak
[2017.04.28-11.26.06:995][  0]LogMemory: Process Virtual Memory: 262.46 MB used, 262.46 MB peak
[2017.04.28-11.26.06:995][  0]LogMemory: Physical Memory: 3807.29 MB used,  4276.99 MB free, 8084.27 MB total
[2017.04.28-11.26.06:995][  0]LogMemory: Virtual Memory: 644.18 MB used,  4276.99 MB free, 134217728.00 MB total
[2017.04.28-11.26.07:254][  0]LogTextLocalizationManager: No specific translations for ('en-US') exist, so ('en') translations will be used.
[2017.04.28-11.26.09:208][  0]LogD3D11RHI: D3D11 adapters:
[2017.04.28-11.26.09:287][  0]LogD3D11RHI:    0. 'AMD Radeon HD 7600M Series' (Feature Level 11_0)
[2017.04.28-11.26.09:287][  0]LogD3D11RHI:       1004/0/3840 MB DedicatedVideo/DedicatedSystem/SharedSystem, Outputs:1, VendorId:0x1002
[2017.04.28-11.26.09:304][  0]LogD3D11RHI:    1. 'Intel(R) HD Graphics 4000' (Feature Level 11_0)
[2017.04.28-11.26.09:304][  0]LogD3D11RHI:       32/0/1760 MB DedicatedVideo/DedicatedSystem/SharedSystem, Outputs:0, VendorId:0x8086
[2017.04.28-11.26.09:307][  0]LogD3D11RHI:    2. 'Microsoft Basic Render Driver' (Feature Level 11_0)
[2017.04.28-11.26.09:307][  0]LogD3D11RHI:       0/0/4042 MB DedicatedVideo/DedicatedSystem/SharedSystem, Outputs:0, VendorId:0x1414
[2017.04.28-11.26.09:307][  0]LogD3D11RHI: Chosen D3D11 Adapter: 0
[2017.04.28-11.26.09:337][  0]LogD3D11RHI: Creating new Direct3DDevice
[2017.04.28-11.26.09:337][  0]LogD3D11RHI:     GPU DeviceId: 0x6840 (for the marketing name, search the web for "GPU Device Id")
[2017.04.28-11.26.09:337][  0]LogWindows: EnumDisplayDevices:
[2017.04.28-11.26.09:338][  0]LogWindows:    0. 'Intel(R) HD Graphics 4000' (P:1 D:1)
[2017.04.28-11.26.09:338][  0]LogWindows:    1. 'Intel(R) HD Graphics 4000' (P:0 D:0)
[2017.04.28-11.26.09:339][  0]LogWindows:    2. 'Intel(R) HD Graphics 4000' (P:0 D:0)
[2017.04.28-11.26.09:339][  0]LogWindows: DebugString: PrimaryIsNotTheChoosenAdapter PrimaryIsNotTheChoosenAdapter PrimaryIsNotTheChoosenAdapter FoundDriverCount:0 
[2017.04.28-11.26.09:339][  0]LogD3D11RHI:     Adapter Name: AMD Radeon HD 7600M Series
[2017.04.28-11.26.09:339][  0]LogD3D11RHI:   Driver Version: Unknown (internal:Unknown, unified:Unknown)
[2017.04.28-11.26.09:339][  0]LogD3D11RHI:      Driver Date: Unknown
[2017.04.28-11.26.09:339][  0]LogRHI: Texture pool is 702 MB (70% of 1004 MB)
[2017.04.28-11.26.09:393][  0]LogD3D11RHI: AMD Pre GCN architecture detected, some driver workarounds will be in place
[2017.04.28-11.26.09:476][  0]LogD3D11RHI: Async texture creation enabled
[2017.04.28-11.26.09:499][  0]LogD3D11RHI: GPU Timing Frequency: 27.000000 (Debug: 2 1)
[2017.04.28-11.26.09:502][  0]LogShaderCompilers: Guid format shader working directory is -35 characters bigger than the processId version (../../../../../../Users/Sarah/Documents/Unreal Projects/04_BattleTank/BattleTank/Intermediate/Shaders/WorkingDirectory/93896/).
[2017.04.28-11.26.09:502][  0]LogShaderCompilers: Cleaned the shader compiler working directory 'C:/Users/Sarah/AppData/Local/Temp/UnrealShaderWorkingDir/9C3944114073A484BCFF368379AA8452/'.
[2017.04.28-11.26.09:502][  0]LogShaderCompilers:Display: Using Local Shader Compiler.
[2017.04.28-11.26.13:277][  0]LogTemp:Display: Loaded TP AllDesktopTargetPlatform
[2017.04.28-11.26.13:473][  0]LogTemp:Display: Loaded TP MacClientTargetPlatform
[2017.04.28-11.26.13:679][  0]LogTemp:Display: Loaded TP MacNoEditorTargetPlatform
[2017.04.28-11.26.13:888][  0]LogTemp:Display: Loaded TP MacServerTargetPlatform
[2017.04.28-11.26.14:103][  0]LogTemp:Display: Loaded TP MacTargetPlatform
[2017.04.28-11.26.14:298][  0]LogTemp:Display: Loaded TP WindowsClientTargetPlatform
[2017.04.28-11.26.14:523][  0]LogTemp:Display: Loaded TP WindowsNoEditorTargetPlatform
[2017.04.28-11.26.14:726][  0]LogTemp:Display: Loaded TP WindowsServerTargetPlatform
[2017.04.28-11.26.14:883][  0]LogTemp:Display: Loaded TP WindowsTargetPlatform
[2017.04.28-11.26.15:085][  0]LogTemp:Display: Loaded TP AndroidTargetPlatform
[2017.04.28-11.26.15:272][  0]LogTemp:Display: Loaded TP Android_ASTCTargetPlatform
[2017.04.28-11.26.15:456][  0]LogTemp:Display: Loaded TP Android_ATCTargetPlatform
[2017.04.28-11.26.15:643][  0]LogTemp:Display: Loaded TP Android_DXTTargetPlatform
[2017.04.28-11.26.15:829][  0]LogTemp:Display: Loaded TP Android_ETC1TargetPlatform
[2017.04.28-11.26.16:018][  0]LogTemp:Display: Loaded TP Android_ETC2TargetPlatform
[2017.04.28-11.26.16:393][  0]LogTemp:Display: Loaded TP Android_MultiTargetPlatform
[2017.04.28-11.26.16:393][  0]LogTemp:Display: Loaded TP Android_PVRTCTargetPlatform
[2017.04.28-11.26.16:526][  0]LogTemp:Display: Loaded TP HTML5TargetPlatform
[2017.04.28-11.26.16:808][  0]LogTemp:Display: Loaded TP IOSTargetPlatform
[2017.04.28-11.26.16:933][  0]LogTemp:Display: Loaded TP TVOSTargetPlatform
[2017.04.28-11.26.17:118][  0]LogTemp:Display: Loaded TP LinuxClientTargetPlatform
[2017.04.28-11.26.17:303][  0]LogTemp:Display: Loaded TP LinuxNoEditorTargetPlatform
[2017.04.28-11.26.17:486][  0]LogTemp:Display: Loaded TP LinuxServerTargetPlatform
[2017.04.28-11.26.17:670][  0]LogTemp:Display: Loaded TP LinuxTargetPlatform
[2017.04.28-11.26.17:670][  0]LogTargetPlatformManager:Display: Building Assets For Windows
[2017.04.28-11.26.19:410][  0]LogDerivedDataCache:Display: Max Cache Size: 512 MB
[2017.04.28-11.26.19:533][  0]LogDerivedDataCache: Loaded boot cache 0.12s 50MB C:/Users/Sarah/AppData/Local/UnrealEngine/4.15/DerivedDataCache/Boot.ddc.
[2017.04.28-11.26.19:533][  0]LogDerivedDataCache:Display: Loaded Boot cache: C:/Users/Sarah/AppData/Local/UnrealEngine/4.15/DerivedDataCache/Boot.ddc
[2017.04.28-11.26.19:533][  0]LogDerivedDataCache: FDerivedDataBackendGraph:  Pak pak cache file ../../../../../../Users/Sarah/Documents/Unreal Projects/04_BattleTank/BattleTank/DerivedDataCache/DDC.ddp not found, will not use a pak cache.
[2017.04.28-11.26.19:533][  0]LogDerivedDataCache: Unable to find inner node Pak for hierarchical cache Hierarchy.
[2017.04.28-11.26.19:533][  0]LogDerivedDataCache: FDerivedDataBackendGraph:  CompressedPak pak cache file ../../../../../../Users/Sarah/Documents/Unreal Projects/04_BattleTank/BattleTank/DerivedDataCache/Compressed.ddp not found, will not use a pak cache.
[2017.04.28-11.26.19:533][  0]LogDerivedDataCache: Unable to find inner node CompressedPak for hierarchical cache Hierarchy.
[2017.04.28-11.26.19:589][  0]LogDerivedDataCache:Display: Pak cache opened for reading ../../../Engine/DerivedDataCache/Compressed.ddp.
[2017.04.28-11.26.19:602][  0]LogDerivedDataCache: Using Local data cache path C:/Users/Sarah/AppData/Local/UnrealEngine/Common/DerivedDataCache: Writable
[2017.04.28-11.26.19:628][  0]LogSlate: Using Freetype 2.6.0
[2017.04.28-11.26.19:629][  0]LogSlate: SlateFontCache - WITH_FREETYPE: 1, WITH_HARFBUZZ: 1
[2017.04.28-11.26.19:629][  0]LogSlate: SlateFontCache - WITH_FREETYPE: 1, WITH_HARFBUZZ: 1
[2017.04.28-11.26.21:051][  0]LogInit: Selected Device Profile: [Windows]
[2017.04.28-11.26.21:059][  0]LogContentStreaming: Texture pool size is 0.00 MB
[2017.04.28-11.26.21:802][  0]LogMeshUtilities: Using QuadricMeshReduction for automatic static mesh reduction
[2017.04.28-11.26.21:953][  0]LogSimplygon: Simplygon DLL not present - disabling.
[2017.04.28-11.26.22:173][  0]LogMeshUtilities: Using SimplygonSwarm for distributed automatic mesh merging
[2017.04.28-11.26.22:173][  0]LogMeshUtilities: No automatic skeletal mesh reduction module available
[2017.04.28-11.26.22:173][  0]LogMeshUtilities: No automatic mesh merging module available
[2017.04.28-11.26.23:944][  0]LogNetVersion: GetLocalNetworkVersion: CL: 3299760, ProjectName: battletank, ProjectVersion: , EngineNetworkVersion: 2, GameNetworkVersion: 0, NetworkChecksum: 2512795372
[2017.04.28-11.26.24:051][  0]LogAssetRegistry: FAssetRegistry took 0.0228 seconds to start up
[2017.04.28-11.26.24:232][  0]LogPackageLocalizationCache: Processed 3 localized package path(s) for 2 prioritized culture(s) in 0.083949 seconds
[2017.04.28-11.26.24:248][  0]LogUObjectArray: 32475 objects as part of root set at end of initial load.
[2017.04.28-11.26.24:248][  0]LogUObjectAllocator: 7073360 out of 0 bytes used by permanent object pool.
[2017.04.28-11.26.24:248][  0]LogUObjectArray: CloseDisregardForGC: 0/0 objects in disregard for GC pool
[2017.04.28-11.26.24:496][  0]LogInit: WinSock: version 1.1 (2.2), MaxSocks=32767, MaxUdp=65467
[2017.04.28-11.26.30:458][  0]LogTcpMessaging: Initializing TcpMessaging bridge
[2017.04.28-11.26.30:632][  0]LogUdpMessaging: Initializing bridge on interface 0.0.0.0:0 to multicast group 230.0.0.1:6666.
[2017.04.28-11.26.32:827][  0]LogMaterial: Uniform references updated for custom material expression Custom.
[2017.04.28-11.26.34:640][  0]SourceControl: Info Source control is disabled
[2017.04.28-11.26.34:756][  0]SourceControl: Info Source control is disabled
[2017.04.28-11.26.34:992][  0]SourceControl: Info Source control is disabled
[2017.04.28-11.26.35:220][  0]SourceControl: Info Source control is disabled
[2017.04.28-11.26.41:092][  0]LogEngine: Initializing Engine...
[2017.04.28-11.26.41:094][  0]LogHMD: Failed to initialize OpenVR with code 110
[2017.04.28-11.26.41:860][  0]LogAIModule: Creating AISystem for world Untitled
[2017.04.28-11.26.41:880][  0]LogInit: XAudio2 using 'Speakers (2- High Definition Audio Device)' : 2 channels at 44.1 kHz using 16 bits per sample (channel mask 0x3)
[2017.04.28-11.26.41:934][  0]LogInit: FAudioDevice initialized.
[2017.04.28-11.26.42:022][  0]LogDerivedDataCache: Saved boot cache 0.09s 50MB C:/Users/Sarah/AppData/Local/UnrealEngine/4.15/DerivedDataCache/Boot.ddc.
[2017.04.28-11.26.42:041][  0]LogInit: Texture streaming: Enabled
[2017.04.28-11.26.42:394][  0]LogEngineSessionManager: EngineSessionManager initialized
[2017.04.28-11.26.42:837][  0]LogInit: Transaction tracking system initialized
[2017.04.28-11.26.44:272][  0]BlueprintLog: New page: Editor Load
[2017.04.28-11.26.48:183][  0]LocalizationService: Info Localization service is disabled
[2017.04.28-11.26.51:852][  0]LogConsoleResponse:Display: 
[2017.04.28-11.26.52:355][  0]LogCook:Display: Max memory allowance for cook 16384mb min free memory 0mb
[2017.04.28-11.26.52:355][  0]LogCook:Display: Mobile HDR setting 1
[2017.04.28-11.26.53:280][  0]LogFileCache: Scanning file cache for directory 'C:/Users/Sarah/Documents/Unreal Projects/04_BattleTank/BattleTank/Content/' took 0.03s
[2017.04.28-11.26.57:425][  0]SourceControl: Info Source control is disabled
[2017.04.28-11.26.57:425][  0]Cmd: MAP LOAD FILE="../../../../../../Users/Sarah/Documents/Unreal Projects/04_BattleTank/BattleTank/Content/Levels/BattleGround.umap" TEMPLATE=0 SHOWPROGRESS=1 FEATURELEVEL=3
[2017.04.28-11.26.57:438][  0]LightingResults: New page: Lighting Build
[2017.04.28-11.26.57:594][  0]MapCheck: New page: Map Check
[2017.04.28-11.26.57:594][  0]LightingResults: New page: Lighting Build
[2017.04.28-11.26.59:349][  0]LogAIModule: Creating AISystem for world BattleGround
[2017.04.28-11.27.00:024][  0]LogEditorServer: Finished looking for orphan Actors (0.000 secs)
[2017.04.28-11.27.00:031][  0]Cmd: MAP CHECKDEP NOCLEARLOG
[2017.04.28-11.27.00:165][  0]MapCheck: Info Map check complete: 0 Error(s), 0 Warning(s), took 133.806ms to complete.
[2017.04.28-11.27.00:165][  0]LogFileHelpers: Loading map 'BattleGround' took 2.740
[2017.04.28-11.27.00:714][  0]LogCollectionManager: Loaded 1 collections in 0.014139 seconds
[2017.04.28-11.27.00:933][  0]LogFileCache: Scanning file cache for directory 'C:/Users/Sarah/Documents/Unreal Projects/04_BattleTank/BattleTank/Saved/Collections/' took 0.01s
[2017.04.28-11.27.00:933][  0]LogFileCache: Scanning file cache for directory 'C:/Users/Sarah/Documents/Unreal Projects/04_BattleTank/BattleTank/Content/Developers/Sarah/Collections/' took 0.01s
[2017.04.28-11.27.00:933][  0]LogFileCache: Scanning file cache for directory 'C:/Users/Sarah/Documents/Unreal Projects/04_BattleTank/BattleTank/Content/Collections/' took 0.01s
[2017.04.28-11.27.00:933][  0]LogCollectionManager: Rebuilt the GUID cache for 1 collections in 0.000011 seconds
[2017.04.28-11.27.00:933][  0]LogCollectionManager: Rebuilt the hierarchy cache for 1 collections in 0.000001 seconds
[2017.04.28-11.27.00:973][  0]LogContentBrowser: Native class hierarchy populated in 0.0371 seconds. Added 2255 classes and 453 folders.
[2017.04.28-11.27.00:988][  0]LogStats: UGameplayTagsManager::ConstructGameplayTagTree: Construct from data asset -  0.000 s
[2017.04.28-11.27.00:988][  0]LogStats: UGameplayTagsManager::ConstructGameplayTagTree: GameplayTagTreeChangedEvent.Broadcast -  0.000 s
[2017.04.28-11.27.01:222][  0]LogContentBrowser: Native class hierarchy updated for 'WidgetCarousel' in 0.0098 seconds. Added 0 classes and 0 folders.
[2017.04.28-11.27.02:086][  0]LogContentBrowser: Native class hierarchy updated for 'AddContentDialog' in 0.0099 seconds. Added 0 classes and 0 folders.
[2017.04.28-11.27.02:261][  0]LogContentBrowser: Native class hierarchy updated for 'SceneOutliner' in 0.0103 seconds. Added 1 classes and 2 folders.
[2017.04.28-11.27.02:471][  0]LogCrashTracker: Crashtracker disabled due to settings.
[2017.04.28-11.27.02:492][  0]LogUObjectGlobals:Warning: Failed to find object 'Class None.'
[2017.04.28-11.27.02:687][  0]LogContentBrowser: Native class hierarchy updated for 'HierarchicalLODOutliner' in 0.0101 seconds. Added 1 classes and 2 folders.
[2017.04.28-11.27.02:687][  0]LogLoad: (Engine Initialization) Total time: 65.99 seconds
[2017.04.28-11.27.02:687][  0]LogLoad: (Engine Initialization) Total Blueprint compile time: 0.48 seconds
[2017.04.28-11.27.02:688][  0]LogExternalProfiler: No external profilers were discovered.  External profiling features will not be available.
[2017.04.28-11.27.03:029][  0]LogOcInput: OculusInput pre-init called
[2017.04.28-11.27.03:069][  0]LogContentStreaming: Texture pool size now 600 MB
[2017.04.28-11.27.03:074][  0]LogSlate: Took 0.000669 seconds to synchronously load lazily loaded font '../../../Engine/Content/Slate/Fonts/Roboto-Regular.ttf' (155K)
[2017.04.28-11.27.03:086][  0]LogSlate: Took 0.000638 seconds to synchronously load lazily loaded font '../../../Engine/Content/Slate/Fonts/Roboto-Bold.ttf' (160K)
[2017.04.28-11.27.03:121][  0]LogSlate: Took 0.013544 seconds to synchronously load lazily loaded font '../../../Engine/Content/Editor/Slate/Fonts/FontAwesome.ttf' (139K)
[2017.04.28-11.27.03:136][  0]LogSlate: Took 0.012948 seconds to synchronously load lazily loaded font '../../../Engine/Content/Editor/Slate/Fonts/DroidSansMono.ttf' (77K)
[2017.04.28-11.27.03:859][  2]LogRenderer: Reallocating scene render targets to support 792x628 NumSamples 1 (Frame:2).
[2017.04.28-11.27.05:158][  4]LogAssetRegistry: Asset discovery search completed in 41.1290 seconds
[2017.04.28-11.27.05:158][  4]LogCollectionManager: Rebuilt the object cache for 1 collections in 0.000015 seconds (found 0 objects)
[2017.04.28-11.27.05:159][  4]LogCollectionManager: Fixed up redirectors for 1 collections in 0.000387 seconds (updated 0 objects)
[2017.04.28-11.50.04:499][222]LogTemp: Repeting last play command: Selected Viewport
[2017.04.28-11.50.04:578][222]LogBlueprintUserMessages: Early PlayInEditor Detection: Level '/Game/Levels/BattleGround.BattleGround:PersistentLevel' has LevelScriptBlueprint '/Game/Levels/BattleGround.BattleGround:PersistentLevel.BattleGround' with GeneratedClass '/Game/Levels/BattleGround.BattleGround_C' with ClassGeneratedBy '/Game/Levels/BattleGround.BattleGround:PersistentLevel.BattleGround'
[2017.04.28-11.50.04:580][222]LogPlayLevel: PlayLevel: No blueprints needed recompiling
[2017.04.28-11.50.04:588][222]PIE: New page: PIE session: BattleGround (Apr 28, 2017, 1:50:04 PM)
[2017.04.28-11.50.04:590][222]LogPlayLevel: Creating play world package: /Game/Levels/UEDPIE_0_BattleGround
[2017.04.28-11.50.04:774][222]LogPlayLevel: PIE: StaticDuplicateObject took: (0.183695s)
[2017.04.28-11.50.04:778][222]LogAIModule: Creating AISystem for world BattleGround
[2017.04.28-11.50.04:779][222]LogPlayLevel: PIE: World Init took: (0.004222s)
[2017.04.28-11.50.04:780][222]LogPlayLevel: PIE: Created PIE world by copying editor world from /Game/Levels/BattleGround.BattleGround to /Game/Levels/UEDPIE_0_BattleGround.BattleGround (0.190554s)
[2017.04.28-11.50.04:877][222]LogInit: XAudio2 using 'Speakers (2- High Definition Audio Device)' : 2 channels at 44.1 kHz using 16 bits per sample (channel mask 0x3)
[2017.04.28-11.50.04:916][222]LogInit: FAudioDevice initialized.
[2017.04.28-11.50.05:058][222]LogLoad: Game class is 'BattleTankGameMode_BP_C'
[2017.04.28-11.50.05:086][222]LogWorld: Bringing World /Game/Levels/UEDPIE_0_BattleGround.BattleGround up for play (max tick rate 0) at 2017.04.28-12.50.05
[2017.04.28-11.50.05:092][222]LogWorld: Bringing up level for play took: 0.025155
[2017.04.28-11.50.05:316][222]LogContentBrowser: Native class hierarchy updated for 'MovieSceneCapture' in 0.0133 seconds. Added 11 classes and 0 folders.
[2017.04.28-11.50.05:327][222]LogTemp:Warning: Tank_BP_C_0 has been possessed by Player
[2017.04.28-11.50.05:336][222]PIE: Info Play in editor start time for /Game/Levels/UEDPIE_0_BattleGround 0.928
[2017.04.28-11.50.05:339][222]LogBlueprintUserMessages: Late PlayInEditor Detection: Level '/Game/Levels/BattleGround.BattleGround:PersistentLevel' has LevelScriptBlueprint '/Game/Levels/BattleGround.BattleGround:PersistentLevel.BattleGround' with GeneratedClass '/Game/Levels/BattleGround.BattleGround_C' with ClassGeneratedBy '/Game/Levels/BattleGround.BattleGround:PersistentLevel.BattleGround'
[2017.04.28-11.50.06:167][222]LogStats: FPlatformStackWalk::StackWalkAndDump -  0.824 s
[2017.04.28-11.50.06:168][222]LogOutputDevice:Error: === Handled ensure: ===
[2017.04.28-11.50.06:168][222]LogOutputDevice:Error: 
[2017.04.28-11.50.06:168][222]LogOutputDevice:Error: Ensure condition failed: TankAimingComponent [File:C:\Users\Sarah\Documents\Unreal Projects\04_BattleTank\BattleTank\Source\BattleTank\Private\Tank.cpp] [Line: 42]
[2017.04.28-11.50.06:170][222]LogOutputDevice:Error: 
[2017.04.28-11.50.06:170][222]LogOutputDevice:Error: Stack: 
[2017.04.28-11.50.06:170][222]LogOutputDevice:Error: UE4Editor-Core.dll!0x000000009E3695D6
[2017.04.28-11.50.06:171][222]LogOutputDevice:Error: UE4Editor-Core.dll!0x000000009E119B72
[2017.04.28-11.50.06:171][222]LogOutputDevice:Error: UE4Editor-Core.dll!0x000000009E12B656
[2017.04.28-11.50.06:172][222]LogOutputDevice:Error: UE4Editor-BattleTank-4748.dll!ATank::AimAt() [c:\users\sarah\documents\unreal projects\04_battletank\battletank\source\battletank\private\tank.cpp:42]
[2017.04.28-11.50.06:173][222]LogOutputDevice:Error: UE4Editor-BattleTank-4748.dll!ATankPlayerController::AimTowardsCrosshair() [c:\users\sarah\documents\unreal projects\04_battletank\battletank\source\battletank\private\tankplayercontroller.cpp:65]
[2017.04.28-11.50.06:174][222]LogOutputDevice:Error: UE4Editor-Engine.dll!0x0000000094C833CC
[2017.04.28-11.50.06:175][222]LogOutputDevice:Error: UE4Editor-Engine.dll!0x0000000093FFAA2E
[2017.04.28-11.50.06:175][222]LogOutputDevice:Error: UE4Editor-Engine.dll!0x0000000094F7F62D
[2017.04.28-11.50.06:176][222]LogOutputDevice:Error: UE4Editor-Engine.dll!0x0000000094F852FD
[2017.04.28-11.50.06:176][222]LogOutputDevice:Error: UE4Editor-Core.dll!0x000000009DFED83D
[2017.04.28-11.50.06:176][222]LogOutputDevice:Error: UE4Editor-Core.dll!0x000000009DFEDC5D
[2017.04.28-11.50.06:177][222]LogOutputDevice:Error: UE4Editor-Core.dll!0x000000009E00CCDB
[2017.04.28-11.50.06:177][222]LogOutputDevice:Error: UE4Editor-Engine.dll!0x0000000094FA9051
[2017.04.28-11.50.06:178][222]LogOutputDevice:Error: UE4Editor-Engine.dll!0x0000000094FB98D2
[2017.04.28-11.50.06:178][222]LogOutputDevice:Error: UE4Editor-Engine.dll!0x00000000948E7B44
[2017.04.28-11.50.06:179][222]LogOutputDevice:Error: UE4Editor-Engine.dll!0x00000000948EFC6B
[2017.04.28-11.50.06:179][222]LogOutputDevice:Error: UE4Editor-UnrealEd.dll!0x0000000092A16D8E
[2017.04.28-11.50.06:180][222]LogOutputDevice:Error: UE4Editor-UnrealEd.dll!0x0000000093221AD6
[2017.04.28-11.50.06:180][222]LogOutputDevice:Error: UE4Editor.exe!0x00000000C875DEE3
[2017.04.28-11.50.06:181][222]LogOutputDevice:Error: UE4Editor.exe!0x00000000C874EB40
[2017.04.28-11.50.06:181][222]LogOutputDevice:Error: UE4Editor.exe!0x00000000C874EBBA
[2017.04.28-11.50.06:182][222]LogOutputDevice:Error: UE4Editor.exe!0x00000000C8760A29
[2017.04.28-11.50.06:182][222]LogOutputDevice:Error: UE4Editor.exe!0x00000000C87622B6
[2017.04.28-11.50.06:182][222]LogOutputDevice:Error: KERNEL32.DLL!0x00000000E12A8364
[2017.04.28-11.50.06:182][222]LogOutputDevice:Error: ntdll.dll!0x00000000E18470D1
[2017.04.28-11.50.06:183][222]LogOutputDevice:Error: 
[2017.04.28-11.50.06:186][222]LogStats:                SubmitErrorReport -  0.000 s
[2017.04.28-11.50.07:307][222]LogStats:                    SendNewReport -  1.120 s
[2017.04.28-11.50.07:308][222]LogStats:             FDebug::EnsureFailed -  1.964 s
[2017.04.28-11.50.07:315][222]LogStats: FPlatformStackWalk::StackWalkAndDump -  0.005 s
[2017.04.28-11.50.07:315][222]LogOutputDevice:Error: === Handled ensure: ===
[2017.04.28-11.50.07:316][222]LogOutputDevice:Error: 
[2017.04.28-11.50.07:316][222]LogOutputDevice:Error: Ensure condition failed: Barrel [File:C:\Users\Sarah\Documents\Unreal Projects\04_BattleTank\BattleTank\Source\BattleTank\Private\Tank.cpp] [Line: 70]
[2017.04.28-11.50.07:316][222]LogOutputDevice:Error: 
[2017.04.28-11.50.07:316][222]LogOutputDevice:Error: Stack: 
[2017.04.28-11.50.07:317][222]LogOutputDevice:Error: UE4Editor-Core.dll!0x000000009E3695D6
[2017.04.28-11.50.07:317][222]LogOutputDevice:Error: UE4Editor-Core.dll!0x000000009E119B72
[2017.04.28-11.50.07:318][222]LogOutputDevice:Error: UE4Editor-Core.dll!0x000000009E12B656
[2017.04.28-11.50.07:318][222]LogOutputDevice:Error: UE4Editor-BattleTank-4748.dll!ATank::Fire() [c:\users\sarah\documents\unreal projects\04_battletank\battletank\source\battletank\private\tank.cpp:70]
[2017.04.28-11.50.07:319][222]LogOutputDevice:Error: UE4Editor-BattleTank-4748.dll!ATankAIController::Tick() [c:\users\sarah\documents\unreal projects\04_battletank\battletank\source\battletank\private\tankaicontroller.cpp:63]
[2017.04.28-11.50.07:320][222]LogOutputDevice:Error: UE4Editor-Engine.dll!0x00000000948F302A
[2017.04.28-11.50.07:320][222]LogOutputDevice:Error: UE4Editor-Engine.dll!0x0000000093FFAA2E
[2017.04.28-11.50.07:320][222]LogOutputDevice:Error: UE4Editor-Engine.dll!0x0000000094F7F62D
[2017.04.28-11.50.07:321][222]LogOutputDevice:Error: UE4Editor-Engine.dll!0x0000000094F852FD
[2017.04.28-11.50.07:321][222]LogOutputDevice:Error: UE4Editor-Core.dll!0x000000009DFED83D
[2017.04.28-11.50.07:322][222]LogOutputDevice:Error: UE4Editor-Core.dll!0x000000009DFEDC5D
[2017.04.28-11.50.07:323][222]LogOutputDevice:Error: UE4Editor-Core.dll!0x000000009E00CCDB
[2017.04.28-11.50.07:324][222]LogOutputDevice:Error: UE4Editor-Engine.dll!0x0000000094FA9051
[2017.04.28-11.50.07:324][222]LogOutputDevice:Error: UE4Editor-Engine.dll!0x0000000094FB98D2
[2017.04.28-11.50.07:325][222]LogOutputDevice:Error: UE4Editor-Engine.dll!0x00000000948E7B44
[2017.04.28-11.50.07:325][222]LogOutputDevice:Error: UE4Editor-Engine.dll!0x00000000948EFC6B
[2017.04.28-11.50.07:325][222]LogOutputDevice:Error: UE4Editor-UnrealEd.dll!0x0000000092A16D8E
[2017.04.28-11.50.07:326][222]LogOutputDevice:Error: UE4Editor-UnrealEd.dll!0x0000000093221AD6
[2017.04.28-11.50.07:326][222]LogOutputDevice:Error: UE4Editor.exe!0x00000000C875DEE3
[2017.04.28-11.50.07:326][222]LogOutputDevice:Error: UE4Editor.exe!0x00000000C874EB40
[2017.04.28-11.50.07:327][222]LogOutputDevice:Error: UE4Editor.exe!0x00000000C874EBBA
[2017.04.28-11.50.07:327][222]LogOutputDevice:Error: UE4Editor.exe!0x00000000C8760A29
[2017.04.28-11.50.07:327][222]LogOutputDevice:Error: UE4Editor.exe!0x00000000C87622B6
[2017.04.28-11.50.07:328][222]LogOutputDevice:Error: KERNEL32.DLL!0x00000000E12A8364
[2017.04.28-11.50.07:328][222]LogOutputDevice:Error: ntdll.dll!0x00000000E18470D1
[2017.04.28-11.50.07:329][222]LogOutputDevice:Error: 
[2017.04.28-11.50.07:332][222]LogStats:                SubmitErrorReport -  0.000 s
[2017.04.28-11.50.08:167][222]LogStats:                    SendNewReport -  0.835 s
[2017.04.28-11.50.08:167][222]LogStats:             FDebug::EnsureFailed -  0.858 s
[2017.04.28-11.50.11:335][344]LogBlueprintUserMessages: Early EndPlayMap Detection: Level '/Game/Levels/BattleGround.BattleGround:PersistentLevel' has LevelScriptBlueprint '/Game/Levels/BattleGround.BattleGround:PersistentLevel.BattleGround' with GeneratedClass '/Game/Levels/BattleGround.BattleGround_C' with ClassGeneratedBy '/Game/Levels/BattleGround.BattleGround:PersistentLevel.BattleGround'
[2017.04.28-11.50.11:405][344]LogBlueprintUserMessages: Late EndPlayMap Detection: Level '/Game/Levels/BattleGround.BattleGround:PersistentLevel' has LevelScriptBlueprint '/Game/Levels/BattleGround.BattleGround:PersistentLevel.BattleGround' with GeneratedClass '/Game/Levels/BattleGround.BattleGround_C' with ClassGeneratedBy '/Game/Levels/BattleGround.BattleGround:PersistentLevel.BattleGround'
[2017.04.28-11.50.12:806][413]LogSlate: Took 0.008909 seconds to synchronously load lazily loaded font '../../../Engine/Content/Slate/Fonts/Roboto-Light.ttf' (159K)
[2017.04.28-11.50.18:277][586]LogSlate: Took 0.000685 seconds to synchronously load lazily loaded font '../../../Engine/Content/Slate/Fonts/Roboto-Light.ttf' (159K)
[2017.04.28-11.50.18:509][586]LogAIModule: Creating AISystem for world MainMenu
[2017.04.28-11.50.18:548][586]Cmd: MAP LOAD FILE="../../../../../../Users/Sarah/Documents/Unreal Projects/04_BattleTank/BattleTank/Content/Levels/MainMenu.umap" TEMPLATE=0 SHOWPROGRESS=1 FEATURELEVEL=3
[2017.04.28-11.50.18:549][586]LightingResults: New page: Lighting Build
[2017.04.28-11.50.18:554][586]LoadErrors: New page: Loading map: MainMenu.umap
[2017.04.28-11.50.18:559][586]MapCheck: New page: Map Check
[2017.04.28-11.50.18:560][586]LightingResults: New page: Lighting Build
[2017.04.28-11.50.18:614][586]LogEditorServer: Finished looking for orphan Actors (0.000 secs)
[2017.04.28-11.50.18:747][586]Cmd: MAP CHECKDEP NOCLEARLOG
[2017.04.28-11.50.18:950][586]MapCheck: Info Map check complete: 0 Error(s), 0 Warning(s), took 202.336ms to complete.
[2017.04.28-11.50.18:952][586]LogFileHelpers: Loading map 'MainMenu' took 0.406
[2017.04.28-11.50.23:203][802]LogTemp: Repeting last play command: Selected Viewport
[2017.04.28-11.50.23:274][802]LogBlueprintUserMessages: Early PlayInEditor Detection: Level '/Game/Levels/MainMenu.MainMenu:PersistentLevel' has LevelScriptBlueprint '/Game/Levels/MainMenu.MainMenu:PersistentLevel.MainMenu' with GeneratedClass '/Game/Levels/MainMenu.MainMenu_C' with ClassGeneratedBy '/Game/Levels/MainMenu.MainMenu:PersistentLevel.MainMenu'
[2017.04.28-11.50.23:275][802]LogPlayLevel: PlayLevel: No blueprints needed recompiling
[2017.04.28-11.50.23:276][802]PIE: New page: PIE session: MainMenu (Apr 28, 2017, 1:50:23 PM)
[2017.04.28-11.50.23:277][802]LogPlayLevel: Creating play world package: /Game/Levels/UEDPIE_0_MainMenu
[2017.04.28-11.50.23:281][802]LogPlayLevel: PIE: StaticDuplicateObject took: (0.003867s)
[2017.04.28-11.50.23:283][802]LogAIModule: Creating AISystem for world MainMenu
[2017.04.28-11.50.23:284][802]LogPlayLevel: PIE: World Init took: (0.002298s)
[2017.04.28-11.50.23:285][802]LogPlayLevel: PIE: Created PIE world by copying editor world from /Game/Levels/MainMenu.MainMenu to /Game/Levels/UEDPIE_0_MainMenu.MainMenu (0.008060s)
[2017.04.28-11.50.23:341][802]LogInit: XAudio2 using 'Speakers (2- High Definition Audio Device)' : 2 channels at 44.1 kHz using 16 bits per sample (channel mask 0x3)
[2017.04.28-11.50.23:368][802]LogInit: FAudioDevice initialized.
[2017.04.28-11.50.23:415][802]LogLoad: Game class is 'GameModeBase'
[2017.04.28-11.50.23:420][802]LogWorld: Bringing World /Game/Levels/UEDPIE_0_MainMenu.MainMenu up for play (max tick rate 0) at 2017.04.28-12.50.23
[2017.04.28-11.50.23:422][802]LogWorld: Bringing up level for play took: 0.003195
[2017.04.28-11.50.23:436][802]PIE: Info Play in editor start time for /Game/Levels/UEDPIE_0_MainMenu 1.027
[2017.04.28-11.50.23:437][802]LogBlueprintUserMessages: Late PlayInEditor Detection: Level '/Game/Levels/MainMenu.MainMenu:PersistentLevel' has LevelScriptBlueprint '/Game/Levels/MainMenu.MainMenu:PersistentLevel.MainMenu' with GeneratedClass '/Game/Levels/MainMenu.MainMenu_C' with ClassGeneratedBy '/Game/Levels/MainMenu.MainMenu:PersistentLevel.MainMenu'
[2017.04.28-11.50.24:582][840]LogNet: Browse: /Game/Levels/BattleGround
[2017.04.28-11.50.24:582][840]LogLoad: LoadMap: /Game/Levels/BattleGround
[2017.04.28-11.50.24:624][840]Cmd: MEM
[2017.04.28-11.50.24:672][840]LogMemory: Platform Memory Stats for Windows
[2017.04.28-11.50.24:672][840]LogMemory: Process Physical Memory: 749.45 MB used, 935.61 MB peak
[2017.04.28-11.50.24:672][840]LogMemory: Process Virtual Memory: 1387.42 MB used, 1405.24 MB peak
[2017.04.28-11.50.24:672][840]LogMemory: Physical Memory: 4166.04 MB used,  3918.23 MB free, 8084.27 MB total
[2017.04.28-11.50.24:673][840]LogMemory: Virtual Memory: 2088.63 MB used,  3918.23 MB free, 134217728.00 MB total
[2017.04.28-11.50.24:673][840]LogMemory: 
[2017.04.28-11.50.24:673][840]Allocator Stats for TBB: (not implemented)
[2017.04.28-11.50.25:931][840]LogAIModule: Creating AISystem for world BattleGround
[2017.04.28-11.50.25:933][840]LogLoad: Game class is 'BattleTankGameMode_BP_C'
[2017.04.28-11.50.26:001][840]LogWorld: Bringing World /Game/Levels/UEDPIE_0_BattleGround.BattleGround up for play (max tick rate 0) at 2017.04.28-12.50.26
[2017.04.28-11.50.26:006][840]LogWorld: Bringing up level for play took: 0.067385
[2017.04.28-11.50.26:015][840]LogTemp:Warning: Tank_BP_C_48 has been possessed by Player
[2017.04.28-11.50.26:017][840]LogLoad: Took 1.434462 seconds to LoadMap(/Game/Levels/BattleGround)
[2017.04.28-11.50.27:725][904]LogBlueprintUserMessages: Early EndPlayMap Detection: Level '/Game/Levels/MainMenu.MainMenu:PersistentLevel' has LevelScriptBlueprint '/Game/Levels/MainMenu.MainMenu:PersistentLevel.MainMenu' with GeneratedClass '/Game/Levels/MainMenu.MainMenu_C' with ClassGeneratedBy '/Game/Levels/MainMenu.MainMenu:PersistentLevel.MainMenu'
[2017.04.28-11.50.27:781][904]LogBlueprintUserMessages: Late EndPlayMap Detection: Level '/Game/Levels/MainMenu.MainMenu:PersistentLevel' has LevelScriptBlueprint '/Game/Levels/MainMenu.MainMenu:PersistentLevel.MainMenu' with GeneratedClass '/Game/Levels/MainMenu.MainMenu_C' with ClassGeneratedBy '/Game/Levels/MainMenu.MainMenu:PersistentLevel.MainMenu'
[2017.04.28-11.50.29:381][958]LogAIModule: Creating AISystem for world BattleGround
[2017.04.28-11.50.29:453][958]Cmd: MAP LOAD FILE="../../../../../../Users/Sarah/Documents/Unreal Projects/04_BattleTank/BattleTank/Content/Levels/BattleGround.umap" TEMPLATE=0 SHOWPROGRESS=1 FEATURELEVEL=3
[2017.04.28-11.50.29:454][958]LightingResults: New page: Lighting Build
[2017.04.28-11.50.29:460][958]LoadErrors: New page: Loading map: BattleGround.umap
[2017.04.28-11.50.29:461][958]MapCheck: New page: Map Check
[2017.04.28-11.50.29:462][958]LightingResults: New page: Lighting Build
[2017.04.28-11.50.29:578][958]LogEditorServer: Finished looking for orphan Actors (0.000 secs)
[2017.04.28-11.50.29:691][958]Cmd: MAP CHECKDEP NOCLEARLOG
[2017.04.28-11.50.29:825][958]MapCheck: Info Map check complete: 0 Error(s), 0 Warning(s), took 133.694ms to complete.
[2017.04.28-11.50.29:825][958]LogFileHelpers: Loading map 'BattleGround' took 0.375
[2017.04.28-11.50.37:592][218]LogRenderer: Reallocating scene render targets to support 828x628 NumSamples 1 (Frame:1213).
[2017.04.28-11.50.37:715][218]LogRenderer: Reallocating scene render targets to support 904x628 NumSamples 1 (Frame:1214).
[2017.04.28-11.50.37:847][218]LogRenderer: Reallocating scene render targets to support 996x628 NumSamples 1 (Frame:1215).
[2017.04.28-11.50.38:008][218]LogRenderer: Reallocating scene render targets to support 1024x628 NumSamples 1 (Frame:1216).
[2017.04.28-11.50.50:805][611]Cmd: QUIT_EDITOR
[2017.04.28-11.50.51:518][611]LogWindowsTextInputMethodSystem:Display: IME system now deactivated.
[2017.04.28-11.50.51:631][611]LogExit: Preparing to exit.
[2017.04.28-11.50.52:357][611]LogDirectoryWatcher: A directory notification for 'C:/Users/Sarah/Documents/Unreal Projects/04_BattleTank/BattleTank/Content/' was aborted.
[2017.04.28-11.50.52:447][611]LogExit: Editor shut down
[2017.04.28-11.50.52:448][611]LogExit: Transaction tracking system shut down
[2017.04.28-11.50.52:745][611]LogObj: Freed 0b from 0 cluster array pools.
[2017.04.28-11.50.52:745][611]LogExit: Object subsystem successfully closed.
[2017.04.28-11.50.52:773][611]LogD3D11RHI: Shutdown
[2017.04.28-11.50.52:773][611]LogD3D11RHI: CleanupD3DDevice
[2017.04.28-11.50.53:045][611]LogD3D11RHI: ~FD3D11DynamicRHI
[2017.04.28-11.50.53:120][611]LogModuleManager: Shutting down and abandoning module MovieSceneCapture (500)
[2017.04.28-11.50.53:120][611]LogModuleManager: Shutting down and abandoning module HierarchicalLODOutliner (498)
[2017.04.28-11.50.53:120][611]LogModuleManager: Shutting down and abandoning module CrashTracker (496)
[2017.04.28-11.50.53:120][611]LogModuleManager: Shutting down and abandoning module SceneOutliner (494)
[2017.04.28-11.50.53:120][611]LogModuleManager: Shutting down and abandoning module AddContentDialog (492)
[2017.04.28-11.50.53:120][611]LogDirectoryWatcher: A directory notification for 'C:/Program Files/Epic Games/UE_4.15/FeaturePacks/' was aborted.
[2017.04.28-11.50.53:123][611]LogModuleManager: Shutting down and abandoning module WidgetCarousel (491)
[2017.04.28-11.50.53:123][611]LogModuleManager: Shutting down and abandoning module EditorWidgets (488)
[2017.04.28-11.50.53:123][611]LogModuleManager: Shutting down and abandoning module CollectionManager (486)
[2017.04.28-11.50.53:123][611]LogDirectoryWatcher: A directory notification for 'C:/Users/Sarah/Documents/Unreal Projects/04_BattleTank/BattleTank/Content/Collections/' was aborted.
[2017.04.28-11.50.53:123][611]LogDirectoryWatcher: A directory notification for 'C:/Users/Sarah/Documents/Unreal Projects/04_BattleTank/BattleTank/Content/Developers/Sarah/Collections/' was aborted.
[2017.04.28-11.50.53:123][611]LogDirectoryWatcher: A directory notification for 'C:/Users/Sarah/Documents/Unreal Projects/04_BattleTank/BattleTank/Saved/Collections/' was aborted.
[2017.04.28-11.50.53:123][611]LogModuleManager: Shutting down and abandoning module StatsViewer (484)
[2017.04.28-11.50.53:123][611]LogModuleManager: Shutting down and abandoning module FoliageEdit (482)
[2017.04.28-11.50.53:123][611]LogModuleManager: Shutting down and abandoning module LandscapeEditor (480)
[2017.04.28-11.50.53:124][611]LogModuleManager: Shutting down and abandoning module SceneDepthPickerMode (478)
[2017.04.28-11.50.53:124][611]LogModuleManager: Shutting down and abandoning module ActorPickerMode (476)
[2017.04.28-11.50.53:124][611]LogModuleManager: Shutting down and abandoning module GeometryMode (474)
[2017.04.28-11.50.53:124][611]LogModuleManager: Shutting down and abandoning module TextureAlignMode (472)
[2017.04.28-11.50.53:124][611]LogModuleManager: Shutting down and abandoning module BspMode (470)
[2017.04.28-11.50.53:124][611]LogModuleManager: Shutting down and abandoning module HardwareSurvey (468)
[2017.04.28-11.50.53:124][611]LogModuleManager: Shutting down and abandoning module SequenceRecorderSections (466)
[2017.04.28-11.50.53:124][611]LogModuleManager: Shutting down and abandoning module AutomationWorker (464)
[2017.04.28-11.50.53:124][611]LogModuleManager: Shutting down and abandoning module MatineeToLevelSequence (462)
[2017.04.28-11.50.53:124][611]LogModuleManager: Shutting down and abandoning module LevelSequenceEditor (460)
[2017.04.28-11.50.53:124][611]LogModuleManager: Shutting down and abandoning module PlacementMode (459)
[2017.04.28-11.50.53:124][611]LogModuleManager: Shutting down and abandoning module WmfMediaFactory (456)
[2017.04.28-11.50.53:124][611]LogModuleManager: Shutting down and abandoning module WmfMediaEditor (454)
[2017.04.28-11.50.53:124][611]LogModuleManager: Shutting down and abandoning module MfMediaFactory (452)
[2017.04.28-11.50.53:124][611]LogModuleManager: Shutting down and abandoning module MfMediaEditor (450)
[2017.04.28-11.50.53:124][611]LogModuleManager: Shutting down and abandoning module AvfMediaFactory (448)
[2017.04.28-11.50.53:124][611]LogModuleManager: Shutting down and abandoning module AvfMediaEditor (446)
[2017.04.28-11.50.53:124][611]LogModuleManager: Shutting down and abandoning module AndroidMediaFactory (444)
[2017.04.28-11.50.53:124][611]LogModuleManager: Shutting down and abandoning module Media (443)
[2017.04.28-11.50.53:124][611]LogModuleManager: Shutting down and abandoning module AndroidMediaEditor (440)
[2017.04.28-11.50.53:124][611]LogModuleManager: Shutting down and abandoning module CharacterAI (438)
[2017.04.28-11.50.53:124][611]LogModuleManager: Shutting down and abandoning module AudioCapture (436)
[2017.04.28-11.50.53:124][611]LogModuleManager: Shutting down and abandoning module SequenceRecorder (435)
[2017.04.28-11.50.53:125][611]LogModuleManager: Shutting down and abandoning module SmartSnapping (432)
[2017.04.28-11.50.53:125][611]LogModuleManager: Shutting down and abandoning module SessionServices (430)
[2017.04.28-11.50.53:125][611]LogModuleManager: Shutting down and abandoning module ViewportSnapping (428)
[2017.04.28-11.50.53:125][611]LogModuleManager: Shutting down and abandoning module ViewportInteraction (426)
[2017.04.28-11.50.53:125][611]LogModuleManager: Shutting down and abandoning module LogVisualizer (424)
[2017.04.28-11.50.53:125][611]LogModuleManager: Shutting down and abandoning module IntroTutorials (422)
[2017.04.28-11.50.53:125][611]LogModuleManager: Shutting down and abandoning module GameProjectGeneration (421)
[2017.04.28-11.50.53:125][611]LogModuleManager: Shutting down and abandoning module EditorLiveStreaming (418)
[2017.04.28-11.50.53:125][611]LogModuleManager: Shutting down and abandoning module IOSPlatformEditor (416)
[2017.04.28-11.50.53:125][611]LogModuleManager: Shutting down and abandoning module HTML5PlatformEditor (414)
[2017.04.28-11.50.53:125][611]LogModuleManager: Shutting down and abandoning module AndroidPlatformEditor (412)
[2017.04.28-11.50.53:125][611]LogModuleManager: Shutting down and abandoning module AndroidDeviceDetection (411)
[2017.04.28-11.50.53:217][611]LogModuleManager: Shutting down and abandoning module IOSRuntimeSettings (408)
[2017.04.28-11.50.53:218][611]LogModuleManager: Shutting down and abandoning module AndroidRuntimeSettings (406)
[2017.04.28-11.50.53:218][611]LogModuleManager: Shutting down and abandoning module InputBindingEditor (404)
[2017.04.28-11.50.53:218][611]LogModuleManager: Shutting down and abandoning module NiagaraEditor (402)
[2017.04.28-11.50.53:218][611]LogModuleManager: Shutting down and abandoning module MergeActors (400)
[2017.04.28-11.50.53:218][611]LogModuleManager: Shutting down and abandoning module SizeMap (398)
[2017.04.28-11.50.53:218][611]LogModuleManager: Shutting down and abandoning module TreeMap (396)
[2017.04.28-11.50.53:218][611]LogModuleManager: Shutting down and abandoning module ReferenceViewer (394)
[2017.04.28-11.50.53:218][611]LogModuleManager: Shutting down and abandoning module LocalizationDashboard (392)
[2017.04.28-11.50.53:218][611]LogModuleManager: Shutting down and abandoning module LocalizationService (391)
[2017.04.28-11.50.53:218][611]LogModuleManager: Shutting down and abandoning module HardwareTargeting (388)
[2017.04.28-11.50.53:218][611]LogModuleManager: Shutting down and abandoning module DeviceProfileEditor (386)
[2017.04.28-11.50.53:218][611]LogModuleManager: Shutting down and abandoning module UndoHistory (384)
[2017.04.28-11.50.53:218][611]LogModuleManager: Shutting down and abandoning module UserFeedback (382)
[2017.04.28-11.50.53:218][611]LogModuleManager: Shutting down and abandoning module XmlParser (380)
[2017.04.28-11.50.53:218][611]LogModuleManager: Shutting down and abandoning module Blutility (378)
[2017.04.28-11.50.53:218][611]LogModuleManager: Shutting down and abandoning module ProjectSettingsViewer (376)
[2017.04.28-11.50.53:218][611]LogModuleManager: Shutting down and abandoning module ProjectTargetPlatformEditor (375)
[2017.04.28-11.50.53:219][611]LogModuleManager: Shutting down and abandoning module EditorSettingsViewer (372)
[2017.04.28-11.50.53:219][611]LogModuleManager: Shutting down and abandoning module SettingsEditor (370)
[2017.04.28-11.50.53:219][611]LogModuleManager: Shutting down and abandoning module ProjectLauncher (368)
[2017.04.28-11.50.53:219][611]LogModuleManager: Shutting down and abandoning module SessionFrontend (366)
[2017.04.28-11.50.53:219][611]LogModuleManager: Shutting down and abandoning module ProfilerClient (364)
[2017.04.28-11.50.53:219][611]LogModuleManager: Shutting down and abandoning module DeviceManager (362)
[2017.04.28-11.50.53:219][611]LogModuleManager: Shutting down and abandoning module TargetDeviceServices (361)
[2017.04.28-11.50.53:262][611]LogModuleManager: Shutting down and abandoning module AutomationController (358)
[2017.04.28-11.50.53:262][611]LogModuleManager: Shutting down and abandoning module AutomationWindow (356)
[2017.04.28-11.50.53:262][611]LogModuleManager: Shutting down and abandoning module Layers (354)
[2017.04.28-11.50.53:262][611]LogModuleManager: Shutting down and abandoning module ComponentVisualizers (352)
[2017.04.28-11.50.53:262][611]LogModuleManager: Shutting down and abandoning module DetailCustomizations (350)
[2017.04.28-11.50.53:262][611]LogModuleManager: Shutting down and abandoning module PackagesDialog (348)
[2017.04.28-11.50.53:262][611]LogModuleManager: Shutting down and abandoning module Persona (346)
[2017.04.28-11.50.53:262][611]LogModuleManager: Shutting down and abandoning module AnimGraph (345)
[2017.04.28-11.50.53:262][611]LogModuleManager: Shutting down and abandoning module Kismet (342)
[2017.04.28-11.50.53:264][611]LogModuleManager: Shutting down and abandoning module GraphEditor (340)
[2017.04.28-11.50.53:264][611]LogModuleManager: Shutting down and abandoning module ClassViewer (338)
[2017.04.28-11.50.53:264][611]LogModuleManager: Shutting down and abandoning module Toolbox (336)
[2017.04.28-11.50.53:264][611]LogModuleManager: Shutting down and abandoning module ModuleUI (334)
[2017.04.28-11.50.53:264][611]LogModuleManager: Shutting down and abandoning module MovieSceneTools (332)
[2017.04.28-11.50.53:264][611]LogModuleManager: Shutting down and abandoning module OutputLog (330)
[2017.04.28-11.50.53:264][611]LogModuleManager: Shutting down and abandoning module GammaUI (328)
[2017.04.28-11.50.53:264][611]LogModuleManager: Shutting down and abandoning module Documentation (326)
[2017.04.28-11.50.53:265][611]LogModuleManager: Shutting down and abandoning module Niagara (324)
[2017.04.28-11.50.53:265][611]LogModuleManager: Shutting down and abandoning module StreamingPauseRendering (322)
[2017.04.28-11.50.53:265][611]LogModuleManager: Shutting down and abandoning module AnalyticsET (320)
[2017.04.28-11.50.53:265][611]LogModuleManager: Shutting down and abandoning module PortalServices (318)
[2017.04.28-11.50.53:265][611]LogModuleManager: Shutting down and abandoning module PortalRpc (316)
[2017.04.28-11.50.53:265][611]LogModuleManager: Shutting down and abandoning module MessagingRpc (314)
[2017.04.28-11.50.53:265][611]LogModuleManager: Shutting down and abandoning module AIModule (312)
[2017.04.28-11.50.53:265][611]LogModuleManager: Shutting down and abandoning module GameplayDebugger (311)
[2017.04.28-11.50.53:265][611]LogModuleManager: Shutting down and abandoning module AITestSuite (309)
[2017.04.28-11.50.53:265][611]LogModuleManager: Shutting down and abandoning module ProfilerService (306)
[2017.04.28-11.50.53:410][611]LogModuleManager: Shutting down and abandoning module TaskGraph (304)
[2017.04.28-11.50.53:410][611]LogModuleManager: Shutting down and abandoning module SteamVRController (302)
[2017.04.28-11.50.53:410][611]LogModuleManager: Shutting down and abandoning module SteamVR (300)
[2017.04.28-11.50.53:410][611]LogModuleManager: Shutting down and abandoning module ProceduralMeshComponentEditor (298)
[2017.04.28-11.50.53:410][611]LogModuleManager: Shutting down and abandoning module ProceduralMeshComponent (296)
[2017.04.28-11.50.53:410][611]LogModuleManager: Shutting down and abandoning module OculusLibrary (294)
[2017.04.28-11.50.53:410][611]LogModuleManager: Shutting down and abandoning module OculusInput (292)
[2017.04.28-11.50.53:410][611]LogModuleManager: Shutting down and abandoning module MobilePatchingUtils (290)
[2017.04.28-11.50.53:410][611]LogModuleManager: Shutting down and abandoning module CustomMeshComponent (288)
[2017.04.28-11.50.53:410][611]LogModuleManager: Shutting down and abandoning module CableComponent (286)
[2017.04.28-11.50.53:410][611]LogModuleManager: Shutting down and abandoning module ArchVisCharacter (284)
[2017.04.28-11.50.53:410][611]LogModuleManager: Shutting down and abandoning module MediaPlayerEditor (280)
[2017.04.28-11.50.53:410][611]LogModuleManager: Shutting down and abandoning module HTML5Networking (278)
[2017.04.28-11.50.53:410][611]LogModuleManager: Shutting down and abandoning module AlembicImporter (276)
[2017.04.28-11.50.53:410][611]LogModuleManager: Shutting down and abandoning module AlembicLibrary (275)
[2017.04.28-11.50.53:410][611]LogModuleManager: Shutting down and abandoning module GeometryCache (274)
[2017.04.28-11.50.53:410][611]LogModuleManager: Shutting down and abandoning module GeometryCacheEd (273)
[2017.04.28-11.50.53:410][611]LogModuleManager: Shutting down and abandoning module SuperSearchEditor (268)
[2017.04.28-11.50.53:410][611]LogModuleManager: Shutting down and abandoning module SuperSearch (267)
[2017.04.28-11.50.53:410][611]LogModuleManager: Shutting down and abandoning module SpeedTreeImporter (264)
[2017.04.28-11.50.53:410][611]LogModuleManager: Shutting down and abandoning module PluginBrowser (262)
[2017.04.28-11.50.53:410][611]LogModuleManager: Shutting down and abandoning module MobileLauncherProfileWizard (260)
[2017.04.28-11.50.53:410][611]LogModuleManager: Shutting down and abandoning module EpicSurvey (258)
[2017.04.28-11.50.53:411][611]LogModuleManager: Shutting down and abandoning module VisualStudioSourceCodeAccess (256)
[2017.04.28-11.50.53:411][611]LogModuleManager: Shutting down and abandoning module DesktopPlatform (255)
[2017.04.28-11.50.53:411][611]LogModuleManager: Shutting down and abandoning module UObjectPlugin (252)
[2017.04.28-11.50.53:411][611]LogModuleManager: Shutting down and abandoning module SubversionSourceControl (250)
[2017.04.28-11.50.53:411][611]LogModuleManager: Shutting down and abandoning module PerforceSourceControl (248)
[2017.04.28-11.50.53:411][611]LogModuleManager: Shutting down and abandoning module GitSourceControl (246)
[2017.04.28-11.50.53:411][611]LogModuleManager: Shutting down and abandoning module SourceControl (245)
[2017.04.28-11.50.53:411][611]LogModuleManager: Shutting down and abandoning module LightPropagationVolumeEditor (242)
[2017.04.28-11.50.53:411][611]LogModuleManager: Shutting down and abandoning module PaperTiledImporter (240)
[2017.04.28-11.50.53:411][611]LogModuleManager: Shutting down and abandoning module PaperSpriteSheetImporter (238)
[2017.04.28-11.50.53:411][611]LogModuleManager: Shutting down and abandoning module Paper2DEditor (236)
[2017.04.28-11.50.53:411][611]LogModuleManager: Shutting down and abandoning module MeshPaint (235)
[2017.04.28-11.50.53:411][611]LogModuleManager: Shutting down and abandoning module LevelEditor (233)
[2017.04.28-11.50.53:413][611]LogModuleManager: Shutting down and abandoning module PixelInspectorModule (232)
[2017.04.28-11.50.53:413][611]LogModuleManager: Shutting down and abandoning module MainFrame (230)
[2017.04.28-11.50.53:413][611]LogModuleManager: Shutting down and abandoning module HotReload (229)
[2017.04.28-11.50.53:413][611]LogDirectoryWatcher: A directory notification for 'C:/Users/Sarah/Documents/Unreal Projects/04_BattleTank/BattleTank/Binaries/Win64' was aborted.
[2017.04.28-11.50.53:414][611]LogModuleManager: Shutting down and abandoning module ContentBrowser (225)
[2017.04.28-11.50.53:416][611]LogModuleManager: Shutting down and abandoning module BattleTank (222)
[2017.04.28-11.50.53:416][611]LogModuleManager: Shutting down and abandoning module PhysXVehiclesEditor (220)
[2017.04.28-11.50.53:416][611]LogModuleManager: Shutting down and abandoning module PhysXVehicles (218)
[2017.04.28-11.50.53:416][611]LogModuleManager: Shutting down and abandoning module LocationServicesBPLibrary (216)
[2017.04.28-11.50.53:416][611]LogModuleManager: Shutting down and abandoning module UdpMessaging (214)
[2017.04.28-11.50.53:517][611]LogModuleManager: Shutting down and abandoning module TcpMessaging (212)
[2017.04.28-11.50.53:618][611]LogModuleManager: Shutting down and abandoning module GameplayTagsEditor (210)
[2017.04.28-11.50.53:618][611]LogModuleManager: Shutting down and abandoning module FacialAnimationEditor (208)
[2017.04.28-11.50.53:618][611]LogModuleManager: Shutting down and abandoning module FacialAnimation (206)
[2017.04.28-11.50.53:618][611]LogModuleManager: Shutting down and abandoning module LightPropagationVolumeRuntime (204)
[2017.04.28-11.50.53:618][611]LogModuleManager: Shutting down and abandoning module Paper2D (202)
[2017.04.28-11.50.53:618][611]LogModuleManager: Shutting down and abandoning module WindowsMoviePlayer (200)
[2017.04.28-11.50.53:618][611]LogModuleManager: Shutting down and abandoning module WmfMedia (198)
[2017.04.28-11.50.53:619][611]LogModuleManager: Shutting down and abandoning module MfMedia (196)
[2017.04.28-11.50.53:619][611]LogModuleManager: Shutting down and abandoning module MediaAssets (194)
[2017.04.28-11.50.53:619][611]LogModuleManager: Shutting down and abandoning module GameLiveStreaming (192)
[2017.04.28-11.50.53:619][611]LogModuleManager: Shutting down and abandoning module VREditor (190)
[2017.04.28-11.50.53:619][611]LogModuleManager: Shutting down and abandoning module GameplayTasksEditor (188)
[2017.04.28-11.50.53:619][611]LogModuleManager: Shutting down and abandoning module BehaviorTreeEditor (186)
[2017.04.28-11.50.53:619][611]LogModuleManager: Shutting down and abandoning module FunctionalTesting (184)
[2017.04.28-11.50.53:619][611]LogModuleManager: Shutting down and abandoning module CollisionAnalyzer (182)
[2017.04.28-11.50.53:619][611]LogModuleManager: Shutting down and abandoning module UMG (180)
[2017.04.28-11.50.53:619][611]LogModuleManager: Shutting down and abandoning module UMGEditor (179)
[2017.04.28-11.50.53:619][611]LogModuleManager: Shutting down and abandoning module Sequencer (178)
[2017.04.28-11.50.53:619][611]LogModuleManager: Shutting down and abandoning module AssetTools (176)
[2017.04.28-11.50.53:619][611]LogModuleManager: Shutting down and abandoning module MessageLog (175)
[2017.04.28-11.50.53:619][611]LogModuleManager: Shutting down and abandoning module WorkspaceMenuStructure (174)
[2017.04.28-11.50.53:620][611]LogModuleManager: Shutting down and abandoning module SlateReflector (168)
[2017.04.28-11.50.53:620][611]LogModuleManager: Shutting down and abandoning module Slate (166)
[2017.04.28-11.50.53:620][611]LogModuleManager: Shutting down and abandoning module EditorStyle (164)
[2017.04.28-11.50.53:627][611]LogModuleManager: Shutting down and abandoning module SourceCodeAccess (162)
[2017.04.28-11.50.53:627][611]LogModuleManager: Shutting down and abandoning module HeadMountedDisplay (160)
[2017.04.28-11.50.53:627][611]LogModuleManager: Shutting down and abandoning module XAudio2 (158)
[2017.04.28-11.50.53:627][611]LogModuleManager: Shutting down and abandoning module Networking (156)
[2017.04.28-11.50.53:627][611]LogModuleManager: Shutting down and abandoning module Core (152)
[2017.04.28-11.50.53:627][611]LogModuleManager: Shutting down and abandoning module AssetRegistry (150)
[2017.04.28-11.50.53:880][611]LogDirectoryWatcher: A directory notification for '../../../Engine/Content/' was aborted.
[2017.04.28-11.50.53:881][611]LogDirectoryWatcher: A directory notification for '../../../../../../Users/Sarah/Documents/Unreal Projects/04_BattleTank/BattleTank/Content/' was aborted.
[2017.04.28-11.50.53:881][611]LogDirectoryWatcher: A directory notification for '../../../Engine/Plugins/2D/Paper2D/Content/' was aborted.
[2017.04.28-11.50.53:881][611]LogModuleManager: Shutting down and abandoning module DirectoryWatcher (149)
[2017.04.28-11.50.53:884][611]LogModuleManager: Shutting down and abandoning module KismetCompiler (146)
[2017.04.28-11.50.53:884][611]LogModuleManager: Shutting down and abandoning module PhysXFormats (144)
[2017.04.28-11.50.53:884][611]LogModuleManager: Shutting down and abandoning module MeshUtilities (142)
[2017.04.28-11.50.53:884][611]LogModuleManager: Shutting down and abandoning module SimplygonSwarm (141)
[2017.04.28-11.50.53:884][611]LogModuleManager: Shutting down and abandoning module SimplygonMeshReduction (139)
[2017.04.28-11.50.53:884][611]LogModuleManager: Shutting down and abandoning module QuadricMeshReduction (137)
[2017.04.28-11.50.53:884][611]LogModuleManager: Shutting down and abandoning module PropertyEditor (135)
[2017.04.28-11.50.53:884][611]LogModuleManager: Shutting down and abandoning module DerivedDataCache (132)
[2017.04.28-11.50.53:976][611]LogDerivedDataCache: Shutdown
[2017.04.28-11.50.53:976][611]LogModuleManager: Shutting down and abandoning module TargetPlatform (130)
[2017.04.28-11.50.53:976][611]LogModuleManager: Shutting down and abandoning module VulkanShaderFormat (129)
[2017.04.28-11.50.53:976][611]LogModuleManager: Shutting down and abandoning module ShaderFormatOpenGL (127)
[2017.04.28-11.50.53:976][611]LogModuleManager: Shutting down and abandoning module ShaderFormatD3D (125)
[2017.04.28-11.50.53:976][611]LogModuleManager: Shutting down and abandoning module MetalShaderFormat (123)
[2017.04.28-11.50.53:976][611]LogModuleManager: Shutting down and abandoning module TextureFormatUncompressed (121)
[2017.04.28-11.50.53:976][611]LogModuleManager: Shutting down and abandoning module TextureFormatPVR (119)
[2017.04.28-11.50.53:976][611]LogModuleManager: Shutting down and abandoning module TextureFormatDXT (117)
[2017.04.28-11.50.53:976][611]LogModuleManager: Shutting down and abandoning module TextureFormatIntelISPCTexComp (115)
[2017.04.28-11.50.53:977][611]LogModuleManager: Shutting down and abandoning module TextureFormatASTC (113)
[2017.04.28-11.50.53:977][611]LogModuleManager: Shutting down and abandoning module ImageWrapper (112)
[2017.04.28-11.50.53:977][611]LogModuleManager: Shutting down and abandoning module TextureFormatAndroid (109)
[2017.04.28-11.50.53:977][611]LogModuleManager: Shutting down and abandoning module AudioFormatOpus (107)
[2017.04.28-11.50.53:977][611]LogModuleManager: Shutting down and abandoning module AudioFormatOgg (105)
[2017.04.28-11.50.53:977][611]LogModuleManager: Shutting down and abandoning module AudioFormatADPCM (103)
[2017.04.28-11.50.53:977][611]LogModuleManager: Shutting down and abandoning module LinuxTargetPlatform (101)
[2017.04.28-11.50.53:977][611]LogModuleManager: Shutting down and abandoning module LinuxServerTargetPlatform (99)
[2017.04.28-11.50.53:977][611]LogModuleManager: Shutting down and abandoning module LinuxNoEditorTargetPlatform (97)
[2017.04.28-11.50.53:977][611]LogModuleManager: Shutting down and abandoning module LinuxClientTargetPlatform (95)
[2017.04.28-11.50.53:977][611]LogModuleManager: Shutting down and abandoning module TVOSTargetPlatform (93)
[2017.04.28-11.50.53:977][611]LogModuleManager: Shutting down and abandoning module Messaging (91)
[2017.04.28-11.50.53:977][611]LogModuleManager: Shutting down and abandoning module IOSTargetPlatform (89)
[2017.04.28-11.50.53:977][611]LogModuleManager: Shutting down and abandoning module HTML5TargetPlatform (87)
[2017.04.28-11.50.53:977][611]LogModuleManager: Shutting down and abandoning module Android_PVRTCTargetPlatform (85)
[2017.04.28-11.50.53:977][611]LogModuleManager: Shutting down and abandoning module Android_MultiTargetPlatform (83)
[2017.04.28-11.50.53:977][611]LogModuleManager: Shutting down and abandoning module Android_ETC2TargetPlatform (81)
[2017.04.28-11.50.53:977][611]LogModuleManager: Shutting down and abandoning module Android_ETC1TargetPlatform (79)
[2017.04.28-11.50.53:977][611]LogModuleManager: Shutting down and abandoning module Android_DXTTargetPlatform (77)
[2017.04.28-11.50.53:977][611]LogModuleManager: Shutting down and abandoning module Android_ATCTargetPlatform (75)
[2017.04.28-11.50.53:977][611]LogModuleManager: Shutting down and abandoning module Android_ASTCTargetPlatform (73)
[2017.04.28-11.50.53:977][611]LogModuleManager: Shutting down and abandoning module AndroidTargetPlatform (71)
[2017.04.28-11.50.53:977][611]LogModuleManager: Shutting down and abandoning module WindowsTargetPlatform (69)
[2017.04.28-11.50.53:977][611]LogModuleManager: Shutting down and abandoning module WindowsServerTargetPlatform (67)
[2017.04.28-11.50.53:977][611]LogModuleManager: Shutting down and abandoning module WindowsNoEditorTargetPlatform (65)
[2017.04.28-11.50.53:977][611]LogModuleManager: Shutting down and abandoning module WindowsClientTargetPlatform (63)
[2017.04.28-11.50.53:977][611]LogModuleManager: Shutting down and abandoning module MacTargetPlatform (61)
[2017.04.28-11.50.53:977][611]LogModuleManager: Shutting down and abandoning module MacServerTargetPlatform (59)
[2017.04.28-11.50.53:977][611]LogModuleManager: Shutting down and abandoning module MacNoEditorTargetPlatform (57)
[2017.04.28-11.50.53:977][611]LogModuleManager: Shutting down and abandoning module MacClientTargetPlatform (55)
[2017.04.28-11.50.53:978][611]LogModuleManager: Shutting down and abandoning module AllDesktopTargetPlatform (53)
[2017.04.28-11.50.53:978][611]LogModuleManager: Shutting down and abandoning module InputCore (50)
[2017.04.28-11.50.53:978][611]LogModuleManager: Shutting down and abandoning module Settings (48)
[2017.04.28-11.50.53:978][611]LogModuleManager: Shutting down and abandoning module OculusRift (46)
[2017.04.28-11.50.53:978][611]LogModuleManager: Shutting down and abandoning module ExampleDeviceProfileSelector (44)
[2017.04.28-11.50.53:978][611]LogModuleManager: Shutting down and abandoning module OnlineBlueprintSupport (42)
[2017.04.28-11.50.53:978][611]LogModuleManager: Shutting down and abandoning module OnlineSubsystem (38)
[2017.04.28-11.50.53:978][611]LogOnline:Display: Unloading online subsystem: NULL
[2017.04.28-11.50.53:978][611]LogModuleManager: Shutting down and abandoning module XMPP (37)
[2017.04.28-11.50.53:978][611]LogModuleManager: Shutting down and abandoning module HTTP (35)
[2017.04.28-11.50.53:978][611]LogHttp:Display: Http module shutting down, but needs to wait on 1 outstanding Http requests:
[2017.04.28-11.50.53:978][611]LogHttp:Display: 	verb=[POST] url=[https://datarouter.ol.epicgames.com/datarouter/api/v1/public/data?SessionID=%7B9DA2AE42-44E3-C39A-A38D-05A1681733EE%7D&AppID=UEEditor.Rocket.Release&AppVersion=4.15.0-3299760%2B%2B%2BUE4%2BRelease-4.15&UserID=7c76bde54574978307451eb1166a1f79%7C58448bdb2ce4468ba1b793c4adc2bec4%7C1fb00c8d-b537-477f-9d94-6fe8d09492ec&AppEnvironment=datacollector-binary&UploadType=eteventstream] status=Processing
[2017.04.28-11.50.54:000][611]LogModuleManager: Shutting down and abandoning module SSL (34)
[2017.04.28-11.50.54:002][611]LogModuleManager: Shutting down and abandoning module AudioEditor (30)
[2017.04.28-11.50.54:002][611]LogModuleManager: Shutting down and abandoning module TextureCompressor (28)
[2017.04.28-11.50.54:003][611]LogModuleManager: Shutting down and abandoning module ShaderCore (26)
[2017.04.28-11.50.54:003][611]LogModuleManager: Shutting down and abandoning module Landscape (24)
[2017.04.28-11.50.54:003][611]LogModuleManager: Shutting down and abandoning module SlateRHIRenderer (22)
[2017.04.28-11.50.54:005][611]LogModuleManager: Shutting down and abandoning module OpenGLDrv (20)
[2017.04.28-11.50.54:005][611]LogModuleManager: Shutting down and abandoning module D3D11RHI (18)
[2017.04.28-11.50.54:005][611]LogModuleManager: Shutting down and abandoning module AnimGraphRuntime (16)
[2017.04.28-11.50.54:005][611]LogModuleManager: Shutting down and abandoning module Renderer (14)
[2017.04.28-11.50.54:005][611]LogModuleManager: Shutting down and abandoning module Engine (12)
[2017.04.28-11.50.54:005][611]LogModuleManager: Shutting down and abandoning module CoreUObject (10)
[2017.04.28-11.50.54:005][611]LogModuleManager: Shutting down and abandoning module NetworkFile (8)
[2017.04.28-11.50.54:005][611]LogModuleManager: Shutting down and abandoning module StreamingFile (6)
[2017.04.28-11.50.54:005][611]LogModuleManager: Shutting down and abandoning module SandboxFile (4)
[2017.04.28-11.50.54:005][611]LogModuleManager: Shutting down and abandoning module PakFile (2)
[2017.04.28-11.50.54:009][611]LogExit: Exiting.
[2017.04.28-11.50.54:012][611]Log file closed, 04/28/17 12:50:54
