Log file open, 04/26/17 16:58:47
LogInit:Display: Running engine for game: BattleTank
LogPlatformFile: Not using cached read wrapper
LogInit:Display: RandInit(-183850959) SRandInit(-183850959).
LogTaskGraph: Started task graph with 5 named threads and 8 total threads with 1 sets of task threads.
LogStats: Stats thread started at 0.147009
LogInit: Using libcurl 7.47.1
LogInit:  - built for x86_64-pc-win32
LogInit:  - supports SSL with OpenSSL/1.0.2g
LogInit:  - supports HTTP deflate (compression) using libz 1.2.8
LogInit:  - other features:
LogInit:      CURL_VERSION_SSL
LogInit:      CURL_VERSION_LIBZ
LogInit:      CURL_VERSION_IPV6
LogInit:      CURL_VERSION_ASYNCHDNS
LogInit:      CURL_VERSION_LARGEFILE
LogInit:      CURL_VERSION_IDN
LogInit:  CurlRequestOptions (configurable via config and command line):
LogInit:  - bVerifyPeer = false  - Libcurl will NOT verify peer certificate
LogInit:  - bUseHttpProxy = false  - Libcurl will NOT use HTTP proxy
LogInit:  - bDontReuseConnections = false  - Libcurl will reuse connections
LogInit:  - CertBundlePath = nullptr  - Libcurl will use whatever was configured at build time.
LogInit: Build: ++UE4+Release-4.15-CL-3299760
LogInit: Engine Version: 4.15.0-3299760+++UE4+Release-4.15
LogInit: Compatible Engine Version: 4.15.0-3299760+++UE4+Release-4.15
LogInit: Net CL: 3299760
LogDevObjectVersion: Number of dev versions registered: 14
LogDevObjectVersion:   Dev-Blueprints (B0D832E4-1F89-4F0D-ACCF-7EB736FD4AA2): 8
LogDevObjectVersion:   Dev-Build (E1C64328-A22C-4D53-A36C-8E866417BD8C): 0
LogDevObjectVersion:   Dev-Core (375EC13C-06E4-48FB-B500-84F0262A717E): 2
LogDevObjectVersion:   Dev-Editor (E4B068ED-F494-42E9-A231-DA0B2E46BB41): 14
LogDevObjectVersion:   Dev-Framework (CFFC743F-43B0-4480-9391-14DF171D2073): 22
LogDevObjectVersion:   Dev-Mobile (B02B49B5-BB20-44E9-A304-32B752E40360): 0
LogDevObjectVersion:   Dev-Networking (A4E4105C-59A1-49B5-A7C5-40C4547EDFEE): 0
LogDevObjectVersion:   Dev-Online (39C831C9-5AE6-47DC-9A44-9C173E1C8E7C): 0
LogDevObjectVersion:   Dev-Physics (78F01B33-EBEA-4F98-B9B4-84EACCB95AA2): 0
LogDevObjectVersion:   Dev-Platform (6631380F-2D4D-43E0-8009-CF276956A95A): 0
LogDevObjectVersion:   Dev-Rendering (12F88B9F-8875-4AFC-A67C-D90C383ABD29): 12
LogDevObjectVersion:   Dev-Sequencer (7B5AE74C-D270-4C10-A958-57980B212A5A): 3
LogDevObjectVersion:   Dev-VR (D7296918-1DD6-4BDD-9DE2-64A83CC13884): 0
LogDevObjectVersion:   Dev-LoadTimes (C2A15278-BFE7-4AFE-6C17-90FF531DF755): 1
LogInit: Compiled (64-bit): Feb 14 2017 02:04:14
LogInit: Compiled with Visual C++: 19.00.23026.00
LogInit: Build Configuration: Development
LogInit: Branch Name: ++UE4+Release-4.15
LogInit: Command line: -EpicPortal 
LogInit: Base directory: C:/Program Files/Epic Games/UE_4.15/Engine/Binaries/Win64/
LogInit: Installed Engine Build: 1
LogInit: Presizing for max 8388607 objects, including 0 objects not considered by GC, pre-allocating 0 bytes for permanent pool.
LogInit: Object subsystem initialized
[2017.04.26-15.58.49:895][  0]LogInit: Selected Device Profile: [Windows]
[2017.04.26-15.58.49:895][  0]LogInit: Applying CVar settings loaded from the selected device profile: [Windows]
[2017.04.26-15.58.49:929][  0]LogInit: Computer: DESKTOP-0PEK566
[2017.04.26-15.58.49:930][  0]LogInit: User: Sarah
[2017.04.26-15.58.49:930][  0]LogInit: CPU Page size=65536, Cores=4
[2017.04.26-15.58.49:930][  0]LogInit: High frequency timer resolution =2.143576 MHz
[2017.04.26-15.58.49:930][  0]LogMemory: Memory total: Physical=7.9GB (8GB approx)
[2017.04.26-15.58.49:930][  0]LogMemory: Platform Memory Stats for Windows
[2017.04.26-15.58.49:930][  0]LogMemory: Process Physical Memory: 263.83 MB used, 263.83 MB peak
[2017.04.26-15.58.49:930][  0]LogMemory: Process Virtual Memory: 262.55 MB used, 262.55 MB peak
[2017.04.26-15.58.49:930][  0]LogMemory: Physical Memory: 5409.71 MB used,  2674.57 MB free, 8084.27 MB total
[2017.04.26-15.58.49:930][  0]LogMemory: Virtual Memory: 644.18 MB used,  2674.57 MB free, 134217728.00 MB total
[2017.04.26-15.58.50:164][  0]LogTextLocalizationManager: No specific translations for ('en-US') exist, so ('en') translations will be used.
[2017.04.26-15.58.51:941][  0]LogD3D11RHI: D3D11 adapters:
[2017.04.26-15.58.52:013][  0]LogD3D11RHI:    0. 'AMD Radeon HD 7600M Series' (Feature Level 11_0)
[2017.04.26-15.58.52:014][  0]LogD3D11RHI:       1004/0/3840 MB DedicatedVideo/DedicatedSystem/SharedSystem, Outputs:1, VendorId:0x1002
[2017.04.26-15.58.52:021][  0]LogD3D11RHI:    1. 'Intel(R) HD Graphics 4000' (Feature Level 11_0)
[2017.04.26-15.58.52:021][  0]LogD3D11RHI:       32/0/1760 MB DedicatedVideo/DedicatedSystem/SharedSystem, Outputs:0, VendorId:0x8086
[2017.04.26-15.58.52:024][  0]LogD3D11RHI:    2. 'Microsoft Basic Render Driver' (Feature Level 11_0)
[2017.04.26-15.58.52:024][  0]LogD3D11RHI:       0/0/4042 MB DedicatedVideo/DedicatedSystem/SharedSystem, Outputs:0, VendorId:0x1414
[2017.04.26-15.58.52:024][  0]LogD3D11RHI: Chosen D3D11 Adapter: 0
[2017.04.26-15.58.52:048][  0]LogD3D11RHI: Creating new Direct3DDevice
[2017.04.26-15.58.52:048][  0]LogD3D11RHI:     GPU DeviceId: 0x6840 (for the marketing name, search the web for "GPU Device Id")
[2017.04.26-15.58.52:048][  0]LogWindows: EnumDisplayDevices:
[2017.04.26-15.58.52:049][  0]LogWindows:    0. 'Intel(R) HD Graphics 4000' (P:1 D:1)
[2017.04.26-15.58.52:049][  0]LogWindows:    1. 'Intel(R) HD Graphics 4000' (P:0 D:0)
[2017.04.26-15.58.52:049][  0]LogWindows:    2. 'Intel(R) HD Graphics 4000' (P:0 D:0)
[2017.04.26-15.58.52:050][  0]LogWindows: DebugString: PrimaryIsNotTheChoosenAdapter PrimaryIsNotTheChoosenAdapter PrimaryIsNotTheChoosenAdapter FoundDriverCount:0 
[2017.04.26-15.58.52:050][  0]LogD3D11RHI:     Adapter Name: AMD Radeon HD 7600M Series
[2017.04.26-15.58.52:050][  0]LogD3D11RHI:   Driver Version: Unknown (internal:Unknown, unified:Unknown)
[2017.04.26-15.58.52:050][  0]LogD3D11RHI:      Driver Date: Unknown
[2017.04.26-15.58.52:050][  0]LogRHI: Texture pool is 702 MB (70% of 1004 MB)
[2017.04.26-15.58.52:115][  0]LogD3D11RHI: AMD Pre GCN architecture detected, some driver workarounds will be in place
[2017.04.26-15.58.52:202][  0]LogD3D11RHI: Async texture creation enabled
[2017.04.26-15.58.52:227][  0]LogD3D11RHI: GPU Timing Frequency: 27.000000 (Debug: 2 1)
[2017.04.26-15.58.52:230][  0]LogShaderCompilers: Guid format shader working directory is -35 characters bigger than the processId version (../../../../../../Users/Sarah/Documents/Unreal Projects/04_BattleTank/BattleTank/Intermediate/Shaders/WorkingDirectory/77520/).
[2017.04.26-15.58.52:231][  0]LogShaderCompilers: Cleaned the shader compiler working directory 'C:/Users/Sarah/AppData/Local/Temp/UnrealShaderWorkingDir/4815E78541BC0A618F5E939EFDB756C6/'.
[2017.04.26-15.58.52:231][  0]LogShaderCompilers:Display: Using Local Shader Compiler.
[2017.04.26-15.58.55:601][  0]LogTemp:Display: Loaded TP AllDesktopTargetPlatform
[2017.04.26-15.58.55:787][  0]LogTemp:Display: Loaded TP MacClientTargetPlatform
[2017.04.26-15.58.55:974][  0]LogTemp:Display: Loaded TP MacNoEditorTargetPlatform
[2017.04.26-15.58.56:163][  0]LogTemp:Display: Loaded TP MacServerTargetPlatform
[2017.04.26-15.58.56:351][  0]LogTemp:Display: Loaded TP MacTargetPlatform
[2017.04.26-15.58.56:541][  0]LogTemp:Display: Loaded TP WindowsClientTargetPlatform
[2017.04.26-15.58.56:727][  0]LogTemp:Display: Loaded TP WindowsNoEditorTargetPlatform
[2017.04.26-15.58.56:914][  0]LogTemp:Display: Loaded TP WindowsServerTargetPlatform
[2017.04.26-15.58.57:067][  0]LogTemp:Display: Loaded TP WindowsTargetPlatform
[2017.04.26-15.58.57:252][  0]LogTemp:Display: Loaded TP AndroidTargetPlatform
[2017.04.26-15.58.57:439][  0]LogTemp:Display: Loaded TP Android_ASTCTargetPlatform
[2017.04.26-15.58.57:621][  0]LogTemp:Display: Loaded TP Android_ATCTargetPlatform
[2017.04.26-15.58.57:805][  0]LogTemp:Display: Loaded TP Android_DXTTargetPlatform
[2017.04.26-15.58.57:988][  0]LogTemp:Display: Loaded TP Android_ETC1TargetPlatform
[2017.04.26-15.58.58:171][  0]LogTemp:Display: Loaded TP Android_ETC2TargetPlatform
[2017.04.26-15.58.58:552][  0]LogTemp:Display: Loaded TP Android_MultiTargetPlatform
[2017.04.26-15.58.58:552][  0]LogTemp:Display: Loaded TP Android_PVRTCTargetPlatform
[2017.04.26-15.58.58:683][  0]LogTemp:Display: Loaded TP HTML5TargetPlatform
[2017.04.26-15.58.58:965][  0]LogTemp:Display: Loaded TP IOSTargetPlatform
[2017.04.26-15.58.59:090][  0]LogTemp:Display: Loaded TP TVOSTargetPlatform
[2017.04.26-15.58.59:276][  0]LogTemp:Display: Loaded TP LinuxClientTargetPlatform
[2017.04.26-15.58.59:462][  0]LogTemp:Display: Loaded TP LinuxNoEditorTargetPlatform
[2017.04.26-15.58.59:649][  0]LogTemp:Display: Loaded TP LinuxServerTargetPlatform
[2017.04.26-15.58.59:837][  0]LogTemp:Display: Loaded TP LinuxTargetPlatform
[2017.04.26-15.58.59:837][  0]LogTargetPlatformManager:Display: Building Assets For Windows
[2017.04.26-15.59.01:506][  0]LogDerivedDataCache:Display: Max Cache Size: 512 MB
[2017.04.26-15.59.01:625][  0]LogDerivedDataCache: Loaded boot cache 0.12s 50MB C:/Users/Sarah/AppData/Local/UnrealEngine/4.15/DerivedDataCache/Boot.ddc.
[2017.04.26-15.59.01:625][  0]LogDerivedDataCache:Display: Loaded Boot cache: C:/Users/Sarah/AppData/Local/UnrealEngine/4.15/DerivedDataCache/Boot.ddc
[2017.04.26-15.59.01:626][  0]LogDerivedDataCache: FDerivedDataBackendGraph:  Pak pak cache file ../../../../../../Users/Sarah/Documents/Unreal Projects/04_BattleTank/BattleTank/DerivedDataCache/DDC.ddp not found, will not use a pak cache.
[2017.04.26-15.59.01:626][  0]LogDerivedDataCache: Unable to find inner node Pak for hierarchical cache Hierarchy.
[2017.04.26-15.59.01:626][  0]LogDerivedDataCache: FDerivedDataBackendGraph:  CompressedPak pak cache file ../../../../../../Users/Sarah/Documents/Unreal Projects/04_BattleTank/BattleTank/DerivedDataCache/Compressed.ddp not found, will not use a pak cache.
[2017.04.26-15.59.01:626][  0]LogDerivedDataCache: Unable to find inner node CompressedPak for hierarchical cache Hierarchy.
[2017.04.26-15.59.01:679][  0]LogDerivedDataCache:Display: Pak cache opened for reading ../../../Engine/DerivedDataCache/Compressed.ddp.
[2017.04.26-15.59.01:696][  0]LogDerivedDataCache: Using Local data cache path C:/Users/Sarah/AppData/Local/UnrealEngine/Common/DerivedDataCache: Writable
[2017.04.26-15.59.01:721][  0]LogSlate: Using Freetype 2.6.0
[2017.04.26-15.59.01:722][  0]LogSlate: SlateFontCache - WITH_FREETYPE: 1, WITH_HARFBUZZ: 1
[2017.04.26-15.59.01:722][  0]LogSlate: SlateFontCache - WITH_FREETYPE: 1, WITH_HARFBUZZ: 1
[2017.04.26-15.59.02:595][  0]LogInit: Selected Device Profile: [Windows]
[2017.04.26-15.59.02:602][  0]LogContentStreaming: Texture pool size is 0.00 MB
[2017.04.26-15.59.03:291][  0]LogMeshUtilities: Using QuadricMeshReduction for automatic static mesh reduction
[2017.04.26-15.59.03:436][  0]LogSimplygon: Simplygon DLL not present - disabling.
[2017.04.26-15.59.03:638][  0]LogMeshUtilities: Using SimplygonSwarm for distributed automatic mesh merging
[2017.04.26-15.59.03:638][  0]LogMeshUtilities: No automatic skeletal mesh reduction module available
[2017.04.26-15.59.03:638][  0]LogMeshUtilities: No automatic mesh merging module available
[2017.04.26-15.59.05:378][  0]LogNetVersion: GetLocalNetworkVersion: CL: 3299760, ProjectName: battletank, ProjectVersion: , EngineNetworkVersion: 2, GameNetworkVersion: 0, NetworkChecksum: 2512795372
[2017.04.26-15.59.05:485][  0]LogAssetRegistry: FAssetRegistry took 0.0230 seconds to start up
[2017.04.26-15.59.05:632][  0]LogPackageLocalizationCache: Processed 3 localized package path(s) for 2 prioritized culture(s) in 0.068851 seconds
[2017.04.26-15.59.05:644][  0]LogUObjectArray: 32475 objects as part of root set at end of initial load.
[2017.04.26-15.59.05:644][  0]LogUObjectAllocator: 7073360 out of 0 bytes used by permanent object pool.
[2017.04.26-15.59.05:644][  0]LogUObjectArray: CloseDisregardForGC: 0/0 objects in disregard for GC pool
[2017.04.26-15.59.05:872][  0]LogInit: WinSock: version 1.1 (2.2), MaxSocks=32767, MaxUdp=65467
[2017.04.26-15.59.11:463][  0]LogTcpMessaging: Initializing TcpMessaging bridge
[2017.04.26-15.59.11:617][  0]LogUdpMessaging: Initializing bridge on interface 0.0.0.0:0 to multicast group 230.0.0.1:6666.
[2017.04.26-15.59.13:437][  0]LogMaterial: Uniform references updated for custom material expression Custom.
[2017.04.26-15.59.14:910][  0]SourceControl: Info Source control is disabled
[2017.04.26-15.59.15:010][  0]SourceControl: Info Source control is disabled
[2017.04.26-15.59.15:220][  0]SourceControl: Info Source control is disabled
[2017.04.26-15.59.15:418][  0]SourceControl: Info Source control is disabled
[2017.04.26-15.59.20:191][  0]LogEngine: Initializing Engine...
[2017.04.26-15.59.20:192][  0]LogHMD: Failed to initialize OpenVR with code 110
[2017.04.26-15.59.20:899][  0]LogAIModule: Creating AISystem for world Untitled
[2017.04.26-15.59.20:920][  0]LogInit: XAudio2 using 'Speakers (2- High Definition Audio Device)' : 2 channels at 44.1 kHz using 16 bits per sample (channel mask 0x3)
[2017.04.26-15.59.20:975][  0]LogInit: FAudioDevice initialized.
[2017.04.26-15.59.21:027][  0]LogDerivedDataCache: Saved boot cache 0.05s 50MB C:/Users/Sarah/AppData/Local/UnrealEngine/4.15/DerivedDataCache/Boot.ddc.
[2017.04.26-15.59.21:043][  0]LogInit: Texture streaming: Enabled
[2017.04.26-15.59.21:366][  0]LogEngineSessionManager: EngineSessionManager initialized
[2017.04.26-15.59.21:668][  0]LogInit: Transaction tracking system initialized
[2017.04.26-15.59.22:855][  0]BlueprintLog: New page: Editor Load
[2017.04.26-15.59.25:854][  0]LocalizationService: Info Localization service is disabled
[2017.04.26-15.59.28:852][  0]LogConsoleResponse:Display: 
[2017.04.26-15.59.29:308][  0]LogCook:Display: Max memory allowance for cook 16384mb min free memory 0mb
[2017.04.26-15.59.29:308][  0]LogCook:Display: Mobile HDR setting 1
[2017.04.26-15.59.30:228][  0]LogFileCache: Scanning file cache for directory 'C:/Users/Sarah/Documents/Unreal Projects/04_BattleTank/BattleTank/Content/' took 0.03s
[2017.04.26-15.59.33:503][  0]SourceControl: Info Source control is disabled
[2017.04.26-15.59.33:503][  0]Cmd: MAP LOAD FILE="../../../../../../Users/Sarah/Documents/Unreal Projects/04_BattleTank/BattleTank/Content/Levels/BattleGround.umap" TEMPLATE=0 SHOWPROGRESS=1 FEATURELEVEL=3
[2017.04.26-15.59.33:505][  0]LightingResults: New page: Lighting Build
[2017.04.26-15.59.33:638][  0]MapCheck: New page: Map Check
[2017.04.26-15.59.33:638][  0]LightingResults: New page: Lighting Build
[2017.04.26-15.59.35:019][  0]LogAIModule: Creating AISystem for world BattleGround
[2017.04.26-15.59.35:635][  0]LogEditorServer: Finished looking for orphan Actors (0.000 secs)
[2017.04.26-15.59.35:639][  0]Cmd: MAP CHECKDEP NOCLEARLOG
[2017.04.26-15.59.35:768][  0]MapCheck: Info Map check complete: 0 Error(s), 0 Warning(s), took 129ms to complete.
[2017.04.26-15.59.35:768][  0]LogFileHelpers: Loading map 'BattleGround' took 2.265
[2017.04.26-15.59.36:283][  0]LogCollectionManager: Loaded 1 collections in 0.012903 seconds
[2017.04.26-15.59.36:476][  0]LogFileCache: Scanning file cache for directory 'C:/Users/Sarah/Documents/Unreal Projects/04_BattleTank/BattleTank/Saved/Collections/' took 0.01s
[2017.04.26-15.59.36:476][  0]LogFileCache: Scanning file cache for directory 'C:/Users/Sarah/Documents/Unreal Projects/04_BattleTank/BattleTank/Content/Developers/Sarah/Collections/' took 0.01s
[2017.04.26-15.59.36:476][  0]LogFileCache: Scanning file cache for directory 'C:/Users/Sarah/Documents/Unreal Projects/04_BattleTank/BattleTank/Content/Collections/' took 0.01s
[2017.04.26-15.59.36:476][  0]LogCollectionManager: Rebuilt the GUID cache for 1 collections in 0.000009 seconds
[2017.04.26-15.59.36:476][  0]LogCollectionManager: Rebuilt the hierarchy cache for 1 collections in 0.000001 seconds
[2017.04.26-15.59.36:512][  0]LogContentBrowser: Native class hierarchy populated in 0.0348 seconds. Added 2255 classes and 453 folders.
[2017.04.26-15.59.36:521][  0]LogStats: UGameplayTagsManager::ConstructGameplayTagTree: Construct from data asset -  0.000 s
[2017.04.26-15.59.36:521][  0]LogStats: UGameplayTagsManager::ConstructGameplayTagTree: GameplayTagTreeChangedEvent.Broadcast -  0.000 s
[2017.04.26-15.59.36:745][  0]LogContentBrowser: Native class hierarchy updated for 'WidgetCarousel' in 0.0096 seconds. Added 0 classes and 0 folders.
[2017.04.26-15.59.37:633][  0]LogContentBrowser: Native class hierarchy updated for 'AddContentDialog' in 0.0086 seconds. Added 0 classes and 0 folders.
[2017.04.26-15.59.37:795][  0]LogContentBrowser: Native class hierarchy updated for 'SceneOutliner' in 0.0086 seconds. Added 1 classes and 2 folders.
[2017.04.26-15.59.37:952][  0]LogCrashTracker: Crashtracker disabled due to settings.
[2017.04.26-15.59.37:968][  0]LogUObjectGlobals:Warning: Failed to find object 'Class None.'
[2017.04.26-15.59.38:147][  0]LogContentBrowser: Native class hierarchy updated for 'HierarchicalLODOutliner' in 0.0089 seconds. Added 1 classes and 2 folders.
[2017.04.26-15.59.38:148][  0]LogLoad: (Engine Initialization) Total time: 56.89 seconds
[2017.04.26-15.59.38:148][  0]LogLoad: (Engine Initialization) Total Blueprint compile time: 0.42 seconds
[2017.04.26-15.59.38:148][  0]LogExternalProfiler: No external profilers were discovered.  External profiling features will not be available.
[2017.04.26-15.59.38:489][  0]LogOcInput: OculusInput pre-init called
[2017.04.26-15.59.38:521][  0]LogContentStreaming: Texture pool size now 600 MB
[2017.04.26-15.59.38:524][  0]LogSlate: Took 0.000496 seconds to synchronously load lazily loaded font '../../../Engine/Content/Slate/Fonts/Roboto-Regular.ttf' (155K)
[2017.04.26-15.59.38:534][  0]LogSlate: Took 0.000568 seconds to synchronously load lazily loaded font '../../../Engine/Content/Slate/Fonts/Roboto-Bold.ttf' (160K)
[2017.04.26-15.59.38:566][  0]LogSlate: Took 0.015584 seconds to synchronously load lazily loaded font '../../../Engine/Content/Editor/Slate/Fonts/FontAwesome.ttf' (139K)
[2017.04.26-15.59.38:964][  0]LogSlate: Took 0.012641 seconds to synchronously load lazily loaded font '../../../Engine/Content/Slate/Fonts/Roboto-Light.ttf' (159K)
[2017.04.26-15.59.39:102][  0]LogRenderer: Reallocating scene render targets to support 1220x644 NumSamples 1 (Frame:2).
[2017.04.26-15.59.40:581][  4]LogAssetRegistry: Asset discovery search completed in 35.1195 seconds
[2017.04.26-15.59.40:581][  4]LogCollectionManager: Rebuilt the object cache for 1 collections in 0.000017 seconds (found 0 objects)
[2017.04.26-15.59.40:581][  4]LogCollectionManager: Fixed up redirectors for 1 collections in 0.000076 seconds (updated 0 objects)
[2017.04.26-16.00.28:783][202]Recompiling BattleTank...
[2017.04.26-16.00.28:784][202]Launching UnrealBuildTool... [C:/Program Files/Epic Games/UE_4.15/Engine/Binaries/DotNET/UnrealBuildTool.exe BattleTank -ModuleWithSuffix BattleTank 8505 Win64 Development -editorrecompile -canskiplink "C:/Users/Sarah/Documents/Unreal Projects/04_BattleTank/BattleTank/BattleTank.uproject" ]
[2017.04.26-16.00.28:787][202]Warning: Starting HotReload took  0.1s.
[2017.04.26-16.00.45:478][579]LogSlate: Took 0.000448 seconds to synchronously load lazily loaded font '../../../Engine/Content/Slate/Fonts/Roboto-Light.ttf' (159K)
[2017.04.26-16.00.46:427][579]LogSlate: Took 0.000632 seconds to synchronously load lazily loaded font '../../../Engine/Content/Slate/Fonts/Roboto-Regular.ttf' (155K)
[2017.04.26-16.00.47:559][579]LogContentBrowser: Native class hierarchy updated for 'BlueprintGraph' in 0.0143 seconds. Added 112 classes and 0 folders.
[2017.04.26-16.00.50:494][579]LogSlate: Took 0.011851 seconds to synchronously load lazily loaded font '../../../Engine/Content/Editor/Slate/Fonts/Roboto-BoldCondensed.ttf' (158K)
[2017.04.26-16.00.50:836][580]LogSlate: Took 0.014409 seconds to synchronously load lazily loaded font '../../../Engine/Content/Editor/Slate/Fonts/Roboto-Italic.ttf' (157K)
[2017.04.26-16.01.25:389][342]CompilerResultsLog: New page: Compilation - Apr 26, 2017, 6:01:25 PM
[2017.04.26-16.01.25:389][342]CompilerResultsLog: Info Compiling game modules for hot reload
[2017.04.26-16.01.25:389][342]CompilerResultsLog: Info Parsing headers for BattleTankEditor
[2017.04.26-16.01.25:389][342]CompilerResultsLog: Info   Running UnrealHeaderTool "C:\Users\Sarah\Documents\Unreal Projects\04_BattleTank\BattleTank\BattleTank.uproject" "C:\Users\Sarah\Documents\Unreal Projects\04_BattleTank\BattleTank\Intermediate\Build\Win64\BattleTankEditor\Development\BattleTankEditor.uhtmanifest" -LogCmds="loginit warning, logexit warning, logdatabase error" -Unattended -WarningsAsErrors -installed
[2017.04.26-16.01.25:389][342]CompilerResultsLog: Info Reflection code generated for BattleTankEditor in 36.9632497 seconds
[2017.04.26-16.01.25:389][342]CompilerResultsLog: Info Performing 6 actions (4 in parallel)
[2017.04.26-16.01.25:389][342]CompilerResultsLog: Info TankAIController.cpp
[2017.04.26-16.01.25:389][342]CompilerResultsLog: Info TankPlayerController.cpp
[2017.04.26-16.01.25:390][342]CompilerResultsLog: Info Tank.cpp
[2017.04.26-16.01.25:390][342]CompilerResultsLog: Info BattleTank.generated.cpp
[2017.04.26-16.01.25:390][342]CompilerResultsLog: Info [5/6] Link UE4Editor-BattleTank-8505.dll
[2017.04.26-16.01.25:390][342]CompilerResultsLog: Info [6/6] Link UE4Editor-BattleTank-8505.lib
[2017.04.26-16.01.25:390][342]CompilerResultsLog: Info    Creating library C:\Users\Sarah\Documents\Unreal Projects\04_BattleTank\BattleTank\Intermediate\Build\Win64\UE4Editor\Development\UE4Editor-BattleTank-8505.lib and object C:\Users\Sarah\Documents\Unreal Projects\04_BattleTank\BattleTank\Intermediate\Build\Win64\UE4Editor\Development\UE4Editor-BattleTank-8505.exp
[2017.04.26-16.01.25:390][342]CompilerResultsLog: Info    Creating library C:\Users\Sarah\Documents\Unreal Projects\04_BattleTank\BattleTank\Intermediate\Build\Win64\UE4Editor\Development\UE4Editor-BattleTank-8505.suppressed.lib and object C:\Users\Sarah\Documents\Unreal Projects\04_BattleTank\BattleTank\Intermediate\Build\Win64\UE4Editor\Development\UE4Editor-BattleTank-8505.suppressed.exp
[2017.04.26-16.01.25:390][342]CompilerResultsLog: Info Total build time: 55.66 seconds (Local executor: 14.96 seconds)
[2017.04.26-16.01.25:390][342]LogMainFrame: MainFrame: Module compiling took 56.623 seconds
[2017.04.26-16.01.25:658][342]LogClass: EFiringStatus HotReload.
[2017.04.26-16.01.25:675][342]LogContentBrowser: Native class hierarchy updated for 'BattleTank' in 0.0089 seconds. Added 11 classes and 3 folders.
[2017.04.26-16.01.25:678][342]Display: HotReload successful (7 functions remapped  0 scriptstructs remapped)
[2017.04.26-16.01.26:686][342]LogContentBrowser: Native class hierarchy populated in 0.0346 seconds. Added 2257 classes and 457 folders.
[2017.04.26-16.01.26:686][342]Display: HotReload took 58.0s.
[2017.04.26-16.10.07:900][523]LogTemp: Repeting last play command: Selected Viewport
[2017.04.26-16.10.08:002][523]LogBlueprintUserMessages: Early PlayInEditor Detection: Level '/Game/Levels/BattleGround.BattleGround:PersistentLevel' has LevelScriptBlueprint '/Game/Levels/BattleGround.BattleGround:PersistentLevel.BattleGround' with GeneratedClass '/Game/Levels/BattleGround.BattleGround_C' with ClassGeneratedBy '/Game/Levels/BattleGround.BattleGround:PersistentLevel.BattleGround'
[2017.04.26-16.10.08:005][523]LogPlayLevel: PlayLevel: No blueprints needed recompiling
[2017.04.26-16.10.08:006][523]PIE: New page: PIE session: BattleGround (Apr 26, 2017, 6:10:08 PM)
[2017.04.26-16.10.08:006][523]LogPlayLevel: Creating play world package: /Game/Levels/UEDPIE_0_BattleGround
[2017.04.26-16.10.08:146][523]LogPlayLevel: PIE: StaticDuplicateObject took: (0.140084s)
[2017.04.26-16.10.08:151][523]LogAIModule: Creating AISystem for world BattleGround
[2017.04.26-16.10.08:151][523]LogPlayLevel: PIE: World Init took: (0.002559s)
[2017.04.26-16.10.08:152][523]LogPlayLevel: PIE: Created PIE world by copying editor world from /Game/Levels/BattleGround.BattleGround to /Game/Levels/UEDPIE_0_BattleGround.BattleGround (0.145530s)
[2017.04.26-16.10.08:344][523]LogInit: XAudio2 using 'Speakers (2- High Definition Audio Device)' : 2 channels at 44.1 kHz using 16 bits per sample (channel mask 0x3)
[2017.04.26-16.10.08:368][523]LogInit: FAudioDevice initialized.
[2017.04.26-16.10.08:476][523]LogLoad: Game class is 'BattleTankGameMode_BP_C'
[2017.04.26-16.10.08:497][523]LogWorld: Bringing World /Game/Levels/UEDPIE_0_BattleGround.BattleGround up for play (max tick rate 0) at 2017.04.26-17.10.08
[2017.04.26-16.10.08:500][523]LogWorld: Bringing up level for play took: 0.019767
[2017.04.26-16.10.08:739][523]LogContentBrowser: Native class hierarchy updated for 'MovieSceneCapture' in 0.0095 seconds. Added 11 classes and 0 folders.
[2017.04.26-16.10.08:745][523]LogTemp:Warning: Tank_BP_C_0 has possessed by Player
[2017.04.26-16.10.08:746][523]PIE: Info Play in editor start time for /Game/Levels/UEDPIE_0_BattleGround 1.336
[2017.04.26-16.10.08:747][523]LogBlueprintUserMessages: Late PlayInEditor Detection: Level '/Game/Levels/BattleGround.BattleGround:PersistentLevel' has LevelScriptBlueprint '/Game/Levels/BattleGround.BattleGround:PersistentLevel.BattleGround' with GeneratedClass '/Game/Levels/BattleGround.BattleGround_C' with ClassGeneratedBy '/Game/Levels/BattleGround.BattleGround:PersistentLevel.BattleGround'
[2017.04.26-16.13.08:048][523]LogCrashTracker: 


[2017.04.26-16.13.08:048][523]LogCrashTracker: 


[2017.04.26-16.13.08:048][523]LogWindows:Error: === Critical error: ===
[2017.04.26-16.13.08:048][523]LogWindows:Error: 
[2017.04.26-16.13.08:048][523]LogWindows:Error: Fatal error!
[2017.04.26-16.13.08:048][523]LogWindows:Error: 
[2017.04.26-16.13.08:048][523]LogWindows:Error: Unhandled Exception: EXCEPTION_ACCESS_VIOLATION reading address 0x00000110
[2017.04.26-16.13.08:048][523]LogWindows:Error: 
[2017.04.26-16.13.08:048][523]LogWindows:Error: UE4Editor-BattleTank-8505.dll!UTankAimingComponent::AimAt() [c:\users\sarah\documents\unreal projects\04_battletank\battletank\source\battletank\private\tankaimingcomponent.cpp:38]
[2017.04.26-16.13.08:048][523]LogWindows:Error: UE4Editor-BattleTank-8505.dll!ATank::AimAt() [c:\users\sarah\documents\unreal projects\04_battletank\battletank\source\battletank\private\tank.cpp:47]
[2017.04.26-16.13.08:048][523]LogWindows:Error: UE4Editor-BattleTank-8505.dll!ATankPlayerController::AimTowardsCrosshair() [c:\users\sarah\documents\unreal projects\04_battletank\battletank\source\battletank\private\tankplayercontroller.cpp:58]
[2017.04.26-16.13.08:048][523]LogWindows:Error: UE4Editor-Engine.dll!0x000000009D5F33CC
[2017.04.26-16.13.08:048][523]LogWindows:Error: UE4Editor-Engine.dll!0x000000009C96AA2E
[2017.04.26-16.13.08:048][523]LogWindows:Error: UE4Editor-Engine.dll!0x000000009D8EF62D
[2017.04.26-16.13.08:049][523]LogWindows:Error: UE4Editor-Engine.dll!0x000000009D8F52FD
[2017.04.26-16.13.08:049][523]LogWindows:Error: UE4Editor-Core.dll!0x00000000ADBDD83D
[2017.04.26-16.13.08:049][523]LogWindows:Error: UE4Editor-Core.dll!0x00000000ADBDDC5D
[2017.04.26-16.13.08:049][523]LogWindows:Error: UE4Editor-Core.dll!0x00000000ADBFCCDB
[2017.04.26-16.13.08:049][523]LogWindows:Error: UE4Editor-Engine.dll!0x000000009D919051
[2017.04.26-16.13.08:049][523]LogWindows:Error: UE4Editor-Engine.dll!0x000000009D9298D2
[2017.04.26-16.13.08:049][523]LogWindows:Error: UE4Editor-Engine.dll!0x000000009D257B44
[2017.04.26-16.13.08:049][523]LogWindows:Error: UE4Editor-Engine.dll!0x000000009D25FC6B
[2017.04.26-16.13.08:049][523]LogWindows:Error: UE4Editor-UnrealEd.dll!0x00000000AA476D8E
[2017.04.26-16.13.08:049][523]LogWindows:Error: UE4Editor-UnrealEd.dll!0x00000000AAC81AD6
[2017.04.26-16.13.08:049][523]LogWindows:Error: UE4Editor.exe!0x00000000CC86DEE3
[2017.04.26-16.13.08:049][523]LogWindows:Error: UE4Editor.exe!0x00000000CC85EB40
[2017.04.26-16.13.08:049][523]LogWindows:Error: UE4Editor.exe!0x00000000CC85EBBA
[2017.04.26-16.13.08:049][523]LogWindows:Error: UE4Editor.exe!0x00000000CC870A29
[2017.04.26-16.13.08:049][523]LogWindows:Error: UE4Editor.exe!0x00000000CC8722B6
[2017.04.26-16.13.08:049][523]LogWindows:Error: KERNEL32.DLL!0x00000000E12A8364
[2017.04.26-16.13.08:049][523]LogWindows:Error: ntdll.dll!0x00000000E18470D1
[2017.04.26-16.13.08:050][523]LogWindows:Error: ntdll.dll!0x00000000E18470D1
[2017.04.26-16.13.08:050][523]LogWindows:Error: 
[2017.04.26-16.13.08:155][523]LogExit: Executing StaticShutdownAfterError
[2017.04.26-16.13.08:192][523]LogWindows: FPlatformMisc::RequestExit(1)
[2017.04.26-16.13.08:193][523]Log file closed, 04/26/17 17:13:08
