Log file open, 04/28/17 16:08:10
LogInit:Display: Running engine for game: BattleTank
LogPlatformFile: Not using cached read wrapper
LogInit:Display: RandInit(-1310231086) SRandInit(-1310231086).
LogTaskGraph: Started task graph with 5 named threads and 8 total threads with 1 sets of task threads.
LogStats: Stats thread started at 0.087738
LogInit: Using libcurl 7.47.1
LogInit:  - built for x86_64-pc-win32
LogInit:  - supports SSL with OpenSSL/1.0.2g
LogInit:  - supports HTTP deflate (compression) using libz 1.2.8
LogInit:  - other features:
LogInit:      CURL_VERSION_SSL
LogInit:      CURL_VERSION_LIBZ
LogInit:      CURL_VERSION_IPV6
LogInit:      CURL_VERSION_ASYNCHDNS
LogInit:      CURL_VERSION_LARGEFILE
LogInit:      CURL_VERSION_IDN
LogInit:  CurlRequestOptions (configurable via config and command line):
LogInit:  - bVerifyPeer = false  - Libcurl will NOT verify peer certificate
LogInit:  - bUseHttpProxy = false  - Libcurl will NOT use HTTP proxy
LogInit:  - bDontReuseConnections = false  - Libcurl will reuse connections
LogInit:  - CertBundlePath = nullptr  - Libcurl will use whatever was configured at build time.
LogInit: Build: ++UE4+Release-4.15-CL-3299760
LogInit: Engine Version: 4.15.0-3299760+++UE4+Release-4.15
LogInit: Compatible Engine Version: 4.15.0-3299760+++UE4+Release-4.15
LogInit: Net CL: 3299760
LogDevObjectVersion: Number of dev versions registered: 14
LogDevObjectVersion:   Dev-Blueprints (B0D832E4-1F89-4F0D-ACCF-7EB736FD4AA2): 8
LogDevObjectVersion:   Dev-Build (E1C64328-A22C-4D53-A36C-8E866417BD8C): 0
LogDevObjectVersion:   Dev-Core (375EC13C-06E4-48FB-B500-84F0262A717E): 2
LogDevObjectVersion:   Dev-Editor (E4B068ED-F494-42E9-A231-DA0B2E46BB41): 14
LogDevObjectVersion:   Dev-Framework (CFFC743F-43B0-4480-9391-14DF171D2073): 22
LogDevObjectVersion:   Dev-Mobile (B02B49B5-BB20-44E9-A304-32B752E40360): 0
LogDevObjectVersion:   Dev-Networking (A4E4105C-59A1-49B5-A7C5-40C4547EDFEE): 0
LogDevObjectVersion:   Dev-Online (39C831C9-5AE6-47DC-9A44-9C173E1C8E7C): 0
LogDevObjectVersion:   Dev-Physics (78F01B33-EBEA-4F98-B9B4-84EACCB95AA2): 0
LogDevObjectVersion:   Dev-Platform (6631380F-2D4D-43E0-8009-CF276956A95A): 0
LogDevObjectVersion:   Dev-Rendering (12F88B9F-8875-4AFC-A67C-D90C383ABD29): 12
LogDevObjectVersion:   Dev-Sequencer (7B5AE74C-D270-4C10-A958-57980B212A5A): 3
LogDevObjectVersion:   Dev-VR (D7296918-1DD6-4BDD-9DE2-64A83CC13884): 0
LogDevObjectVersion:   Dev-LoadTimes (C2A15278-BFE7-4AFE-6C17-90FF531DF755): 1
LogInit: Compiled (64-bit): Feb 14 2017 02:04:14
LogInit: Compiled with Visual C++: 19.00.23026.00
LogInit: Build Configuration: Development
LogInit: Branch Name: ++UE4+Release-4.15
LogInit: Command line: -EpicPortal 
LogInit: Base directory: C:/Program Files/Epic Games/UE_4.15/Engine/Binaries/Win64/
LogInit: Installed Engine Build: 1
LogInit: Presizing for max 8388607 objects, including 0 objects not considered by GC, pre-allocating 0 bytes for permanent pool.
LogInit: Object subsystem initialized
[2017.04.28-15.08.11:456][  0]LogInit: Selected Device Profile: [Windows]
[2017.04.28-15.08.11:456][  0]LogInit: Applying CVar settings loaded from the selected device profile: [Windows]
[2017.04.28-15.08.11:471][  0]LogInit: Computer: DESKTOP-0PEK566
[2017.04.28-15.08.11:471][  0]LogInit: User: Sarah
[2017.04.28-15.08.11:471][  0]LogInit: CPU Page size=65536, Cores=4
[2017.04.28-15.08.11:471][  0]LogInit: High frequency timer resolution =2.143576 MHz
[2017.04.28-15.08.11:471][  0]LogMemory: Memory total: Physical=7.9GB (8GB approx)
[2017.04.28-15.08.11:471][  0]LogMemory: Platform Memory Stats for Windows
[2017.04.28-15.08.11:471][  0]LogMemory: Process Physical Memory: 262.91 MB used, 262.91 MB peak
[2017.04.28-15.08.11:471][  0]LogMemory: Process Virtual Memory: 262.57 MB used, 262.57 MB peak
[2017.04.28-15.08.11:471][  0]LogMemory: Physical Memory: 5255.33 MB used,  2828.94 MB free, 8084.27 MB total
[2017.04.28-15.08.11:471][  0]LogMemory: Virtual Memory: 644.18 MB used,  2828.94 MB free, 134217728.00 MB total
[2017.04.28-15.08.11:572][  0]LogTextLocalizationManager: No specific translations for ('en-US') exist, so ('en') translations will be used.
[2017.04.28-15.08.12:338][  0]LogD3D11RHI: D3D11 adapters:
[2017.04.28-15.08.12:395][  0]LogD3D11RHI:    0. 'AMD Radeon HD 7600M Series' (Feature Level 11_0)
[2017.04.28-15.08.12:395][  0]LogD3D11RHI:       1004/0/3840 MB DedicatedVideo/DedicatedSystem/SharedSystem, Outputs:1, VendorId:0x1002
[2017.04.28-15.08.12:399][  0]LogD3D11RHI:    1. 'Intel(R) HD Graphics 4000' (Feature Level 11_0)
[2017.04.28-15.08.12:399][  0]LogD3D11RHI:       32/0/1760 MB DedicatedVideo/DedicatedSystem/SharedSystem, Outputs:0, VendorId:0x8086
[2017.04.28-15.08.12:400][  0]LogD3D11RHI:    2. 'Microsoft Basic Render Driver' (Feature Level 11_0)
[2017.04.28-15.08.12:400][  0]LogD3D11RHI:       0/0/4042 MB DedicatedVideo/DedicatedSystem/SharedSystem, Outputs:0, VendorId:0x1414
[2017.04.28-15.08.12:400][  0]LogD3D11RHI: Chosen D3D11 Adapter: 0
[2017.04.28-15.08.12:415][  0]LogD3D11RHI: Creating new Direct3DDevice
[2017.04.28-15.08.12:415][  0]LogD3D11RHI:     GPU DeviceId: 0x6840 (for the marketing name, search the web for "GPU Device Id")
[2017.04.28-15.08.12:415][  0]LogWindows: EnumDisplayDevices:
[2017.04.28-15.08.12:415][  0]LogWindows:    0. 'Intel(R) HD Graphics 4000' (P:1 D:1)
[2017.04.28-15.08.12:415][  0]LogWindows:    1. 'Intel(R) HD Graphics 4000' (P:0 D:0)
[2017.04.28-15.08.12:416][  0]LogWindows:    2. 'Intel(R) HD Graphics 4000' (P:0 D:0)
[2017.04.28-15.08.12:416][  0]LogWindows: DebugString: PrimaryIsNotTheChoosenAdapter PrimaryIsNotTheChoosenAdapter PrimaryIsNotTheChoosenAdapter FoundDriverCount:0 
[2017.04.28-15.08.12:416][  0]LogD3D11RHI:     Adapter Name: AMD Radeon HD 7600M Series
[2017.04.28-15.08.12:416][  0]LogD3D11RHI:   Driver Version: Unknown (internal:Unknown, unified:Unknown)
[2017.04.28-15.08.12:416][  0]LogD3D11RHI:      Driver Date: Unknown
[2017.04.28-15.08.12:416][  0]LogRHI: Texture pool is 702 MB (70% of 1004 MB)
[2017.04.28-15.08.12:423][  0]LogD3D11RHI: AMD Pre GCN architecture detected, some driver workarounds will be in place
[2017.04.28-15.08.12:431][  0]LogD3D11RHI: Async texture creation enabled
[2017.04.28-15.08.12:444][  0]LogD3D11RHI: GPU Timing Frequency: 27.000000 (Debug: 2 1)
[2017.04.28-15.08.12:445][  0]LogShaderCompilers: Guid format shader working directory is -36 characters bigger than the processId version (../../../../../../Users/Sarah/Documents/Unreal Projects/04_BattleTank/BattleTank/Intermediate/Shaders/WorkingDirectory/105056/).
[2017.04.28-15.08.12:445][  0]LogShaderCompilers: Cleaned the shader compiler working directory 'C:/Users/Sarah/AppData/Local/Temp/UnrealShaderWorkingDir/0A878A6E461A7ED1E33C0AB33E84BBC3/'.
[2017.04.28-15.08.12:445][  0]LogShaderCompilers:Display: Using Local Shader Compiler.
[2017.04.28-15.08.13:767][  0]LogTemp:Display: Loaded TP AllDesktopTargetPlatform
[2017.04.28-15.08.13:844][  0]LogTemp:Display: Loaded TP MacClientTargetPlatform
[2017.04.28-15.08.13:921][  0]LogTemp:Display: Loaded TP MacNoEditorTargetPlatform
[2017.04.28-15.08.13:998][  0]LogTemp:Display: Loaded TP MacServerTargetPlatform
[2017.04.28-15.08.14:076][  0]LogTemp:Display: Loaded TP MacTargetPlatform
[2017.04.28-15.08.14:154][  0]LogTemp:Display: Loaded TP WindowsClientTargetPlatform
[2017.04.28-15.08.14:231][  0]LogTemp:Display: Loaded TP WindowsNoEditorTargetPlatform
[2017.04.28-15.08.14:322][  0]LogTemp:Display: Loaded TP WindowsServerTargetPlatform
[2017.04.28-15.08.14:390][  0]LogTemp:Display: Loaded TP WindowsTargetPlatform
[2017.04.28-15.08.14:469][  0]LogTemp:Display: Loaded TP AndroidTargetPlatform
[2017.04.28-15.08.14:544][  0]LogTemp:Display: Loaded TP Android_ASTCTargetPlatform
[2017.04.28-15.08.14:619][  0]LogTemp:Display: Loaded TP Android_ATCTargetPlatform
[2017.04.28-15.08.14:694][  0]LogTemp:Display: Loaded TP Android_DXTTargetPlatform
[2017.04.28-15.08.14:767][  0]LogTemp:Display: Loaded TP Android_ETC1TargetPlatform
[2017.04.28-15.08.14:843][  0]LogTemp:Display: Loaded TP Android_ETC2TargetPlatform
[2017.04.28-15.08.14:996][  0]LogTemp:Display: Loaded TP Android_MultiTargetPlatform
[2017.04.28-15.08.14:996][  0]LogTemp:Display: Loaded TP Android_PVRTCTargetPlatform
[2017.04.28-15.08.15:048][  0]LogTemp:Display: Loaded TP HTML5TargetPlatform
[2017.04.28-15.08.15:174][  0]LogTemp:Display: Loaded TP IOSTargetPlatform
[2017.04.28-15.08.15:223][  0]LogTemp:Display: Loaded TP TVOSTargetPlatform
[2017.04.28-15.08.15:299][  0]LogTemp:Display: Loaded TP LinuxClientTargetPlatform
[2017.04.28-15.08.15:374][  0]LogTemp:Display: Loaded TP LinuxNoEditorTargetPlatform
[2017.04.28-15.08.15:449][  0]LogTemp:Display: Loaded TP LinuxServerTargetPlatform
[2017.04.28-15.08.15:528][  0]LogTemp:Display: Loaded TP LinuxTargetPlatform
[2017.04.28-15.08.15:528][  0]LogTargetPlatformManager:Display: Building Assets For Windows
[2017.04.28-15.08.16:182][  0]LogDerivedDataCache:Display: Max Cache Size: 512 MB
[2017.04.28-15.08.16:241][  0]LogDerivedDataCache: Loaded boot cache 0.06s 50MB C:/Users/Sarah/AppData/Local/UnrealEngine/4.15/DerivedDataCache/Boot.ddc.
[2017.04.28-15.08.16:241][  0]LogDerivedDataCache:Display: Loaded Boot cache: C:/Users/Sarah/AppData/Local/UnrealEngine/4.15/DerivedDataCache/Boot.ddc
[2017.04.28-15.08.16:242][  0]LogDerivedDataCache: FDerivedDataBackendGraph:  Pak pak cache file ../../../../../../Users/Sarah/Documents/Unreal Projects/04_BattleTank/BattleTank/DerivedDataCache/DDC.ddp not found, will not use a pak cache.
[2017.04.28-15.08.16:242][  0]LogDerivedDataCache: Unable to find inner node Pak for hierarchical cache Hierarchy.
[2017.04.28-15.08.16:242][  0]LogDerivedDataCache: FDerivedDataBackendGraph:  CompressedPak pak cache file ../../../../../../Users/Sarah/Documents/Unreal Projects/04_BattleTank/BattleTank/DerivedDataCache/Compressed.ddp not found, will not use a pak cache.
[2017.04.28-15.08.16:242][  0]LogDerivedDataCache: Unable to find inner node CompressedPak for hierarchical cache Hierarchy.
[2017.04.28-15.08.16:264][  0]LogDerivedDataCache:Display: Pak cache opened for reading ../../../Engine/DerivedDataCache/Compressed.ddp.
[2017.04.28-15.08.16:276][  0]LogDerivedDataCache: Using Local data cache path C:/Users/Sarah/AppData/Local/UnrealEngine/Common/DerivedDataCache: Writable
[2017.04.28-15.08.16:287][  0]LogSlate: Using Freetype 2.6.0
[2017.04.28-15.08.16:288][  0]LogSlate: SlateFontCache - WITH_FREETYPE: 1, WITH_HARFBUZZ: 1
[2017.04.28-15.08.16:288][  0]LogSlate: SlateFontCache - WITH_FREETYPE: 1, WITH_HARFBUZZ: 1
[2017.04.28-15.08.16:638][  0]LogInit: Selected Device Profile: [Windows]
[2017.04.28-15.08.16:642][  0]LogContentStreaming: Texture pool size is 0.00 MB
[2017.04.28-15.08.16:939][  0]LogMeshUtilities: Using QuadricMeshReduction for automatic static mesh reduction
[2017.04.28-15.08.17:001][  0]LogSimplygon: Simplygon DLL not present - disabling.
[2017.04.28-15.08.17:068][  0]LogMeshUtilities: Using SimplygonSwarm for distributed automatic mesh merging
[2017.04.28-15.08.17:068][  0]LogMeshUtilities: No automatic skeletal mesh reduction module available
[2017.04.28-15.08.17:068][  0]LogMeshUtilities: No automatic mesh merging module available
[2017.04.28-15.08.17:783][  0]LogNetVersion: GetLocalNetworkVersion: CL: 3299760, ProjectName: battletank, ProjectVersion: , EngineNetworkVersion: 2, GameNetworkVersion: 0, NetworkChecksum: 2512795372
[2017.04.28-15.08.17:839][  0]LogAssetRegistry: FAssetRegistry took 0.0221 seconds to start up
[2017.04.28-15.08.17:901][  0]LogPackageLocalizationCache: Processed 3 localized package path(s) for 2 prioritized culture(s) in 0.030676 seconds
[2017.04.28-15.08.17:908][  0]LogUObjectArray: 32475 objects as part of root set at end of initial load.
[2017.04.28-15.08.17:908][  0]LogUObjectAllocator: 7073360 out of 0 bytes used by permanent object pool.
[2017.04.28-15.08.17:908][  0]LogUObjectArray: CloseDisregardForGC: 0/0 objects in disregard for GC pool
[2017.04.28-15.08.18:000][  0]LogInit: WinSock: version 1.1 (2.2), MaxSocks=32767, MaxUdp=65467
[2017.04.28-15.08.20:119][  0]LogTcpMessaging: Initializing TcpMessaging bridge
[2017.04.28-15.08.20:172][  0]LogUdpMessaging: Initializing bridge on interface 0.0.0.0:0 to multicast group 230.0.0.1:6666.
[2017.04.28-15.08.20:860][  0]LogMaterial: Uniform references updated for custom material expression Custom.
[2017.04.28-15.08.21:385][  0]SourceControl: Info Source control is disabled
[2017.04.28-15.08.21:418][  0]SourceControl: Info Source control is disabled
[2017.04.28-15.08.21:484][  0]SourceControl: Info Source control is disabled
[2017.04.28-15.08.21:549][  0]SourceControl: Info Source control is disabled
[2017.04.28-15.08.23:294][  0]LogEngine: Initializing Engine...
[2017.04.28-15.08.23:295][  0]LogHMD: Failed to initialize OpenVR with code 110
[2017.04.28-15.08.23:592][  0]LogAIModule: Creating AISystem for world Untitled
[2017.04.28-15.08.23:601][  0]LogInit: XAudio2 using 'Speakers (2- High Definition Audio Device)' : 2 channels at 44.1 kHz using 16 bits per sample (channel mask 0x3)
[2017.04.28-15.08.23:618][  0]LogInit: FAudioDevice initialized.
[2017.04.28-15.08.23:644][  0]LogDerivedDataCache: Saved boot cache 0.03s 50MB C:/Users/Sarah/AppData/Local/UnrealEngine/4.15/DerivedDataCache/Boot.ddc.
[2017.04.28-15.08.23:652][  0]LogInit: Texture streaming: Enabled
[2017.04.28-15.08.23:784][  0]LogEngineSessionManager: EngineSessionManager initialized
[2017.04.28-15.08.23:913][  0]LogInit: Transaction tracking system initialized
[2017.04.28-15.08.24:392][  0]BlueprintLog: New page: Editor Load
[2017.04.28-15.08.25:600][  0]LocalizationService: Info Localization service is disabled
[2017.04.28-15.08.26:751][  0]LogConsoleResponse:Display: 
[2017.04.28-15.08.26:919][  0]LogCook:Display: Max memory allowance for cook 16384mb min free memory 0mb
[2017.04.28-15.08.26:919][  0]LogCook:Display: Mobile HDR setting 1
[2017.04.28-15.08.27:836][  0]LogFileCache: Scanning file cache for directory 'C:/Users/Sarah/Documents/Unreal Projects/04_BattleTank/BattleTank/Content/' took 0.01s
[2017.04.28-15.08.28:401][  0]SourceControl: Info Source control is disabled
[2017.04.28-15.08.28:401][  0]Cmd: MAP LOAD FILE="../../../../../../Users/Sarah/Documents/Unreal Projects/04_BattleTank/BattleTank/Content/Levels/BattleGround.umap" TEMPLATE=0 SHOWPROGRESS=1 FEATURELEVEL=3
[2017.04.28-15.08.28:402][  0]LightingResults: New page: Lighting Build
[2017.04.28-15.08.28:457][  0]MapCheck: New page: Map Check
[2017.04.28-15.08.28:457][  0]LightingResults: New page: Lighting Build
[2017.04.28-15.08.28:953][  0]LogAIModule: Creating AISystem for world BattleGround
[2017.04.28-15.08.28:987][  0]LogEditorServer: Finished looking for orphan Actors (0.000 secs)
[2017.04.28-15.08.28:989][  0]Cmd: MAP CHECKDEP NOCLEARLOG
[2017.04.28-15.08.29:043][  0]MapCheck: Info Map check complete: 0 Error(s), 0 Warning(s), took 53.43ms to complete.
[2017.04.28-15.08.29:043][  0]LogFileHelpers: Loading map 'BattleGround' took 0.642
[2017.04.28-15.08.29:263][  0]LogCollectionManager: Loaded 1 collections in 0.002157 seconds
[2017.04.28-15.08.29:364][  0]LogFileCache: Scanning file cache for directory 'C:/Users/Sarah/Documents/Unreal Projects/04_BattleTank/BattleTank/Saved/Collections/' took 0.01s
[2017.04.28-15.08.29:364][  0]LogFileCache: Scanning file cache for directory 'C:/Users/Sarah/Documents/Unreal Projects/04_BattleTank/BattleTank/Content/Developers/Sarah/Collections/' took 0.01s
[2017.04.28-15.08.29:364][  0]LogFileCache: Scanning file cache for directory 'C:/Users/Sarah/Documents/Unreal Projects/04_BattleTank/BattleTank/Content/Collections/' took 0.01s
[2017.04.28-15.08.29:364][  0]LogCollectionManager: Rebuilt the GUID cache for 1 collections in 0.000005 seconds
[2017.04.28-15.08.29:364][  0]LogCollectionManager: Rebuilt the hierarchy cache for 1 collections in 0.000000 seconds
[2017.04.28-15.08.29:380][  0]LogContentBrowser: Native class hierarchy populated in 0.0151 seconds. Added 2255 classes and 453 folders.
[2017.04.28-15.08.29:384][  0]LogStats: UGameplayTagsManager::ConstructGameplayTagTree: Construct from data asset -  0.000 s
[2017.04.28-15.08.29:384][  0]LogStats: UGameplayTagsManager::ConstructGameplayTagTree: GameplayTagTreeChangedEvent.Broadcast -  0.000 s
[2017.04.28-15.08.29:491][  0]LogContentBrowser: Native class hierarchy updated for 'WidgetCarousel' in 0.0038 seconds. Added 0 classes and 0 folders.
[2017.04.28-15.08.29:547][  0]LogContentBrowser: Native class hierarchy updated for 'AddContentDialog' in 0.0037 seconds. Added 0 classes and 0 folders.
[2017.04.28-15.08.29:611][  0]LogContentBrowser: Native class hierarchy updated for 'SceneOutliner' in 0.0038 seconds. Added 1 classes and 2 folders.
[2017.04.28-15.08.29:675][  0]LogCrashTracker: Crashtracker disabled due to settings.
[2017.04.28-15.08.29:681][  0]LogUObjectGlobals:Warning: Failed to find object 'Class None.'
[2017.04.28-15.08.29:768][  0]LogContentBrowser: Native class hierarchy updated for 'HierarchicalLODOutliner' in 0.0037 seconds. Added 1 classes and 2 folders.
[2017.04.28-15.08.29:768][  0]LogLoad: (Engine Initialization) Total time: 21.02 seconds
[2017.04.28-15.08.29:768][  0]LogLoad: (Engine Initialization) Total Blueprint compile time: 0.17 seconds
[2017.04.28-15.08.29:768][  0]LogExternalProfiler: No external profilers were discovered.  External profiling features will not be available.
[2017.04.28-15.08.30:108][  0]LogOcInput: OculusInput pre-init called
[2017.04.28-15.08.30:130][  0]LogContentStreaming: Texture pool size now 600 MB
[2017.04.28-15.08.30:131][  0]LogSlate: Took 0.000277 seconds to synchronously load lazily loaded font '../../../Engine/Content/Slate/Fonts/Roboto-Regular.ttf' (155K)
[2017.04.28-15.08.30:136][  0]LogSlate: Took 0.000270 seconds to synchronously load lazily loaded font '../../../Engine/Content/Slate/Fonts/Roboto-Bold.ttf' (160K)
[2017.04.28-15.08.30:143][  0]LogSlate: Took 0.000221 seconds to synchronously load lazily loaded font '../../../Engine/Content/Editor/Slate/Fonts/FontAwesome.ttf' (139K)
[2017.04.28-15.08.30:283][  0]LogSlate: Took 0.000337 seconds to synchronously load lazily loaded font '../../../Engine/Content/Slate/Fonts/Roboto-Light.ttf' (159K)
[2017.04.28-15.08.30:454][  1]LogRenderer: Reallocating scene render targets to support 1064x628 NumSamples 1 (Frame:2).
[2017.04.28-15.08.30:454][  1]LogAssetRegistry: Asset discovery search completed in 12.6365 seconds
[2017.04.28-15.08.30:454][  1]LogCollectionManager: Rebuilt the object cache for 1 collections in 0.000010 seconds (found 0 objects)
[2017.04.28-15.08.30:454][  1]LogCollectionManager: Fixed up redirectors for 1 collections in 0.000057 seconds (updated 0 objects)
[2017.04.28-15.17.46:086][688]Recompiling BattleTank...
[2017.04.28-15.17.46:087][688]Launching UnrealBuildTool... [C:/Program Files/Epic Games/UE_4.15/Engine/Binaries/DotNET/UnrealBuildTool.exe BattleTank -ModuleWithSuffix BattleTank 177 Win64 Development -editorrecompile -canskiplink "C:/Users/Sarah/Documents/Unreal Projects/04_BattleTank/BattleTank/BattleTank.uproject" ]
[2017.04.28-15.17.46:097][688]Warning: Starting HotReload took  0.0s.
[2017.04.28-15.17.49:237][736]CompilerResultsLog: New page: Compilation - Apr 28, 2017, 5:17:49 PM
[2017.04.28-15.17.49:238][736]CompilerResultsLog: Info Compiling game modules for hot reload
[2017.04.28-15.17.49:238][736]CompilerResultsLog: Info Target is up to date
[2017.04.28-15.17.49:238][736]CompilerResultsLog: Info Total build time: 2.14 seconds (NoActionsToExecute executor: 0.01 seconds)
[2017.04.28-15.17.49:238][736]LogMainFrame: MainFrame: Module compiling took 3.165 seconds
[2017.04.28-15.17.49:318][736]LogContentBrowser: Native class hierarchy populated in 0.0357 seconds. Added 2257 classes and 457 folders.
[2017.04.28-15.17.49:319][736]Display: HotReload took  3.3s.
[2017.04.28-15.20.48:544][399]LogSlate: Took 0.000433 seconds to synchronously load lazily loaded font '../../../Engine/Content/Slate/Fonts/Roboto-Light.ttf' (159K)
[2017.04.28-15.20.49:386][399]LogSlate: Took 0.000500 seconds to synchronously load lazily loaded font '../../../Engine/Content/Slate/Fonts/Roboto-Regular.ttf' (155K)
[2017.04.28-15.20.50:396][399]LogContentBrowser: Native class hierarchy updated for 'BlueprintGraph' in 0.0101 seconds. Added 112 classes and 0 folders.
[2017.04.28-15.20.53:055][399]LogSlate: Took 0.011765 seconds to synchronously load lazily loaded font '../../../Engine/Content/Editor/Slate/Fonts/Roboto-BoldCondensed.ttf' (158K)
[2017.04.28-15.20.53:325][400]LogSlate: Took 0.011273 seconds to synchronously load lazily loaded font '../../../Engine/Content/Editor/Slate/Fonts/Roboto-Italic.ttf' (157K)
[2017.04.28-15.21.01:447][608]Cmd: OBJ SAVEPACKAGE PACKAGE="/Game/Tank/Tank_BP" FILE="../../../../../../Users/Sarah/Documents/Unreal Projects/04_BattleTank/BattleTank/Content/Tank/Tank_BP.uasset" SILENT=true
[2017.04.28-15.21.01:699][608]LogSavePackage: Save=173.15ms
[2017.04.28-15.21.01:699][608]LogSavePackage: Moving '../../../../../../Users/Sarah/Documents/Unreal Projects/04_BattleTank/BattleTank/Saved/Tank_BP6D2DDC1A47B802ADAF6ACD908D32F5A0.tmp' to '../../../../../../Users/Sarah/Documents/Unreal Projects/04_BattleTank/BattleTank/Content/Tank/Tank_BP.uasset'
[2017.04.28-15.21.01:704][608]LogSavePackage:Display: Finished SavePackage ../../../../../../Users/Sarah/Documents/Unreal Projects/04_BattleTank/BattleTank/Content/Tank/Tank_BP.uasset
[2017.04.28-15.22.17:171][487]LogSlate: Took 0.000516 seconds to synchronously load lazily loaded font '../../../Engine/Content/Slate/Fonts/Roboto-Light.ttf' (159K)
[2017.04.28-15.22.26:339][514]LogFileHelpers: Editor autosave (incl. sublevels) for '/Game/Levels/BattleGround' took 0.074
[2017.04.28-15.22.26:344][514]OBJ SavePackage: Generating thumbnails for [0] asset(s) in package [/Game/Tank/Tank_BP] ([1] browsable assets)...
[2017.04.28-15.22.26:344][514]OBJ SavePackage: Finished generating thumbnails for package [/Game/Tank/Tank_BP]
[2017.04.28-15.22.26:594][514]LogSavePackage: Save=170.51ms
[2017.04.28-15.22.26:594][514]LogSavePackage: Moving '../../../../../../Users/Sarah/Documents/Unreal Projects/04_BattleTank/BattleTank/Saved/Tank_BP_Auto13458C9C44E65034EA811B0BCCF015DA0.tmp' to '../../../../../../Users/Sarah/Documents/Unreal Projects/04_BattleTank/BattleTank/Saved/Autosaves/Game/Tank/Tank_BP_Auto1.uasset'
[2017.04.28-15.22.26:602][514]LogSavePackage:Display: Finished SavePackage ../../../../../../Users/Sarah/Documents/Unreal Projects/04_BattleTank/BattleTank/Saved/Autosaves/Game/Tank/Tank_BP_Auto1.uasset
[2017.04.28-15.22.26:602][514]LogFileHelpers: Auto-saving content packages took 0.261
[2017.04.28-15.26.47:574][485]LogSlate: Took 0.000462 seconds to synchronously load lazily loaded font '../../../Engine/Content/Editor/Slate/Fonts/DroidSansMono.ttf' (77K)
[2017.04.28-15.26.50:368][617]Recompiling BattleTank...
[2017.04.28-15.26.50:368][617]Launching UnrealBuildTool... [C:/Program Files/Epic Games/UE_4.15/Engine/Binaries/DotNET/UnrealBuildTool.exe BattleTank -ModuleWithSuffix BattleTank 9470 Win64 Development -editorrecompile -canskiplink "C:/Users/Sarah/Documents/Unreal Projects/04_BattleTank/BattleTank/BattleTank.uproject" ]
[2017.04.28-15.26.50:372][617]Warning: Starting HotReload took  0.0s.
[2017.04.28-15.26.57:774][706]CompilerResultsLog: New page: Compilation - Apr 28, 2017, 5:26:57 PM
[2017.04.28-15.26.57:774][706]CompilerResultsLog: Info Compiling game modules for hot reload
[2017.04.28-15.26.57:774][706]CompilerResultsLog: Info Performing 3 actions (4 in parallel)
[2017.04.28-15.26.57:775][706]CompilerResultsLog: Info TankAimingComponent.cpp
[2017.04.28-15.26.57:775][706]CompilerResultsLog: Info [2/3] Link UE4Editor-BattleTank-9470.dll
[2017.04.28-15.26.57:775][706]CompilerResultsLog: Info [3/3] Link UE4Editor-BattleTank-9470.lib
[2017.04.28-15.26.57:775][706]CompilerResultsLog: Info    Creating library C:\Users\Sarah\Documents\Unreal Projects\04_BattleTank\BattleTank\Intermediate\Build\Win64\UE4Editor\Development\UE4Editor-BattleTank-9470.lib and object C:\Users\Sarah\Documents\Unreal Projects\04_BattleTank\BattleTank\Intermediate\Build\Win64\UE4Editor\Development\UE4Editor-BattleTank-9470.exp
[2017.04.28-15.26.57:777][706]CompilerResultsLog: Info    Creating library C:\Users\Sarah\Documents\Unreal Projects\04_BattleTank\BattleTank\Intermediate\Build\Win64\UE4Editor\Development\UE4Editor-BattleTank-9470.suppressed.lib and object C:\Users\Sarah\Documents\Unreal Projects\04_BattleTank\BattleTank\Intermediate\Build\Win64\UE4Editor\Development\UE4Editor-BattleTank-9470.suppressed.exp
[2017.04.28-15.26.57:778][706]CompilerResultsLog: Info Total build time: 6.35 seconds (Local executor: 4.21 seconds)
[2017.04.28-15.26.57:778][706]LogMainFrame: MainFrame: Module compiling took 7.424 seconds
[2017.04.28-15.26.58:129][706]LogClass: EFiringStatus HotReload.
[2017.04.28-15.26.58:155][706]LogContentBrowser: Native class hierarchy updated for 'BattleTank' in 0.0135 seconds. Added 11 classes and 3 folders.
[2017.04.28-15.26.58:159][706]Display: HotReload successful (6 functions remapped  0 scriptstructs remapped)
[2017.04.28-15.26.59:230][706]LogContentBrowser: Native class hierarchy populated in 0.0386 seconds. Added 2257 classes and 457 folders.
[2017.04.28-15.26.59:230][706]Display: HotReload took  8.9s.
[2017.04.28-15.35.42:684][315]Recompiling BattleTank...
[2017.04.28-15.35.42:685][315]Launching UnrealBuildTool... [C:/Program Files/Epic Games/UE_4.15/Engine/Binaries/DotNET/UnrealBuildTool.exe BattleTank -ModuleWithSuffix BattleTank 437 Win64 Development -editorrecompile -canskiplink "C:/Users/Sarah/Documents/Unreal Projects/04_BattleTank/BattleTank/BattleTank.uproject" ]
[2017.04.28-15.35.42:697][315]Warning: Starting HotReload took  0.2s.
[2017.04.28-15.36.35:277][802]CompilerResultsLog: New page: Compilation - Apr 28, 2017, 5:36:35 PM
[2017.04.28-15.36.35:278][802]CompilerResultsLog: Info Compiling game modules for hot reload
[2017.04.28-15.36.35:279][802]CompilerResultsLog: Info Parsing headers for BattleTankEditor
[2017.04.28-15.36.35:279][802]CompilerResultsLog: Info   Running UnrealHeaderTool "C:\Users\Sarah\Documents\Unreal Projects\04_BattleTank\BattleTank\BattleTank.uproject" "C:\Users\Sarah\Documents\Unreal Projects\04_BattleTank\BattleTank\Intermediate\Build\Win64\BattleTankEditor\Development\BattleTankEditor.uhtmanifest" -LogCmds="loginit warning, logexit warning, logdatabase error" -Unattended -WarningsAsErrors -installed
[2017.04.28-15.36.35:280][802]CompilerResultsLog: Info Reflection code generated for BattleTankEditor in 38.5408802 seconds
[2017.04.28-15.36.35:281][802]CompilerResultsLog: Info Performing 4 actions (4 in parallel)
[2017.04.28-15.36.35:281][802]CompilerResultsLog: Info BattleTank.generated.cpp
[2017.04.28-15.36.35:281][802]CompilerResultsLog: Info Tank.cpp
[2017.04.28-15.36.35:282][802]CompilerResultsLog: Info [3/4] Link UE4Editor-BattleTank-437.dll
[2017.04.28-15.36.35:282][802]CompilerResultsLog: Info [4/4] Link UE4Editor-BattleTank-437.lib
[2017.04.28-15.36.35:282][802]CompilerResultsLog: Info    Creating library C:\Users\Sarah\Documents\Unreal Projects\04_BattleTank\BattleTank\Intermediate\Build\Win64\UE4Editor\Development\UE4Editor-BattleTank-437.lib and object C:\Users\Sarah\Documents\Unreal Projects\04_BattleTank\BattleTank\Intermediate\Build\Win64\UE4Editor\Development\UE4Editor-BattleTank-437.exp
[2017.04.28-15.36.35:283][802]CompilerResultsLog: Info    Creating library C:\Users\Sarah\Documents\Unreal Projects\04_BattleTank\BattleTank\Intermediate\Build\Win64\UE4Editor\Development\UE4Editor-BattleTank-437.suppressed.lib and object C:\Users\Sarah\Documents\Unreal Projects\04_BattleTank\BattleTank\Intermediate\Build\Win64\UE4Editor\Development\UE4Editor-BattleTank-437.suppressed.exp
[2017.04.28-15.36.35:284][802]CompilerResultsLog:Error: Error Tank.cpp.obj : error LNK2019: unresolved external symbol "public: void __cdecl ATank::Fire(void)" (?Fire@ATank@@QEAAXXZ) referenced in function "public: void __cdecl ATank::execFire(struct FFrame &,void * const)" (?execFire@ATank@@QEAAXAEAUFFrame@@QEAX@Z)
[2017.04.28-15.36.35:286][802]CompilerResultsLog:Error: Error BattleTank.generated.cpp.obj : error LNK2001: unresolved external symbol "public: void __cdecl ATank::Fire(void)" (?Fire@ATank@@QEAAXXZ)
[2017.04.28-15.36.35:286][802]CompilerResultsLog:Error: Error C:\Users\Sarah\Documents\Unreal Projects\04_BattleTank\BattleTank\Binaries\Win64\UE4Editor-BattleTank-437.dll : fatal error LNK1120: 1 unresolved externals
[2017.04.28-15.36.35:287][802]CompilerResultsLog: Info ERROR: UBT ERROR: Failed to produce item: C:\Users\Sarah\Documents\Unreal Projects\04_BattleTank\BattleTank\Binaries\Win64\UE4Editor-BattleTank-437.dll
[2017.04.28-15.36.35:287][802]CompilerResultsLog: Info Total build time: 51.42 seconds (Local executor: 0.00 seconds)
[2017.04.28-15.36.35:288][802]LogMainFrame: MainFrame: Module compiling took 52.623 seconds
[2017.04.28-15.36.35:288][802]Warning: HotReload failed, recompile failed
[2017.04.28-15.39.54:159][655]LogVSAccessor:Warning: Couldn't access Visual Studio
[2017.04.28-15.39.54:173][655]Recompiling BattleTank...
[2017.04.28-15.39.54:173][655]Launching UnrealBuildTool... [C:/Program Files/Epic Games/UE_4.15/Engine/Binaries/DotNET/UnrealBuildTool.exe BattleTank -ModuleWithSuffix BattleTank 4587 Win64 Development -editorrecompile -canskiplink "C:/Users/Sarah/Documents/Unreal Projects/04_BattleTank/BattleTank/BattleTank.uproject" ]
[2017.04.28-15.39.54:177][655]Warning: Starting HotReload took  0.0s.
[2017.04.28-15.40.09:397][152]CompilerResultsLog: New page: Compilation - Apr 28, 2017, 5:40:09 PM
[2017.04.28-15.40.09:398][152]CompilerResultsLog: Info Creating makefile for hot reloading BattleTank (modules to compile have changed)
[2017.04.28-15.40.09:398][152]CompilerResultsLog: Info Compiling game modules for hot reload
[2017.04.28-15.40.09:399][152]CompilerResultsLog: Info Performing 1 actions (4 in parallel)
[2017.04.28-15.40.09:399][152]CompilerResultsLog: Info [1/1] Link UE4Editor-BattleTank-4587.dll
[2017.04.28-15.40.09:399][152]CompilerResultsLog: Info    Creating library C:\Users\Sarah\Documents\Unreal Projects\04_BattleTank\BattleTank\Intermediate\Build\Win64\UE4Editor\Development\UE4Editor-BattleTank-4587.suppressed.lib and object C:\Users\Sarah\Documents\Unreal Projects\04_BattleTank\BattleTank\Intermediate\Build\Win64\UE4Editor\Development\UE4Editor-BattleTank-4587.suppressed.exp
[2017.04.28-15.40.09:400][152]CompilerResultsLog:Error: Error Tank.cpp.obj : error LNK2019: unresolved external symbol "public: void __cdecl ATank::Fire(void)" (?Fire@ATank@@QEAAXXZ) referenced in function "public: void __cdecl ATank::execFire(struct FFrame &,void * const)" (?execFire@ATank@@QEAAXAEAUFFrame@@QEAX@Z)
[2017.04.28-15.40.09:401][152]CompilerResultsLog:Error: Error BattleTank.generated.cpp.obj : error LNK2001: unresolved external symbol "public: void __cdecl ATank::Fire(void)" (?Fire@ATank@@QEAAXXZ)
[2017.04.28-15.40.09:402][152]CompilerResultsLog:Error: Error C:\Users\Sarah\Documents\Unreal Projects\04_BattleTank\BattleTank\Binaries\Win64\UE4Editor-BattleTank-4587.dll : fatal error LNK1120: 1 unresolved externals
[2017.04.28-15.40.09:402][152]CompilerResultsLog: Info ERROR: UBT ERROR: Failed to produce item: C:\Users\Sarah\Documents\Unreal Projects\04_BattleTank\BattleTank\Binaries\Win64\UE4Editor-BattleTank-4587.dll
[2017.04.28-15.40.09:403][152]CompilerResultsLog: Info Total build time: 14.42 seconds (Local executor: 0.00 seconds)
[2017.04.28-15.40.09:403][152]LogMainFrame: MainFrame: Module compiling took 15.244 seconds
[2017.04.28-15.40.09:403][152]Warning: HotReload failed, recompile failed
[2017.04.28-15.40.24:599][530]Cmd: OBJ SAVEPACKAGE PACKAGE="/Game/Tank/Tank_BP" FILE="../../../../../../Users/Sarah/Documents/Unreal Projects/04_BattleTank/BattleTank/Content/Tank/Tank_BP.uasset" SILENT=true
[2017.04.28-15.40.24:811][530]LogSavePackage: Save=112.48ms
[2017.04.28-15.40.24:811][530]LogSavePackage: Moving '../../../../../../Users/Sarah/Documents/Unreal Projects/04_BattleTank/BattleTank/Saved/Tank_BPA41F42EA4A671F83A6A1FE8B79B12E2C.tmp' to '../../../../../../Users/Sarah/Documents/Unreal Projects/04_BattleTank/BattleTank/Content/Tank/Tank_BP.uasset'
[2017.04.28-15.40.24:825][530]LogSavePackage:Display: Finished SavePackage ../../../../../../Users/Sarah/Documents/Unreal Projects/04_BattleTank/BattleTank/Content/Tank/Tank_BP.uasset
[2017.04.28-15.40.25:471][531]Cmd: QUIT_EDITOR
[2017.04.28-15.40.25:590][531]LogWindowsTextInputMethodSystem:Display: IME system now deactivated.
[2017.04.28-15.40.25:680][531]LogExit: Preparing to exit.
[2017.04.28-15.40.27:156][531]LogDirectoryWatcher: A directory notification for 'C:/Users/Sarah/Documents/Unreal Projects/04_BattleTank/BattleTank/Content/' was aborted.
[2017.04.28-15.40.27:413][531]LogExit: Editor shut down
[2017.04.28-15.40.27:417][531]LogExit: Transaction tracking system shut down
[2017.04.28-15.40.27:862][531]LogObj: Freed 0b from 0 cluster array pools.
[2017.04.28-15.40.27:862][531]LogExit: Object subsystem successfully closed.
[2017.04.28-15.40.27:926][531]LogD3D11RHI: Shutdown
[2017.04.28-15.40.27:926][531]LogD3D11RHI: CleanupD3DDevice
[2017.04.28-15.40.28:146][531]LogD3D11RHI: ~FD3D11DynamicRHI
[2017.04.28-15.40.28:243][531]LogModuleManager: Shutting down and abandoning module BattleTank (503)
[2017.04.28-15.40.28:243][531]LogModuleManager: Shutting down and abandoning module BlueprintGraph (502)
[2017.04.28-15.40.28:243][531]LogModuleManager: Shutting down and abandoning module BlueprintProfiler (500)
[2017.04.28-15.40.28:245][531]LogModuleManager: Shutting down and abandoning module HierarchicalLODOutliner (498)
[2017.04.28-15.40.28:246][531]LogModuleManager: Shutting down and abandoning module CrashTracker (496)
[2017.04.28-15.40.28:246][531]LogModuleManager: Shutting down and abandoning module SceneOutliner (494)
[2017.04.28-15.40.28:246][531]LogModuleManager: Shutting down and abandoning module AddContentDialog (492)
[2017.04.28-15.40.28:247][531]LogDirectoryWatcher: A directory notification for 'C:/Program Files/Epic Games/UE_4.15/FeaturePacks/' was aborted.
[2017.04.28-15.40.28:258][531]LogModuleManager: Shutting down and abandoning module WidgetCarousel (491)
[2017.04.28-15.40.28:258][531]LogModuleManager: Shutting down and abandoning module EditorWidgets (488)
[2017.04.28-15.40.28:258][531]LogModuleManager: Shutting down and abandoning module CollectionManager (486)
[2017.04.28-15.40.28:259][531]LogDirectoryWatcher: A directory notification for 'C:/Users/Sarah/Documents/Unreal Projects/04_BattleTank/BattleTank/Content/Collections/' was aborted.
[2017.04.28-15.40.28:259][531]LogDirectoryWatcher: A directory notification for 'C:/Users/Sarah/Documents/Unreal Projects/04_BattleTank/BattleTank/Content/Developers/Sarah/Collections/' was aborted.
[2017.04.28-15.40.28:259][531]LogDirectoryWatcher: A directory notification for 'C:/Users/Sarah/Documents/Unreal Projects/04_BattleTank/BattleTank/Saved/Collections/' was aborted.
[2017.04.28-15.40.28:259][531]LogModuleManager: Shutting down and abandoning module StatsViewer (484)
[2017.04.28-15.40.28:260][531]LogModuleManager: Shutting down and abandoning module FoliageEdit (482)
[2017.04.28-15.40.28:261][531]LogModuleManager: Shutting down and abandoning module LandscapeEditor (480)
[2017.04.28-15.40.28:262][531]LogModuleManager: Shutting down and abandoning module SceneDepthPickerMode (478)
[2017.04.28-15.40.28:262][531]LogModuleManager: Shutting down and abandoning module ActorPickerMode (476)
[2017.04.28-15.40.28:262][531]LogModuleManager: Shutting down and abandoning module GeometryMode (474)
[2017.04.28-15.40.28:262][531]LogModuleManager: Shutting down and abandoning module TextureAlignMode (472)
[2017.04.28-15.40.28:262][531]LogModuleManager: Shutting down and abandoning module BspMode (470)
[2017.04.28-15.40.28:262][531]LogModuleManager: Shutting down and abandoning module HardwareSurvey (468)
[2017.04.28-15.40.28:263][531]LogModuleManager: Shutting down and abandoning module SequenceRecorderSections (466)
[2017.04.28-15.40.28:263][531]LogModuleManager: Shutting down and abandoning module AutomationWorker (464)
[2017.04.28-15.40.28:264][531]LogModuleManager: Shutting down and abandoning module MatineeToLevelSequence (462)
[2017.04.28-15.40.28:265][531]LogModuleManager: Shutting down and abandoning module LevelSequenceEditor (460)
[2017.04.28-15.40.28:268][531]LogModuleManager: Shutting down and abandoning module PlacementMode (459)
[2017.04.28-15.40.28:269][531]LogModuleManager: Shutting down and abandoning module WmfMediaFactory (456)
[2017.04.28-15.40.28:269][531]LogModuleManager: Shutting down and abandoning module WmfMediaEditor (454)
[2017.04.28-15.40.28:269][531]LogModuleManager: Shutting down and abandoning module MfMediaFactory (452)
[2017.04.28-15.40.28:269][531]LogModuleManager: Shutting down and abandoning module MfMediaEditor (450)
[2017.04.28-15.40.28:269][531]LogModuleManager: Shutting down and abandoning module AvfMediaFactory (448)
[2017.04.28-15.40.28:269][531]LogModuleManager: Shutting down and abandoning module AvfMediaEditor (446)
[2017.04.28-15.40.28:269][531]LogModuleManager: Shutting down and abandoning module AndroidMediaFactory (444)
[2017.04.28-15.40.28:269][531]LogModuleManager: Shutting down and abandoning module Media (443)
[2017.04.28-15.40.28:269][531]LogModuleManager: Shutting down and abandoning module AndroidMediaEditor (440)
[2017.04.28-15.40.28:269][531]LogModuleManager: Shutting down and abandoning module CharacterAI (438)
[2017.04.28-15.40.28:269][531]LogModuleManager: Shutting down and abandoning module AudioCapture (436)
[2017.04.28-15.40.28:270][531]LogModuleManager: Shutting down and abandoning module SequenceRecorder (435)
[2017.04.28-15.40.28:271][531]LogModuleManager: Shutting down and abandoning module SmartSnapping (432)
[2017.04.28-15.40.28:271][531]LogModuleManager: Shutting down and abandoning module SessionServices (430)
[2017.04.28-15.40.28:271][531]LogModuleManager: Shutting down and abandoning module ViewportSnapping (428)
[2017.04.28-15.40.28:271][531]LogModuleManager: Shutting down and abandoning module ViewportInteraction (426)
[2017.04.28-15.40.28:271][531]LogModuleManager: Shutting down and abandoning module LogVisualizer (424)
[2017.04.28-15.40.28:274][531]LogModuleManager: Shutting down and abandoning module IntroTutorials (422)
[2017.04.28-15.40.28:275][531]LogModuleManager: Shutting down and abandoning module GameProjectGeneration (421)
[2017.04.28-15.40.28:277][531]LogModuleManager: Shutting down and abandoning module EditorLiveStreaming (418)
[2017.04.28-15.40.28:277][531]LogModuleManager: Shutting down and abandoning module IOSPlatformEditor (416)
[2017.04.28-15.40.28:277][531]LogModuleManager: Shutting down and abandoning module HTML5PlatformEditor (414)
[2017.04.28-15.40.28:278][531]LogModuleManager: Shutting down and abandoning module AndroidPlatformEditor (412)
[2017.04.28-15.40.28:281][531]LogModuleManager: Shutting down and abandoning module AndroidDeviceDetection (411)
[2017.04.28-15.40.28:794][531]LogModuleManager: Shutting down and abandoning module IOSRuntimeSettings (408)
[2017.04.28-15.40.28:794][531]LogModuleManager: Shutting down and abandoning module AndroidRuntimeSettings (406)
[2017.04.28-15.40.28:794][531]LogModuleManager: Shutting down and abandoning module InputBindingEditor (404)
[2017.04.28-15.40.28:794][531]LogModuleManager: Shutting down and abandoning module NiagaraEditor (402)
[2017.04.28-15.40.28:797][531]LogModuleManager: Shutting down and abandoning module MergeActors (400)
[2017.04.28-15.40.28:798][531]LogModuleManager: Shutting down and abandoning module SizeMap (398)
[2017.04.28-15.40.28:799][531]LogModuleManager: Shutting down and abandoning module TreeMap (396)
[2017.04.28-15.40.28:800][531]LogModuleManager: Shutting down and abandoning module ReferenceViewer (394)
[2017.04.28-15.40.28:800][531]LogModuleManager: Shutting down and abandoning module LocalizationDashboard (392)
[2017.04.28-15.40.28:801][531]LogModuleManager: Shutting down and abandoning module LocalizationService (391)
[2017.04.28-15.40.28:802][531]LogModuleManager: Shutting down and abandoning module HardwareTargeting (388)
[2017.04.28-15.40.28:802][531]LogModuleManager: Shutting down and abandoning module DeviceProfileEditor (386)
[2017.04.28-15.40.28:803][531]LogModuleManager: Shutting down and abandoning module UndoHistory (384)
[2017.04.28-15.40.28:803][531]LogModuleManager: Shutting down and abandoning module UserFeedback (382)
[2017.04.28-15.40.28:803][531]LogModuleManager: Shutting down and abandoning module XmlParser (380)
[2017.04.28-15.40.28:804][531]LogModuleManager: Shutting down and abandoning module Blutility (378)
[2017.04.28-15.40.28:804][531]LogModuleManager: Shutting down and abandoning module ProjectSettingsViewer (376)
[2017.04.28-15.40.28:805][531]LogModuleManager: Shutting down and abandoning module ProjectTargetPlatformEditor (375)
[2017.04.28-15.40.28:805][531]LogModuleManager: Shutting down and abandoning module EditorSettingsViewer (372)
[2017.04.28-15.40.28:805][531]LogModuleManager: Shutting down and abandoning module SettingsEditor (370)
[2017.04.28-15.40.28:806][531]LogModuleManager: Shutting down and abandoning module ProjectLauncher (368)
[2017.04.28-15.40.28:807][531]LogModuleManager: Shutting down and abandoning module SessionFrontend (366)
[2017.04.28-15.40.28:808][531]LogModuleManager: Shutting down and abandoning module ProfilerClient (364)
[2017.04.28-15.40.28:809][531]LogModuleManager: Shutting down and abandoning module DeviceManager (362)
[2017.04.28-15.40.28:811][531]LogModuleManager: Shutting down and abandoning module TargetDeviceServices (361)
[2017.04.28-15.40.28:855][531]LogModuleManager: Shutting down and abandoning module AutomationController (358)
[2017.04.28-15.40.28:856][531]LogModuleManager: Shutting down and abandoning module AutomationWindow (356)
[2017.04.28-15.40.28:858][531]LogModuleManager: Shutting down and abandoning module Layers (354)
[2017.04.28-15.40.28:861][531]LogModuleManager: Shutting down and abandoning module ComponentVisualizers (352)
[2017.04.28-15.40.28:861][531]LogModuleManager: Shutting down and abandoning module DetailCustomizations (350)
[2017.04.28-15.40.28:862][531]LogModuleManager: Shutting down and abandoning module PackagesDialog (348)
[2017.04.28-15.40.28:863][531]LogModuleManager: Shutting down and abandoning module Persona (346)
[2017.04.28-15.40.28:865][531]LogModuleManager: Shutting down and abandoning module AnimGraph (345)
[2017.04.28-15.40.28:865][531]LogModuleManager: Shutting down and abandoning module Kismet (342)
[2017.04.28-15.40.28:890][531]LogModuleManager: Shutting down and abandoning module GraphEditor (340)
[2017.04.28-15.40.28:890][531]LogModuleManager: Shutting down and abandoning module ClassViewer (338)
[2017.04.28-15.40.28:891][531]LogModuleManager: Shutting down and abandoning module Toolbox (336)
[2017.04.28-15.40.28:891][531]LogModuleManager: Shutting down and abandoning module ModuleUI (334)
[2017.04.28-15.40.28:892][531]LogModuleManager: Shutting down and abandoning module MovieSceneTools (332)
[2017.04.28-15.40.28:893][531]LogModuleManager: Shutting down and abandoning module OutputLog (330)
[2017.04.28-15.40.28:893][531]LogModuleManager: Shutting down and abandoning module GammaUI (328)
[2017.04.28-15.40.28:893][531]LogModuleManager: Shutting down and abandoning module Documentation (326)
[2017.04.28-15.40.28:893][531]LogModuleManager: Shutting down and abandoning module Niagara (324)
[2017.04.28-15.40.28:893][531]LogModuleManager: Shutting down and abandoning module StreamingPauseRendering (322)
[2017.04.28-15.40.28:894][531]LogModuleManager: Shutting down and abandoning module AnalyticsET (320)
[2017.04.28-15.40.28:894][531]LogModuleManager: Shutting down and abandoning module PortalServices (318)
[2017.04.28-15.40.28:894][531]LogModuleManager: Shutting down and abandoning module PortalRpc (316)
[2017.04.28-15.40.28:894][531]LogModuleManager: Shutting down and abandoning module MessagingRpc (314)
[2017.04.28-15.40.28:894][531]LogModuleManager: Shutting down and abandoning module AIModule (312)
[2017.04.28-15.40.28:894][531]LogModuleManager: Shutting down and abandoning module GameplayDebugger (311)
[2017.04.28-15.40.28:894][531]LogModuleManager: Shutting down and abandoning module AITestSuite (309)
[2017.04.28-15.40.28:894][531]LogModuleManager: Shutting down and abandoning module ProfilerService (306)
[2017.04.28-15.40.29:012][531]LogModuleManager: Shutting down and abandoning module TaskGraph (304)
[2017.04.28-15.40.29:014][531]LogModuleManager: Shutting down and abandoning module SteamVRController (302)
[2017.04.28-15.40.29:014][531]LogModuleManager: Shutting down and abandoning module SteamVR (300)
[2017.04.28-15.40.29:014][531]LogModuleManager: Shutting down and abandoning module ProceduralMeshComponentEditor (298)
[2017.04.28-15.40.29:015][531]LogModuleManager: Shutting down and abandoning module ProceduralMeshComponent (296)
[2017.04.28-15.40.29:015][531]LogModuleManager: Shutting down and abandoning module OculusLibrary (294)
[2017.04.28-15.40.29:015][531]LogModuleManager: Shutting down and abandoning module OculusInput (292)
[2017.04.28-15.40.29:015][531]LogModuleManager: Shutting down and abandoning module MobilePatchingUtils (290)
[2017.04.28-15.40.29:015][531]LogModuleManager: Shutting down and abandoning module CustomMeshComponent (288)
[2017.04.28-15.40.29:015][531]LogModuleManager: Shutting down and abandoning module CableComponent (286)
[2017.04.28-15.40.29:016][531]LogModuleManager: Shutting down and abandoning module ArchVisCharacter (284)
[2017.04.28-15.40.29:016][531]LogModuleManager: Shutting down and abandoning module MediaPlayerEditor (280)
[2017.04.28-15.40.29:019][531]LogModuleManager: Shutting down and abandoning module HTML5Networking (278)
[2017.04.28-15.40.29:019][531]LogModuleManager: Shutting down and abandoning module AlembicImporter (276)
[2017.04.28-15.40.29:019][531]LogModuleManager: Shutting down and abandoning module AlembicLibrary (275)
[2017.04.28-15.40.29:019][531]LogModuleManager: Shutting down and abandoning module GeometryCache (274)
[2017.04.28-15.40.29:020][531]LogModuleManager: Shutting down and abandoning module GeometryCacheEd (273)
[2017.04.28-15.40.29:020][531]LogModuleManager: Shutting down and abandoning module SuperSearchEditor (268)
[2017.04.28-15.40.29:020][531]LogModuleManager: Shutting down and abandoning module SuperSearch (267)
[2017.04.28-15.40.29:020][531]LogModuleManager: Shutting down and abandoning module SpeedTreeImporter (264)
[2017.04.28-15.40.29:020][531]LogModuleManager: Shutting down and abandoning module PluginBrowser (262)
[2017.04.28-15.40.29:022][531]LogModuleManager: Shutting down and abandoning module MobileLauncherProfileWizard (260)
[2017.04.28-15.40.29:023][531]LogModuleManager: Shutting down and abandoning module EpicSurvey (258)
[2017.04.28-15.40.29:023][531]LogModuleManager: Shutting down and abandoning module VisualStudioSourceCodeAccess (256)
[2017.04.28-15.40.29:023][531]LogModuleManager: Shutting down and abandoning module DesktopPlatform (255)
[2017.04.28-15.40.29:024][531]LogModuleManager: Shutting down and abandoning module UObjectPlugin (252)
[2017.04.28-15.40.29:024][531]LogModuleManager: Shutting down and abandoning module SubversionSourceControl (250)
[2017.04.28-15.40.29:025][531]LogModuleManager: Shutting down and abandoning module PerforceSourceControl (248)
[2017.04.28-15.40.29:027][531]LogModuleManager: Shutting down and abandoning module GitSourceControl (246)
[2017.04.28-15.40.29:027][531]LogModuleManager: Shutting down and abandoning module SourceControl (245)
[2017.04.28-15.40.29:028][531]LogModuleManager: Shutting down and abandoning module LightPropagationVolumeEditor (242)
[2017.04.28-15.40.29:028][531]LogModuleManager: Shutting down and abandoning module PaperTiledImporter (240)
[2017.04.28-15.40.29:028][531]LogModuleManager: Shutting down and abandoning module PaperSpriteSheetImporter (238)
[2017.04.28-15.40.29:028][531]LogModuleManager: Shutting down and abandoning module Paper2DEditor (236)
[2017.04.28-15.40.29:030][531]LogModuleManager: Shutting down and abandoning module MeshPaint (235)
[2017.04.28-15.40.29:030][531]LogModuleManager: Shutting down and abandoning module LevelEditor (233)
[2017.04.28-15.40.29:034][531]LogModuleManager: Shutting down and abandoning module PixelInspectorModule (232)
[2017.04.28-15.40.29:036][531]LogModuleManager: Shutting down and abandoning module MainFrame (230)
[2017.04.28-15.40.29:036][531]LogModuleManager: Shutting down and abandoning module HotReload (229)
[2017.04.28-15.40.29:036][531]LogDirectoryWatcher: A directory notification for 'C:/Users/Sarah/Documents/Unreal Projects/04_BattleTank/BattleTank/Binaries/Win64' was aborted.
[2017.04.28-15.40.29:037][531]LogModuleManager: Shutting down and abandoning module ContentBrowser (225)
[2017.04.28-15.40.29:039][531]LogModuleManager: Shutting down and abandoning module PhysXVehiclesEditor (220)
[2017.04.28-15.40.29:040][531]LogModuleManager: Shutting down and abandoning module PhysXVehicles (218)
[2017.04.28-15.40.29:040][531]LogModuleManager: Shutting down and abandoning module LocationServicesBPLibrary (216)
[2017.04.28-15.40.29:040][531]LogModuleManager: Shutting down and abandoning module UdpMessaging (214)
[2017.04.28-15.40.29:140][531]LogModuleManager: Shutting down and abandoning module TcpMessaging (212)
[2017.04.28-15.40.29:243][531]LogModuleManager: Shutting down and abandoning module GameplayTagsEditor (210)
[2017.04.28-15.40.29:247][531]LogModuleManager: Shutting down and abandoning module FacialAnimationEditor (208)
[2017.04.28-15.40.29:248][531]LogModuleManager: Shutting down and abandoning module FacialAnimation (206)
[2017.04.28-15.40.29:248][531]LogModuleManager: Shutting down and abandoning module LightPropagationVolumeRuntime (204)
[2017.04.28-15.40.29:248][531]LogModuleManager: Shutting down and abandoning module Paper2D (202)
[2017.04.28-15.40.29:249][531]LogModuleManager: Shutting down and abandoning module WindowsMoviePlayer (200)
[2017.04.28-15.40.29:249][531]LogModuleManager: Shutting down and abandoning module WmfMedia (198)
[2017.04.28-15.40.29:251][531]LogModuleManager: Shutting down and abandoning module MfMedia (196)
[2017.04.28-15.40.29:251][531]LogModuleManager: Shutting down and abandoning module MediaAssets (194)
[2017.04.28-15.40.29:251][531]LogModuleManager: Shutting down and abandoning module GameLiveStreaming (192)
[2017.04.28-15.40.29:251][531]LogModuleManager: Shutting down and abandoning module VREditor (190)
[2017.04.28-15.40.29:252][531]LogModuleManager: Shutting down and abandoning module GameplayTasksEditor (188)
[2017.04.28-15.40.29:252][531]LogModuleManager: Shutting down and abandoning module BehaviorTreeEditor (186)
[2017.04.28-15.40.29:254][531]LogModuleManager: Shutting down and abandoning module FunctionalTesting (184)
[2017.04.28-15.40.29:254][531]LogModuleManager: Shutting down and abandoning module CollisionAnalyzer (182)
[2017.04.28-15.40.29:256][531]LogModuleManager: Shutting down and abandoning module UMG (180)
[2017.04.28-15.40.29:258][531]LogModuleManager: Shutting down and abandoning module UMGEditor (179)
[2017.04.28-15.40.29:261][531]LogModuleManager: Shutting down and abandoning module Sequencer (178)
[2017.04.28-15.40.29:264][531]LogModuleManager: Shutting down and abandoning module AssetTools (176)
[2017.04.28-15.40.29:268][531]LogModuleManager: Shutting down and abandoning module MessageLog (175)
[2017.04.28-15.40.29:268][531]LogModuleManager: Shutting down and abandoning module WorkspaceMenuStructure (174)
[2017.04.28-15.40.29:268][531]LogModuleManager: Shutting down and abandoning module SlateReflector (168)
[2017.04.28-15.40.29:271][531]LogModuleManager: Shutting down and abandoning module Slate (166)
[2017.04.28-15.40.29:271][531]LogModuleManager: Shutting down and abandoning module EditorStyle (164)
[2017.04.28-15.40.29:280][531]LogModuleManager: Shutting down and abandoning module SourceCodeAccess (162)
[2017.04.28-15.40.29:281][531]LogModuleManager: Shutting down and abandoning module HeadMountedDisplay (160)
[2017.04.28-15.40.29:281][531]LogModuleManager: Shutting down and abandoning module XAudio2 (158)
[2017.04.28-15.40.29:281][531]LogModuleManager: Shutting down and abandoning module Networking (156)
[2017.04.28-15.40.29:281][531]LogModuleManager: Shutting down and abandoning module Core (152)
[2017.04.28-15.40.29:281][531]LogModuleManager: Shutting down and abandoning module AssetRegistry (150)
[2017.04.28-15.40.29:532][531]LogDirectoryWatcher: A directory notification for '../../../Engine/Content/' was aborted.
[2017.04.28-15.40.29:532][531]LogDirectoryWatcher: A directory notification for '../../../../../../Users/Sarah/Documents/Unreal Projects/04_BattleTank/BattleTank/Content/' was aborted.
[2017.04.28-15.40.29:532][531]LogDirectoryWatcher: A directory notification for '../../../Engine/Plugins/2D/Paper2D/Content/' was aborted.
[2017.04.28-15.40.29:533][531]LogModuleManager: Shutting down and abandoning module DirectoryWatcher (149)
[2017.04.28-15.40.29:545][531]LogModuleManager: Shutting down and abandoning module KismetCompiler (146)
[2017.04.28-15.40.29:545][531]LogModuleManager: Shutting down and abandoning module PhysXFormats (144)
[2017.04.28-15.40.29:545][531]LogModuleManager: Shutting down and abandoning module MeshUtilities (142)
[2017.04.28-15.40.29:547][531]LogModuleManager: Shutting down and abandoning module SimplygonSwarm (141)
[2017.04.28-15.40.29:548][531]LogModuleManager: Shutting down and abandoning module SimplygonMeshReduction (139)
[2017.04.28-15.40.29:548][531]LogModuleManager: Shutting down and abandoning module QuadricMeshReduction (137)
[2017.04.28-15.40.29:548][531]LogModuleManager: Shutting down and abandoning module PropertyEditor (135)
[2017.04.28-15.40.29:549][531]LogModuleManager: Shutting down and abandoning module DerivedDataCache (132)
[2017.04.28-15.40.29:572][531]LogDerivedDataCache: Shutdown
[2017.04.28-15.40.29:572][531]LogModuleManager: Shutting down and abandoning module TargetPlatform (130)
[2017.04.28-15.40.29:572][531]LogModuleManager: Shutting down and abandoning module VulkanShaderFormat (129)
[2017.04.28-15.40.29:573][531]LogModuleManager: Shutting down and abandoning module ShaderFormatOpenGL (127)
[2017.04.28-15.40.29:574][531]LogModuleManager: Shutting down and abandoning module ShaderFormatD3D (125)
[2017.04.28-15.40.29:575][531]LogModuleManager: Shutting down and abandoning module MetalShaderFormat (123)
[2017.04.28-15.40.29:576][531]LogModuleManager: Shutting down and abandoning module TextureFormatUncompressed (121)
[2017.04.28-15.40.29:576][531]LogModuleManager: Shutting down and abandoning module TextureFormatPVR (119)
[2017.04.28-15.40.29:576][531]LogModuleManager: Shutting down and abandoning module TextureFormatDXT (117)
[2017.04.28-15.40.29:578][531]LogModuleManager: Shutting down and abandoning module TextureFormatIntelISPCTexComp (115)
[2017.04.28-15.40.29:580][531]LogModuleManager: Shutting down and abandoning module TextureFormatASTC (113)
[2017.04.28-15.40.29:580][531]LogModuleManager: Shutting down and abandoning module ImageWrapper (112)
[2017.04.28-15.40.29:580][531]LogModuleManager: Shutting down and abandoning module TextureFormatAndroid (109)
[2017.04.28-15.40.29:580][531]LogModuleManager: Shutting down and abandoning module AudioFormatOpus (107)
[2017.04.28-15.40.29:580][531]LogModuleManager: Shutting down and abandoning module AudioFormatOgg (105)
[2017.04.28-15.40.29:580][531]LogModuleManager: Shutting down and abandoning module AudioFormatADPCM (103)
[2017.04.28-15.40.29:581][531]LogModuleManager: Shutting down and abandoning module LinuxTargetPlatform (101)
[2017.04.28-15.40.29:581][531]LogModuleManager: Shutting down and abandoning module LinuxServerTargetPlatform (99)
[2017.04.28-15.40.29:581][531]LogModuleManager: Shutting down and abandoning module LinuxNoEditorTargetPlatform (97)
[2017.04.28-15.40.29:581][531]LogModuleManager: Shutting down and abandoning module LinuxClientTargetPlatform (95)
[2017.04.28-15.40.29:581][531]LogModuleManager: Shutting down and abandoning module TVOSTargetPlatform (93)
[2017.04.28-15.40.29:581][531]LogModuleManager: Shutting down and abandoning module Messaging (91)
[2017.04.28-15.40.29:581][531]LogModuleManager: Shutting down and abandoning module IOSTargetPlatform (89)
[2017.04.28-15.40.29:581][531]LogModuleManager: Shutting down and abandoning module HTML5TargetPlatform (87)
[2017.04.28-15.40.29:581][531]LogModuleManager: Shutting down and abandoning module Android_PVRTCTargetPlatform (85)
[2017.04.28-15.40.29:581][531]LogModuleManager: Shutting down and abandoning module Android_MultiTargetPlatform (83)
[2017.04.28-15.40.29:581][531]LogModuleManager: Shutting down and abandoning module Android_ETC2TargetPlatform (81)
[2017.04.28-15.40.29:581][531]LogModuleManager: Shutting down and abandoning module Android_ETC1TargetPlatform (79)
[2017.04.28-15.40.29:581][531]LogModuleManager: Shutting down and abandoning module Android_DXTTargetPlatform (77)
[2017.04.28-15.40.29:581][531]LogModuleManager: Shutting down and abandoning module Android_ATCTargetPlatform (75)
[2017.04.28-15.40.29:582][531]LogModuleManager: Shutting down and abandoning module Android_ASTCTargetPlatform (73)
[2017.04.28-15.40.29:582][531]LogModuleManager: Shutting down and abandoning module AndroidTargetPlatform (71)
[2017.04.28-15.40.29:582][531]LogModuleManager: Shutting down and abandoning module WindowsTargetPlatform (69)
[2017.04.28-15.40.29:582][531]LogModuleManager: Shutting down and abandoning module WindowsServerTargetPlatform (67)
[2017.04.28-15.40.29:582][531]LogModuleManager: Shutting down and abandoning module WindowsNoEditorTargetPlatform (65)
[2017.04.28-15.40.29:582][531]LogModuleManager: Shutting down and abandoning module WindowsClientTargetPlatform (63)
[2017.04.28-15.40.29:582][531]LogModuleManager: Shutting down and abandoning module MacTargetPlatform (61)
[2017.04.28-15.40.29:582][531]LogModuleManager: Shutting down and abandoning module MacServerTargetPlatform (59)
[2017.04.28-15.40.29:582][531]LogModuleManager: Shutting down and abandoning module MacNoEditorTargetPlatform (57)
[2017.04.28-15.40.29:582][531]LogModuleManager: Shutting down and abandoning module MacClientTargetPlatform (55)
[2017.04.28-15.40.29:582][531]LogModuleManager: Shutting down and abandoning module AllDesktopTargetPlatform (53)
[2017.04.28-15.40.29:583][531]LogModuleManager: Shutting down and abandoning module InputCore (50)
[2017.04.28-15.40.29:583][531]LogModuleManager: Shutting down and abandoning module Settings (48)
[2017.04.28-15.40.29:583][531]LogModuleManager: Shutting down and abandoning module OculusRift (46)
[2017.04.28-15.40.29:583][531]LogModuleManager: Shutting down and abandoning module ExampleDeviceProfileSelector (44)
[2017.04.28-15.40.29:583][531]LogModuleManager: Shutting down and abandoning module OnlineBlueprintSupport (42)
[2017.04.28-15.40.29:583][531]LogModuleManager: Shutting down and abandoning module OnlineSubsystem (38)
[2017.04.28-15.40.29:583][531]LogOnline:Display: Unloading online subsystem: NULL
[2017.04.28-15.40.29:585][531]LogModuleManager: Shutting down and abandoning module XMPP (37)
[2017.04.28-15.40.29:589][531]LogModuleManager: Shutting down and abandoning module HTTP (35)
[2017.04.28-15.40.29:590][531]LogHttp:Display: Http module shutting down, but needs to wait on 1 outstanding Http requests:
[2017.04.28-15.40.29:590][531]LogHttp:Display: 	verb=[POST] url=[https://datarouter.ol.epicgames.com/datarouter/api/v1/public/data?SessionID=%7B3ADE85F9-48F3-1BBF-1B40-3F83E03C843A%7D&AppID=UEEditor.Rocket.Release&AppVersion=4.15.0-3299760%2B%2B%2BUE4%2BRelease-4.15&UserID=7c76bde54574978307451eb1166a1f79%7C58448bdb2ce4468ba1b793c4adc2bec4%7C1fb00c8d-b537-477f-9d94-6fe8d09492ec&AppEnvironment=datacollector-binary&UploadType=eteventstream] status=Processing
[2017.04.28-15.40.29:613][531]LogModuleManager: Shutting down and abandoning module SSL (34)
[2017.04.28-15.40.29:617][531]LogModuleManager: Shutting down and abandoning module AudioEditor (30)
[2017.04.28-15.40.29:618][531]LogModuleManager: Shutting down and abandoning module TextureCompressor (28)
[2017.04.28-15.40.29:620][531]LogModuleManager: Shutting down and abandoning module ShaderCore (26)
[2017.04.28-15.40.29:620][531]LogModuleManager: Shutting down and abandoning module Landscape (24)
[2017.04.28-15.40.29:620][531]LogModuleManager: Shutting down and abandoning module SlateRHIRenderer (22)
[2017.04.28-15.40.29:631][531]LogModuleManager: Shutting down and abandoning module OpenGLDrv (20)
[2017.04.28-15.40.29:632][531]LogModuleManager: Shutting down and abandoning module D3D11RHI (18)
[2017.04.28-15.40.29:632][531]LogModuleManager: Shutting down and abandoning module AnimGraphRuntime (16)
[2017.04.28-15.40.29:633][531]LogModuleManager: Shutting down and abandoning module Renderer (14)
[2017.04.28-15.40.29:633][531]LogModuleManager: Shutting down and abandoning module Engine (12)
[2017.04.28-15.40.29:633][531]LogModuleManager: Shutting down and abandoning module CoreUObject (10)
[2017.04.28-15.40.29:633][531]LogModuleManager: Shutting down and abandoning module NetworkFile (8)
[2017.04.28-15.40.29:634][531]LogModuleManager: Shutting down and abandoning module StreamingFile (6)
[2017.04.28-15.40.29:635][531]LogModuleManager: Shutting down and abandoning module SandboxFile (4)
[2017.04.28-15.40.29:635][531]LogModuleManager: Shutting down and abandoning module PakFile (2)
[2017.04.28-15.40.29:640][531]LogExit: Exiting.
[2017.04.28-15.40.29:656][531]Log file closed, 04/28/17 16:40:29
