Log file open, 04/25/17 11:17:25
LogInit:Display: Running engine for game: BattleTank
LogPlatformFile: Not using cached read wrapper
LogInit:Display: RandInit(-1676569761) SRandInit(-1676569761).
LogTaskGraph: Started task graph with 5 named threads and 8 total threads with 1 sets of task threads.
LogStats: Stats thread started at 0.085580
LogInit: Using libcurl 7.47.1
LogInit:  - built for x86_64-pc-win32
LogInit:  - supports SSL with OpenSSL/1.0.2g
LogInit:  - supports HTTP deflate (compression) using libz 1.2.8
LogInit:  - other features:
LogInit:      CURL_VERSION_SSL
LogInit:      CURL_VERSION_LIBZ
LogInit:      CURL_VERSION_IPV6
LogInit:      CURL_VERSION_ASYNCHDNS
LogInit:      CURL_VERSION_LARGEFILE
LogInit:      CURL_VERSION_IDN
LogInit:  CurlRequestOptions (configurable via config and command line):
LogInit:  - bVerifyPeer = false  - Libcurl will NOT verify peer certificate
LogInit:  - bUseHttpProxy = false  - Libcurl will NOT use HTTP proxy
LogInit:  - bDontReuseConnections = false  - Libcurl will reuse connections
LogInit:  - CertBundlePath = nullptr  - Libcurl will use whatever was configured at build time.
LogInit: Build: ++UE4+Release-4.15-CL-3299760
LogInit: Engine Version: 4.15.0-3299760+++UE4+Release-4.15
LogInit: Compatible Engine Version: 4.15.0-3299760+++UE4+Release-4.15
LogInit: Net CL: 3299760
LogDevObjectVersion: Number of dev versions registered: 14
LogDevObjectVersion:   Dev-Blueprints (B0D832E4-1F89-4F0D-ACCF-7EB736FD4AA2): 8
LogDevObjectVersion:   Dev-Build (E1C64328-A22C-4D53-A36C-8E866417BD8C): 0
LogDevObjectVersion:   Dev-Core (375EC13C-06E4-48FB-B500-84F0262A717E): 2
LogDevObjectVersion:   Dev-Editor (E4B068ED-F494-42E9-A231-DA0B2E46BB41): 14
LogDevObjectVersion:   Dev-Framework (CFFC743F-43B0-4480-9391-14DF171D2073): 22
LogDevObjectVersion:   Dev-Mobile (B02B49B5-BB20-44E9-A304-32B752E40360): 0
LogDevObjectVersion:   Dev-Networking (A4E4105C-59A1-49B5-A7C5-40C4547EDFEE): 0
LogDevObjectVersion:   Dev-Online (39C831C9-5AE6-47DC-9A44-9C173E1C8E7C): 0
LogDevObjectVersion:   Dev-Physics (78F01B33-EBEA-4F98-B9B4-84EACCB95AA2): 0
LogDevObjectVersion:   Dev-Platform (6631380F-2D4D-43E0-8009-CF276956A95A): 0
LogDevObjectVersion:   Dev-Rendering (12F88B9F-8875-4AFC-A67C-D90C383ABD29): 12
LogDevObjectVersion:   Dev-Sequencer (7B5AE74C-D270-4C10-A958-57980B212A5A): 3
LogDevObjectVersion:   Dev-VR (D7296918-1DD6-4BDD-9DE2-64A83CC13884): 0
LogDevObjectVersion:   Dev-LoadTimes (C2A15278-BFE7-4AFE-6C17-90FF531DF755): 1
LogInit: Compiled (64-bit): Feb 14 2017 02:04:14
LogInit: Compiled with Visual C++: 19.00.23026.00
LogInit: Build Configuration: Development
LogInit: Branch Name: ++UE4+Release-4.15
LogInit: Command line: -EpicPortal 
LogInit: Base directory: C:/Program Files/Epic Games/UE_4.15/Engine/Binaries/Win64/
LogInit: Installed Engine Build: 1
LogInit: Presizing for max 8388607 objects, including 0 objects not considered by GC, pre-allocating 0 bytes for permanent pool.
LogInit: Object subsystem initialized
[2017.04.25-10.17.27:015][  0]LogInit: Selected Device Profile: [Windows]
[2017.04.25-10.17.27:015][  0]LogInit: Applying CVar settings loaded from the selected device profile: [Windows]
[2017.04.25-10.17.27:029][  0]LogInit: Computer: DESKTOP-0PEK566
[2017.04.25-10.17.27:029][  0]LogInit: User: Sarah
[2017.04.25-10.17.27:029][  0]LogInit: CPU Page size=65536, Cores=4
[2017.04.25-10.17.27:029][  0]LogInit: High frequency timer resolution =2.143576 MHz
[2017.04.25-10.17.27:029][  0]LogMemory: Memory total: Physical=7.9GB (8GB approx)
[2017.04.25-10.17.27:029][  0]LogMemory: Platform Memory Stats for Windows
[2017.04.25-10.17.27:029][  0]LogMemory: Process Physical Memory: 262.51 MB used, 262.51 MB peak
[2017.04.25-10.17.27:029][  0]LogMemory: Process Virtual Memory: 262.58 MB used, 262.58 MB peak
[2017.04.25-10.17.27:029][  0]LogMemory: Physical Memory: 4003.63 MB used,  4080.64 MB free, 8084.27 MB total
[2017.04.25-10.17.27:029][  0]LogMemory: Virtual Memory: 644.18 MB used,  4080.64 MB free, 134217728.00 MB total
[2017.04.25-10.17.27:148][  0]LogTextLocalizationManager: No specific translations for ('en-US') exist, so ('en') translations will be used.
[2017.04.25-10.17.27:866][  0]LogD3D11RHI: D3D11 adapters:
[2017.04.25-10.17.27:931][  0]LogD3D11RHI:    0. 'AMD Radeon HD 7600M Series' (Feature Level 11_0)
[2017.04.25-10.17.27:931][  0]LogD3D11RHI:       1004/0/3840 MB DedicatedVideo/DedicatedSystem/SharedSystem, Outputs:1, VendorId:0x1002
[2017.04.25-10.17.27:934][  0]LogD3D11RHI:    1. 'Intel(R) HD Graphics 4000' (Feature Level 11_0)
[2017.04.25-10.17.27:934][  0]LogD3D11RHI:       32/0/1760 MB DedicatedVideo/DedicatedSystem/SharedSystem, Outputs:0, VendorId:0x8086
[2017.04.25-10.17.27:936][  0]LogD3D11RHI:    2. 'Microsoft Basic Render Driver' (Feature Level 11_0)
[2017.04.25-10.17.27:936][  0]LogD3D11RHI:       0/0/4042 MB DedicatedVideo/DedicatedSystem/SharedSystem, Outputs:0, VendorId:0x1414
[2017.04.25-10.17.27:936][  0]LogD3D11RHI: Chosen D3D11 Adapter: 0
[2017.04.25-10.17.27:945][  0]LogD3D11RHI: Creating new Direct3DDevice
[2017.04.25-10.17.27:945][  0]LogD3D11RHI:     GPU DeviceId: 0x6840 (for the marketing name, search the web for "GPU Device Id")
[2017.04.25-10.17.27:945][  0]LogWindows: EnumDisplayDevices:
[2017.04.25-10.17.27:945][  0]LogWindows:    0. 'Intel(R) HD Graphics 4000' (P:1 D:1)
[2017.04.25-10.17.27:945][  0]LogWindows:    1. 'Intel(R) HD Graphics 4000' (P:0 D:0)
[2017.04.25-10.17.27:946][  0]LogWindows:    2. 'Intel(R) HD Graphics 4000' (P:0 D:0)
[2017.04.25-10.17.27:946][  0]LogWindows: DebugString: PrimaryIsNotTheChoosenAdapter PrimaryIsNotTheChoosenAdapter PrimaryIsNotTheChoosenAdapter FoundDriverCount:0 
[2017.04.25-10.17.27:946][  0]LogD3D11RHI:     Adapter Name: AMD Radeon HD 7600M Series
[2017.04.25-10.17.27:946][  0]LogD3D11RHI:   Driver Version: Unknown (internal:Unknown, unified:Unknown)
[2017.04.25-10.17.27:946][  0]LogD3D11RHI:      Driver Date: Unknown
[2017.04.25-10.17.27:946][  0]LogRHI: Texture pool is 702 MB (70% of 1004 MB)
[2017.04.25-10.17.27:954][  0]LogD3D11RHI: AMD Pre GCN architecture detected, some driver workarounds will be in place
[2017.04.25-10.17.27:962][  0]LogD3D11RHI: Async texture creation enabled
[2017.04.25-10.17.27:974][  0]LogD3D11RHI: GPU Timing Frequency: 27.000000 (Debug: 2 1)
[2017.04.25-10.17.27:975][  0]LogShaderCompilers: Guid format shader working directory is -35 characters bigger than the processId version (../../../../../../Users/Sarah/Documents/Unreal Projects/04_BattleTank/BattleTank/Intermediate/Shaders/WorkingDirectory/61856/).
[2017.04.25-10.17.27:975][  0]LogShaderCompilers: Cleaned the shader compiler working directory 'C:/Users/Sarah/AppData/Local/Temp/UnrealShaderWorkingDir/537CE33A4A3F1DA70D8547AE6EDE1E67/'.
[2017.04.25-10.17.27:975][  0]LogShaderCompilers:Display: Using Local Shader Compiler.
[2017.04.25-10.17.29:357][  0]LogTemp:Display: Loaded TP AllDesktopTargetPlatform
[2017.04.25-10.17.29:434][  0]LogTemp:Display: Loaded TP MacClientTargetPlatform
[2017.04.25-10.17.29:511][  0]LogTemp:Display: Loaded TP MacNoEditorTargetPlatform
[2017.04.25-10.17.29:587][  0]LogTemp:Display: Loaded TP MacServerTargetPlatform
[2017.04.25-10.17.29:664][  0]LogTemp:Display: Loaded TP MacTargetPlatform
[2017.04.25-10.17.29:742][  0]LogTemp:Display: Loaded TP WindowsClientTargetPlatform
[2017.04.25-10.17.29:820][  0]LogTemp:Display: Loaded TP WindowsNoEditorTargetPlatform
[2017.04.25-10.17.29:899][  0]LogTemp:Display: Loaded TP WindowsServerTargetPlatform
[2017.04.25-10.17.29:960][  0]LogTemp:Display: Loaded TP WindowsTargetPlatform
[2017.04.25-10.17.30:034][  0]LogTemp:Display: Loaded TP AndroidTargetPlatform
[2017.04.25-10.17.30:107][  0]LogTemp:Display: Loaded TP Android_ASTCTargetPlatform
[2017.04.25-10.17.30:181][  0]LogTemp:Display: Loaded TP Android_ATCTargetPlatform
[2017.04.25-10.17.30:255][  0]LogTemp:Display: Loaded TP Android_DXTTargetPlatform
[2017.04.25-10.17.30:331][  0]LogTemp:Display: Loaded TP Android_ETC1TargetPlatform
[2017.04.25-10.17.30:407][  0]LogTemp:Display: Loaded TP Android_ETC2TargetPlatform
[2017.04.25-10.17.30:561][  0]LogTemp:Display: Loaded TP Android_MultiTargetPlatform
[2017.04.25-10.17.30:561][  0]LogTemp:Display: Loaded TP Android_PVRTCTargetPlatform
[2017.04.25-10.17.30:614][  0]LogTemp:Display: Loaded TP HTML5TargetPlatform
[2017.04.25-10.17.30:739][  0]LogTemp:Display: Loaded TP IOSTargetPlatform
[2017.04.25-10.17.30:806][  0]LogTemp:Display: Loaded TP TVOSTargetPlatform
[2017.04.25-10.17.30:878][  0]LogTemp:Display: Loaded TP LinuxClientTargetPlatform
[2017.04.25-10.17.30:951][  0]LogTemp:Display: Loaded TP LinuxNoEditorTargetPlatform
[2017.04.25-10.17.31:025][  0]LogTemp:Display: Loaded TP LinuxServerTargetPlatform
[2017.04.25-10.17.31:098][  0]LogTemp:Display: Loaded TP LinuxTargetPlatform
[2017.04.25-10.17.31:098][  0]LogTargetPlatformManager:Display: Building Assets For Windows
[2017.04.25-10.17.31:772][  0]LogDerivedDataCache:Display: Max Cache Size: 512 MB
[2017.04.25-10.17.31:825][  0]LogDerivedDataCache: Loaded boot cache 0.05s 50MB C:/Users/Sarah/AppData/Local/UnrealEngine/4.15/DerivedDataCache/Boot.ddc.
[2017.04.25-10.17.31:825][  0]LogDerivedDataCache:Display: Loaded Boot cache: C:/Users/Sarah/AppData/Local/UnrealEngine/4.15/DerivedDataCache/Boot.ddc
[2017.04.25-10.17.31:826][  0]LogDerivedDataCache: FDerivedDataBackendGraph:  Pak pak cache file ../../../../../../Users/Sarah/Documents/Unreal Projects/04_BattleTank/BattleTank/DerivedDataCache/DDC.ddp not found, will not use a pak cache.
[2017.04.25-10.17.31:826][  0]LogDerivedDataCache: Unable to find inner node Pak for hierarchical cache Hierarchy.
[2017.04.25-10.17.31:826][  0]LogDerivedDataCache: FDerivedDataBackendGraph:  CompressedPak pak cache file ../../../../../../Users/Sarah/Documents/Unreal Projects/04_BattleTank/BattleTank/DerivedDataCache/Compressed.ddp not found, will not use a pak cache.
[2017.04.25-10.17.31:826][  0]LogDerivedDataCache: Unable to find inner node CompressedPak for hierarchical cache Hierarchy.
[2017.04.25-10.17.31:847][  0]LogDerivedDataCache:Display: Pak cache opened for reading ../../../Engine/DerivedDataCache/Compressed.ddp.
[2017.04.25-10.17.31:859][  0]LogDerivedDataCache: Using Local data cache path C:/Users/Sarah/AppData/Local/UnrealEngine/Common/DerivedDataCache: Writable
[2017.04.25-10.17.31:869][  0]LogSlate: Using Freetype 2.6.0
[2017.04.25-10.17.31:869][  0]LogSlate: SlateFontCache - WITH_FREETYPE: 1, WITH_HARFBUZZ: 1
[2017.04.25-10.17.31:869][  0]LogSlate: SlateFontCache - WITH_FREETYPE: 1, WITH_HARFBUZZ: 1
[2017.04.25-10.17.32:277][  0]LogInit: Selected Device Profile: [Windows]
[2017.04.25-10.17.32:281][  0]LogContentStreaming: Texture pool size is 0.00 MB
[2017.04.25-10.17.32:572][  0]LogMeshUtilities: Using QuadricMeshReduction for automatic static mesh reduction
[2017.04.25-10.17.32:631][  0]LogSimplygon: Simplygon DLL not present - disabling.
[2017.04.25-10.17.32:720][  0]LogMeshUtilities: Using SimplygonSwarm for distributed automatic mesh merging
[2017.04.25-10.17.32:720][  0]LogMeshUtilities: No automatic skeletal mesh reduction module available
[2017.04.25-10.17.32:720][  0]LogMeshUtilities: No automatic mesh merging module available
[2017.04.25-10.17.33:434][  0]LogNetVersion: GetLocalNetworkVersion: CL: 3299760, ProjectName: battletank, ProjectVersion: , EngineNetworkVersion: 2, GameNetworkVersion: 0, NetworkChecksum: 2512795372
[2017.04.25-10.17.33:490][  0]LogAssetRegistry: FAssetRegistry took 0.0226 seconds to start up
[2017.04.25-10.17.33:549][  0]LogPackageLocalizationCache: Processed 3 localized package path(s) for 2 prioritized culture(s) in 0.029220 seconds
[2017.04.25-10.17.33:555][  0]LogUObjectArray: 32475 objects as part of root set at end of initial load.
[2017.04.25-10.17.33:555][  0]LogUObjectAllocator: 7073360 out of 0 bytes used by permanent object pool.
[2017.04.25-10.17.33:555][  0]LogUObjectArray: CloseDisregardForGC: 0/0 objects in disregard for GC pool
[2017.04.25-10.17.33:644][  0]LogInit: WinSock: version 1.1 (2.2), MaxSocks=32767, MaxUdp=65467
[2017.04.25-10.17.35:922][  0]LogTcpMessaging: Initializing TcpMessaging bridge
[2017.04.25-10.17.35:999][  0]LogUdpMessaging: Initializing bridge on interface 0.0.0.0:0 to multicast group 230.0.0.1:6666.
[2017.04.25-10.17.36:828][  0]LogMaterial: Uniform references updated for custom material expression Custom.
[2017.04.25-10.17.37:433][  0]SourceControl: Info Source control is disabled
[2017.04.25-10.17.37:467][  0]SourceControl: Info Source control is disabled
[2017.04.25-10.17.37:559][  0]SourceControl: Info Source control is disabled
[2017.04.25-10.17.37:648][  0]SourceControl: Info Source control is disabled
[2017.04.25-10.17.39:889][  0]LogEngine: Initializing Engine...
[2017.04.25-10.17.39:890][  0]LogHMD: Failed to initialize OpenVR with code 110
[2017.04.25-10.17.40:182][  0]LogAIModule: Creating AISystem for world Untitled
[2017.04.25-10.17.40:191][  0]LogInit: XAudio2 using 'Speakers (2- High Definition Audio Device)' : 2 channels at 44.1 kHz using 16 bits per sample (channel mask 0x3)
[2017.04.25-10.17.40:208][  0]LogInit: FAudioDevice initialized.
[2017.04.25-10.17.40:233][  0]LogDerivedDataCache: Saved boot cache 0.03s 50MB C:/Users/Sarah/AppData/Local/UnrealEngine/4.15/DerivedDataCache/Boot.ddc.
[2017.04.25-10.17.40:242][  0]LogInit: Texture streaming: Enabled
[2017.04.25-10.17.40:374][  0]LogEngineSessionManager: EngineSessionManager initialized
[2017.04.25-10.17.40:495][  0]LogInit: Transaction tracking system initialized
[2017.04.25-10.17.40:959][  0]BlueprintLog: New page: Editor Load
[2017.04.25-10.17.42:157][  0]LocalizationService: Info Localization service is disabled
[2017.04.25-10.17.43:356][  0]LogConsoleResponse:Display: 
[2017.04.25-10.17.43:537][  0]LogCook:Display: Max memory allowance for cook 16384mb min free memory 0mb
[2017.04.25-10.17.43:537][  0]LogCook:Display: Mobile HDR setting 1
[2017.04.25-10.17.44:495][  0]LogFileCache: Scanning file cache for directory 'C:/Users/Sarah/Documents/Unreal Projects/04_BattleTank/BattleTank/Content/' took 0.01s
[2017.04.25-10.17.45:293][  0]SourceControl: Info Source control is disabled
[2017.04.25-10.17.45:293][  0]Cmd: MAP LOAD FILE="../../../../../../Users/Sarah/Documents/Unreal Projects/04_BattleTank/BattleTank/Content/Levels/BattleGround.umap" TEMPLATE=0 SHOWPROGRESS=1 FEATURELEVEL=3
[2017.04.25-10.17.45:294][  0]LightingResults: New page: Lighting Build
[2017.04.25-10.17.45:348][  0]MapCheck: New page: Map Check
[2017.04.25-10.17.45:348][  0]LightingResults: New page: Lighting Build
[2017.04.25-10.17.45:800][  0]LogAIModule: Creating AISystem for world BattleGround
[2017.04.25-10.17.45:836][  0]LogEditorServer: Finished looking for orphan Actors (0.000 secs)
[2017.04.25-10.17.45:836][  0]Cmd: MAP CHECKDEP NOCLEARLOG
[2017.04.25-10.17.45:903][  0]MapCheck: Info Map check complete: 0 Error(s), 0 Warning(s), took 66.779ms to complete.
[2017.04.25-10.17.45:903][  0]LogFileHelpers: Loading map 'BattleGround' took 0.610
[2017.04.25-10.17.45:967][  0]LogWindowsTextInputMethodSystem:Display: IME system now deactivated.
[2017.04.25-10.17.46:118][  0]LogCollectionManager: Loaded 1 collections in 0.002166 seconds
[2017.04.25-10.17.46:232][  0]LogFileCache: Scanning file cache for directory 'C:/Users/Sarah/Documents/Unreal Projects/04_BattleTank/BattleTank/Saved/Collections/' took 0.01s
[2017.04.25-10.17.46:232][  0]LogFileCache: Scanning file cache for directory 'C:/Users/Sarah/Documents/Unreal Projects/04_BattleTank/BattleTank/Content/Developers/Sarah/Collections/' took 0.01s
[2017.04.25-10.17.46:232][  0]LogFileCache: Scanning file cache for directory 'C:/Users/Sarah/Documents/Unreal Projects/04_BattleTank/BattleTank/Content/Collections/' took 0.01s
[2017.04.25-10.17.46:232][  0]LogCollectionManager: Rebuilt the GUID cache for 1 collections in 0.000005 seconds
[2017.04.25-10.17.46:232][  0]LogCollectionManager: Rebuilt the hierarchy cache for 1 collections in 0.000000 seconds
[2017.04.25-10.17.46:246][  0]LogContentBrowser: Native class hierarchy populated in 0.0138 seconds. Added 2255 classes and 453 folders.
[2017.04.25-10.17.46:250][  0]LogStats: UGameplayTagsManager::ConstructGameplayTagTree: Construct from data asset -  0.000 s
[2017.04.25-10.17.46:250][  0]LogStats: UGameplayTagsManager::ConstructGameplayTagTree: GameplayTagTreeChangedEvent.Broadcast -  0.000 s
[2017.04.25-10.17.46:338][  0]LogContentBrowser: Native class hierarchy updated for 'WidgetCarousel' in 0.0034 seconds. Added 0 classes and 0 folders.
[2017.04.25-10.17.46:391][  0]LogContentBrowser: Native class hierarchy updated for 'AddContentDialog' in 0.0036 seconds. Added 0 classes and 0 folders.
[2017.04.25-10.17.46:455][  0]LogContentBrowser: Native class hierarchy updated for 'SceneOutliner' in 0.0036 seconds. Added 1 classes and 2 folders.
[2017.04.25-10.17.46:518][  0]LogCrashTracker: Crashtracker disabled due to settings.
[2017.04.25-10.17.46:525][  0]LogUObjectGlobals:Warning: Failed to find object 'Class None.'
[2017.04.25-10.17.46:608][  0]LogContentBrowser: Native class hierarchy updated for 'HierarchicalLODOutliner' in 0.0036 seconds. Added 1 classes and 2 folders.
[2017.04.25-10.17.46:609][  0]LogLoad: (Engine Initialization) Total time: 23.88 seconds
[2017.04.25-10.17.46:609][  0]LogLoad: (Engine Initialization) Total Blueprint compile time: 0.16 seconds
[2017.04.25-10.17.46:609][  0]LogExternalProfiler: No external profilers were discovered.  External profiling features will not be available.
[2017.04.25-10.17.46:618][  0]LogOcInput: OculusInput pre-init called
[2017.04.25-10.17.46:641][  0]LogContentStreaming: Texture pool size now 600 MB
[2017.04.25-10.17.46:642][  0]LogSlate: Took 0.000266 seconds to synchronously load lazily loaded font '../../../Engine/Content/Slate/Fonts/Roboto-Regular.ttf' (155K)
[2017.04.25-10.17.46:646][  0]LogSlate: Took 0.000268 seconds to synchronously load lazily loaded font '../../../Engine/Content/Slate/Fonts/Roboto-Bold.ttf' (160K)
[2017.04.25-10.17.46:654][  0]LogSlate: Took 0.000275 seconds to synchronously load lazily loaded font '../../../Engine/Content/Editor/Slate/Fonts/FontAwesome.ttf' (139K)
[2017.04.25-10.17.46:654][  0]LogSlate: Took 0.000131 seconds to synchronously load lazily loaded font '../../../Engine/Content/Editor/Slate/Fonts/DroidSansMono.ttf' (77K)
[2017.04.25-10.17.46:877][  0]LogRenderer: Reallocating scene render targets to support 1028x592 NumSamples 1 (Frame:2).
[2017.04.25-10.17.47:095][  1]LogAssetRegistry: Asset discovery search completed in 13.6274 seconds
[2017.04.25-10.17.47:095][  1]LogCollectionManager: Rebuilt the object cache for 1 collections in 0.000007 seconds (found 0 objects)
[2017.04.25-10.17.47:095][  1]LogCollectionManager: Fixed up redirectors for 1 collections in 0.000199 seconds (updated 0 objects)
[2017.04.25-10.17.51:923][158]Recompiling BattleTank...
[2017.04.25-10.17.51:923][158]Launching UnrealBuildTool... [C:/Program Files/Epic Games/UE_4.15/Engine/Binaries/DotNET/UnrealBuildTool.exe BattleTank -ModuleWithSuffix BattleTank 6413 Win64 Development -editorrecompile -canskiplink "C:/Users/Sarah/Documents/Unreal Projects/04_BattleTank/BattleTank/BattleTank.uproject" ]
[2017.04.25-10.17.51:925][158]Warning: Starting HotReload took  0.0s.
[2017.04.25-10.17.55:951][349]CompilerResultsLog: New page: Compilation - Apr 25, 2017, 12:17:55 PM
[2017.04.25-10.17.55:951][349]CompilerResultsLog: Info Compiling game modules for hot reload
[2017.04.25-10.17.55:952][349]CompilerResultsLog: Info Performing 3 actions (4 in parallel)
[2017.04.25-10.17.55:952][349]CompilerResultsLog: Info TankMovementComponent.cpp
[2017.04.25-10.17.55:952][349]CompilerResultsLog:Error: Error C:\Users\Sarah\Documents\Unreal Projects\04_BattleTank\BattleTank\Source\BattleTank\Private\TankMovementComponent.cpp(9) : warning C4458: declaration of 'Throw' hides class member
[2017.04.25-10.17.55:953][349]CompilerResultsLog:Error: Error C:\Users\Sarah\Documents\Unreal Projects\04_BattleTank\BattleTank\Source\BattleTank\Public\TankMovementComponent.h(21) : note: see declaration of 'UTankMovementComponent::Throw'
[2017.04.25-10.17.55:953][349]CompilerResultsLog: Info [2/3] Link UE4Editor-BattleTank-6413.dll
[2017.04.25-10.17.55:954][349]CompilerResultsLog: Info [3/3] Link UE4Editor-BattleTank-6413.lib
[2017.04.25-10.17.55:954][349]CompilerResultsLog: Info    Creating library C:\Users\Sarah\Documents\Unreal Projects\04_BattleTank\BattleTank\Intermediate\Build\Win64\UE4Editor\Development\UE4Editor-BattleTank-6413.lib and object C:\Users\Sarah\Documents\Unreal Projects\04_BattleTank\BattleTank\Intermediate\Build\Win64\UE4Editor\Development\UE4Editor-BattleTank-6413.exp
[2017.04.25-10.17.55:955][349]CompilerResultsLog: Info    Creating library C:\Users\Sarah\Documents\Unreal Projects\04_BattleTank\BattleTank\Intermediate\Build\Win64\UE4Editor\Development\UE4Editor-BattleTank-6413.suppressed.lib and object C:\Users\Sarah\Documents\Unreal Projects\04_BattleTank\BattleTank\Intermediate\Build\Win64\UE4Editor\Development\UE4Editor-BattleTank-6413.suppressed.exp
[2017.04.25-10.17.55:956][349]CompilerResultsLog: Info Total build time: 3.53 seconds (Local executor: 2.57 seconds)
[2017.04.25-10.17.55:956][349]LogMainFrame: MainFrame: Module compiling took 4.039 seconds
[2017.04.25-10.17.56:078][349]LogContentBrowser: Native class hierarchy updated for 'BattleTank' in 0.0037 seconds. Added 11 classes and 3 folders.
[2017.04.25-10.17.56:079][349]Display: HotReload successful (6 functions remapped  0 scriptstructs remapped)
[2017.04.25-10.17.56:149][349]LogContentBrowser: Native class hierarchy populated in 0.0142 seconds. Added 2257 classes and 457 folders.
[2017.04.25-10.17.56:150][349]Display: HotReload took  4.2s.
[2017.04.25-10.18.05:113][653]Recompiling BattleTank...
[2017.04.25-10.18.05:113][653]Launching UnrealBuildTool... [C:/Program Files/Epic Games/UE_4.15/Engine/Binaries/DotNET/UnrealBuildTool.exe BattleTank -ModuleWithSuffix BattleTank 3347 Win64 Development -editorrecompile -canskiplink "C:/Users/Sarah/Documents/Unreal Projects/04_BattleTank/BattleTank/BattleTank.uproject" ]
[2017.04.25-10.18.05:117][653]Warning: Starting HotReload took  0.0s.
[2017.04.25-10.18.06:407][770]CompilerResultsLog: New page: Compilation - Apr 25, 2017, 12:18:06 PM
[2017.04.25-10.18.06:407][770]CompilerResultsLog: Info Compiling game modules for hot reload
[2017.04.25-10.18.06:407][770]CompilerResultsLog: Info Target is up to date
[2017.04.25-10.18.06:407][770]CompilerResultsLog: Info Total build time: 0.96 seconds (NoActionsToExecute executor: 0.00 seconds)
[2017.04.25-10.18.06:407][770]LogMainFrame: MainFrame: Module compiling took 1.300 seconds
[2017.04.25-10.18.06:455][770]LogContentBrowser: Native class hierarchy populated in 0.0139 seconds. Added 2257 classes and 457 folders.
[2017.04.25-10.18.06:455][770]Display: HotReload took  1.4s.
[2017.04.25-10.18.08:861][836]LogSlate: Took 0.000256 seconds to synchronously load lazily loaded font '../../../Engine/Content/Slate/Fonts/Roboto-Light.ttf' (159K)
[2017.04.25-10.18.12:324][909]LogSlate: Took 0.000478 seconds to synchronously load lazily loaded font '../../../Engine/Content/Slate/Fonts/Roboto-Light.ttf' (159K)
[2017.04.25-10.18.12:893][909]LogSlate: Took 0.000173 seconds to synchronously load lazily loaded font '../../../Engine/Content/Slate/Fonts/Roboto-Regular.ttf' (155K)
[2017.04.25-10.18.13:071][909]LogContentBrowser: Native class hierarchy updated for 'BlueprintGraph' in 0.0040 seconds. Added 112 classes and 0 folders.
[2017.04.25-10.18.14:071][909]LogSlate: Took 0.000246 seconds to synchronously load lazily loaded font '../../../Engine/Content/Editor/Slate/Fonts/Roboto-BoldCondensed.ttf' (158K)
[2017.04.25-10.18.14:216][910]LogSlate: Took 0.000283 seconds to synchronously load lazily loaded font '../../../Engine/Content/Editor/Slate/Fonts/Roboto-Italic.ttf' (157K)
[2017.04.25-10.18.34:336][539]LogTemp: Repeting last play command: Selected Viewport
[2017.04.25-10.18.34:365][539]LogBlueprintUserMessages: Early PlayInEditor Detection: Level '/Game/Levels/BattleGround.BattleGround:PersistentLevel' has LevelScriptBlueprint '/Game/Levels/BattleGround.BattleGround:PersistentLevel.BattleGround' with GeneratedClass '/Game/Levels/BattleGround.BattleGround_C' with ClassGeneratedBy '/Game/Levels/BattleGround.BattleGround:PersistentLevel.BattleGround'
[2017.04.25-10.18.34:365][539]LogPlayLevel: PlayLevel: No blueprints needed recompiling
[2017.04.25-10.18.34:366][539]PIE: New page: PIE session: BattleGround (Apr 25, 2017, 12:18:34 PM)
[2017.04.25-10.18.34:366][539]LogPlayLevel: Creating play world package: /Game/Levels/UEDPIE_0_BattleGround
[2017.04.25-10.18.34:381][539]LogPlayLevel: PIE: StaticDuplicateObject took: (0.014733s)
[2017.04.25-10.18.34:382][539]LogAIModule: Creating AISystem for world BattleGround
[2017.04.25-10.18.34:382][539]LogPlayLevel: PIE: World Init took: (0.000854s)
[2017.04.25-10.18.34:382][539]LogPlayLevel: PIE: Created PIE world by copying editor world from /Game/Levels/BattleGround.BattleGround to /Game/Levels/UEDPIE_0_BattleGround.BattleGround (0.016199s)
[2017.04.25-10.18.34:410][539]LogInit: XAudio2 using 'Speakers (2- High Definition Audio Device)' : 2 channels at 44.1 kHz using 16 bits per sample (channel mask 0x3)
[2017.04.25-10.18.34:418][539]LogInit: FAudioDevice initialized.
[2017.04.25-10.18.34:466][539]LogLoad: Game class is 'BattleTankGameMode_BP_C'
[2017.04.25-10.18.34:478][539]LogWorld: Bringing World /Game/Levels/UEDPIE_0_BattleGround.BattleGround up for play (max tick rate 0) at 2017.04.25-11.18.34
[2017.04.25-10.18.34:480][539]LogWorld: Bringing up level for play took: 0.011924
[2017.04.25-10.18.34:548][539]LogContentBrowser: Native class hierarchy updated for 'MovieSceneCapture' in 0.0036 seconds. Added 11 classes and 0 folders.
[2017.04.25-10.18.34:551][539]LogTemp:Warning: Tank_BP_C_0 has possessed by Player
[2017.04.25-10.18.34:551][539]PIE: Info Play in editor start time for /Game/Levels/UEDPIE_0_BattleGround 0.133
[2017.04.25-10.18.34:552][539]LogBlueprintUserMessages: Late PlayInEditor Detection: Level '/Game/Levels/BattleGround.BattleGround:PersistentLevel' has LevelScriptBlueprint '/Game/Levels/BattleGround.BattleGround:PersistentLevel.BattleGround' with GeneratedClass '/Game/Levels/BattleGround.BattleGround_C' with ClassGeneratedBy '/Game/Levels/BattleGround.BattleGround:PersistentLevel.BattleGround'
[2017.04.25-10.18.34:552][539]LogTemp:Warning: TankMovement: Intend move forwards 0.000000
[2017.04.25-10.18.35:189][539]LogCrashTracker: 


[2017.04.25-10.18.35:189][539]LogCrashTracker: 


[2017.04.25-10.18.35:189][539]LogWindows:Error: === Critical error: ===
[2017.04.25-10.18.35:189][539]LogWindows:Error: 
[2017.04.25-10.18.35:189][539]LogWindows:Error: Fatal error!
[2017.04.25-10.18.35:189][539]LogWindows:Error: 
[2017.04.25-10.18.35:189][539]LogWindows:Error: Unhandled Exception: EXCEPTION_ACCESS_VIOLATION reading address 0x00000018
[2017.04.25-10.18.35:189][539]LogWindows:Error: 
[2017.04.25-10.18.35:189][539]LogWindows:Error: UE4Editor-CoreUObject.dll!0x00000000A8E2A356
[2017.04.25-10.18.35:189][539]LogWindows:Error: UE4Editor-BattleTank-6413.dll!UTankTrack::SetThrottle() [c:\users\sarah\documents\unreal projects\04_battletank\battletank\source\battletank\private\tanktrack.cpp:11]
[2017.04.25-10.18.35:190][539]LogWindows:Error: UE4Editor-BattleTank-6413.dll!UTankMovementComponent::IntendMoveForward() [c:\users\sarah\documents\unreal projects\04_battletank\battletank\source\battletank\private\tankmovementcomponent.cpp:15]
[2017.04.25-10.18.35:190][539]LogWindows:Error: UE4Editor-BattleTank-6413.dll!UTankMovementComponent::execIntendMoveForward() [c:\users\sarah\documents\unreal projects\04_battletank\battletank\source\battletank\public\tankmovementcomponent.h:16]
[2017.04.25-10.18.35:190][539]LogWindows:Error: UE4Editor-CoreUObject.dll!0x00000000A8F14C1A
[2017.04.25-10.18.35:190][539]LogWindows:Error: UE4Editor-CoreUObject.dll!0x00000000A9047A1E
[2017.04.25-10.18.35:190][539]LogWindows:Error: UE4Editor-CoreUObject.dll!0x00000000A9069A71
[2017.04.25-10.18.35:190][539]LogWindows:Error: UE4Editor-CoreUObject.dll!0x00000000A906BC72
[2017.04.25-10.18.35:190][539]LogWindows:Error: UE4Editor-CoreUObject.dll!0x00000000A904842E
[2017.04.25-10.18.35:191][539]LogWindows:Error: UE4Editor-CoreUObject.dll!0x00000000A9091BC3
[2017.04.25-10.18.35:191][539]LogWindows:Error: UE4Editor-CoreUObject.dll!0x00000000A906BC72
[2017.04.25-10.18.35:191][539]LogWindows:Error: UE4Editor-CoreUObject.dll!0x00000000A8F14C1A
[2017.04.25-10.18.35:191][539]LogWindows:Error: UE4Editor-CoreUObject.dll!0x00000000A906AFEB
[2017.04.25-10.18.35:191][539]LogWindows:Error: UE4Editor-Engine.dll!0x00000000A2FA3922
[2017.04.25-10.18.35:191][539]LogWindows:Error: UE4Editor-Engine.dll!0x00000000A402F45A
[2017.04.25-10.18.35:191][539]LogWindows:Error: UE4Editor-Engine.dll!0x00000000A406251A
[2017.04.25-10.18.35:191][539]LogWindows:Error: UE4Editor-Engine.dll!0x00000000A3BF02DC
[2017.04.25-10.18.35:191][539]LogWindows:Error: UE4Editor-Engine.dll!0x00000000A3C03F15
[2017.04.25-10.18.35:191][539]LogWindows:Error: UE4Editor-Engine.dll!0x00000000A3BED6BB
[2017.04.25-10.18.35:192][539]LogWindows:Error: UE4Editor-Engine.dll!0x00000000A3C030CA
[2017.04.25-10.18.35:192][539]LogWindows:Error: UE4Editor-Engine.dll!0x00000000A2F7AA2E
[2017.04.25-10.18.35:192][539]LogWindows:Error: UE4Editor-Engine.dll!0x00000000A3EFF62D
[2017.04.25-10.18.35:192][539]LogWindows:Error: UE4Editor-Engine.dll!0x00000000A3F052FD
[2017.04.25-10.18.35:192][539]LogWindows:Error: UE4Editor-Core.dll!0x00000000A856D83D
[2017.04.25-10.18.35:192][539]LogWindows:Error: UE4Editor-Core.dll!0x00000000A856DC5D
[2017.04.25-10.18.35:192][539]LogWindows:Error: UE4Editor-Core.dll!0x00000000A858CCDB
[2017.04.25-10.18.35:192][539]LogWindows:Error: UE4Editor-Engine.dll!0x00000000A3F29051
[2017.04.25-10.18.35:192][539]LogWindows:Error: UE4Editor-Engine.dll!0x00000000A3F398D2
[2017.04.25-10.18.35:192][539]LogWindows:Error: UE4Editor-Engine.dll!0x00000000A3867B44
[2017.04.25-10.18.35:192][539]LogWindows:Error: UE4Editor-Engine.dll!0x00000000A386FC6B
[2017.04.25-10.18.35:192][539]LogWindows:Error: UE4Editor-UnrealEd.dll!0x00000000A0896D8E
[2017.04.25-10.18.35:193][539]LogWindows:Error: UE4Editor-UnrealEd.dll!0x00000000A10A1AD6
[2017.04.25-10.18.35:193][539]LogWindows:Error: UE4Editor.exe!0x000000007BCBDEE3
[2017.04.25-10.18.35:193][539]LogWindows:Error: UE4Editor.exe!0x000000007BCAEB40
[2017.04.25-10.18.35:193][539]LogWindows:Error: UE4Editor.exe!0x000000007BCAEBBA
[2017.04.25-10.18.35:193][539]LogWindows:Error: UE4Editor.exe!0x000000007BCC0A29
[2017.04.25-10.18.35:193][539]LogWindows:Error: UE4Editor.exe!0x000000007BCC22B6
[2017.04.25-10.18.35:193][539]LogWindows:Error: KERNEL32.DLL!0x00000000E12A8364
[2017.04.25-10.18.35:193][539]LogWindows:Error: ntdll.dll!0x00000000E18470D1
[2017.04.25-10.18.35:193][539]LogWindows:Error: ntdll.dll!0x00000000E18470D1
[2017.04.25-10.18.35:193][539]LogWindows:Error: 
[2017.04.25-10.18.35:233][539]LogExit: Executing StaticShutdownAfterError
[2017.04.25-10.18.35:236][539]LogWindows: FPlatformMisc::RequestExit(1)
[2017.04.25-10.18.35:236][539]Log file closed, 04/25/17 11:18:35
