Log file open, 04/26/17 16:33:34
LogInit:Display: Running engine for game: BattleTank
LogPlatformFile: Not using cached read wrapper
LogInit:Display: RandInit(874906934) SRandInit(874906934).
LogTaskGraph: Started task graph with 5 named threads and 8 total threads with 1 sets of task threads.
LogStats: Stats thread started at 0.087677
LogInit: Using libcurl 7.47.1
LogInit:  - built for x86_64-pc-win32
LogInit:  - supports SSL with OpenSSL/1.0.2g
LogInit:  - supports HTTP deflate (compression) using libz 1.2.8
LogInit:  - other features:
LogInit:      CURL_VERSION_SSL
LogInit:      CURL_VERSION_LIBZ
LogInit:      CURL_VERSION_IPV6
LogInit:      CURL_VERSION_ASYNCHDNS
LogInit:      CURL_VERSION_LARGEFILE
LogInit:      CURL_VERSION_IDN
LogInit:  CurlRequestOptions (configurable via config and command line):
LogInit:  - bVerifyPeer = false  - Libcurl will NOT verify peer certificate
LogInit:  - bUseHttpProxy = false  - Libcurl will NOT use HTTP proxy
LogInit:  - bDontReuseConnections = false  - Libcurl will reuse connections
LogInit:  - CertBundlePath = nullptr  - Libcurl will use whatever was configured at build time.
LogInit: Build: ++UE4+Release-4.15-CL-3299760
LogInit: Engine Version: 4.15.0-3299760+++UE4+Release-4.15
LogInit: Compatible Engine Version: 4.15.0-3299760+++UE4+Release-4.15
LogInit: Net CL: 3299760
LogDevObjectVersion: Number of dev versions registered: 14
LogDevObjectVersion:   Dev-Blueprints (B0D832E4-1F89-4F0D-ACCF-7EB736FD4AA2): 8
LogDevObjectVersion:   Dev-Build (E1C64328-A22C-4D53-A36C-8E866417BD8C): 0
LogDevObjectVersion:   Dev-Core (375EC13C-06E4-48FB-B500-84F0262A717E): 2
LogDevObjectVersion:   Dev-Editor (E4B068ED-F494-42E9-A231-DA0B2E46BB41): 14
LogDevObjectVersion:   Dev-Framework (CFFC743F-43B0-4480-9391-14DF171D2073): 22
LogDevObjectVersion:   Dev-Mobile (B02B49B5-BB20-44E9-A304-32B752E40360): 0
LogDevObjectVersion:   Dev-Networking (A4E4105C-59A1-49B5-A7C5-40C4547EDFEE): 0
LogDevObjectVersion:   Dev-Online (39C831C9-5AE6-47DC-9A44-9C173E1C8E7C): 0
LogDevObjectVersion:   Dev-Physics (78F01B33-EBEA-4F98-B9B4-84EACCB95AA2): 0
LogDevObjectVersion:   Dev-Platform (6631380F-2D4D-43E0-8009-CF276956A95A): 0
LogDevObjectVersion:   Dev-Rendering (12F88B9F-8875-4AFC-A67C-D90C383ABD29): 12
LogDevObjectVersion:   Dev-Sequencer (7B5AE74C-D270-4C10-A958-57980B212A5A): 3
LogDevObjectVersion:   Dev-VR (D7296918-1DD6-4BDD-9DE2-64A83CC13884): 0
LogDevObjectVersion:   Dev-LoadTimes (C2A15278-BFE7-4AFE-6C17-90FF531DF755): 1
LogInit: Compiled (64-bit): Feb 14 2017 02:04:14
LogInit: Compiled with Visual C++: 19.00.23026.00
LogInit: Build Configuration: Development
LogInit: Branch Name: ++UE4+Release-4.15
LogInit: Command line: -EpicPortal 
LogInit: Base directory: C:/Program Files/Epic Games/UE_4.15/Engine/Binaries/Win64/
LogInit: Installed Engine Build: 1
LogInit: Presizing for max 8388607 objects, including 0 objects not considered by GC, pre-allocating 0 bytes for permanent pool.
LogInit: Object subsystem initialized
[2017.04.26-15.33.35:477][  0]LogInit: Selected Device Profile: [Windows]
[2017.04.26-15.33.35:477][  0]LogInit: Applying CVar settings loaded from the selected device profile: [Windows]
[2017.04.26-15.33.35:493][  0]LogInit: Computer: DESKTOP-0PEK566
[2017.04.26-15.33.35:493][  0]LogInit: User: Sarah
[2017.04.26-15.33.35:493][  0]LogInit: CPU Page size=65536, Cores=4
[2017.04.26-15.33.35:493][  0]LogInit: High frequency timer resolution =2.143576 MHz
[2017.04.26-15.33.35:493][  0]LogMemory: Memory total: Physical=7.9GB (8GB approx)
[2017.04.26-15.33.35:493][  0]LogMemory: Platform Memory Stats for Windows
[2017.04.26-15.33.35:493][  0]LogMemory: Process Physical Memory: 263.88 MB used, 263.88 MB peak
[2017.04.26-15.33.35:493][  0]LogMemory: Process Virtual Memory: 262.59 MB used, 262.59 MB peak
[2017.04.26-15.33.35:493][  0]LogMemory: Physical Memory: 3594.98 MB used,  4489.29 MB free, 8084.27 MB total
[2017.04.26-15.33.35:493][  0]LogMemory: Virtual Memory: 644.18 MB used,  4489.29 MB free, 134217728.00 MB total
[2017.04.26-15.33.35:599][  0]LogTextLocalizationManager: No specific translations for ('en-US') exist, so ('en') translations will be used.
[2017.04.26-15.33.36:370][  0]LogD3D11RHI: D3D11 adapters:
[2017.04.26-15.33.36:431][  0]LogD3D11RHI:    0. 'AMD Radeon HD 7600M Series' (Feature Level 11_0)
[2017.04.26-15.33.36:431][  0]LogD3D11RHI:       1004/0/3840 MB DedicatedVideo/DedicatedSystem/SharedSystem, Outputs:1, VendorId:0x1002
[2017.04.26-15.33.36:435][  0]LogD3D11RHI:    1. 'Intel(R) HD Graphics 4000' (Feature Level 11_0)
[2017.04.26-15.33.36:435][  0]LogD3D11RHI:       32/0/1760 MB DedicatedVideo/DedicatedSystem/SharedSystem, Outputs:0, VendorId:0x8086
[2017.04.26-15.33.36:436][  0]LogD3D11RHI:    2. 'Microsoft Basic Render Driver' (Feature Level 11_0)
[2017.04.26-15.33.36:436][  0]LogD3D11RHI:       0/0/4042 MB DedicatedVideo/DedicatedSystem/SharedSystem, Outputs:0, VendorId:0x1414
[2017.04.26-15.33.36:436][  0]LogD3D11RHI: Chosen D3D11 Adapter: 0
[2017.04.26-15.33.36:450][  0]LogD3D11RHI: Creating new Direct3DDevice
[2017.04.26-15.33.36:450][  0]LogD3D11RHI:     GPU DeviceId: 0x6840 (for the marketing name, search the web for "GPU Device Id")
[2017.04.26-15.33.36:450][  0]LogWindows: EnumDisplayDevices:
[2017.04.26-15.33.36:450][  0]LogWindows:    0. 'Intel(R) HD Graphics 4000' (P:1 D:1)
[2017.04.26-15.33.36:450][  0]LogWindows:    1. 'Intel(R) HD Graphics 4000' (P:0 D:0)
[2017.04.26-15.33.36:450][  0]LogWindows:    2. 'Intel(R) HD Graphics 4000' (P:0 D:0)
[2017.04.26-15.33.36:450][  0]LogWindows: DebugString: PrimaryIsNotTheChoosenAdapter PrimaryIsNotTheChoosenAdapter PrimaryIsNotTheChoosenAdapter FoundDriverCount:0 
[2017.04.26-15.33.36:450][  0]LogD3D11RHI:     Adapter Name: AMD Radeon HD 7600M Series
[2017.04.26-15.33.36:450][  0]LogD3D11RHI:   Driver Version: Unknown (internal:Unknown, unified:Unknown)
[2017.04.26-15.33.36:450][  0]LogD3D11RHI:      Driver Date: Unknown
[2017.04.26-15.33.36:450][  0]LogRHI: Texture pool is 702 MB (70% of 1004 MB)
[2017.04.26-15.33.36:459][  0]LogD3D11RHI: AMD Pre GCN architecture detected, some driver workarounds will be in place
[2017.04.26-15.33.36:466][  0]LogD3D11RHI: Async texture creation enabled
[2017.04.26-15.33.36:479][  0]LogD3D11RHI: GPU Timing Frequency: 27.000000 (Debug: 2 1)
[2017.04.26-15.33.36:480][  0]LogShaderCompilers: Guid format shader working directory is -35 characters bigger than the processId version (../../../../../../Users/Sarah/Documents/Unreal Projects/04_BattleTank/BattleTank/Intermediate/Shaders/WorkingDirectory/90908/).
[2017.04.26-15.33.36:481][  0]LogShaderCompilers: Cleaned the shader compiler working directory 'C:/Users/Sarah/AppData/Local/Temp/UnrealShaderWorkingDir/502A82624C826BE03E382B924543054E/'.
[2017.04.26-15.33.36:481][  0]LogShaderCompilers:Display: Using Local Shader Compiler.
[2017.04.26-15.33.37:872][  0]LogTemp:Display: Loaded TP AllDesktopTargetPlatform
[2017.04.26-15.33.37:952][  0]LogTemp:Display: Loaded TP MacClientTargetPlatform
[2017.04.26-15.33.38:042][  0]LogTemp:Display: Loaded TP MacNoEditorTargetPlatform
[2017.04.26-15.33.38:121][  0]LogTemp:Display: Loaded TP MacServerTargetPlatform
[2017.04.26-15.33.38:218][  0]LogTemp:Display: Loaded TP MacTargetPlatform
[2017.04.26-15.33.38:300][  0]LogTemp:Display: Loaded TP WindowsClientTargetPlatform
[2017.04.26-15.33.38:377][  0]LogTemp:Display: Loaded TP WindowsNoEditorTargetPlatform
[2017.04.26-15.33.38:453][  0]LogTemp:Display: Loaded TP WindowsServerTargetPlatform
[2017.04.26-15.33.38:518][  0]LogTemp:Display: Loaded TP WindowsTargetPlatform
[2017.04.26-15.33.38:594][  0]LogTemp:Display: Loaded TP AndroidTargetPlatform
[2017.04.26-15.33.38:671][  0]LogTemp:Display: Loaded TP Android_ASTCTargetPlatform
[2017.04.26-15.33.38:748][  0]LogTemp:Display: Loaded TP Android_ATCTargetPlatform
[2017.04.26-15.33.38:827][  0]LogTemp:Display: Loaded TP Android_DXTTargetPlatform
[2017.04.26-15.33.38:907][  0]LogTemp:Display: Loaded TP Android_ETC1TargetPlatform
[2017.04.26-15.33.38:984][  0]LogTemp:Display: Loaded TP Android_ETC2TargetPlatform
[2017.04.26-15.33.39:141][  0]LogTemp:Display: Loaded TP Android_MultiTargetPlatform
[2017.04.26-15.33.39:141][  0]LogTemp:Display: Loaded TP Android_PVRTCTargetPlatform
[2017.04.26-15.33.39:196][  0]LogTemp:Display: Loaded TP HTML5TargetPlatform
[2017.04.26-15.33.39:329][  0]LogTemp:Display: Loaded TP IOSTargetPlatform
[2017.04.26-15.33.39:399][  0]LogTemp:Display: Loaded TP TVOSTargetPlatform
[2017.04.26-15.33.39:479][  0]LogTemp:Display: Loaded TP LinuxClientTargetPlatform
[2017.04.26-15.33.39:554][  0]LogTemp:Display: Loaded TP LinuxNoEditorTargetPlatform
[2017.04.26-15.33.39:630][  0]LogTemp:Display: Loaded TP LinuxServerTargetPlatform
[2017.04.26-15.33.39:706][  0]LogTemp:Display: Loaded TP LinuxTargetPlatform
[2017.04.26-15.33.39:706][  0]LogTargetPlatformManager:Display: Building Assets For Windows
[2017.04.26-15.33.40:387][  0]LogDerivedDataCache:Display: Max Cache Size: 512 MB
[2017.04.26-15.33.40:441][  0]LogDerivedDataCache: Loaded boot cache 0.05s 50MB C:/Users/Sarah/AppData/Local/UnrealEngine/4.15/DerivedDataCache/Boot.ddc.
[2017.04.26-15.33.40:441][  0]LogDerivedDataCache:Display: Loaded Boot cache: C:/Users/Sarah/AppData/Local/UnrealEngine/4.15/DerivedDataCache/Boot.ddc
[2017.04.26-15.33.40:441][  0]LogDerivedDataCache: FDerivedDataBackendGraph:  Pak pak cache file ../../../../../../Users/Sarah/Documents/Unreal Projects/04_BattleTank/BattleTank/DerivedDataCache/DDC.ddp not found, will not use a pak cache.
[2017.04.26-15.33.40:441][  0]LogDerivedDataCache: Unable to find inner node Pak for hierarchical cache Hierarchy.
[2017.04.26-15.33.40:441][  0]LogDerivedDataCache: FDerivedDataBackendGraph:  CompressedPak pak cache file ../../../../../../Users/Sarah/Documents/Unreal Projects/04_BattleTank/BattleTank/DerivedDataCache/Compressed.ddp not found, will not use a pak cache.
[2017.04.26-15.33.40:441][  0]LogDerivedDataCache: Unable to find inner node CompressedPak for hierarchical cache Hierarchy.
[2017.04.26-15.33.40:463][  0]LogDerivedDataCache:Display: Pak cache opened for reading ../../../Engine/DerivedDataCache/Compressed.ddp.
[2017.04.26-15.33.40:474][  0]LogDerivedDataCache: Using Local data cache path C:/Users/Sarah/AppData/Local/UnrealEngine/Common/DerivedDataCache: Writable
[2017.04.26-15.33.40:484][  0]LogSlate: Using Freetype 2.6.0
[2017.04.26-15.33.40:485][  0]LogSlate: SlateFontCache - WITH_FREETYPE: 1, WITH_HARFBUZZ: 1
[2017.04.26-15.33.40:485][  0]LogSlate: SlateFontCache - WITH_FREETYPE: 1, WITH_HARFBUZZ: 1
[2017.04.26-15.33.40:862][  0]LogInit: Selected Device Profile: [Windows]
[2017.04.26-15.33.40:865][  0]LogContentStreaming: Texture pool size is 0.00 MB
[2017.04.26-15.33.41:155][  0]LogMeshUtilities: Using QuadricMeshReduction for automatic static mesh reduction
[2017.04.26-15.33.41:216][  0]LogSimplygon: Simplygon DLL not present - disabling.
[2017.04.26-15.33.41:299][  0]LogMeshUtilities: Using SimplygonSwarm for distributed automatic mesh merging
[2017.04.26-15.33.41:299][  0]LogMeshUtilities: No automatic skeletal mesh reduction module available
[2017.04.26-15.33.41:299][  0]LogMeshUtilities: No automatic mesh merging module available
[2017.04.26-15.33.42:055][  0]LogNetVersion: GetLocalNetworkVersion: CL: 3299760, ProjectName: battletank, ProjectVersion: , EngineNetworkVersion: 2, GameNetworkVersion: 0, NetworkChecksum: 2512795372
[2017.04.26-15.33.42:111][  0]LogAssetRegistry: FAssetRegistry took 0.0219 seconds to start up
[2017.04.26-15.33.42:180][  0]LogPackageLocalizationCache: Processed 3 localized package path(s) for 2 prioritized culture(s) in 0.035492 seconds
[2017.04.26-15.33.42:186][  0]LogUObjectArray: 32475 objects as part of root set at end of initial load.
[2017.04.26-15.33.42:186][  0]LogUObjectAllocator: 7073360 out of 0 bytes used by permanent object pool.
[2017.04.26-15.33.42:186][  0]LogUObjectArray: CloseDisregardForGC: 0/0 objects in disregard for GC pool
[2017.04.26-15.33.42:281][  0]LogInit: WinSock: version 1.1 (2.2), MaxSocks=32767, MaxUdp=65467
[2017.04.26-15.33.44:569][  0]LogTcpMessaging: Initializing TcpMessaging bridge
[2017.04.26-15.33.44:640][  0]LogUdpMessaging: Initializing bridge on interface 0.0.0.0:0 to multicast group 230.0.0.1:6666.
[2017.04.26-15.33.45:440][  0]LogMaterial: Uniform references updated for custom material expression Custom.
[2017.04.26-15.33.46:033][  0]SourceControl: Info Source control is disabled
[2017.04.26-15.33.46:067][  0]SourceControl: Info Source control is disabled
[2017.04.26-15.33.46:149][  0]SourceControl: Info Source control is disabled
[2017.04.26-15.33.46:230][  0]SourceControl: Info Source control is disabled
[2017.04.26-15.33.48:521][  0]LogEngine: Initializing Engine...
[2017.04.26-15.33.48:522][  0]LogHMD: Failed to initialize OpenVR with code 110
[2017.04.26-15.33.48:838][  0]LogAIModule: Creating AISystem for world Untitled
[2017.04.26-15.33.48:848][  0]LogInit: XAudio2 using 'Speakers (2- High Definition Audio Device)' : 2 channels at 44.1 kHz using 16 bits per sample (channel mask 0x3)
[2017.04.26-15.33.48:866][  0]LogInit: FAudioDevice initialized.
[2017.04.26-15.33.48:896][  0]LogDerivedDataCache: Saved boot cache 0.03s 50MB C:/Users/Sarah/AppData/Local/UnrealEngine/4.15/DerivedDataCache/Boot.ddc.
[2017.04.26-15.33.48:905][  0]LogInit: Texture streaming: Enabled
[2017.04.26-15.33.49:048][  0]LogEngineSessionManager: EngineSessionManager initialized
[2017.04.26-15.33.49:189][  0]LogInit: Transaction tracking system initialized
[2017.04.26-15.33.49:708][  0]BlueprintLog: New page: Editor Load
[2017.04.26-15.33.50:962][  0]LocalizationService: Info Localization service is disabled
[2017.04.26-15.33.52:173][  0]LogConsoleResponse:Display: 
[2017.04.26-15.33.52:353][  0]LogCook:Display: Max memory allowance for cook 16384mb min free memory 0mb
[2017.04.26-15.33.52:353][  0]LogCook:Display: Mobile HDR setting 1
[2017.04.26-15.33.53:346][  0]LogFileCache: Scanning file cache for directory 'C:/Users/Sarah/Documents/Unreal Projects/04_BattleTank/BattleTank/Content/' took 0.01s
[2017.04.26-15.33.53:997][  0]SourceControl: Info Source control is disabled
[2017.04.26-15.33.53:997][  0]Cmd: MAP LOAD FILE="../../../../../../Users/Sarah/Documents/Unreal Projects/04_BattleTank/BattleTank/Content/Levels/BattleGround.umap" TEMPLATE=0 SHOWPROGRESS=1 FEATURELEVEL=3
[2017.04.26-15.33.53:998][  0]LightingResults: New page: Lighting Build
[2017.04.26-15.33.54:052][  0]MapCheck: New page: Map Check
[2017.04.26-15.33.54:052][  0]LightingResults: New page: Lighting Build
[2017.04.26-15.33.54:558][  0]LogAIModule: Creating AISystem for world BattleGround
[2017.04.26-15.33.54:597][  0]LogEditorServer: Finished looking for orphan Actors (0.000 secs)
[2017.04.26-15.33.54:600][  0]Cmd: MAP CHECKDEP NOCLEARLOG
[2017.04.26-15.33.54:670][  0]MapCheck: Info Map check complete: 0 Error(s), 0 Warning(s), took 70.046ms to complete.
[2017.04.26-15.33.54:670][  0]LogFileHelpers: Loading map 'BattleGround' took 0.673
[2017.04.26-15.33.54:730][  0]LogWindowsTextInputMethodSystem:Display: IME system now deactivated.
[2017.04.26-15.33.54:885][  0]LogCollectionManager: Loaded 1 collections in 0.002151 seconds
[2017.04.26-15.33.54:981][  0]LogFileCache: Scanning file cache for directory 'C:/Users/Sarah/Documents/Unreal Projects/04_BattleTank/BattleTank/Saved/Collections/' took 0.01s
[2017.04.26-15.33.54:981][  0]LogFileCache: Scanning file cache for directory 'C:/Users/Sarah/Documents/Unreal Projects/04_BattleTank/BattleTank/Content/Developers/Sarah/Collections/' took 0.01s
[2017.04.26-15.33.54:981][  0]LogFileCache: Scanning file cache for directory 'C:/Users/Sarah/Documents/Unreal Projects/04_BattleTank/BattleTank/Content/Collections/' took 0.01s
[2017.04.26-15.33.54:981][  0]LogCollectionManager: Rebuilt the GUID cache for 1 collections in 0.000005 seconds
[2017.04.26-15.33.54:981][  0]LogCollectionManager: Rebuilt the hierarchy cache for 1 collections in 0.000000 seconds
[2017.04.26-15.33.54:996][  0]LogContentBrowser: Native class hierarchy populated in 0.0138 seconds. Added 2255 classes and 453 folders.
[2017.04.26-15.33.54:999][  0]LogStats: UGameplayTagsManager::ConstructGameplayTagTree: Construct from data asset -  0.000 s
[2017.04.26-15.33.55:000][  0]LogStats: UGameplayTagsManager::ConstructGameplayTagTree: GameplayTagTreeChangedEvent.Broadcast -  0.000 s
[2017.04.26-15.33.55:088][  0]LogContentBrowser: Native class hierarchy updated for 'WidgetCarousel' in 0.0034 seconds. Added 0 classes and 0 folders.
[2017.04.26-15.33.55:141][  0]LogContentBrowser: Native class hierarchy updated for 'AddContentDialog' in 0.0035 seconds. Added 0 classes and 0 folders.
[2017.04.26-15.33.55:204][  0]LogContentBrowser: Native class hierarchy updated for 'SceneOutliner' in 0.0035 seconds. Added 1 classes and 2 folders.
[2017.04.26-15.33.55:266][  0]LogCrashTracker: Crashtracker disabled due to settings.
[2017.04.26-15.33.55:273][  0]LogUObjectGlobals:Warning: Failed to find object 'Class None.'
[2017.04.26-15.33.55:357][  0]LogContentBrowser: Native class hierarchy updated for 'HierarchicalLODOutliner' in 0.0036 seconds. Added 1 classes and 2 folders.
[2017.04.26-15.33.55:357][  0]LogLoad: (Engine Initialization) Total time: 23.76 seconds
[2017.04.26-15.33.55:357][  0]LogLoad: (Engine Initialization) Total Blueprint compile time: 0.18 seconds
[2017.04.26-15.33.55:357][  0]LogExternalProfiler: No external profilers were discovered.  External profiling features will not be available.
[2017.04.26-15.33.55:366][  0]LogOcInput: OculusInput pre-init called
[2017.04.26-15.33.55:389][  0]LogContentStreaming: Texture pool size now 600 MB
[2017.04.26-15.33.55:390][  0]LogSlate: Took 0.000244 seconds to synchronously load lazily loaded font '../../../Engine/Content/Slate/Fonts/Roboto-Regular.ttf' (155K)
[2017.04.26-15.33.55:394][  0]LogSlate: Took 0.000258 seconds to synchronously load lazily loaded font '../../../Engine/Content/Slate/Fonts/Roboto-Bold.ttf' (160K)
[2017.04.26-15.33.55:402][  0]LogSlate: Took 0.000259 seconds to synchronously load lazily loaded font '../../../Engine/Content/Editor/Slate/Fonts/FontAwesome.ttf' (139K)
[2017.04.26-15.33.55:552][  0]LogSlate: Took 0.000282 seconds to synchronously load lazily loaded font '../../../Engine/Content/Slate/Fonts/Roboto-Light.ttf' (159K)
[2017.04.26-15.33.55:614][  0]LogRenderer: Reallocating scene render targets to support 1220x644 NumSamples 1 (Frame:2).
[2017.04.26-15.33.55:855][  1]LogAssetRegistry: Asset discovery search completed in 13.7659 seconds
[2017.04.26-15.33.55:855][  1]LogCollectionManager: Rebuilt the object cache for 1 collections in 0.000009 seconds (found 0 objects)
[2017.04.26-15.33.55:855][  1]LogCollectionManager: Fixed up redirectors for 1 collections in 0.000052 seconds (updated 0 objects)
[2017.04.26-15.33.56:501][ 18]LogSlate: Took 0.000386 seconds to synchronously load lazily loaded font '../../../Engine/Content/Slate/Fonts/Roboto-Light.ttf' (159K)
[2017.04.26-15.34.03:791][268]LogSlate: Took 0.000228 seconds to synchronously load lazily loaded font '../../../Engine/Content/Slate/Fonts/Roboto-Light.ttf' (159K)
[2017.04.26-15.34.04:332][268]LogSlate: Took 0.000176 seconds to synchronously load lazily loaded font '../../../Engine/Content/Slate/Fonts/Roboto-Regular.ttf' (155K)
[2017.04.26-15.34.04:475][268]LogContentBrowser: Native class hierarchy updated for 'BlueprintGraph' in 0.0039 seconds. Added 112 classes and 0 folders.
[2017.04.26-15.34.05:463][268]LogSlate: Took 0.000313 seconds to synchronously load lazily loaded font '../../../Engine/Content/Editor/Slate/Fonts/Roboto-BoldCondensed.ttf' (158K)
[2017.04.26-15.34.05:614][269]LogSlate: Took 0.000245 seconds to synchronously load lazily loaded font '../../../Engine/Content/Editor/Slate/Fonts/Roboto-Italic.ttf' (157K)
[2017.04.26-15.37.26:694][596]LogRenderer: Reallocating scene render targets to support 1220x668 NumSamples 1 (Frame:2941).
[2017.04.26-15.41.36:859][928]BlueprintLog: New page: Compile Tank_BP
[2017.04.26-15.41.37:815][947]Cmd: OBJ SAVEPACKAGE PACKAGE="/Game/Tank/Tank_BP" FILE="../../../../../../Users/Sarah/Documents/Unreal Projects/04_BattleTank/BattleTank/Content/Tank/Tank_BP.uasset" SILENT=true
[2017.04.26-15.41.37:909][947]LogSavePackage: Save=56.77ms
[2017.04.26-15.41.37:909][947]LogSavePackage: Moving '../../../../../../Users/Sarah/Documents/Unreal Projects/04_BattleTank/BattleTank/Saved/Tank_BP0471959F49EEE044611C9EBF02A7387E.tmp' to '../../../../../../Users/Sarah/Documents/Unreal Projects/04_BattleTank/BattleTank/Content/Tank/Tank_BP.uasset'
[2017.04.26-15.41.37:913][947]LogSavePackage:Display: Finished SavePackage ../../../../../../Users/Sarah/Documents/Unreal Projects/04_BattleTank/BattleTank/Content/Tank/Tank_BP.uasset
[2017.04.26-15.43.53:463][491]Recompiling BattleTank...
[2017.04.26-15.43.53:463][491]Launching UnrealBuildTool... [C:/Program Files/Epic Games/UE_4.15/Engine/Binaries/DotNET/UnrealBuildTool.exe BattleTank -ModuleWithSuffix BattleTank 5253 Win64 Development -editorrecompile -canskiplink "C:/Users/Sarah/Documents/Unreal Projects/04_BattleTank/BattleTank/BattleTank.uproject" ]
[2017.04.26-15.43.53:571][491]Warning: Starting HotReload took  0.2s.
[2017.04.26-15.44.23:794][289]CompilerResultsLog: New page: Compilation - Apr 26, 2017, 5:44:23 PM
[2017.04.26-15.44.23:794][289]CompilerResultsLog: Info Compiling game modules for hot reload
[2017.04.26-15.44.23:794][289]CompilerResultsLog: Info Parsing headers for BattleTankEditor
[2017.04.26-15.44.23:794][289]CompilerResultsLog: Info   Running UnrealHeaderTool "C:\Users\Sarah\Documents\Unreal Projects\04_BattleTank\BattleTank\BattleTank.uproject" "C:\Users\Sarah\Documents\Unreal Projects\04_BattleTank\BattleTank\Intermediate\Build\Win64\BattleTankEditor\Development\BattleTankEditor.uhtmanifest" -LogCmds="loginit warning, logexit warning, logdatabase error" -Unattended -WarningsAsErrors -installed
[2017.04.26-15.44.23:794][289]CompilerResultsLog: Info Reflection code generated for BattleTankEditor in 15.1811589 seconds
[2017.04.26-15.44.23:794][289]CompilerResultsLog: Info Performing 5 actions (4 in parallel)
[2017.04.26-15.44.23:794][289]CompilerResultsLog: Info BattleTank.generated.cpp
[2017.04.26-15.44.23:794][289]CompilerResultsLog: Info TankAimingComponent.cpp
[2017.04.26-15.44.23:794][289]CompilerResultsLog: Info Tank.cpp
[2017.04.26-15.44.23:794][289]CompilerResultsLog: Info [4/5] Link UE4Editor-BattleTank-5253.dll
[2017.04.26-15.44.23:794][289]CompilerResultsLog: Info [5/5] Link UE4Editor-BattleTank-5253.lib
[2017.04.26-15.44.23:794][289]CompilerResultsLog: Info    Creating library C:\Users\Sarah\Documents\Unreal Projects\04_BattleTank\BattleTank\Intermediate\Build\Win64\UE4Editor\Development\UE4Editor-BattleTank-5253.lib and object C:\Users\Sarah\Documents\Unreal Projects\04_BattleTank\BattleTank\Intermediate\Build\Win64\UE4Editor\Development\UE4Editor-BattleTank-5253.exp
[2017.04.26-15.44.23:794][289]CompilerResultsLog: Info    Creating library C:\Users\Sarah\Documents\Unreal Projects\04_BattleTank\BattleTank\Intermediate\Build\Win64\UE4Editor\Development\UE4Editor-BattleTank-5253.suppressed.lib and object C:\Users\Sarah\Documents\Unreal Projects\04_BattleTank\BattleTank\Intermediate\Build\Win64\UE4Editor\Development\UE4Editor-BattleTank-5253.suppressed.exp
[2017.04.26-15.44.23:794][289]CompilerResultsLog: Info Total build time: 29.72 seconds (Local executor: 12.92 seconds)
[2017.04.26-15.44.23:795][289]LogMainFrame: MainFrame: Module compiling took 30.344 seconds
[2017.04.26-15.44.24:009][289]LogClass: Could not find existing class TankAimingComponent in package /Script/BattleTank for HotReload, assuming new class
[2017.04.26-15.44.24:009][289]LogClass: Function Initialise is new.
[2017.04.26-15.44.24:014][289]LogClass: EFiringStatus HotReload.
[2017.04.26-15.44.24:021][289]LogHotReload: Re-instancing TankAimingComponent after hot-reload.
[2017.04.26-15.44.24:143][289]LogContentBrowser: Native class hierarchy updated for 'BattleTank' in 0.0037 seconds. Added 11 classes and 3 folders.
[2017.04.26-15.44.24:145][289]Display: HotReload successful (8 functions remapped  0 scriptstructs remapped)
[2017.04.26-15.44.24:604][289]LogContentBrowser: Native class hierarchy populated in 0.0144 seconds. Added 2257 classes and 457 folders.
[2017.04.26-15.44.24:605][289]Display: HotReload took 31.2s.
[2017.04.26-15.45.28:415][505]BlueprintLog: New page: Compile Tank_BP
[2017.04.26-15.45.29:495][525]Cmd: OBJ SAVEPACKAGE PACKAGE="/Game/Tank/Tank_BP" FILE="../../../../../../Users/Sarah/Documents/Unreal Projects/04_BattleTank/BattleTank/Content/Tank/Tank_BP.uasset" SILENT=true
[2017.04.26-15.45.29:589][525]LogSavePackage: Save=64.82ms
[2017.04.26-15.45.29:589][525]LogSavePackage: Moving '../../../../../../Users/Sarah/Documents/Unreal Projects/04_BattleTank/BattleTank/Saved/Tank_BPAD480646486AD1E60EBC4B9976E0A359.tmp' to '../../../../../../Users/Sarah/Documents/Unreal Projects/04_BattleTank/BattleTank/Content/Tank/Tank_BP.uasset'
[2017.04.26-15.45.29:597][525]LogSavePackage:Display: Finished SavePackage ../../../../../../Users/Sarah/Documents/Unreal Projects/04_BattleTank/BattleTank/Content/Tank/Tank_BP.uasset
[2017.04.26-15.45.31:649][583]LogTemp: Repeting last play command: Selected Viewport
[2017.04.26-15.45.31:685][583]LogBlueprintUserMessages: Early PlayInEditor Detection: Level '/Game/Levels/BattleGround.BattleGround:PersistentLevel' has LevelScriptBlueprint '/Game/Levels/BattleGround.BattleGround:PersistentLevel.BattleGround' with GeneratedClass '/Game/Levels/BattleGround.BattleGround_C' with ClassGeneratedBy '/Game/Levels/BattleGround.BattleGround:PersistentLevel.BattleGround'
[2017.04.26-15.45.31:686][583]LogPlayLevel: PlayLevel: No blueprints needed recompiling
[2017.04.26-15.45.31:689][583]PIE: New page: PIE session: BattleGround (Apr 26, 2017, 5:45:31 PM)
[2017.04.26-15.45.31:690][583]LogPlayLevel: Creating play world package: /Game/Levels/UEDPIE_0_BattleGround
[2017.04.26-15.45.31:744][583]LogPlayLevel: PIE: StaticDuplicateObject took: (0.053591s)
[2017.04.26-15.45.31:744][583]LogAIModule: Creating AISystem for world BattleGround
[2017.04.26-15.45.31:744][583]LogPlayLevel: PIE: World Init took: (0.000735s)
[2017.04.26-15.45.31:745][583]LogPlayLevel: PIE: Created PIE world by copying editor world from /Game/Levels/BattleGround.BattleGround to /Game/Levels/UEDPIE_0_BattleGround.BattleGround (0.055394s)
[2017.04.26-15.45.31:793][583]LogInit: XAudio2 using 'Speakers (2- High Definition Audio Device)' : 2 channels at 44.1 kHz using 16 bits per sample (channel mask 0x3)
[2017.04.26-15.45.31:801][583]LogInit: FAudioDevice initialized.
[2017.04.26-15.45.31:869][583]LogLoad: Game class is 'BattleTankGameMode_BP_C'
[2017.04.26-15.45.31:886][583]LogWorld: Bringing World /Game/Levels/UEDPIE_0_BattleGround.BattleGround up for play (max tick rate 0) at 2017.04.26-16.45.31
[2017.04.26-15.45.31:897][583]LogWorld: Bringing up level for play took: 0.017099
[2017.04.26-15.45.32:012][583]LogContentBrowser: Native class hierarchy updated for 'MovieSceneCapture' in 0.0054 seconds. Added 11 classes and 0 folders.
[2017.04.26-15.45.32:029][583]LogTemp:Warning: Tank_BP_C_0 has possessed by Player
[2017.04.26-15.45.32:031][583]PIE: Info Play in editor start time for /Game/Levels/UEDPIE_0_BattleGround 0.621
[2017.04.26-15.45.32:031][583]LogBlueprintUserMessages: Late PlayInEditor Detection: Level '/Game/Levels/BattleGround.BattleGround:PersistentLevel' has LevelScriptBlueprint '/Game/Levels/BattleGround.BattleGround:PersistentLevel.BattleGround' with GeneratedClass '/Game/Levels/BattleGround.BattleGround_C' with ClassGeneratedBy '/Game/Levels/BattleGround.BattleGround:PersistentLevel.BattleGround'
[2017.04.26-15.45.33:144][583]LogCrashTracker: 


[2017.04.26-15.45.33:144][583]LogCrashTracker: 


[2017.04.26-15.45.33:144][583]LogWindows:Error: === Critical error: ===
[2017.04.26-15.45.33:144][583]LogWindows:Error: 
[2017.04.26-15.45.33:144][583]LogWindows:Error: Fatal error!
[2017.04.26-15.45.33:144][583]LogWindows:Error: 
[2017.04.26-15.45.33:144][583]LogWindows:Error: Unhandled Exception: EXCEPTION_ACCESS_VIOLATION reading address 0x00000110
[2017.04.26-15.45.33:144][583]LogWindows:Error: 
[2017.04.26-15.45.33:144][583]LogWindows:Error: UE4Editor-BattleTank-5253.dll!UTankAimingComponent::AimAt() [c:\users\sarah\documents\unreal projects\04_battletank\battletank\source\battletank\private\tankaimingcomponent.cpp:44]
[2017.04.26-15.45.33:144][583]LogWindows:Error: UE4Editor-BattleTank-5253.dll!ATank::AimAt() [c:\users\sarah\documents\unreal projects\04_battletank\battletank\source\battletank\private\tank.cpp:47]
[2017.04.26-15.45.33:144][583]LogWindows:Error: UE4Editor-BattleTank-5253.dll!ATankPlayerController::AimTowardsCrosshair() [c:\users\sarah\documents\unreal projects\04_battletank\battletank\source\battletank\private\tankplayercontroller.cpp:58]
[2017.04.26-15.45.33:144][583]LogWindows:Error: UE4Editor-Engine.dll!0x000000009D5F33CC
[2017.04.26-15.45.33:145][583]LogWindows:Error: UE4Editor-Engine.dll!0x000000009C96AA2E
[2017.04.26-15.45.33:145][583]LogWindows:Error: UE4Editor-Engine.dll!0x000000009D8EF62D
[2017.04.26-15.45.33:145][583]LogWindows:Error: UE4Editor-Engine.dll!0x000000009D8F52FD
[2017.04.26-15.45.33:145][583]LogWindows:Error: UE4Editor-Core.dll!0x00000000ADBDD83D
[2017.04.26-15.45.33:145][583]LogWindows:Error: UE4Editor-Core.dll!0x00000000ADBDDC5D
[2017.04.26-15.45.33:145][583]LogWindows:Error: UE4Editor-Core.dll!0x00000000ADBFCCDB
[2017.04.26-15.45.33:145][583]LogWindows:Error: UE4Editor-Engine.dll!0x000000009D919051
[2017.04.26-15.45.33:145][583]LogWindows:Error: UE4Editor-Engine.dll!0x000000009D9298D2
[2017.04.26-15.45.33:145][583]LogWindows:Error: UE4Editor-Engine.dll!0x000000009D257B44
[2017.04.26-15.45.33:145][583]LogWindows:Error: UE4Editor-Engine.dll!0x000000009D25FC6B
[2017.04.26-15.45.33:145][583]LogWindows:Error: UE4Editor-UnrealEd.dll!0x00000000AA476D8E
[2017.04.26-15.45.33:145][583]LogWindows:Error: UE4Editor-UnrealEd.dll!0x00000000AAC81AD6
[2017.04.26-15.45.33:145][583]LogWindows:Error: UE4Editor.exe!0x00000000CC86DEE3
[2017.04.26-15.45.33:145][583]LogWindows:Error: UE4Editor.exe!0x00000000CC85EB40
[2017.04.26-15.45.33:145][583]LogWindows:Error: UE4Editor.exe!0x00000000CC85EBBA
[2017.04.26-15.45.33:145][583]LogWindows:Error: UE4Editor.exe!0x00000000CC870A29
[2017.04.26-15.45.33:145][583]LogWindows:Error: UE4Editor.exe!0x00000000CC8722B6
[2017.04.26-15.45.33:145][583]LogWindows:Error: KERNEL32.DLL!0x00000000E12A8364
[2017.04.26-15.45.33:145][583]LogWindows:Error: ntdll.dll!0x00000000E18470D1
[2017.04.26-15.45.33:145][583]LogWindows:Error: ntdll.dll!0x00000000E18470D1
[2017.04.26-15.45.33:145][583]LogWindows:Error: 
[2017.04.26-15.45.33:184][583]LogExit: Executing StaticShutdownAfterError
[2017.04.26-15.45.33:205][583]LogWindows: FPlatformMisc::RequestExit(1)
[2017.04.26-15.45.33:205][583]Log file closed, 04/26/17 16:45:33
