Log file open, 04/28/17 17:22:13
LogInit:Display: Running engine for game: BattleTank
LogPlatformFile: Not using cached read wrapper
LogInit:Display: RandInit(-375936992) SRandInit(-375936992).
LogTaskGraph: Started task graph with 5 named threads and 8 total threads with 1 sets of task threads.
LogStats: Stats thread started at 0.087247
LogInit: Using libcurl 7.47.1
LogInit:  - built for x86_64-pc-win32
LogInit:  - supports SSL with OpenSSL/1.0.2g
LogInit:  - supports HTTP deflate (compression) using libz 1.2.8
LogInit:  - other features:
LogInit:      CURL_VERSION_SSL
LogInit:      CURL_VERSION_LIBZ
LogInit:      CURL_VERSION_IPV6
LogInit:      CURL_VERSION_ASYNCHDNS
LogInit:      CURL_VERSION_LARGEFILE
LogInit:      CURL_VERSION_IDN
LogInit:  CurlRequestOptions (configurable via config and command line):
LogInit:  - bVerifyPeer = false  - Libcurl will NOT verify peer certificate
LogInit:  - bUseHttpProxy = false  - Libcurl will NOT use HTTP proxy
LogInit:  - bDontReuseConnections = false  - Libcurl will reuse connections
LogInit:  - CertBundlePath = nullptr  - Libcurl will use whatever was configured at build time.
LogInit: Build: ++UE4+Release-4.15-CL-3299760
LogInit: Engine Version: 4.15.0-3299760+++UE4+Release-4.15
LogInit: Compatible Engine Version: 4.15.0-3299760+++UE4+Release-4.15
LogInit: Net CL: 3299760
LogDevObjectVersion: Number of dev versions registered: 14
LogDevObjectVersion:   Dev-Blueprints (B0D832E4-1F89-4F0D-ACCF-7EB736FD4AA2): 8
LogDevObjectVersion:   Dev-Build (E1C64328-A22C-4D53-A36C-8E866417BD8C): 0
LogDevObjectVersion:   Dev-Core (375EC13C-06E4-48FB-B500-84F0262A717E): 2
LogDevObjectVersion:   Dev-Editor (E4B068ED-F494-42E9-A231-DA0B2E46BB41): 14
LogDevObjectVersion:   Dev-Framework (CFFC743F-43B0-4480-9391-14DF171D2073): 22
LogDevObjectVersion:   Dev-Mobile (B02B49B5-BB20-44E9-A304-32B752E40360): 0
LogDevObjectVersion:   Dev-Networking (A4E4105C-59A1-49B5-A7C5-40C4547EDFEE): 0
LogDevObjectVersion:   Dev-Online (39C831C9-5AE6-47DC-9A44-9C173E1C8E7C): 0
LogDevObjectVersion:   Dev-Physics (78F01B33-EBEA-4F98-B9B4-84EACCB95AA2): 0
LogDevObjectVersion:   Dev-Platform (6631380F-2D4D-43E0-8009-CF276956A95A): 0
LogDevObjectVersion:   Dev-Rendering (12F88B9F-8875-4AFC-A67C-D90C383ABD29): 12
LogDevObjectVersion:   Dev-Sequencer (7B5AE74C-D270-4C10-A958-57980B212A5A): 3
LogDevObjectVersion:   Dev-VR (D7296918-1DD6-4BDD-9DE2-64A83CC13884): 0
LogDevObjectVersion:   Dev-LoadTimes (C2A15278-BFE7-4AFE-6C17-90FF531DF755): 1
LogInit: Compiled (64-bit): Feb 14 2017 02:04:14
LogInit: Compiled with Visual C++: 19.00.23026.00
LogInit: Build Configuration: Development
LogInit: Branch Name: ++UE4+Release-4.15
LogInit: Command line: -EpicPortal 
LogInit: Base directory: C:/Program Files/Epic Games/UE_4.15/Engine/Binaries/Win64/
LogInit: Installed Engine Build: 1
LogInit: Presizing for max 8388607 objects, including 0 objects not considered by GC, pre-allocating 0 bytes for permanent pool.
LogInit: Object subsystem initialized
[2017.04.28-16.22.14:642][  0]LogInit: Selected Device Profile: [Windows]
[2017.04.28-16.22.14:642][  0]LogInit: Applying CVar settings loaded from the selected device profile: [Windows]
[2017.04.28-16.22.14:656][  0]LogInit: Computer: DESKTOP-0PEK566
[2017.04.28-16.22.14:656][  0]LogInit: User: Sarah
[2017.04.28-16.22.14:656][  0]LogInit: CPU Page size=65536, Cores=4
[2017.04.28-16.22.14:656][  0]LogInit: High frequency timer resolution =2.143576 MHz
[2017.04.28-16.22.14:657][  0]LogMemory: Memory total: Physical=7.9GB (8GB approx)
[2017.04.28-16.22.14:657][  0]LogMemory: Platform Memory Stats for Windows
[2017.04.28-16.22.14:657][  0]LogMemory: Process Physical Memory: 262.91 MB used, 262.91 MB peak
[2017.04.28-16.22.14:657][  0]LogMemory: Process Virtual Memory: 262.52 MB used, 262.52 MB peak
[2017.04.28-16.22.14:657][  0]LogMemory: Physical Memory: 6726.72 MB used,  1357.55 MB free, 8084.27 MB total
[2017.04.28-16.22.14:657][  0]LogMemory: Virtual Memory: 644.18 MB used,  1357.55 MB free, 134217728.00 MB total
[2017.04.28-16.22.14:761][  0]LogTextLocalizationManager: No specific translations for ('en-US') exist, so ('en') translations will be used.
[2017.04.28-16.22.15:561][  0]LogD3D11RHI: D3D11 adapters:
[2017.04.28-16.22.15:620][  0]LogD3D11RHI:    0. 'AMD Radeon HD 7600M Series' (Feature Level 11_0)
[2017.04.28-16.22.15:620][  0]LogD3D11RHI:       1004/0/3840 MB DedicatedVideo/DedicatedSystem/SharedSystem, Outputs:1, VendorId:0x1002
[2017.04.28-16.22.15:623][  0]LogD3D11RHI:    1. 'Intel(R) HD Graphics 4000' (Feature Level 11_0)
[2017.04.28-16.22.15:623][  0]LogD3D11RHI:       32/0/1760 MB DedicatedVideo/DedicatedSystem/SharedSystem, Outputs:0, VendorId:0x8086
[2017.04.28-16.22.15:625][  0]LogD3D11RHI:    2. 'Microsoft Basic Render Driver' (Feature Level 11_0)
[2017.04.28-16.22.15:625][  0]LogD3D11RHI:       0/0/4042 MB DedicatedVideo/DedicatedSystem/SharedSystem, Outputs:0, VendorId:0x1414
[2017.04.28-16.22.15:625][  0]LogD3D11RHI: Chosen D3D11 Adapter: 0
[2017.04.28-16.22.15:640][  0]LogD3D11RHI: Creating new Direct3DDevice
[2017.04.28-16.22.15:640][  0]LogD3D11RHI:     GPU DeviceId: 0x6840 (for the marketing name, search the web for "GPU Device Id")
[2017.04.28-16.22.15:640][  0]LogWindows: EnumDisplayDevices:
[2017.04.28-16.22.15:641][  0]LogWindows:    0. 'Intel(R) HD Graphics 4000' (P:1 D:1)
[2017.04.28-16.22.15:641][  0]LogWindows:    1. 'Intel(R) HD Graphics 4000' (P:0 D:0)
[2017.04.28-16.22.15:641][  0]LogWindows:    2. 'Intel(R) HD Graphics 4000' (P:0 D:0)
[2017.04.28-16.22.15:641][  0]LogWindows: DebugString: PrimaryIsNotTheChoosenAdapter PrimaryIsNotTheChoosenAdapter PrimaryIsNotTheChoosenAdapter FoundDriverCount:0 
[2017.04.28-16.22.15:641][  0]LogD3D11RHI:     Adapter Name: AMD Radeon HD 7600M Series
[2017.04.28-16.22.15:641][  0]LogD3D11RHI:   Driver Version: Unknown (internal:Unknown, unified:Unknown)
[2017.04.28-16.22.15:641][  0]LogD3D11RHI:      Driver Date: Unknown
[2017.04.28-16.22.15:641][  0]LogRHI: Texture pool is 702 MB (70% of 1004 MB)
[2017.04.28-16.22.15:650][  0]LogD3D11RHI: AMD Pre GCN architecture detected, some driver workarounds will be in place
[2017.04.28-16.22.15:658][  0]LogD3D11RHI: Async texture creation enabled
[2017.04.28-16.22.15:671][  0]LogD3D11RHI: GPU Timing Frequency: 27.000000 (Debug: 2 1)
[2017.04.28-16.22.15:672][  0]LogShaderCompilers: Guid format shader working directory is -36 characters bigger than the processId version (../../../../../../Users/Sarah/Documents/Unreal Projects/04_BattleTank/BattleTank/Intermediate/Shaders/WorkingDirectory/107996/).
[2017.04.28-16.22.15:672][  0]LogShaderCompilers: Cleaned the shader compiler working directory 'C:/Users/Sarah/AppData/Local/Temp/UnrealShaderWorkingDir/8E6B46F7475E9EE7BC82A1A64C88736B/'.
[2017.04.28-16.22.15:672][  0]LogShaderCompilers:Display: Using Local Shader Compiler.
[2017.04.28-16.22.17:074][  0]LogTemp:Display: Loaded TP AllDesktopTargetPlatform
[2017.04.28-16.22.17:152][  0]LogTemp:Display: Loaded TP MacClientTargetPlatform
[2017.04.28-16.22.17:232][  0]LogTemp:Display: Loaded TP MacNoEditorTargetPlatform
[2017.04.28-16.22.17:310][  0]LogTemp:Display: Loaded TP MacServerTargetPlatform
[2017.04.28-16.22.17:389][  0]LogTemp:Display: Loaded TP MacTargetPlatform
[2017.04.28-16.22.17:468][  0]LogTemp:Display: Loaded TP WindowsClientTargetPlatform
[2017.04.28-16.22.17:544][  0]LogTemp:Display: Loaded TP WindowsNoEditorTargetPlatform
[2017.04.28-16.22.17:624][  0]LogTemp:Display: Loaded TP WindowsServerTargetPlatform
[2017.04.28-16.22.17:689][  0]LogTemp:Display: Loaded TP WindowsTargetPlatform
[2017.04.28-16.22.17:768][  0]LogTemp:Display: Loaded TP AndroidTargetPlatform
[2017.04.28-16.22.17:846][  0]LogTemp:Display: Loaded TP Android_ASTCTargetPlatform
[2017.04.28-16.22.17:925][  0]LogTemp:Display: Loaded TP Android_ATCTargetPlatform
[2017.04.28-16.22.18:001][  0]LogTemp:Display: Loaded TP Android_DXTTargetPlatform
[2017.04.28-16.22.18:077][  0]LogTemp:Display: Loaded TP Android_ETC1TargetPlatform
[2017.04.28-16.22.18:153][  0]LogTemp:Display: Loaded TP Android_ETC2TargetPlatform
[2017.04.28-16.22.18:305][  0]LogTemp:Display: Loaded TP Android_MultiTargetPlatform
[2017.04.28-16.22.18:305][  0]LogTemp:Display: Loaded TP Android_PVRTCTargetPlatform
[2017.04.28-16.22.18:359][  0]LogTemp:Display: Loaded TP HTML5TargetPlatform
[2017.04.28-16.22.18:489][  0]LogTemp:Display: Loaded TP IOSTargetPlatform
[2017.04.28-16.22.18:541][  0]LogTemp:Display: Loaded TP TVOSTargetPlatform
[2017.04.28-16.22.18:618][  0]LogTemp:Display: Loaded TP LinuxClientTargetPlatform
[2017.04.28-16.22.18:695][  0]LogTemp:Display: Loaded TP LinuxNoEditorTargetPlatform
[2017.04.28-16.22.18:772][  0]LogTemp:Display: Loaded TP LinuxServerTargetPlatform
[2017.04.28-16.22.18:850][  0]LogTemp:Display: Loaded TP LinuxTargetPlatform
[2017.04.28-16.22.18:850][  0]LogTargetPlatformManager:Display: Building Assets For Windows
[2017.04.28-16.22.19:491][  0]LogDerivedDataCache:Display: Max Cache Size: 512 MB
[2017.04.28-16.22.19:547][  0]LogDerivedDataCache: Loaded boot cache 0.06s 50MB C:/Users/Sarah/AppData/Local/UnrealEngine/4.15/DerivedDataCache/Boot.ddc.
[2017.04.28-16.22.19:547][  0]LogDerivedDataCache:Display: Loaded Boot cache: C:/Users/Sarah/AppData/Local/UnrealEngine/4.15/DerivedDataCache/Boot.ddc
[2017.04.28-16.22.19:547][  0]LogDerivedDataCache: FDerivedDataBackendGraph:  Pak pak cache file ../../../../../../Users/Sarah/Documents/Unreal Projects/04_BattleTank/BattleTank/DerivedDataCache/DDC.ddp not found, will not use a pak cache.
[2017.04.28-16.22.19:547][  0]LogDerivedDataCache: Unable to find inner node Pak for hierarchical cache Hierarchy.
[2017.04.28-16.22.19:547][  0]LogDerivedDataCache: FDerivedDataBackendGraph:  CompressedPak pak cache file ../../../../../../Users/Sarah/Documents/Unreal Projects/04_BattleTank/BattleTank/DerivedDataCache/Compressed.ddp not found, will not use a pak cache.
[2017.04.28-16.22.19:547][  0]LogDerivedDataCache: Unable to find inner node CompressedPak for hierarchical cache Hierarchy.
[2017.04.28-16.22.19:568][  0]LogDerivedDataCache:Display: Pak cache opened for reading ../../../Engine/DerivedDataCache/Compressed.ddp.
[2017.04.28-16.22.19:580][  0]LogDerivedDataCache: Using Local data cache path C:/Users/Sarah/AppData/Local/UnrealEngine/Common/DerivedDataCache: Writable
[2017.04.28-16.22.19:591][  0]LogSlate: Using Freetype 2.6.0
[2017.04.28-16.22.19:591][  0]LogSlate: SlateFontCache - WITH_FREETYPE: 1, WITH_HARFBUZZ: 1
[2017.04.28-16.22.19:591][  0]LogSlate: SlateFontCache - WITH_FREETYPE: 1, WITH_HARFBUZZ: 1
[2017.04.28-16.22.20:119][  0]LogInit: Selected Device Profile: [Windows]
[2017.04.28-16.22.20:123][  0]LogContentStreaming: Texture pool size is 0.00 MB
[2017.04.28-16.22.20:403][  0]LogMeshUtilities: Using QuadricMeshReduction for automatic static mesh reduction
[2017.04.28-16.22.20:466][  0]LogSimplygon: Simplygon DLL not present - disabling.
[2017.04.28-16.22.20:534][  0]LogMeshUtilities: Using SimplygonSwarm for distributed automatic mesh merging
[2017.04.28-16.22.20:534][  0]LogMeshUtilities: No automatic skeletal mesh reduction module available
[2017.04.28-16.22.20:534][  0]LogMeshUtilities: No automatic mesh merging module available
[2017.04.28-16.22.21:290][  0]LogNetVersion: GetLocalNetworkVersion: CL: 3299760, ProjectName: battletank, ProjectVersion: , EngineNetworkVersion: 2, GameNetworkVersion: 0, NetworkChecksum: 2512795372
[2017.04.28-16.22.21:346][  0]LogAssetRegistry: FAssetRegistry took 0.0221 seconds to start up
[2017.04.28-16.22.21:417][  0]LogPackageLocalizationCache: Processed 3 localized package path(s) for 2 prioritized culture(s) in 0.037445 seconds
[2017.04.28-16.22.21:423][  0]LogUObjectArray: 32475 objects as part of root set at end of initial load.
[2017.04.28-16.22.21:423][  0]LogUObjectAllocator: 7073360 out of 0 bytes used by permanent object pool.
[2017.04.28-16.22.21:423][  0]LogUObjectArray: CloseDisregardForGC: 0/0 objects in disregard for GC pool
[2017.04.28-16.22.21:531][  0]LogInit: WinSock: version 1.1 (2.2), MaxSocks=32767, MaxUdp=65467
[2017.04.28-16.22.23:669][  0]LogTcpMessaging: Initializing TcpMessaging bridge
[2017.04.28-16.22.23:724][  0]LogUdpMessaging: Initializing bridge on interface 0.0.0.0:0 to multicast group 230.0.0.1:6666.
[2017.04.28-16.22.24:425][  0]LogMaterial: Uniform references updated for custom material expression Custom.
[2017.04.28-16.22.24:969][  0]SourceControl: Info Source control is disabled
[2017.04.28-16.22.25:007][  0]SourceControl: Info Source control is disabled
[2017.04.28-16.22.25:076][  0]SourceControl: Info Source control is disabled
[2017.04.28-16.22.25:144][  0]SourceControl: Info Source control is disabled
[2017.04.28-16.22.26:959][  0]LogEngine: Initializing Engine...
[2017.04.28-16.22.26:959][  0]LogHMD: Failed to initialize OpenVR with code 110
[2017.04.28-16.22.27:270][  0]LogAIModule: Creating AISystem for world Untitled
[2017.04.28-16.22.27:279][  0]LogInit: XAudio2 using 'Speakers (2- High Definition Audio Device)' : 2 channels at 44.1 kHz using 16 bits per sample (channel mask 0x3)
[2017.04.28-16.22.27:298][  0]LogInit: FAudioDevice initialized.
[2017.04.28-16.22.27:327][  0]LogDerivedDataCache: Saved boot cache 0.03s 50MB C:/Users/Sarah/AppData/Local/UnrealEngine/4.15/DerivedDataCache/Boot.ddc.
[2017.04.28-16.22.27:335][  0]LogInit: Texture streaming: Enabled
[2017.04.28-16.22.27:471][  0]LogEngineSessionManager: EngineSessionManager initialized
[2017.04.28-16.22.27:605][  0]LogInit: Transaction tracking system initialized
[2017.04.28-16.22.28:091][  0]BlueprintLog: New page: Editor Load
[2017.04.28-16.22.29:333][  0]LocalizationService: Info Localization service is disabled
[2017.04.28-16.22.30:529][  0]LogConsoleResponse:Display: 
[2017.04.28-16.22.30:730][  0]LogCook:Display: Max memory allowance for cook 16384mb min free memory 0mb
[2017.04.28-16.22.30:730][  0]LogCook:Display: Mobile HDR setting 1
[2017.04.28-16.22.31:191][  0]LogFileCache: Scanning file cache for directory 'C:/Users/Sarah/Documents/Unreal Projects/04_BattleTank/BattleTank/Content/' took 0.02s
[2017.04.28-16.22.32:249][  0]SourceControl: Info Source control is disabled
[2017.04.28-16.22.32:249][  0]Cmd: MAP LOAD FILE="../../../../../../Users/Sarah/Documents/Unreal Projects/04_BattleTank/BattleTank/Content/Levels/BattleGround.umap" TEMPLATE=0 SHOWPROGRESS=1 FEATURELEVEL=3
[2017.04.28-16.22.32:250][  0]LightingResults: New page: Lighting Build
[2017.04.28-16.22.32:308][  0]MapCheck: New page: Map Check
[2017.04.28-16.22.32:308][  0]LightingResults: New page: Lighting Build
[2017.04.28-16.22.32:556][  0]LogBlueprint:Warning: [PlayerUI] 'FiringStatus' variable not found. Base class was probably changed.
[2017.04.28-16.22.32:556][  0]LogBlueprint:Warning: [PlayerUI] 'FiringStatus' variable not found. Base class was probably changed.
[2017.04.28-16.22.32:565][  0]LogBlueprint:Warning: [Compiler PlayerUI] Warning Could not find a variable named "FiringStatus" in 'TankAimingComponent'.
Make sure 'TankAimingComponent' has been compiled for  Get FiringStatus
[2017.04.28-16.22.32:566][  0]LogBlueprint:Warning: [Compiler PlayerUI] Warning Could not find a variable named "FiringStatus" in 'TankAimingComponent'.
Make sure 'TankAimingComponent' has been compiled for  Get FiringStatus
[2017.04.28-16.22.32:567][  0]LogBlueprint:Error: [Compiler PlayerUI] Error The property associated with  Firing Status  could not be found
[2017.04.28-16.22.32:567][  0]LogBlueprint:Error: [Compiler PlayerUI] Error The property associated with  Firing Status  could not be found
[2017.04.28-16.22.32:570][  0]LogBlueprint:Warning: [Compiler PlayerUI] Warning [0020.67] Compile of PlayerUI failed. 2 Fatal Issue(s) 2 Warning(s) [in 7 ms] (/Game/UI/PlayerUI.PlayerUI)
[2017.04.28-16.22.32:570][  0]LogBlueprint:Warning: [Compiler PlayerUI] Warning [0020.67] Compile of PlayerUI failed. 2 Fatal Issue(s) 3 Warning(s) [in 0 ms] (/Game/UI/PlayerUI.PlayerUI)
[2017.04.28-16.22.32:570][  0]LogBlueprint:Warning: [Compiler PlayerUI] Warning [0020.67] Compile of PlayerUI failed. 2 Fatal Issue(s) 4 Warning(s) [in 0 ms] (/Game/UI/PlayerUI.PlayerUI)
[2017.04.28-16.22.32:570][  0]LogBlueprint:Warning: [PlayerUI] 'FiringStatus' variable not found. Base class was probably changed.
[2017.04.28-16.22.32:570][  0]LogBlueprint:Warning: [PlayerUI] 'FiringStatus' variable not found. Base class was probably changed.
[2017.04.28-16.22.32:920][  0]LogAIModule: Creating AISystem for world BattleGround
[2017.04.28-16.22.33:263][  0]LogEditorServer: Finished looking for orphan Actors (0.000 secs)
[2017.04.28-16.22.33:265][  0]Cmd: MAP CHECKDEP NOCLEARLOG
[2017.04.28-16.22.33:319][  0]MapCheck: Info Map check complete: 0 Error(s), 0 Warning(s), took 53.922ms to complete.
[2017.04.28-16.22.33:319][  0]LogFileHelpers: Loading map 'BattleGround' took 1.070
[2017.04.28-16.22.33:570][  0]LogCollectionManager: Loaded 1 collections in 0.005558 seconds
[2017.04.28-16.22.33:669][  0]LogFileCache: Scanning file cache for directory 'C:/Users/Sarah/Documents/Unreal Projects/04_BattleTank/BattleTank/Saved/Collections/' took 0.01s
[2017.04.28-16.22.33:669][  0]LogFileCache: Scanning file cache for directory 'C:/Users/Sarah/Documents/Unreal Projects/04_BattleTank/BattleTank/Content/Developers/Sarah/Collections/' took 0.01s
[2017.04.28-16.22.33:669][  0]LogFileCache: Scanning file cache for directory 'C:/Users/Sarah/Documents/Unreal Projects/04_BattleTank/BattleTank/Content/Collections/' took 0.01s
[2017.04.28-16.22.33:669][  0]LogCollectionManager: Rebuilt the GUID cache for 1 collections in 0.000005 seconds
[2017.04.28-16.22.33:669][  0]LogCollectionManager: Rebuilt the hierarchy cache for 1 collections in 0.000000 seconds
[2017.04.28-16.22.33:684][  0]LogContentBrowser: Native class hierarchy populated in 0.0143 seconds. Added 2255 classes and 453 folders.
[2017.04.28-16.22.33:688][  0]LogStats: UGameplayTagsManager::ConstructGameplayTagTree: Construct from data asset -  0.000 s
[2017.04.28-16.22.33:688][  0]LogStats: UGameplayTagsManager::ConstructGameplayTagTree: GameplayTagTreeChangedEvent.Broadcast -  0.000 s
[2017.04.28-16.22.33:780][  0]LogContentBrowser: Native class hierarchy updated for 'WidgetCarousel' in 0.0036 seconds. Added 0 classes and 0 folders.
[2017.04.28-16.22.34:191][  0]LogContentBrowser: Native class hierarchy updated for 'AddContentDialog' in 0.0040 seconds. Added 0 classes and 0 folders.
[2017.04.28-16.22.34:282][  0]LogContentBrowser: Native class hierarchy updated for 'SceneOutliner' in 0.0044 seconds. Added 1 classes and 2 folders.
[2017.04.28-16.22.34:356][  0]LogCrashTracker: Crashtracker disabled due to settings.
[2017.04.28-16.22.34:362][  0]LogUObjectGlobals:Warning: Failed to find object 'Class None.'
[2017.04.28-16.22.34:446][  0]LogContentBrowser: Native class hierarchy updated for 'HierarchicalLODOutliner' in 0.0038 seconds. Added 1 classes and 2 folders.
[2017.04.28-16.22.34:447][  0]LogLoad: (Engine Initialization) Total time: 22.55 seconds
[2017.04.28-16.22.34:447][  0]LogLoad: (Engine Initialization) Total Blueprint compile time: 0.18 seconds
[2017.04.28-16.22.34:447][  0]LogExternalProfiler: No external profilers were discovered.  External profiling features will not be available.
[2017.04.28-16.22.34:787][  0]LogOcInput: OculusInput pre-init called
[2017.04.28-16.22.34:809][  0]LogContentStreaming: Texture pool size now 600 MB
[2017.04.28-16.22.34:810][  0]LogSlate: Took 0.000254 seconds to synchronously load lazily loaded font '../../../Engine/Content/Slate/Fonts/Roboto-Regular.ttf' (155K)
[2017.04.28-16.22.34:815][  0]LogSlate: Took 0.000243 seconds to synchronously load lazily loaded font '../../../Engine/Content/Slate/Fonts/Roboto-Bold.ttf' (160K)
[2017.04.28-16.22.34:832][  0]LogSlate: Took 0.010653 seconds to synchronously load lazily loaded font '../../../Engine/Content/Editor/Slate/Fonts/FontAwesome.ttf' (139K)
[2017.04.28-16.22.34:840][  0]LogSlate: Took 0.006541 seconds to synchronously load lazily loaded font '../../../Engine/Content/Editor/Slate/Fonts/DroidSansMono.ttf' (77K)
[2017.04.28-16.22.35:136][  1]LogRenderer: Reallocating scene render targets to support 1068x628 NumSamples 1 (Frame:2).
[2017.04.28-16.22.35:136][  1]LogAssetRegistry: Asset discovery search completed in 13.8116 seconds
[2017.04.28-16.22.35:136][  1]LogCollectionManager: Rebuilt the object cache for 1 collections in 0.000008 seconds (found 0 objects)
[2017.04.28-16.22.35:136][  1]LogCollectionManager: Fixed up redirectors for 1 collections in 0.000255 seconds (updated 0 objects)
[2017.04.28-16.23.05:824][130]LogTemp: Repeting last play command: Selected Viewport
[2017.04.28-16.23.05:846][130]LogBlueprintUserMessages: Early PlayInEditor Detection: Level '/Game/Levels/BattleGround.BattleGround:PersistentLevel' has LevelScriptBlueprint '/Game/Levels/BattleGround.BattleGround:PersistentLevel.BattleGround' with GeneratedClass '/Game/Levels/BattleGround.BattleGround_C' with ClassGeneratedBy '/Game/Levels/BattleGround.BattleGround:PersistentLevel.BattleGround'
[2017.04.28-16.23.05:847][130]LogPlayLevel: PlayLevel: No blueprints needed recompiling
[2017.04.28-16.23.10:026][130]PIE: New page: PIE session: BattleGround (Apr 28, 2017, 6:23:10 PM)
[2017.04.28-16.23.10:026][130]LogPlayLevel: Creating play world package: /Game/Levels/UEDPIE_0_BattleGround
[2017.04.28-16.23.10:072][130]LogPlayLevel: PIE: StaticDuplicateObject took: (0.045711s)
[2017.04.28-16.23.10:073][130]LogAIModule: Creating AISystem for world BattleGround
[2017.04.28-16.23.10:073][130]LogPlayLevel: PIE: World Init took: (0.000968s)
[2017.04.28-16.23.10:073][130]LogPlayLevel: PIE: Created PIE world by copying editor world from /Game/Levels/BattleGround.BattleGround to /Game/Levels/UEDPIE_0_BattleGround.BattleGround (0.047303s)
[2017.04.28-16.23.10:096][130]LogInit: XAudio2 using 'Speakers (2- High Definition Audio Device)' : 2 channels at 44.1 kHz using 16 bits per sample (channel mask 0x3)
[2017.04.28-16.23.10:106][130]LogInit: FAudioDevice initialized.
[2017.04.28-16.23.10:157][130]LogLoad: Game class is 'BattleTankGameMode_BP_C'
[2017.04.28-16.23.10:165][130]LogWorld: Bringing World /Game/Levels/UEDPIE_0_BattleGround.BattleGround up for play (max tick rate 0) at 2017.04.28-17.23.10
[2017.04.28-16.23.10:166][130]LogWorld: Bringing up level for play took: 0.006645
[2017.04.28-16.23.10:230][130]LogContentBrowser: Native class hierarchy updated for 'MovieSceneCapture' in 0.0037 seconds. Added 11 classes and 0 folders.
[2017.04.28-16.23.10:233][130]PIE: Info Play in editor start time for /Game/Levels/UEDPIE_0_BattleGround 3.824
[2017.04.28-16.23.10:233][130]LogBlueprintUserMessages: Late PlayInEditor Detection: Level '/Game/Levels/BattleGround.BattleGround:PersistentLevel' has LevelScriptBlueprint '/Game/Levels/BattleGround.BattleGround:PersistentLevel.BattleGround' with GeneratedClass '/Game/Levels/BattleGround.BattleGround_C' with ClassGeneratedBy '/Game/Levels/BattleGround.BattleGround:PersistentLevel.BattleGround'
[2017.04.28-16.23.10:234][130]LogOutputDevice:Warning: 

Script Stack:
Tank_BP_C.ExecuteUbergraph_Tank_BP
Tank_BP_C.InpAxisEvt_Turn Right_K2Node_InputAxisEvent_27

[2017.04.28-16.23.10:238][130]LogOutputDevice:Error: Ensure condition failed: LeftTrack && RightTrack [File:C:\Users\Sarah\Documents\Unreal Projects\04_BattleTank\BattleTank\Source\BattleTank\Private\TankMovementComponent.cpp] [Line: 25]
[2017.04.28-16.23.10:238][130]LogStats:             FDebug::EnsureFailed -  0.005 s
[2017.04.28-16.24.25:523][130]LogOutputDevice:Warning: 

Script Stack:
Tank_BP_C.ExecuteUbergraph_Tank_BP
Tank_BP_C.InpAxisEvt_Forwards_K2Node_InputAxisEvent_70

[2017.04.28-16.24.25:524][130]LogOutputDevice:Error: Ensure condition failed: LeftTrack && RightTrack [File:C:\Users\Sarah\Documents\Unreal Projects\04_BattleTank\BattleTank\Source\BattleTank\Private\TankMovementComponent.cpp] [Line: 14]
[2017.04.28-16.24.25:524][130]LogStats:             FDebug::EnsureFailed -  0.001 s
[2017.04.28-16.24.38:459][130]LogCrashTracker: 


[2017.04.28-16.24.38:459][130]LogCrashTracker: 


[2017.04.28-16.24.38:459][130]LogWindows:Error: === Critical error: ===
[2017.04.28-16.24.38:460][130]LogWindows:Error: 
[2017.04.28-16.24.38:460][130]LogWindows:Error: Ensure condition failed: LeftTrack && RightTrack [File:C:\Users\Sarah\Documents\Unreal Projects\04_BattleTank\BattleTank\Source\BattleTank\Private\TankMovementComponent.cpp] [Line: 14] 
[2017.04.28-16.24.38:460][130]LogWindows:Error: 
[2017.04.28-16.24.38:460][130]LogWindows:Error: 
[2017.04.28-16.24.38:460][130]LogWindows:Error: 
[2017.04.28-16.24.38:460][130]LogWindows:Error: Unhandled Exception: EXCEPTION_ACCESS_VIOLATION reading address 0x00000110
[2017.04.28-16.24.38:460][130]LogWindows:Error: 
[2017.04.28-16.24.38:460][130]LogWindows:Error: UE4Editor-BattleTank-7193.dll!UTankAimingComponent::AimAt() [c:\users\sarah\documents\unreal projects\04_battletank\battletank\source\battletank\private\tankaimingcomponent.cpp:29]
[2017.04.28-16.24.38:460][130]LogWindows:Error: UE4Editor-BattleTank-7193.dll!ATankPlayerController::AimTowardsCrosshair() [c:\users\sarah\documents\unreal projects\04_battletank\battletank\source\battletank\private\tankplayercontroller.cpp:40]
[2017.04.28-16.24.38:461][130]LogWindows:Error: UE4Editor-Engine.dll!0x00000000993233CC
[2017.04.28-16.24.38:461][130]LogWindows:Error: UE4Editor-Engine.dll!0x000000009869AA2E
[2017.04.28-16.24.38:461][130]LogWindows:Error: UE4Editor-Engine.dll!0x000000009961F62D
[2017.04.28-16.24.38:461][130]LogWindows:Error: UE4Editor-Engine.dll!0x00000000996252FD
[2017.04.28-16.24.38:461][130]LogWindows:Error: UE4Editor-Core.dll!0x000000009EFDD83D
[2017.04.28-16.24.38:461][130]LogWindows:Error: UE4Editor-Core.dll!0x000000009EFDDC5D
[2017.04.28-16.24.38:461][130]LogWindows:Error: UE4Editor-Core.dll!0x000000009EFFCCDB
[2017.04.28-16.24.38:461][130]LogWindows:Error: UE4Editor-Engine.dll!0x0000000099649051
[2017.04.28-16.24.38:461][130]LogWindows:Error: UE4Editor-Engine.dll!0x00000000996598D2
[2017.04.28-16.24.38:462][130]LogWindows:Error: UE4Editor-Engine.dll!0x0000000098F87B44
[2017.04.28-16.24.38:462][130]LogWindows:Error: UE4Editor-Engine.dll!0x0000000098F8FC6B
[2017.04.28-16.24.38:462][130]LogWindows:Error: UE4Editor-UnrealEd.dll!0x000000009D596D8E
[2017.04.28-16.24.38:462][130]LogWindows:Error: UE4Editor-UnrealEd.dll!0x000000009DDA1AD6
[2017.04.28-16.24.38:462][130]LogWindows:Error: UE4Editor.exe!0x00000000C875DEE3
[2017.04.28-16.24.38:462][130]LogWindows:Error: UE4Editor.exe!0x00000000C874EB40
[2017.04.28-16.24.38:462][130]LogWindows:Error: UE4Editor.exe!0x00000000C874EBBA
[2017.04.28-16.24.38:462][130]LogWindows:Error: UE4Editor.exe!0x00000000C8760A29
[2017.04.28-16.24.38:462][130]LogWindows:Error: UE4Editor.exe!0x00000000C87622B6
[2017.04.28-16.24.38:462][130]LogWindows:Error: KERNEL32.DLL!0x00000000E12A8364
[2017.04.28-16.24.38:462][130]LogWindows:Error: ntdll.dll!0x00000000E18470D1
[2017.04.28-16.24.38:462][130]LogWindows:Error: ntdll.dll!0x00000000E18470D1
[2017.04.28-16.24.38:463][130]LogWindows:Error: 
[2017.04.28-16.24.38:502][130]LogExit: Executing StaticShutdownAfterError
[2017.04.28-16.24.38:524][130]LogWindows: FPlatformMisc::RequestExit(1)
[2017.04.28-16.24.38:525][130]Log file closed, 04/28/17 17:24:38
