Log file open, 04/25/17 11:19:04
LogInit:Display: Running engine for game: BattleTank
LogPlatformFile: Not using cached read wrapper
LogInit:Display: RandInit(-1464466911) SRandInit(-1464466911).
LogTaskGraph: Started task graph with 5 named threads and 8 total threads with 1 sets of task threads.
LogStats: Stats thread started at 0.085636
LogInit: Using libcurl 7.47.1
LogInit:  - built for x86_64-pc-win32
LogInit:  - supports SSL with OpenSSL/1.0.2g
LogInit:  - supports HTTP deflate (compression) using libz 1.2.8
LogInit:  - other features:
LogInit:      CURL_VERSION_SSL
LogInit:      CURL_VERSION_LIBZ
LogInit:      CURL_VERSION_IPV6
LogInit:      CURL_VERSION_ASYNCHDNS
LogInit:      CURL_VERSION_LARGEFILE
LogInit:      CURL_VERSION_IDN
LogInit:  CurlRequestOptions (configurable via config and command line):
LogInit:  - bVerifyPeer = false  - Libcurl will NOT verify peer certificate
LogInit:  - bUseHttpProxy = false  - Libcurl will NOT use HTTP proxy
LogInit:  - bDontReuseConnections = false  - Libcurl will reuse connections
LogInit:  - CertBundlePath = nullptr  - Libcurl will use whatever was configured at build time.
LogInit: Build: ++UE4+Release-4.15-CL-3299760
LogInit: Engine Version: 4.15.0-3299760+++UE4+Release-4.15
LogInit: Compatible Engine Version: 4.15.0-3299760+++UE4+Release-4.15
LogInit: Net CL: 3299760
LogDevObjectVersion: Number of dev versions registered: 14
LogDevObjectVersion:   Dev-Blueprints (B0D832E4-1F89-4F0D-ACCF-7EB736FD4AA2): 8
LogDevObjectVersion:   Dev-Build (E1C64328-A22C-4D53-A36C-8E866417BD8C): 0
LogDevObjectVersion:   Dev-Core (375EC13C-06E4-48FB-B500-84F0262A717E): 2
LogDevObjectVersion:   Dev-Editor (E4B068ED-F494-42E9-A231-DA0B2E46BB41): 14
LogDevObjectVersion:   Dev-Framework (CFFC743F-43B0-4480-9391-14DF171D2073): 22
LogDevObjectVersion:   Dev-Mobile (B02B49B5-BB20-44E9-A304-32B752E40360): 0
LogDevObjectVersion:   Dev-Networking (A4E4105C-59A1-49B5-A7C5-40C4547EDFEE): 0
LogDevObjectVersion:   Dev-Online (39C831C9-5AE6-47DC-9A44-9C173E1C8E7C): 0
LogDevObjectVersion:   Dev-Physics (78F01B33-EBEA-4F98-B9B4-84EACCB95AA2): 0
LogDevObjectVersion:   Dev-Platform (6631380F-2D4D-43E0-8009-CF276956A95A): 0
LogDevObjectVersion:   Dev-Rendering (12F88B9F-8875-4AFC-A67C-D90C383ABD29): 12
LogDevObjectVersion:   Dev-Sequencer (7B5AE74C-D270-4C10-A958-57980B212A5A): 3
LogDevObjectVersion:   Dev-VR (D7296918-1DD6-4BDD-9DE2-64A83CC13884): 0
LogDevObjectVersion:   Dev-LoadTimes (C2A15278-BFE7-4AFE-6C17-90FF531DF755): 1
LogInit: Compiled (64-bit): Feb 14 2017 02:04:14
LogInit: Compiled with Visual C++: 19.00.23026.00
LogInit: Build Configuration: Development
LogInit: Branch Name: ++UE4+Release-4.15
LogInit: Command line: -EpicPortal 
LogInit: Base directory: C:/Program Files/Epic Games/UE_4.15/Engine/Binaries/Win64/
LogInit: Installed Engine Build: 1
LogInit: Presizing for max 8388607 objects, including 0 objects not considered by GC, pre-allocating 0 bytes for permanent pool.
LogInit: Object subsystem initialized
[2017.04.25-10.19.06:046][  0]LogInit: Selected Device Profile: [Windows]
[2017.04.25-10.19.06:046][  0]LogInit: Applying CVar settings loaded from the selected device profile: [Windows]
[2017.04.25-10.19.06:061][  0]LogInit: Computer: DESKTOP-0PEK566
[2017.04.25-10.19.06:061][  0]LogInit: User: Sarah
[2017.04.25-10.19.06:061][  0]LogInit: CPU Page size=65536, Cores=4
[2017.04.25-10.19.06:061][  0]LogInit: High frequency timer resolution =2.143576 MHz
[2017.04.25-10.19.06:061][  0]LogMemory: Memory total: Physical=7.9GB (8GB approx)
[2017.04.25-10.19.06:061][  0]LogMemory: Platform Memory Stats for Windows
[2017.04.25-10.19.06:061][  0]LogMemory: Process Physical Memory: 262.45 MB used, 262.45 MB peak
[2017.04.25-10.19.06:061][  0]LogMemory: Process Virtual Memory: 262.49 MB used, 262.49 MB peak
[2017.04.25-10.19.06:061][  0]LogMemory: Physical Memory: 3687.93 MB used,  4396.34 MB free, 8084.27 MB total
[2017.04.25-10.19.06:061][  0]LogMemory: Virtual Memory: 644.18 MB used,  4396.34 MB free, 134217728.00 MB total
[2017.04.25-10.19.06:188][  0]LogTextLocalizationManager: No specific translations for ('en-US') exist, so ('en') translations will be used.
[2017.04.25-10.19.06:906][  0]LogD3D11RHI: D3D11 adapters:
[2017.04.25-10.19.06:964][  0]LogD3D11RHI:    0. 'AMD Radeon HD 7600M Series' (Feature Level 11_0)
[2017.04.25-10.19.06:964][  0]LogD3D11RHI:       1004/0/3840 MB DedicatedVideo/DedicatedSystem/SharedSystem, Outputs:1, VendorId:0x1002
[2017.04.25-10.19.06:967][  0]LogD3D11RHI:    1. 'Intel(R) HD Graphics 4000' (Feature Level 11_0)
[2017.04.25-10.19.06:967][  0]LogD3D11RHI:       32/0/1760 MB DedicatedVideo/DedicatedSystem/SharedSystem, Outputs:0, VendorId:0x8086
[2017.04.25-10.19.06:969][  0]LogD3D11RHI:    2. 'Microsoft Basic Render Driver' (Feature Level 11_0)
[2017.04.25-10.19.06:969][  0]LogD3D11RHI:       0/0/4042 MB DedicatedVideo/DedicatedSystem/SharedSystem, Outputs:0, VendorId:0x1414
[2017.04.25-10.19.06:969][  0]LogD3D11RHI: Chosen D3D11 Adapter: 0
[2017.04.25-10.19.06:978][  0]LogD3D11RHI: Creating new Direct3DDevice
[2017.04.25-10.19.06:978][  0]LogD3D11RHI:     GPU DeviceId: 0x6840 (for the marketing name, search the web for "GPU Device Id")
[2017.04.25-10.19.06:978][  0]LogWindows: EnumDisplayDevices:
[2017.04.25-10.19.06:978][  0]LogWindows:    0. 'Intel(R) HD Graphics 4000' (P:1 D:1)
[2017.04.25-10.19.06:979][  0]LogWindows:    1. 'Intel(R) HD Graphics 4000' (P:0 D:0)
[2017.04.25-10.19.06:979][  0]LogWindows:    2. 'Intel(R) HD Graphics 4000' (P:0 D:0)
[2017.04.25-10.19.06:979][  0]LogWindows: DebugString: PrimaryIsNotTheChoosenAdapter PrimaryIsNotTheChoosenAdapter PrimaryIsNotTheChoosenAdapter FoundDriverCount:0 
[2017.04.25-10.19.06:979][  0]LogD3D11RHI:     Adapter Name: AMD Radeon HD 7600M Series
[2017.04.25-10.19.06:979][  0]LogD3D11RHI:   Driver Version: Unknown (internal:Unknown, unified:Unknown)
[2017.04.25-10.19.06:979][  0]LogD3D11RHI:      Driver Date: Unknown
[2017.04.25-10.19.06:979][  0]LogRHI: Texture pool is 702 MB (70% of 1004 MB)
[2017.04.25-10.19.06:987][  0]LogD3D11RHI: AMD Pre GCN architecture detected, some driver workarounds will be in place
[2017.04.25-10.19.06:995][  0]LogD3D11RHI: Async texture creation enabled
[2017.04.25-10.19.07:007][  0]LogD3D11RHI: GPU Timing Frequency: 27.000000 (Debug: 2 1)
[2017.04.25-10.19.07:008][  0]LogShaderCompilers: Guid format shader working directory is -35 characters bigger than the processId version (../../../../../../Users/Sarah/Documents/Unreal Projects/04_BattleTank/BattleTank/Intermediate/Shaders/WorkingDirectory/59536/).
[2017.04.25-10.19.07:008][  0]LogShaderCompilers: Cleaned the shader compiler working directory 'C:/Users/Sarah/AppData/Local/Temp/UnrealShaderWorkingDir/F5DC891748C814C0F7464785EC34BADA/'.
[2017.04.25-10.19.07:008][  0]LogShaderCompilers:Display: Using Local Shader Compiler.
[2017.04.25-10.19.08:366][  0]LogTemp:Display: Loaded TP AllDesktopTargetPlatform
[2017.04.25-10.19.08:444][  0]LogTemp:Display: Loaded TP MacClientTargetPlatform
[2017.04.25-10.19.08:521][  0]LogTemp:Display: Loaded TP MacNoEditorTargetPlatform
[2017.04.25-10.19.08:600][  0]LogTemp:Display: Loaded TP MacServerTargetPlatform
[2017.04.25-10.19.08:679][  0]LogTemp:Display: Loaded TP MacTargetPlatform
[2017.04.25-10.19.08:757][  0]LogTemp:Display: Loaded TP WindowsClientTargetPlatform
[2017.04.25-10.19.08:835][  0]LogTemp:Display: Loaded TP WindowsNoEditorTargetPlatform
[2017.04.25-10.19.08:912][  0]LogTemp:Display: Loaded TP WindowsServerTargetPlatform
[2017.04.25-10.19.08:976][  0]LogTemp:Display: Loaded TP WindowsTargetPlatform
[2017.04.25-10.19.09:051][  0]LogTemp:Display: Loaded TP AndroidTargetPlatform
[2017.04.25-10.19.09:127][  0]LogTemp:Display: Loaded TP Android_ASTCTargetPlatform
[2017.04.25-10.19.09:201][  0]LogTemp:Display: Loaded TP Android_ATCTargetPlatform
[2017.04.25-10.19.09:278][  0]LogTemp:Display: Loaded TP Android_DXTTargetPlatform
[2017.04.25-10.19.09:354][  0]LogTemp:Display: Loaded TP Android_ETC1TargetPlatform
[2017.04.25-10.19.09:428][  0]LogTemp:Display: Loaded TP Android_ETC2TargetPlatform
[2017.04.25-10.19.09:578][  0]LogTemp:Display: Loaded TP Android_MultiTargetPlatform
[2017.04.25-10.19.09:578][  0]LogTemp:Display: Loaded TP Android_PVRTCTargetPlatform
[2017.04.25-10.19.09:632][  0]LogTemp:Display: Loaded TP HTML5TargetPlatform
[2017.04.25-10.19.09:760][  0]LogTemp:Display: Loaded TP IOSTargetPlatform
[2017.04.25-10.19.09:829][  0]LogTemp:Display: Loaded TP TVOSTargetPlatform
[2017.04.25-10.19.09:905][  0]LogTemp:Display: Loaded TP LinuxClientTargetPlatform
[2017.04.25-10.19.09:981][  0]LogTemp:Display: Loaded TP LinuxNoEditorTargetPlatform
[2017.04.25-10.19.10:056][  0]LogTemp:Display: Loaded TP LinuxServerTargetPlatform
[2017.04.25-10.19.10:132][  0]LogTemp:Display: Loaded TP LinuxTargetPlatform
[2017.04.25-10.19.10:132][  0]LogTargetPlatformManager:Display: Building Assets For Windows
[2017.04.25-10.19.10:833][  0]LogDerivedDataCache:Display: Max Cache Size: 512 MB
[2017.04.25-10.19.10:889][  0]LogDerivedDataCache: Loaded boot cache 0.06s 50MB C:/Users/Sarah/AppData/Local/UnrealEngine/4.15/DerivedDataCache/Boot.ddc.
[2017.04.25-10.19.10:889][  0]LogDerivedDataCache:Display: Loaded Boot cache: C:/Users/Sarah/AppData/Local/UnrealEngine/4.15/DerivedDataCache/Boot.ddc
[2017.04.25-10.19.10:889][  0]LogDerivedDataCache: FDerivedDataBackendGraph:  Pak pak cache file ../../../../../../Users/Sarah/Documents/Unreal Projects/04_BattleTank/BattleTank/DerivedDataCache/DDC.ddp not found, will not use a pak cache.
[2017.04.25-10.19.10:889][  0]LogDerivedDataCache: Unable to find inner node Pak for hierarchical cache Hierarchy.
[2017.04.25-10.19.10:889][  0]LogDerivedDataCache: FDerivedDataBackendGraph:  CompressedPak pak cache file ../../../../../../Users/Sarah/Documents/Unreal Projects/04_BattleTank/BattleTank/DerivedDataCache/Compressed.ddp not found, will not use a pak cache.
[2017.04.25-10.19.10:889][  0]LogDerivedDataCache: Unable to find inner node CompressedPak for hierarchical cache Hierarchy.
[2017.04.25-10.19.10:911][  0]LogDerivedDataCache:Display: Pak cache opened for reading ../../../Engine/DerivedDataCache/Compressed.ddp.
[2017.04.25-10.19.10:923][  0]LogDerivedDataCache: Using Local data cache path C:/Users/Sarah/AppData/Local/UnrealEngine/Common/DerivedDataCache: Writable
[2017.04.25-10.19.10:934][  0]LogSlate: Using Freetype 2.6.0
[2017.04.25-10.19.10:934][  0]LogSlate: SlateFontCache - WITH_FREETYPE: 1, WITH_HARFBUZZ: 1
[2017.04.25-10.19.10:934][  0]LogSlate: SlateFontCache - WITH_FREETYPE: 1, WITH_HARFBUZZ: 1
[2017.04.25-10.19.11:300][  0]LogInit: Selected Device Profile: [Windows]
[2017.04.25-10.19.11:303][  0]LogContentStreaming: Texture pool size is 0.00 MB
[2017.04.25-10.19.11:598][  0]LogMeshUtilities: Using QuadricMeshReduction for automatic static mesh reduction
[2017.04.25-10.19.11:657][  0]LogSimplygon: Simplygon DLL not present - disabling.
[2017.04.25-10.19.11:748][  0]LogMeshUtilities: Using SimplygonSwarm for distributed automatic mesh merging
[2017.04.25-10.19.11:748][  0]LogMeshUtilities: No automatic skeletal mesh reduction module available
[2017.04.25-10.19.11:748][  0]LogMeshUtilities: No automatic mesh merging module available
[2017.04.25-10.19.12:472][  0]LogNetVersion: GetLocalNetworkVersion: CL: 3299760, ProjectName: battletank, ProjectVersion: , EngineNetworkVersion: 2, GameNetworkVersion: 0, NetworkChecksum: 2512795372
[2017.04.25-10.19.12:529][  0]LogAssetRegistry: FAssetRegistry took 0.0225 seconds to start up
[2017.04.25-10.19.12:588][  0]LogPackageLocalizationCache: Processed 3 localized package path(s) for 2 prioritized culture(s) in 0.029036 seconds
[2017.04.25-10.19.12:594][  0]LogUObjectArray: 32475 objects as part of root set at end of initial load.
[2017.04.25-10.19.12:594][  0]LogUObjectAllocator: 7073360 out of 0 bytes used by permanent object pool.
[2017.04.25-10.19.12:594][  0]LogUObjectArray: CloseDisregardForGC: 0/0 objects in disregard for GC pool
[2017.04.25-10.19.12:684][  0]LogInit: WinSock: version 1.1 (2.2), MaxSocks=32767, MaxUdp=65467
[2017.04.25-10.19.14:994][  0]LogTcpMessaging: Initializing TcpMessaging bridge
[2017.04.25-10.19.15:071][  0]LogUdpMessaging: Initializing bridge on interface 0.0.0.0:0 to multicast group 230.0.0.1:6666.
[2017.04.25-10.19.15:891][  0]LogMaterial: Uniform references updated for custom material expression Custom.
[2017.04.25-10.19.16:505][  0]SourceControl: Info Source control is disabled
[2017.04.25-10.19.16:538][  0]SourceControl: Info Source control is disabled
[2017.04.25-10.19.16:627][  0]SourceControl: Info Source control is disabled
[2017.04.25-10.19.16:717][  0]SourceControl: Info Source control is disabled
[2017.04.25-10.19.19:001][  0]LogEngine: Initializing Engine...
[2017.04.25-10.19.19:001][  0]LogHMD: Failed to initialize OpenVR with code 110
[2017.04.25-10.19.19:312][  0]LogAIModule: Creating AISystem for world Untitled
[2017.04.25-10.19.19:320][  0]LogInit: XAudio2 using 'Speakers (2- High Definition Audio Device)' : 2 channels at 44.1 kHz using 16 bits per sample (channel mask 0x3)
[2017.04.25-10.19.19:339][  0]LogInit: FAudioDevice initialized.
[2017.04.25-10.19.19:366][  0]LogDerivedDataCache: Saved boot cache 0.03s 50MB C:/Users/Sarah/AppData/Local/UnrealEngine/4.15/DerivedDataCache/Boot.ddc.
[2017.04.25-10.19.19:375][  0]LogInit: Texture streaming: Enabled
[2017.04.25-10.19.19:511][  0]LogEngineSessionManager: EngineSessionManager initialized
[2017.04.25-10.19.19:681][  0]LogInit: Transaction tracking system initialized
[2017.04.25-10.19.20:177][  0]BlueprintLog: New page: Editor Load
[2017.04.25-10.19.21:459][  0]LocalizationService: Info Localization service is disabled
[2017.04.25-10.19.22:735][  0]LogConsoleResponse:Display: 
[2017.04.25-10.19.22:926][  0]LogCook:Display: Max memory allowance for cook 16384mb min free memory 0mb
[2017.04.25-10.19.22:926][  0]LogCook:Display: Mobile HDR setting 1
[2017.04.25-10.19.23:435][  0]LogFileCache: Scanning file cache for directory 'C:/Users/Sarah/Documents/Unreal Projects/04_BattleTank/BattleTank/Content/' took 0.01s
[2017.04.25-10.19.24:779][  0]SourceControl: Info Source control is disabled
[2017.04.25-10.19.24:779][  0]Cmd: MAP LOAD FILE="../../../../../../Users/Sarah/Documents/Unreal Projects/04_BattleTank/BattleTank/Content/Levels/BattleGround.umap" TEMPLATE=0 SHOWPROGRESS=1 FEATURELEVEL=3
[2017.04.25-10.19.24:780][  0]LightingResults: New page: Lighting Build
[2017.04.25-10.19.24:838][  0]MapCheck: New page: Map Check
[2017.04.25-10.19.24:838][  0]LightingResults: New page: Lighting Build
[2017.04.25-10.19.25:323][  0]LogAIModule: Creating AISystem for world BattleGround
[2017.04.25-10.19.25:359][  0]LogEditorServer: Finished looking for orphan Actors (0.000 secs)
[2017.04.25-10.19.25:360][  0]Cmd: MAP CHECKDEP NOCLEARLOG
[2017.04.25-10.19.25:420][  0]MapCheck: Info Map check complete: 0 Error(s), 0 Warning(s), took 59.68ms to complete.
[2017.04.25-10.19.25:420][  0]LogFileHelpers: Loading map 'BattleGround' took 0.640
[2017.04.25-10.19.25:668][  0]LogCollectionManager: Loaded 1 collections in 0.002184 seconds
[2017.04.25-10.19.25:781][  0]LogFileCache: Scanning file cache for directory 'C:/Users/Sarah/Documents/Unreal Projects/04_BattleTank/BattleTank/Saved/Collections/' took 0.01s
[2017.04.25-10.19.25:781][  0]LogFileCache: Scanning file cache for directory 'C:/Users/Sarah/Documents/Unreal Projects/04_BattleTank/BattleTank/Content/Developers/Sarah/Collections/' took 0.01s
[2017.04.25-10.19.25:781][  0]LogFileCache: Scanning file cache for directory 'C:/Users/Sarah/Documents/Unreal Projects/04_BattleTank/BattleTank/Content/Collections/' took 0.01s
[2017.04.25-10.19.25:781][  0]LogCollectionManager: Rebuilt the GUID cache for 1 collections in 0.000005 seconds
[2017.04.25-10.19.25:781][  0]LogCollectionManager: Rebuilt the hierarchy cache for 1 collections in 0.000000 seconds
[2017.04.25-10.19.25:795][  0]LogContentBrowser: Native class hierarchy populated in 0.0138 seconds. Added 2255 classes and 453 folders.
[2017.04.25-10.19.25:799][  0]LogStats: UGameplayTagsManager::ConstructGameplayTagTree: Construct from data asset -  0.000 s
[2017.04.25-10.19.25:799][  0]LogStats: UGameplayTagsManager::ConstructGameplayTagTree: GameplayTagTreeChangedEvent.Broadcast -  0.000 s
[2017.04.25-10.19.25:891][  0]LogContentBrowser: Native class hierarchy updated for 'WidgetCarousel' in 0.0038 seconds. Added 0 classes and 0 folders.
[2017.04.25-10.19.25:946][  0]LogContentBrowser: Native class hierarchy updated for 'AddContentDialog' in 0.0036 seconds. Added 0 classes and 0 folders.
[2017.04.25-10.19.26:011][  0]LogContentBrowser: Native class hierarchy updated for 'SceneOutliner' in 0.0042 seconds. Added 1 classes and 2 folders.
[2017.04.25-10.19.26:080][  0]LogCrashTracker: Crashtracker disabled due to settings.
[2017.04.25-10.19.26:087][  0]LogUObjectGlobals:Warning: Failed to find object 'Class None.'
[2017.04.25-10.19.26:176][  0]LogContentBrowser: Native class hierarchy updated for 'HierarchicalLODOutliner' in 0.0037 seconds. Added 1 classes and 2 folders.
[2017.04.25-10.19.26:176][  0]LogLoad: (Engine Initialization) Total time: 24.50 seconds
[2017.04.25-10.19.26:176][  0]LogLoad: (Engine Initialization) Total Blueprint compile time: 0.17 seconds
[2017.04.25-10.19.26:176][  0]LogExternalProfiler: No external profilers were discovered.  External profiling features will not be available.
[2017.04.25-10.19.26:516][  0]LogOcInput: OculusInput pre-init called
[2017.04.25-10.19.26:538][  0]LogContentStreaming: Texture pool size now 600 MB
[2017.04.25-10.19.26:539][  0]LogSlate: Took 0.000191 seconds to synchronously load lazily loaded font '../../../Engine/Content/Slate/Fonts/Roboto-Regular.ttf' (155K)
[2017.04.25-10.19.26:544][  0]LogSlate: Took 0.000234 seconds to synchronously load lazily loaded font '../../../Engine/Content/Slate/Fonts/Roboto-Bold.ttf' (160K)
[2017.04.25-10.19.26:551][  0]LogSlate: Took 0.000257 seconds to synchronously load lazily loaded font '../../../Engine/Content/Editor/Slate/Fonts/FontAwesome.ttf' (139K)
[2017.04.25-10.19.26:552][  0]LogSlate: Took 0.000136 seconds to synchronously load lazily loaded font '../../../Engine/Content/Editor/Slate/Fonts/DroidSansMono.ttf' (77K)
[2017.04.25-10.19.26:787][  0]LogRenderer: Reallocating scene render targets to support 1028x592 NumSamples 1 (Frame:2).
[2017.04.25-10.19.27:014][  1]LogAssetRegistry: Asset discovery search completed in 14.5077 seconds
[2017.04.25-10.19.27:014][  1]LogCollectionManager: Rebuilt the object cache for 1 collections in 0.000009 seconds (found 0 objects)
[2017.04.25-10.19.27:014][  1]LogCollectionManager: Fixed up redirectors for 1 collections in 0.000159 seconds (updated 0 objects)
[2017.04.25-10.19.37:839][508]LogSlate: Took 0.000298 seconds to synchronously load lazily loaded font '../../../Engine/Content/Slate/Fonts/Roboto-Light.ttf' (159K)
[2017.04.25-10.19.40:344][569]LogSlate: Took 0.000405 seconds to synchronously load lazily loaded font '../../../Engine/Content/Slate/Fonts/Roboto-Light.ttf' (159K)
[2017.04.25-10.19.40:905][569]LogSlate: Took 0.000255 seconds to synchronously load lazily loaded font '../../../Engine/Content/Slate/Fonts/Roboto-Regular.ttf' (155K)
[2017.04.25-10.19.41:065][569]LogContentBrowser: Native class hierarchy updated for 'BlueprintGraph' in 0.0043 seconds. Added 112 classes and 0 folders.
[2017.04.25-10.19.42:083][569]LogSlate: Took 0.000338 seconds to synchronously load lazily loaded font '../../../Engine/Content/Editor/Slate/Fonts/Roboto-BoldCondensed.ttf' (158K)
[2017.04.25-10.19.42:231][570]LogSlate: Took 0.000283 seconds to synchronously load lazily loaded font '../../../Engine/Content/Editor/Slate/Fonts/Roboto-Italic.ttf' (157K)
[2017.04.25-10.21.14:493][646]Recompiling BattleTank...
[2017.04.25-10.21.14:494][646]Launching UnrealBuildTool... [C:/Program Files/Epic Games/UE_4.15/Engine/Binaries/DotNET/UnrealBuildTool.exe BattleTank -ModuleWithSuffix BattleTank 8163 Win64 Development -editorrecompile -canskiplink "C:/Users/Sarah/Documents/Unreal Projects/04_BattleTank/BattleTank/BattleTank.uproject" ]
[2017.04.25-10.21.14:495][646]Warning: Starting HotReload took  0.0s.
[2017.04.25-10.21.18:179][767]CompilerResultsLog: New page: Compilation - Apr 25, 2017, 12:21:18 PM
[2017.04.25-10.21.18:180][767]CompilerResultsLog: Info Compiling game modules for hot reload
[2017.04.25-10.21.18:180][767]CompilerResultsLog: Info Performing 3 actions (4 in parallel)
[2017.04.25-10.21.18:180][767]CompilerResultsLog: Info TankMovementComponent.cpp
[2017.04.25-10.21.18:180][767]CompilerResultsLog:Error: Error C:\Users\Sarah\Documents\Unreal Projects\04_BattleTank\BattleTank\Source\BattleTank\Private\TankMovementComponent.cpp(9) : warning C4458: declaration of 'Throw' hides class member
[2017.04.25-10.21.18:180][767]CompilerResultsLog:Error: Error C:\Users\Sarah\Documents\Unreal Projects\04_BattleTank\BattleTank\Source\BattleTank\Public\TankMovementComponent.h(21) : note: see declaration of 'UTankMovementComponent::Throw'
[2017.04.25-10.21.18:180][767]CompilerResultsLog: Info [2/3] Link UE4Editor-BattleTank-8163.dll
[2017.04.25-10.21.18:180][767]CompilerResultsLog: Info [3/3] Link UE4Editor-BattleTank-8163.lib
[2017.04.25-10.21.18:180][767]CompilerResultsLog: Info    Creating library C:\Users\Sarah\Documents\Unreal Projects\04_BattleTank\BattleTank\Intermediate\Build\Win64\UE4Editor\Development\UE4Editor-BattleTank-8163.lib and object C:\Users\Sarah\Documents\Unreal Projects\04_BattleTank\BattleTank\Intermediate\Build\Win64\UE4Editor\Development\UE4Editor-BattleTank-8163.exp
[2017.04.25-10.21.18:180][767]CompilerResultsLog: Info    Creating library C:\Users\Sarah\Documents\Unreal Projects\04_BattleTank\BattleTank\Intermediate\Build\Win64\UE4Editor\Development\UE4Editor-BattleTank-8163.suppressed.lib and object C:\Users\Sarah\Documents\Unreal Projects\04_BattleTank\BattleTank\Intermediate\Build\Win64\UE4Editor\Development\UE4Editor-BattleTank-8163.suppressed.exp
[2017.04.25-10.21.18:180][767]CompilerResultsLog: Info Total build time: 3.35 seconds (Local executor: 2.36 seconds)
[2017.04.25-10.21.18:180][767]LogMainFrame: MainFrame: Module compiling took 3.692 seconds
[2017.04.25-10.21.18:323][767]LogContentBrowser: Native class hierarchy updated for 'BattleTank' in 0.0038 seconds. Added 11 classes and 3 folders.
[2017.04.25-10.21.18:325][767]Display: HotReload successful (6 functions remapped  0 scriptstructs remapped)
[2017.04.25-10.21.18:811][767]LogContentBrowser: Native class hierarchy populated in 0.0147 seconds. Added 2257 classes and 457 folders.
[2017.04.25-10.21.18:812][767]Display: HotReload took  4.3s.
[2017.04.25-10.22.00:059][215]Recompiling BattleTank...
[2017.04.25-10.22.00:059][215]Launching UnrealBuildTool... [C:/Program Files/Epic Games/UE_4.15/Engine/Binaries/DotNET/UnrealBuildTool.exe BattleTank -ModuleWithSuffix BattleTank 8560 Win64 Development -editorrecompile -canskiplink "C:/Users/Sarah/Documents/Unreal Projects/04_BattleTank/BattleTank/BattleTank.uproject" ]
[2017.04.25-10.22.00:062][215]Warning: Starting HotReload took  0.0s.
[2017.04.25-10.22.12:314][727]CompilerResultsLog: New page: Compilation - Apr 25, 2017, 12:22:12 PM
[2017.04.25-10.22.12:314][727]CompilerResultsLog: Info Compiling game modules for hot reload
[2017.04.25-10.22.12:314][727]CompilerResultsLog: Info Parsing headers for BattleTankEditor
[2017.04.25-10.22.12:314][727]CompilerResultsLog: Info   Running UnrealHeaderTool "C:\Users\Sarah\Documents\Unreal Projects\04_BattleTank\BattleTank\BattleTank.uproject" "C:\Users\Sarah\Documents\Unreal Projects\04_BattleTank\BattleTank\Intermediate\Build\Win64\BattleTankEditor\Development\BattleTankEditor.uhtmanifest" -LogCmds="loginit warning, logexit warning, logdatabase error" -Unattended -WarningsAsErrors -installed
[2017.04.25-10.22.12:314][727]CompilerResultsLog: Info Reflection code generated for BattleTankEditor in 7.6626874 seconds
[2017.04.25-10.22.12:314][727]CompilerResultsLog: Info Performing 5 actions (4 in parallel)
[2017.04.25-10.22.12:314][727]CompilerResultsLog: Info TankMovementComponent.cpp
[2017.04.25-10.22.12:314][727]CompilerResultsLog: Info Tank.cpp
[2017.04.25-10.22.12:314][727]CompilerResultsLog: Info BattleTank.generated.cpp
[2017.04.25-10.22.12:314][727]CompilerResultsLog: Info [4/5] Link UE4Editor-BattleTank-8560.dll
[2017.04.25-10.22.12:314][727]CompilerResultsLog: Info [5/5] Link UE4Editor-BattleTank-8560.lib
[2017.04.25-10.22.12:314][727]CompilerResultsLog: Info    Creating library C:\Users\Sarah\Documents\Unreal Projects\04_BattleTank\BattleTank\Intermediate\Build\Win64\UE4Editor\Development\UE4Editor-BattleTank-8560.lib and object C:\Users\Sarah\Documents\Unreal Projects\04_BattleTank\BattleTank\Intermediate\Build\Win64\UE4Editor\Development\UE4Editor-BattleTank-8560.exp
[2017.04.25-10.22.12:314][727]CompilerResultsLog: Info    Creating library C:\Users\Sarah\Documents\Unreal Projects\04_BattleTank\BattleTank\Intermediate\Build\Win64\UE4Editor\Development\UE4Editor-BattleTank-8560.suppressed.lib and object C:\Users\Sarah\Documents\Unreal Projects\04_BattleTank\BattleTank\Intermediate\Build\Win64\UE4Editor\Development\UE4Editor-BattleTank-8560.suppressed.exp
[2017.04.25-10.22.12:314][727]CompilerResultsLog: Info Total build time: 11.93 seconds (Local executor: 3.16 seconds)
[2017.04.25-10.22.12:314][727]LogMainFrame: MainFrame: Module compiling took 12.261 seconds
[2017.04.25-10.22.12:478][727]LogClass: Could not find existing class TankMovementComponent in package /Script/BattleTank for HotReload, assuming new class
[2017.04.25-10.22.12:478][727]LogClass: Function Initialise is new.
[2017.04.25-10.22.12:478][727]LogClass: Function IntendMoveForward is new.
[2017.04.25-10.22.12:488][727]LogHotReload: Re-instancing TankMovementComponent after hot-reload.
[2017.04.25-10.22.12:626][727]LogContentBrowser: Native class hierarchy updated for 'BattleTank' in 0.0037 seconds. Added 11 classes and 3 folders.
[2017.04.25-10.22.12:629][727]Display: HotReload successful (4 functions remapped  0 scriptstructs remapped)
[2017.04.25-10.22.13:030][727]LogContentBrowser: Native class hierarchy populated in 0.0141 seconds. Added 2257 classes and 457 folders.
[2017.04.25-10.22.13:030][727]Display: HotReload took 13.0s.
[2017.04.25-10.22.24:647][ 17]BlueprintLog: New page: Compile Tank_BP
[2017.04.25-10.22.25:574][ 33]Cmd: OBJ SAVEPACKAGE PACKAGE="/Game/Tank/Tank_BP" FILE="../../../../../../Users/Sarah/Documents/Unreal Projects/04_BattleTank/BattleTank/Content/Tank/Tank_BP.uasset" SILENT=true
[2017.04.25-10.22.25:684][ 33]LogSavePackage: Save=78.56ms
[2017.04.25-10.22.25:684][ 33]LogSavePackage: Moving '../../../../../../Users/Sarah/Documents/Unreal Projects/04_BattleTank/BattleTank/Saved/Tank_BPD68C132846FB20F2236BCD9DABC68996.tmp' to '../../../../../../Users/Sarah/Documents/Unreal Projects/04_BattleTank/BattleTank/Content/Tank/Tank_BP.uasset'
[2017.04.25-10.22.25:688][ 33]LogSavePackage:Display: Finished SavePackage ../../../../../../Users/Sarah/Documents/Unreal Projects/04_BattleTank/BattleTank/Content/Tank/Tank_BP.uasset
[2017.04.25-10.24.25:542][225]LogTemp: Repeting last play command: Selected Viewport
[2017.04.25-10.24.25:576][225]LogBlueprintUserMessages: Early PlayInEditor Detection: Level '/Game/Levels/BattleGround.BattleGround:PersistentLevel' has LevelScriptBlueprint '/Game/Levels/BattleGround.BattleGround:PersistentLevel.BattleGround' with GeneratedClass '/Game/Levels/BattleGround.BattleGround_C' with ClassGeneratedBy '/Game/Levels/BattleGround.BattleGround:PersistentLevel.BattleGround'
[2017.04.25-10.24.25:576][225]LogPlayLevel: PlayLevel: No blueprints needed recompiling
[2017.04.25-10.24.25:576][225]PIE: New page: PIE session: BattleGround (Apr 25, 2017, 12:24:25 PM)
[2017.04.25-10.24.25:576][225]LogPlayLevel: Creating play world package: /Game/Levels/UEDPIE_0_BattleGround
[2017.04.25-10.24.25:589][225]LogPlayLevel: PIE: StaticDuplicateObject took: (0.013024s)
[2017.04.25-10.24.25:590][225]LogAIModule: Creating AISystem for world BattleGround
[2017.04.25-10.24.25:591][225]LogPlayLevel: PIE: World Init took: (0.001049s)
[2017.04.25-10.24.25:591][225]LogPlayLevel: PIE: Created PIE world by copying editor world from /Game/Levels/BattleGround.BattleGround to /Game/Levels/UEDPIE_0_BattleGround.BattleGround (0.014399s)
[2017.04.25-10.24.25:637][225]LogInit: XAudio2 using 'Speakers (2- High Definition Audio Device)' : 2 channels at 44.1 kHz using 16 bits per sample (channel mask 0x3)
[2017.04.25-10.24.25:646][225]LogInit: FAudioDevice initialized.
[2017.04.25-10.24.25:697][225]LogLoad: Game class is 'BattleTankGameMode_BP_C'
[2017.04.25-10.24.25:705][225]LogWorld: Bringing World /Game/Levels/UEDPIE_0_BattleGround.BattleGround up for play (max tick rate 0) at 2017.04.25-11.24.25
[2017.04.25-10.24.25:706][225]LogWorld: Bringing up level for play took: 0.007279
[2017.04.25-10.24.25:808][225]LogContentBrowser: Native class hierarchy updated for 'MovieSceneCapture' in 0.0038 seconds. Added 11 classes and 0 folders.
[2017.04.25-10.24.25:811][225]LogTemp:Warning: Tank_BP_C_0 has possessed by Player
[2017.04.25-10.24.25:811][225]PIE: Info Play in editor start time for /Game/Levels/UEDPIE_0_BattleGround -0.607
[2017.04.25-10.24.25:811][225]LogBlueprintUserMessages: Late PlayInEditor Detection: Level '/Game/Levels/BattleGround.BattleGround:PersistentLevel' has LevelScriptBlueprint '/Game/Levels/BattleGround.BattleGround:PersistentLevel.BattleGround' with GeneratedClass '/Game/Levels/BattleGround.BattleGround_C' with ClassGeneratedBy '/Game/Levels/BattleGround.BattleGround:PersistentLevel.BattleGround'
[2017.04.25-10.24.25:812][225]LogTemp:Warning: TankMovement: Intend move forwards 0.000000
[2017.04.25-10.24.26:448][225]LogCrashTracker: 


[2017.04.25-10.24.26:448][225]LogCrashTracker: 


[2017.04.25-10.24.26:448][225]LogWindows:Error: === Critical error: ===
[2017.04.25-10.24.26:448][225]LogWindows:Error: 
[2017.04.25-10.24.26:448][225]LogWindows:Error: Fatal error!
[2017.04.25-10.24.26:448][225]LogWindows:Error: 
[2017.04.25-10.24.26:448][225]LogWindows:Error: Unhandled Exception: EXCEPTION_ACCESS_VIOLATION reading address 0x00000018
[2017.04.25-10.24.26:448][225]LogWindows:Error: 
[2017.04.25-10.24.26:448][225]LogWindows:Error: UE4Editor-CoreUObject.dll!0x00000000A851A356
[2017.04.25-10.24.26:448][225]LogWindows:Error: UE4Editor-BattleTank-8560.dll!UTankTrack::SetThrottle() [c:\users\sarah\documents\unreal projects\04_battletank\battletank\source\battletank\private\tanktrack.cpp:11]
[2017.04.25-10.24.26:448][225]LogWindows:Error: UE4Editor-BattleTank-8560.dll!UTankMovementComponent::IntendMoveForward() [c:\users\sarah\documents\unreal projects\04_battletank\battletank\source\battletank\private\tankmovementcomponent.cpp:15]
[2017.04.25-10.24.26:448][225]LogWindows:Error: UE4Editor-BattleTank-8560.dll!UTankMovementComponent::execIntendMoveForward() [c:\users\sarah\documents\unreal projects\04_battletank\battletank\source\battletank\public\tankmovementcomponent.h:16]
[2017.04.25-10.24.26:449][225]LogWindows:Error: UE4Editor-CoreUObject.dll!0x00000000A8604C1A
[2017.04.25-10.24.26:449][225]LogWindows:Error: UE4Editor-CoreUObject.dll!0x00000000A8737A1E
[2017.04.25-10.24.26:449][225]LogWindows:Error: UE4Editor-CoreUObject.dll!0x00000000A8759A71
[2017.04.25-10.24.26:449][225]LogWindows:Error: UE4Editor-CoreUObject.dll!0x00000000A875BC72
[2017.04.25-10.24.26:449][225]LogWindows:Error: UE4Editor-CoreUObject.dll!0x00000000A873842E
[2017.04.25-10.24.26:449][225]LogWindows:Error: UE4Editor-CoreUObject.dll!0x00000000A8781BC3
[2017.04.25-10.24.26:449][225]LogWindows:Error: UE4Editor-CoreUObject.dll!0x00000000A875BC72
[2017.04.25-10.24.26:449][225]LogWindows:Error: UE4Editor-CoreUObject.dll!0x00000000A8604C1A
[2017.04.25-10.24.26:449][225]LogWindows:Error: UE4Editor-CoreUObject.dll!0x00000000A875AFEB
[2017.04.25-10.24.26:449][225]LogWindows:Error: UE4Editor-Engine.dll!0x00000000A2FA3922
[2017.04.25-10.24.26:449][225]LogWindows:Error: UE4Editor-Engine.dll!0x00000000A402F45A
[2017.04.25-10.24.26:449][225]LogWindows:Error: UE4Editor-Engine.dll!0x00000000A406251A
[2017.04.25-10.24.26:449][225]LogWindows:Error: UE4Editor-Engine.dll!0x00000000A3BF02DC
[2017.04.25-10.24.26:449][225]LogWindows:Error: UE4Editor-Engine.dll!0x00000000A3C03F15
[2017.04.25-10.24.26:449][225]LogWindows:Error: UE4Editor-Engine.dll!0x00000000A3BED6BB
[2017.04.25-10.24.26:449][225]LogWindows:Error: UE4Editor-Engine.dll!0x00000000A3C030CA
[2017.04.25-10.24.26:449][225]LogWindows:Error: UE4Editor-Engine.dll!0x00000000A2F7AA2E
[2017.04.25-10.24.26:449][225]LogWindows:Error: UE4Editor-Engine.dll!0x00000000A3EFF62D
[2017.04.25-10.24.26:449][225]LogWindows:Error: UE4Editor-Engine.dll!0x00000000A3F052FD
[2017.04.25-10.24.26:449][225]LogWindows:Error: UE4Editor-Core.dll!0x00000000A8A5D83D
[2017.04.25-10.24.26:449][225]LogWindows:Error: UE4Editor-Core.dll!0x00000000A8A5DC5D
[2017.04.25-10.24.26:449][225]LogWindows:Error: UE4Editor-Core.dll!0x00000000A8A7CCDB
[2017.04.25-10.24.26:449][225]LogWindows:Error: UE4Editor-Engine.dll!0x00000000A3F29051
[2017.04.25-10.24.26:449][225]LogWindows:Error: UE4Editor-Engine.dll!0x00000000A3F398D2
[2017.04.25-10.24.26:449][225]LogWindows:Error: UE4Editor-Engine.dll!0x00000000A3867B44
[2017.04.25-10.24.26:449][225]LogWindows:Error: UE4Editor-Engine.dll!0x00000000A386FC6B
[2017.04.25-10.24.26:449][225]LogWindows:Error: UE4Editor-UnrealEd.dll!0x00000000A0896D8E
[2017.04.25-10.24.26:449][225]LogWindows:Error: UE4Editor-UnrealEd.dll!0x00000000A10A1AD6
[2017.04.25-10.24.26:449][225]LogWindows:Error: UE4Editor.exe!0x000000007BCBDEE3
[2017.04.25-10.24.26:449][225]LogWindows:Error: UE4Editor.exe!0x000000007BCAEB40
[2017.04.25-10.24.26:449][225]LogWindows:Error: UE4Editor.exe!0x000000007BCAEBBA
[2017.04.25-10.24.26:449][225]LogWindows:Error: UE4Editor.exe!0x000000007BCC0A29
[2017.04.25-10.24.26:449][225]LogWindows:Error: UE4Editor.exe!0x000000007BCC22B6
[2017.04.25-10.24.26:449][225]LogWindows:Error: KERNEL32.DLL!0x00000000E12A8364
[2017.04.25-10.24.26:449][225]LogWindows:Error: ntdll.dll!0x00000000E18470D1
[2017.04.25-10.24.26:449][225]LogWindows:Error: ntdll.dll!0x00000000E18470D1
[2017.04.25-10.24.26:449][225]LogWindows:Error: 
[2017.04.25-10.24.26:484][225]LogExit: Executing StaticShutdownAfterError
[2017.04.25-10.24.26:488][225]LogWindows: FPlatformMisc::RequestExit(1)
[2017.04.25-10.24.26:488][225]Log file closed, 04/25/17 11:24:26
