Log file open, 04/19/17 14:53:19
LogInit:Display: Running engine for game: BattleTank
LogPlatformFile: Not using cached read wrapper
LogInit:Display: RandInit(-1511498191) SRandInit(-1511498191).
LogTaskGraph: Started task graph with 5 named threads and 8 total threads with 1 sets of task threads.
LogStats: Stats thread started at 0.066451
LogInit: Using libcurl 7.47.1
LogInit:  - built for x86_64-pc-win32
LogInit:  - supports SSL with OpenSSL/1.0.2g
LogInit:  - supports HTTP deflate (compression) using libz 1.2.8
LogInit:  - other features:
LogInit:      CURL_VERSION_SSL
LogInit:      CURL_VERSION_LIBZ
LogInit:      CURL_VERSION_IPV6
LogInit:      CURL_VERSION_ASYNCHDNS
LogInit:      CURL_VERSION_LARGEFILE
LogInit:      CURL_VERSION_IDN
LogInit:  CurlRequestOptions (configurable via config and command line):
LogInit:  - bVerifyPeer = false  - Libcurl will NOT verify peer certificate
LogInit:  - bUseHttpProxy = false  - Libcurl will NOT use HTTP proxy
LogInit:  - bDontReuseConnections = false  - Libcurl will reuse connections
LogInit:  - CertBundlePath = nullptr  - Libcurl will use whatever was configured at build time.
LogInit: Build: ++UE4+Release-4.15-CL-3348071
LogInit: Engine Version: 4.15.1-3348071+++UE4+Release-4.15
LogInit: Compatible Engine Version: 4.15.0-3299760+++UE4+Release-4.15
LogInit: Net CL: 3299760
LogDevObjectVersion: Number of dev versions registered: 14
LogDevObjectVersion:   Dev-Blueprints (B0D832E4-1F89-4F0D-ACCF-7EB736FD4AA2): 8
LogDevObjectVersion:   Dev-Build (E1C64328-A22C-4D53-A36C-8E866417BD8C): 0
LogDevObjectVersion:   Dev-Core (375EC13C-06E4-48FB-B500-84F0262A717E): 2
LogDevObjectVersion:   Dev-Editor (E4B068ED-F494-42E9-A231-DA0B2E46BB41): 14
LogDevObjectVersion:   Dev-Framework (CFFC743F-43B0-4480-9391-14DF171D2073): 22
LogDevObjectVersion:   Dev-Mobile (B02B49B5-BB20-44E9-A304-32B752E40360): 0
LogDevObjectVersion:   Dev-Networking (A4E4105C-59A1-49B5-A7C5-40C4547EDFEE): 0
LogDevObjectVersion:   Dev-Online (39C831C9-5AE6-47DC-9A44-9C173E1C8E7C): 0
LogDevObjectVersion:   Dev-Physics (78F01B33-EBEA-4F98-B9B4-84EACCB95AA2): 0
LogDevObjectVersion:   Dev-Platform (6631380F-2D4D-43E0-8009-CF276956A95A): 0
LogDevObjectVersion:   Dev-Rendering (12F88B9F-8875-4AFC-A67C-D90C383ABD29): 12
LogDevObjectVersion:   Dev-Sequencer (7B5AE74C-D270-4C10-A958-57980B212A5A): 3
LogDevObjectVersion:   Dev-VR (D7296918-1DD6-4BDD-9DE2-64A83CC13884): 0
LogDevObjectVersion:   Dev-LoadTimes (C2A15278-BFE7-4AFE-6C17-90FF531DF755): 1
LogInit: Compiled (64-bit): Mar 15 2017 16:52:47
LogInit: Compiled with Visual C++: 19.00.23026.00
LogInit: Build Configuration: Development
LogInit: Branch Name: ++UE4+Release-4.15
LogInit: Command line:  
LogInit: Base directory: C:/Program Files/Epic Games/UE_4.15/Engine/Binaries/Win64/
LogInit: Installed Engine Build: 1
LogInit: Presizing for max 8388607 objects, including 0 objects not considered by GC, pre-allocating 0 bytes for permanent pool.
LogInit: Object subsystem initialized
[2017.04.19-13.53.20:046][  0]LogInit: Selected Device Profile: [Windows]
[2017.04.19-13.53.20:046][  0]LogInit: Applying CVar settings loaded from the selected device profile: [Windows]
[2017.04.19-13.53.20:054][  0]LogInit: Computer: DESKTOP-7RIOMGQ
[2017.04.19-13.53.20:054][  0]LogInit: User: Ed
[2017.04.19-13.53.20:054][  0]LogInit: CPU Page size=65536, Cores=4
[2017.04.19-13.53.20:054][  0]LogInit: High frequency timer resolution =3.421869 MHz
[2017.04.19-13.53.20:054][  0]LogMemory: Memory total: Physical=16.0GB (16GB approx)
[2017.04.19-13.53.20:054][  0]LogMemory: Platform Memory Stats for Windows
[2017.04.19-13.53.20:054][  0]LogMemory: Process Physical Memory: 263.38 MB used, 263.38 MB peak
[2017.04.19-13.53.20:054][  0]LogMemory: Process Virtual Memory: 262.39 MB used, 262.39 MB peak
[2017.04.19-13.53.20:054][  0]LogMemory: Physical Memory: 3931.41 MB used,  12409.57 MB free, 16340.98 MB total
[2017.04.19-13.53.20:054][  0]LogMemory: Virtual Memory: 643.96 MB used,  12409.57 MB free, 134217728.00 MB total
[2017.04.19-13.53.20:112][  0]LogTextLocalizationManager: No specific translations for ('en-GB') exist, so ('en') translations will be used.
[2017.04.19-13.53.20:552][  0]LogD3D11RHI: D3D11 adapters:
[2017.04.19-13.53.20:566][  0]LogD3D11RHI:    0. 'Radeon (TM) RX 480 Graphics' (Feature Level 11_0)
[2017.04.19-13.53.20:566][  0]LogD3D11RHI:       8140/0/8170 MB DedicatedVideo/DedicatedSystem/SharedSystem, Outputs:1, VendorId:0x1002
[2017.04.19-13.53.20:567][  0]LogD3D11RHI:    1. 'Microsoft Basic Render Driver' (Feature Level 11_0)
[2017.04.19-13.53.20:567][  0]LogD3D11RHI:       0/0/8170 MB DedicatedVideo/DedicatedSystem/SharedSystem, Outputs:0, VendorId:0x1414
[2017.04.19-13.53.20:567][  0]LogD3D11RHI: Chosen D3D11 Adapter: 0
[2017.04.19-13.53.20:570][  0]LogD3D11RHI: Creating new Direct3DDevice
[2017.04.19-13.53.20:570][  0]LogD3D11RHI:     GPU DeviceId: 0x67df (for the marketing name, search the web for "GPU Device Id")
[2017.04.19-13.53.20:570][  0]LogWindows: EnumDisplayDevices:
[2017.04.19-13.53.20:570][  0]LogWindows:    0. 'Radeon (TM) RX 480 Graphics' (P:1 D:1)
[2017.04.19-13.53.20:570][  0]LogWindows:    1. 'Radeon (TM) RX 480 Graphics' (P:0 D:0)
[2017.04.19-13.53.20:570][  0]LogWindows:    2. 'Radeon (TM) RX 480 Graphics' (P:0 D:0)
[2017.04.19-13.53.20:571][  0]LogWindows:    3. 'Radeon (TM) RX 480 Graphics' (P:0 D:0)
[2017.04.19-13.53.20:571][  0]LogWindows:    4. 'Radeon (TM) RX 480 Graphics' (P:0 D:0)
[2017.04.19-13.53.20:571][  0]LogWindows:    5. 'Radeon (TM) RX 480 Graphics' (P:0 D:0)
[2017.04.19-13.53.20:571][  0]LogWindows: DebugString: FoundDriverCount:6 
[2017.04.19-13.53.20:571][  0]LogD3D11RHI:     Adapter Name: Radeon (TM) RX 480 Graphics
[2017.04.19-13.53.20:571][  0]LogD3D11RHI:   Driver Version: Crimson 16.7.2 (internal:16.200.1035.1001, unified:16.200.1035.1001)
[2017.04.19-13.53.20:571][  0]LogD3D11RHI:      Driver Date: 7-8-2016
[2017.04.19-13.53.20:571][  0]LogRHI: Texture pool is 1361 MB (70% of 1945 MB)
[2017.04.19-13.53.20:619][  0]LogD3D11RHI: Async texture creation enabled
[2017.04.19-13.53.20:628][  0]LogD3D11RHI: GPU Timing Frequency: 25.000000 (Debug: 2 1)
[2017.04.19-13.53.20:628][  0]LogShaderCompilers: Guid format shader working directory is -35 characters bigger than the processId version (../../../../../../Users/Ed/Documents/Unreal Projects/04_BattleTank/BattleTank/Intermediate/Shaders/WorkingDirectory/16052/).
[2017.04.19-13.53.20:628][  0]LogShaderCompilers: Cleaned the shader compiler working directory 'C:/Users/Ed/AppData/Local/Temp/UnrealShaderWorkingDir/3D21B5DA42FE22403573B181B87C8D1C/'.
[2017.04.19-13.53.20:628][  0]LogShaderCompilers:Display: Using Local Shader Compiler.
[2017.04.19-13.53.21:370][  0]LogTemp:Display: Loaded TP AllDesktopTargetPlatform
[2017.04.19-13.53.21:409][  0]LogTemp:Display: Loaded TP MacClientTargetPlatform
[2017.04.19-13.53.21:447][  0]LogTemp:Display: Loaded TP MacNoEditorTargetPlatform
[2017.04.19-13.53.21:488][  0]LogTemp:Display: Loaded TP MacServerTargetPlatform
[2017.04.19-13.53.21:533][  0]LogTemp:Display: Loaded TP MacTargetPlatform
[2017.04.19-13.53.21:573][  0]LogTemp:Display: Loaded TP WindowsClientTargetPlatform
[2017.04.19-13.53.21:611][  0]LogTemp:Display: Loaded TP WindowsNoEditorTargetPlatform
[2017.04.19-13.53.21:649][  0]LogTemp:Display: Loaded TP WindowsServerTargetPlatform
[2017.04.19-13.53.21:680][  0]LogTemp:Display: Loaded TP WindowsTargetPlatform
[2017.04.19-13.53.21:717][  0]LogTemp:Display: Loaded TP AndroidTargetPlatform
[2017.04.19-13.53.21:754][  0]LogTemp:Display: Loaded TP Android_ASTCTargetPlatform
[2017.04.19-13.53.21:792][  0]LogTemp:Display: Loaded TP Android_ATCTargetPlatform
[2017.04.19-13.53.21:830][  0]LogTemp:Display: Loaded TP Android_DXTTargetPlatform
[2017.04.19-13.53.21:868][  0]LogTemp:Display: Loaded TP Android_ETC1TargetPlatform
[2017.04.19-13.53.21:906][  0]LogTemp:Display: Loaded TP Android_ETC2TargetPlatform
[2017.04.19-13.53.21:981][  0]LogTemp:Display: Loaded TP Android_MultiTargetPlatform
[2017.04.19-13.53.21:981][  0]LogTemp:Display: Loaded TP Android_PVRTCTargetPlatform
[2017.04.19-13.53.22:006][  0]LogTemp:Display: Loaded TP HTML5TargetPlatform
[2017.04.19-13.53.22:079][  0]LogTemp:Display: Loaded TP IOSTargetPlatform
[2017.04.19-13.53.22:104][  0]LogTemp:Display: Loaded TP TVOSTargetPlatform
[2017.04.19-13.53.22:141][  0]LogTemp:Display: Loaded TP LinuxClientTargetPlatform
[2017.04.19-13.53.22:179][  0]LogTemp:Display: Loaded TP LinuxNoEditorTargetPlatform
[2017.04.19-13.53.22:216][  0]LogTemp:Display: Loaded TP LinuxServerTargetPlatform
[2017.04.19-13.53.22:253][  0]LogTemp:Display: Loaded TP LinuxTargetPlatform
[2017.04.19-13.53.22:253][  0]LogTargetPlatformManager:Display: Building Assets For Windows
[2017.04.19-13.53.22:555][  0]LogDerivedDataCache:Display: Max Cache Size: 512 MB
[2017.04.19-13.53.22:593][  0]LogDerivedDataCache: Loaded boot cache 0.04s 50MB C:/Users/Ed/AppData/Local/UnrealEngine/4.15/DerivedDataCache/Boot.ddc.
[2017.04.19-13.53.22:593][  0]LogDerivedDataCache:Display: Loaded Boot cache: C:/Users/Ed/AppData/Local/UnrealEngine/4.15/DerivedDataCache/Boot.ddc
[2017.04.19-13.53.22:593][  0]LogDerivedDataCache: FDerivedDataBackendGraph:  Pak pak cache file ../../../../../../Users/Ed/Documents/Unreal Projects/04_BattleTank/BattleTank/DerivedDataCache/DDC.ddp not found, will not use a pak cache.
[2017.04.19-13.53.22:593][  0]LogDerivedDataCache: Unable to find inner node Pak for hierarchical cache Hierarchy.
[2017.04.19-13.53.22:593][  0]LogDerivedDataCache: FDerivedDataBackendGraph:  CompressedPak pak cache file ../../../../../../Users/Ed/Documents/Unreal Projects/04_BattleTank/BattleTank/DerivedDataCache/Compressed.ddp not found, will not use a pak cache.
[2017.04.19-13.53.22:593][  0]LogDerivedDataCache: Unable to find inner node CompressedPak for hierarchical cache Hierarchy.
[2017.04.19-13.53.22:606][  0]LogDerivedDataCache:Display: Pak cache opened for reading ../../../Engine/DerivedDataCache/Compressed.ddp.
[2017.04.19-13.53.22:618][  0]LogDerivedDataCache: Using Local data cache path C:/Users/Ed/AppData/Local/UnrealEngine/Common/DerivedDataCache: Writable
[2017.04.19-13.53.22:624][  0]LogSlate: Using Freetype 2.6.0
[2017.04.19-13.53.22:625][  0]LogSlate: SlateFontCache - WITH_FREETYPE: 1, WITH_HARFBUZZ: 1
[2017.04.19-13.53.22:625][  0]LogSlate: SlateFontCache - WITH_FREETYPE: 1, WITH_HARFBUZZ: 1
[2017.04.19-13.53.22:805][  0]LogInit: Selected Device Profile: [Windows]
[2017.04.19-13.53.22:807][  0]LogContentStreaming: Texture pool size is 0.00 MB
[2017.04.19-13.53.22:955][  0]LogMeshUtilities: Using QuadricMeshReduction for automatic static mesh reduction
[2017.04.19-13.53.22:983][  0]LogSimplygon: Simplygon DLL not present - disabling.
[2017.04.19-13.53.23:015][  0]LogMeshUtilities: Using SimplygonSwarm for distributed automatic mesh merging
[2017.04.19-13.53.23:015][  0]LogMeshUtilities: No automatic skeletal mesh reduction module available
[2017.04.19-13.53.23:015][  0]LogMeshUtilities: No automatic mesh merging module available
[2017.04.19-13.53.23:380][  0]LogNetVersion: GetLocalNetworkVersion: CL: 3299760, ProjectName: battletank, ProjectVersion: , EngineNetworkVersion: 2, GameNetworkVersion: 0, NetworkChecksum: 2512795372
[2017.04.19-13.53.23:417][  0]LogAssetRegistry: FAssetRegistry took 0.0211 seconds to start up
[2017.04.19-13.53.23:454][  0]LogPackageLocalizationCache: Processed 3 localized package path(s) for 2 prioritized culture(s) in 0.021902 seconds
[2017.04.19-13.53.23:457][  0]LogUObjectArray: 32493 objects as part of root set at end of initial load.
[2017.04.19-13.53.23:457][  0]LogUObjectAllocator: 7077032 out of 0 bytes used by permanent object pool.
[2017.04.19-13.53.23:457][  0]LogUObjectArray: CloseDisregardForGC: 0/0 objects in disregard for GC pool
[2017.04.19-13.53.23:500][  0]LogInit: WinSock: version 1.1 (2.2), MaxSocks=32767, MaxUdp=65467
[2017.04.19-13.53.24:586][  0]LogTcpMessaging: Initializing TcpMessaging bridge
[2017.04.19-13.53.24:617][  0]LogUdpMessaging: Initializing bridge on interface 0.0.0.0:0 to multicast group 230.0.0.1:6666.
[2017.04.19-13.53.24:975][  0]LogMaterial: Uniform references updated for custom material expression Custom.
[2017.04.19-13.53.25:233][  0]SourceControl: Info Source control is disabled
[2017.04.19-13.53.25:253][  0]SourceControl: Info Source control is disabled
[2017.04.19-13.53.25:287][  0]SourceControl: Info Source control is disabled
[2017.04.19-13.53.25:319][  0]SourceControl: Info Source control is disabled
[2017.04.19-13.53.26:169][  0]LogEngine: Initializing Engine...
[2017.04.19-13.53.26:169][  0]LogHMD: Failed to initialize OpenVR with code 110
[2017.04.19-13.53.26:328][  0]LogAIModule: Creating AISystem for world Untitled
[2017.04.19-13.53.26:336][  0]LogInit: XAudio2 using '1 - Acer XR341CK (AMD High Definition Audio Device)' : 2 channels at 48 kHz using 16 bits per sample (channel mask 0x3)
[2017.04.19-13.53.26:345][  0]LogInit: FAudioDevice initialized.
[2017.04.19-13.53.26:362][  0]LogDerivedDataCache: Saved boot cache 0.02s 50MB C:/Users/Ed/AppData/Local/UnrealEngine/4.15/DerivedDataCache/Boot.ddc.
[2017.04.19-13.53.26:369][  0]LogInit: Texture streaming: Enabled
[2017.04.19-13.53.26:431][  0]LogEngineSessionManager: EngineSessionManager initialized
[2017.04.19-13.53.26:489][  0]LogInit: Transaction tracking system initialized
[2017.04.19-13.53.26:715][  0]BlueprintLog: New page: Editor Load
[2017.04.19-13.53.27:295][  0]LocalizationService: Info Localization service is disabled
[2017.04.19-13.53.27:742][  0]LogConsoleResponse:Display: 
[2017.04.19-13.53.27:829][  0]LogCook:Display: Max memory allowance for cook 16384mb min free memory 0mb
[2017.04.19-13.53.27:829][  0]LogCook:Display: Mobile HDR setting 1
[2017.04.19-13.53.28:140][  0]LogFileCache: Scanning file cache for directory 'C:/Users/Ed/Documents/Unreal Projects/04_BattleTank/BattleTank/Content/' took 0.01s
[2017.04.19-13.53.28:521][  0]SourceControl: Info Source control is disabled
[2017.04.19-13.53.28:521][  0]Cmd: MAP LOAD FILE="../../../../../../Users/Ed/Documents/Unreal Projects/04_BattleTank/BattleTank/Content/Levels/BattleGround.umap" TEMPLATE=0 SHOWPROGRESS=1 FEATURELEVEL=3
[2017.04.19-13.53.28:522][  0]LightingResults: New page: Lighting Build
[2017.04.19-13.53.28:548][  0]MapCheck: New page: Map Check
[2017.04.19-13.53.28:548][  0]LightingResults: New page: Lighting Build
[2017.04.19-13.53.28:765][  0]LogAIModule: Creating AISystem for world BattleGround
[2017.04.19-13.53.28:797][  0]LogEditorServer: Finished looking for orphan Actors (0.000 secs)
[2017.04.19-13.53.28:797][  0]Cmd: MAP CHECKDEP NOCLEARLOG
[2017.04.19-13.53.28:824][  0]MapCheck: Info Map check complete: 0 Error(s), 0 Warning(s), took 27.221ms to complete.
[2017.04.19-13.53.28:824][  0]LogFileHelpers: Loading map 'BattleGround' took 0.303
[2017.04.19-13.53.28:879][  0]LogWindowsTextInputMethodSystem:Display: IME system now deactivated.
[2017.04.19-13.53.28:975][  0]LogCollectionManager: Loaded 1 collections in 0.001098 seconds
[2017.04.19-13.53.29:039][  0]LogFileCache: Scanning file cache for directory 'C:/Users/Ed/Documents/Unreal Projects/04_BattleTank/BattleTank/Saved/Collections/' took 0.01s
[2017.04.19-13.53.29:039][  0]LogFileCache: Scanning file cache for directory 'C:/Users/Ed/Documents/Unreal Projects/04_BattleTank/BattleTank/Content/Developers/Ed/Collections/' took 0.01s
[2017.04.19-13.53.29:039][  0]LogFileCache: Scanning file cache for directory 'C:/Users/Ed/Documents/Unreal Projects/04_BattleTank/BattleTank/Content/Collections/' took 0.01s
[2017.04.19-13.53.29:039][  0]LogCollectionManager: Rebuilt the GUID cache for 1 collections in 0.000003 seconds
[2017.04.19-13.53.29:039][  0]LogCollectionManager: Rebuilt the hierarchy cache for 1 collections in 0.000000 seconds
[2017.04.19-13.53.29:046][  0]LogContentBrowser: Native class hierarchy populated in 0.0071 seconds. Added 2250 classes and 456 folders.
[2017.04.19-13.53.29:049][  0]LogStats: UGameplayTagsManager::ConstructGameplayTagTree: Construct from data asset -  0.000 s
[2017.04.19-13.53.29:049][  0]LogStats: UGameplayTagsManager::ConstructGameplayTagTree: GameplayTagTreeChangedEvent.Broadcast -  0.000 s
[2017.04.19-13.53.29:091][  0]LogContentBrowser: Native class hierarchy updated for 'WidgetCarousel' in 0.0013 seconds. Added 0 classes and 0 folders.
[2017.04.19-13.53.29:116][  0]LogContentBrowser: Native class hierarchy updated for 'AddContentDialog' in 0.0013 seconds. Added 0 classes and 0 folders.
[2017.04.19-13.53.29:147][  0]LogContentBrowser: Native class hierarchy updated for 'SceneOutliner' in 0.0013 seconds. Added 1 classes and 2 folders.
[2017.04.19-13.53.29:166][  0]LogCrashTracker: Crashtracker disabled due to settings.
[2017.04.19-13.53.29:170][  0]LogUObjectGlobals:Warning: Failed to find object 'Class None.'
[2017.04.19-13.53.29:220][  0]LogContentBrowser: Native class hierarchy updated for 'HierarchicalLODOutliner' in 0.0013 seconds. Added 1 classes and 2 folders.
[2017.04.19-13.53.29:221][  0]LogLoad: (Engine Initialization) Total time: 10.66 seconds
[2017.04.19-13.53.29:221][  0]LogLoad: (Engine Initialization) Total Blueprint compile time: 0.07 seconds
[2017.04.19-13.53.29:221][  0]LogExternalProfiler: No external profilers were discovered.  External profiling features will not be available.
[2017.04.19-13.53.29:229][  0]LogOcInput: OculusInput pre-init called
[2017.04.19-13.53.29:242][  0]LogAssetRegistry: Asset discovery search completed in 5.8461 seconds
[2017.04.19-13.53.29:242][  0]LogCollectionManager: Rebuilt the object cache for 1 collections in 0.000003 seconds (found 0 objects)
[2017.04.19-13.53.29:242][  0]LogCollectionManager: Fixed up redirectors for 1 collections in 0.000015 seconds (updated 0 objects)
[2017.04.19-13.53.29:246][  0]LogContentStreaming: Texture pool size now 1000 MB
[2017.04.19-13.53.29:252][  0]LogSlate: Took 0.000141 seconds to synchronously load lazily loaded font '../../../Engine/Content/Slate/Fonts/Roboto-Regular.ttf' (155K)
[2017.04.19-13.53.29:255][  0]LogSlate: Took 0.000141 seconds to synchronously load lazily loaded font '../../../Engine/Content/Slate/Fonts/Roboto-Bold.ttf' (160K)
[2017.04.19-13.53.29:258][  0]LogSlate: Took 0.000120 seconds to synchronously load lazily loaded font '../../../Engine/Content/Editor/Slate/Fonts/FontAwesome.ttf' (139K)
[2017.04.19-13.53.29:259][  0]LogSlate: Took 0.000073 seconds to synchronously load lazily loaded font '../../../Engine/Content/Editor/Slate/Fonts/DroidSansMono.ttf' (77K)
[2017.04.19-13.53.29:390][  2]LogRenderer: Reallocating scene render targets to support 872x676 NumSamples 1 (Frame:2).
[2017.04.19-13.53.40:223][276]LogHttp:Warning: 00000141BC53DD80: request failed, libcurl error: 6 (Couldn't resolve host name)
[2017.04.19-13.53.40:223][276]LogHttp:Warning: 00000141BC53DD80: libcurl info message cache 0 (Could not resolve host: cdn.unrealengine.com)
[2017.04.19-13.53.40:223][276]LogHttp:Warning: 00000141BC53DD80: libcurl info message cache 1 (Closing connection 0)
[2017.04.19-13.53.51:283][603]LogHttp:Warning: 00000141BC83D900: request failed, libcurl error: 6 (Couldn't resolve host name)
[2017.04.19-13.53.51:283][603]LogHttp:Warning: 00000141BC83D900: libcurl info message cache 0 (Could not resolve host: cdn.unrealengine.com)
[2017.04.19-13.53.51:283][603]LogHttp:Warning: 00000141BC83D900: libcurl info message cache 1 (Closing connection 1)
[2017.04.19-14.00.29:763][140]LogHttp:Warning: 00000141BC83F400: request failed, libcurl error: 6 (Couldn't resolve host name)
[2017.04.19-14.00.29:763][140]LogHttp:Warning: 00000141BC83F400: libcurl info message cache 0 (Connection 4 seems to be dead!)
[2017.04.19-14.00.29:763][140]LogHttp:Warning: 00000141BC83F400: libcurl info message cache 1 (Closing connection 4)
[2017.04.19-14.00.29:763][140]LogHttp:Warning: 00000141BC83F400: libcurl info message cache 2 (TLSv1.2 (OUT), TLS alert, Client hello (1):)
[2017.04.19-14.00.29:763][140]LogHttp:Warning: 00000141BC83F400: libcurl info message cache 3 (Could not resolve host: datarouter.ol.epicgames.com)
[2017.04.19-14.00.29:763][140]LogHttp:Warning: 00000141BC83F400: libcurl info message cache 4 (Closing connection 5)
[2017.04.19-14.02.29:763][500]LogHttp:Warning: 00000141BC83CA00: request failed, libcurl error: 6 (Couldn't resolve host name)
[2017.04.19-14.02.29:763][500]LogHttp:Warning: 00000141BC83CA00: libcurl info message cache 0 (Could not resolve host: datarouter.ol.epicgames.com)
[2017.04.19-14.02.29:763][500]LogHttp:Warning: 00000141BC83CA00: libcurl info message cache 1 (Closing connection 6)
[2017.04.19-14.04.29:763][860]LogHttp:Warning: 00000141BC83CB80: request failed, libcurl error: 6 (Couldn't resolve host name)
[2017.04.19-14.04.29:763][860]LogHttp:Warning: 00000141BC83CB80: libcurl info message cache 0 (Could not resolve host: datarouter.ol.epicgames.com)
[2017.04.19-14.04.29:763][860]LogHttp:Warning: 00000141BC83CB80: libcurl info message cache 1 (Closing connection 7)
[2017.04.19-14.06.29:769][220]LogHttp:Warning: 00000141CDEAA380: request failed, libcurl error: 6 (Couldn't resolve host name)
[2017.04.19-14.06.29:769][220]LogHttp:Warning: 00000141CDEAA380: libcurl info message cache 0 (Could not resolve host: datarouter.ol.epicgames.com)
[2017.04.19-14.06.29:769][220]LogHttp:Warning: 00000141CDEAA380: libcurl info message cache 1 (Closing connection 8)
[2017.04.19-14.08.29:769][580]LogHttp:Warning: 00000141CDEA9000: request failed, libcurl error: 6 (Couldn't resolve host name)
[2017.04.19-14.08.29:769][580]LogHttp:Warning: 00000141CDEA9000: libcurl info message cache 0 (Could not resolve host: datarouter.ol.epicgames.com)
[2017.04.19-14.08.29:769][580]LogHttp:Warning: 00000141CDEA9000: libcurl info message cache 1 (Closing connection 9)
[2017.04.19-14.10.29:769][940]LogHttp:Warning: 00000141CDEA8D00: request failed, libcurl error: 6 (Couldn't resolve host name)
[2017.04.19-14.10.29:769][940]LogHttp:Warning: 00000141CDEA8D00: libcurl info message cache 0 (Could not resolve host: datarouter.ol.epicgames.com)
[2017.04.19-14.10.29:769][940]LogHttp:Warning: 00000141CDEA8D00: libcurl info message cache 1 (Closing connection 10)
[2017.04.19-14.12.29:769][300]LogHttp:Warning: 00000141CDEA8E80: request failed, libcurl error: 6 (Couldn't resolve host name)
[2017.04.19-14.12.29:770][300]LogHttp:Warning: 00000141CDEA8E80: libcurl info message cache 0 (Could not resolve host: datarouter.ol.epicgames.com)
[2017.04.19-14.12.29:770][300]LogHttp:Warning: 00000141CDEA8E80: libcurl info message cache 1 (Closing connection 11)
[2017.04.19-14.14.29:769][660]LogHttp:Warning: 00000141CDEA8B80: request failed, libcurl error: 6 (Couldn't resolve host name)
[2017.04.19-14.14.29:769][660]LogHttp:Warning: 00000141CDEA8B80: libcurl info message cache 0 (Could not resolve host: datarouter.ol.epicgames.com)
[2017.04.19-14.14.29:769][660]LogHttp:Warning: 00000141CDEA8B80: libcurl info message cache 1 (Closing connection 12)
[2017.04.19-14.16.29:769][ 20]LogHttp:Warning: 00000141CDEAA200: request failed, libcurl error: 6 (Couldn't resolve host name)
[2017.04.19-14.16.29:770][ 20]LogHttp:Warning: 00000141CDEAA200: libcurl info message cache 0 (Could not resolve host: datarouter.ol.epicgames.com)
[2017.04.19-14.16.29:770][ 20]LogHttp:Warning: 00000141CDEAA200: libcurl info message cache 1 (Closing connection 13)
[2017.04.19-14.18.29:769][380]LogHttp:Warning: 00000141CDEAAB00: request failed, libcurl error: 6 (Couldn't resolve host name)
[2017.04.19-14.18.29:770][380]LogHttp:Warning: 00000141CDEAAB00: libcurl info message cache 0 (Could not resolve host: datarouter.ol.epicgames.com)
[2017.04.19-14.18.29:770][380]LogHttp:Warning: 00000141CDEAAB00: libcurl info message cache 1 (Closing connection 14)
[2017.04.19-14.20.29:770][740]LogHttp:Warning: 00000141CDEA9000: request failed, libcurl error: 6 (Couldn't resolve host name)
[2017.04.19-14.20.29:770][740]LogHttp:Warning: 00000141CDEA9000: libcurl info message cache 0 (Could not resolve host: datarouter.ol.epicgames.com)
[2017.04.19-14.20.29:770][740]LogHttp:Warning: 00000141CDEA9000: libcurl info message cache 1 (Closing connection 15)
[2017.04.19-14.22.29:769][100]LogHttp:Warning: 00000141CDEAA380: request failed, libcurl error: 6 (Couldn't resolve host name)
[2017.04.19-14.22.29:770][100]LogHttp:Warning: 00000141CDEAA380: libcurl info message cache 0 (Could not resolve host: datarouter.ol.epicgames.com)
[2017.04.19-14.22.29:770][100]LogHttp:Warning: 00000141CDEAA380: libcurl info message cache 1 (Closing connection 16)
[2017.04.19-14.33.28:385][829]LogTemp: Repeting last play command: Selected Viewport
[2017.04.19-14.33.28:396][829]LogBlueprintUserMessages: Early PlayInEditor Detection: Level '/Game/Levels/BattleGround.BattleGround:PersistentLevel' has LevelScriptBlueprint '/Game/Levels/BattleGround.BattleGround:PersistentLevel.BattleGround' with GeneratedClass '/Game/Levels/BattleGround.BattleGround_C' with ClassGeneratedBy '/Game/Levels/BattleGround.BattleGround:PersistentLevel.BattleGround'
[2017.04.19-14.33.28:396][829]LogPlayLevel: PlayLevel: No blueprints needed recompiling
[2017.04.19-14.33.28:396][829]PIE: New page: PIE session: BattleGround (19 Apr 2017 16:33:28)
[2017.04.19-14.33.28:396][829]LogPlayLevel: Creating play world package: /Game/Levels/UEDPIE_0_BattleGround
[2017.04.19-14.33.28:404][829]LogPlayLevel: PIE: StaticDuplicateObject took: (0.007864s)
[2017.04.19-14.33.28:405][829]LogAIModule: Creating AISystem for world BattleGround
[2017.04.19-14.33.28:405][829]LogPlayLevel: PIE: World Init took: (0.000827s)
[2017.04.19-14.33.28:406][829]LogPlayLevel: PIE: Created PIE world by copying editor world from /Game/Levels/BattleGround.BattleGround to /Game/Levels/UEDPIE_0_BattleGround.BattleGround (0.009089s)
[2017.04.19-14.33.28:421][829]LogInit: XAudio2 using '1 - Acer XR341CK (AMD High Definition Audio Device)' : 2 channels at 48 kHz using 16 bits per sample (channel mask 0x3)
[2017.04.19-14.33.28:427][829]LogInit: FAudioDevice initialized.
[2017.04.19-14.33.28:468][829]LogLoad: Game class is 'BattleTankGameMode_BP_C'
[2017.04.19-14.33.28:471][829]LogWorld: Bringing World /Game/Levels/UEDPIE_0_BattleGround.BattleGround up for play (max tick rate 0) at 2017.04.19-15.33.28
[2017.04.19-14.33.28:472][829]LogWorld: Bringing up level for play took: 0.002571
[2017.04.19-14.33.28:500][829]LogContentBrowser: Native class hierarchy updated for 'MovieSceneCapture' in 0.0013 seconds. Added 11 classes and 0 folders.
[2017.04.19-14.33.28:502][829]LogTemp:Warning: Tank_BP2 has possessed with AI
[2017.04.19-14.33.28:502][829]LogTemp:Warning: Tank_BP_540 has possessed with AI
[2017.04.19-14.33.28:502][829]LogTemp:Warning: Tank_BP3 has possessed with AI
[2017.04.19-14.33.28:502][829]LogTemp:Warning: Tank_BP4_1033 has possessed with AI
[2017.04.19-14.33.28:502][829]LogTemp:Warning: Tank_BP_C_0 has possessed by Player
[2017.04.19-14.33.28:502][829]PIE: Info Play in editor start time for /Game/Levels/UEDPIE_0_BattleGround 0.331
[2017.04.19-14.33.28:502][829]LogBlueprintUserMessages: Late PlayInEditor Detection: Level '/Game/Levels/BattleGround.BattleGround:PersistentLevel' has LevelScriptBlueprint '/Game/Levels/BattleGround.BattleGround:PersistentLevel.BattleGround' with GeneratedClass '/Game/Levels/BattleGround.BattleGround_C' with ClassGeneratedBy '/Game/Levels/BattleGround.BattleGround:PersistentLevel.BattleGround'
[2017.04.19-14.33.30:665][ 85]LogBlueprintUserMessages: Early EndPlayMap Detection: Level '/Game/Levels/BattleGround.BattleGround:PersistentLevel' has LevelScriptBlueprint '/Game/Levels/BattleGround.BattleGround:PersistentLevel.BattleGround' with GeneratedClass '/Game/Levels/BattleGround.BattleGround_C' with ClassGeneratedBy '/Game/Levels/BattleGround.BattleGround:PersistentLevel.BattleGround'
[2017.04.19-14.33.30:697][ 85]LogBlueprintUserMessages: Late EndPlayMap Detection: Level '/Game/Levels/BattleGround.BattleGround:PersistentLevel' has LevelScriptBlueprint '/Game/Levels/BattleGround.BattleGround:PersistentLevel.BattleGround' with GeneratedClass '/Game/Levels/BattleGround.BattleGround_C' with ClassGeneratedBy '/Game/Levels/BattleGround.BattleGround:PersistentLevel.BattleGround'
[2017.04.19-14.33.47:365][ 36]LogSlate: Took 0.000102 seconds to synchronously load lazily loaded font '../../../Engine/Content/Slate/Fonts/Roboto-Light.ttf' (159K)
[2017.04.19-14.34.00:020][346]LogVSAccessor:Warning: Couldn't goto line number '0' in 'C:/Users/Ed/Documents/Unreal Projects/04_BattleTank/BattleTank/Source/BattleTank/Public/TankAIController.h'
[2017.04.19-14.34.00:077][346]LogVSAccessor:Warning: Couldn't goto line number '0' in 'C:/Users/Ed/Documents/Unreal Projects/04_BattleTank/BattleTank/Source/BattleTank/Private/TankAIController.cpp'
[2017.04.19-14.38.43:475][197]Recompiling BattleTank...
[2017.04.19-14.38.43:475][197]Launching UnrealBuildTool... [C:/Program Files/Epic Games/UE_4.15/Engine/Binaries/DotNET/UnrealBuildTool.exe BattleTank -ModuleWithSuffix BattleTank 6221 Win64 Development -editorrecompile -canskiplink "C:/Users/Ed/Documents/Unreal Projects/04_BattleTank/BattleTank/BattleTank.uproject" ]
[2017.04.19-14.38.43:476][197]Warning: Starting HotReload took  0.0s.
[2017.04.19-14.38.52:522][461]CompilerResultsLog: New page: Compilation - 19 Apr 2017 16:38:52
[2017.04.19-14.38.52:523][461]CompilerResultsLog: Info Compiling game modules for hot reload
[2017.04.19-14.38.52:523][461]CompilerResultsLog: Info Parsing headers for BattleTankEditor
[2017.04.19-14.38.52:523][461]CompilerResultsLog: Info   Running UnrealHeaderTool "C:\Users\Ed\Documents\Unreal Projects\04_BattleTank\BattleTank\BattleTank.uproject" "C:\Users\Ed\Documents\Unreal Projects\04_BattleTank\BattleTank\Intermediate\Build\Win64\BattleTankEditor\Development\BattleTankEditor.uhtmanifest" -LogCmds="loginit warning, logexit warning, logdatabase error" -Unattended -WarningsAsErrors -installed
[2017.04.19-14.38.52:523][461]CompilerResultsLog: Info Reflection code generated for BattleTankEditor in 4.1928086 seconds
[2017.04.19-14.38.52:523][461]CompilerResultsLog: Info Performing 4 actions (4 in parallel)
[2017.04.19-14.38.52:523][461]CompilerResultsLog: Info TankAIController.cpp
[2017.04.19-14.38.52:523][461]CompilerResultsLog: Info BattleTank.generated.cpp
[2017.04.19-14.38.52:523][461]CompilerResultsLog: Info [3/4] Link UE4Editor-BattleTank-6221.dll
[2017.04.19-14.38.52:523][461]CompilerResultsLog: Info [4/4] Link UE4Editor-BattleTank-6221.lib
[2017.04.19-14.38.52:523][461]CompilerResultsLog: Info    Creating library C:\Users\Ed\Documents\Unreal Projects\04_BattleTank\BattleTank\Intermediate\Build\Win64\UE4Editor\Development\UE4Editor-BattleTank-6221.lib and object C:\Users\Ed\Documents\Unreal Projects\04_BattleTank\BattleTank\Intermediate\Build\Win64\UE4Editor\Development\UE4Editor-BattleTank-6221.exp
[2017.04.19-14.38.52:524][461]CompilerResultsLog: Info    Creating library C:\Users\Ed\Documents\Unreal Projects\04_BattleTank\BattleTank\Intermediate\Build\Win64\UE4Editor\Development\UE4Editor-BattleTank-6221.suppressed.lib and object C:\Users\Ed\Documents\Unreal Projects\04_BattleTank\BattleTank\Intermediate\Build\Win64\UE4Editor\Development\UE4Editor-BattleTank-6221.suppressed.exp
[2017.04.19-14.38.52:524][461]CompilerResultsLog: Info Total build time: 8.69 seconds (Local executor: 2.09 seconds)
[2017.04.19-14.38.52:524][461]LogMainFrame: MainFrame: Module compiling took 9.053 seconds
[2017.04.19-14.38.52:570][461]LogContentBrowser: Native class hierarchy updated for 'BattleTank' in 0.0014 seconds. Added 5 classes and 3 folders.
[2017.04.19-14.38.52:571][461]Display: HotReload successful (0 functions remapped  0 scriptstructs remapped)
[2017.04.19-14.38.52:624][461]LogContentBrowser: Native class hierarchy populated in 0.0075 seconds. Added 2252 classes and 460 folders.
[2017.04.19-14.38.52:626][461]Display: HotReload took  9.2s.
[2017.04.19-14.38.56:909][754]LogTemp: Repeting last play command: Selected Viewport
[2017.04.19-14.38.56:920][754]LogBlueprintUserMessages: Early PlayInEditor Detection: Level '/Game/Levels/BattleGround.BattleGround:PersistentLevel' has LevelScriptBlueprint '/Game/Levels/BattleGround.BattleGround:PersistentLevel.BattleGround' with GeneratedClass '/Game/Levels/BattleGround.BattleGround_C' with ClassGeneratedBy '/Game/Levels/BattleGround.BattleGround:PersistentLevel.BattleGround'
[2017.04.19-14.38.56:920][754]LogPlayLevel: PlayLevel: No blueprints needed recompiling
[2017.04.19-14.38.56:920][754]PIE: New page: PIE session: BattleGround (19 Apr 2017 16:38:56)
[2017.04.19-14.38.56:920][754]LogPlayLevel: Creating play world package: /Game/Levels/UEDPIE_0_BattleGround
[2017.04.19-14.38.56:927][754]LogPlayLevel: PIE: StaticDuplicateObject took: (0.006660s)
[2017.04.19-14.38.56:928][754]LogAIModule: Creating AISystem for world BattleGround
[2017.04.19-14.38.56:928][754]LogPlayLevel: PIE: World Init took: (0.000788s)
[2017.04.19-14.38.56:928][754]LogPlayLevel: PIE: Created PIE world by copying editor world from /Game/Levels/BattleGround.BattleGround to /Game/Levels/UEDPIE_0_BattleGround.BattleGround (0.007819s)
[2017.04.19-14.38.56:938][754]LogInit: XAudio2 using '1 - Acer XR341CK (AMD High Definition Audio Device)' : 2 channels at 48 kHz using 16 bits per sample (channel mask 0x3)
[2017.04.19-14.38.56:944][754]LogInit: FAudioDevice initialized.
[2017.04.19-14.38.56:972][754]LogLoad: Game class is 'BattleTankGameMode_BP_C'
[2017.04.19-14.38.56:975][754]LogWorld: Bringing World /Game/Levels/UEDPIE_0_BattleGround.BattleGround up for play (max tick rate 0) at 2017.04.19-15.38.56
[2017.04.19-14.38.56:976][754]LogWorld: Bringing up level for play took: 0.002606
[2017.04.19-14.38.56:977][754]LogTemp:Warning: Tank_BP3 has possessed with AI
[2017.04.19-14.38.56:977][754]LogTemp:Error: Tank_BP3 is not targetting player.
[2017.04.19-14.38.56:977][754]LogTemp:Warning: Tank_BP2 has possessed with AI
[2017.04.19-14.38.56:977][754]LogTemp:Error: Tank_BP2 is not targetting player.
[2017.04.19-14.38.56:977][754]LogTemp:Warning: Tank_BP_540 has possessed with AI
[2017.04.19-14.38.56:977][754]LogTemp:Error: Tank_BP_540 is not targetting player.
[2017.04.19-14.38.56:977][754]LogTemp:Warning: Tank_BP4_1033 has possessed with AI
[2017.04.19-14.38.56:977][754]LogTemp:Error: Tank_BP4_1033 is not targetting player.
[2017.04.19-14.38.56:978][754]LogTemp:Warning: Tank_BP_C_0 has possessed by Player
[2017.04.19-14.38.56:978][754]PIE: Info Play in editor start time for /Game/Levels/UEDPIE_0_BattleGround 0.807
[2017.04.19-14.38.56:978][754]LogBlueprintUserMessages: Late PlayInEditor Detection: Level '/Game/Levels/BattleGround.BattleGround:PersistentLevel' has LevelScriptBlueprint '/Game/Levels/BattleGround.BattleGround:PersistentLevel.BattleGround' with GeneratedClass '/Game/Levels/BattleGround.BattleGround_C' with ClassGeneratedBy '/Game/Levels/BattleGround.BattleGround:PersistentLevel.BattleGround'
[2017.04.19-14.39.25:990][214]LogBlueprintUserMessages: Early EndPlayMap Detection: Level '/Game/Levels/BattleGround.BattleGround:PersistentLevel' has LevelScriptBlueprint '/Game/Levels/BattleGround.BattleGround:PersistentLevel.BattleGround' with GeneratedClass '/Game/Levels/BattleGround.BattleGround_C' with ClassGeneratedBy '/Game/Levels/BattleGround.BattleGround:PersistentLevel.BattleGround'
[2017.04.19-14.39.26:021][214]LogBlueprintUserMessages: Late EndPlayMap Detection: Level '/Game/Levels/BattleGround.BattleGround:PersistentLevel' has LevelScriptBlueprint '/Game/Levels/BattleGround.BattleGround:PersistentLevel.BattleGround' with GeneratedClass '/Game/Levels/BattleGround.BattleGround_C' with ClassGeneratedBy '/Game/Levels/BattleGround.BattleGround:PersistentLevel.BattleGround'
[2017.04.19-14.39.43:716][383]LogHttp:Warning: 00000141B6AE1D80: request failed, libcurl error: 6 (Couldn't resolve host name)
[2017.04.19-14.39.43:716][383]LogHttp:Warning: 00000141B6AE1D80: libcurl info message cache 0 (Connection 21 seems to be dead!)
[2017.04.19-14.39.43:716][383]LogHttp:Warning: 00000141B6AE1D80: libcurl info message cache 1 (Closing connection 21)
[2017.04.19-14.39.43:716][383]LogHttp:Warning: 00000141B6AE1D80: libcurl info message cache 2 (TLSv1.2 (OUT), TLS alert, Client hello (1):)
[2017.04.19-14.39.43:716][383]LogHttp:Warning: 00000141B6AE1D80: libcurl info message cache 3 (Could not resolve host: datarouter.ol.epicgames.com)
[2017.04.19-14.39.43:716][383]LogHttp:Warning: 00000141B6AE1D80: libcurl info message cache 4 (Closing connection 22)
[2017.04.19-14.41.29:558][875]LogHttp:Warning: 00000141B6B06800: request failed, libcurl error: 6 (Couldn't resolve host name)
[2017.04.19-14.41.29:558][875]LogHttp:Warning: 00000141B6B06800: libcurl info message cache 0 (Could not resolve host: datarouter.ol.epicgames.com)
[2017.04.19-14.41.29:558][875]LogHttp:Warning: 00000141B6B06800: libcurl info message cache 1 (Closing connection 23)
[2017.04.19-14.45.37:901][619]Recompiling BattleTank...
[2017.04.19-14.45.37:901][619]Launching UnrealBuildTool... [C:/Program Files/Epic Games/UE_4.15/Engine/Binaries/DotNET/UnrealBuildTool.exe BattleTank -ModuleWithSuffix BattleTank 6941 Win64 Development -editorrecompile -canskiplink "C:/Users/Ed/Documents/Unreal Projects/04_BattleTank/BattleTank/BattleTank.uproject" ]
[2017.04.19-14.45.37:902][619]Warning: Starting HotReload took  0.0s.
[2017.04.19-14.45.42:194][782]CompilerResultsLog: New page: Compilation - 19 Apr 2017 16:45:42
[2017.04.19-14.45.42:194][782]CompilerResultsLog: Info Compiling game modules for hot reload
[2017.04.19-14.45.42:194][782]CompilerResultsLog: Info Performing 3 actions (4 in parallel)
[2017.04.19-14.45.42:194][782]CompilerResultsLog: Info TankAIController.cpp
[2017.04.19-14.45.42:194][782]CompilerResultsLog:Error: Error C:\Users\Ed\Documents\Unreal Projects\04_BattleTank\BattleTank\Source\BattleTank\Private\TankAIController.cpp(31) : error C4002: too many actual parameters for macro 'TEXT'
[2017.04.19-14.45.42:194][782]CompilerResultsLog: Info ERROR: UBT ERROR: Failed to produce item: C:\Users\Ed\Documents\Unreal Projects\04_BattleTank\BattleTank\Binaries\Win64\UE4Editor-BattleTank-6941.dll
[2017.04.19-14.45.42:194][782]CompilerResultsLog: Info Total build time: 3.77 seconds (Local executor: 0.00 seconds)
[2017.04.19-14.45.42:194][782]LogMainFrame: MainFrame: Module compiling took 4.297 seconds
[2017.04.19-14.45.42:194][782]Warning: HotReload failed, recompile failed
[2017.04.19-14.47.08:400][765]Recompiling BattleTank...
[2017.04.19-14.47.08:401][765]Launching UnrealBuildTool... [C:/Program Files/Epic Games/UE_4.15/Engine/Binaries/DotNET/UnrealBuildTool.exe BattleTank -ModuleWithSuffix BattleTank 4037 Win64 Development -editorrecompile -canskiplink "C:/Users/Ed/Documents/Unreal Projects/04_BattleTank/BattleTank/BattleTank.uproject" ]
[2017.04.19-14.47.08:402][765]Warning: Starting HotReload took  0.0s.
[2017.04.19-14.47.12:455][248]CompilerResultsLog: New page: Compilation - 19 Apr 2017 16:47:12
[2017.04.19-14.47.12:455][248]CompilerResultsLog: Info Compiling game modules for hot reload
[2017.04.19-14.47.12:455][248]CompilerResultsLog: Info Performing 3 actions (4 in parallel)
[2017.04.19-14.47.12:455][248]CompilerResultsLog: Info TankAIController.cpp
[2017.04.19-14.47.12:455][248]CompilerResultsLog:Error: Error C:\Users\Ed\Documents\Unreal Projects\04_BattleTank\BattleTank\Source\BattleTank\Private\TankAIController.cpp(31) : error C2276: '*': illegal operation on bound member function expression
[2017.04.19-14.47.12:455][248]CompilerResultsLog: Info ERROR: UBT ERROR: Failed to produce item: C:\Users\Ed\Documents\Unreal Projects\04_BattleTank\BattleTank\Binaries\Win64\UE4Editor-BattleTank-4037.dll
[2017.04.19-14.47.12:456][248]CompilerResultsLog: Info Total build time: 3.85 seconds (Local executor: 0.00 seconds)
[2017.04.19-14.47.12:456][248]LogMainFrame: MainFrame: Module compiling took 4.060 seconds
[2017.04.19-14.47.12:456][248]Warning: HotReload failed, recompile failed
[2017.04.19-14.48.26:123][750]Recompiling BattleTank...
[2017.04.19-14.48.26:123][750]Launching UnrealBuildTool... [C:/Program Files/Epic Games/UE_4.15/Engine/Binaries/DotNET/UnrealBuildTool.exe BattleTank -ModuleWithSuffix BattleTank 3107 Win64 Development -editorrecompile -canskiplink "C:/Users/Ed/Documents/Unreal Projects/04_BattleTank/BattleTank/BattleTank.uproject" ]
[2017.04.19-14.48.26:124][750]Warning: Starting HotReload took  0.0s.
[2017.04.19-14.48.30:776][994]CompilerResultsLog: New page: Compilation - 19 Apr 2017 16:48:30
[2017.04.19-14.48.30:776][994]CompilerResultsLog: Info Compiling game modules for hot reload
[2017.04.19-14.48.30:776][994]CompilerResultsLog: Info Performing 3 actions (4 in parallel)
[2017.04.19-14.48.30:776][994]CompilerResultsLog: Info TankAIController.cpp
[2017.04.19-14.48.30:776][994]CompilerResultsLog: Info [2/3] Link UE4Editor-BattleTank-3107.dll
[2017.04.19-14.48.30:776][994]CompilerResultsLog: Info [3/3] Link UE4Editor-BattleTank-3107.lib
[2017.04.19-14.48.30:776][994]CompilerResultsLog: Info    Creating library C:\Users\Ed\Documents\Unreal Projects\04_BattleTank\BattleTank\Intermediate\Build\Win64\UE4Editor\Development\UE4Editor-BattleTank-3107.lib and object C:\Users\Ed\Documents\Unreal Projects\04_BattleTank\BattleTank\Intermediate\Build\Win64\UE4Editor\Development\UE4Editor-BattleTank-3107.exp
[2017.04.19-14.48.30:777][994]CompilerResultsLog: Info    Creating library C:\Users\Ed\Documents\Unreal Projects\04_BattleTank\BattleTank\Intermediate\Build\Win64\UE4Editor\Development\UE4Editor-BattleTank-3107.suppressed.lib and object C:\Users\Ed\Documents\Unreal Projects\04_BattleTank\BattleTank\Intermediate\Build\Win64\UE4Editor\Development\UE4Editor-BattleTank-3107.suppressed.exp
[2017.04.19-14.48.30:777][994]CompilerResultsLog: Info Total build time: 4.33 seconds (Local executor: 2.04 seconds)
[2017.04.19-14.48.30:777][994]LogMainFrame: MainFrame: Module compiling took 4.658 seconds
[2017.04.19-14.48.30:824][994]LogContentBrowser: Native class hierarchy updated for 'BattleTank' in 0.0014 seconds. Added 5 classes and 3 folders.
[2017.04.19-14.48.30:825][994]Display: HotReload successful (0 functions remapped  0 scriptstructs remapped)
[2017.04.19-14.48.30:846][994]LogContentBrowser: Native class hierarchy populated in 0.0081 seconds. Added 2252 classes and 460 folders.
[2017.04.19-14.48.30:848][994]Display: HotReload took  4.7s.
[2017.04.19-14.48.42:104][ 28]LogTemp: Repeting last play command: Selected Viewport
[2017.04.19-14.48.42:115][ 28]LogBlueprintUserMessages: Early PlayInEditor Detection: Level '/Game/Levels/BattleGround.BattleGround:PersistentLevel' has LevelScriptBlueprint '/Game/Levels/BattleGround.BattleGround:PersistentLevel.BattleGround' with GeneratedClass '/Game/Levels/BattleGround.BattleGround_C' with ClassGeneratedBy '/Game/Levels/BattleGround.BattleGround:PersistentLevel.BattleGround'
[2017.04.19-14.48.42:116][ 28]LogPlayLevel: PlayLevel: No blueprints needed recompiling
[2017.04.19-14.48.42:116][ 28]PIE: New page: PIE session: BattleGround (19 Apr 2017 16:48:42)
[2017.04.19-14.48.42:116][ 28]LogPlayLevel: Creating play world package: /Game/Levels/UEDPIE_0_BattleGround
[2017.04.19-14.48.42:123][ 28]LogPlayLevel: PIE: StaticDuplicateObject took: (0.006735s)
[2017.04.19-14.48.42:123][ 28]LogAIModule: Creating AISystem for world BattleGround
[2017.04.19-14.48.42:123][ 28]LogPlayLevel: PIE: World Init took: (0.000711s)
[2017.04.19-14.48.42:124][ 28]LogPlayLevel: PIE: Created PIE world by copying editor world from /Game/Levels/BattleGround.BattleGround to /Game/Levels/UEDPIE_0_BattleGround.BattleGround (0.007862s)
[2017.04.19-14.48.42:135][ 28]LogInit: XAudio2 using '1 - Acer XR341CK (AMD High Definition Audio Device)' : 2 channels at 48 kHz using 16 bits per sample (channel mask 0x3)
[2017.04.19-14.48.42:142][ 28]LogInit: FAudioDevice initialized.
[2017.04.19-14.48.42:170][ 28]LogLoad: Game class is 'BattleTankGameMode_BP_C'
[2017.04.19-14.48.42:173][ 28]LogWorld: Bringing World /Game/Levels/UEDPIE_0_BattleGround.BattleGround up for play (max tick rate 0) at 2017.04.19-15.48.42
[2017.04.19-14.48.42:173][ 28]LogWorld: Bringing up level for play took: 0.002591
[2017.04.19-14.48.42:175][ 28]LogTemp:Warning: Tank_BP4_1033 has possessed with AI
[2017.04.19-14.48.42:399][ 28]LogCrashTracker: 


[2017.04.19-14.48.42:399][ 28]LogCrashTracker: 


[2017.04.19-14.48.42:399][ 28]LogWindows:Error: === Critical error: ===
[2017.04.19-14.48.42:399][ 28]LogWindows:Error: 
[2017.04.19-14.48.42:399][ 28]LogWindows:Error: Fatal error!
[2017.04.19-14.48.42:399][ 28]LogWindows:Error: 
[2017.04.19-14.48.42:399][ 28]LogWindows:Error: Unhandled Exception: EXCEPTION_ACCESS_VIOLATION reading address 0x00000018
[2017.04.19-14.48.42:399][ 28]LogWindows:Error: 
[2017.04.19-14.48.42:400][ 28]LogWindows:Error: UE4Editor-CoreUObject.dll!0x000000006B80A356
[2017.04.19-14.48.42:400][ 28]LogWindows:Error: UE4Editor-BattleTank-3107.dll!ATankAIController::BeginPlay() [c:\users\ed\documents\unreal projects\04_battletank\battletank\source\battletank\private\tankaicontroller.cpp:31]
[2017.04.19-14.48.42:400][ 28]LogWindows:Error: UE4Editor-Engine.dll!0x000000006842FE2B
[2017.04.19-14.48.42:400][ 28]LogWindows:Error: UE4Editor-Engine.dll!0x00000000695656C4
[2017.04.19-14.48.42:400][ 28]LogWindows:Error: UE4Editor-Engine.dll!0x0000000068B1D5F1
[2017.04.19-14.48.42:400][ 28]LogWindows:Error: UE4Editor-Engine.dll!0x0000000069552F6E
[2017.04.19-14.48.42:400][ 28]LogWindows:Error: UE4Editor-Engine.dll!0x0000000068B3C0E3
[2017.04.19-14.48.42:400][ 28]LogWindows:Error: UE4Editor-UnrealEd.dll!0x0000000064948AD7
[2017.04.19-14.48.42:400][ 28]LogWindows:Error: UE4Editor-UnrealEd.dll!0x00000000649752DD
[2017.04.19-14.48.42:400][ 28]LogWindows:Error: UE4Editor-UnrealEd.dll!0x0000000064991764
[2017.04.19-14.48.42:400][ 28]LogWindows:Error: UE4Editor-UnrealEd.dll!0x000000006447626B
[2017.04.19-14.48.42:400][ 28]LogWindows:Error: UE4Editor-UnrealEd.dll!0x0000000064C82086
[2017.04.19-14.48.42:400][ 28]LogWindows:Error: UE4Editor.exe!0x000000001AACDEE3
[2017.04.19-14.48.42:400][ 28]LogWindows:Error: UE4Editor.exe!0x000000001AABEB40
[2017.04.19-14.48.42:400][ 28]LogWindows:Error: UE4Editor.exe!0x000000001AABEBBA
[2017.04.19-14.48.42:400][ 28]LogWindows:Error: UE4Editor.exe!0x000000001AAD0A29
[2017.04.19-14.48.42:400][ 28]LogWindows:Error: UE4Editor.exe!0x000000001AAD22B6
[2017.04.19-14.48.42:400][ 28]LogWindows:Error: KERNEL32.DLL!0x000000009DAB8364
[2017.04.19-14.48.42:400][ 28]LogWindows:Error: ntdll.dll!0x00000000A04D70D1
[2017.04.19-14.48.42:400][ 28]LogWindows:Error: ntdll.dll!0x00000000A04D70D1
[2017.04.19-14.48.42:401][ 28]LogWindows:Error: 
[2017.04.19-14.48.42:427][ 28]LogExit: Executing StaticShutdownAfterError
[2017.04.19-14.48.42:429][ 28]LogWindows: FPlatformMisc::RequestExit(1)
[2017.04.19-14.48.42:429][ 28]Log file closed, 04/19/17 15:48:42
