Log file open, 04/28/17 21:42:35
LogInit:Display: Running engine for game: BattleTank
LogPlatformFile: Not using cached read wrapper
LogInit:Display: RandInit(-1249908685) SRandInit(-1249908684).
LogTaskGraph: Started task graph with 5 named threads and 8 total threads with 1 sets of task threads.
LogStats: Stats thread started at 0.099639
LogInit: Using libcurl 7.47.1
LogInit:  - built for x86_64-pc-win32
LogInit:  - supports SSL with OpenSSL/1.0.2g
LogInit:  - supports HTTP deflate (compression) using libz 1.2.8
LogInit:  - other features:
LogInit:      CURL_VERSION_SSL
LogInit:      CURL_VERSION_LIBZ
LogInit:      CURL_VERSION_IPV6
LogInit:      CURL_VERSION_ASYNCHDNS
LogInit:      CURL_VERSION_LARGEFILE
LogInit:      CURL_VERSION_IDN
LogInit:  CurlRequestOptions (configurable via config and command line):
LogInit:  - bVerifyPeer = false  - Libcurl will NOT verify peer certificate
LogInit:  - bUseHttpProxy = false  - Libcurl will NOT use HTTP proxy
LogInit:  - bDontReuseConnections = false  - Libcurl will reuse connections
LogInit:  - CertBundlePath = nullptr  - Libcurl will use whatever was configured at build time.
LogInit: Build: ++UE4+Release-4.15-CL-3299760
LogInit: Engine Version: 4.15.0-3299760+++UE4+Release-4.15
LogInit: Compatible Engine Version: 4.15.0-3299760+++UE4+Release-4.15
LogInit: Net CL: 3299760
LogDevObjectVersion: Number of dev versions registered: 14
LogDevObjectVersion:   Dev-Blueprints (B0D832E4-1F89-4F0D-ACCF-7EB736FD4AA2): 8
LogDevObjectVersion:   Dev-Build (E1C64328-A22C-4D53-A36C-8E866417BD8C): 0
LogDevObjectVersion:   Dev-Core (375EC13C-06E4-48FB-B500-84F0262A717E): 2
LogDevObjectVersion:   Dev-Editor (E4B068ED-F494-42E9-A231-DA0B2E46BB41): 14
LogDevObjectVersion:   Dev-Framework (CFFC743F-43B0-4480-9391-14DF171D2073): 22
LogDevObjectVersion:   Dev-Mobile (B02B49B5-BB20-44E9-A304-32B752E40360): 0
LogDevObjectVersion:   Dev-Networking (A4E4105C-59A1-49B5-A7C5-40C4547EDFEE): 0
LogDevObjectVersion:   Dev-Online (39C831C9-5AE6-47DC-9A44-9C173E1C8E7C): 0
LogDevObjectVersion:   Dev-Physics (78F01B33-EBEA-4F98-B9B4-84EACCB95AA2): 0
LogDevObjectVersion:   Dev-Platform (6631380F-2D4D-43E0-8009-CF276956A95A): 0
LogDevObjectVersion:   Dev-Rendering (12F88B9F-8875-4AFC-A67C-D90C383ABD29): 12
LogDevObjectVersion:   Dev-Sequencer (7B5AE74C-D270-4C10-A958-57980B212A5A): 3
LogDevObjectVersion:   Dev-VR (D7296918-1DD6-4BDD-9DE2-64A83CC13884): 0
LogDevObjectVersion:   Dev-LoadTimes (C2A15278-BFE7-4AFE-6C17-90FF531DF755): 1
LogInit: Compiled (64-bit): Feb 14 2017 02:04:14
LogInit: Compiled with Visual C++: 19.00.23026.00
LogInit: Build Configuration: Development
LogInit: Branch Name: ++UE4+Release-4.15
LogInit: Command line: -EpicPortal 
LogInit: Base directory: C:/Program Files/Epic Games/UE_4.15/Engine/Binaries/Win64/
LogInit: Installed Engine Build: 1
LogInit: Presizing for max 8388607 objects, including 0 objects not considered by GC, pre-allocating 0 bytes for permanent pool.
LogInit: Object subsystem initialized
[2017.04.28-20.42.36:756][  0]LogInit: Selected Device Profile: [Windows]
[2017.04.28-20.42.36:756][  0]LogInit: Applying CVar settings loaded from the selected device profile: [Windows]
[2017.04.28-20.42.36:780][  0]LogInit: Computer: DESKTOP-0PEK566
[2017.04.28-20.42.36:780][  0]LogInit: User: Sarah
[2017.04.28-20.42.36:780][  0]LogInit: CPU Page size=65536, Cores=4
[2017.04.28-20.42.36:780][  0]LogInit: High frequency timer resolution =2.143576 MHz
[2017.04.28-20.42.36:780][  0]LogMemory: Memory total: Physical=7.9GB (8GB approx)
[2017.04.28-20.42.36:780][  0]LogMemory: Platform Memory Stats for Windows
[2017.04.28-20.42.36:780][  0]LogMemory: Process Physical Memory: 262.94 MB used, 262.94 MB peak
[2017.04.28-20.42.36:780][  0]LogMemory: Process Virtual Memory: 262.52 MB used, 262.52 MB peak
[2017.04.28-20.42.36:780][  0]LogMemory: Physical Memory: 4656.62 MB used,  3427.65 MB free, 8084.27 MB total
[2017.04.28-20.42.36:780][  0]LogMemory: Virtual Memory: 644.18 MB used,  3427.65 MB free, 134217728.00 MB total
[2017.04.28-20.42.36:908][  0]LogTextLocalizationManager: No specific translations for ('en-US') exist, so ('en') translations will be used.
[2017.04.28-20.42.37:799][  0]LogD3D11RHI: D3D11 adapters:
[2017.04.28-20.42.37:863][  0]LogD3D11RHI:    0. 'AMD Radeon HD 7600M Series' (Feature Level 11_0)
[2017.04.28-20.42.37:863][  0]LogD3D11RHI:       1004/0/3840 MB DedicatedVideo/DedicatedSystem/SharedSystem, Outputs:1, VendorId:0x1002
[2017.04.28-20.42.37:867][  0]LogD3D11RHI:    1. 'Intel(R) HD Graphics 4000' (Feature Level 11_0)
[2017.04.28-20.42.37:867][  0]LogD3D11RHI:       32/0/1760 MB DedicatedVideo/DedicatedSystem/SharedSystem, Outputs:0, VendorId:0x8086
[2017.04.28-20.42.37:868][  0]LogD3D11RHI:    2. 'Microsoft Basic Render Driver' (Feature Level 11_0)
[2017.04.28-20.42.37:868][  0]LogD3D11RHI:       0/0/4042 MB DedicatedVideo/DedicatedSystem/SharedSystem, Outputs:0, VendorId:0x1414
[2017.04.28-20.42.37:868][  0]LogD3D11RHI: Chosen D3D11 Adapter: 0
[2017.04.28-20.42.37:887][  0]LogD3D11RHI: Creating new Direct3DDevice
[2017.04.28-20.42.37:888][  0]LogD3D11RHI:     GPU DeviceId: 0x6840 (for the marketing name, search the web for "GPU Device Id")
[2017.04.28-20.42.37:888][  0]LogWindows: EnumDisplayDevices:
[2017.04.28-20.42.37:888][  0]LogWindows:    0. 'Intel(R) HD Graphics 4000' (P:1 D:1)
[2017.04.28-20.42.37:888][  0]LogWindows:    1. 'Intel(R) HD Graphics 4000' (P:0 D:0)
[2017.04.28-20.42.37:888][  0]LogWindows:    2. 'Intel(R) HD Graphics 4000' (P:0 D:0)
[2017.04.28-20.42.37:888][  0]LogWindows: DebugString: PrimaryIsNotTheChoosenAdapter PrimaryIsNotTheChoosenAdapter PrimaryIsNotTheChoosenAdapter FoundDriverCount:0 
[2017.04.28-20.42.37:888][  0]LogD3D11RHI:     Adapter Name: AMD Radeon HD 7600M Series
[2017.04.28-20.42.37:888][  0]LogD3D11RHI:   Driver Version: Unknown (internal:Unknown, unified:Unknown)
[2017.04.28-20.42.37:888][  0]LogD3D11RHI:      Driver Date: Unknown
[2017.04.28-20.42.37:888][  0]LogRHI: Texture pool is 702 MB (70% of 1004 MB)
[2017.04.28-20.42.37:901][  0]LogD3D11RHI: AMD Pre GCN architecture detected, some driver workarounds will be in place
[2017.04.28-20.42.37:911][  0]LogD3D11RHI: Async texture creation enabled
[2017.04.28-20.42.37:925][  0]LogD3D11RHI: GPU Timing Frequency: 27.000000 (Debug: 2 1)
[2017.04.28-20.42.37:926][  0]LogShaderCompilers: Guid format shader working directory is -36 characters bigger than the processId version (../../../../../../Users/Sarah/Documents/Unreal Projects/04_BattleTank/BattleTank/Intermediate/Shaders/WorkingDirectory/110228/).
[2017.04.28-20.42.37:927][  0]LogShaderCompilers: Cleaned the shader compiler working directory 'C:/Users/Sarah/AppData/Local/Temp/UnrealShaderWorkingDir/375B86674C179B379B6D9A8BFCD52AD4/'.
[2017.04.28-20.42.37:927][  0]LogShaderCompilers:Display: Using Local Shader Compiler.
[2017.04.28-20.42.39:418][  0]LogTemp:Display: Loaded TP AllDesktopTargetPlatform
[2017.04.28-20.42.39:498][  0]LogTemp:Display: Loaded TP MacClientTargetPlatform
[2017.04.28-20.42.39:578][  0]LogTemp:Display: Loaded TP MacNoEditorTargetPlatform
[2017.04.28-20.42.39:658][  0]LogTemp:Display: Loaded TP MacServerTargetPlatform
[2017.04.28-20.42.39:739][  0]LogTemp:Display: Loaded TP MacTargetPlatform
[2017.04.28-20.42.39:819][  0]LogTemp:Display: Loaded TP WindowsClientTargetPlatform
[2017.04.28-20.42.39:901][  0]LogTemp:Display: Loaded TP WindowsNoEditorTargetPlatform
[2017.04.28-20.42.39:981][  0]LogTemp:Display: Loaded TP WindowsServerTargetPlatform
[2017.04.28-20.42.40:053][  0]LogTemp:Display: Loaded TP WindowsTargetPlatform
[2017.04.28-20.42.40:135][  0]LogTemp:Display: Loaded TP AndroidTargetPlatform
[2017.04.28-20.42.40:214][  0]LogTemp:Display: Loaded TP Android_ASTCTargetPlatform
[2017.04.28-20.42.40:302][  0]LogTemp:Display: Loaded TP Android_ATCTargetPlatform
[2017.04.28-20.42.40:414][  0]LogTemp:Display: Loaded TP Android_DXTTargetPlatform
[2017.04.28-20.42.40:496][  0]LogTemp:Display: Loaded TP Android_ETC1TargetPlatform
[2017.04.28-20.42.40:575][  0]LogTemp:Display: Loaded TP Android_ETC2TargetPlatform
[2017.04.28-20.42.40:741][  0]LogTemp:Display: Loaded TP Android_MultiTargetPlatform
[2017.04.28-20.42.40:741][  0]LogTemp:Display: Loaded TP Android_PVRTCTargetPlatform
[2017.04.28-20.42.40:820][  0]LogTemp:Display: Loaded TP HTML5TargetPlatform
[2017.04.28-20.42.40:956][  0]LogTemp:Display: Loaded TP IOSTargetPlatform
[2017.04.28-20.42.41:008][  0]LogTemp:Display: Loaded TP TVOSTargetPlatform
[2017.04.28-20.42.41:088][  0]LogTemp:Display: Loaded TP LinuxClientTargetPlatform
[2017.04.28-20.42.41:165][  0]LogTemp:Display: Loaded TP LinuxNoEditorTargetPlatform
[2017.04.28-20.42.41:243][  0]LogTemp:Display: Loaded TP LinuxServerTargetPlatform
[2017.04.28-20.42.41:320][  0]LogTemp:Display: Loaded TP LinuxTargetPlatform
[2017.04.28-20.42.41:320][  0]LogTargetPlatformManager:Display: Building Assets For Windows
[2017.04.28-20.42.42:029][  0]LogDerivedDataCache:Display: Max Cache Size: 512 MB
[2017.04.28-20.42.42:087][  0]LogDerivedDataCache: Loaded boot cache 0.06s 50MB C:/Users/Sarah/AppData/Local/UnrealEngine/4.15/DerivedDataCache/Boot.ddc.
[2017.04.28-20.42.42:087][  0]LogDerivedDataCache:Display: Loaded Boot cache: C:/Users/Sarah/AppData/Local/UnrealEngine/4.15/DerivedDataCache/Boot.ddc
[2017.04.28-20.42.42:087][  0]LogDerivedDataCache: FDerivedDataBackendGraph:  Pak pak cache file ../../../../../../Users/Sarah/Documents/Unreal Projects/04_BattleTank/BattleTank/DerivedDataCache/DDC.ddp not found, will not use a pak cache.
[2017.04.28-20.42.42:087][  0]LogDerivedDataCache: Unable to find inner node Pak for hierarchical cache Hierarchy.
[2017.04.28-20.42.42:087][  0]LogDerivedDataCache: FDerivedDataBackendGraph:  CompressedPak pak cache file ../../../../../../Users/Sarah/Documents/Unreal Projects/04_BattleTank/BattleTank/DerivedDataCache/Compressed.ddp not found, will not use a pak cache.
[2017.04.28-20.42.42:087][  0]LogDerivedDataCache: Unable to find inner node CompressedPak for hierarchical cache Hierarchy.
[2017.04.28-20.42.42:109][  0]LogDerivedDataCache:Display: Pak cache opened for reading ../../../Engine/DerivedDataCache/Compressed.ddp.
[2017.04.28-20.42.42:121][  0]LogDerivedDataCache: Using Local data cache path C:/Users/Sarah/AppData/Local/UnrealEngine/Common/DerivedDataCache: Writable
[2017.04.28-20.42.42:132][  0]LogSlate: Using Freetype 2.6.0
[2017.04.28-20.42.42:133][  0]LogSlate: SlateFontCache - WITH_FREETYPE: 1, WITH_HARFBUZZ: 1
[2017.04.28-20.42.42:133][  0]LogSlate: SlateFontCache - WITH_FREETYPE: 1, WITH_HARFBUZZ: 1
[2017.04.28-20.42.42:480][  0]LogInit: Selected Device Profile: [Windows]
[2017.04.28-20.42.42:485][  0]LogContentStreaming: Texture pool size is 0.00 MB
[2017.04.28-20.42.42:783][  0]LogMeshUtilities: Using QuadricMeshReduction for automatic static mesh reduction
[2017.04.28-20.42.42:866][  0]LogSimplygon: Simplygon DLL not present - disabling.
[2017.04.28-20.42.42:940][  0]LogMeshUtilities: Using SimplygonSwarm for distributed automatic mesh merging
[2017.04.28-20.42.42:940][  0]LogMeshUtilities: No automatic skeletal mesh reduction module available
[2017.04.28-20.42.42:940][  0]LogMeshUtilities: No automatic mesh merging module available
[2017.04.28-20.42.43:690][  0]LogNetVersion: GetLocalNetworkVersion: CL: 3299760, ProjectName: battletank, ProjectVersion: , EngineNetworkVersion: 2, GameNetworkVersion: 0, NetworkChecksum: 2512795372
[2017.04.28-20.42.43:746][  0]LogAssetRegistry: FAssetRegistry took 0.0219 seconds to start up
[2017.04.28-20.42.43:816][  0]LogPackageLocalizationCache: Processed 3 localized package path(s) for 2 prioritized culture(s) in 0.033505 seconds
[2017.04.28-20.42.43:823][  0]LogUObjectArray: 32475 objects as part of root set at end of initial load.
[2017.04.28-20.42.43:823][  0]LogUObjectAllocator: 7073360 out of 0 bytes used by permanent object pool.
[2017.04.28-20.42.43:823][  0]LogUObjectArray: CloseDisregardForGC: 0/0 objects in disregard for GC pool
[2017.04.28-20.42.43:917][  0]LogInit: WinSock: version 1.1 (2.2), MaxSocks=32767, MaxUdp=65467
[2017.04.28-20.42.46:230][  0]LogTcpMessaging: Initializing TcpMessaging bridge
[2017.04.28-20.42.46:287][  0]LogUdpMessaging: Initializing bridge on interface 0.0.0.0:0 to multicast group 230.0.0.1:6666.
[2017.04.28-20.42.47:088][  0]LogMaterial: Uniform references updated for custom material expression Custom.
[2017.04.28-20.42.47:664][  0]SourceControl: Info Source control is disabled
[2017.04.28-20.42.47:702][  0]SourceControl: Info Source control is disabled
[2017.04.28-20.42.47:772][  0]SourceControl: Info Source control is disabled
[2017.04.28-20.42.47:842][  0]SourceControl: Info Source control is disabled
[2017.04.28-20.42.49:835][  0]LogEngine: Initializing Engine...
[2017.04.28-20.42.49:836][  0]LogHMD: Failed to initialize OpenVR with code 110
[2017.04.28-20.42.50:179][  0]LogAIModule: Creating AISystem for world Untitled
[2017.04.28-20.42.50:188][  0]LogInit: XAudio2 using 'Speakers (2- High Definition Audio Device)' : 2 channels at 44.1 kHz using 16 bits per sample (channel mask 0x3)
[2017.04.28-20.42.50:208][  0]LogInit: FAudioDevice initialized.
[2017.04.28-20.42.50:244][  0]LogDerivedDataCache: Saved boot cache 0.04s 50MB C:/Users/Sarah/AppData/Local/UnrealEngine/4.15/DerivedDataCache/Boot.ddc.
[2017.04.28-20.42.50:252][  0]LogInit: Texture streaming: Enabled
[2017.04.28-20.42.50:399][  0]LogEngineSessionManager: EngineSessionManager initialized
[2017.04.28-20.42.50:549][  0]LogInit: Transaction tracking system initialized
[2017.04.28-20.42.51:061][  0]BlueprintLog: New page: Editor Load
[2017.04.28-20.42.52:404][  0]LocalizationService: Info Localization service is disabled
[2017.04.28-20.42.53:733][  0]LogConsoleResponse:Display: 
[2017.04.28-20.42.53:926][  0]LogCook:Display: Max memory allowance for cook 16384mb min free memory 0mb
[2017.04.28-20.42.53:926][  0]LogCook:Display: Mobile HDR setting 1
[2017.04.28-20.42.54:394][  0]LogFileCache: Scanning file cache for directory 'C:/Users/Sarah/Documents/Unreal Projects/04_BattleTank/BattleTank/Content/' took 0.01s
[2017.04.28-20.42.55:525][  0]SourceControl: Info Source control is disabled
[2017.04.28-20.42.55:525][  0]Cmd: MAP LOAD FILE="../../../../../../Users/Sarah/Documents/Unreal Projects/04_BattleTank/BattleTank/Content/Levels/BattleGround.umap" TEMPLATE=0 SHOWPROGRESS=1 FEATURELEVEL=3
[2017.04.28-20.42.55:526][  0]LightingResults: New page: Lighting Build
[2017.04.28-20.42.55:584][  0]MapCheck: New page: Map Check
[2017.04.28-20.42.55:584][  0]LightingResults: New page: Lighting Build
[2017.04.28-20.42.56:119][  0]LogAIModule: Creating AISystem for world BattleGround
[2017.04.28-20.42.56:161][  0]LogEditorServer: Finished looking for orphan Actors (0.000 secs)
[2017.04.28-20.42.56:164][  0]Cmd: MAP CHECKDEP NOCLEARLOG
[2017.04.28-20.42.56:241][  0]MapCheck: Info Map check complete: 0 Error(s), 0 Warning(s), took 76.226ms to complete.
[2017.04.28-20.42.56:241][  0]LogFileHelpers: Loading map 'BattleGround' took 0.716
[2017.04.28-20.42.56:471][  0]LogCollectionManager: Loaded 1 collections in 0.002619 seconds
[2017.04.28-20.42.56:572][  0]LogFileCache: Scanning file cache for directory 'C:/Users/Sarah/Documents/Unreal Projects/04_BattleTank/BattleTank/Saved/Collections/' took 0.01s
[2017.04.28-20.42.56:572][  0]LogFileCache: Scanning file cache for directory 'C:/Users/Sarah/Documents/Unreal Projects/04_BattleTank/BattleTank/Content/Developers/Sarah/Collections/' took 0.01s
[2017.04.28-20.42.56:572][  0]LogFileCache: Scanning file cache for directory 'C:/Users/Sarah/Documents/Unreal Projects/04_BattleTank/BattleTank/Content/Collections/' took 0.01s
[2017.04.28-20.42.56:572][  0]LogCollectionManager: Rebuilt the GUID cache for 1 collections in 0.000005 seconds
[2017.04.28-20.42.56:572][  0]LogCollectionManager: Rebuilt the hierarchy cache for 1 collections in 0.000000 seconds
[2017.04.28-20.42.56:587][  0]LogContentBrowser: Native class hierarchy populated in 0.0149 seconds. Added 2255 classes and 453 folders.
[2017.04.28-20.42.56:591][  0]LogStats: UGameplayTagsManager::ConstructGameplayTagTree: Construct from data asset -  0.000 s
[2017.04.28-20.42.56:591][  0]LogStats: UGameplayTagsManager::ConstructGameplayTagTree: GameplayTagTreeChangedEvent.Broadcast -  0.000 s
[2017.04.28-20.42.56:685][  0]LogContentBrowser: Native class hierarchy updated for 'WidgetCarousel' in 0.0037 seconds. Added 0 classes and 0 folders.
[2017.04.28-20.42.56:741][  0]LogContentBrowser: Native class hierarchy updated for 'AddContentDialog' in 0.0037 seconds. Added 0 classes and 0 folders.
[2017.04.28-20.42.56:809][  0]LogContentBrowser: Native class hierarchy updated for 'SceneOutliner' in 0.0037 seconds. Added 1 classes and 2 folders.
[2017.04.28-20.42.56:876][  0]LogCrashTracker: Crashtracker disabled due to settings.
[2017.04.28-20.42.56:883][  0]LogUObjectGlobals:Warning: Failed to find object 'Class None.'
[2017.04.28-20.42.56:971][  0]LogContentBrowser: Native class hierarchy updated for 'HierarchicalLODOutliner' in 0.0039 seconds. Added 1 classes and 2 folders.
[2017.04.28-20.42.56:972][  0]LogLoad: (Engine Initialization) Total time: 23.63 seconds
[2017.04.28-20.42.56:972][  0]LogLoad: (Engine Initialization) Total Blueprint compile time: 0.19 seconds
[2017.04.28-20.42.56:972][  0]LogExternalProfiler: No external profilers were discovered.  External profiling features will not be available.
[2017.04.28-20.42.57:311][  0]LogOcInput: OculusInput pre-init called
[2017.04.28-20.42.57:334][  0]LogContentStreaming: Texture pool size now 600 MB
[2017.04.28-20.42.57:335][  0]LogSlate: Took 0.000255 seconds to synchronously load lazily loaded font '../../../Engine/Content/Slate/Fonts/Roboto-Regular.ttf' (155K)
[2017.04.28-20.42.57:340][  0]LogSlate: Took 0.000260 seconds to synchronously load lazily loaded font '../../../Engine/Content/Slate/Fonts/Roboto-Bold.ttf' (160K)
[2017.04.28-20.42.57:347][  0]LogSlate: Took 0.000257 seconds to synchronously load lazily loaded font '../../../Engine/Content/Editor/Slate/Fonts/FontAwesome.ttf' (139K)
[2017.04.28-20.42.57:525][  0]LogSlate: Took 0.000246 seconds to synchronously load lazily loaded font '../../../Engine/Content/Slate/Fonts/Roboto-Light.ttf' (159K)
[2017.04.28-20.42.57:645][  1]LogRenderer: Reallocating scene render targets to support 1080x628 NumSamples 1 (Frame:2).
[2017.04.28-20.42.57:667][  1]LogAssetRegistry: Asset discovery search completed in 13.9427 seconds
[2017.04.28-20.42.57:667][  1]LogCollectionManager: Rebuilt the object cache for 1 collections in 0.000010 seconds (found 0 objects)
[2017.04.28-20.42.57:667][  1]LogCollectionManager: Fixed up redirectors for 1 collections in 0.000035 seconds (updated 0 objects)
[2017.04.28-20.42.58:314][  3]LogSlate: Took 0.000342 seconds to synchronously load lazily loaded font '../../../Engine/Content/Slate/Fonts/Roboto-Light.ttf' (159K)
[2017.04.28-20.43.05:765][ 65]Recompiling BattleTank...
[2017.04.28-20.43.05:765][ 65]Launching UnrealBuildTool... [C:/Program Files/Epic Games/UE_4.15/Engine/Binaries/DotNET/UnrealBuildTool.exe BattleTank -ModuleWithSuffix BattleTank 9007 Win64 Development -editorrecompile -canskiplink "C:/Users/Sarah/Documents/Unreal Projects/04_BattleTank/BattleTank/BattleTank.uproject" ]
[2017.04.28-20.43.05:767][ 65]Warning: Starting HotReload took  0.0s.
[2017.04.28-20.43.20:073][369]CompilerResultsLog: New page: Compilation - Apr 28, 2017, 10:43:20 PM
[2017.04.28-20.43.20:073][369]CompilerResultsLog: Info Compiling game modules for hot reload
[2017.04.28-20.43.20:073][369]CompilerResultsLog: Info Performing 3 actions (4 in parallel)
[2017.04.28-20.43.20:073][369]CompilerResultsLog: Info TankPlayerController.cpp
[2017.04.28-20.43.20:073][369]CompilerResultsLog: Info [2/3] Link UE4Editor-BattleTank-9007.dll
[2017.04.28-20.43.20:073][369]CompilerResultsLog: Info [3/3] Link UE4Editor-BattleTank-9007.lib
[2017.04.28-20.43.20:073][369]CompilerResultsLog: Info    Creating library C:\Users\Sarah\Documents\Unreal Projects\04_BattleTank\BattleTank\Intermediate\Build\Win64\UE4Editor\Development\UE4Editor-BattleTank-9007.lib and object C:\Users\Sarah\Documents\Unreal Projects\04_BattleTank\BattleTank\Intermediate\Build\Win64\UE4Editor\Development\UE4Editor-BattleTank-9007.exp
[2017.04.28-20.43.20:073][369]CompilerResultsLog: Info    Creating library C:\Users\Sarah\Documents\Unreal Projects\04_BattleTank\BattleTank\Intermediate\Build\Win64\UE4Editor\Development\UE4Editor-BattleTank-9007.suppressed.lib and object C:\Users\Sarah\Documents\Unreal Projects\04_BattleTank\BattleTank\Intermediate\Build\Win64\UE4Editor\Development\UE4Editor-BattleTank-9007.suppressed.exp
[2017.04.28-20.43.20:073][369]CompilerResultsLog: Info Total build time: 13.90 seconds (Local executor: 12.83 seconds)
[2017.04.28-20.43.20:073][369]LogMainFrame: MainFrame: Module compiling took 14.315 seconds
[2017.04.28-20.43.20:218][369]LogClass: EFiringStatus HotReload.
[2017.04.28-20.43.20:226][369]LogContentBrowser: Native class hierarchy updated for 'BattleTank' in 0.0042 seconds. Added 11 classes and 3 folders.
[2017.04.28-20.43.20:228][369]Display: HotReload successful (6 functions remapped  0 scriptstructs remapped)
[2017.04.28-20.43.20:307][369]LogContentBrowser: Native class hierarchy populated in 0.0166 seconds. Added 2257 classes and 457 folders.
[2017.04.28-20.43.20:307][369]Display: HotReload took 14.6s.
[2017.04.28-20.43.21:139][392]LogSlate: Took 0.000197 seconds to synchronously load lazily loaded font '../../../Engine/Content/Slate/Fonts/Roboto-Light.ttf' (159K)
[2017.04.28-20.43.21:733][392]LogSlate: Took 0.000230 seconds to synchronously load lazily loaded font '../../../Engine/Content/Slate/Fonts/Roboto-Regular.ttf' (155K)
[2017.04.28-20.43.21:905][392]LogContentBrowser: Native class hierarchy updated for 'BlueprintGraph' in 0.0045 seconds. Added 112 classes and 0 folders.
[2017.04.28-20.43.22:995][392]LogSlate: Took 0.000389 seconds to synchronously load lazily loaded font '../../../Engine/Content/Editor/Slate/Fonts/Roboto-BoldCondensed.ttf' (158K)
[2017.04.28-20.43.23:105][393]LogSlate: Took 0.006090 seconds to synchronously load lazily loaded font '../../../Engine/Content/Editor/Slate/Fonts/Roboto-Italic.ttf' (157K)
[2017.04.28-20.43.32:575][876]LogTemp: Repeting last play command: Selected Viewport
[2017.04.28-20.43.32:611][876]LogBlueprintUserMessages: Early PlayInEditor Detection: Level '/Game/Levels/BattleGround.BattleGround:PersistentLevel' has LevelScriptBlueprint '/Game/Levels/BattleGround.BattleGround:PersistentLevel.BattleGround' with GeneratedClass '/Game/Levels/BattleGround.BattleGround_C' with ClassGeneratedBy '/Game/Levels/BattleGround.BattleGround:PersistentLevel.BattleGround'
[2017.04.28-20.43.32:611][876]LogPlayLevel: PlayLevel: No blueprints needed recompiling
[2017.04.28-20.43.32:612][876]PIE: New page: PIE session: BattleGround (Apr 28, 2017, 10:43:32 PM)
[2017.04.28-20.43.32:612][876]LogPlayLevel: Creating play world package: /Game/Levels/UEDPIE_0_BattleGround
[2017.04.28-20.43.32:668][876]LogPlayLevel: PIE: StaticDuplicateObject took: (0.056130s)
[2017.04.28-20.43.32:669][876]LogAIModule: Creating AISystem for world BattleGround
[2017.04.28-20.43.32:669][876]LogPlayLevel: PIE: World Init took: (0.001036s)
[2017.04.28-20.43.32:669][876]LogPlayLevel: PIE: Created PIE world by copying editor world from /Game/Levels/BattleGround.BattleGround to /Game/Levels/UEDPIE_0_BattleGround.BattleGround (0.057535s)
[2017.04.28-20.43.32:710][876]LogInit: XAudio2 using 'Speakers (2- High Definition Audio Device)' : 2 channels at 44.1 kHz using 16 bits per sample (channel mask 0x3)
[2017.04.28-20.43.32:720][876]LogInit: FAudioDevice initialized.
[2017.04.28-20.43.32:766][876]LogLoad: Game class is 'BattleTankGameMode_BP_C'
[2017.04.28-20.43.32:774][876]LogWorld: Bringing World /Game/Levels/UEDPIE_0_BattleGround.BattleGround up for play (max tick rate 0) at 2017.04.28-21.43.32
[2017.04.28-20.43.32:775][876]LogWorld: Bringing up level for play took: 0.007035
[2017.04.28-20.43.32:843][876]LogContentBrowser: Native class hierarchy updated for 'MovieSceneCapture' in 0.0039 seconds. Added 11 classes and 0 folders.
[2017.04.28-20.43.32:846][876]PIE: Info Play in editor start time for /Game/Levels/UEDPIE_0_BattleGround 0.439
[2017.04.28-20.43.32:846][876]LogBlueprintUserMessages: Late PlayInEditor Detection: Level '/Game/Levels/BattleGround.BattleGround:PersistentLevel' has LevelScriptBlueprint '/Game/Levels/BattleGround.BattleGround:PersistentLevel.BattleGround' with GeneratedClass '/Game/Levels/BattleGround.BattleGround_C' with ClassGeneratedBy '/Game/Levels/BattleGround.BattleGround:PersistentLevel.BattleGround'
[2017.04.28-20.43.43:488][531]LogBlueprintUserMessages: Early EndPlayMap Detection: Level '/Game/Levels/BattleGround.BattleGround:PersistentLevel' has LevelScriptBlueprint '/Game/Levels/BattleGround.BattleGround:PersistentLevel.BattleGround' with GeneratedClass '/Game/Levels/BattleGround.BattleGround_C' with ClassGeneratedBy '/Game/Levels/BattleGround.BattleGround:PersistentLevel.BattleGround'
[2017.04.28-20.43.43:536][531]LogBlueprintUserMessages: Late EndPlayMap Detection: Level '/Game/Levels/BattleGround.BattleGround:PersistentLevel' has LevelScriptBlueprint '/Game/Levels/BattleGround.BattleGround:PersistentLevel.BattleGround' with GeneratedClass '/Game/Levels/BattleGround.BattleGround_C' with ClassGeneratedBy '/Game/Levels/BattleGround.BattleGround:PersistentLevel.BattleGround'
[2017.04.28-20.43.45:989][638]LogTemp: Repeting last play command: Selected Viewport
[2017.04.28-20.43.46:010][638]LogBlueprintUserMessages: Early PlayInEditor Detection: Level '/Game/Levels/BattleGround.BattleGround:PersistentLevel' has LevelScriptBlueprint '/Game/Levels/BattleGround.BattleGround:PersistentLevel.BattleGround' with GeneratedClass '/Game/Levels/BattleGround.BattleGround_C' with ClassGeneratedBy '/Game/Levels/BattleGround.BattleGround:PersistentLevel.BattleGround'
[2017.04.28-20.43.46:010][638]LogPlayLevel: PlayLevel: No blueprints needed recompiling
[2017.04.28-20.43.46:011][638]PIE: New page: PIE session: BattleGround (Apr 28, 2017, 10:43:46 PM)
[2017.04.28-20.43.46:011][638]LogPlayLevel: Creating play world package: /Game/Levels/UEDPIE_0_BattleGround
[2017.04.28-20.43.46:057][638]LogPlayLevel: PIE: StaticDuplicateObject took: (0.046408s)
[2017.04.28-20.43.46:058][638]LogAIModule: Creating AISystem for world BattleGround
[2017.04.28-20.43.46:058][638]LogPlayLevel: PIE: World Init took: (0.001118s)
[2017.04.28-20.43.46:059][638]LogPlayLevel: PIE: Created PIE world by copying editor world from /Game/Levels/BattleGround.BattleGround to /Game/Levels/UEDPIE_0_BattleGround.BattleGround (0.047888s)
[2017.04.28-20.43.46:088][638]LogInit: XAudio2 using 'Speakers (2- High Definition Audio Device)' : 2 channels at 44.1 kHz using 16 bits per sample (channel mask 0x3)
[2017.04.28-20.43.46:099][638]LogInit: FAudioDevice initialized.
[2017.04.28-20.43.46:132][638]LogLoad: Game class is 'BattleTankGameMode_BP_C'
[2017.04.28-20.43.46:142][638]LogWorld: Bringing World /Game/Levels/UEDPIE_0_BattleGround.BattleGround up for play (max tick rate 0) at 2017.04.28-21.43.46
[2017.04.28-20.43.46:143][638]LogWorld: Bringing up level for play took: 0.008958
[2017.04.28-20.43.46:145][638]PIE: Info Play in editor start time for /Game/Levels/UEDPIE_0_BattleGround -0.262
[2017.04.28-20.43.46:146][638]LogBlueprintUserMessages: Late PlayInEditor Detection: Level '/Game/Levels/BattleGround.BattleGround:PersistentLevel' has LevelScriptBlueprint '/Game/Levels/BattleGround.BattleGround:PersistentLevel.BattleGround' with GeneratedClass '/Game/Levels/BattleGround.BattleGround_C' with ClassGeneratedBy '/Game/Levels/BattleGround.BattleGround:PersistentLevel.BattleGround'
[2017.04.28-20.43.56:837][296]LogBlueprintUserMessages: Early EndPlayMap Detection: Level '/Game/Levels/BattleGround.BattleGround:PersistentLevel' has LevelScriptBlueprint '/Game/Levels/BattleGround.BattleGround:PersistentLevel.BattleGround' with GeneratedClass '/Game/Levels/BattleGround.BattleGround_C' with ClassGeneratedBy '/Game/Levels/BattleGround.BattleGround:PersistentLevel.BattleGround'
[2017.04.28-20.43.56:881][296]LogBlueprintUserMessages: Late EndPlayMap Detection: Level '/Game/Levels/BattleGround.BattleGround:PersistentLevel' has LevelScriptBlueprint '/Game/Levels/BattleGround.BattleGround:PersistentLevel.BattleGround' with GeneratedClass '/Game/Levels/BattleGround.BattleGround_C' with ClassGeneratedBy '/Game/Levels/BattleGround.BattleGround:PersistentLevel.BattleGround'
[2017.04.28-20.53.58:926][454]Recompiling BattleTank...
[2017.04.28-20.53.58:927][454]Launching UnrealBuildTool... [C:/Program Files/Epic Games/UE_4.15/Engine/Binaries/DotNET/UnrealBuildTool.exe BattleTank -ModuleWithSuffix BattleTank 8824 Win64 Development -editorrecompile -canskiplink "C:/Users/Sarah/Documents/Unreal Projects/04_BattleTank/BattleTank/BattleTank.uproject" ]
[2017.04.28-20.53.58:934][454]Warning: Starting HotReload took  0.1s.
[2017.04.28-20.54.27:467][359]CompilerResultsLog: New page: Compilation - Apr 28, 2017, 10:54:27 PM
[2017.04.28-20.54.27:468][359]CompilerResultsLog: Info Compiling game modules for hot reload
[2017.04.28-20.54.27:468][359]CompilerResultsLog: Info Parsing headers for BattleTankEditor
[2017.04.28-20.54.27:468][359]CompilerResultsLog: Info   Running UnrealHeaderTool "C:\Users\Sarah\Documents\Unreal Projects\04_BattleTank\BattleTank\BattleTank.uproject" "C:\Users\Sarah\Documents\Unreal Projects\04_BattleTank\BattleTank\Intermediate\Build\Win64\BattleTankEditor\Development\BattleTankEditor.uhtmanifest" -LogCmds="loginit warning, logexit warning, logdatabase error" -Unattended -WarningsAsErrors -installed
[2017.04.28-20.54.27:468][359]CompilerResultsLog: Info Reflection code generated for BattleTankEditor in 18.2212876 seconds
[2017.04.28-20.54.27:468][359]CompilerResultsLog: Info Performing 5 actions (4 in parallel)
[2017.04.28-20.54.27:468][359]CompilerResultsLog: Info TankMovementComponent.cpp
[2017.04.28-20.54.27:468][359]CompilerResultsLog: Info TankTrack.cpp
[2017.04.28-20.54.27:468][359]CompilerResultsLog: Info BattleTank.generated.cpp
[2017.04.28-20.54.27:468][359]CompilerResultsLog: Info [4/5] Link UE4Editor-BattleTank-8824.dll
[2017.04.28-20.54.27:468][359]CompilerResultsLog: Info [5/5] Link UE4Editor-BattleTank-8824.lib
[2017.04.28-20.54.27:468][359]CompilerResultsLog: Info    Creating library C:\Users\Sarah\Documents\Unreal Projects\04_BattleTank\BattleTank\Intermediate\Build\Win64\UE4Editor\Development\UE4Editor-BattleTank-8824.lib and object C:\Users\Sarah\Documents\Unreal Projects\04_BattleTank\BattleTank\Intermediate\Build\Win64\UE4Editor\Development\UE4Editor-BattleTank-8824.exp
[2017.04.28-20.54.27:468][359]CompilerResultsLog: Info    Creating library C:\Users\Sarah\Documents\Unreal Projects\04_BattleTank\BattleTank\Intermediate\Build\Win64\UE4Editor\Development\UE4Editor-BattleTank-8824.suppressed.lib and object C:\Users\Sarah\Documents\Unreal Projects\04_BattleTank\BattleTank\Intermediate\Build\Win64\UE4Editor\Development\UE4Editor-BattleTank-8824.suppressed.exp
[2017.04.28-20.54.27:468][359]CompilerResultsLog: Info Total build time: 27.99 seconds (Local executor: 7.81 seconds)
[2017.04.28-20.54.27:468][359]LogMainFrame: MainFrame: Module compiling took 28.551 seconds
[2017.04.28-20.54.27:658][359]LogClass: EFiringStatus HotReload.
[2017.04.28-20.54.27:662][359]LogHotReload: Re-instancing TankTrack after hot-reload.
[2017.04.28-20.54.27:854][359]LogContentBrowser: Native class hierarchy updated for 'BattleTank' in 0.0049 seconds. Added 11 classes and 3 folders.
[2017.04.28-20.54.27:858][359]Display: HotReload successful (6 functions remapped  0 scriptstructs remapped)
[2017.04.28-20.54.28:464][359]LogContentBrowser: Native class hierarchy populated in 0.0260 seconds. Added 2257 classes and 457 folders.
[2017.04.28-20.54.28:464][359]Display: HotReload took 29.6s.
[2017.04.28-20.54.31:757][427]LogTemp: Repeting last play command: Selected Viewport
[2017.04.28-20.54.31:788][427]LogBlueprintUserMessages: Early PlayInEditor Detection: Level '/Game/Levels/BattleGround.BattleGround:PersistentLevel' has LevelScriptBlueprint '/Game/Levels/BattleGround.BattleGround:PersistentLevel.BattleGround' with GeneratedClass '/Game/Levels/BattleGround.BattleGround_C' with ClassGeneratedBy '/Game/Levels/BattleGround.BattleGround:PersistentLevel.BattleGround'
[2017.04.28-20.54.31:788][427]LogPlayLevel: PlayLevel: No blueprints needed recompiling
[2017.04.28-20.54.31:788][427]PIE: New page: PIE session: BattleGround (Apr 28, 2017, 10:54:31 PM)
[2017.04.28-20.54.31:789][427]LogPlayLevel: Creating play world package: /Game/Levels/UEDPIE_0_BattleGround
[2017.04.28-20.54.31:839][427]LogPlayLevel: PIE: StaticDuplicateObject took: (0.050752s)
[2017.04.28-20.54.31:841][427]LogAIModule: Creating AISystem for world BattleGround
[2017.04.28-20.54.31:842][427]LogPlayLevel: PIE: World Init took: (0.002059s)
[2017.04.28-20.54.31:842][427]LogPlayLevel: PIE: Created PIE world by copying editor world from /Game/Levels/BattleGround.BattleGround to /Game/Levels/UEDPIE_0_BattleGround.BattleGround (0.053302s)
[2017.04.28-20.54.31:924][427]LogInit: XAudio2 using 'Speakers (2- High Definition Audio Device)' : 2 channels at 44.1 kHz using 16 bits per sample (channel mask 0x3)
[2017.04.28-20.54.31:934][427]LogInit: FAudioDevice initialized.
[2017.04.28-20.54.31:974][427]LogLoad: Game class is 'BattleTankGameMode_BP_C'
[2017.04.28-20.54.31:982][427]LogWorld: Bringing World /Game/Levels/UEDPIE_0_BattleGround.BattleGround up for play (max tick rate 0) at 2017.04.28-21.54.31
[2017.04.28-20.54.31:983][427]LogWorld: Bringing up level for play took: 0.007651
[2017.04.28-20.54.31:986][427]PIE: Info Play in editor start time for /Game/Levels/UEDPIE_0_BattleGround -0.421
[2017.04.28-20.54.31:987][427]LogBlueprintUserMessages: Late PlayInEditor Detection: Level '/Game/Levels/BattleGround.BattleGround:PersistentLevel' has LevelScriptBlueprint '/Game/Levels/BattleGround.BattleGround:PersistentLevel.BattleGround' with GeneratedClass '/Game/Levels/BattleGround.BattleGround_C' with ClassGeneratedBy '/Game/Levels/BattleGround.BattleGround:PersistentLevel.BattleGround'
[2017.04.28-20.54.37:191][732]LogBlueprintUserMessages: Early EndPlayMap Detection: Level '/Game/Levels/BattleGround.BattleGround:PersistentLevel' has LevelScriptBlueprint '/Game/Levels/BattleGround.BattleGround:PersistentLevel.BattleGround' with GeneratedClass '/Game/Levels/BattleGround.BattleGround_C' with ClassGeneratedBy '/Game/Levels/BattleGround.BattleGround:PersistentLevel.BattleGround'
[2017.04.28-20.54.37:237][732]LogBlueprintUserMessages: Late EndPlayMap Detection: Level '/Game/Levels/BattleGround.BattleGround:PersistentLevel' has LevelScriptBlueprint '/Game/Levels/BattleGround.BattleGround:PersistentLevel.BattleGround' with GeneratedClass '/Game/Levels/BattleGround.BattleGround_C' with ClassGeneratedBy '/Game/Levels/BattleGround.BattleGround:PersistentLevel.BattleGround'
[2017.04.28-20.54.39:551][829]LogTemp: Repeting last play command: Selected Viewport
[2017.04.28-20.54.39:578][829]LogBlueprintUserMessages: Early PlayInEditor Detection: Level '/Game/Levels/BattleGround.BattleGround:PersistentLevel' has LevelScriptBlueprint '/Game/Levels/BattleGround.BattleGround:PersistentLevel.BattleGround' with GeneratedClass '/Game/Levels/BattleGround.BattleGround_C' with ClassGeneratedBy '/Game/Levels/BattleGround.BattleGround:PersistentLevel.BattleGround'
[2017.04.28-20.54.39:578][829]LogPlayLevel: PlayLevel: No blueprints needed recompiling
[2017.04.28-20.54.39:578][829]PIE: New page: PIE session: BattleGround (Apr 28, 2017, 10:54:39 PM)
[2017.04.28-20.54.39:578][829]LogPlayLevel: Creating play world package: /Game/Levels/UEDPIE_0_BattleGround
[2017.04.28-20.54.39:620][829]LogPlayLevel: PIE: StaticDuplicateObject took: (0.042043s)
[2017.04.28-20.54.39:621][829]LogAIModule: Creating AISystem for world BattleGround
[2017.04.28-20.54.39:621][829]LogPlayLevel: PIE: World Init took: (0.000761s)
[2017.04.28-20.54.39:621][829]LogPlayLevel: PIE: Created PIE world by copying editor world from /Game/Levels/BattleGround.BattleGround to /Game/Levels/UEDPIE_0_BattleGround.BattleGround (0.043080s)
[2017.04.28-20.54.39:646][829]LogInit: XAudio2 using 'Speakers (2- High Definition Audio Device)' : 2 channels at 44.1 kHz using 16 bits per sample (channel mask 0x3)
[2017.04.28-20.54.39:655][829]LogInit: FAudioDevice initialized.
[2017.04.28-20.54.39:689][829]LogLoad: Game class is 'BattleTankGameMode_BP_C'
[2017.04.28-20.54.39:696][829]LogWorld: Bringing World /Game/Levels/UEDPIE_0_BattleGround.BattleGround up for play (max tick rate 0) at 2017.04.28-21.54.39
[2017.04.28-20.54.39:697][829]LogWorld: Bringing up level for play took: 0.006591
[2017.04.28-20.54.39:700][829]PIE: Info Play in editor start time for /Game/Levels/UEDPIE_0_BattleGround -0.707
[2017.04.28-20.54.39:700][829]LogBlueprintUserMessages: Late PlayInEditor Detection: Level '/Game/Levels/BattleGround.BattleGround:PersistentLevel' has LevelScriptBlueprint '/Game/Levels/BattleGround.BattleGround:PersistentLevel.BattleGround' with GeneratedClass '/Game/Levels/BattleGround.BattleGround_C' with ClassGeneratedBy '/Game/Levels/BattleGround.BattleGround:PersistentLevel.BattleGround'
[2017.04.28-20.54.56:585][889]LogBlueprintUserMessages: Early EndPlayMap Detection: Level '/Game/Levels/BattleGround.BattleGround:PersistentLevel' has LevelScriptBlueprint '/Game/Levels/BattleGround.BattleGround:PersistentLevel.BattleGround' with GeneratedClass '/Game/Levels/BattleGround.BattleGround_C' with ClassGeneratedBy '/Game/Levels/BattleGround.BattleGround:PersistentLevel.BattleGround'
[2017.04.28-20.54.56:632][889]LogBlueprintUserMessages: Late EndPlayMap Detection: Level '/Game/Levels/BattleGround.BattleGround:PersistentLevel' has LevelScriptBlueprint '/Game/Levels/BattleGround.BattleGround:PersistentLevel.BattleGround' with GeneratedClass '/Game/Levels/BattleGround.BattleGround_C' with ClassGeneratedBy '/Game/Levels/BattleGround.BattleGround:PersistentLevel.BattleGround'
[2017.04.28-20.54.58:908][986]LogTemp: Repeting last play command: Selected Viewport
[2017.04.28-20.54.58:930][986]LogBlueprintUserMessages: Early PlayInEditor Detection: Level '/Game/Levels/BattleGround.BattleGround:PersistentLevel' has LevelScriptBlueprint '/Game/Levels/BattleGround.BattleGround:PersistentLevel.BattleGround' with GeneratedClass '/Game/Levels/BattleGround.BattleGround_C' with ClassGeneratedBy '/Game/Levels/BattleGround.BattleGround:PersistentLevel.BattleGround'
[2017.04.28-20.54.58:930][986]LogPlayLevel: PlayLevel: No blueprints needed recompiling
[2017.04.28-20.54.58:930][986]PIE: New page: PIE session: BattleGround (Apr 28, 2017, 10:54:58 PM)
[2017.04.28-20.54.58:930][986]LogPlayLevel: Creating play world package: /Game/Levels/UEDPIE_0_BattleGround
[2017.04.28-20.54.58:971][986]LogPlayLevel: PIE: StaticDuplicateObject took: (0.040577s)
[2017.04.28-20.54.58:971][986]LogAIModule: Creating AISystem for world BattleGround
[2017.04.28-20.54.58:972][986]LogPlayLevel: PIE: World Init took: (0.000804s)
[2017.04.28-20.54.58:972][986]LogPlayLevel: PIE: Created PIE world by copying editor world from /Game/Levels/BattleGround.BattleGround to /Game/Levels/UEDPIE_0_BattleGround.BattleGround (0.041658s)
[2017.04.28-20.54.58:992][986]LogInit: XAudio2 using 'Speakers (2- High Definition Audio Device)' : 2 channels at 44.1 kHz using 16 bits per sample (channel mask 0x3)
[2017.04.28-20.54.59:003][986]LogInit: FAudioDevice initialized.
[2017.04.28-20.54.59:033][986]LogLoad: Game class is 'BattleTankGameMode_BP_C'
[2017.04.28-20.54.59:043][986]LogWorld: Bringing World /Game/Levels/UEDPIE_0_BattleGround.BattleGround up for play (max tick rate 0) at 2017.04.28-21.54.59
[2017.04.28-20.54.59:044][986]LogWorld: Bringing up level for play took: 0.009943
[2017.04.28-20.54.59:048][986]PIE: Info Play in editor start time for /Game/Levels/UEDPIE_0_BattleGround 0.641
[2017.04.28-20.54.59:048][986]LogBlueprintUserMessages: Late PlayInEditor Detection: Level '/Game/Levels/BattleGround.BattleGround:PersistentLevel' has LevelScriptBlueprint '/Game/Levels/BattleGround.BattleGround:PersistentLevel.BattleGround' with GeneratedClass '/Game/Levels/BattleGround.BattleGround_C' with ClassGeneratedBy '/Game/Levels/BattleGround.BattleGround:PersistentLevel.BattleGround'
[2017.04.28-20.55.22:767][482]LogBlueprintUserMessages: Early EndPlayMap Detection: Level '/Game/Levels/BattleGround.BattleGround:PersistentLevel' has LevelScriptBlueprint '/Game/Levels/BattleGround.BattleGround:PersistentLevel.BattleGround' with GeneratedClass '/Game/Levels/BattleGround.BattleGround_C' with ClassGeneratedBy '/Game/Levels/BattleGround.BattleGround:PersistentLevel.BattleGround'
[2017.04.28-20.55.22:812][482]LogBlueprintUserMessages: Late EndPlayMap Detection: Level '/Game/Levels/BattleGround.BattleGround:PersistentLevel' has LevelScriptBlueprint '/Game/Levels/BattleGround.BattleGround:PersistentLevel.BattleGround' with GeneratedClass '/Game/Levels/BattleGround.BattleGround_C' with ClassGeneratedBy '/Game/Levels/BattleGround.BattleGround:PersistentLevel.BattleGround'
[2017.04.28-20.56.04:942][702]LogSlate: Took 0.012309 seconds to synchronously load lazily loaded font '../../../Engine/Content/Editor/Slate/Fonts/DroidSansMono.ttf' (77K)
[2017.04.28-20.56.09:668][947]Recompiling BattleTank...
[2017.04.28-20.56.09:668][947]Launching UnrealBuildTool... [C:/Program Files/Epic Games/UE_4.15/Engine/Binaries/DotNET/UnrealBuildTool.exe BattleTank -ModuleWithSuffix BattleTank 9851 Win64 Development -editorrecompile -canskiplink "C:/Users/Sarah/Documents/Unreal Projects/04_BattleTank/BattleTank/BattleTank.uproject" ]
[2017.04.28-20.56.09:670][947]Warning: Starting HotReload took  0.0s.
[2017.04.28-20.56.11:029][ 13]CompilerResultsLog: New page: Compilation - Apr 28, 2017, 10:56:11 PM
[2017.04.28-20.56.11:029][ 13]CompilerResultsLog: Info Compiling game modules for hot reload
[2017.04.28-20.56.11:029][ 13]CompilerResultsLog: Info Target is up to date
[2017.04.28-20.56.11:029][ 13]CompilerResultsLog: Info Total build time: 1.02 seconds (NoActionsToExecute executor: 0.00 seconds)
[2017.04.28-20.56.11:029][ 13]LogMainFrame: MainFrame: Module compiling took 1.375 seconds
[2017.04.28-20.56.11:431][ 13]LogContentBrowser: Native class hierarchy populated in 0.0153 seconds. Added 2257 classes and 457 folders.
[2017.04.28-20.56.11:431][ 13]Display: HotReload took  1.8s.
[2017.04.28-20.56.13:809][122]LogTemp: Repeting last play command: Selected Viewport
[2017.04.28-20.56.13:830][122]LogBlueprintUserMessages: Early PlayInEditor Detection: Level '/Game/Levels/BattleGround.BattleGround:PersistentLevel' has LevelScriptBlueprint '/Game/Levels/BattleGround.BattleGround:PersistentLevel.BattleGround' with GeneratedClass '/Game/Levels/BattleGround.BattleGround_C' with ClassGeneratedBy '/Game/Levels/BattleGround.BattleGround:PersistentLevel.BattleGround'
[2017.04.28-20.56.13:830][122]LogPlayLevel: PlayLevel: No blueprints needed recompiling
[2017.04.28-20.56.13:831][122]PIE: New page: PIE session: BattleGround (Apr 28, 2017, 10:56:13 PM)
[2017.04.28-20.56.13:831][122]LogPlayLevel: Creating play world package: /Game/Levels/UEDPIE_0_BattleGround
[2017.04.28-20.56.13:882][122]LogPlayLevel: PIE: StaticDuplicateObject took: (0.051418s)
[2017.04.28-20.56.13:883][122]LogAIModule: Creating AISystem for world BattleGround
[2017.04.28-20.56.13:884][122]LogPlayLevel: PIE: World Init took: (0.001022s)
[2017.04.28-20.56.13:884][122]LogPlayLevel: PIE: Created PIE world by copying editor world from /Game/Levels/BattleGround.BattleGround to /Game/Levels/UEDPIE_0_BattleGround.BattleGround (0.053051s)
[2017.04.28-20.56.13:941][122]LogInit: XAudio2 using 'Speakers (2- High Definition Audio Device)' : 2 channels at 44.1 kHz using 16 bits per sample (channel mask 0x3)
[2017.04.28-20.56.13:949][122]LogInit: FAudioDevice initialized.
[2017.04.28-20.56.13:985][122]LogLoad: Game class is 'BattleTankGameMode_BP_C'
[2017.04.28-20.56.13:992][122]LogWorld: Bringing World /Game/Levels/UEDPIE_0_BattleGround.BattleGround up for play (max tick rate 0) at 2017.04.28-21.56.13
[2017.04.28-20.56.13:993][122]LogWorld: Bringing up level for play took: 0.007046
[2017.04.28-20.56.13:997][122]PIE: Info Play in editor start time for /Game/Levels/UEDPIE_0_BattleGround -0.41
[2017.04.28-20.56.13:997][122]LogBlueprintUserMessages: Late PlayInEditor Detection: Level '/Game/Levels/BattleGround.BattleGround:PersistentLevel' has LevelScriptBlueprint '/Game/Levels/BattleGround.BattleGround:PersistentLevel.BattleGround' with GeneratedClass '/Game/Levels/BattleGround.BattleGround_C' with ClassGeneratedBy '/Game/Levels/BattleGround.BattleGround:PersistentLevel.BattleGround'
[2017.04.28-20.56.15:544][203]LogBlueprintUserMessages: Early EndPlayMap Detection: Level '/Game/Levels/BattleGround.BattleGround:PersistentLevel' has LevelScriptBlueprint '/Game/Levels/BattleGround.BattleGround:PersistentLevel.BattleGround' with GeneratedClass '/Game/Levels/BattleGround.BattleGround_C' with ClassGeneratedBy '/Game/Levels/BattleGround.BattleGround:PersistentLevel.BattleGround'
[2017.04.28-20.56.15:594][203]LogBlueprintUserMessages: Late EndPlayMap Detection: Level '/Game/Levels/BattleGround.BattleGround:PersistentLevel' has LevelScriptBlueprint '/Game/Levels/BattleGround.BattleGround:PersistentLevel.BattleGround' with GeneratedClass '/Game/Levels/BattleGround.BattleGround_C' with ClassGeneratedBy '/Game/Levels/BattleGround.BattleGround:PersistentLevel.BattleGround'
[2017.04.28-20.57.40:141][514]LogHotReload: New module detected: UE4Editor-BattleTank-4943.dll
[2017.04.28-20.57.41:166][518]LogHotReload: Starting Hot-Reload from IDE
[2017.04.28-20.57.41:302][518]LogClass: EFiringStatus HotReload.
[2017.04.28-20.57.41:310][518]LogContentBrowser: Native class hierarchy updated for 'BattleTank' in 0.0041 seconds. Added 11 classes and 3 folders.
[2017.04.28-20.57.41:312][518]Display: HotReload successful (6 functions remapped  0 scriptstructs remapped)
[2017.04.28-20.57.41:727][518]LogContentBrowser: Native class hierarchy populated in 0.0157 seconds. Added 2257 classes and 457 folders.
[2017.04.28-20.57.41:732][518]Display: HotReload took  0.6s.
[2017.04.28-20.57.46:657][595]LogTemp: Repeting last play command: Selected Viewport
[2017.04.28-20.57.46:686][595]LogBlueprintUserMessages: Early PlayInEditor Detection: Level '/Game/Levels/BattleGround.BattleGround:PersistentLevel' has LevelScriptBlueprint '/Game/Levels/BattleGround.BattleGround:PersistentLevel.BattleGround' with GeneratedClass '/Game/Levels/BattleGround.BattleGround_C' with ClassGeneratedBy '/Game/Levels/BattleGround.BattleGround:PersistentLevel.BattleGround'
[2017.04.28-20.57.46:686][595]LogPlayLevel: PlayLevel: No blueprints needed recompiling
[2017.04.28-20.57.46:687][595]PIE: New page: PIE session: BattleGround (Apr 28, 2017, 10:57:46 PM)
[2017.04.28-20.57.46:687][595]LogPlayLevel: Creating play world package: /Game/Levels/UEDPIE_0_BattleGround
[2017.04.28-20.57.46:736][595]LogPlayLevel: PIE: StaticDuplicateObject took: (0.048629s)
[2017.04.28-20.57.46:736][595]LogAIModule: Creating AISystem for world BattleGround
[2017.04.28-20.57.46:737][595]LogPlayLevel: PIE: World Init took: (0.000976s)
[2017.04.28-20.57.46:737][595]LogPlayLevel: PIE: Created PIE world by copying editor world from /Game/Levels/BattleGround.BattleGround to /Game/Levels/UEDPIE_0_BattleGround.BattleGround (0.050219s)
[2017.04.28-20.57.46:808][595]LogInit: XAudio2 using 'Speakers (2- High Definition Audio Device)' : 2 channels at 44.1 kHz using 16 bits per sample (channel mask 0x3)
[2017.04.28-20.57.46:817][595]LogInit: FAudioDevice initialized.
[2017.04.28-20.57.46:850][595]LogLoad: Game class is 'BattleTankGameMode_BP_C'
[2017.04.28-20.57.46:860][595]LogWorld: Bringing World /Game/Levels/UEDPIE_0_BattleGround.BattleGround up for play (max tick rate 0) at 2017.04.28-21.57.46
[2017.04.28-20.57.46:861][595]LogWorld: Bringing up level for play took: 0.009953
[2017.04.28-20.57.46:865][595]PIE: Info Play in editor start time for /Game/Levels/UEDPIE_0_BattleGround 0.458
[2017.04.28-20.57.46:865][595]LogBlueprintUserMessages: Late PlayInEditor Detection: Level '/Game/Levels/BattleGround.BattleGround:PersistentLevel' has LevelScriptBlueprint '/Game/Levels/BattleGround.BattleGround:PersistentLevel.BattleGround' with GeneratedClass '/Game/Levels/BattleGround.BattleGround_C' with ClassGeneratedBy '/Game/Levels/BattleGround.BattleGround:PersistentLevel.BattleGround'
[2017.04.28-20.57.48:970][722]LogBlueprintUserMessages: Early EndPlayMap Detection: Level '/Game/Levels/BattleGround.BattleGround:PersistentLevel' has LevelScriptBlueprint '/Game/Levels/BattleGround.BattleGround:PersistentLevel.BattleGround' with GeneratedClass '/Game/Levels/BattleGround.BattleGround_C' with ClassGeneratedBy '/Game/Levels/BattleGround.BattleGround:PersistentLevel.BattleGround'
[2017.04.28-20.57.49:020][722]LogBlueprintUserMessages: Late EndPlayMap Detection: Level '/Game/Levels/BattleGround.BattleGround:PersistentLevel' has LevelScriptBlueprint '/Game/Levels/BattleGround.BattleGround:PersistentLevel.BattleGround' with GeneratedClass '/Game/Levels/BattleGround.BattleGround_C' with ClassGeneratedBy '/Game/Levels/BattleGround.BattleGround:PersistentLevel.BattleGround'
[2017.04.28-20.59.36:162][257]LogHotReload: New module detected: UE4Editor-BattleTank-8334.dll
[2017.04.28-20.59.37:201][261]LogHotReload: Starting Hot-Reload from IDE
[2017.04.28-20.59.37:370][261]LogClass: EFiringStatus HotReload.
[2017.04.28-20.59.37:378][261]LogContentBrowser: Native class hierarchy updated for 'BattleTank' in 0.0041 seconds. Added 11 classes and 3 folders.
[2017.04.28-20.59.37:380][261]Display: HotReload successful (6 functions remapped  0 scriptstructs remapped)
[2017.04.28-20.59.37:853][261]LogContentBrowser: Native class hierarchy populated in 0.0163 seconds. Added 2257 classes and 457 folders.
[2017.04.28-20.59.37:859][261]Display: HotReload took  0.7s.
[2017.04.28-20.59.41:775][345]LogTemp: Repeting last play command: Selected Viewport
[2017.04.28-20.59.41:797][345]LogBlueprintUserMessages: Early PlayInEditor Detection: Level '/Game/Levels/BattleGround.BattleGround:PersistentLevel' has LevelScriptBlueprint '/Game/Levels/BattleGround.BattleGround:PersistentLevel.BattleGround' with GeneratedClass '/Game/Levels/BattleGround.BattleGround_C' with ClassGeneratedBy '/Game/Levels/BattleGround.BattleGround:PersistentLevel.BattleGround'
[2017.04.28-20.59.41:798][345]LogPlayLevel: PlayLevel: No blueprints needed recompiling
[2017.04.28-20.59.41:798][345]PIE: New page: PIE session: BattleGround (Apr 28, 2017, 10:59:41 PM)
[2017.04.28-20.59.41:799][345]LogPlayLevel: Creating play world package: /Game/Levels/UEDPIE_0_BattleGround
[2017.04.28-20.59.41:851][345]LogPlayLevel: PIE: StaticDuplicateObject took: (0.051573s)
[2017.04.28-20.59.41:852][345]LogAIModule: Creating AISystem for world BattleGround
[2017.04.28-20.59.41:852][345]LogPlayLevel: PIE: World Init took: (0.001270s)
[2017.04.28-20.59.41:852][345]LogPlayLevel: PIE: Created PIE world by copying editor world from /Game/Levels/BattleGround.BattleGround to /Game/Levels/UEDPIE_0_BattleGround.BattleGround (0.053511s)
[2017.04.28-20.59.41:926][345]LogInit: XAudio2 using 'Speakers (2- High Definition Audio Device)' : 2 channels at 44.1 kHz using 16 bits per sample (channel mask 0x3)
[2017.04.28-20.59.41:937][345]LogInit: FAudioDevice initialized.
[2017.04.28-20.59.41:972][345]LogLoad: Game class is 'BattleTankGameMode_BP_C'
[2017.04.28-20.59.41:983][345]LogWorld: Bringing World /Game/Levels/UEDPIE_0_BattleGround.BattleGround up for play (max tick rate 0) at 2017.04.28-21.59.41
[2017.04.28-20.59.41:985][345]LogWorld: Bringing up level for play took: 0.010893
[2017.04.28-20.59.41:988][345]PIE: Info Play in editor start time for /Game/Levels/UEDPIE_0_BattleGround -0.419
[2017.04.28-20.59.41:989][345]LogBlueprintUserMessages: Late PlayInEditor Detection: Level '/Game/Levels/BattleGround.BattleGround:PersistentLevel' has LevelScriptBlueprint '/Game/Levels/BattleGround.BattleGround:PersistentLevel.BattleGround' with GeneratedClass '/Game/Levels/BattleGround.BattleGround_C' with ClassGeneratedBy '/Game/Levels/BattleGround.BattleGround:PersistentLevel.BattleGround'
[2017.04.28-20.59.43:497][436]LogBlueprintUserMessages: Early EndPlayMap Detection: Level '/Game/Levels/BattleGround.BattleGround:PersistentLevel' has LevelScriptBlueprint '/Game/Levels/BattleGround.BattleGround:PersistentLevel.BattleGround' with GeneratedClass '/Game/Levels/BattleGround.BattleGround_C' with ClassGeneratedBy '/Game/Levels/BattleGround.BattleGround:PersistentLevel.BattleGround'
[2017.04.28-20.59.43:545][436]LogBlueprintUserMessages: Late EndPlayMap Detection: Level '/Game/Levels/BattleGround.BattleGround:PersistentLevel' has LevelScriptBlueprint '/Game/Levels/BattleGround.BattleGround:PersistentLevel.BattleGround' with GeneratedClass '/Game/Levels/BattleGround.BattleGround_C' with ClassGeneratedBy '/Game/Levels/BattleGround.BattleGround:PersistentLevel.BattleGround'
[2017.04.28-20.59.44:422][469]Recompiling BattleTank...
[2017.04.28-20.59.44:422][469]Launching UnrealBuildTool... [C:/Program Files/Epic Games/UE_4.15/Engine/Binaries/DotNET/UnrealBuildTool.exe BattleTank -ModuleWithSuffix BattleTank 1723 Win64 Development -editorrecompile -canskiplink "C:/Users/Sarah/Documents/Unreal Projects/04_BattleTank/BattleTank/BattleTank.uproject" ]
[2017.04.28-20.59.44:424][469]Warning: Starting HotReload took  0.0s.
[2017.04.28-21.00.06:154][730]CompilerResultsLog: New page: Compilation - Apr 28, 2017, 11:00:06 PM
[2017.04.28-21.00.06:154][730]CompilerResultsLog: Info Creating makefile for hot reloading BattleTank (modules to compile have changed)
[2017.04.28-21.00.06:154][730]CompilerResultsLog: Info Compiling game modules for hot reload
[2017.04.28-21.00.06:154][730]CompilerResultsLog: Info Performing 2 actions (4 in parallel)
[2017.04.28-21.00.06:154][730]CompilerResultsLog: Info [1/2] Link UE4Editor-BattleTank-1723.dll
[2017.04.28-21.00.06:154][730]CompilerResultsLog: Info [2/2] Link UE4Editor-BattleTank-1723.lib
[2017.04.28-21.00.06:154][730]CompilerResultsLog: Info    Creating library C:\Users\Sarah\Documents\Unreal Projects\04_BattleTank\BattleTank\Intermediate\Build\Win64\UE4Editor\Development\UE4Editor-BattleTank-1723.lib and object C:\Users\Sarah\Documents\Unreal Projects\04_BattleTank\BattleTank\Intermediate\Build\Win64\UE4Editor\Development\UE4Editor-BattleTank-1723.exp
[2017.04.28-21.00.06:155][730]CompilerResultsLog: Info    Creating library C:\Users\Sarah\Documents\Unreal Projects\04_BattleTank\BattleTank\Intermediate\Build\Win64\UE4Editor\Development\UE4Editor-BattleTank-1723.suppressed.lib and object C:\Users\Sarah\Documents\Unreal Projects\04_BattleTank\BattleTank\Intermediate\Build\Win64\UE4Editor\Development\UE4Editor-BattleTank-1723.suppressed.exp
[2017.04.28-21.00.06:155][730]CompilerResultsLog: Info Total build time: 21.30 seconds (Local executor: 1.95 seconds)
[2017.04.28-21.00.06:155][730]LogMainFrame: MainFrame: Module compiling took 21.740 seconds
[2017.04.28-21.00.06:262][730]LogClass: EFiringStatus HotReload.
[2017.04.28-21.00.06:270][730]LogContentBrowser: Native class hierarchy updated for 'BattleTank' in 0.0044 seconds. Added 11 classes and 3 folders.
[2017.04.28-21.00.06:273][730]Display: HotReload successful (6 functions remapped  0 scriptstructs remapped)
[2017.04.28-21.00.06:718][730]LogContentBrowser: Native class hierarchy populated in 0.0158 seconds. Added 2257 classes and 457 folders.
[2017.04.28-21.00.06:718][730]Display: HotReload took 22.3s.
[2017.04.28-21.00.10:425][767]LogTemp: Repeting last play command: Selected Viewport
[2017.04.28-21.00.10:447][767]LogBlueprintUserMessages: Early PlayInEditor Detection: Level '/Game/Levels/BattleGround.BattleGround:PersistentLevel' has LevelScriptBlueprint '/Game/Levels/BattleGround.BattleGround:PersistentLevel.BattleGround' with GeneratedClass '/Game/Levels/BattleGround.BattleGround_C' with ClassGeneratedBy '/Game/Levels/BattleGround.BattleGround:PersistentLevel.BattleGround'
[2017.04.28-21.00.10:447][767]LogPlayLevel: PlayLevel: No blueprints needed recompiling
[2017.04.28-21.00.10:448][767]PIE: New page: PIE session: BattleGround (Apr 28, 2017, 11:00:10 PM)
[2017.04.28-21.00.10:448][767]LogPlayLevel: Creating play world package: /Game/Levels/UEDPIE_0_BattleGround
[2017.04.28-21.00.10:493][767]LogPlayLevel: PIE: StaticDuplicateObject took: (0.044596s)
[2017.04.28-21.00.10:494][767]LogAIModule: Creating AISystem for world BattleGround
[2017.04.28-21.00.10:495][767]LogPlayLevel: PIE: World Init took: (0.001203s)
[2017.04.28-21.00.10:495][767]LogPlayLevel: PIE: Created PIE world by copying editor world from /Game/Levels/BattleGround.BattleGround to /Game/Levels/UEDPIE_0_BattleGround.BattleGround (0.046468s)
[2017.04.28-21.00.10:558][767]LogInit: XAudio2 using 'Speakers (2- High Definition Audio Device)' : 2 channels at 44.1 kHz using 16 bits per sample (channel mask 0x3)
[2017.04.28-21.00.10:566][767]LogInit: FAudioDevice initialized.
[2017.04.28-21.00.10:608][767]LogLoad: Game class is 'BattleTankGameMode_BP_C'
[2017.04.28-21.00.10:617][767]LogWorld: Bringing World /Game/Levels/UEDPIE_0_BattleGround.BattleGround up for play (max tick rate 0) at 2017.04.28-22.00.10
[2017.04.28-21.00.10:618][767]LogWorld: Bringing up level for play took: 0.008472
[2017.04.28-21.00.10:621][767]PIE: Info Play in editor start time for /Game/Levels/UEDPIE_0_BattleGround 0.214
[2017.04.28-21.00.10:622][767]LogBlueprintUserMessages: Late PlayInEditor Detection: Level '/Game/Levels/BattleGround.BattleGround:PersistentLevel' has LevelScriptBlueprint '/Game/Levels/BattleGround.BattleGround:PersistentLevel.BattleGround' with GeneratedClass '/Game/Levels/BattleGround.BattleGround_C' with ClassGeneratedBy '/Game/Levels/BattleGround.BattleGround:PersistentLevel.BattleGround'
[2017.04.28-21.00.15:975][ 80]LogBlueprintUserMessages: Early EndPlayMap Detection: Level '/Game/Levels/BattleGround.BattleGround:PersistentLevel' has LevelScriptBlueprint '/Game/Levels/BattleGround.BattleGround:PersistentLevel.BattleGround' with GeneratedClass '/Game/Levels/BattleGround.BattleGround_C' with ClassGeneratedBy '/Game/Levels/BattleGround.BattleGround:PersistentLevel.BattleGround'
[2017.04.28-21.00.16:019][ 80]LogBlueprintUserMessages: Late EndPlayMap Detection: Level '/Game/Levels/BattleGround.BattleGround:PersistentLevel' has LevelScriptBlueprint '/Game/Levels/BattleGround.BattleGround:PersistentLevel.BattleGround' with GeneratedClass '/Game/Levels/BattleGround.BattleGround_C' with ClassGeneratedBy '/Game/Levels/BattleGround.BattleGround:PersistentLevel.BattleGround'
[2017.04.28-21.02.01:314][592]LogWindowsTextInputMethodSystem:Display: IME system now deactivated.
[2017.04.28-21.02.01:564][593]Cmd: QUIT_EDITOR
[2017.04.28-21.02.01:830][593]LogExit: Preparing to exit.
[2017.04.28-21.02.03:637][593]LogDirectoryWatcher: A directory notification for 'C:/Users/Sarah/Documents/Unreal Projects/04_BattleTank/BattleTank/Content/' was aborted.
[2017.04.28-21.02.03:761][593]LogExit: Editor shut down
[2017.04.28-21.02.03:763][593]LogExit: Transaction tracking system shut down
[2017.04.28-21.02.03:979][593]LogObj: Freed 0b from 0 cluster array pools.
[2017.04.28-21.02.03:980][593]LogExit: Object subsystem successfully closed.
[2017.04.28-21.02.04:012][593]LogD3D11RHI: Shutdown
[2017.04.28-21.02.04:012][593]LogD3D11RHI: CleanupD3DDevice
[2017.04.28-21.02.04:091][593]LogD3D11RHI: ~FD3D11DynamicRHI
[2017.04.28-21.02.04:144][593]LogModuleManager: Shutting down and abandoning module BattleTank (509)
[2017.04.28-21.02.04:144][593]LogModuleManager: Shutting down and abandoning module MovieSceneCapture (505)
[2017.04.28-21.02.04:144][593]LogModuleManager: Shutting down and abandoning module BlueprintGraph (503)
[2017.04.28-21.02.04:144][593]LogModuleManager: Shutting down and abandoning module BlueprintProfiler (501)
[2017.04.28-21.02.04:146][593]LogModuleManager: Shutting down and abandoning module HierarchicalLODOutliner (498)
[2017.04.28-21.02.04:146][593]LogModuleManager: Shutting down and abandoning module CrashTracker (496)
[2017.04.28-21.02.04:146][593]LogModuleManager: Shutting down and abandoning module SceneOutliner (494)
[2017.04.28-21.02.04:146][593]LogModuleManager: Shutting down and abandoning module AddContentDialog (492)
[2017.04.28-21.02.04:147][593]LogDirectoryWatcher: A directory notification for 'C:/Program Files/Epic Games/UE_4.15/FeaturePacks/' was aborted.
[2017.04.28-21.02.04:154][593]LogModuleManager: Shutting down and abandoning module WidgetCarousel (491)
[2017.04.28-21.02.04:154][593]LogModuleManager: Shutting down and abandoning module EditorWidgets (488)
[2017.04.28-21.02.04:154][593]LogModuleManager: Shutting down and abandoning module CollectionManager (486)
[2017.04.28-21.02.04:154][593]LogDirectoryWatcher: A directory notification for 'C:/Users/Sarah/Documents/Unreal Projects/04_BattleTank/BattleTank/Content/Collections/' was aborted.
[2017.04.28-21.02.04:154][593]LogDirectoryWatcher: A directory notification for 'C:/Users/Sarah/Documents/Unreal Projects/04_BattleTank/BattleTank/Content/Developers/Sarah/Collections/' was aborted.
[2017.04.28-21.02.04:154][593]LogDirectoryWatcher: A directory notification for 'C:/Users/Sarah/Documents/Unreal Projects/04_BattleTank/BattleTank/Saved/Collections/' was aborted.
[2017.04.28-21.02.04:154][593]LogModuleManager: Shutting down and abandoning module StatsViewer (484)
[2017.04.28-21.02.04:155][593]LogModuleManager: Shutting down and abandoning module FoliageEdit (482)
[2017.04.28-21.02.04:156][593]LogModuleManager: Shutting down and abandoning module LandscapeEditor (480)
[2017.04.28-21.02.04:156][593]LogModuleManager: Shutting down and abandoning module SceneDepthPickerMode (478)
[2017.04.28-21.02.04:156][593]LogModuleManager: Shutting down and abandoning module ActorPickerMode (476)
[2017.04.28-21.02.04:156][593]LogModuleManager: Shutting down and abandoning module GeometryMode (474)
[2017.04.28-21.02.04:156][593]LogModuleManager: Shutting down and abandoning module TextureAlignMode (472)
[2017.04.28-21.02.04:156][593]LogModuleManager: Shutting down and abandoning module BspMode (470)
[2017.04.28-21.02.04:157][593]LogModuleManager: Shutting down and abandoning module HardwareSurvey (468)
[2017.04.28-21.02.04:157][593]LogModuleManager: Shutting down and abandoning module SequenceRecorderSections (466)
[2017.04.28-21.02.04:157][593]LogModuleManager: Shutting down and abandoning module AutomationWorker (464)
[2017.04.28-21.02.04:158][593]LogModuleManager: Shutting down and abandoning module MatineeToLevelSequence (462)
[2017.04.28-21.02.04:158][593]LogModuleManager: Shutting down and abandoning module LevelSequenceEditor (460)
[2017.04.28-21.02.04:161][593]LogModuleManager: Shutting down and abandoning module PlacementMode (459)
[2017.04.28-21.02.04:161][593]LogModuleManager: Shutting down and abandoning module WmfMediaFactory (456)
[2017.04.28-21.02.04:161][593]LogModuleManager: Shutting down and abandoning module WmfMediaEditor (454)
[2017.04.28-21.02.04:161][593]LogModuleManager: Shutting down and abandoning module MfMediaFactory (452)
[2017.04.28-21.02.04:161][593]LogModuleManager: Shutting down and abandoning module MfMediaEditor (450)
[2017.04.28-21.02.04:161][593]LogModuleManager: Shutting down and abandoning module AvfMediaFactory (448)
[2017.04.28-21.02.04:161][593]LogModuleManager: Shutting down and abandoning module AvfMediaEditor (446)
[2017.04.28-21.02.04:161][593]LogModuleManager: Shutting down and abandoning module AndroidMediaFactory (444)
[2017.04.28-21.02.04:161][593]LogModuleManager: Shutting down and abandoning module Media (443)
[2017.04.28-21.02.04:161][593]LogModuleManager: Shutting down and abandoning module AndroidMediaEditor (440)
[2017.04.28-21.02.04:161][593]LogModuleManager: Shutting down and abandoning module CharacterAI (438)
[2017.04.28-21.02.04:161][593]LogModuleManager: Shutting down and abandoning module AudioCapture (436)
[2017.04.28-21.02.04:161][593]LogModuleManager: Shutting down and abandoning module SequenceRecorder (435)
[2017.04.28-21.02.04:162][593]LogModuleManager: Shutting down and abandoning module SmartSnapping (432)
[2017.04.28-21.02.04:162][593]LogModuleManager: Shutting down and abandoning module SessionServices (430)
[2017.04.28-21.02.04:162][593]LogModuleManager: Shutting down and abandoning module ViewportSnapping (428)
[2017.04.28-21.02.04:162][593]LogModuleManager: Shutting down and abandoning module ViewportInteraction (426)
[2017.04.28-21.02.04:162][593]LogModuleManager: Shutting down and abandoning module LogVisualizer (424)
[2017.04.28-21.02.04:164][593]LogModuleManager: Shutting down and abandoning module IntroTutorials (422)
[2017.04.28-21.02.04:165][593]LogModuleManager: Shutting down and abandoning module GameProjectGeneration (421)
[2017.04.28-21.02.04:166][593]LogModuleManager: Shutting down and abandoning module EditorLiveStreaming (418)
[2017.04.28-21.02.04:166][593]LogModuleManager: Shutting down and abandoning module IOSPlatformEditor (416)
[2017.04.28-21.02.04:166][593]LogModuleManager: Shutting down and abandoning module HTML5PlatformEditor (414)
[2017.04.28-21.02.04:166][593]LogModuleManager: Shutting down and abandoning module AndroidPlatformEditor (412)
[2017.04.28-21.02.04:166][593]LogModuleManager: Shutting down and abandoning module AndroidDeviceDetection (411)
[2017.04.28-21.02.04:351][593]LogModuleManager: Shutting down and abandoning module IOSRuntimeSettings (408)
[2017.04.28-21.02.04:351][593]LogModuleManager: Shutting down and abandoning module AndroidRuntimeSettings (406)
[2017.04.28-21.02.04:351][593]LogModuleManager: Shutting down and abandoning module InputBindingEditor (404)
[2017.04.28-21.02.04:352][593]LogModuleManager: Shutting down and abandoning module NiagaraEditor (402)
[2017.04.28-21.02.04:354][593]LogModuleManager: Shutting down and abandoning module MergeActors (400)
[2017.04.28-21.02.04:355][593]LogModuleManager: Shutting down and abandoning module SizeMap (398)
[2017.04.28-21.02.04:356][593]LogModuleManager: Shutting down and abandoning module TreeMap (396)
[2017.04.28-21.02.04:357][593]LogModuleManager: Shutting down and abandoning module ReferenceViewer (394)
[2017.04.28-21.02.04:357][593]LogModuleManager: Shutting down and abandoning module LocalizationDashboard (392)
[2017.04.28-21.02.04:357][593]LogModuleManager: Shutting down and abandoning module LocalizationService (391)
[2017.04.28-21.02.04:358][593]LogModuleManager: Shutting down and abandoning module HardwareTargeting (388)
[2017.04.28-21.02.04:359][593]LogModuleManager: Shutting down and abandoning module DeviceProfileEditor (386)
[2017.04.28-21.02.04:359][593]LogModuleManager: Shutting down and abandoning module UndoHistory (384)
[2017.04.28-21.02.04:360][593]LogModuleManager: Shutting down and abandoning module UserFeedback (382)
[2017.04.28-21.02.04:360][593]LogModuleManager: Shutting down and abandoning module XmlParser (380)
[2017.04.28-21.02.04:360][593]LogModuleManager: Shutting down and abandoning module Blutility (378)
[2017.04.28-21.02.04:361][593]LogModuleManager: Shutting down and abandoning module ProjectSettingsViewer (376)
[2017.04.28-21.02.04:361][593]LogModuleManager: Shutting down and abandoning module ProjectTargetPlatformEditor (375)
[2017.04.28-21.02.04:361][593]LogModuleManager: Shutting down and abandoning module EditorSettingsViewer (372)
[2017.04.28-21.02.04:361][593]LogModuleManager: Shutting down and abandoning module SettingsEditor (370)
[2017.04.28-21.02.04:362][593]LogModuleManager: Shutting down and abandoning module ProjectLauncher (368)
[2017.04.28-21.02.04:363][593]LogModuleManager: Shutting down and abandoning module SessionFrontend (366)
[2017.04.28-21.02.04:364][593]LogModuleManager: Shutting down and abandoning module ProfilerClient (364)
[2017.04.28-21.02.04:365][593]LogModuleManager: Shutting down and abandoning module DeviceManager (362)
[2017.04.28-21.02.04:366][593]LogModuleManager: Shutting down and abandoning module TargetDeviceServices (361)
[2017.04.28-21.02.04:410][593]LogModuleManager: Shutting down and abandoning module AutomationController (358)
[2017.04.28-21.02.04:411][593]LogModuleManager: Shutting down and abandoning module AutomationWindow (356)
[2017.04.28-21.02.04:412][593]LogModuleManager: Shutting down and abandoning module Layers (354)
[2017.04.28-21.02.04:416][593]LogModuleManager: Shutting down and abandoning module ComponentVisualizers (352)
[2017.04.28-21.02.04:416][593]LogModuleManager: Shutting down and abandoning module DetailCustomizations (350)
[2017.04.28-21.02.04:418][593]LogModuleManager: Shutting down and abandoning module PackagesDialog (348)
[2017.04.28-21.02.04:419][593]LogModuleManager: Shutting down and abandoning module Persona (346)
[2017.04.28-21.02.04:420][593]LogModuleManager: Shutting down and abandoning module AnimGraph (345)
[2017.04.28-21.02.04:420][593]LogModuleManager: Shutting down and abandoning module Kismet (342)
[2017.04.28-21.02.04:429][593]LogModuleManager: Shutting down and abandoning module GraphEditor (340)
[2017.04.28-21.02.04:429][593]LogModuleManager: Shutting down and abandoning module ClassViewer (338)
[2017.04.28-21.02.04:429][593]LogModuleManager: Shutting down and abandoning module Toolbox (336)
[2017.04.28-21.02.04:430][593]LogModuleManager: Shutting down and abandoning module ModuleUI (334)
[2017.04.28-21.02.04:430][593]LogModuleManager: Shutting down and abandoning module MovieSceneTools (332)
[2017.04.28-21.02.04:431][593]LogModuleManager: Shutting down and abandoning module OutputLog (330)
[2017.04.28-21.02.04:431][593]LogModuleManager: Shutting down and abandoning module GammaUI (328)
[2017.04.28-21.02.04:431][593]LogModuleManager: Shutting down and abandoning module Documentation (326)
[2017.04.28-21.02.04:431][593]LogModuleManager: Shutting down and abandoning module Niagara (324)
[2017.04.28-21.02.04:431][593]LogModuleManager: Shutting down and abandoning module StreamingPauseRendering (322)
[2017.04.28-21.02.04:431][593]LogModuleManager: Shutting down and abandoning module AnalyticsET (320)
[2017.04.28-21.02.04:431][593]LogModuleManager: Shutting down and abandoning module PortalServices (318)
[2017.04.28-21.02.04:431][593]LogModuleManager: Shutting down and abandoning module PortalRpc (316)
[2017.04.28-21.02.04:431][593]LogModuleManager: Shutting down and abandoning module MessagingRpc (314)
[2017.04.28-21.02.04:431][593]LogModuleManager: Shutting down and abandoning module AIModule (312)
[2017.04.28-21.02.04:432][593]LogModuleManager: Shutting down and abandoning module GameplayDebugger (311)
[2017.04.28-21.02.04:432][593]LogModuleManager: Shutting down and abandoning module AITestSuite (309)
[2017.04.28-21.02.04:432][593]LogModuleManager: Shutting down and abandoning module ProfilerService (306)
[2017.04.28-21.02.04:562][593]LogModuleManager: Shutting down and abandoning module TaskGraph (304)
[2017.04.28-21.02.04:566][593]LogModuleManager: Shutting down and abandoning module SteamVRController (302)
[2017.04.28-21.02.04:566][593]LogModuleManager: Shutting down and abandoning module SteamVR (300)
[2017.04.28-21.02.04:566][593]LogModuleManager: Shutting down and abandoning module ProceduralMeshComponentEditor (298)
[2017.04.28-21.02.04:566][593]LogModuleManager: Shutting down and abandoning module ProceduralMeshComponent (296)
[2017.04.28-21.02.04:566][593]LogModuleManager: Shutting down and abandoning module OculusLibrary (294)
[2017.04.28-21.02.04:566][593]LogModuleManager: Shutting down and abandoning module OculusInput (292)
[2017.04.28-21.02.04:566][593]LogModuleManager: Shutting down and abandoning module MobilePatchingUtils (290)
[2017.04.28-21.02.04:566][593]LogModuleManager: Shutting down and abandoning module CustomMeshComponent (288)
[2017.04.28-21.02.04:566][593]LogModuleManager: Shutting down and abandoning module CableComponent (286)
[2017.04.28-21.02.04:567][593]LogModuleManager: Shutting down and abandoning module ArchVisCharacter (284)
[2017.04.28-21.02.04:567][593]LogModuleManager: Shutting down and abandoning module MediaPlayerEditor (280)
[2017.04.28-21.02.04:570][593]LogModuleManager: Shutting down and abandoning module HTML5Networking (278)
[2017.04.28-21.02.04:570][593]LogModuleManager: Shutting down and abandoning module AlembicImporter (276)
[2017.04.28-21.02.04:570][593]LogModuleManager: Shutting down and abandoning module AlembicLibrary (275)
[2017.04.28-21.02.04:570][593]LogModuleManager: Shutting down and abandoning module GeometryCache (274)
[2017.04.28-21.02.04:570][593]LogModuleManager: Shutting down and abandoning module GeometryCacheEd (273)
[2017.04.28-21.02.04:570][593]LogModuleManager: Shutting down and abandoning module SuperSearchEditor (268)
[2017.04.28-21.02.04:570][593]LogModuleManager: Shutting down and abandoning module SuperSearch (267)
[2017.04.28-21.02.04:570][593]LogModuleManager: Shutting down and abandoning module SpeedTreeImporter (264)
[2017.04.28-21.02.04:570][593]LogModuleManager: Shutting down and abandoning module PluginBrowser (262)
[2017.04.28-21.02.04:572][593]LogModuleManager: Shutting down and abandoning module MobileLauncherProfileWizard (260)
[2017.04.28-21.02.04:574][593]LogModuleManager: Shutting down and abandoning module EpicSurvey (258)
[2017.04.28-21.02.04:574][593]LogModuleManager: Shutting down and abandoning module VisualStudioSourceCodeAccess (256)
[2017.04.28-21.02.04:574][593]LogModuleManager: Shutting down and abandoning module DesktopPlatform (255)
[2017.04.28-21.02.04:574][593]LogModuleManager: Shutting down and abandoning module UObjectPlugin (252)
[2017.04.28-21.02.04:574][593]LogModuleManager: Shutting down and abandoning module SubversionSourceControl (250)
[2017.04.28-21.02.04:575][593]LogModuleManager: Shutting down and abandoning module PerforceSourceControl (248)
[2017.04.28-21.02.04:576][593]LogModuleManager: Shutting down and abandoning module GitSourceControl (246)
[2017.04.28-21.02.04:577][593]LogModuleManager: Shutting down and abandoning module SourceControl (245)
[2017.04.28-21.02.04:577][593]LogModuleManager: Shutting down and abandoning module LightPropagationVolumeEditor (242)
[2017.04.28-21.02.04:577][593]LogModuleManager: Shutting down and abandoning module PaperTiledImporter (240)
[2017.04.28-21.02.04:577][593]LogModuleManager: Shutting down and abandoning module PaperSpriteSheetImporter (238)
[2017.04.28-21.02.04:577][593]LogModuleManager: Shutting down and abandoning module Paper2DEditor (236)
[2017.04.28-21.02.04:579][593]LogModuleManager: Shutting down and abandoning module MeshPaint (235)
[2017.04.28-21.02.04:579][593]LogModuleManager: Shutting down and abandoning module LevelEditor (233)
[2017.04.28-21.02.04:581][593]LogModuleManager: Shutting down and abandoning module PixelInspectorModule (232)
[2017.04.28-21.02.04:582][593]LogModuleManager: Shutting down and abandoning module MainFrame (230)
[2017.04.28-21.02.04:582][593]LogModuleManager: Shutting down and abandoning module HotReload (229)
[2017.04.28-21.02.04:582][593]LogDirectoryWatcher: A directory notification for 'C:/Users/Sarah/Documents/Unreal Projects/04_BattleTank/BattleTank/Binaries/Win64' was aborted.
[2017.04.28-21.02.04:583][593]LogModuleManager: Shutting down and abandoning module ContentBrowser (225)
[2017.04.28-21.02.04:584][593]LogModuleManager: Shutting down and abandoning module PhysXVehiclesEditor (220)
[2017.04.28-21.02.04:585][593]LogModuleManager: Shutting down and abandoning module PhysXVehicles (218)
[2017.04.28-21.02.04:585][593]LogModuleManager: Shutting down and abandoning module LocationServicesBPLibrary (216)
[2017.04.28-21.02.04:585][593]LogModuleManager: Shutting down and abandoning module UdpMessaging (214)
[2017.04.28-21.02.04:686][593]LogModuleManager: Shutting down and abandoning module TcpMessaging (212)
[2017.04.28-21.02.04:789][593]LogModuleManager: Shutting down and abandoning module GameplayTagsEditor (210)
[2017.04.28-21.02.04:791][593]LogModuleManager: Shutting down and abandoning module FacialAnimationEditor (208)
[2017.04.28-21.02.04:792][593]LogModuleManager: Shutting down and abandoning module FacialAnimation (206)
[2017.04.28-21.02.04:792][593]LogModuleManager: Shutting down and abandoning module LightPropagationVolumeRuntime (204)
[2017.04.28-21.02.04:792][593]LogModuleManager: Shutting down and abandoning module Paper2D (202)
[2017.04.28-21.02.04:792][593]LogModuleManager: Shutting down and abandoning module WindowsMoviePlayer (200)
[2017.04.28-21.02.04:793][593]LogModuleManager: Shutting down and abandoning module WmfMedia (198)
[2017.04.28-21.02.04:794][593]LogModuleManager: Shutting down and abandoning module MfMedia (196)
[2017.04.28-21.02.04:794][593]LogModuleManager: Shutting down and abandoning module MediaAssets (194)
[2017.04.28-21.02.04:794][593]LogModuleManager: Shutting down and abandoning module GameLiveStreaming (192)
[2017.04.28-21.02.04:794][593]LogModuleManager: Shutting down and abandoning module VREditor (190)
[2017.04.28-21.02.04:794][593]LogModuleManager: Shutting down and abandoning module GameplayTasksEditor (188)
[2017.04.28-21.02.04:794][593]LogModuleManager: Shutting down and abandoning module BehaviorTreeEditor (186)
[2017.04.28-21.02.04:796][593]LogModuleManager: Shutting down and abandoning module FunctionalTesting (184)
[2017.04.28-21.02.04:796][593]LogModuleManager: Shutting down and abandoning module CollisionAnalyzer (182)
[2017.04.28-21.02.04:797][593]LogModuleManager: Shutting down and abandoning module UMG (180)
[2017.04.28-21.02.04:798][593]LogModuleManager: Shutting down and abandoning module UMGEditor (179)
[2017.04.28-21.02.04:799][593]LogModuleManager: Shutting down and abandoning module Sequencer (178)
[2017.04.28-21.02.04:801][593]LogModuleManager: Shutting down and abandoning module AssetTools (176)
[2017.04.28-21.02.04:804][593]LogModuleManager: Shutting down and abandoning module MessageLog (175)
[2017.04.28-21.02.04:804][593]LogModuleManager: Shutting down and abandoning module WorkspaceMenuStructure (174)
[2017.04.28-21.02.04:804][593]LogModuleManager: Shutting down and abandoning module SlateReflector (168)
[2017.04.28-21.02.04:807][593]LogModuleManager: Shutting down and abandoning module Slate (166)
[2017.04.28-21.02.04:807][593]LogModuleManager: Shutting down and abandoning module EditorStyle (164)
[2017.04.28-21.02.04:810][593]LogModuleManager: Shutting down and abandoning module SourceCodeAccess (162)
[2017.04.28-21.02.04:811][593]LogModuleManager: Shutting down and abandoning module HeadMountedDisplay (160)
[2017.04.28-21.02.04:811][593]LogModuleManager: Shutting down and abandoning module XAudio2 (158)
[2017.04.28-21.02.04:811][593]LogModuleManager: Shutting down and abandoning module Networking (156)
[2017.04.28-21.02.04:811][593]LogModuleManager: Shutting down and abandoning module Core (152)
[2017.04.28-21.02.04:811][593]LogModuleManager: Shutting down and abandoning module AssetRegistry (150)
[2017.04.28-21.02.04:963][593]LogDirectoryWatcher: A directory notification for '../../../Engine/Content/' was aborted.
[2017.04.28-21.02.04:963][593]LogDirectoryWatcher: A directory notification for '../../../../../../Users/Sarah/Documents/Unreal Projects/04_BattleTank/BattleTank/Content/' was aborted.
[2017.04.28-21.02.04:963][593]LogDirectoryWatcher: A directory notification for '../../../Engine/Plugins/2D/Paper2D/Content/' was aborted.
[2017.04.28-21.02.04:964][593]LogModuleManager: Shutting down and abandoning module DirectoryWatcher (149)
[2017.04.28-21.02.04:970][593]LogModuleManager: Shutting down and abandoning module KismetCompiler (146)
[2017.04.28-21.02.04:970][593]LogModuleManager: Shutting down and abandoning module PhysXFormats (144)
[2017.04.28-21.02.04:970][593]LogModuleManager: Shutting down and abandoning module MeshUtilities (142)
[2017.04.28-21.02.04:971][593]LogModuleManager: Shutting down and abandoning module SimplygonSwarm (141)
[2017.04.28-21.02.04:972][593]LogModuleManager: Shutting down and abandoning module SimplygonMeshReduction (139)
[2017.04.28-21.02.04:972][593]LogModuleManager: Shutting down and abandoning module QuadricMeshReduction (137)
[2017.04.28-21.02.04:973][593]LogModuleManager: Shutting down and abandoning module PropertyEditor (135)
[2017.04.28-21.02.04:973][593]LogModuleManager: Shutting down and abandoning module DerivedDataCache (132)
[2017.04.28-21.02.04:991][593]LogDerivedDataCache: Shutdown
[2017.04.28-21.02.04:991][593]LogModuleManager: Shutting down and abandoning module TargetPlatform (130)
[2017.04.28-21.02.04:991][593]LogModuleManager: Shutting down and abandoning module VulkanShaderFormat (129)
[2017.04.28-21.02.04:992][593]LogModuleManager: Shutting down and abandoning module ShaderFormatOpenGL (127)
[2017.04.28-21.02.04:993][593]LogModuleManager: Shutting down and abandoning module ShaderFormatD3D (125)
[2017.04.28-21.02.04:993][593]LogModuleManager: Shutting down and abandoning module MetalShaderFormat (123)
[2017.04.28-21.02.04:994][593]LogModuleManager: Shutting down and abandoning module TextureFormatUncompressed (121)
[2017.04.28-21.02.04:994][593]LogModuleManager: Shutting down and abandoning module TextureFormatPVR (119)
[2017.04.28-21.02.04:994][593]LogModuleManager: Shutting down and abandoning module TextureFormatDXT (117)
[2017.04.28-21.02.04:994][593]LogModuleManager: Shutting down and abandoning module TextureFormatIntelISPCTexComp (115)
[2017.04.28-21.02.04:996][593]LogModuleManager: Shutting down and abandoning module TextureFormatASTC (113)
[2017.04.28-21.02.04:996][593]LogModuleManager: Shutting down and abandoning module ImageWrapper (112)
[2017.04.28-21.02.04:996][593]LogModuleManager: Shutting down and abandoning module TextureFormatAndroid (109)
[2017.04.28-21.02.04:996][593]LogModuleManager: Shutting down and abandoning module AudioFormatOpus (107)
[2017.04.28-21.02.04:997][593]LogModuleManager: Shutting down and abandoning module AudioFormatOgg (105)
[2017.04.28-21.02.04:997][593]LogModuleManager: Shutting down and abandoning module AudioFormatADPCM (103)
[2017.04.28-21.02.04:997][593]LogModuleManager: Shutting down and abandoning module LinuxTargetPlatform (101)
[2017.04.28-21.02.04:997][593]LogModuleManager: Shutting down and abandoning module LinuxServerTargetPlatform (99)
[2017.04.28-21.02.04:997][593]LogModuleManager: Shutting down and abandoning module LinuxNoEditorTargetPlatform (97)
[2017.04.28-21.02.04:997][593]LogModuleManager: Shutting down and abandoning module LinuxClientTargetPlatform (95)
[2017.04.28-21.02.04:997][593]LogModuleManager: Shutting down and abandoning module TVOSTargetPlatform (93)
[2017.04.28-21.02.04:997][593]LogModuleManager: Shutting down and abandoning module Messaging (91)
[2017.04.28-21.02.04:997][593]LogModuleManager: Shutting down and abandoning module IOSTargetPlatform (89)
[2017.04.28-21.02.04:997][593]LogModuleManager: Shutting down and abandoning module HTML5TargetPlatform (87)
[2017.04.28-21.02.04:997][593]LogModuleManager: Shutting down and abandoning module Android_PVRTCTargetPlatform (85)
[2017.04.28-21.02.04:997][593]LogModuleManager: Shutting down and abandoning module Android_MultiTargetPlatform (83)
[2017.04.28-21.02.04:997][593]LogModuleManager: Shutting down and abandoning module Android_ETC2TargetPlatform (81)
[2017.04.28-21.02.04:997][593]LogModuleManager: Shutting down and abandoning module Android_ETC1TargetPlatform (79)
[2017.04.28-21.02.04:997][593]LogModuleManager: Shutting down and abandoning module Android_DXTTargetPlatform (77)
[2017.04.28-21.02.04:997][593]LogModuleManager: Shutting down and abandoning module Android_ATCTargetPlatform (75)
[2017.04.28-21.02.04:997][593]LogModuleManager: Shutting down and abandoning module Android_ASTCTargetPlatform (73)
[2017.04.28-21.02.04:997][593]LogModuleManager: Shutting down and abandoning module AndroidTargetPlatform (71)
[2017.04.28-21.02.04:997][593]LogModuleManager: Shutting down and abandoning module WindowsTargetPlatform (69)
[2017.04.28-21.02.04:997][593]LogModuleManager: Shutting down and abandoning module WindowsServerTargetPlatform (67)
[2017.04.28-21.02.04:997][593]LogModuleManager: Shutting down and abandoning module WindowsNoEditorTargetPlatform (65)
[2017.04.28-21.02.04:997][593]LogModuleManager: Shutting down and abandoning module WindowsClientTargetPlatform (63)
[2017.04.28-21.02.04:998][593]LogModuleManager: Shutting down and abandoning module MacTargetPlatform (61)
[2017.04.28-21.02.04:998][593]LogModuleManager: Shutting down and abandoning module MacServerTargetPlatform (59)
[2017.04.28-21.02.04:998][593]LogModuleManager: Shutting down and abandoning module MacNoEditorTargetPlatform (57)
[2017.04.28-21.02.04:998][593]LogModuleManager: Shutting down and abandoning module MacClientTargetPlatform (55)
[2017.04.28-21.02.04:998][593]LogModuleManager: Shutting down and abandoning module AllDesktopTargetPlatform (53)
[2017.04.28-21.02.04:998][593]LogModuleManager: Shutting down and abandoning module InputCore (50)
[2017.04.28-21.02.04:998][593]LogModuleManager: Shutting down and abandoning module Settings (48)
[2017.04.28-21.02.04:998][593]LogModuleManager: Shutting down and abandoning module OculusRift (46)
[2017.04.28-21.02.04:998][593]LogModuleManager: Shutting down and abandoning module ExampleDeviceProfileSelector (44)
[2017.04.28-21.02.04:998][593]LogModuleManager: Shutting down and abandoning module OnlineBlueprintSupport (42)
[2017.04.28-21.02.04:998][593]LogModuleManager: Shutting down and abandoning module OnlineSubsystem (38)
[2017.04.28-21.02.04:998][593]LogOnline:Display: Unloading online subsystem: NULL
[2017.04.28-21.02.04:999][593]LogModuleManager: Shutting down and abandoning module XMPP (37)
[2017.04.28-21.02.05:001][593]LogModuleManager: Shutting down and abandoning module HTTP (35)
[2017.04.28-21.02.05:001][593]LogHttp:Display: Http module shutting down, but needs to wait on 1 outstanding Http requests:
[2017.04.28-21.02.05:001][593]LogHttp:Display: 	verb=[POST] url=[https://datarouter.ol.epicgames.com/datarouter/api/v1/public/data?SessionID=%7B161ACFE8-4DA7-0542-F46B-65901955251B%7D&AppID=UEEditor.Rocket.Release&AppVersion=4.15.0-3299760%2B%2B%2BUE4%2BRelease-4.15&UserID=7c76bde54574978307451eb1166a1f79%7C58448bdb2ce4468ba1b793c4adc2bec4%7C1fb00c8d-b537-477f-9d94-6fe8d09492ec&AppEnvironment=datacollector-binary&UploadType=eteventstream] status=Processing
[2017.04.28-21.02.05:037][593]LogModuleManager: Shutting down and abandoning module SSL (34)
[2017.04.28-21.02.05:039][593]LogModuleManager: Shutting down and abandoning module AudioEditor (30)
[2017.04.28-21.02.05:040][593]LogModuleManager: Shutting down and abandoning module TextureCompressor (28)
[2017.04.28-21.02.05:041][593]LogModuleManager: Shutting down and abandoning module ShaderCore (26)
[2017.04.28-21.02.05:041][593]LogModuleManager: Shutting down and abandoning module Landscape (24)
[2017.04.28-21.02.05:041][593]LogModuleManager: Shutting down and abandoning module SlateRHIRenderer (22)
[2017.04.28-21.02.05:051][593]LogModuleManager: Shutting down and abandoning module OpenGLDrv (20)
[2017.04.28-21.02.05:051][593]LogModuleManager: Shutting down and abandoning module D3D11RHI (18)
[2017.04.28-21.02.05:051][593]LogModuleManager: Shutting down and abandoning module AnimGraphRuntime (16)
[2017.04.28-21.02.05:052][593]LogModuleManager: Shutting down and abandoning module Renderer (14)
[2017.04.28-21.02.05:052][593]LogModuleManager: Shutting down and abandoning module Engine (12)
[2017.04.28-21.02.05:052][593]LogModuleManager: Shutting down and abandoning module CoreUObject (10)
[2017.04.28-21.02.05:052][593]LogModuleManager: Shutting down and abandoning module NetworkFile (8)
[2017.04.28-21.02.05:052][593]LogModuleManager: Shutting down and abandoning module StreamingFile (6)
[2017.04.28-21.02.05:052][593]LogModuleManager: Shutting down and abandoning module SandboxFile (4)
[2017.04.28-21.02.05:052][593]LogModuleManager: Shutting down and abandoning module PakFile (2)
[2017.04.28-21.02.05:056][593]LogExit: Exiting.
[2017.04.28-21.02.05:064][593]Log file closed, 04/28/17 22:02:05
