Log file open, 05/02/17 23:08:51
LogInit:Display: Running engine for game: BattleTank
LogPlatformFile: Not using cached read wrapper
LogInit:Display: RandInit(-1698564454) SRandInit(-1698564454).
LogTaskGraph: Started task graph with 5 named threads and 8 total threads with 1 sets of task threads.
LogStats: Stats thread started at 0.067841
LogInit: Using libcurl 7.47.1
LogInit:  - built for x86_64-pc-win32
LogInit:  - supports SSL with OpenSSL/1.0.2g
LogInit:  - supports HTTP deflate (compression) using libz 1.2.8
LogInit:  - other features:
LogInit:      CURL_VERSION_SSL
LogInit:      CURL_VERSION_LIBZ
LogInit:      CURL_VERSION_IPV6
LogInit:      CURL_VERSION_ASYNCHDNS
LogInit:      CURL_VERSION_LARGEFILE
LogInit:      CURL_VERSION_IDN
LogInit:  CurlRequestOptions (configurable via config and command line):
LogInit:  - bVerifyPeer = false  - Libcurl will NOT verify peer certificate
LogInit:  - bUseHttpProxy = false  - Libcurl will NOT use HTTP proxy
LogInit:  - bDontReuseConnections = false  - Libcurl will reuse connections
LogInit:  - CertBundlePath = nullptr  - Libcurl will use whatever was configured at build time.
LogInit: Build: ++UE4+Release-4.15-CL-3348071
LogInit: Engine Version: 4.15.1-3348071+++UE4+Release-4.15
LogInit: Compatible Engine Version: 4.15.0-3299760+++UE4+Release-4.15
LogInit: Net CL: 3299760
LogDevObjectVersion: Number of dev versions registered: 14
LogDevObjectVersion:   Dev-Blueprints (B0D832E4-1F89-4F0D-ACCF-7EB736FD4AA2): 8
LogDevObjectVersion:   Dev-Build (E1C64328-A22C-4D53-A36C-8E866417BD8C): 0
LogDevObjectVersion:   Dev-Core (375EC13C-06E4-48FB-B500-84F0262A717E): 2
LogDevObjectVersion:   Dev-Editor (E4B068ED-F494-42E9-A231-DA0B2E46BB41): 14
LogDevObjectVersion:   Dev-Framework (CFFC743F-43B0-4480-9391-14DF171D2073): 22
LogDevObjectVersion:   Dev-Mobile (B02B49B5-BB20-44E9-A304-32B752E40360): 0
LogDevObjectVersion:   Dev-Networking (A4E4105C-59A1-49B5-A7C5-40C4547EDFEE): 0
LogDevObjectVersion:   Dev-Online (39C831C9-5AE6-47DC-9A44-9C173E1C8E7C): 0
LogDevObjectVersion:   Dev-Physics (78F01B33-EBEA-4F98-B9B4-84EACCB95AA2): 0
LogDevObjectVersion:   Dev-Platform (6631380F-2D4D-43E0-8009-CF276956A95A): 0
LogDevObjectVersion:   Dev-Rendering (12F88B9F-8875-4AFC-A67C-D90C383ABD29): 12
LogDevObjectVersion:   Dev-Sequencer (7B5AE74C-D270-4C10-A958-57980B212A5A): 3
LogDevObjectVersion:   Dev-VR (D7296918-1DD6-4BDD-9DE2-64A83CC13884): 0
LogDevObjectVersion:   Dev-LoadTimes (C2A15278-BFE7-4AFE-6C17-90FF531DF755): 1
LogInit: Compiled (64-bit): Mar 15 2017 16:52:47
LogInit: Compiled with Visual C++: 19.00.23026.00
LogInit: Build Configuration: Development
LogInit: Branch Name: ++UE4+Release-4.15
LogInit: Command line:  
LogInit: Base directory: C:/Program Files/Epic Games/UE_4.15/Engine/Binaries/Win64/
LogInit: Installed Engine Build: 1
LogInit: Presizing for max 8388607 objects, including 0 objects not considered by GC, pre-allocating 0 bytes for permanent pool.
LogInit: Object subsystem initialized
[2017.05.02-22.08.51:891][  0]LogInit: Selected Device Profile: [Windows]
[2017.05.02-22.08.51:891][  0]LogInit: Applying CVar settings loaded from the selected device profile: [Windows]
[2017.05.02-22.08.51:908][  0]LogInit: Computer: DESKTOP-7RIOMGQ
[2017.05.02-22.08.51:908][  0]LogInit: User: Ed
[2017.05.02-22.08.51:908][  0]LogInit: CPU Page size=65536, Cores=4
[2017.05.02-22.08.51:908][  0]LogInit: High frequency timer resolution =3.421878 MHz
[2017.05.02-22.08.51:908][  0]LogMemory: Memory total: Physical=16.0GB (16GB approx)
[2017.05.02-22.08.51:908][  0]LogMemory: Platform Memory Stats for Windows
[2017.05.02-22.08.51:908][  0]LogMemory: Process Physical Memory: 264.27 MB used, 264.27 MB peak
[2017.05.02-22.08.51:908][  0]LogMemory: Process Virtual Memory: 262.36 MB used, 262.36 MB peak
[2017.05.02-22.08.51:908][  0]LogMemory: Physical Memory: 6944.21 MB used,  9396.77 MB free, 16340.98 MB total
[2017.05.02-22.08.51:908][  0]LogMemory: Virtual Memory: 643.96 MB used,  9396.77 MB free, 134217728.00 MB total
[2017.05.02-22.08.51:974][  0]LogTextLocalizationManager: No specific translations for ('en-GB') exist, so ('en') translations will be used.
[2017.05.02-22.08.52:419][  0]LogD3D11RHI: D3D11 adapters:
[2017.05.02-22.08.52:433][  0]LogD3D11RHI:    0. 'Radeon (TM) RX 480 Graphics' (Feature Level 11_0)
[2017.05.02-22.08.52:434][  0]LogD3D11RHI:       8140/0/8170 MB DedicatedVideo/DedicatedSystem/SharedSystem, Outputs:1, VendorId:0x1002
[2017.05.02-22.08.52:434][  0]LogD3D11RHI:    1. 'Microsoft Basic Render Driver' (Feature Level 11_0)
[2017.05.02-22.08.52:434][  0]LogD3D11RHI:       0/0/8170 MB DedicatedVideo/DedicatedSystem/SharedSystem, Outputs:0, VendorId:0x1414
[2017.05.02-22.08.52:434][  0]LogD3D11RHI: Chosen D3D11 Adapter: 0
[2017.05.02-22.08.52:440][  0]LogD3D11RHI: Creating new Direct3DDevice
[2017.05.02-22.08.52:440][  0]LogD3D11RHI:     GPU DeviceId: 0x67df (for the marketing name, search the web for "GPU Device Id")
[2017.05.02-22.08.52:440][  0]LogWindows: EnumDisplayDevices:
[2017.05.02-22.08.52:440][  0]LogWindows:    0. 'Radeon (TM) RX 480 Graphics' (P:1 D:1)
[2017.05.02-22.08.52:440][  0]LogWindows:    1. 'Radeon (TM) RX 480 Graphics' (P:0 D:0)
[2017.05.02-22.08.52:440][  0]LogWindows:    2. 'Radeon (TM) RX 480 Graphics' (P:0 D:0)
[2017.05.02-22.08.52:440][  0]LogWindows:    3. 'Radeon (TM) RX 480 Graphics' (P:0 D:0)
[2017.05.02-22.08.52:440][  0]LogWindows:    4. 'Radeon (TM) RX 480 Graphics' (P:0 D:0)
[2017.05.02-22.08.52:441][  0]LogWindows:    5. 'Radeon (TM) RX 480 Graphics' (P:0 D:0)
[2017.05.02-22.08.52:441][  0]LogWindows: DebugString: FoundDriverCount:6 
[2017.05.02-22.08.52:441][  0]LogD3D11RHI:     Adapter Name: Radeon (TM) RX 480 Graphics
[2017.05.02-22.08.52:441][  0]LogD3D11RHI:   Driver Version: Crimson 16.7.2 (internal:16.200.1035.1001, unified:16.200.1035.1001)
[2017.05.02-22.08.52:441][  0]LogD3D11RHI:      Driver Date: 7-8-2016
[2017.05.02-22.08.52:441][  0]LogRHI: Texture pool is 1361 MB (70% of 1945 MB)
[2017.05.02-22.08.52:888][  0]LogD3D11RHI: Async texture creation enabled
[2017.05.02-22.08.52:898][  0]LogD3D11RHI: GPU Timing Frequency: 25.000000 (Debug: 2 1)
[2017.05.02-22.08.52:898][  0]LogShaderCompilers: Guid format shader working directory is -35 characters bigger than the processId version (../../../../../../Users/Ed/Documents/Unreal Projects/04_BattleTank/BattleTank/Intermediate/Shaders/WorkingDirectory/35392/).
[2017.05.02-22.08.52:898][  0]LogShaderCompilers: Cleaned the shader compiler working directory 'C:/Users/Ed/AppData/Local/Temp/UnrealShaderWorkingDir/B8D082B8453BFF1F887D3C8D51B1416C/'.
[2017.05.02-22.08.52:898][  0]LogShaderCompilers:Display: Using Local Shader Compiler.
[2017.05.02-22.08.53:657][  0]LogTemp:Display: Loaded TP AllDesktopTargetPlatform
[2017.05.02-22.08.53:697][  0]LogTemp:Display: Loaded TP MacClientTargetPlatform
[2017.05.02-22.08.53:741][  0]LogTemp:Display: Loaded TP MacNoEditorTargetPlatform
[2017.05.02-22.08.53:790][  0]LogTemp:Display: Loaded TP MacServerTargetPlatform
[2017.05.02-22.08.53:835][  0]LogTemp:Display: Loaded TP MacTargetPlatform
[2017.05.02-22.08.53:876][  0]LogTemp:Display: Loaded TP WindowsClientTargetPlatform
[2017.05.02-22.08.53:919][  0]LogTemp:Display: Loaded TP WindowsNoEditorTargetPlatform
[2017.05.02-22.08.53:961][  0]LogTemp:Display: Loaded TP WindowsServerTargetPlatform
[2017.05.02-22.08.53:994][  0]LogTemp:Display: Loaded TP WindowsTargetPlatform
[2017.05.02-22.08.54:035][  0]LogTemp:Display: Loaded TP AndroidTargetPlatform
[2017.05.02-22.08.54:077][  0]LogTemp:Display: Loaded TP Android_ASTCTargetPlatform
[2017.05.02-22.08.54:120][  0]LogTemp:Display: Loaded TP Android_ATCTargetPlatform
[2017.05.02-22.08.54:161][  0]LogTemp:Display: Loaded TP Android_DXTTargetPlatform
[2017.05.02-22.08.54:203][  0]LogTemp:Display: Loaded TP Android_ETC1TargetPlatform
[2017.05.02-22.08.54:249][  0]LogTemp:Display: Loaded TP Android_ETC2TargetPlatform
[2017.05.02-22.08.54:329][  0]LogTemp:Display: Loaded TP Android_MultiTargetPlatform
[2017.05.02-22.08.54:329][  0]LogTemp:Display: Loaded TP Android_PVRTCTargetPlatform
[2017.05.02-22.08.54:355][  0]LogTemp:Display: Loaded TP HTML5TargetPlatform
[2017.05.02-22.08.54:431][  0]LogTemp:Display: Loaded TP IOSTargetPlatform
[2017.05.02-22.08.54:457][  0]LogTemp:Display: Loaded TP TVOSTargetPlatform
[2017.05.02-22.08.54:497][  0]LogTemp:Display: Loaded TP LinuxClientTargetPlatform
[2017.05.02-22.08.54:536][  0]LogTemp:Display: Loaded TP LinuxNoEditorTargetPlatform
[2017.05.02-22.08.54:574][  0]LogTemp:Display: Loaded TP LinuxServerTargetPlatform
[2017.05.02-22.08.54:613][  0]LogTemp:Display: Loaded TP LinuxTargetPlatform
[2017.05.02-22.08.54:613][  0]LogTargetPlatformManager:Display: Building Assets For Windows
[2017.05.02-22.08.54:940][  0]LogDerivedDataCache:Display: Max Cache Size: 512 MB
[2017.05.02-22.08.54:978][  0]LogDerivedDataCache: Loaded boot cache 0.04s 50MB C:/Users/Ed/AppData/Local/UnrealEngine/4.15/DerivedDataCache/Boot.ddc.
[2017.05.02-22.08.54:978][  0]LogDerivedDataCache:Display: Loaded Boot cache: C:/Users/Ed/AppData/Local/UnrealEngine/4.15/DerivedDataCache/Boot.ddc
[2017.05.02-22.08.54:978][  0]LogDerivedDataCache: FDerivedDataBackendGraph:  Pak pak cache file ../../../../../../Users/Ed/Documents/Unreal Projects/04_BattleTank/BattleTank/DerivedDataCache/DDC.ddp not found, will not use a pak cache.
[2017.05.02-22.08.54:978][  0]LogDerivedDataCache: Unable to find inner node Pak for hierarchical cache Hierarchy.
[2017.05.02-22.08.54:978][  0]LogDerivedDataCache: FDerivedDataBackendGraph:  CompressedPak pak cache file ../../../../../../Users/Ed/Documents/Unreal Projects/04_BattleTank/BattleTank/DerivedDataCache/Compressed.ddp not found, will not use a pak cache.
[2017.05.02-22.08.54:978][  0]LogDerivedDataCache: Unable to find inner node CompressedPak for hierarchical cache Hierarchy.
[2017.05.02-22.08.54:993][  0]LogDerivedDataCache:Display: Pak cache opened for reading ../../../Engine/DerivedDataCache/Compressed.ddp.
[2017.05.02-22.08.55:005][  0]LogDerivedDataCache: Using Local data cache path C:/Users/Ed/AppData/Local/UnrealEngine/Common/DerivedDataCache: Writable
[2017.05.02-22.08.55:015][  0]LogSlate: Using Freetype 2.6.0
[2017.05.02-22.08.55:015][  0]LogSlate: SlateFontCache - WITH_FREETYPE: 1, WITH_HARFBUZZ: 1
[2017.05.02-22.08.55:015][  0]LogSlate: SlateFontCache - WITH_FREETYPE: 1, WITH_HARFBUZZ: 1
[2017.05.02-22.08.55:227][  0]LogInit: Selected Device Profile: [Windows]
[2017.05.02-22.08.55:229][  0]LogContentStreaming: Texture pool size is 0.00 MB
[2017.05.02-22.08.55:412][  0]LogMeshUtilities: Using QuadricMeshReduction for automatic static mesh reduction
[2017.05.02-22.08.55:448][  0]LogSimplygon: Simplygon DLL not present - disabling.
[2017.05.02-22.08.55:487][  0]LogMeshUtilities: Using SimplygonSwarm for distributed automatic mesh merging
[2017.05.02-22.08.55:487][  0]LogMeshUtilities: No automatic skeletal mesh reduction module available
[2017.05.02-22.08.55:487][  0]LogMeshUtilities: No automatic mesh merging module available
[2017.05.02-22.08.55:883][  0]LogNetVersion: GetLocalNetworkVersion: CL: 3299760, ProjectName: battletank, ProjectVersion: , EngineNetworkVersion: 2, GameNetworkVersion: 0, NetworkChecksum: 2512795372
[2017.05.02-22.08.55:922][  0]LogAssetRegistry: FAssetRegistry took 0.0222 seconds to start up
[2017.05.02-22.08.55:955][  0]LogPackageLocalizationCache: Processed 3 localized package path(s) for 2 prioritized culture(s) in 0.017999 seconds
[2017.05.02-22.08.55:959][  0]LogUObjectArray: 32493 objects as part of root set at end of initial load.
[2017.05.02-22.08.55:959][  0]LogUObjectAllocator: 7077024 out of 0 bytes used by permanent object pool.
[2017.05.02-22.08.55:959][  0]LogUObjectArray: CloseDisregardForGC: 0/0 objects in disregard for GC pool
[2017.05.02-22.08.56:003][  0]LogInit: WinSock: version 1.1 (2.2), MaxSocks=32767, MaxUdp=65467
[2017.05.02-22.08.57:133][  0]LogTcpMessaging: Initializing TcpMessaging bridge
[2017.05.02-22.08.57:165][  0]LogUdpMessaging: Initializing bridge on interface 0.0.0.0:0 to multicast group 230.0.0.1:6666.
[2017.05.02-22.08.57:533][  0]LogMaterial: Uniform references updated for custom material expression Custom.
[2017.05.02-22.08.57:810][  0]SourceControl: Info Source control is disabled
[2017.05.02-22.08.57:830][  0]SourceControl: Info Source control is disabled
[2017.05.02-22.08.57:863][  0]SourceControl: Info Source control is disabled
[2017.05.02-22.08.57:896][  0]SourceControl: Info Source control is disabled
[2017.05.02-22.08.58:756][  0]LogEngine: Initializing Engine...
[2017.05.02-22.08.58:757][  0]LogHMD: Failed to initialize OpenVR with code 110
[2017.05.02-22.08.58:937][  0]LogAIModule: Creating AISystem for world Untitled
[2017.05.02-22.08.58:946][  0]LogInit: XAudio2 using '1 - Acer XR341CK (AMD High Definition Audio Device)' : 2 channels at 48 kHz using 16 bits per sample (channel mask 0x3)
[2017.05.02-22.08.58:960][  0]LogInit: FAudioDevice initialized.
[2017.05.02-22.08.58:977][  0]LogDerivedDataCache: Saved boot cache 0.02s 50MB C:/Users/Ed/AppData/Local/UnrealEngine/4.15/DerivedDataCache/Boot.ddc.
[2017.05.02-22.08.58:981][  0]LogInit: Texture streaming: Enabled
[2017.05.02-22.08.59:046][  0]LogEngineSessionManager: EngineSessionManager initialized
[2017.05.02-22.08.59:046][  0]LogEngineSessionManager: EngineSessionManager sent abnormal shutdown report. Type=Crashed, SessionId={58818C9C-4ECB-5CD5-40CF-C190CCE5BDB2}
[2017.05.02-22.08.59:109][  0]LogInit: Transaction tracking system initialized
[2017.05.02-22.08.59:345][  0]BlueprintLog: New page: Editor Load
[2017.05.02-22.08.59:994][  0]LocalizationService: Info Localization service is disabled
[2017.05.02-22.09.00:473][  0]LogConsoleResponse:Display: 
[2017.05.02-22.09.00:566][  0]LogCook:Display: Max memory allowance for cook 16384mb min free memory 0mb
[2017.05.02-22.09.00:566][  0]LogCook:Display: Mobile HDR setting 1
[2017.05.02-22.09.01:285][  0]LogFileCache: Scanning file cache for directory 'C:/Users/Ed/Documents/Unreal Projects/04_BattleTank/BattleTank/Content/' took 0.01s
[2017.05.02-22.09.01:285][  0]SourceControl: Info Source control is disabled
[2017.05.02-22.09.01:285][  0]Cmd: MAP LOAD FILE="../../../../../../Users/Ed/Documents/Unreal Projects/04_BattleTank/BattleTank/Content/Levels/BattleGround.umap" TEMPLATE=0 SHOWPROGRESS=1 FEATURELEVEL=3
[2017.05.02-22.09.01:286][  0]LightingResults: New page: Lighting Build
[2017.05.02-22.09.01:314][  0]MapCheck: New page: Map Check
[2017.05.02-22.09.01:314][  0]LightingResults: New page: Lighting Build
[2017.05.02-22.09.01:681][  0]LogAIModule: Creating AISystem for world BattleGround
[2017.05.02-22.09.01:721][  0]LogEditorServer: Finished looking for orphan Actors (0.000 secs)
[2017.05.02-22.09.01:723][  0]Cmd: MAP CHECKDEP NOCLEARLOG
[2017.05.02-22.09.01:754][  0]MapCheck: Info Map check complete: 0 Error(s), 0 Warning(s), took 31.638ms to complete.
[2017.05.02-22.09.01:754][  0]LogFileHelpers: Loading map 'BattleGround' took 0.469
[2017.05.02-22.09.01:800][  0]LogWindowsTextInputMethodSystem:Display: IME system now deactivated.
[2017.05.02-22.09.01:889][  0]LogCollectionManager: Loaded 1 collections in 0.001180 seconds
[2017.05.02-22.09.01:958][  0]LogFileCache: Scanning file cache for directory 'C:/Users/Ed/Documents/Unreal Projects/04_BattleTank/BattleTank/Saved/Collections/' took 0.01s
[2017.05.02-22.09.01:958][  0]LogFileCache: Scanning file cache for directory 'C:/Users/Ed/Documents/Unreal Projects/04_BattleTank/BattleTank/Content/Developers/Ed/Collections/' took 0.01s
[2017.05.02-22.09.01:958][  0]LogFileCache: Scanning file cache for directory 'C:/Users/Ed/Documents/Unreal Projects/04_BattleTank/BattleTank/Content/Collections/' took 0.01s
[2017.05.02-22.09.01:958][  0]LogCollectionManager: Rebuilt the GUID cache for 1 collections in 0.000003 seconds
[2017.05.02-22.09.01:958][  0]LogCollectionManager: Rebuilt the hierarchy cache for 1 collections in 0.000000 seconds
[2017.05.02-22.09.01:966][  0]LogContentBrowser: Native class hierarchy populated in 0.0078 seconds. Added 2256 classes and 456 folders.
[2017.05.02-22.09.01:968][  0]LogStats: UGameplayTagsManager::ConstructGameplayTagTree: Construct from data asset -  0.000 s
[2017.05.02-22.09.01:968][  0]LogStats: UGameplayTagsManager::ConstructGameplayTagTree: GameplayTagTreeChangedEvent.Broadcast -  0.000 s
[2017.05.02-22.09.02:020][  0]LogContentBrowser: Native class hierarchy updated for 'WidgetCarousel' in 0.0016 seconds. Added 0 classes and 0 folders.
[2017.05.02-22.09.02:047][  0]LogContentBrowser: Native class hierarchy updated for 'AddContentDialog' in 0.0016 seconds. Added 0 classes and 0 folders.
[2017.05.02-22.09.02:082][  0]LogContentBrowser: Native class hierarchy updated for 'SceneOutliner' in 0.0017 seconds. Added 1 classes and 2 folders.
[2017.05.02-22.09.02:119][  0]LogCrashTracker: Crashtracker disabled due to settings.
[2017.05.02-22.09.02:124][  0]LogUObjectGlobals:Warning: Failed to find object 'Class None.'
[2017.05.02-22.09.02:179][  0]LogContentBrowser: Native class hierarchy updated for 'HierarchicalLODOutliner' in 0.0015 seconds. Added 1 classes and 2 folders.
[2017.05.02-22.09.02:179][  0]LogLoad: (Engine Initialization) Total time: 11.75 seconds
[2017.05.02-22.09.02:179][  0]LogLoad: (Engine Initialization) Total Blueprint compile time: 0.10 seconds
[2017.05.02-22.09.02:179][  0]LogExternalProfiler: No external profilers were discovered.  External profiling features will not be available.
[2017.05.02-22.09.02:189][  0]LogOcInput: OculusInput pre-init called
[2017.05.02-22.09.02:203][  0]LogAssetRegistry: Asset discovery search completed in 6.3025 seconds
[2017.05.02-22.09.02:203][  0]LogCollectionManager: Rebuilt the object cache for 1 collections in 0.000004 seconds (found 0 objects)
[2017.05.02-22.09.02:203][  0]LogCollectionManager: Fixed up redirectors for 1 collections in 0.000020 seconds (updated 0 objects)
[2017.05.02-22.09.02:207][  0]LogContentStreaming: Texture pool size now 1000 MB
[2017.05.02-22.09.02:214][  0]LogSlate: Took 0.000111 seconds to synchronously load lazily loaded font '../../../Engine/Content/Slate/Fonts/Roboto-Regular.ttf' (155K)
[2017.05.02-22.09.02:217][  0]LogSlate: Took 0.000118 seconds to synchronously load lazily loaded font '../../../Engine/Content/Slate/Fonts/Roboto-Bold.ttf' (160K)
[2017.05.02-22.09.02:221][  0]LogSlate: Took 0.000115 seconds to synchronously load lazily loaded font '../../../Engine/Content/Editor/Slate/Fonts/FontAwesome.ttf' (139K)
[2017.05.02-22.09.02:385][  1]LogRenderer: Reallocating scene render targets to support 1140x736 NumSamples 1 (Frame:2).
[2017.05.02-22.09.02:385][  1]LogHttp:Warning: 00000219B1FC5300: request failed, libcurl error: 6 (Couldn't resolve host name)
[2017.05.02-22.09.02:385][  1]LogHttp:Warning: 00000219B1FC5300: libcurl info message cache 0 (Could not resolve host: cdn.unrealengine.com)
[2017.05.02-22.09.02:385][  1]LogHttp:Warning: 00000219B1FC5300: libcurl info message cache 1 (Closing connection 0)
[2017.05.02-22.09.02:389][  1]LogActor:Warning: Tank_BP_C /Engine/Transient.World_1:PersistentLevel.Tank_BP_C_0 has natively added scene component(s), but none of them were set as the actor's RootComponent - picking one arbitrarily
[2017.05.02-22.09.02:570][  2]LogHttp:Warning: 00000219BD10D600: request failed, libcurl error: 6 (Couldn't resolve host name)
[2017.05.02-22.09.02:570][  2]LogHttp:Warning: 00000219BD10D600: libcurl info message cache 0 (Could not resolve host: cdn.unrealengine.com)
[2017.05.02-22.09.02:570][  2]LogHttp:Warning: 00000219BD10D600: libcurl info message cache 1 (Closing connection 1)
[2017.05.02-22.09.02:624][  3]LogHttp:Warning: 00000219BD030A00: request failed, libcurl error: 6 (Couldn't resolve host name)
[2017.05.02-22.09.02:625][  3]LogHttp:Warning: 00000219BD030A00: libcurl info message cache 0 (Could not resolve host: cdn.unrealengine.com)
[2017.05.02-22.09.02:625][  3]LogHttp:Warning: 00000219BD030A00: libcurl info message cache 1 (Closing connection 2)
[2017.05.02-22.09.03:221][ 65]LogSlate: Took 0.000132 seconds to synchronously load lazily loaded font '../../../Engine/Content/Slate/Fonts/Roboto-Light.ttf' (159K)
[2017.05.02-22.09.11:225][970]LogSlate: Took 0.000114 seconds to synchronously load lazily loaded font '../../../Engine/Content/Slate/Fonts/Roboto-Light.ttf' (159K)
[2017.05.02-22.09.11:557][970]LogContentBrowser: Native class hierarchy updated for 'BlueprintGraph' in 0.0018 seconds. Added 112 classes and 0 folders.
[2017.05.02-22.09.12:008][970]LogSlate: Took 0.000153 seconds to synchronously load lazily loaded font '../../../Engine/Content/Slate/Fonts/Roboto-Regular.ttf' (155K)
[2017.05.02-22.09.12:069][970]LogActor:Warning: Tank_BP_C /Engine/Transient.World_2:PersistentLevel.Tank_BP_C_1 has natively added scene component(s), but none of them were set as the actor's RootComponent - picking one arbitrarily
[2017.05.02-22.09.12:074][970]LogSlate: Took 0.000184 seconds to synchronously load lazily loaded font '../../../Engine/Content/Editor/Slate/Fonts/Roboto-BoldCondensed.ttf' (158K)
[2017.05.02-22.09.12:137][971]LogSlate: Took 0.000198 seconds to synchronously load lazily loaded font '../../../Engine/Content/Editor/Slate/Fonts/Roboto-Italic.ttf' (157K)
[2017.05.02-22.09.18:229][589]LogRenderer: Reallocating scene render targets to support 1140x844 NumSamples 1 (Frame:1695).
[2017.05.02-22.09.27:005][559]BlueprintLog: New page: Compile Tank_BP
[2017.05.02-22.09.27:036][559]LogActor:Warning: Tank_BP_C /Game/Levels/BattleGround.BattleGround:PersistentLevel.Tank_BP2 has natively added scene component(s), but none of them were set as the actor's RootComponent - picking one arbitrarily
[2017.05.02-22.09.27:037][559]LogActor:Warning: Tank_BP_C /Game/Levels/BattleGround.BattleGround:PersistentLevel.Tank_BP3 has natively added scene component(s), but none of them were set as the actor's RootComponent - picking one arbitrarily
[2017.05.02-22.09.27:037][559]LogActor:Warning: Tank_BP_C /Game/Levels/BattleGround.BattleGround:PersistentLevel.Tank_BP4_1033 has natively added scene component(s), but none of them were set as the actor's RootComponent - picking one arbitrarily
[2017.05.02-22.09.27:038][559]LogActor:Warning: Tank_BP_C /Game/Levels/BattleGround.BattleGround:PersistentLevel.Tank_BP_540 has natively added scene component(s), but none of them were set as the actor's RootComponent - picking one arbitrarily
[2017.05.02-22.09.27:039][559]LogActor:Warning: Tank_BP_C /Engine/Transient.World_1:PersistentLevel.Tank_BP_C_0 has natively added scene component(s), but none of them were set as the actor's RootComponent - picking one arbitrarily
[2017.05.02-22.09.27:039][559]LogActor:Warning: Tank_BP_C /Engine/Transient.World_2:PersistentLevel.Tank_BP_C_1 has natively added scene component(s), but none of them were set as the actor's RootComponent - picking one arbitrarily
[2017.05.02-22.09.27:505][559]LogActor:Warning: Tank_BP_C /Engine/Transient.World_1:PersistentLevel.Tank_BP_C_26 has natively added scene component(s), but none of them were set as the actor's RootComponent - picking one arbitrarily
[2017.05.02-22.09.27:509][559]BlueprintEditorCompileResults: Info The execution path doesn't end with a return node.  Cast Failed
[2017.05.02-22.09.28:615][686]Cmd: OBJ SAVEPACKAGE PACKAGE="/Game/Tank/Tank_BP" FILE="../../../../../../Users/Ed/Documents/Unreal Projects/04_BattleTank/BattleTank/Content/Tank/Tank_BP.uasset" SILENT=true
[2017.05.02-22.09.28:678][686]LogSavePackage: Save=40.14ms
[2017.05.02-22.09.28:678][686]LogSavePackage: Moving '../../../../../../Users/Ed/Documents/Unreal Projects/04_BattleTank/BattleTank/Saved/Tank_BP980E283344ACF5F348D0AD8E964B16BD.tmp' to '../../../../../../Users/Ed/Documents/Unreal Projects/04_BattleTank/BattleTank/Content/Tank/Tank_BP.uasset'
[2017.05.02-22.09.28:684][686]LogSavePackage:Display: Finished SavePackage ../../../../../../Users/Ed/Documents/Unreal Projects/04_BattleTank/BattleTank/Content/Tank/Tank_BP.uasset
[2017.05.02-22.10.02:751][953]LogHttp:Warning: 00000219E4953A00: request failed, libcurl error: 6 (Couldn't resolve host name)
[2017.05.02-22.10.02:751][953]LogHttp:Warning: 00000219E4953A00: libcurl info message cache 0 (Could not resolve host: datarouter.ol.epicgames.com)
[2017.05.02-22.10.02:751][953]LogHttp:Warning: 00000219E4953A00: libcurl info message cache 1 (Closing connection 3)
[2017.05.02-22.12.02:467][312]LogHttp:Warning: 00000219E4950880: request failed, libcurl error: 6 (Couldn't resolve host name)
[2017.05.02-22.12.02:467][312]LogHttp:Warning: 00000219E4950880: libcurl info message cache 0 (Could not resolve host: datarouter.ol.epicgames.com)
[2017.05.02-22.12.02:467][312]LogHttp:Warning: 00000219E4950880: libcurl info message cache 1 (Closing connection 4)
[2017.05.02-22.13.02:468][492]LogHttp:Warning: 00000219E4951C00: request failed, libcurl error: 6 (Couldn't resolve host name)
[2017.05.02-22.13.02:468][492]LogHttp:Warning: 00000219E4951C00: libcurl info message cache 0 (Could not resolve host: datarouter.ol.epicgames.com)
[2017.05.02-22.13.02:468][492]LogHttp:Warning: 00000219E4951C00: libcurl info message cache 1 (Closing connection 5)
[2017.05.02-22.13.04:069][636]Recompiling BattleTank...
[2017.05.02-22.13.04:069][636]Launching UnrealBuildTool... [C:/Program Files/Epic Games/UE_4.15/Engine/Binaries/DotNET/UnrealBuildTool.exe BattleTank -ModuleWithSuffix BattleTank 2817 Win64 Development -editorrecompile -canskiplink "C:/Users/Ed/Documents/Unreal Projects/04_BattleTank/BattleTank/BattleTank.uproject" ]
[2017.05.02-22.13.04:070][636]Warning: Starting HotReload took  0.0s.
[2017.05.02-22.13.09:122][807]CompilerResultsLog: New page: Compilation - 3 May 2017 00:13:09
[2017.05.02-22.13.09:122][807]CompilerResultsLog: Info Compiling game modules for hot reload
[2017.05.02-22.13.09:122][807]CompilerResultsLog: Info Performing 3 actions (4 in parallel)
[2017.05.02-22.13.09:122][807]CompilerResultsLog: Info Tank.cpp
[2017.05.02-22.13.09:122][807]CompilerResultsLog: Info [2/3] Link UE4Editor-BattleTank-2817.dll
[2017.05.02-22.13.09:122][807]CompilerResultsLog: Info [3/3] Link UE4Editor-BattleTank-2817.lib
[2017.05.02-22.13.09:122][807]CompilerResultsLog: Info    Creating library C:\Users\Ed\Documents\Unreal Projects\04_BattleTank\BattleTank\Intermediate\Build\Win64\UE4Editor\Development\UE4Editor-BattleTank-2817.lib and object C:\Users\Ed\Documents\Unreal Projects\04_BattleTank\BattleTank\Intermediate\Build\Win64\UE4Editor\Development\UE4Editor-BattleTank-2817.exp
[2017.05.02-22.13.09:122][807]CompilerResultsLog: Info    Creating library C:\Users\Ed\Documents\Unreal Projects\04_BattleTank\BattleTank\Intermediate\Build\Win64\UE4Editor\Development\UE4Editor-BattleTank-2817.suppressed.lib and object C:\Users\Ed\Documents\Unreal Projects\04_BattleTank\BattleTank\Intermediate\Build\Win64\UE4Editor\Development\UE4Editor-BattleTank-2817.suppressed.exp
[2017.05.02-22.13.09:122][807]CompilerResultsLog: Info Total build time: 4.66 seconds (Local executor: 2.09 seconds)
[2017.05.02-22.13.09:122][807]LogMainFrame: MainFrame: Module compiling took 5.058 seconds
[2017.05.02-22.13.09:179][807]LogClass: Could not find existing class Tank in package /Script/BattleTank for HotReload, assuming new class
[2017.05.02-22.13.09:179][807]LogClass: Function GetHealthPercent is new.
[2017.05.02-22.13.09:183][807]LogClass: EFiringStatus HotReload.
[2017.05.02-22.13.09:187][807]LogHotReload: Re-instancing Tank after hot-reload.
[2017.05.02-22.13.09:357][807]LogActor:Warning: Tank_BP_C /Game/Levels/BattleGround.BattleGround:PersistentLevel.Tank_BP2 has natively added scene component(s), but none of them were set as the actor's RootComponent - picking one arbitrarily
[2017.05.02-22.13.09:358][807]LogActor:Warning: Tank_BP_C /Game/Levels/BattleGround.BattleGround:PersistentLevel.Tank_BP3 has natively added scene component(s), but none of them were set as the actor's RootComponent - picking one arbitrarily
[2017.05.02-22.13.09:359][807]LogActor:Warning: Tank_BP_C /Game/Levels/BattleGround.BattleGround:PersistentLevel.Tank_BP4_1033 has natively added scene component(s), but none of them were set as the actor's RootComponent - picking one arbitrarily
[2017.05.02-22.13.09:360][807]LogActor:Warning: Tank_BP_C /Game/Levels/BattleGround.BattleGround:PersistentLevel.Tank_BP_540 has natively added scene component(s), but none of them were set as the actor's RootComponent - picking one arbitrarily
[2017.05.02-22.13.09:360][807]LogActor:Warning: Tank_BP_C /Engine/Transient.World_1:PersistentLevel.Tank_BP_C_26 has natively added scene component(s), but none of them were set as the actor's RootComponent - picking one arbitrarily
[2017.05.02-22.13.09:692][807]LogContentBrowser: Native class hierarchy updated for 'BattleTank' in 0.0016 seconds. Added 11 classes and 3 folders.
[2017.05.02-22.13.09:694][807]Display: HotReload successful (10 functions remapped  0 scriptstructs remapped)
[2017.05.02-22.13.09:932][807]LogContentBrowser: Native class hierarchy populated in 0.0080 seconds. Added 2258 classes and 460 folders.
[2017.05.02-22.13.09:932][807]Display: HotReload took  5.9s.
[2017.05.02-22.13.09:933][807]LogActor:Warning: Tank_BP_C /Engine/Transient.World_1:PersistentLevel.Tank_BP_C_0 has natively added scene component(s), but none of them were set as the actor's RootComponent - picking one arbitrarily
[2017.05.02-22.13.13:288][818]LogTemp: Repeting last play command: Selected Viewport
[2017.05.02-22.13.13:310][818]LogBlueprintUserMessages: Early PlayInEditor Detection: Level '/Game/Levels/BattleGround.BattleGround:PersistentLevel' has LevelScriptBlueprint '/Game/Levels/BattleGround.BattleGround:PersistentLevel.BattleGround' with GeneratedClass '/Game/Levels/BattleGround.BattleGround_C' with ClassGeneratedBy '/Game/Levels/BattleGround.BattleGround:PersistentLevel.BattleGround'
[2017.05.02-22.13.13:310][818]LogPlayLevel: PlayLevel: No blueprints needed recompiling
[2017.05.02-22.13.13:310][818]PIE: New page: PIE session: BattleGround (3 May 2017 00:13:13)
[2017.05.02-22.13.13:310][818]LogPlayLevel: Creating play world package: /Game/Levels/UEDPIE_0_BattleGround
[2017.05.02-22.13.13:335][818]LogPlayLevel: PIE: StaticDuplicateObject took: (0.025719s)
[2017.05.02-22.13.13:336][818]LogAIModule: Creating AISystem for world BattleGround
[2017.05.02-22.13.13:336][818]LogPlayLevel: PIE: World Init took: (0.000608s)
[2017.05.02-22.13.13:336][818]LogPlayLevel: PIE: Created PIE world by copying editor world from /Game/Levels/BattleGround.BattleGround to /Game/Levels/UEDPIE_0_BattleGround.BattleGround (0.026581s)
[2017.05.02-22.13.13:374][818]LogInit: XAudio2 using '1 - Acer XR341CK (AMD High Definition Audio Device)' : 2 channels at 48 kHz using 16 bits per sample (channel mask 0x3)
[2017.05.02-22.13.13:380][818]LogInit: FAudioDevice initialized.
[2017.05.02-22.13.13:424][818]LogLoad: Game class is 'BattleTankGameMode_BP_C'
[2017.05.02-22.13.13:428][818]LogWorld: Bringing World /Game/Levels/UEDPIE_0_BattleGround.BattleGround up for play (max tick rate 0) at 2017.05.02-23.13.13
[2017.05.02-22.13.13:522][818]LogStats: FPlatformStackWalk::StackWalkAndDump -  0.093 s
[2017.05.02-22.13.13:522][818]LogOutputDevice:Error: === Handled ensure: ===
[2017.05.02-22.13.13:522][818]LogOutputDevice:Error: 
[2017.05.02-22.13.13:522][818]LogOutputDevice:Error: Ensure condition failed: PossessedTank [File:C:\Users\Ed\Documents\Unreal Projects\04_BattleTank\BattleTank\Source\BattleTank\Private\TankAIController.cpp] [Line: 66]
[2017.05.02-22.13.13:522][818]LogOutputDevice:Error: 
[2017.05.02-22.13.13:522][818]LogOutputDevice:Error: Stack: 
[2017.05.02-22.13.13:522][818]LogOutputDevice:Error: UE4Editor-Core.dll!0x0000000000F295E6
[2017.05.02-22.13.13:522][818]LogOutputDevice:Error: UE4Editor-Core.dll!0x0000000000CD9B82
[2017.05.02-22.13.13:522][818]LogOutputDevice:Error: UE4Editor-Core.dll!0x0000000000CEB666
[2017.05.02-22.13.13:522][818]LogOutputDevice:Error: UE4Editor-BattleTank-2817.dll!ATankAIController::SetPawn() [c:\users\ed\documents\unreal projects\04_battletank\battletank\source\battletank\private\tankaicontroller.cpp:66]
[2017.05.02-22.13.13:522][818]LogOutputDevice:Error: UE4Editor-Engine.dll!0x00000000F8B3CD74
[2017.05.02-22.13.13:522][818]LogOutputDevice:Error: UE4Editor-AIModule.dll!0x00000000F5B960DF
[2017.05.02-22.13.13:522][818]LogOutputDevice:Error: UE4Editor-Engine.dll!0x00000000F917D6D8
[2017.05.02-22.13.13:522][818]LogOutputDevice:Error: UE4Editor-Engine.dll!0x00000000F9171511
[2017.05.02-22.13.13:522][818]LogOutputDevice:Error: UE4Editor-Engine.dll!0x00000000F8E07DC1
[2017.05.02-22.13.13:522][818]LogOutputDevice:Error: UE4Editor-Engine.dll!0x00000000F96D28EF
[2017.05.02-22.13.13:522][818]LogOutputDevice:Error: UE4Editor-Engine.dll!0x00000000F8CABF77
[2017.05.02-22.13.13:522][818]LogOutputDevice:Error: UE4Editor-UnrealEd.dll!0x00000000F7498AD7
[2017.05.02-22.13.13:522][818]LogOutputDevice:Error: UE4Editor-UnrealEd.dll!0x00000000F74C52DD
[2017.05.02-22.13.13:522][818]LogOutputDevice:Error: UE4Editor-UnrealEd.dll!0x00000000F74E1764
[2017.05.02-22.13.13:522][818]LogOutputDevice:Error: UE4Editor-UnrealEd.dll!0x00000000F6FC626B
[2017.05.02-22.13.13:522][818]LogOutputDevice:Error: UE4Editor-UnrealEd.dll!0x00000000F77D2086
[2017.05.02-22.13.13:522][818]LogOutputDevice:Error: UE4Editor.exe!0x00000000E4E6DEE3
[2017.05.02-22.13.13:522][818]LogOutputDevice:Error: UE4Editor.exe!0x00000000E4E5EB40
[2017.05.02-22.13.13:522][818]LogOutputDevice:Error: UE4Editor.exe!0x00000000E4E5EBBA
[2017.05.02-22.13.13:522][818]LogOutputDevice:Error: UE4Editor.exe!0x00000000E4E70A29
[2017.05.02-22.13.13:522][818]LogOutputDevice:Error: UE4Editor.exe!0x00000000E4E722B6
[2017.05.02-22.13.13:522][818]LogOutputDevice:Error: KERNEL32.DLL!0x000000003ABD8364
[2017.05.02-22.13.13:522][818]LogOutputDevice:Error: ntdll.dll!0x000000003AEF70D1
[2017.05.02-22.13.13:522][818]LogOutputDevice:Error: 
[2017.05.02-22.13.13:524][818]LogStats:                SubmitErrorReport -  0.000 s
[2017.05.02-22.13.13:667][818]LogStats:                    SendNewReport -  0.143 s
[2017.05.02-22.13.13:667][818]LogStats:             FDebug::EnsureFailed -  0.239 s
[2017.05.02-22.13.13:668][818]LogWorld: Bringing up level for play took: 0.242759
[2017.05.02-22.13.13:704][818]LogContentBrowser: Native class hierarchy updated for 'MovieSceneCapture' in 0.0015 seconds. Added 11 classes and 0 folders.
[2017.05.02-22.13.13:704][818]LogActor:Warning: Tank_BP_C /Game/Levels/UEDPIE_0_BattleGround.BattleGround:PersistentLevel.Tank_BP_C_0 has natively added scene component(s), but none of them were set as the actor's RootComponent - picking one arbitrarily
[2017.05.02-22.13.13:706][818]PIE: Info Play in editor start time for /Game/Levels/UEDPIE_0_BattleGround 0.535
[2017.05.02-22.13.13:706][818]LogBlueprintUserMessages: Late PlayInEditor Detection: Level '/Game/Levels/BattleGround.BattleGround:PersistentLevel' has LevelScriptBlueprint '/Game/Levels/BattleGround.BattleGround:PersistentLevel.BattleGround' with GeneratedClass '/Game/Levels/BattleGround.BattleGround_C' with ClassGeneratedBy '/Game/Levels/BattleGround.BattleGround:PersistentLevel.BattleGround'
[2017.05.02-22.13.13:877][818]LogCrashTracker: 


[2017.05.02-22.13.13:877][818]LogWindows:Warning: SymLoadModuleExW. Error: 0
[2017.05.02-22.13.13:877][818]LogWindows:Warning: SymLoadModuleExW. Error: 0
[2017.05.02-22.13.13:877][818]LogWindows:Warning: SymLoadModuleExW. Error: 0
[2017.05.02-22.13.13:877][818]LogWindows:Warning: SymLoadModuleExW. Error: 0
[2017.05.02-22.13.13:877][818]LogWindows:Warning: SymLoadModuleExW. Error: 0
[2017.05.02-22.13.13:877][818]LogWindows:Warning: SymLoadModuleExW. Error: 0
[2017.05.02-22.13.13:877][818]LogWindows:Warning: SymLoadModuleExW. Error: 0
[2017.05.02-22.13.13:877][818]LogWindows:Warning: SymLoadModuleExW. Error: 0
[2017.05.02-22.13.13:877][818]LogWindows:Warning: SymLoadModuleExW. Error: 0
[2017.05.02-22.13.13:877][818]LogWindows:Warning: SymLoadModuleExW. Error: 0
[2017.05.02-22.13.13:877][818]LogWindows:Warning: SymLoadModuleExW. Error: 0
[2017.05.02-22.13.13:877][818]LogWindows:Warning: SymLoadModuleExW. Error: 0
[2017.05.02-22.13.13:877][818]LogWindows:Warning: SymLoadModuleExW. Error: 0
[2017.05.02-22.13.13:877][818]LogWindows:Warning: SymLoadModuleExW. Error: 0
[2017.05.02-22.13.13:877][818]LogWindows:Warning: SymLoadModuleExW. Error: 0
[2017.05.02-22.13.13:877][818]LogWindows:Warning: SymLoadModuleExW. Error: 0
[2017.05.02-22.13.13:877][818]LogWindows:Warning: SymLoadModuleExW. Error: 0
[2017.05.02-22.13.13:877][818]LogWindows:Warning: SymLoadModuleExW. Error: 0
[2017.05.02-22.13.13:877][818]LogWindows:Warning: SymLoadModuleExW. Error: 0
[2017.05.02-22.13.13:877][818]LogWindows:Warning: SymLoadModuleExW. Error: 0
[2017.05.02-22.13.13:877][818]LogWindows:Warning: SymLoadModuleExW. Error: 0
[2017.05.02-22.13.13:877][818]LogWindows:Warning: SymLoadModuleExW. Error: 0
[2017.05.02-22.13.13:877][818]LogWindows:Warning: SymLoadModuleExW. Error: 0
[2017.05.02-22.13.13:877][818]LogWindows:Warning: SymLoadModuleExW. Error: 0
[2017.05.02-22.13.13:877][818]LogWindows:Warning: SymLoadModuleExW. Error: 0
[2017.05.02-22.13.13:877][818]LogWindows:Warning: SymLoadModuleExW. Error: 0
[2017.05.02-22.13.13:877][818]LogWindows:Warning: SymLoadModuleExW. Error: 0
[2017.05.02-22.13.13:877][818]LogWindows:Warning: SymLoadModuleExW. Error: 0
[2017.05.02-22.13.13:877][818]LogWindows:Warning: SymLoadModuleExW. Error: 0
[2017.05.02-22.13.13:877][818]LogWindows:Warning: SymLoadModuleExW. Error: 0
[2017.05.02-22.13.13:877][818]LogWindows:Warning: SymLoadModuleExW. Error: 0
[2017.05.02-22.13.13:877][818]LogWindows:Warning: SymLoadModuleExW. Error: 0
[2017.05.02-22.13.13:877][818]LogWindows:Warning: SymLoadModuleExW. Error: 0
[2017.05.02-22.13.13:877][818]LogWindows:Warning: SymLoadModuleExW. Error: 0
[2017.05.02-22.13.13:877][818]LogWindows:Warning: SymLoadModuleExW. Error: 0
[2017.05.02-22.13.13:877][818]LogWindows:Warning: SymLoadModuleExW. Error: 0
[2017.05.02-22.13.13:877][818]LogWindows:Warning: SymLoadModuleExW. Error: 0
[2017.05.02-22.13.13:877][818]LogWindows:Warning: SymLoadModuleExW. Error: 0
[2017.05.02-22.13.13:877][818]LogWindows:Warning: SymLoadModuleExW. Error: 0
[2017.05.02-22.13.13:877][818]LogWindows:Warning: SymLoadModuleExW. Error: 0
[2017.05.02-22.13.13:877][818]LogWindows:Warning: SymLoadModuleExW. Error: 0
[2017.05.02-22.13.13:877][818]LogWindows:Warning: SymLoadModuleExW. Error: 0
[2017.05.02-22.13.13:877][818]LogWindows:Warning: SymLoadModuleExW. Error: 0
[2017.05.02-22.13.13:877][818]LogWindows:Warning: SymLoadModuleExW. Error: 0
[2017.05.02-22.13.13:877][818]LogWindows:Warning: SymLoadModuleExW. Error: 0
[2017.05.02-22.13.13:877][818]LogWindows:Warning: SymLoadModuleExW. Error: 0
[2017.05.02-22.13.13:877][818]LogWindows:Warning: SymLoadModuleExW. Error: 0
[2017.05.02-22.13.13:877][818]LogWindows:Warning: SymLoadModuleExW. Error: 0
[2017.05.02-22.13.13:877][818]LogWindows:Warning: SymLoadModuleExW. Error: 0
[2017.05.02-22.13.13:877][818]LogWindows:Warning: SymLoadModuleExW. Error: 0
[2017.05.02-22.13.13:877][818]LogWindows:Warning: SymLoadModuleExW. Error: 0
[2017.05.02-22.13.13:877][818]LogWindows:Warning: SymLoadModuleExW. Error: 0
[2017.05.02-22.13.13:877][818]LogWindows:Warning: SymLoadModuleExW. Error: 0
[2017.05.02-22.13.13:877][818]LogWindows:Warning: SymLoadModuleExW. Error: 0
[2017.05.02-22.13.13:877][818]LogWindows:Warning: SymLoadModuleExW. Error: 0
[2017.05.02-22.13.13:877][818]LogWindows:Warning: SymLoadModuleExW. Error: 0
[2017.05.02-22.13.13:877][818]LogWindows:Warning: SymLoadModuleExW. Error: 0
[2017.05.02-22.13.13:877][818]LogWindows:Warning: SymLoadModuleExW. Error: 0
[2017.05.02-22.13.13:877][818]LogWindows:Warning: SymLoadModuleExW. Error: 0
[2017.05.02-22.13.13:877][818]LogWindows:Warning: SymLoadModuleExW. Error: 0
[2017.05.02-22.13.13:877][818]LogWindows:Warning: SymLoadModuleExW. Error: 0
[2017.05.02-22.13.13:877][818]LogWindows:Warning: SymLoadModuleExW. Error: 0
[2017.05.02-22.13.13:877][818]LogWindows:Warning: SymLoadModuleExW. Error: 0
[2017.05.02-22.13.13:877][818]LogWindows:Warning: SymLoadModuleExW. Error: 0
[2017.05.02-22.13.13:877][818]LogWindows:Warning: SymLoadModuleExW. Error: 0
[2017.05.02-22.13.13:877][818]LogWindows:Warning: SymLoadModuleExW. Error: 0
[2017.05.02-22.13.13:877][818]LogWindows:Warning: SymLoadModuleExW. Error: 0
[2017.05.02-22.13.13:877][818]LogWindows:Warning: SymLoadModuleExW. Error: 0
[2017.05.02-22.13.13:877][818]LogWindows:Warning: SymLoadModuleExW. Error: 0
[2017.05.02-22.13.13:877][818]LogWindows:Warning: SymLoadModuleExW. Error: 0
[2017.05.02-22.13.13:877][818]LogWindows:Warning: SymLoadModuleExW. Error: 0
[2017.05.02-22.13.13:877][818]LogWindows:Warning: SymLoadModuleExW. Error: 0
[2017.05.02-22.13.13:877][818]LogWindows:Warning: SymLoadModuleExW. Error: 0
[2017.05.02-22.13.13:877][818]LogWindows:Warning: SymLoadModuleExW. Error: 0
[2017.05.02-22.13.13:877][818]LogWindows:Warning: SymLoadModuleExW. Error: 0
[2017.05.02-22.13.13:877][818]LogWindows:Warning: SymLoadModuleExW. Error: 0
[2017.05.02-22.13.13:877][818]LogWindows:Warning: SymLoadModuleExW. Error: 0
[2017.05.02-22.13.13:877][818]LogWindows:Warning: SymLoadModuleExW. Error: 0
[2017.05.02-22.13.13:877][818]LogWindows:Warning: SymLoadModuleExW. Error: 0
[2017.05.02-22.13.13:877][818]LogWindows:Warning: SymLoadModuleExW. Error: 0
[2017.05.02-22.13.13:877][818]LogWindows:Warning: SymLoadModuleExW. Error: 0
[2017.05.02-22.13.13:877][818]LogWindows:Warning: SymLoadModuleExW. Error: 0
[2017.05.02-22.13.13:877][818]LogWindows:Warning: SymLoadModuleExW. Error: 0
[2017.05.02-22.13.13:877][818]LogWindows:Warning: SymLoadModuleExW. Error: 0
[2017.05.02-22.13.13:877][818]LogWindows:Warning: SymLoadModuleExW. Error: 0
[2017.05.02-22.13.13:877][818]LogWindows:Warning: SymLoadModuleExW. Error: 0
[2017.05.02-22.13.13:877][818]LogWindows:Warning: SymLoadModuleExW. Error: 0
[2017.05.02-22.13.13:877][818]LogWindows:Warning: SymLoadModuleExW. Error: 0
[2017.05.02-22.13.13:878][818]LogWindows:Warning: SymLoadModuleExW. Error: 0
[2017.05.02-22.13.13:878][818]LogWindows:Warning: SymLoadModuleExW. Error: 0
[2017.05.02-22.13.13:878][818]LogWindows:Warning: SymLoadModuleExW. Error: 0
[2017.05.02-22.13.13:878][818]LogWindows:Warning: SymLoadModuleExW. Error: 0
[2017.05.02-22.13.13:878][818]LogWindows:Warning: SymLoadModuleExW. Error: 0
[2017.05.02-22.13.13:878][818]LogWindows:Warning: SymLoadModuleExW. Error: 0
[2017.05.02-22.13.13:878][818]LogWindows:Warning: SymLoadModuleExW. Error: 0
[2017.05.02-22.13.13:878][818]LogWindows:Warning: SymLoadModuleExW. Error: 0
[2017.05.02-22.13.13:878][818]LogWindows:Warning: SymLoadModuleExW. Error: 0
[2017.05.02-22.13.13:878][818]LogWindows:Warning: SymLoadModuleExW. Error: 0
[2017.05.02-22.13.13:878][818]LogWindows:Warning: SymLoadModuleExW. Error: 0
[2017.05.02-22.13.13:878][818]LogWindows:Warning: SymLoadModuleExW. Error: 0
[2017.05.02-22.13.13:878][818]LogWindows:Warning: SymLoadModuleExW. Error: 0
[2017.05.02-22.13.13:878][818]LogWindows:Warning: SymLoadModuleExW. Error: 0
[2017.05.02-22.13.13:878][818]LogWindows:Warning: SymLoadModuleExW. Error: 0
[2017.05.02-22.13.13:878][818]LogWindows:Warning: SymLoadModuleExW. Error: 0
[2017.05.02-22.13.13:878][818]LogWindows:Warning: SymLoadModuleExW. Error: 0
[2017.05.02-22.13.13:878][818]LogWindows:Warning: SymLoadModuleExW. Error: 0
[2017.05.02-22.13.13:878][818]LogWindows:Warning: SymLoadModuleExW. Error: 0
[2017.05.02-22.13.13:878][818]LogWindows:Warning: SymLoadModuleExW. Error: 0
[2017.05.02-22.13.13:878][818]LogWindows:Warning: SymLoadModuleExW. Error: 0
[2017.05.02-22.13.13:878][818]LogWindows:Warning: SymLoadModuleExW. Error: 0
[2017.05.02-22.13.13:878][818]LogWindows:Warning: SymLoadModuleExW. Error: 0
[2017.05.02-22.13.13:878][818]LogWindows:Warning: SymLoadModuleExW. Error: 0
[2017.05.02-22.13.13:878][818]LogWindows:Warning: SymLoadModuleExW. Error: 0
[2017.05.02-22.13.13:878][818]LogWindows:Warning: SymLoadModuleExW. Error: 0
[2017.05.02-22.13.13:878][818]LogWindows:Warning: SymLoadModuleExW. Error: 0
[2017.05.02-22.13.13:878][818]LogWindows:Warning: SymLoadModuleExW. Error: 0
[2017.05.02-22.13.13:878][818]LogWindows:Warning: SymLoadModuleExW. Error: 0
[2017.05.02-22.13.13:878][818]LogWindows:Warning: SymLoadModuleExW. Error: 0
[2017.05.02-22.13.13:878][818]LogWindows:Warning: SymLoadModuleExW. Error: 0
[2017.05.02-22.13.13:878][818]LogWindows:Warning: SymLoadModuleExW. Error: 0
[2017.05.02-22.13.13:878][818]LogWindows:Warning: SymLoadModuleExW. Error: 0
[2017.05.02-22.13.13:878][818]LogWindows:Warning: SymLoadModuleExW. Error: 0
[2017.05.02-22.13.13:878][818]LogWindows:Warning: SymLoadModuleExW. Error: 0
[2017.05.02-22.13.13:878][818]LogWindows:Warning: SymLoadModuleExW. Error: 0
[2017.05.02-22.13.13:878][818]LogWindows:Warning: SymLoadModuleExW. Error: 0
[2017.05.02-22.13.13:878][818]LogWindows:Warning: SymLoadModuleExW. Error: 0
[2017.05.02-22.13.13:878][818]LogWindows:Warning: SymLoadModuleExW. Error: 0
[2017.05.02-22.13.13:878][818]LogWindows:Warning: SymLoadModuleExW. Error: 0
[2017.05.02-22.13.13:878][818]LogWindows:Warning: SymLoadModuleExW. Error: 0
[2017.05.02-22.13.13:878][818]LogWindows:Warning: SymLoadModuleExW. Error: 0
[2017.05.02-22.13.13:878][818]LogWindows:Warning: SymLoadModuleExW. Error: 0
[2017.05.02-22.13.13:878][818]LogWindows:Warning: SymLoadModuleExW. Error: 0
[2017.05.02-22.13.13:878][818]LogWindows:Warning: SymLoadModuleExW. Error: 0
[2017.05.02-22.13.13:878][818]LogWindows:Warning: SymLoadModuleExW. Error: 0
[2017.05.02-22.13.13:878][818]LogWindows:Warning: SymLoadModuleExW. Error: 0
[2017.05.02-22.13.13:878][818]LogWindows:Warning: SymLoadModuleExW. Error: 0
[2017.05.02-22.13.13:878][818]LogWindows:Warning: SymLoadModuleExW. Error: 0
[2017.05.02-22.13.13:878][818]LogWindows:Warning: SymLoadModuleExW. Error: 0
[2017.05.02-22.13.13:878][818]LogWindows:Warning: SymLoadModuleExW. Error: 0
[2017.05.02-22.13.13:878][818]LogWindows:Warning: SymLoadModuleExW. Error: 0
[2017.05.02-22.13.13:878][818]LogWindows:Warning: SymLoadModuleExW. Error: 0
[2017.05.02-22.13.13:878][818]LogWindows:Warning: SymLoadModuleExW. Error: 0
[2017.05.02-22.13.13:878][818]LogWindows:Warning: SymLoadModuleExW. Error: 0
[2017.05.02-22.13.13:878][818]LogWindows:Warning: SymLoadModuleExW. Error: 0
[2017.05.02-22.13.13:878][818]LogWindows:Warning: SymLoadModuleExW. Error: 0
[2017.05.02-22.13.13:878][818]LogWindows:Warning: SymLoadModuleExW. Error: 0
[2017.05.02-22.13.13:878][818]LogWindows:Warning: SymLoadModuleExW. Error: 0
[2017.05.02-22.13.13:878][818]LogWindows:Warning: SymLoadModuleExW. Error: 0
[2017.05.02-22.13.13:878][818]LogWindows:Warning: SymLoadModuleExW. Error: 0
[2017.05.02-22.13.13:878][818]LogWindows:Warning: SymLoadModuleExW. Error: 0
[2017.05.02-22.13.13:878][818]LogWindows:Warning: SymLoadModuleExW. Error: 0
[2017.05.02-22.13.13:878][818]LogWindows:Warning: SymLoadModuleExW. Error: 0
[2017.05.02-22.13.13:878][818]LogWindows:Warning: SymLoadModuleExW. Error: 0
[2017.05.02-22.13.13:878][818]LogWindows:Warning: SymLoadModuleExW. Error: 0
[2017.05.02-22.13.13:878][818]LogWindows:Warning: SymLoadModuleExW. Error: 0
[2017.05.02-22.13.13:878][818]LogWindows:Warning: SymLoadModuleExW. Error: 0
[2017.05.02-22.13.13:878][818]LogWindows:Warning: SymLoadModuleExW. Error: 0
[2017.05.02-22.13.13:878][818]LogWindows:Warning: SymLoadModuleExW. Error: 0
[2017.05.02-22.13.13:878][818]LogWindows:Warning: SymLoadModuleExW. Error: 0
[2017.05.02-22.13.13:878][818]LogWindows:Warning: SymLoadModuleExW. Error: 0
[2017.05.02-22.13.13:878][818]LogWindows:Warning: SymLoadModuleExW. Error: 0
[2017.05.02-22.13.13:878][818]LogWindows:Warning: SymLoadModuleExW. Error: 0
[2017.05.02-22.13.13:878][818]LogWindows:Warning: SymLoadModuleExW. Error: 0
[2017.05.02-22.13.13:878][818]LogWindows:Warning: SymLoadModuleExW. Error: 0
[2017.05.02-22.13.13:878][818]LogWindows:Warning: SymLoadModuleExW. Error: 0
[2017.05.02-22.13.13:878][818]LogWindows:Warning: SymLoadModuleExW. Error: 0
[2017.05.02-22.13.13:878][818]LogWindows:Warning: SymLoadModuleExW. Error: 0
[2017.05.02-22.13.13:878][818]LogWindows:Warning: SymLoadModuleExW. Error: 0
[2017.05.02-22.13.13:878][818]LogWindows:Warning: SymLoadModuleExW. Error: 0
[2017.05.02-22.13.13:878][818]LogWindows:Warning: SymLoadModuleExW. Error: 0
[2017.05.02-22.13.13:878][818]LogWindows:Warning: SymLoadModuleExW. Error: 0
[2017.05.02-22.13.13:878][818]LogWindows:Warning: SymLoadModuleExW. Error: 0
[2017.05.02-22.13.13:878][818]LogWindows:Warning: SymLoadModuleExW. Error: 0
[2017.05.02-22.13.13:878][818]LogWindows:Warning: SymLoadModuleExW. Error: 0
[2017.05.02-22.13.13:878][818]LogWindows:Warning: SymLoadModuleExW. Error: 0
[2017.05.02-22.13.13:878][818]LogWindows:Warning: SymLoadModuleExW. Error: 0
[2017.05.02-22.13.13:878][818]LogWindows:Warning: SymLoadModuleExW. Error: 0
[2017.05.02-22.13.13:878][818]LogWindows:Warning: SymLoadModuleExW. Error: 0
[2017.05.02-22.13.13:878][818]LogWindows:Warning: SymLoadModuleExW. Error: 0
[2017.05.02-22.13.13:878][818]LogWindows:Warning: SymLoadModuleExW. Error: 0
[2017.05.02-22.13.13:878][818]LogWindows:Warning: SymLoadModuleExW. Error: 0
[2017.05.02-22.13.13:878][818]LogWindows:Warning: SymLoadModuleExW. Error: 0
[2017.05.02-22.13.13:878][818]LogWindows:Warning: SymLoadModuleExW. Error: 0
[2017.05.02-22.13.13:878][818]LogWindows:Warning: SymLoadModuleExW. Error: 0
[2017.05.02-22.13.13:878][818]LogWindows:Warning: SymLoadModuleExW. Error: 0
[2017.05.02-22.13.13:878][818]LogWindows:Warning: SymLoadModuleExW. Error: 0
[2017.05.02-22.13.13:878][818]LogWindows:Warning: SymLoadModuleExW. Error: 0
[2017.05.02-22.13.13:878][818]LogWindows:Warning: SymLoadModuleExW. Error: 0
[2017.05.02-22.13.13:878][818]LogWindows:Warning: SymLoadModuleExW. Error: 0
[2017.05.02-22.13.13:878][818]LogWindows:Warning: SymLoadModuleExW. Error: 0
[2017.05.02-22.13.13:878][818]LogWindows:Warning: SymLoadModuleExW. Error: 0
[2017.05.02-22.13.13:878][818]LogWindows:Warning: SymLoadModuleExW. Error: 0
[2017.05.02-22.13.13:878][818]LogWindows:Warning: SymLoadModuleExW. Error: 0
[2017.05.02-22.13.13:878][818]LogWindows:Warning: SymLoadModuleExW. Error: 0
[2017.05.02-22.13.13:878][818]LogWindows:Warning: SymLoadModuleExW. Error: 0
[2017.05.02-22.13.13:878][818]LogWindows:Warning: SymLoadModuleExW. Error: 0
[2017.05.02-22.13.13:878][818]LogWindows:Warning: SymLoadModuleExW. Error: 0
[2017.05.02-22.13.13:878][818]LogWindows:Warning: SymLoadModuleExW. Error: 0
[2017.05.02-22.13.13:878][818]LogWindows:Warning: SymLoadModuleExW. Error: 0
[2017.05.02-22.13.13:878][818]LogWindows:Warning: SymLoadModuleExW. Error: 0
[2017.05.02-22.13.13:878][818]LogWindows:Warning: SymLoadModuleExW. Error: 0
[2017.05.02-22.13.13:878][818]LogWindows:Warning: SymLoadModuleExW. Error: 0
[2017.05.02-22.13.13:878][818]LogWindows:Warning: SymLoadModuleExW. Error: 0
[2017.05.02-22.13.13:878][818]LogWindows:Warning: SymLoadModuleExW. Error: 0
[2017.05.02-22.13.13:878][818]LogWindows:Warning: SymLoadModuleExW. Error: 0
[2017.05.02-22.13.13:878][818]LogWindows:Warning: SymLoadModuleExW. Error: 0
[2017.05.02-22.13.13:878][818]LogWindows:Warning: SymLoadModuleExW. Error: 0
[2017.05.02-22.13.13:878][818]LogWindows:Warning: SymLoadModuleExW. Error: 0
[2017.05.02-22.13.13:878][818]LogWindows:Warning: SymLoadModuleExW. Error: 0
[2017.05.02-22.13.13:878][818]LogWindows:Warning: SymLoadModuleExW. Error: 0
[2017.05.02-22.13.13:878][818]LogWindows:Warning: SymLoadModuleExW. Error: 0
[2017.05.02-22.13.13:878][818]LogWindows:Warning: SymLoadModuleExW. Error: 0
[2017.05.02-22.13.13:878][818]LogWindows:Warning: SymLoadModuleExW. Error: 0
[2017.05.02-22.13.13:878][818]LogWindows:Warning: SymLoadModuleExW. Error: 0
[2017.05.02-22.13.13:878][818]LogWindows:Warning: SymLoadModuleExW. Error: 0
[2017.05.02-22.13.13:878][818]LogWindows:Warning: SymLoadModuleExW. Error: 0
[2017.05.02-22.13.13:878][818]LogWindows:Warning: SymLoadModuleExW. Error: 0
[2017.05.02-22.13.13:878][818]LogWindows:Warning: SymLoadModuleExW. Error: 0
[2017.05.02-22.13.13:878][818]LogWindows:Warning: SymLoadModuleExW. Error: 0
[2017.05.02-22.13.13:878][818]LogWindows:Warning: SymLoadModuleExW. Error: 0
[2017.05.02-22.13.13:878][818]LogWindows:Warning: SymLoadModuleExW. Error: 0
[2017.05.02-22.13.13:878][818]LogWindows:Warning: SymLoadModuleExW. Error: 0
[2017.05.02-22.13.13:878][818]LogWindows:Warning: SymLoadModuleExW. Error: 0
[2017.05.02-22.13.13:878][818]LogWindows:Warning: SymLoadModuleExW. Error: 0
[2017.05.02-22.13.13:878][818]LogWindows:Warning: SymLoadModuleExW. Error: 0
[2017.05.02-22.13.13:878][818]LogWindows:Warning: SymLoadModuleExW. Error: 0
[2017.05.02-22.13.13:878][818]LogWindows:Warning: SymLoadModuleExW. Error: 0
[2017.05.02-22.13.13:878][818]LogWindows:Warning: SymLoadModuleExW. Error: 0
[2017.05.02-22.13.13:878][818]LogWindows:Warning: SymLoadModuleExW. Error: 0
[2017.05.02-22.13.13:878][818]LogWindows:Warning: SymLoadModuleExW. Error: 0
[2017.05.02-22.13.13:878][818]LogWindows:Warning: SymLoadModuleExW. Error: 0
[2017.05.02-22.13.13:878][818]LogWindows:Warning: SymLoadModuleExW. Error: 0
[2017.05.02-22.13.13:878][818]LogWindows:Warning: SymLoadModuleExW. Error: 0
[2017.05.02-22.13.13:878][818]LogWindows:Warning: SymLoadModuleExW. Error: 0
[2017.05.02-22.13.13:878][818]LogWindows:Warning: SymLoadModuleExW. Error: 0
[2017.05.02-22.13.13:878][818]LogWindows:Warning: SymLoadModuleExW. Error: 0
[2017.05.02-22.13.13:878][818]LogWindows:Warning: SymLoadModuleExW. Error: 0
[2017.05.02-22.13.13:878][818]LogWindows:Warning: SymLoadModuleExW. Error: 0
[2017.05.02-22.13.13:878][818]LogWindows:Warning: SymLoadModuleExW. Error: 0
[2017.05.02-22.13.13:878][818]LogWindows:Warning: SymLoadModuleExW. Error: 0
[2017.05.02-22.13.13:878][818]LogWindows:Warning: SymLoadModuleExW. Error: 0
[2017.05.02-22.13.13:878][818]LogWindows:Warning: SymLoadModuleExW. Error: 0
[2017.05.02-22.13.13:878][818]LogWindows:Warning: SymLoadModuleExW. Error: 0
[2017.05.02-22.13.13:878][818]LogWindows:Warning: SymLoadModuleExW. Error: 0
[2017.05.02-22.13.13:878][818]LogWindows:Warning: SymLoadModuleExW. Error: 0
[2017.05.02-22.13.13:878][818]LogWindows:Warning: SymLoadModuleExW. Error: 0
[2017.05.02-22.13.13:878][818]LogWindows:Warning: SymLoadModuleExW. Error: 0
[2017.05.02-22.13.13:878][818]LogWindows:Warning: SymLoadModuleExW. Error: 0
[2017.05.02-22.13.13:878][818]LogWindows:Warning: SymLoadModuleExW. Error: 0
[2017.05.02-22.13.13:878][818]LogWindows:Warning: SymLoadModuleExW. Error: 0
[2017.05.02-22.13.13:878][818]LogWindows:Warning: SymLoadModuleExW. Error: 0
[2017.05.02-22.13.13:878][818]LogWindows:Warning: SymLoadModuleExW. Error: 0
[2017.05.02-22.13.13:878][818]LogWindows:Warning: SymLoadModuleExW. Error: 0
[2017.05.02-22.13.13:878][818]LogWindows:Warning: SymLoadModuleExW. Error: 0
[2017.05.02-22.13.13:878][818]LogWindows:Warning: SymLoadModuleExW. Error: 0
[2017.05.02-22.13.13:878][818]LogWindows:Warning: SymLoadModuleExW. Error: 0
[2017.05.02-22.13.13:878][818]LogWindows:Warning: SymLoadModuleExW. Error: 0
[2017.05.02-22.13.13:878][818]LogWindows:Warning: SymLoadModuleExW. Error: 0
[2017.05.02-22.13.13:878][818]LogWindows:Warning: SymLoadModuleExW. Error: 0
[2017.05.02-22.13.13:878][818]LogWindows:Warning: SymLoadModuleExW. Error: 0
[2017.05.02-22.13.13:878][818]LogWindows:Warning: SymLoadModuleExW. Error: 0
[2017.05.02-22.13.13:878][818]LogWindows:Warning: SymLoadModuleExW. Error: 0
[2017.05.02-22.13.13:878][818]LogWindows:Warning: SymLoadModuleExW. Error: 0
[2017.05.02-22.13.13:878][818]LogWindows:Warning: SymLoadModuleExW. Error: 0
[2017.05.02-22.13.13:878][818]LogWindows:Warning: SymLoadModuleExW. Error: 0
[2017.05.02-22.13.13:878][818]LogWindows:Warning: SymLoadModuleExW. Error: 0
[2017.05.02-22.13.13:879][818]LogWindows:Warning: SymLoadModuleExW. Error: 0
[2017.05.02-22.13.13:879][818]LogWindows:Warning: SymLoadModuleExW. Error: 0
[2017.05.02-22.13.13:879][818]LogWindows:Warning: SymLoadModuleExW. Error: 0
[2017.05.02-22.13.13:879][818]LogWindows:Warning: SymLoadModuleExW. Error: 0
[2017.05.02-22.13.13:879][818]LogWindows:Warning: SymLoadModuleExW. Error: 0
[2017.05.02-22.13.13:879][818]LogWindows:Warning: SymLoadModuleExW. Error: 0
[2017.05.02-22.13.13:879][818]LogWindows:Warning: SymLoadModuleExW. Error: 0
[2017.05.02-22.13.13:879][818]LogWindows:Warning: SymLoadModuleExW. Error: 0
[2017.05.02-22.13.13:879][818]LogWindows:Warning: SymLoadModuleExW. Error: 0
[2017.05.02-22.13.13:879][818]LogWindows:Warning: SymLoadModuleExW. Error: 0
[2017.05.02-22.13.13:879][818]LogWindows:Warning: SymLoadModuleExW. Error: 0
[2017.05.02-22.13.13:879][818]LogWindows:Warning: SymLoadModuleExW. Error: 0
[2017.05.02-22.13.13:879][818]LogWindows:Warning: SymLoadModuleExW. Error: 0
[2017.05.02-22.13.13:879][818]LogWindows:Warning: SymLoadModuleExW. Error: 0
[2017.05.02-22.13.13:879][818]LogWindows:Warning: SymLoadModuleExW. Error: 0
[2017.05.02-22.13.13:879][818]LogWindows:Warning: SymLoadModuleExW. Error: 0
[2017.05.02-22.13.13:879][818]LogWindows:Warning: SymLoadModuleExW. Error: 0
[2017.05.02-22.13.13:879][818]LogWindows:Warning: SymLoadModuleExW. Error: 0
[2017.05.02-22.13.13:879][818]LogWindows:Warning: SymLoadModuleExW. Error: 0
[2017.05.02-22.13.13:879][818]LogWindows:Warning: SymLoadModuleExW. Error: 0
[2017.05.02-22.13.13:879][818]LogWindows:Warning: SymLoadModuleExW. Error: 0
[2017.05.02-22.13.13:879][818]LogWindows:Warning: SymLoadModuleExW. Error: 0
[2017.05.02-22.13.13:879][818]LogWindows:Warning: SymLoadModuleExW. Error: 0
[2017.05.02-22.13.13:879][818]LogWindows:Warning: SymLoadModuleExW. Error: 0
[2017.05.02-22.13.13:879][818]LogWindows:Warning: SymLoadModuleExW. Error: 0
[2017.05.02-22.13.13:879][818]LogWindows:Warning: SymLoadModuleExW. Error: 0
[2017.05.02-22.13.13:879][818]LogWindows:Warning: SymLoadModuleExW. Error: 0
[2017.05.02-22.13.13:879][818]LogWindows:Warning: SymLoadModuleExW. Error: 0
[2017.05.02-22.13.13:879][818]LogWindows:Warning: SymLoadModuleExW. Error: 0
[2017.05.02-22.13.13:879][818]LogWindows:Warning: SymLoadModuleExW. Error: 0
[2017.05.02-22.13.13:879][818]LogWindows:Warning: SymLoadModuleExW. Error: 0
[2017.05.02-22.13.13:879][818]LogWindows:Warning: SymLoadModuleExW. Error: 0
[2017.05.02-22.13.13:879][818]LogWindows:Warning: SymLoadModuleExW. Error: 0
[2017.05.02-22.13.13:879][818]LogWindows:Warning: SymLoadModuleExW. Error: 0
[2017.05.02-22.13.13:879][818]LogWindows:Warning: SymLoadModuleExW. Error: 0
[2017.05.02-22.13.13:879][818]LogWindows:Warning: SymLoadModuleExW. Error: 0
[2017.05.02-22.13.13:879][818]LogWindows:Warning: SymLoadModuleExW. Error: 0
[2017.05.02-22.13.13:879][818]LogWindows:Warning: SymLoadModuleExW. Error: 0
[2017.05.02-22.13.13:879][818]LogWindows:Warning: SymLoadModuleExW. Error: 0
[2017.05.02-22.13.13:879][818]LogWindows:Warning: SymLoadModuleExW. Error: 0
[2017.05.02-22.13.13:879][818]LogWindows:Warning: SymLoadModuleExW. Error: 0
[2017.05.02-22.13.13:879][818]LogWindows:Warning: SymLoadModuleExW. Error: 0
[2017.05.02-22.13.13:879][818]LogWindows:Warning: SymLoadModuleExW. Error: 0
[2017.05.02-22.13.13:879][818]LogWindows:Warning: SymLoadModuleExW. Error: 0
[2017.05.02-22.13.13:879][818]LogWindows:Warning: SymLoadModuleExW. Error: 0
[2017.05.02-22.13.13:879][818]LogWindows:Warning: SymLoadModuleExW. Error: 0
[2017.05.02-22.13.13:879][818]LogWindows:Warning: SymLoadModuleExW. Error: 0
[2017.05.02-22.13.13:879][818]LogWindows:Warning: SymLoadModuleExW. Error: 0
[2017.05.02-22.13.13:879][818]LogWindows:Warning: SymLoadModuleExW. Error: 0
[2017.05.02-22.13.13:879][818]LogWindows:Warning: SymLoadModuleExW. Error: 0
[2017.05.02-22.13.13:879][818]LogWindows:Warning: SymLoadModuleExW. Error: 0
[2017.05.02-22.13.13:879][818]LogWindows:Warning: SymLoadModuleExW. Error: 0
[2017.05.02-22.13.13:879][818]LogWindows:Warning: SymLoadModuleExW. Error: 0
[2017.05.02-22.13.13:879][818]LogWindows:Warning: SymLoadModuleExW. Error: 0
[2017.05.02-22.13.13:879][818]LogWindows:Warning: SymLoadModuleExW. Error: 0
[2017.05.02-22.13.13:879][818]LogWindows:Warning: SymLoadModuleExW. Error: 0
[2017.05.02-22.13.13:879][818]LogWindows:Warning: SymLoadModuleExW. Error: 0
[2017.05.02-22.13.13:879][818]LogWindows:Warning: SymLoadModuleExW. Error: 0
[2017.05.02-22.13.13:879][818]LogWindows:Warning: SymLoadModuleExW. Error: 0
[2017.05.02-22.13.13:879][818]LogWindows:Warning: SymLoadModuleExW. Error: 0
[2017.05.02-22.13.13:879][818]LogWindows:Warning: SymLoadModuleExW. Error: 0
[2017.05.02-22.13.13:879][818]LogWindows:Warning: SymLoadModuleExW. Error: 0
[2017.05.02-22.13.13:879][818]LogWindows:Warning: SymLoadModuleExW. Error: 0
[2017.05.02-22.13.13:879][818]LogWindows:Warning: SymLoadModuleExW. Error: 0
[2017.05.02-22.13.13:879][818]LogWindows:Warning: SymLoadModuleExW. Error: 0
[2017.05.02-22.13.13:879][818]LogWindows:Warning: SymLoadModuleExW. Error: 0
[2017.05.02-22.13.13:879][818]LogWindows:Warning: SymLoadModuleExW. Error: 0
[2017.05.02-22.13.13:879][818]LogWindows:Warning: SymLoadModuleExW. Error: 0
[2017.05.02-22.13.13:879][818]LogWindows:Warning: SymLoadModuleExW. Error: 0
[2017.05.02-22.13.13:879][818]LogWindows:Warning: SymLoadModuleExW. Error: 0
[2017.05.02-22.13.13:879][818]LogWindows:Warning: SymLoadModuleExW. Error: 0
[2017.05.02-22.13.13:879][818]LogWindows:Warning: SymLoadModuleExW. Error: 0
[2017.05.02-22.13.13:879][818]LogWindows:Warning: SymLoadModuleExW. Error: 0
[2017.05.02-22.13.13:879][818]LogWindows:Warning: SymLoadModuleExW. Error: 0
[2017.05.02-22.13.13:879][818]LogWindows:Warning: SymLoadModuleExW. Error: 0
[2017.05.02-22.13.13:879][818]LogWindows:Warning: SymLoadModuleExW. Error: 0
[2017.05.02-22.13.13:879][818]LogWindows:Warning: SymLoadModuleExW. Error: 0
[2017.05.02-22.13.13:879][818]LogWindows:Warning: SymLoadModuleExW. Error: 0
[2017.05.02-22.13.13:879][818]LogWindows:Warning: SymLoadModuleExW. Error: 0
[2017.05.02-22.13.13:879][818]LogWindows:Warning: SymLoadModuleExW. Error: 0
[2017.05.02-22.13.13:879][818]LogWindows:Warning: SymLoadModuleExW. Error: 0
[2017.05.02-22.13.13:879][818]LogWindows:Warning: SymLoadModuleExW. Error: 0
[2017.05.02-22.13.13:879][818]LogWindows:Warning: SymLoadModuleExW. Error: 0
[2017.05.02-22.13.13:879][818]LogWindows:Warning: SymLoadModuleExW. Error: 0
[2017.05.02-22.13.13:879][818]LogWindows:Warning: SymLoadModuleExW. Error: 0
[2017.05.02-22.13.13:879][818]LogWindows:Warning: SymLoadModuleExW. Error: 0
[2017.05.02-22.13.13:879][818]LogWindows:Warning: SymLoadModuleExW. Error: 0
[2017.05.02-22.13.13:879][818]LogWindows:Warning: SymLoadModuleExW. Error: 0
[2017.05.02-22.13.13:879][818]LogWindows:Warning: SymLoadModuleExW. Error: 0
[2017.05.02-22.13.13:879][818]LogWindows:Warning: SymLoadModuleExW. Error: 0
[2017.05.02-22.13.13:879][818]LogWindows:Warning: SymLoadModuleExW. Error: 0
[2017.05.02-22.13.13:879][818]LogWindows:Warning: SymLoadModuleExW. Error: 0
[2017.05.02-22.13.13:879][818]LogWindows:Warning: SymLoadModuleExW. Error: 0
[2017.05.02-22.13.13:879][818]LogWindows:Warning: SymLoadModuleExW. Error: 0
[2017.05.02-22.13.13:879][818]LogWindows:Warning: SymLoadModuleExW. Error: 0
[2017.05.02-22.13.13:879][818]LogWindows:Warning: SymLoadModuleExW. Error: 0
[2017.05.02-22.13.13:879][818]LogWindows:Warning: SymLoadModuleExW. Error: 0
[2017.05.02-22.13.13:879][818]LogWindows:Warning: SymLoadModuleExW. Error: 0
[2017.05.02-22.13.13:879][818]LogWindows:Warning: SymLoadModuleExW. Error: 0
[2017.05.02-22.13.13:879][818]LogWindows:Warning: SymLoadModuleExW. Error: 0
[2017.05.02-22.13.13:879][818]LogWindows:Warning: SymLoadModuleExW. Error: 0
[2017.05.02-22.13.13:879][818]LogWindows:Warning: SymLoadModuleExW. Error: 0
[2017.05.02-22.13.13:879][818]LogWindows:Warning: SymLoadModuleExW. Error: 0
[2017.05.02-22.13.13:879][818]LogWindows:Warning: SymLoadModuleExW. Error: 0
[2017.05.02-22.13.13:879][818]LogWindows:Warning: SymLoadModuleExW. Error: 0
[2017.05.02-22.13.13:879][818]LogWindows:Warning: SymLoadModuleExW. Error: 0
[2017.05.02-22.13.13:879][818]LogWindows:Warning: SymLoadModuleExW. Error: 0
[2017.05.02-22.13.13:879][818]LogWindows:Warning: SymLoadModuleExW. Error: 0
[2017.05.02-22.13.13:879][818]LogWindows:Warning: SymLoadModuleExW. Error: 0
[2017.05.02-22.13.13:879][818]LogWindows:Warning: SymLoadModuleExW. Error: 0
[2017.05.02-22.13.13:879][818]LogWindows:Warning: SymLoadModuleExW. Error: 0
[2017.05.02-22.13.13:879][818]LogWindows:Warning: SymLoadModuleExW. Error: 0
[2017.05.02-22.13.13:879][818]LogWindows:Warning: SymLoadModuleExW. Error: 0
[2017.05.02-22.13.13:879][818]LogWindows:Warning: SymLoadModuleExW. Error: 0
[2017.05.02-22.13.13:879][818]LogWindows:Warning: SymLoadModuleExW. Error: 0
[2017.05.02-22.13.13:879][818]LogWindows:Warning: SymLoadModuleExW. Error: 0
[2017.05.02-22.13.13:879][818]LogWindows:Warning: SymLoadModuleExW. Error: 0
[2017.05.02-22.13.13:879][818]LogWindows:Warning: SymLoadModuleExW. Error: 0
[2017.05.02-22.13.13:879][818]LogWindows:Warning: SymLoadModuleExW. Error: 0
[2017.05.02-22.13.13:879][818]LogWindows:Warning: SymLoadModuleExW. Error: 0
[2017.05.02-22.13.13:879][818]LogWindows:Warning: SymLoadModuleExW. Error: 0
[2017.05.02-22.13.13:879][818]LogWindows:Warning: SymLoadModuleExW. Error: 0
[2017.05.02-22.13.13:879][818]LogWindows:Warning: SymLoadModuleExW. Error: 0
[2017.05.02-22.13.13:879][818]LogWindows:Warning: SymLoadModuleExW. Error: 0
[2017.05.02-22.13.13:879][818]LogWindows:Warning: SymLoadModuleExW. Error: 0
[2017.05.02-22.13.13:879][818]LogWindows:Warning: SymLoadModuleExW. Error: 0
[2017.05.02-22.13.13:879][818]LogWindows:Warning: SymLoadModuleExW. Error: 0
[2017.05.02-22.13.13:879][818]LogWindows:Warning: SymLoadModuleExW. Error: 0
[2017.05.02-22.13.13:879][818]LogWindows:Warning: SymLoadModuleExW. Error: 0
[2017.05.02-22.13.13:879][818]LogWindows:Warning: SymLoadModuleExW. Error: 0
[2017.05.02-22.13.13:879][818]LogWindows:Warning: SymLoadModuleExW. Error: 0
[2017.05.02-22.13.13:879][818]LogWindows:Warning: SymLoadModuleExW. Error: 0
[2017.05.02-22.13.13:879][818]LogWindows:Warning: SymLoadModuleExW. Error: 0
[2017.05.02-22.13.13:879][818]LogWindows:Warning: SymLoadModuleExW. Error: 0
[2017.05.02-22.13.13:879][818]LogWindows:Warning: SymLoadModuleExW. Error: 0
[2017.05.02-22.13.13:879][818]LogWindows:Warning: SymLoadModuleExW. Error: 0
[2017.05.02-22.13.13:879][818]LogWindows:Warning: SymLoadModuleExW. Error: 0
[2017.05.02-22.13.13:879][818]LogWindows:Warning: SymLoadModuleExW. Error: 0
[2017.05.02-22.13.13:879][818]LogWindows:Warning: SymLoadModuleExW. Error: 0
[2017.05.02-22.13.13:879][818]LogWindows:Warning: SymLoadModuleExW. Error: 0
[2017.05.02-22.13.13:879][818]LogWindows:Warning: SymLoadModuleExW. Error: 0
[2017.05.02-22.13.13:879][818]LogWindows:Warning: SymLoadModuleExW. Error: 0
[2017.05.02-22.13.13:879][818]LogWindows:Warning: SymLoadModuleExW. Error: 0
[2017.05.02-22.13.13:879][818]LogWindows:Warning: SymLoadModuleExW. Error: 0
[2017.05.02-22.13.13:879][818]LogWindows:Warning: SymLoadModuleExW. Error: 0
[2017.05.02-22.13.13:879][818]LogWindows:Warning: SymLoadModuleExW. Error: 0
[2017.05.02-22.13.13:879][818]LogWindows:Warning: SymLoadModuleExW. Error: 0
[2017.05.02-22.13.13:879][818]LogWindows:Warning: SymLoadModuleExW. Error: 0
[2017.05.02-22.13.13:879][818]LogWindows:Warning: SymLoadModuleExW. Error: 0
[2017.05.02-22.13.13:879][818]LogWindows:Warning: SymLoadModuleExW. Error: 0
[2017.05.02-22.13.13:879][818]LogWindows:Warning: SymLoadModuleExW. Error: 0
[2017.05.02-22.13.13:879][818]LogWindows:Warning: SymLoadModuleExW. Error: 0
[2017.05.02-22.13.13:879][818]LogWindows:Warning: SymLoadModuleExW. Error: 0
[2017.05.02-22.13.13:879][818]LogWindows:Warning: SymLoadModuleExW. Error: 0
[2017.05.02-22.13.13:879][818]LogWindows:Warning: SymLoadModuleExW. Error: 0
[2017.05.02-22.13.13:879][818]LogWindows:Warning: SymLoadModuleExW. Error: 0
[2017.05.02-22.13.13:879][818]LogWindows:Warning: SymLoadModuleExW. Error: 0
[2017.05.02-22.13.13:879][818]LogWindows:Warning: SymLoadModuleExW. Error: 0
[2017.05.02-22.13.13:879][818]LogWindows:Warning: SymLoadModuleExW. Error: 0
[2017.05.02-22.13.13:879][818]LogWindows:Warning: SymLoadModuleExW. Error: 0
[2017.05.02-22.13.13:879][818]LogWindows:Warning: SymLoadModuleExW. Error: 0
[2017.05.02-22.13.13:879][818]LogWindows:Warning: SymLoadModuleExW. Error: 0
[2017.05.02-22.13.13:879][818]LogWindows:Warning: SymLoadModuleExW. Error: 0
[2017.05.02-22.13.13:879][818]LogWindows:Warning: SymLoadModuleExW. Error: 0
[2017.05.02-22.13.13:879][818]LogWindows:Warning: SymLoadModuleExW. Error: 0
[2017.05.02-22.13.13:879][818]LogWindows:Warning: SymLoadModuleExW. Error: 0
[2017.05.02-22.13.13:879][818]LogWindows:Warning: SymLoadModuleExW. Error: 0
[2017.05.02-22.13.13:879][818]LogWindows:Warning: SymLoadModuleExW. Error: 0
[2017.05.02-22.13.13:879][818]LogWindows:Warning: SymLoadModuleExW. Error: 0
[2017.05.02-22.13.13:879][818]LogWindows:Warning: SymLoadModuleExW. Error: 0
[2017.05.02-22.13.13:879][818]LogWindows:Warning: SymLoadModuleExW. Error: 0
[2017.05.02-22.13.13:879][818]LogWindows:Warning: SymLoadModuleExW. Error: 0
[2017.05.02-22.13.13:879][818]LogWindows:Warning: SymLoadModuleExW. Error: 0
[2017.05.02-22.13.13:879][818]LogWindows:Warning: SymLoadModuleExW. Error: 0
[2017.05.02-22.13.13:879][818]LogWindows:Warning: SymLoadModuleExW. Error: 0
[2017.05.02-22.13.13:879][818]LogWindows:Warning: SymLoadModuleExW. Error: 0
[2017.05.02-22.13.13:879][818]LogWindows:Warning: SymLoadModuleExW. Error: 0
[2017.05.02-22.13.13:879][818]LogCrashTracker: 


[2017.05.02-22.13.13:879][818]LogWindows:Error: === Critical error: ===
[2017.05.02-22.13.13:880][818]LogWindows:Error: 
[2017.05.02-22.13.13:880][818]LogWindows:Error: Unhandled Exception: EXCEPTION_ACCESS_VIOLATION reading address 0x00000000
[2017.05.02-22.13.13:880][818]LogWindows:Error: 
[2017.05.02-22.13.13:880][818]LogWindows:Error: UE4Editor-BattleTank-2817.dll!UTankTrack::ApplySidewaysForce() [c:\users\ed\documents\unreal projects\04_battletank\battletank\source\battletank\private\tanktrack.cpp:47]
[2017.05.02-22.13.13:880][818]LogWindows:Error: UE4Editor-BattleTank-2817.dll!UTankTrack::OnHit() [c:\users\ed\documents\unreal projects\04_battletank\battletank\source\battletank\private\tanktrack.cpp:31]
[2017.05.02-22.13.13:880][818]LogWindows:Error: UE4Editor-BattleTank-2817.dll!UTankTrack::execOnHit() [c:\users\ed\documents\unreal projects\04_battletank\battletank\source\battletank\public\tanktrack.h:14]
[2017.05.02-22.13.13:880][818]LogWindows:Error: UE4Editor-CoreUObject.dll!0x0000000000754C1A
[2017.05.02-22.13.13:880][818]LogWindows:Error: UE4Editor-CoreUObject.dll!0x00000000008AAFEB
[2017.05.02-22.13.13:880][818]LogWindows:Error: UE4Editor-Engine.dll!0x00000000F8551747
[2017.05.02-22.13.13:880][818]LogWindows:Error: UE4Editor-Engine.dll!0x00000000F85AAEBD
[2017.05.02-22.13.13:880][818]LogWindows:Error: UE4Editor-Engine.dll!0x00000000F85A059E
[2017.05.02-22.13.13:880][818]LogWindows:Error: UE4Editor-Engine.dll!0x00000000F91AA20A
[2017.05.02-22.13.13:880][818]LogWindows:Error: UE4Editor-Engine.dll!0x00000000F91B0C3D
[2017.05.02-22.13.13:880][818]LogWindows:Error: UE4Editor-Engine.dll!0x00000000F91B30B2
[2017.05.02-22.13.13:880][818]LogWindows:Error: UE4Editor-Engine.dll!0x00000000F952D9DD
[2017.05.02-22.13.13:880][818]LogWindows:Error: UE4Editor-Engine.dll!0x00000000F953385D
[2017.05.02-22.13.13:880][818]LogWindows:Error: UE4Editor-Core.dll!0x0000000000BAD84D
[2017.05.02-22.13.13:880][818]LogWindows:Error: UE4Editor-Core.dll!0x0000000000BADC6D
[2017.05.02-22.13.13:880][818]LogWindows:Error: UE4Editor-Core.dll!0x0000000000BCCCEB
[2017.05.02-22.13.13:880][818]LogWindows:Error: UE4Editor-Engine.dll!0x00000000F9558861
[2017.05.02-22.13.13:880][818]LogWindows:Error: UE4Editor-Engine.dll!0x00000000F9569532
[2017.05.02-22.13.13:880][818]LogWindows:Error: UE4Editor-Engine.dll!0x00000000F8E97B64
[2017.05.02-22.13.13:880][818]LogWindows:Error: UE4Editor-Engine.dll!0x00000000F8EA0439
[2017.05.02-22.13.13:880][818]LogWindows:Error: UE4Editor-UnrealEd.dll!0x00000000F6FC6D8E
[2017.05.02-22.13.13:880][818]LogWindows:Error: UE4Editor-UnrealEd.dll!0x00000000F77D2086
[2017.05.02-22.13.13:880][818]LogWindows:Error: UE4Editor.exe!0x00000000E4E6DEE3
[2017.05.02-22.13.13:880][818]LogWindows:Error: UE4Editor.exe!0x00000000E4E5EB40
[2017.05.02-22.13.13:880][818]LogWindows:Error: UE4Editor.exe!0x00000000E4E5EBBA
[2017.05.02-22.13.13:880][818]LogWindows:Error: UE4Editor.exe!0x00000000E4E70A29
[2017.05.02-22.13.13:880][818]LogWindows:Error: UE4Editor.exe!0x00000000E4E722B6
[2017.05.02-22.13.13:880][818]LogWindows:Error: KERNEL32.DLL!0x000000003ABD8364
[2017.05.02-22.13.13:880][818]LogWindows:Error: ntdll.dll!0x000000003AEF70D1
[2017.05.02-22.13.13:880][818]LogWindows:Error: ntdll.dll!0x000000003AEF70D1
[2017.05.02-22.13.13:880][818]LogWindows:Error: 
[2017.05.02-22.13.13:897][818]LogExit: Executing StaticShutdownAfterError
[2017.05.02-22.13.13:900][818]LogWindows: FPlatformMisc::RequestExit(1)
[2017.05.02-22.13.13:900][818]Log file closed, 05/02/17 23:13:13
