Log file open, 04/18/17 16:12:03
LogInit:Display: Running engine for game: BattleTank
LogPlatformFile: Not using cached read wrapper
LogInit:Display: RandInit(1202444549) SRandInit(1202444549).
LogTaskGraph: Started task graph with 5 named threads and 8 total threads with 1 sets of task threads.
LogStats: Stats thread started at 0.066253
LogInit: Using libcurl 7.47.1
LogInit:  - built for x86_64-pc-win32
LogInit:  - supports SSL with OpenSSL/1.0.2g
LogInit:  - supports HTTP deflate (compression) using libz 1.2.8
LogInit:  - other features:
LogInit:      CURL_VERSION_SSL
LogInit:      CURL_VERSION_LIBZ
LogInit:      CURL_VERSION_IPV6
LogInit:      CURL_VERSION_ASYNCHDNS
LogInit:      CURL_VERSION_LARGEFILE
LogInit:      CURL_VERSION_IDN
LogInit:  CurlRequestOptions (configurable via config and command line):
LogInit:  - bVerifyPeer = false  - Libcurl will NOT verify peer certificate
LogInit:  - bUseHttpProxy = false  - Libcurl will NOT use HTTP proxy
LogInit:  - bDontReuseConnections = false  - Libcurl will reuse connections
LogInit:  - CertBundlePath = nullptr  - Libcurl will use whatever was configured at build time.
LogInit: Build: ++UE4+Release-4.15-CL-3348071
LogInit: Engine Version: 4.15.1-3348071+++UE4+Release-4.15
LogInit: Compatible Engine Version: 4.15.0-3299760+++UE4+Release-4.15
LogInit: Net CL: 3299760
LogDevObjectVersion: Number of dev versions registered: 14
LogDevObjectVersion:   Dev-Blueprints (B0D832E4-1F89-4F0D-ACCF-7EB736FD4AA2): 8
LogDevObjectVersion:   Dev-Build (E1C64328-A22C-4D53-A36C-8E866417BD8C): 0
LogDevObjectVersion:   Dev-Core (375EC13C-06E4-48FB-B500-84F0262A717E): 2
LogDevObjectVersion:   Dev-Editor (E4B068ED-F494-42E9-A231-DA0B2E46BB41): 14
LogDevObjectVersion:   Dev-Framework (CFFC743F-43B0-4480-9391-14DF171D2073): 22
LogDevObjectVersion:   Dev-Mobile (B02B49B5-BB20-44E9-A304-32B752E40360): 0
LogDevObjectVersion:   Dev-Networking (A4E4105C-59A1-49B5-A7C5-40C4547EDFEE): 0
LogDevObjectVersion:   Dev-Online (39C831C9-5AE6-47DC-9A44-9C173E1C8E7C): 0
LogDevObjectVersion:   Dev-Physics (78F01B33-EBEA-4F98-B9B4-84EACCB95AA2): 0
LogDevObjectVersion:   Dev-Platform (6631380F-2D4D-43E0-8009-CF276956A95A): 0
LogDevObjectVersion:   Dev-Rendering (12F88B9F-8875-4AFC-A67C-D90C383ABD29): 12
LogDevObjectVersion:   Dev-Sequencer (7B5AE74C-D270-4C10-A958-57980B212A5A): 3
LogDevObjectVersion:   Dev-VR (D7296918-1DD6-4BDD-9DE2-64A83CC13884): 0
LogDevObjectVersion:   Dev-LoadTimes (C2A15278-BFE7-4AFE-6C17-90FF531DF755): 1
LogInit: Compiled (64-bit): Mar 15 2017 16:52:47
LogInit: Compiled with Visual C++: 19.00.23026.00
LogInit: Build Configuration: Development
LogInit: Branch Name: ++UE4+Release-4.15
LogInit: Command line: -EpicPortal 
LogInit: Base directory: C:/Program Files/Epic Games/UE_4.15/Engine/Binaries/Win64/
LogInit: Installed Engine Build: 1
LogInit: Presizing for max 8388607 objects, including 0 objects not considered by GC, pre-allocating 0 bytes for permanent pool.
LogInit: Object subsystem initialized
[2017.04.18-15.12.03:962][  0]LogInit: Selected Device Profile: [Windows]
[2017.04.18-15.12.03:962][  0]LogInit: Applying CVar settings loaded from the selected device profile: [Windows]
[2017.04.18-15.12.03:973][  0]LogInit: Computer: DESKTOP-7RIOMGQ
[2017.04.18-15.12.03:973][  0]LogInit: User: Ed
[2017.04.18-15.12.03:973][  0]LogInit: CPU Page size=65536, Cores=4
[2017.04.18-15.12.03:973][  0]LogInit: High frequency timer resolution =3.421878 MHz
[2017.04.18-15.12.03:973][  0]LogMemory: Memory total: Physical=16.0GB (16GB approx)
[2017.04.18-15.12.03:973][  0]LogMemory: Platform Memory Stats for Windows
[2017.04.18-15.12.03:973][  0]LogMemory: Process Physical Memory: 263.64 MB used, 263.64 MB peak
[2017.04.18-15.12.03:973][  0]LogMemory: Process Virtual Memory: 262.44 MB used, 262.44 MB peak
[2017.04.18-15.12.03:973][  0]LogMemory: Physical Memory: 3512.83 MB used,  12828.15 MB free, 16340.98 MB total
[2017.04.18-15.12.03:973][  0]LogMemory: Virtual Memory: 643.96 MB used,  12828.15 MB free, 134217728.00 MB total
[2017.04.18-15.12.04:029][  0]LogTextLocalizationManager: No specific translations for ('en-GB') exist, so ('en') translations will be used.
[2017.04.18-15.12.04:458][  0]LogD3D11RHI: D3D11 adapters:
[2017.04.18-15.12.04:474][  0]LogD3D11RHI:    0. 'Radeon (TM) RX 480 Graphics' (Feature Level 11_0)
[2017.04.18-15.12.04:474][  0]LogD3D11RHI:       8140/0/8170 MB DedicatedVideo/DedicatedSystem/SharedSystem, Outputs:1, VendorId:0x1002
[2017.04.18-15.12.04:475][  0]LogD3D11RHI:    1. 'Microsoft Basic Render Driver' (Feature Level 11_0)
[2017.04.18-15.12.04:475][  0]LogD3D11RHI:       0/0/8170 MB DedicatedVideo/DedicatedSystem/SharedSystem, Outputs:0, VendorId:0x1414
[2017.04.18-15.12.04:475][  0]LogD3D11RHI: Chosen D3D11 Adapter: 0
[2017.04.18-15.12.04:477][  0]LogD3D11RHI: Creating new Direct3DDevice
[2017.04.18-15.12.04:477][  0]LogD3D11RHI:     GPU DeviceId: 0x67df (for the marketing name, search the web for "GPU Device Id")
[2017.04.18-15.12.04:477][  0]LogWindows: EnumDisplayDevices:
[2017.04.18-15.12.04:477][  0]LogWindows:    0. 'Radeon (TM) RX 480 Graphics' (P:1 D:1)
[2017.04.18-15.12.04:478][  0]LogWindows:    1. 'Radeon (TM) RX 480 Graphics' (P:0 D:0)
[2017.04.18-15.12.04:478][  0]LogWindows:    2. 'Radeon (TM) RX 480 Graphics' (P:0 D:0)
[2017.04.18-15.12.04:478][  0]LogWindows:    3. 'Radeon (TM) RX 480 Graphics' (P:0 D:0)
[2017.04.18-15.12.04:478][  0]LogWindows:    4. 'Radeon (TM) RX 480 Graphics' (P:0 D:0)
[2017.04.18-15.12.04:478][  0]LogWindows:    5. 'Radeon (TM) RX 480 Graphics' (P:0 D:0)
[2017.04.18-15.12.04:478][  0]LogWindows: DebugString: FoundDriverCount:6 
[2017.04.18-15.12.04:478][  0]LogD3D11RHI:     Adapter Name: Radeon (TM) RX 480 Graphics
[2017.04.18-15.12.04:478][  0]LogD3D11RHI:   Driver Version: Crimson 16.7.2 (internal:16.200.1035.1001, unified:16.200.1035.1001)
[2017.04.18-15.12.04:478][  0]LogD3D11RHI:      Driver Date: 7-8-2016
[2017.04.18-15.12.04:478][  0]LogRHI: Texture pool is 1361 MB (70% of 1945 MB)
[2017.04.18-15.12.04:922][  0]LogD3D11RHI: Async texture creation enabled
[2017.04.18-15.12.04:932][  0]LogD3D11RHI: GPU Timing Frequency: 25.000000 (Debug: 2 1)
[2017.04.18-15.12.04:932][  0]LogShaderCompilers: Guid format shader working directory is -34 characters bigger than the processId version (../../../../../../Users/Ed/Documents/Unreal Projects/04_BattleTank/BattleTank/Intermediate/Shaders/WorkingDirectory/7732/).
[2017.04.18-15.12.04:932][  0]LogShaderCompilers: Cleaned the shader compiler working directory 'C:/Users/Ed/AppData/Local/Temp/UnrealShaderWorkingDir/04E47B8B4FFE287D12ACF58950965CC5/'.
[2017.04.18-15.12.04:932][  0]LogShaderCompilers:Display: Using Local Shader Compiler.
[2017.04.18-15.12.05:658][  0]LogTemp:Display: Loaded TP AllDesktopTargetPlatform
[2017.04.18-15.12.05:696][  0]LogTemp:Display: Loaded TP MacClientTargetPlatform
[2017.04.18-15.12.05:734][  0]LogTemp:Display: Loaded TP MacNoEditorTargetPlatform
[2017.04.18-15.12.05:773][  0]LogTemp:Display: Loaded TP MacServerTargetPlatform
[2017.04.18-15.12.05:812][  0]LogTemp:Display: Loaded TP MacTargetPlatform
[2017.04.18-15.12.05:854][  0]LogTemp:Display: Loaded TP WindowsClientTargetPlatform
[2017.04.18-15.12.05:895][  0]LogTemp:Display: Loaded TP WindowsNoEditorTargetPlatform
[2017.04.18-15.12.05:937][  0]LogTemp:Display: Loaded TP WindowsServerTargetPlatform
[2017.04.18-15.12.05:971][  0]LogTemp:Display: Loaded TP WindowsTargetPlatform
[2017.04.18-15.12.06:012][  0]LogTemp:Display: Loaded TP AndroidTargetPlatform
[2017.04.18-15.12.06:058][  0]LogTemp:Display: Loaded TP Android_ASTCTargetPlatform
[2017.04.18-15.12.06:101][  0]LogTemp:Display: Loaded TP Android_ATCTargetPlatform
[2017.04.18-15.12.06:143][  0]LogTemp:Display: Loaded TP Android_DXTTargetPlatform
[2017.04.18-15.12.06:185][  0]LogTemp:Display: Loaded TP Android_ETC1TargetPlatform
[2017.04.18-15.12.06:223][  0]LogTemp:Display: Loaded TP Android_ETC2TargetPlatform
[2017.04.18-15.12.06:297][  0]LogTemp:Display: Loaded TP Android_MultiTargetPlatform
[2017.04.18-15.12.06:297][  0]LogTemp:Display: Loaded TP Android_PVRTCTargetPlatform
[2017.04.18-15.12.06:323][  0]LogTemp:Display: Loaded TP HTML5TargetPlatform
[2017.04.18-15.12.06:397][  0]LogTemp:Display: Loaded TP IOSTargetPlatform
[2017.04.18-15.12.06:422][  0]LogTemp:Display: Loaded TP TVOSTargetPlatform
[2017.04.18-15.12.06:459][  0]LogTemp:Display: Loaded TP LinuxClientTargetPlatform
[2017.04.18-15.12.06:497][  0]LogTemp:Display: Loaded TP LinuxNoEditorTargetPlatform
[2017.04.18-15.12.06:534][  0]LogTemp:Display: Loaded TP LinuxServerTargetPlatform
[2017.04.18-15.12.06:573][  0]LogTemp:Display: Loaded TP LinuxTargetPlatform
[2017.04.18-15.12.06:573][  0]LogTargetPlatformManager:Display: Building Assets For Windows
[2017.04.18-15.12.06:868][  0]LogDerivedDataCache:Display: Max Cache Size: 512 MB
[2017.04.18-15.12.06:901][  0]LogDerivedDataCache: Loaded boot cache 0.03s 50MB C:/Users/Ed/AppData/Local/UnrealEngine/4.15/DerivedDataCache/Boot.ddc.
[2017.04.18-15.12.06:902][  0]LogDerivedDataCache:Display: Loaded Boot cache: C:/Users/Ed/AppData/Local/UnrealEngine/4.15/DerivedDataCache/Boot.ddc
[2017.04.18-15.12.06:902][  0]LogDerivedDataCache: FDerivedDataBackendGraph:  Pak pak cache file ../../../../../../Users/Ed/Documents/Unreal Projects/04_BattleTank/BattleTank/DerivedDataCache/DDC.ddp not found, will not use a pak cache.
[2017.04.18-15.12.06:902][  0]LogDerivedDataCache: Unable to find inner node Pak for hierarchical cache Hierarchy.
[2017.04.18-15.12.06:902][  0]LogDerivedDataCache: FDerivedDataBackendGraph:  CompressedPak pak cache file ../../../../../../Users/Ed/Documents/Unreal Projects/04_BattleTank/BattleTank/DerivedDataCache/Compressed.ddp not found, will not use a pak cache.
[2017.04.18-15.12.06:902][  0]LogDerivedDataCache: Unable to find inner node CompressedPak for hierarchical cache Hierarchy.
[2017.04.18-15.12.06:915][  0]LogDerivedDataCache:Display: Pak cache opened for reading ../../../Engine/DerivedDataCache/Compressed.ddp.
[2017.04.18-15.12.06:928][  0]LogDerivedDataCache: Using Local data cache path C:/Users/Ed/AppData/Local/UnrealEngine/Common/DerivedDataCache: Writable
[2017.04.18-15.12.06:934][  0]LogSlate: Using Freetype 2.6.0
[2017.04.18-15.12.06:935][  0]LogSlate: SlateFontCache - WITH_FREETYPE: 1, WITH_HARFBUZZ: 1
[2017.04.18-15.12.06:935][  0]LogSlate: SlateFontCache - WITH_FREETYPE: 1, WITH_HARFBUZZ: 1
[2017.04.18-15.12.07:126][  0]LogInit: Selected Device Profile: [Windows]
[2017.04.18-15.12.07:128][  0]LogContentStreaming: Texture pool size is 0.00 MB
[2017.04.18-15.12.07:294][  0]LogMeshUtilities: Using QuadricMeshReduction for automatic static mesh reduction
[2017.04.18-15.12.07:329][  0]LogSimplygon: Simplygon DLL not present - disabling.
[2017.04.18-15.12.07:366][  0]LogMeshUtilities: Using SimplygonSwarm for distributed automatic mesh merging
[2017.04.18-15.12.07:366][  0]LogMeshUtilities: No automatic skeletal mesh reduction module available
[2017.04.18-15.12.07:366][  0]LogMeshUtilities: No automatic mesh merging module available
[2017.04.18-15.12.07:733][  0]LogNetVersion: GetLocalNetworkVersion: CL: 3299760, ProjectName: battletank, ProjectVersion: , EngineNetworkVersion: 2, GameNetworkVersion: 0, NetworkChecksum: 2512795372
[2017.04.18-15.12.07:771][  0]LogAssetRegistry: FAssetRegistry took 0.0218 seconds to start up
[2017.04.18-15.12.07:804][  0]LogPackageLocalizationCache: Processed 3 localized package path(s) for 2 prioritized culture(s) in 0.018737 seconds
[2017.04.18-15.12.07:808][  0]LogUObjectArray: 32493 objects as part of root set at end of initial load.
[2017.04.18-15.12.07:808][  0]LogUObjectAllocator: 7077024 out of 0 bytes used by permanent object pool.
[2017.04.18-15.12.07:808][  0]LogUObjectArray: CloseDisregardForGC: 0/0 objects in disregard for GC pool
[2017.04.18-15.12.07:852][  0]LogInit: WinSock: version 1.1 (2.2), MaxSocks=32767, MaxUdp=65467
[2017.04.18-15.12.08:950][  0]LogTcpMessaging: Initializing TcpMessaging bridge
[2017.04.18-15.12.08:980][  0]LogUdpMessaging: Initializing bridge on interface 0.0.0.0:0 to multicast group 230.0.0.1:6666.
[2017.04.18-15.12.09:339][  0]LogMaterial: Uniform references updated for custom material expression Custom.
[2017.04.18-15.12.09:599][  0]SourceControl: Info Source control is disabled
[2017.04.18-15.12.09:619][  0]SourceControl: Info Source control is disabled
[2017.04.18-15.12.09:651][  0]SourceControl: Info Source control is disabled
[2017.04.18-15.12.09:682][  0]SourceControl: Info Source control is disabled
[2017.04.18-15.12.10:523][  0]LogEngine: Initializing Engine...
[2017.04.18-15.12.10:524][  0]LogHMD: Failed to initialize OpenVR with code 110
[2017.04.18-15.12.10:687][  0]LogAIModule: Creating AISystem for world Untitled
[2017.04.18-15.12.10:695][  0]LogInit: XAudio2 using '1 - Acer XR341CK (AMD High Definition Audio Device)' : 2 channels at 48 kHz using 16 bits per sample (channel mask 0x3)
[2017.04.18-15.12.10:709][  0]LogInit: FAudioDevice initialized.
[2017.04.18-15.12.10:729][  0]LogDerivedDataCache: Saved boot cache 0.02s 50MB C:/Users/Ed/AppData/Local/UnrealEngine/4.15/DerivedDataCache/Boot.ddc.
[2017.04.18-15.12.10:734][  0]LogInit: Texture streaming: Enabled
[2017.04.18-15.12.10:799][  0]LogEngineSessionManager: EngineSessionManager initialized
[2017.04.18-15.12.10:861][  0]LogInit: Transaction tracking system initialized
[2017.04.18-15.12.11:098][  0]BlueprintLog: New page: Editor Load
[2017.04.18-15.12.11:740][  0]LocalizationService: Info Localization service is disabled
[2017.04.18-15.12.12:211][  0]LogConsoleResponse:Display: 
[2017.04.18-15.12.12:300][  0]LogCook:Display: Max memory allowance for cook 16384mb min free memory 0mb
[2017.04.18-15.12.12:300][  0]LogCook:Display: Mobile HDR setting 1
[2017.04.18-15.12.12:601][  0]LogFileCache: Scanning file cache for directory 'C:/Users/Ed/Documents/Unreal Projects/04_BattleTank/BattleTank/Content/' took 0.01s
[2017.04.18-15.12.12:980][  0]SourceControl: Info Source control is disabled
[2017.04.18-15.12.12:980][  0]Cmd: MAP LOAD FILE="../../../../../../Users/Ed/Documents/Unreal Projects/04_BattleTank/BattleTank/Content/Levels/BattleGround.umap" TEMPLATE=0 SHOWPROGRESS=1 FEATURELEVEL=3
[2017.04.18-15.12.12:981][  0]LightingResults: New page: Lighting Build
[2017.04.18-15.12.13:007][  0]MapCheck: New page: Map Check
[2017.04.18-15.12.13:007][  0]LightingResults: New page: Lighting Build
[2017.04.18-15.12.13:146][  0]LogStaticMesh: Building static mesh tank_fbx_Turret...
[2017.04.18-15.12.13:161][  0]LogStaticMesh: Built static mesh [0.02s] /Game/Tank/tank_fbx_Turret.tank_fbx_Turret
[2017.04.18-15.12.13:166][  0]LogStaticMesh: Building static mesh tank_fbx_Track...
[2017.04.18-15.12.13:519][  0]LogStaticMesh: Built static mesh [0.35s] /Game/Tank/tank_fbx_Track.tank_fbx_Track
[2017.04.18-15.12.13:543][  0]LogStaticMesh: Building static mesh tank_fbx_Body...
[2017.04.18-15.12.14:093][  0]LogStaticMesh: Built static mesh [0.55s] /Game/Tank/tank_fbx_Body.tank_fbx_Body
[2017.04.18-15.12.14:099][  0]LogTexture:Display: Building textures: HQ_Lightmap1_1 (AutoDXT, 512X512) - 45 MB total VRAM
[2017.04.18-15.12.14:196][  0]LogTexture:Display: Building textures: LQ_Lightmap_1_1 (DXT1, 512X512) - 45 MB total VRAM
[2017.04.18-15.12.14:284][  0]LogTexture:Display: Building textures: ShadowMapTexture2D_1 (BGRA8, 1024X64) - 45 MB total VRAM
[2017.04.18-15.12.14:291][  0]LogStaticMesh: Building static mesh tank_fbx_Barrel...
[2017.04.18-15.12.14:300][  0]LogStaticMesh: Built static mesh [0.01s] /Game/Tank/tank_fbx_Barrel.tank_fbx_Barrel
[2017.04.18-15.12.14:326][  0]LogTexture:Display: Building textures: Texture2D_5 (BGRA8, 16X16) - 46 MB total VRAM
[2017.04.18-15.12.14:326][  0]LogTexture:Display: Building textures: Texture2D_17 (BGRA8, 16X16) - 46 MB total VRAM
[2017.04.18-15.12.14:326][  0]LogTexture:Display: Building textures: Texture2D_9 (BGRA8, 16X16) - 46 MB total VRAM
[2017.04.18-15.12.14:326][  0]LogTexture:Display: Building textures: Texture2D_51 (BGRA8, 16X16) - 46 MB total VRAM
[2017.04.18-15.12.14:326][  0]LogTexture:Display: Building textures: Texture2D_41 (BGRA8, 16X16) - 46 MB total VRAM
[2017.04.18-15.12.14:326][  0]LogTexture:Display: Building textures: Texture2D_63 (BGRA8, 16X16) - 46 MB total VRAM
[2017.04.18-15.12.14:326][  0]LogTexture:Display: Building textures: Texture2D_23 (BGRA8, 16X16) - 46 MB total VRAM
[2017.04.18-15.12.14:327][  0]LogTexture:Display: Building textures: Texture2D_61 (BGRA8, 16X16) - 46 MB total VRAM
[2017.04.18-15.12.14:327][  0]LogTexture:Display: Building textures: Texture2D_55 (BGRA8, 16X16) - 46 MB total VRAM
[2017.04.18-15.12.14:327][  0]LogTexture:Display: Building textures: Texture2D_31 (BGRA8, 16X16) - 46 MB total VRAM
[2017.04.18-15.12.14:327][  0]LogTexture:Display: Building textures: Texture2D_35 (BGRA8, 16X16) - 46 MB total VRAM
[2017.04.18-15.12.14:327][  0]LogTexture:Display: Building textures: Texture2D_39 (BGRA8, 16X16) - 46 MB total VRAM
[2017.04.18-15.12.14:327][  0]LogTexture:Display: Building textures: Texture2D_43 (BGRA8, 16X16) - 46 MB total VRAM
[2017.04.18-15.12.14:327][  0]LogTexture:Display: Building textures: Texture2D_57 (BGRA8, 16X16) - 46 MB total VRAM
[2017.04.18-15.12.14:327][  0]LogTexture:Display: Building textures: Texture2D_59 (BGRA8, 16X16) - 46 MB total VRAM
[2017.04.18-15.12.14:328][  0]LogTexture:Display: Building textures: Texture2D_83 (BGRA8, 16X16) - 46 MB total VRAM
[2017.04.18-15.12.14:328][  0]LogTexture:Display: Building textures: Texture2D_77 (BGRA8, 16X16) - 46 MB total VRAM
[2017.04.18-15.12.14:328][  0]LogTexture:Display: Building textures: Texture2D_69 (BGRA8, 16X16) - 46 MB total VRAM
[2017.04.18-15.12.14:328][  0]LogTexture:Display: Building textures: Texture2D_93 (BGRA8, 16X16) - 46 MB total VRAM
[2017.04.18-15.12.14:328][  0]LogTexture:Display: Building textures: Texture2D_91 (BGRA8, 16X16) - 46 MB total VRAM
[2017.04.18-15.12.14:328][  0]LogTexture:Display: Building textures: Texture2D_85 (BGRA8, 16X16) - 46 MB total VRAM
[2017.04.18-15.12.14:328][  0]LogTexture:Display: Building textures: Texture2D_81 (BGRA8, 16X16) - 46 MB total VRAM
[2017.04.18-15.12.14:328][  0]LogTexture:Display: Building textures: Texture2D_89 (BGRA8, 16X16) - 46 MB total VRAM
[2017.04.18-15.12.14:328][  0]LogTexture:Display: Building textures: Texture2D_97 (BGRA8, 16X16) - 46 MB total VRAM
[2017.04.18-15.12.14:331][  0]LogMaterial: Missing cached shader map for material Landscape_material_BP, compiling. 
[2017.04.18-15.12.14:331][  0]LogTemp:Display: Added material ShaderMap 0x000001BA779EA080 with Material 0x000001BA756CAC80 to ShaderMapsBeingCompiled
[2017.04.18-15.12.14:359][  0]LogTemp:Display: Kicking off shader compilation for Landscape_material_BP, GameThreadShaderMap 0x000001BA779EA080
[2017.04.18-15.12.14:361][  0]LogMaterial: Missing cached shader map for material Landscape_material_BP, compiling. 
[2017.04.18-15.12.14:362][  0]LogTemp:Display: Added material ShaderMap 0x000001BA78998B80 with Material 0x000001BA77E39180 to ShaderMapsBeingCompiled
[2017.04.18-15.12.14:388][  0]LogTemp:Display: Kicking off shader compilation for Landscape_material_BP, GameThreadShaderMap 0x000001BA78998B80
[2017.04.18-15.12.14:389][  0]LogTexture:Display: Building textures: Texture2D_96 (BGRA8, 128X128) - 46 MB total VRAM
[2017.04.18-15.12.14:392][  0]LogMaterial: Missing cached shader map for material Landscape_material_BP, compiling. 
[2017.04.18-15.12.14:393][  0]LogTemp:Display: Added material ShaderMap 0x000001BA7BEBF580 with Material 0x000001BA77E3A800 to ShaderMapsBeingCompiled
[2017.04.18-15.12.14:418][  0]LogTemp:Display: Kicking off shader compilation for Landscape_material_BP, GameThreadShaderMap 0x000001BA7BEBF580
[2017.04.18-15.12.14:420][  0]LogMaterial: Missing cached shader map for material Landscape_material_BP, compiling. 
[2017.04.18-15.12.14:420][  0]LogTemp:Display: Added material ShaderMap 0x000001BA7B11A400 with Material 0x000001BA7B0EB880 to ShaderMapsBeingCompiled
[2017.04.18-15.12.14:446][  0]LogTemp:Display: Kicking off shader compilation for Landscape_material_BP, GameThreadShaderMap 0x000001BA7B11A400
[2017.04.18-15.12.14:470][  0]LogAIModule: Creating AISystem for world BattleGround
[2017.04.18-15.12.14:526][  0]LogEditorServer: Finished looking for orphan Actors (0.000 secs)
[2017.04.18-15.12.14:526][  0]Cmd: MAP CHECKDEP NOCLEARLOG
[2017.04.18-15.12.14:563][  0]MapCheck: Info Map check complete: 0 Error(s), 0 Warning(s), took 36.385ms to complete.
[2017.04.18-15.12.14:563][  0]LogFileHelpers: Loading map 'BattleGround' took 1.583
[2017.04.18-15.12.14:623][  0]LogWindowsTextInputMethodSystem:Display: IME system now deactivated.
[2017.04.18-15.12.14:784][  0]LogCollectionManager: Loaded 1 collections in 0.003081 seconds
[2017.04.18-15.12.14:869][  0]LogFileCache: Scanning file cache for directory 'C:/Users/Ed/Documents/Unreal Projects/04_BattleTank/BattleTank/Saved/Collections/' took 0.01s
[2017.04.18-15.12.14:869][  0]LogFileCache: Scanning file cache for directory 'C:/Users/Ed/Documents/Unreal Projects/04_BattleTank/BattleTank/Content/Developers/Ed/Collections/' took 0.01s
[2017.04.18-15.12.14:869][  0]LogFileCache: Scanning file cache for directory 'C:/Users/Ed/Documents/Unreal Projects/04_BattleTank/BattleTank/Content/Collections/' took 0.01s
[2017.04.18-15.12.14:869][  0]LogCollectionManager: Rebuilt the GUID cache for 1 collections in 0.000003 seconds
[2017.04.18-15.12.14:869][  0]LogCollectionManager: Rebuilt the hierarchy cache for 1 collections in 0.000000 seconds
[2017.04.18-15.12.14:878][  0]LogContentBrowser: Native class hierarchy populated in 0.0074 seconds. Added 2246 classes and 455 folders.
[2017.04.18-15.12.14:883][  0]LogStats: UGameplayTagsManager::ConstructGameplayTagTree: Construct from data asset -  0.000 s
[2017.04.18-15.12.14:883][  0]LogStats: UGameplayTagsManager::ConstructGameplayTagTree: GameplayTagTreeChangedEvent.Broadcast -  0.000 s
[2017.04.18-15.12.14:936][  0]LogContentBrowser: Native class hierarchy updated for 'WidgetCarousel' in 0.0009 seconds. Added 0 classes and 0 folders.
[2017.04.18-15.12.15:188][  0]LogContentBrowser: Native class hierarchy updated for 'AddContentDialog' in 0.0010 seconds. Added 0 classes and 0 folders.
[2017.04.18-15.12.15:228][  0]LogContentBrowser: Native class hierarchy updated for 'SceneOutliner' in 0.0011 seconds. Added 1 classes and 2 folders.
[2017.04.18-15.12.15:256][  0]LogCrashTracker: Crashtracker disabled due to settings.
[2017.04.18-15.12.15:263][  0]LogUObjectGlobals:Warning: Failed to find object 'Class None.'
[2017.04.18-15.12.15:318][  0]LogContentBrowser: Native class hierarchy updated for 'HierarchicalLODOutliner' in 0.0010 seconds. Added 1 classes and 2 folders.
[2017.04.18-15.12.15:318][  0]LogLoad: (Engine Initialization) Total time: 12.77 seconds
[2017.04.18-15.12.15:318][  0]LogLoad: (Engine Initialization) Total Blueprint compile time: 0.08 seconds
[2017.04.18-15.12.15:318][  0]LogExternalProfiler: No external profilers were discovered.  External profiling features will not be available.
[2017.04.18-15.12.15:327][  0]LogOcInput: OculusInput pre-init called
[2017.04.18-15.12.15:340][  0]LogAssetRegistry: Asset discovery search completed in 7.5915 seconds
[2017.04.18-15.12.15:341][  0]LogCollectionManager: Rebuilt the object cache for 1 collections in 0.000003 seconds (found 0 objects)
[2017.04.18-15.12.15:341][  0]LogCollectionManager: Fixed up redirectors for 1 collections in 0.000016 seconds (updated 0 objects)
[2017.04.18-15.12.15:346][  0]LogContentStreaming: Texture pool size now 1000 MB
[2017.04.18-15.12.15:352][  0]LogSlate: Took 0.000165 seconds to synchronously load lazily loaded font '../../../Engine/Content/Slate/Fonts/Roboto-Regular.ttf' (155K)
[2017.04.18-15.12.15:355][  0]LogSlate: Took 0.000115 seconds to synchronously load lazily loaded font '../../../Engine/Content/Slate/Fonts/Roboto-Bold.ttf' (160K)
[2017.04.18-15.12.15:363][  0]LogSlate: Took 0.003679 seconds to synchronously load lazily loaded font '../../../Engine/Content/Editor/Slate/Fonts/FontAwesome.ttf' (139K)
[2017.04.18-15.12.15:509][  0]LogRenderer: Reallocating scene render targets to support 1672x872 NumSamples 1 (Frame:2).
[2017.04.18-15.12.17:162][163]LogTemp:Display: Finished compile of shader map 0x000001BA779EA080
[2017.04.18-15.12.17:162][163]LogTemp:Display: Shader map Landscape_material_BP complete, GameThreadShaderMap 0x000001BA779EA080, marking material Landscape_material_BP as finished
[2017.04.18-15.12.17:162][163]LogTemp:Display: Marking material as finished 0x000001BA756CAC80
[2017.04.18-15.12.21:237][629]LogTemp:Display: Finished compile of shader map 0x000001BA78998B80
[2017.04.18-15.12.21:237][629]LogTemp:Display: Shader map Landscape_material_BP complete, GameThreadShaderMap 0x000001BA78998B80, marking material Landscape_material_BP as finished
[2017.04.18-15.12.21:237][629]LogTemp:Display: Marking material as finished 0x000001BA77E39180
[2017.04.18-15.12.24:339][982]LogTemp:Display: Finished compile of shader map 0x000001BA7BEBF580
[2017.04.18-15.12.24:339][982]LogTemp:Display: Shader map Landscape_material_BP complete, GameThreadShaderMap 0x000001BA7BEBF580, marking material Landscape_material_BP as finished
[2017.04.18-15.12.24:339][982]LogTemp:Display: Marking material as finished 0x000001BA77E3A800
[2017.04.18-15.12.27:636][366]LogTemp:Display: Finished compile of shader map 0x000001BA7B11A400
[2017.04.18-15.12.27:636][366]LogTemp:Display: Shader map Landscape_material_BP complete, GameThreadShaderMap 0x000001BA7B11A400, marking material Landscape_material_BP as finished
[2017.04.18-15.12.27:636][366]LogTemp:Display: Marking material as finished 0x000001BA7B0EB880
[2017.04.18-15.12.30:274][682]LogTemp: Repeting last play command: New Editor Window (PIE)
[2017.04.18-15.12.30:286][682]LogBlueprintUserMessages: Early PlayInEditor Detection: Level '/Game/Levels/BattleGround.BattleGround:PersistentLevel' has LevelScriptBlueprint '/Game/Levels/BattleGround.BattleGround:PersistentLevel.BattleGround' with GeneratedClass '/Game/Levels/BattleGround.BattleGround_C' with ClassGeneratedBy '/Game/Levels/BattleGround.BattleGround:PersistentLevel.BattleGround'
[2017.04.18-15.12.30:286][682]LogPlayLevel: PlayLevel: No blueprints needed recompiling
[2017.04.18-15.12.30:288][682]PIE: New page: PIE session: BattleGround (18 Apr 2017 17:12:30)
[2017.04.18-15.12.30:289][682]LogPlayLevel: Creating play world package: /Game/Levels/UEDPIE_0_BattleGround
[2017.04.18-15.12.30:296][682]LogPlayLevel: PIE: StaticDuplicateObject took: (0.006307s)
[2017.04.18-15.12.30:296][682]LogAIModule: Creating AISystem for world BattleGround
[2017.04.18-15.12.30:296][682]LogPlayLevel: PIE: World Init took: (0.000512s)
[2017.04.18-15.12.30:296][682]LogPlayLevel: PIE: Created PIE world by copying editor world from /Game/Levels/BattleGround.BattleGround to /Game/Levels/UEDPIE_0_BattleGround.BattleGround (0.008385s)
[2017.04.18-15.12.30:310][682]LogInit: XAudio2 using '1 - Acer XR341CK (AMD High Definition Audio Device)' : 2 channels at 48 kHz using 16 bits per sample (channel mask 0x3)
[2017.04.18-15.12.30:315][682]LogInit: FAudioDevice initialized.
[2017.04.18-15.12.30:368][682]LogLoad: Game class is 'BattleTankGameMode_BP_C'
[2017.04.18-15.12.30:372][682]LogWorld: Bringing World /Game/Levels/UEDPIE_0_BattleGround.BattleGround up for play (max tick rate 0) at 2017.04.18-16.12.30
[2017.04.18-15.12.30:373][682]LogWorld: Bringing up level for play took: 0.003130
[2017.04.18-15.12.30:405][682]LogContentBrowser: Native class hierarchy updated for 'MovieSceneCapture' in 0.0009 seconds. Added 11 classes and 0 folders.
[2017.04.18-15.12.30:411][682]PIE: Info Play in editor start time for /Game/Levels/UEDPIE_0_BattleGround -0.76
[2017.04.18-15.12.30:412][682]LogBlueprintUserMessages: Late PlayInEditor Detection: Level '/Game/Levels/BattleGround.BattleGround:PersistentLevel' has LevelScriptBlueprint '/Game/Levels/BattleGround.BattleGround:PersistentLevel.BattleGround' with GeneratedClass '/Game/Levels/BattleGround.BattleGround_C' with ClassGeneratedBy '/Game/Levels/BattleGround.BattleGround:PersistentLevel.BattleGround'
[2017.04.18-15.12.31:877][850]LogBlueprintUserMessages: Early EndPlayMap Detection: Level '/Game/Levels/BattleGround.BattleGround:PersistentLevel' has LevelScriptBlueprint '/Game/Levels/BattleGround.BattleGround:PersistentLevel.BattleGround' with GeneratedClass '/Game/Levels/BattleGround.BattleGround_C' with ClassGeneratedBy '/Game/Levels/BattleGround.BattleGround:PersistentLevel.BattleGround'
[2017.04.18-15.12.31:917][850]LogBlueprintUserMessages: Late EndPlayMap Detection: Level '/Game/Levels/BattleGround.BattleGround:PersistentLevel' has LevelScriptBlueprint '/Game/Levels/BattleGround.BattleGround:PersistentLevel.BattleGround' with GeneratedClass '/Game/Levels/BattleGround.BattleGround_C' with ClassGeneratedBy '/Game/Levels/BattleGround.BattleGround:PersistentLevel.BattleGround'
[2017.04.18-15.12.36:627][403]LogSlate: Took 0.003100 seconds to synchronously load lazily loaded font '../../../Engine/Content/Slate/Fonts/Roboto-Light.ttf' (159K)
[2017.04.18-15.12.36:934][403]LogTexture:Display: Building textures: TankMenuBG (AutoDXT, 3696X2456) - 84 MB total VRAM
[2017.04.18-15.12.42:218][403]LogAIModule: Creating AISystem for world MainMenu
[2017.04.18-15.12.42:224][403]LogSlate: Took 0.000115 seconds to synchronously load lazily loaded font '../../../Engine/Content/Slate/Fonts/Roboto-Regular.ttf' (155K)
[2017.04.18-15.12.44:019][615]Cmd: MAP LOAD FILE="../../../../../../Users/Ed/Documents/Unreal Projects/04_BattleTank/BattleTank/Content/Levels/MainMenu.umap" TEMPLATE=0 SHOWPROGRESS=1 FEATURELEVEL=3
[2017.04.18-15.12.44:019][615]LightingResults: New page: Lighting Build
[2017.04.18-15.12.44:020][615]LoadErrors: New page: Loading map: MainMenu.umap
[2017.04.18-15.12.44:020][615]MapCheck: New page: Map Check
[2017.04.18-15.12.44:020][615]LightingResults: New page: Lighting Build
[2017.04.18-15.12.44:030][615]LogEditorServer: Finished looking for orphan Actors (0.000 secs)
[2017.04.18-15.12.44:050][615]Cmd: MAP CHECKDEP NOCLEARLOG
[2017.04.18-15.12.44:077][615]MapCheck: Info Map check complete: 0 Error(s), 0 Warning(s), took 27.226ms to complete.
[2017.04.18-15.12.44:077][615]LogFileHelpers: Loading map 'MainMenu' took 0.060
[2017.04.18-15.12.46:119][856]LogTemp: Repeting last play command: New Editor Window (PIE)
[2017.04.18-15.12.46:132][856]LogBlueprintUserMessages: Early PlayInEditor Detection: Level '/Game/Levels/MainMenu.MainMenu:PersistentLevel' has LevelScriptBlueprint '/Game/Levels/MainMenu.MainMenu:PersistentLevel.MainMenu' with GeneratedClass '/Game/Levels/MainMenu.MainMenu_C' with ClassGeneratedBy '/Game/Levels/MainMenu.MainMenu:PersistentLevel.MainMenu'
[2017.04.18-15.12.46:132][856]LogPlayLevel: PlayLevel: No blueprints needed recompiling
[2017.04.18-15.12.46:132][856]PIE: New page: PIE session: MainMenu (18 Apr 2017 17:12:46)
[2017.04.18-15.12.46:132][856]LogPlayLevel: Creating play world package: /Game/Levels/UEDPIE_0_MainMenu
[2017.04.18-15.12.46:133][856]LogPlayLevel: PIE: StaticDuplicateObject took: (0.000700s)
[2017.04.18-15.12.46:133][856]LogAIModule: Creating AISystem for world MainMenu
[2017.04.18-15.12.46:133][856]LogPlayLevel: PIE: World Init took: (0.000532s)
[2017.04.18-15.12.46:133][856]LogPlayLevel: PIE: Created PIE world by copying editor world from /Game/Levels/MainMenu.MainMenu to /Game/Levels/UEDPIE_0_MainMenu.MainMenu (0.001432s)
[2017.04.18-15.12.46:151][856]LogInit: XAudio2 using '1 - Acer XR341CK (AMD High Definition Audio Device)' : 2 channels at 48 kHz using 16 bits per sample (channel mask 0x3)
[2017.04.18-15.12.46:156][856]LogInit: FAudioDevice initialized.
[2017.04.18-15.12.46:194][856]LogLoad: Game class is 'GameModeBase'
[2017.04.18-15.12.46:195][856]LogWorld: Bringing World /Game/Levels/UEDPIE_0_MainMenu.MainMenu up for play (max tick rate 0) at 2017.04.18-16.12.46
[2017.04.18-15.12.46:195][856]LogWorld: Bringing up level for play took: 0.000631
[2017.04.18-15.12.46:199][856]PIE: Info Play in editor start time for /Game/Levels/UEDPIE_0_MainMenu 1.027
[2017.04.18-15.12.46:199][856]LogBlueprintUserMessages: Late PlayInEditor Detection: Level '/Game/Levels/MainMenu.MainMenu:PersistentLevel' has LevelScriptBlueprint '/Game/Levels/MainMenu.MainMenu:PersistentLevel.MainMenu' with GeneratedClass '/Game/Levels/MainMenu.MainMenu_C' with ClassGeneratedBy '/Game/Levels/MainMenu.MainMenu:PersistentLevel.MainMenu'
[2017.04.18-15.12.52:357][585]LogNet: Browse: /Game/Levels/BattleGround
[2017.04.18-15.12.52:357][585]LogLoad: LoadMap: /Game/Levels/BattleGround
[2017.04.18-15.12.52:364][585]Cmd: MEM
[2017.04.18-15.12.52:371][585]LogMemory: Platform Memory Stats for Windows
[2017.04.18-15.12.52:371][585]LogMemory: Process Physical Memory: 1153.37 MB used, 1369.57 MB peak
[2017.04.18-15.12.52:371][585]LogMemory: Process Virtual Memory: 1562.60 MB used, 1727.65 MB peak
[2017.04.18-15.12.52:371][585]LogMemory: Physical Memory: 3916.36 MB used,  12424.62 MB free, 16340.98 MB total
[2017.04.18-15.12.52:371][585]LogMemory: Virtual Memory: 2542.04 MB used,  12424.62 MB free, 134217728.00 MB total
[2017.04.18-15.12.52:371][585]LogMemory: 
[2017.04.18-15.12.52:371][585]Allocator Stats for TBB: (not implemented)
[2017.04.18-15.12.52:537][585]LogAIModule: Creating AISystem for world BattleGround
[2017.04.18-15.12.52:538][585]LogLoad: Game class is 'BattleTankGameMode_BP_C'
[2017.04.18-15.12.52:543][585]LogWorld: Bringing World /Game/Levels/UEDPIE_0_BattleGround.BattleGround up for play (max tick rate 0) at 2017.04.18-16.12.52
[2017.04.18-15.12.52:543][585]LogWorld: Bringing up level for play took: 0.005187
[2017.04.18-15.12.52:545][585]LogLoad: Took 0.187339 seconds to LoadMap(/Game/Levels/BattleGround)
[2017.04.18-15.13.14:346][199]LogBlueprintUserMessages: Early EndPlayMap Detection: Level '/Game/Levels/MainMenu.MainMenu:PersistentLevel' has LevelScriptBlueprint '/Game/Levels/MainMenu.MainMenu:PersistentLevel.MainMenu' with GeneratedClass '/Game/Levels/MainMenu.MainMenu_C' with ClassGeneratedBy '/Game/Levels/MainMenu.MainMenu:PersistentLevel.MainMenu'
[2017.04.18-15.13.14:386][199]LogBlueprintUserMessages: Late EndPlayMap Detection: Level '/Game/Levels/MainMenu.MainMenu:PersistentLevel' has LevelScriptBlueprint '/Game/Levels/MainMenu.MainMenu:PersistentLevel.MainMenu' with GeneratedClass '/Game/Levels/MainMenu.MainMenu_C' with ClassGeneratedBy '/Game/Levels/MainMenu.MainMenu:PersistentLevel.MainMenu'
[2017.04.18-15.13.15:685][354]LogTemp: Repeting last play command: New Editor Window (PIE)
[2017.04.18-15.13.15:696][354]LogBlueprintUserMessages: Early PlayInEditor Detection: Level '/Game/Levels/MainMenu.MainMenu:PersistentLevel' has LevelScriptBlueprint '/Game/Levels/MainMenu.MainMenu:PersistentLevel.MainMenu' with GeneratedClass '/Game/Levels/MainMenu.MainMenu_C' with ClassGeneratedBy '/Game/Levels/MainMenu.MainMenu:PersistentLevel.MainMenu'
[2017.04.18-15.13.15:696][354]LogPlayLevel: PlayLevel: No blueprints needed recompiling
[2017.04.18-15.13.15:696][354]PIE: New page: PIE session: MainMenu (18 Apr 2017 17:13:15)
[2017.04.18-15.13.15:697][354]LogPlayLevel: Creating play world package: /Game/Levels/UEDPIE_0_MainMenu
[2017.04.18-15.13.15:697][354]LogPlayLevel: PIE: StaticDuplicateObject took: (0.000689s)
[2017.04.18-15.13.15:698][354]LogAIModule: Creating AISystem for world MainMenu
[2017.04.18-15.13.15:698][354]LogPlayLevel: PIE: World Init took: (0.000444s)
[2017.04.18-15.13.15:698][354]LogPlayLevel: PIE: Created PIE world by copying editor world from /Game/Levels/MainMenu.MainMenu to /Game/Levels/UEDPIE_0_MainMenu.MainMenu (0.001269s)
[2017.04.18-15.13.15:715][354]LogInit: XAudio2 using '1 - Acer XR341CK (AMD High Definition Audio Device)' : 2 channels at 48 kHz using 16 bits per sample (channel mask 0x3)
[2017.04.18-15.13.15:723][354]LogInit: FAudioDevice initialized.
[2017.04.18-15.13.15:803][354]LogLoad: Game class is 'GameModeBase'
[2017.04.18-15.13.15:804][354]LogWorld: Bringing World /Game/Levels/UEDPIE_0_MainMenu.MainMenu up for play (max tick rate 0) at 2017.04.18-16.13.15
[2017.04.18-15.13.15:804][354]LogWorld: Bringing up level for play took: 0.000577
[2017.04.18-15.13.15:807][354]PIE: Info Play in editor start time for /Game/Levels/UEDPIE_0_MainMenu 0.636
[2017.04.18-15.13.15:807][354]LogBlueprintUserMessages: Late PlayInEditor Detection: Level '/Game/Levels/MainMenu.MainMenu:PersistentLevel' has LevelScriptBlueprint '/Game/Levels/MainMenu.MainMenu:PersistentLevel.MainMenu' with GeneratedClass '/Game/Levels/MainMenu.MainMenu_C' with ClassGeneratedBy '/Game/Levels/MainMenu.MainMenu:PersistentLevel.MainMenu'
[2017.04.18-15.13.16:638][448]LogNet: Browse: /Game/Levels/BattleGround
[2017.04.18-15.13.16:638][448]LogLoad: LoadMap: /Game/Levels/BattleGround
[2017.04.18-15.13.16:644][448]Cmd: MEM
[2017.04.18-15.13.16:651][448]LogMemory: Platform Memory Stats for Windows
[2017.04.18-15.13.16:651][448]LogMemory: Process Physical Memory: 1222.84 MB used, 1369.57 MB peak
[2017.04.18-15.13.16:651][448]LogMemory: Process Virtual Memory: 1643.40 MB used, 1727.65 MB peak
[2017.04.18-15.13.16:651][448]LogMemory: Physical Memory: 3938.24 MB used,  12402.74 MB free, 16340.98 MB total
[2017.04.18-15.13.16:651][448]LogMemory: Virtual Memory: 2578.22 MB used,  12402.74 MB free, 134217728.00 MB total
[2017.04.18-15.13.16:651][448]LogMemory: 
[2017.04.18-15.13.16:651][448]Allocator Stats for TBB: (not implemented)
[2017.04.18-15.13.16:705][448]LogAIModule: Creating AISystem for world BattleGround
[2017.04.18-15.13.16:705][448]LogLoad: Game class is 'BattleTankGameMode_BP_C'
[2017.04.18-15.13.16:711][448]LogWorld: Bringing World /Game/Levels/UEDPIE_0_BattleGround.BattleGround up for play (max tick rate 0) at 2017.04.18-16.13.16
[2017.04.18-15.13.16:711][448]LogWorld: Bringing up level for play took: 0.005323
[2017.04.18-15.13.16:713][448]LogLoad: Took 0.074997 seconds to LoadMap(/Game/Levels/BattleGround)
[2017.04.18-15.13.24:551][385]LogBlueprintUserMessages: Early EndPlayMap Detection: Level '/Game/Levels/MainMenu.MainMenu:PersistentLevel' has LevelScriptBlueprint '/Game/Levels/MainMenu.MainMenu:PersistentLevel.MainMenu' with GeneratedClass '/Game/Levels/MainMenu.MainMenu_C' with ClassGeneratedBy '/Game/Levels/MainMenu.MainMenu:PersistentLevel.MainMenu'
[2017.04.18-15.13.24:590][385]LogBlueprintUserMessages: Late EndPlayMap Detection: Level '/Game/Levels/MainMenu.MainMenu:PersistentLevel' has LevelScriptBlueprint '/Game/Levels/MainMenu.MainMenu:PersistentLevel.MainMenu' with GeneratedClass '/Game/Levels/MainMenu.MainMenu_C' with ClassGeneratedBy '/Game/Levels/MainMenu.MainMenu:PersistentLevel.MainMenu'
[2017.04.18-15.13.36:537][817]LogTemp: Repeting last play command: New Editor Window (PIE)
[2017.04.18-15.13.36:548][817]LogBlueprintUserMessages: Early PlayInEditor Detection: Level '/Game/Levels/MainMenu.MainMenu:PersistentLevel' has LevelScriptBlueprint '/Game/Levels/MainMenu.MainMenu:PersistentLevel.MainMenu' with GeneratedClass '/Game/Levels/MainMenu.MainMenu_C' with ClassGeneratedBy '/Game/Levels/MainMenu.MainMenu:PersistentLevel.MainMenu'
[2017.04.18-15.13.36:548][817]LogPlayLevel: PlayLevel: No blueprints needed recompiling
[2017.04.18-15.13.36:548][817]PIE: New page: PIE session: MainMenu (18 Apr 2017 17:13:36)
[2017.04.18-15.13.36:548][817]LogPlayLevel: Creating play world package: /Game/Levels/UEDPIE_0_MainMenu
[2017.04.18-15.13.36:549][817]LogPlayLevel: PIE: StaticDuplicateObject took: (0.000652s)
[2017.04.18-15.13.36:549][817]LogAIModule: Creating AISystem for world MainMenu
[2017.04.18-15.13.36:549][817]LogPlayLevel: PIE: World Init took: (0.000520s)
[2017.04.18-15.13.36:549][817]LogPlayLevel: PIE: Created PIE world by copying editor world from /Game/Levels/MainMenu.MainMenu to /Game/Levels/UEDPIE_0_MainMenu.MainMenu (0.001360s)
[2017.04.18-15.13.36:560][817]LogInit: XAudio2 using '1 - Acer XR341CK (AMD High Definition Audio Device)' : 2 channels at 48 kHz using 16 bits per sample (channel mask 0x3)
[2017.04.18-15.13.36:565][817]LogInit: FAudioDevice initialized.
[2017.04.18-15.13.36:606][817]LogLoad: Game class is 'GameModeBase'
[2017.04.18-15.13.36:607][817]LogWorld: Bringing World /Game/Levels/UEDPIE_0_MainMenu.MainMenu up for play (max tick rate 0) at 2017.04.18-16.13.36
[2017.04.18-15.13.36:607][817]LogWorld: Bringing up level for play took: 0.000530
[2017.04.18-15.13.36:611][817]PIE: Info Play in editor start time for /Game/Levels/UEDPIE_0_MainMenu -0.561
[2017.04.18-15.13.36:611][817]LogBlueprintUserMessages: Late PlayInEditor Detection: Level '/Game/Levels/MainMenu.MainMenu:PersistentLevel' has LevelScriptBlueprint '/Game/Levels/MainMenu.MainMenu:PersistentLevel.MainMenu' with GeneratedClass '/Game/Levels/MainMenu.MainMenu_C' with ClassGeneratedBy '/Game/Levels/MainMenu.MainMenu:PersistentLevel.MainMenu'
[2017.04.18-15.13.40:617][292]LogNet: Browse: /Game/Levels/BattleGround
[2017.04.18-15.13.40:617][292]LogLoad: LoadMap: /Game/Levels/BattleGround
[2017.04.18-15.13.40:624][292]Cmd: MEM
[2017.04.18-15.13.40:630][292]LogMemory: Platform Memory Stats for Windows
[2017.04.18-15.13.40:630][292]LogMemory: Process Physical Memory: 1187.38 MB used, 1369.57 MB peak
[2017.04.18-15.13.40:630][292]LogMemory: Process Virtual Memory: 1627.27 MB used, 1727.65 MB peak
[2017.04.18-15.13.40:630][292]LogMemory: Physical Memory: 3893.75 MB used,  12447.23 MB free, 16340.98 MB total
[2017.04.18-15.13.40:630][292]LogMemory: Virtual Memory: 2578.22 MB used,  12447.23 MB free, 134217728.00 MB total
[2017.04.18-15.13.40:630][292]LogMemory: 
[2017.04.18-15.13.40:630][292]Allocator Stats for TBB: (not implemented)
[2017.04.18-15.13.40:684][292]LogAIModule: Creating AISystem for world BattleGround
[2017.04.18-15.13.40:684][292]LogLoad: Game class is 'BattleTankGameMode_BP_C'
[2017.04.18-15.13.40:692][292]LogWorld: Bringing World /Game/Levels/UEDPIE_0_BattleGround.BattleGround up for play (max tick rate 0) at 2017.04.18-16.13.40
[2017.04.18-15.13.40:692][292]LogWorld: Bringing up level for play took: 0.007316
[2017.04.18-15.13.40:694][292]LogLoad: Took 0.076846 seconds to LoadMap(/Game/Levels/BattleGround)
[2017.04.18-15.13.56:336][167]LogBlueprintUserMessages: Early EndPlayMap Detection: Level '/Game/Levels/MainMenu.MainMenu:PersistentLevel' has LevelScriptBlueprint '/Game/Levels/MainMenu.MainMenu:PersistentLevel.MainMenu' with GeneratedClass '/Game/Levels/MainMenu.MainMenu_C' with ClassGeneratedBy '/Game/Levels/MainMenu.MainMenu:PersistentLevel.MainMenu'
[2017.04.18-15.13.56:374][167]LogBlueprintUserMessages: Late EndPlayMap Detection: Level '/Game/Levels/MainMenu.MainMenu:PersistentLevel' has LevelScriptBlueprint '/Game/Levels/MainMenu.MainMenu:PersistentLevel.MainMenu' with GeneratedClass '/Game/Levels/MainMenu.MainMenu_C' with ClassGeneratedBy '/Game/Levels/MainMenu.MainMenu:PersistentLevel.MainMenu'
[2017.04.18-15.13.57:891][348]LogTemp: Repeting last play command: New Editor Window (PIE)
[2017.04.18-15.13.57:902][348]LogBlueprintUserMessages: Early PlayInEditor Detection: Level '/Game/Levels/MainMenu.MainMenu:PersistentLevel' has LevelScriptBlueprint '/Game/Levels/MainMenu.MainMenu:PersistentLevel.MainMenu' with GeneratedClass '/Game/Levels/MainMenu.MainMenu_C' with ClassGeneratedBy '/Game/Levels/MainMenu.MainMenu:PersistentLevel.MainMenu'
[2017.04.18-15.13.57:902][348]LogPlayLevel: PlayLevel: No blueprints needed recompiling
[2017.04.18-15.13.57:902][348]PIE: New page: PIE session: MainMenu (18 Apr 2017 17:13:57)
[2017.04.18-15.13.57:902][348]LogPlayLevel: Creating play world package: /Game/Levels/UEDPIE_0_MainMenu
[2017.04.18-15.13.57:903][348]LogPlayLevel: PIE: StaticDuplicateObject took: (0.000631s)
[2017.04.18-15.13.57:903][348]LogAIModule: Creating AISystem for world MainMenu
[2017.04.18-15.13.57:903][348]LogPlayLevel: PIE: World Init took: (0.000479s)
[2017.04.18-15.13.57:904][348]LogPlayLevel: PIE: Created PIE world by copying editor world from /Game/Levels/MainMenu.MainMenu to /Game/Levels/UEDPIE_0_MainMenu.MainMenu (0.001310s)
[2017.04.18-15.13.57:916][348]LogInit: XAudio2 using '1 - Acer XR341CK (AMD High Definition Audio Device)' : 2 channels at 48 kHz using 16 bits per sample (channel mask 0x3)
[2017.04.18-15.13.57:921][348]LogInit: FAudioDevice initialized.
[2017.04.18-15.13.57:963][348]LogLoad: Game class is 'GameModeBase'
[2017.04.18-15.13.57:964][348]LogWorld: Bringing World /Game/Levels/UEDPIE_0_MainMenu.MainMenu up for play (max tick rate 0) at 2017.04.18-16.13.57
[2017.04.18-15.13.57:964][348]LogWorld: Bringing up level for play took: 0.000550
[2017.04.18-15.13.57:967][348]PIE: Info Play in editor start time for /Game/Levels/UEDPIE_0_MainMenu 0.796
[2017.04.18-15.13.57:968][348]LogBlueprintUserMessages: Late PlayInEditor Detection: Level '/Game/Levels/MainMenu.MainMenu:PersistentLevel' has LevelScriptBlueprint '/Game/Levels/MainMenu.MainMenu:PersistentLevel.MainMenu' with GeneratedClass '/Game/Levels/MainMenu.MainMenu_C' with ClassGeneratedBy '/Game/Levels/MainMenu.MainMenu:PersistentLevel.MainMenu'
[2017.04.18-15.14.02:460][882]LogNet: Browse: /Game/Levels/BattleGround
[2017.04.18-15.14.02:460][882]LogLoad: LoadMap: /Game/Levels/BattleGround
[2017.04.18-15.14.02:466][882]Cmd: MEM
[2017.04.18-15.14.02:473][882]LogMemory: Platform Memory Stats for Windows
[2017.04.18-15.14.02:473][882]LogMemory: Process Physical Memory: 1218.99 MB used, 1369.57 MB peak
[2017.04.18-15.14.02:473][882]LogMemory: Process Virtual Memory: 1629.17 MB used, 1727.65 MB peak
[2017.04.18-15.14.02:473][882]LogMemory: Physical Memory: 3925.18 MB used,  12415.80 MB free, 16340.98 MB total
[2017.04.18-15.14.02:473][882]LogMemory: Virtual Memory: 2578.22 MB used,  12415.80 MB free, 134217728.00 MB total
[2017.04.18-15.14.02:473][882]LogMemory: 
[2017.04.18-15.14.02:473][882]Allocator Stats for TBB: (not implemented)
[2017.04.18-15.14.02:527][882]LogAIModule: Creating AISystem for world BattleGround
[2017.04.18-15.14.02:527][882]LogLoad: Game class is 'BattleTankGameMode_BP_C'
[2017.04.18-15.14.02:533][882]LogWorld: Bringing World /Game/Levels/UEDPIE_0_BattleGround.BattleGround up for play (max tick rate 0) at 2017.04.18-16.14.02
[2017.04.18-15.14.02:533][882]LogWorld: Bringing up level for play took: 0.005007
[2017.04.18-15.14.02:534][882]LogLoad: Took 0.073935 seconds to LoadMap(/Game/Levels/BattleGround)
[2017.04.18-15.14.25:458][631]LogBlueprintUserMessages: Early EndPlayMap Detection: Level '/Game/Levels/MainMenu.MainMenu:PersistentLevel' has LevelScriptBlueprint '/Game/Levels/MainMenu.MainMenu:PersistentLevel.MainMenu' with GeneratedClass '/Game/Levels/MainMenu.MainMenu_C' with ClassGeneratedBy '/Game/Levels/MainMenu.MainMenu:PersistentLevel.MainMenu'
[2017.04.18-15.14.25:496][631]LogBlueprintUserMessages: Late EndPlayMap Detection: Level '/Game/Levels/MainMenu.MainMenu:PersistentLevel' has LevelScriptBlueprint '/Game/Levels/MainMenu.MainMenu:PersistentLevel.MainMenu' with GeneratedClass '/Game/Levels/MainMenu.MainMenu_C' with ClassGeneratedBy '/Game/Levels/MainMenu.MainMenu:PersistentLevel.MainMenu'
[2017.04.18-18.12.41:159][578]LogTemp: Repeting last play command: New Editor Window (PIE)
[2017.04.18-18.12.41:170][578]LogBlueprintUserMessages: Early PlayInEditor Detection: Level '/Game/Levels/MainMenu.MainMenu:PersistentLevel' has LevelScriptBlueprint '/Game/Levels/MainMenu.MainMenu:PersistentLevel.MainMenu' with GeneratedClass '/Game/Levels/MainMenu.MainMenu_C' with ClassGeneratedBy '/Game/Levels/MainMenu.MainMenu:PersistentLevel.MainMenu'
[2017.04.18-18.12.41:171][578]LogPlayLevel: PlayLevel: No blueprints needed recompiling
[2017.04.18-18.12.41:171][578]PIE: New page: PIE session: MainMenu (18 Apr 2017 20:12:41)
[2017.04.18-18.12.41:171][578]LogPlayLevel: Creating play world package: /Game/Levels/UEDPIE_0_MainMenu
[2017.04.18-18.12.41:172][578]LogPlayLevel: PIE: StaticDuplicateObject took: (0.000818s)
[2017.04.18-18.12.41:172][578]LogAIModule: Creating AISystem for world MainMenu
[2017.04.18-18.12.41:172][578]LogPlayLevel: PIE: World Init took: (0.000613s)
[2017.04.18-18.12.41:172][578]LogPlayLevel: PIE: Created PIE world by copying editor world from /Game/Levels/MainMenu.MainMenu to /Game/Levels/UEDPIE_0_MainMenu.MainMenu (0.001651s)
[2017.04.18-18.12.41:183][578]LogInit: XAudio2 using '1 - Acer XR341CK (AMD High Definition Audio Device)' : 2 channels at 48 kHz using 16 bits per sample (channel mask 0x3)
[2017.04.18-18.12.41:188][578]LogInit: FAudioDevice initialized.
[2017.04.18-18.12.41:230][578]LogLoad: Game class is 'GameModeBase'
[2017.04.18-18.12.41:231][578]LogWorld: Bringing World /Game/Levels/UEDPIE_0_MainMenu.MainMenu up for play (max tick rate 0) at 2017.04.18-19.12.41
[2017.04.18-18.12.41:232][578]LogWorld: Bringing up level for play took: 0.000653
[2017.04.18-18.12.41:235][578]PIE: Info Play in editor start time for /Game/Levels/UEDPIE_0_MainMenu 0.065
[2017.04.18-18.12.41:236][578]LogBlueprintUserMessages: Late PlayInEditor Detection: Level '/Game/Levels/MainMenu.MainMenu:PersistentLevel' has LevelScriptBlueprint '/Game/Levels/MainMenu.MainMenu:PersistentLevel.MainMenu' with GeneratedClass '/Game/Levels/MainMenu.MainMenu_C' with ClassGeneratedBy '/Game/Levels/MainMenu.MainMenu:PersistentLevel.MainMenu'
[2017.04.18-18.12.48:941][496]LogNet: Browse: /Game/Levels/BattleGround
[2017.04.18-18.12.48:941][496]LogLoad: LoadMap: /Game/Levels/BattleGround
[2017.04.18-18.12.48:948][496]Cmd: MEM
[2017.04.18-18.12.48:955][496]LogMemory: Platform Memory Stats for Windows
[2017.04.18-18.12.48:955][496]LogMemory: Process Physical Memory: 1000.37 MB used, 1369.57 MB peak
[2017.04.18-18.12.48:955][496]LogMemory: Process Virtual Memory: 1642.48 MB used, 1727.65 MB peak
[2017.04.18-18.12.48:955][496]LogMemory: Physical Memory: 5235.01 MB used,  11105.97 MB free, 16340.98 MB total
[2017.04.18-18.12.48:955][496]LogMemory: Virtual Memory: 2561.95 MB used,  11105.97 MB free, 134217728.00 MB total
[2017.04.18-18.12.48:955][496]LogMemory: 
[2017.04.18-18.12.48:955][496]Allocator Stats for TBB: (not implemented)
[2017.04.18-18.12.49:009][496]LogAIModule: Creating AISystem for world BattleGround
[2017.04.18-18.12.49:010][496]LogLoad: Game class is 'BattleTankGameMode_BP_C'
[2017.04.18-18.12.49:020][496]LogWorld: Bringing World /Game/Levels/UEDPIE_0_BattleGround.BattleGround up for play (max tick rate 0) at 2017.04.18-19.12.49
[2017.04.18-18.12.49:020][496]LogWorld: Bringing up level for play took: 0.009175
[2017.04.18-18.12.49:022][496]LogLoad: Took 0.080568 seconds to LoadMap(/Game/Levels/BattleGround)
[2017.04.18-18.13.07:290][686]LogBlueprintUserMessages: Early EndPlayMap Detection: Level '/Game/Levels/MainMenu.MainMenu:PersistentLevel' has LevelScriptBlueprint '/Game/Levels/MainMenu.MainMenu:PersistentLevel.MainMenu' with GeneratedClass '/Game/Levels/MainMenu.MainMenu_C' with ClassGeneratedBy '/Game/Levels/MainMenu.MainMenu:PersistentLevel.MainMenu'
[2017.04.18-18.13.07:330][686]LogBlueprintUserMessages: Late EndPlayMap Detection: Level '/Game/Levels/MainMenu.MainMenu:PersistentLevel' has LevelScriptBlueprint '/Game/Levels/MainMenu.MainMenu:PersistentLevel.MainMenu' with GeneratedClass '/Game/Levels/MainMenu.MainMenu_C' with ClassGeneratedBy '/Game/Levels/MainMenu.MainMenu:PersistentLevel.MainMenu'
[2017.04.18-18.13.49:618][551]LogUProjectInfo: Found projects:
[2017.04.18-18.13.52:739][923]Cmd: CLOSE_SLATE_MAINFRAME
[2017.04.18-18.13.53:073][924]Cmd: QUIT_EDITOR
[2017.04.18-18.13.53:412][924]LogWindowsTextInputMethodSystem:Display: IME system now deactivated.
[2017.04.18-18.13.53:433][924]LogExit: Preparing to exit.
[2017.04.18-18.13.53:842][924]LogDirectoryWatcher: A directory notification for 'C:/Users/Ed/Documents/Unreal Projects/04_BattleTank/BattleTank/Content/' was aborted.
[2017.04.18-18.13.53:853][924]LogExit: Editor shut down
[2017.04.18-18.13.53:854][924]LogExit: Transaction tracking system shut down
[2017.04.18-18.13.53:899][924]LogObj: Freed 0b from 0 cluster array pools.
[2017.04.18-18.13.53:899][924]LogExit: Object subsystem successfully closed.
[2017.04.18-18.13.53:907][924]LogD3D11RHI: Shutdown
[2017.04.18-18.13.53:907][924]LogD3D11RHI: CleanupD3DDevice
[2017.04.18-18.13.53:989][924]LogD3D11RHI: ~FD3D11DynamicRHI
[2017.04.18-18.13.54:001][924]LogModuleManager: Shutting down and abandoning module MovieSceneCapture (502)
[2017.04.18-18.13.54:001][924]LogModuleManager: Shutting down and abandoning module HierarchicalLODOutliner (500)
[2017.04.18-18.13.54:001][924]LogModuleManager: Shutting down and abandoning module CrashTracker (498)
[2017.04.18-18.13.54:001][924]LogModuleManager: Shutting down and abandoning module SceneOutliner (496)
[2017.04.18-18.13.54:001][924]LogModuleManager: Shutting down and abandoning module AddContentDialog (494)
[2017.04.18-18.13.54:001][924]LogDirectoryWatcher: A directory notification for 'C:/Program Files/Epic Games/UE_4.15/FeaturePacks/' was aborted.
[2017.04.18-18.13.54:003][924]LogModuleManager: Shutting down and abandoning module WidgetCarousel (493)
[2017.04.18-18.13.54:003][924]LogModuleManager: Shutting down and abandoning module EditorWidgets (490)
[2017.04.18-18.13.54:003][924]LogModuleManager: Shutting down and abandoning module CollectionManager (488)
[2017.04.18-18.13.54:003][924]LogDirectoryWatcher: A directory notification for 'C:/Users/Ed/Documents/Unreal Projects/04_BattleTank/BattleTank/Content/Collections/' was aborted.
[2017.04.18-18.13.54:003][924]LogDirectoryWatcher: A directory notification for 'C:/Users/Ed/Documents/Unreal Projects/04_BattleTank/BattleTank/Content/Developers/Ed/Collections/' was aborted.
[2017.04.18-18.13.54:003][924]LogDirectoryWatcher: A directory notification for 'C:/Users/Ed/Documents/Unreal Projects/04_BattleTank/BattleTank/Saved/Collections/' was aborted.
[2017.04.18-18.13.54:003][924]LogModuleManager: Shutting down and abandoning module StatsViewer (486)
[2017.04.18-18.13.54:003][924]LogModuleManager: Shutting down and abandoning module FoliageEdit (484)
[2017.04.18-18.13.54:003][924]LogModuleManager: Shutting down and abandoning module LandscapeEditor (482)
[2017.04.18-18.13.54:003][924]LogModuleManager: Shutting down and abandoning module SceneDepthPickerMode (480)
[2017.04.18-18.13.54:003][924]LogModuleManager: Shutting down and abandoning module ActorPickerMode (478)
[2017.04.18-18.13.54:003][924]LogModuleManager: Shutting down and abandoning module GeometryMode (476)
[2017.04.18-18.13.54:003][924]LogModuleManager: Shutting down and abandoning module TextureAlignMode (474)
[2017.04.18-18.13.54:003][924]LogModuleManager: Shutting down and abandoning module BspMode (472)
[2017.04.18-18.13.54:003][924]LogModuleManager: Shutting down and abandoning module HardwareSurvey (470)
[2017.04.18-18.13.54:003][924]LogModuleManager: Shutting down and abandoning module SequenceRecorderSections (468)
[2017.04.18-18.13.54:003][924]LogModuleManager: Shutting down and abandoning module AutomationWorker (466)
[2017.04.18-18.13.54:003][924]LogModuleManager: Shutting down and abandoning module MatineeToLevelSequence (464)
[2017.04.18-18.13.54:003][924]LogModuleManager: Shutting down and abandoning module LevelSequenceEditor (462)
[2017.04.18-18.13.54:003][924]LogModuleManager: Shutting down and abandoning module PlacementMode (461)
[2017.04.18-18.13.54:003][924]LogModuleManager: Shutting down and abandoning module WmfMediaFactory (458)
[2017.04.18-18.13.54:003][924]LogModuleManager: Shutting down and abandoning module WmfMediaEditor (456)
[2017.04.18-18.13.54:003][924]LogModuleManager: Shutting down and abandoning module MfMediaFactory (454)
[2017.04.18-18.13.54:003][924]LogModuleManager: Shutting down and abandoning module MfMediaEditor (452)
[2017.04.18-18.13.54:003][924]LogModuleManager: Shutting down and abandoning module AvfMediaFactory (450)
[2017.04.18-18.13.54:003][924]LogModuleManager: Shutting down and abandoning module AvfMediaEditor (448)
[2017.04.18-18.13.54:003][924]LogModuleManager: Shutting down and abandoning module AndroidMediaFactory (446)
[2017.04.18-18.13.54:003][924]LogModuleManager: Shutting down and abandoning module Media (445)
[2017.04.18-18.13.54:003][924]LogModuleManager: Shutting down and abandoning module AndroidMediaEditor (442)
[2017.04.18-18.13.54:003][924]LogModuleManager: Shutting down and abandoning module CharacterAI (440)
[2017.04.18-18.13.54:003][924]LogModuleManager: Shutting down and abandoning module AudioCapture (438)
[2017.04.18-18.13.54:003][924]LogModuleManager: Shutting down and abandoning module SequenceRecorder (437)
[2017.04.18-18.13.54:003][924]LogModuleManager: Shutting down and abandoning module SmartSnapping (434)
[2017.04.18-18.13.54:003][924]LogModuleManager: Shutting down and abandoning module SessionServices (432)
[2017.04.18-18.13.54:003][924]LogModuleManager: Shutting down and abandoning module ViewportSnapping (430)
[2017.04.18-18.13.54:003][924]LogModuleManager: Shutting down and abandoning module ViewportInteraction (428)
[2017.04.18-18.13.54:003][924]LogModuleManager: Shutting down and abandoning module LogVisualizer (426)
[2017.04.18-18.13.54:003][924]LogModuleManager: Shutting down and abandoning module IntroTutorials (424)
[2017.04.18-18.13.54:003][924]LogModuleManager: Shutting down and abandoning module GameProjectGeneration (423)
[2017.04.18-18.13.54:003][924]LogModuleManager: Shutting down and abandoning module EditorLiveStreaming (420)
[2017.04.18-18.13.54:003][924]LogModuleManager: Shutting down and abandoning module IOSPlatformEditor (418)
[2017.04.18-18.13.54:003][924]LogModuleManager: Shutting down and abandoning module HTML5PlatformEditor (416)
[2017.04.18-18.13.54:003][924]LogModuleManager: Shutting down and abandoning module AndroidPlatformEditor (414)
[2017.04.18-18.13.54:003][924]LogModuleManager: Shutting down and abandoning module AndroidDeviceDetection (413)
[2017.04.18-18.13.54:769][924]LogModuleManager: Shutting down and abandoning module IOSRuntimeSettings (410)
[2017.04.18-18.13.54:769][924]LogModuleManager: Shutting down and abandoning module AndroidRuntimeSettings (408)
[2017.04.18-18.13.54:769][924]LogModuleManager: Shutting down and abandoning module InputBindingEditor (406)
[2017.04.18-18.13.54:769][924]LogModuleManager: Shutting down and abandoning module NiagaraEditor (404)
[2017.04.18-18.13.54:769][924]LogModuleManager: Shutting down and abandoning module MergeActors (402)
[2017.04.18-18.13.54:769][924]LogModuleManager: Shutting down and abandoning module SizeMap (400)
[2017.04.18-18.13.54:769][924]LogModuleManager: Shutting down and abandoning module TreeMap (398)
[2017.04.18-18.13.54:769][924]LogModuleManager: Shutting down and abandoning module ReferenceViewer (396)
[2017.04.18-18.13.54:769][924]LogModuleManager: Shutting down and abandoning module LocalizationDashboard (394)
[2017.04.18-18.13.54:769][924]LogModuleManager: Shutting down and abandoning module LocalizationService (393)
[2017.04.18-18.13.54:769][924]LogModuleManager: Shutting down and abandoning module HardwareTargeting (390)
[2017.04.18-18.13.54:769][924]LogModuleManager: Shutting down and abandoning module DeviceProfileEditor (388)
[2017.04.18-18.13.54:769][924]LogModuleManager: Shutting down and abandoning module UndoHistory (386)
[2017.04.18-18.13.54:769][924]LogModuleManager: Shutting down and abandoning module UserFeedback (384)
[2017.04.18-18.13.54:769][924]LogModuleManager: Shutting down and abandoning module XmlParser (382)
[2017.04.18-18.13.54:769][924]LogModuleManager: Shutting down and abandoning module Blutility (380)
[2017.04.18-18.13.54:769][924]LogModuleManager: Shutting down and abandoning module ProjectSettingsViewer (378)
[2017.04.18-18.13.54:769][924]LogModuleManager: Shutting down and abandoning module ProjectTargetPlatformEditor (377)
[2017.04.18-18.13.54:770][924]LogModuleManager: Shutting down and abandoning module EditorSettingsViewer (374)
[2017.04.18-18.13.54:770][924]LogModuleManager: Shutting down and abandoning module SettingsEditor (372)
[2017.04.18-18.13.54:770][924]LogModuleManager: Shutting down and abandoning module ProjectLauncher (370)
[2017.04.18-18.13.54:770][924]LogModuleManager: Shutting down and abandoning module SessionFrontend (368)
[2017.04.18-18.13.54:770][924]LogModuleManager: Shutting down and abandoning module ProfilerClient (366)
[2017.04.18-18.13.54:770][924]LogModuleManager: Shutting down and abandoning module DeviceManager (364)
[2017.04.18-18.13.54:770][924]LogModuleManager: Shutting down and abandoning module TargetDeviceServices (363)
[2017.04.18-18.13.54:821][924]LogModuleManager: Shutting down and abandoning module AutomationController (360)
[2017.04.18-18.13.54:821][924]LogModuleManager: Shutting down and abandoning module AutomationWindow (358)
[2017.04.18-18.13.54:821][924]LogModuleManager: Shutting down and abandoning module Layers (356)
[2017.04.18-18.13.54:821][924]LogModuleManager: Shutting down and abandoning module ComponentVisualizers (354)
[2017.04.18-18.13.54:821][924]LogModuleManager: Shutting down and abandoning module DetailCustomizations (352)
[2017.04.18-18.13.54:821][924]LogModuleManager: Shutting down and abandoning module PackagesDialog (350)
[2017.04.18-18.13.54:821][924]LogModuleManager: Shutting down and abandoning module Persona (348)
[2017.04.18-18.13.54:821][924]LogModuleManager: Shutting down and abandoning module AnimGraph (347)
[2017.04.18-18.13.54:821][924]LogModuleManager: Shutting down and abandoning module Kismet (344)
[2017.04.18-18.13.54:821][924]LogModuleManager: Shutting down and abandoning module GraphEditor (342)
[2017.04.18-18.13.54:821][924]LogModuleManager: Shutting down and abandoning module ClassViewer (340)
[2017.04.18-18.13.54:821][924]LogModuleManager: Shutting down and abandoning module Toolbox (338)
[2017.04.18-18.13.54:821][924]LogModuleManager: Shutting down and abandoning module ModuleUI (336)
[2017.04.18-18.13.54:821][924]LogModuleManager: Shutting down and abandoning module MovieSceneTools (334)
[2017.04.18-18.13.54:821][924]LogModuleManager: Shutting down and abandoning module OutputLog (332)
[2017.04.18-18.13.54:821][924]LogModuleManager: Shutting down and abandoning module GammaUI (330)
[2017.04.18-18.13.54:821][924]LogModuleManager: Shutting down and abandoning module Documentation (328)
[2017.04.18-18.13.54:821][924]LogModuleManager: Shutting down and abandoning module Niagara (326)
[2017.04.18-18.13.54:821][924]LogModuleManager: Shutting down and abandoning module StreamingPauseRendering (324)
[2017.04.18-18.13.54:821][924]LogModuleManager: Shutting down and abandoning module AnalyticsET (322)
[2017.04.18-18.13.54:821][924]LogModuleManager: Shutting down and abandoning module PortalServices (320)
[2017.04.18-18.13.54:821][924]LogModuleManager: Shutting down and abandoning module PortalRpc (318)
[2017.04.18-18.13.54:821][924]LogModuleManager: Shutting down and abandoning module MessagingRpc (316)
[2017.04.18-18.13.54:821][924]LogModuleManager: Shutting down and abandoning module AIModule (314)
[2017.04.18-18.13.54:821][924]LogModuleManager: Shutting down and abandoning module GameplayDebugger (313)
[2017.04.18-18.13.54:821][924]LogModuleManager: Shutting down and abandoning module AITestSuite (311)
[2017.04.18-18.13.54:821][924]LogModuleManager: Shutting down and abandoning module ProfilerService (308)
[2017.04.18-18.13.54:954][924]LogModuleManager: Shutting down and abandoning module TaskGraph (306)
[2017.04.18-18.13.54:954][924]LogModuleManager: Shutting down and abandoning module SteamVRController (304)
[2017.04.18-18.13.54:954][924]LogModuleManager: Shutting down and abandoning module SteamVR (302)
[2017.04.18-18.13.54:954][924]LogModuleManager: Shutting down and abandoning module ProceduralMeshComponentEditor (300)
[2017.04.18-18.13.54:954][924]LogModuleManager: Shutting down and abandoning module ProceduralMeshComponent (298)
[2017.04.18-18.13.54:954][924]LogModuleManager: Shutting down and abandoning module OculusLibrary (296)
[2017.04.18-18.13.54:954][924]LogModuleManager: Shutting down and abandoning module OculusInput (294)
[2017.04.18-18.13.54:954][924]LogModuleManager: Shutting down and abandoning module MobilePatchingUtils (292)
[2017.04.18-18.13.54:954][924]LogModuleManager: Shutting down and abandoning module CustomMeshComponent (290)
[2017.04.18-18.13.54:954][924]LogModuleManager: Shutting down and abandoning module CableComponent (288)
[2017.04.18-18.13.54:954][924]LogModuleManager: Shutting down and abandoning module ArchVisCharacter (286)
[2017.04.18-18.13.54:954][924]LogModuleManager: Shutting down and abandoning module MediaPlayerEditor (282)
[2017.04.18-18.13.54:954][924]LogModuleManager: Shutting down and abandoning module HTML5Networking (280)
[2017.04.18-18.13.54:954][924]LogModuleManager: Shutting down and abandoning module AlembicImporter (278)
[2017.04.18-18.13.54:954][924]LogModuleManager: Shutting down and abandoning module AlembicLibrary (277)
[2017.04.18-18.13.54:955][924]LogModuleManager: Shutting down and abandoning module GeometryCache (276)
[2017.04.18-18.13.54:955][924]LogModuleManager: Shutting down and abandoning module GeometryCacheEd (275)
[2017.04.18-18.13.54:955][924]LogModuleManager: Shutting down and abandoning module SuperSearchEditor (270)
[2017.04.18-18.13.54:955][924]LogModuleManager: Shutting down and abandoning module SuperSearch (269)
[2017.04.18-18.13.54:955][924]LogModuleManager: Shutting down and abandoning module SpeedTreeImporter (266)
[2017.04.18-18.13.54:955][924]LogModuleManager: Shutting down and abandoning module PluginBrowser (264)
[2017.04.18-18.13.54:955][924]LogModuleManager: Shutting down and abandoning module MobileLauncherProfileWizard (262)
[2017.04.18-18.13.54:955][924]LogModuleManager: Shutting down and abandoning module EpicSurvey (260)
[2017.04.18-18.13.54:955][924]LogModuleManager: Shutting down and abandoning module VisualStudioSourceCodeAccess (258)
[2017.04.18-18.13.54:955][924]LogModuleManager: Shutting down and abandoning module DesktopPlatform (257)
[2017.04.18-18.13.54:955][924]LogModuleManager: Shutting down and abandoning module UObjectPlugin (254)
[2017.04.18-18.13.54:955][924]LogModuleManager: Shutting down and abandoning module SubversionSourceControl (252)
[2017.04.18-18.13.54:955][924]LogModuleManager: Shutting down and abandoning module PerforceSourceControl (250)
[2017.04.18-18.13.54:955][924]LogModuleManager: Shutting down and abandoning module GitSourceControl (248)
[2017.04.18-18.13.54:955][924]LogModuleManager: Shutting down and abandoning module SourceControl (247)
[2017.04.18-18.13.54:955][924]LogModuleManager: Shutting down and abandoning module LightPropagationVolumeEditor (244)
[2017.04.18-18.13.54:955][924]LogModuleManager: Shutting down and abandoning module PaperTiledImporter (242)
[2017.04.18-18.13.54:955][924]LogModuleManager: Shutting down and abandoning module PaperSpriteSheetImporter (240)
[2017.04.18-18.13.54:955][924]LogModuleManager: Shutting down and abandoning module Paper2DEditor (238)
[2017.04.18-18.13.54:955][924]LogModuleManager: Shutting down and abandoning module MeshPaint (237)
[2017.04.18-18.13.54:955][924]LogModuleManager: Shutting down and abandoning module LevelEditor (235)
[2017.04.18-18.13.54:955][924]LogModuleManager: Shutting down and abandoning module PixelInspectorModule (234)
[2017.04.18-18.13.54:955][924]LogModuleManager: Shutting down and abandoning module MainFrame (232)
[2017.04.18-18.13.54:955][924]LogModuleManager: Shutting down and abandoning module HotReload (231)
[2017.04.18-18.13.54:955][924]LogDirectoryWatcher: A directory notification for 'C:/Users/Ed/Documents/Unreal Projects/04_BattleTank/BattleTank/Binaries/Win64' was aborted.
[2017.04.18-18.13.54:956][924]LogModuleManager: Shutting down and abandoning module ContentBrowser (227)
[2017.04.18-18.13.54:956][924]LogModuleManager: Shutting down and abandoning module BattleTank (224)
[2017.04.18-18.13.54:956][924]LogModuleManager: Shutting down and abandoning module PhysXVehiclesEditor (222)
[2017.04.18-18.13.54:956][924]LogModuleManager: Shutting down and abandoning module PhysXVehicles (220)
[2017.04.18-18.13.54:956][924]LogModuleManager: Shutting down and abandoning module LocationServicesBPLibrary (218)
[2017.04.18-18.13.54:956][924]LogModuleManager: Shutting down and abandoning module UdpMessaging (216)
[2017.04.18-18.13.55:057][924]LogModuleManager: Shutting down and abandoning module TcpMessaging (214)
[2017.04.18-18.13.55:157][924]LogModuleManager: Shutting down and abandoning module GameplayTagsEditor (212)
[2017.04.18-18.13.55:157][924]LogModuleManager: Shutting down and abandoning module FacialAnimationEditor (210)
[2017.04.18-18.13.55:157][924]LogModuleManager: Shutting down and abandoning module FacialAnimation (208)
[2017.04.18-18.13.55:157][924]LogModuleManager: Shutting down and abandoning module LightPropagationVolumeRuntime (206)
[2017.04.18-18.13.55:157][924]LogModuleManager: Shutting down and abandoning module Paper2D (204)
[2017.04.18-18.13.55:157][924]LogModuleManager: Shutting down and abandoning module WindowsMoviePlayer (202)
[2017.04.18-18.13.55:157][924]LogModuleManager: Shutting down and abandoning module WmfMedia (200)
[2017.04.18-18.13.55:157][924]LogModuleManager: Shutting down and abandoning module MfMedia (198)
[2017.04.18-18.13.55:157][924]LogModuleManager: Shutting down and abandoning module MediaAssets (196)
[2017.04.18-18.13.55:157][924]LogModuleManager: Shutting down and abandoning module GameLiveStreaming (194)
[2017.04.18-18.13.55:157][924]LogModuleManager: Shutting down and abandoning module VREditor (192)
[2017.04.18-18.13.55:157][924]LogModuleManager: Shutting down and abandoning module GameplayTasksEditor (190)
[2017.04.18-18.13.55:157][924]LogModuleManager: Shutting down and abandoning module BehaviorTreeEditor (188)
[2017.04.18-18.13.55:157][924]LogModuleManager: Shutting down and abandoning module FunctionalTesting (186)
[2017.04.18-18.13.55:157][924]LogModuleManager: Shutting down and abandoning module CollisionAnalyzer (184)
[2017.04.18-18.13.55:157][924]LogModuleManager: Shutting down and abandoning module UMG (182)
[2017.04.18-18.13.55:157][924]LogModuleManager: Shutting down and abandoning module UMGEditor (181)
[2017.04.18-18.13.55:157][924]LogModuleManager: Shutting down and abandoning module Sequencer (180)
[2017.04.18-18.13.55:157][924]LogModuleManager: Shutting down and abandoning module AssetTools (178)
[2017.04.18-18.13.55:158][924]LogModuleManager: Shutting down and abandoning module MessageLog (177)
[2017.04.18-18.13.55:158][924]LogModuleManager: Shutting down and abandoning module WorkspaceMenuStructure (176)
[2017.04.18-18.13.55:158][924]LogModuleManager: Shutting down and abandoning module SlateReflector (170)
[2017.04.18-18.13.55:158][924]LogModuleManager: Shutting down and abandoning module Slate (168)
[2017.04.18-18.13.55:158][924]LogModuleManager: Shutting down and abandoning module EditorStyle (166)
[2017.04.18-18.13.55:159][924]LogModuleManager: Shutting down and abandoning module SourceCodeAccess (164)
[2017.04.18-18.13.55:159][924]LogModuleManager: Shutting down and abandoning module HeadMountedDisplay (162)
[2017.04.18-18.13.55:159][924]LogModuleManager: Shutting down and abandoning module XAudio2 (160)
[2017.04.18-18.13.55:159][924]LogModuleManager: Shutting down and abandoning module Networking (158)
[2017.04.18-18.13.55:159][924]LogModuleManager: Shutting down and abandoning module Core (154)
[2017.04.18-18.13.55:159][924]LogModuleManager: Shutting down and abandoning module AssetRegistry (152)
[2017.04.18-18.13.55:294][924]LogDirectoryWatcher: A directory notification for '../../../Engine/Content/' was aborted.
[2017.04.18-18.13.55:294][924]LogDirectoryWatcher: A directory notification for '../../../../../../Users/Ed/Documents/Unreal Projects/04_BattleTank/BattleTank/Content/' was aborted.
[2017.04.18-18.13.55:294][924]LogDirectoryWatcher: A directory notification for '../../../Engine/Plugins/2D/Paper2D/Content/' was aborted.
[2017.04.18-18.13.55:295][924]LogModuleManager: Shutting down and abandoning module DirectoryWatcher (151)
[2017.04.18-18.13.55:295][924]LogModuleManager: Shutting down and abandoning module KismetCompiler (148)
[2017.04.18-18.13.55:295][924]LogModuleManager: Shutting down and abandoning module PhysXFormats (146)
[2017.04.18-18.13.55:295][924]LogModuleManager: Shutting down and abandoning module MeshUtilities (144)
[2017.04.18-18.13.55:295][924]LogModuleManager: Shutting down and abandoning module SimplygonSwarm (143)
[2017.04.18-18.13.55:295][924]LogModuleManager: Shutting down and abandoning module SimplygonMeshReduction (141)
[2017.04.18-18.13.55:295][924]LogModuleManager: Shutting down and abandoning module QuadricMeshReduction (139)
[2017.04.18-18.13.55:295][924]LogModuleManager: Shutting down and abandoning module PropertyEditor (137)
[2017.04.18-18.13.55:295][924]LogModuleManager: Shutting down and abandoning module DerivedDataCache (134)
[2017.04.18-18.13.55:376][924]LogDerivedDataCache: Shutdown
[2017.04.18-18.13.55:376][924]LogModuleManager: Shutting down and abandoning module TargetPlatform (132)
[2017.04.18-18.13.55:376][924]LogModuleManager: Shutting down and abandoning module VulkanShaderFormat (131)
[2017.04.18-18.13.55:376][924]LogModuleManager: Shutting down and abandoning module ShaderFormatOpenGL (129)
[2017.04.18-18.13.55:376][924]LogModuleManager: Shutting down and abandoning module ShaderFormatD3D (127)
[2017.04.18-18.13.55:376][924]LogModuleManager: Shutting down and abandoning module MetalShaderFormat (125)
[2017.04.18-18.13.55:376][924]LogModuleManager: Shutting down and abandoning module TextureFormatUncompressed (123)
[2017.04.18-18.13.55:376][924]LogModuleManager: Shutting down and abandoning module TextureFormatPVR (121)
[2017.04.18-18.13.55:376][924]LogModuleManager: Shutting down and abandoning module TextureFormatDXT (119)
[2017.04.18-18.13.55:376][924]LogModuleManager: Shutting down and abandoning module TextureFormatIntelISPCTexComp (117)
[2017.04.18-18.13.55:376][924]LogModuleManager: Shutting down and abandoning module TextureFormatASTC (115)
[2017.04.18-18.13.55:376][924]LogModuleManager: Shutting down and abandoning module ImageWrapper (114)
[2017.04.18-18.13.55:376][924]LogModuleManager: Shutting down and abandoning module TextureFormatAndroid (111)
[2017.04.18-18.13.55:376][924]LogModuleManager: Shutting down and abandoning module AudioFormatOpus (109)
[2017.04.18-18.13.55:376][924]LogModuleManager: Shutting down and abandoning module AudioFormatOgg (107)
[2017.04.18-18.13.55:376][924]LogModuleManager: Shutting down and abandoning module AudioFormatADPCM (105)
[2017.04.18-18.13.55:376][924]LogModuleManager: Shutting down and abandoning module LinuxTargetPlatform (103)
[2017.04.18-18.13.55:376][924]LogModuleManager: Shutting down and abandoning module LinuxServerTargetPlatform (101)
[2017.04.18-18.13.55:376][924]LogModuleManager: Shutting down and abandoning module LinuxNoEditorTargetPlatform (99)
[2017.04.18-18.13.55:376][924]LogModuleManager: Shutting down and abandoning module LinuxClientTargetPlatform (97)
[2017.04.18-18.13.55:376][924]LogModuleManager: Shutting down and abandoning module TVOSTargetPlatform (95)
[2017.04.18-18.13.55:376][924]LogModuleManager: Shutting down and abandoning module Messaging (93)
[2017.04.18-18.13.55:376][924]LogModuleManager: Shutting down and abandoning module IOSTargetPlatform (91)
[2017.04.18-18.13.55:376][924]LogModuleManager: Shutting down and abandoning module HTML5TargetPlatform (89)
[2017.04.18-18.13.55:376][924]LogModuleManager: Shutting down and abandoning module Android_PVRTCTargetPlatform (87)
[2017.04.18-18.13.55:376][924]LogModuleManager: Shutting down and abandoning module Android_MultiTargetPlatform (85)
[2017.04.18-18.13.55:376][924]LogModuleManager: Shutting down and abandoning module Android_ETC2TargetPlatform (83)
[2017.04.18-18.13.55:376][924]LogModuleManager: Shutting down and abandoning module Android_ETC1TargetPlatform (81)
[2017.04.18-18.13.55:376][924]LogModuleManager: Shutting down and abandoning module Android_DXTTargetPlatform (79)
[2017.04.18-18.13.55:376][924]LogModuleManager: Shutting down and abandoning module Android_ATCTargetPlatform (77)
[2017.04.18-18.13.55:376][924]LogModuleManager: Shutting down and abandoning module Android_ASTCTargetPlatform (75)
[2017.04.18-18.13.55:376][924]LogModuleManager: Shutting down and abandoning module AndroidTargetPlatform (73)
[2017.04.18-18.13.55:376][924]LogModuleManager: Shutting down and abandoning module WindowsTargetPlatform (71)
[2017.04.18-18.13.55:376][924]LogModuleManager: Shutting down and abandoning module WindowsServerTargetPlatform (69)
[2017.04.18-18.13.55:376][924]LogModuleManager: Shutting down and abandoning module WindowsNoEditorTargetPlatform (67)
[2017.04.18-18.13.55:376][924]LogModuleManager: Shutting down and abandoning module WindowsClientTargetPlatform (65)
[2017.04.18-18.13.55:376][924]LogModuleManager: Shutting down and abandoning module MacTargetPlatform (63)
[2017.04.18-18.13.55:376][924]LogModuleManager: Shutting down and abandoning module MacServerTargetPlatform (61)
[2017.04.18-18.13.55:376][924]LogModuleManager: Shutting down and abandoning module MacNoEditorTargetPlatform (59)
[2017.04.18-18.13.55:376][924]LogModuleManager: Shutting down and abandoning module MacClientTargetPlatform (57)
[2017.04.18-18.13.55:376][924]LogModuleManager: Shutting down and abandoning module AllDesktopTargetPlatform (55)
[2017.04.18-18.13.55:376][924]LogModuleManager: Shutting down and abandoning module InputCore (52)
[2017.04.18-18.13.55:376][924]LogModuleManager: Shutting down and abandoning module Settings (50)
[2017.04.18-18.13.55:376][924]LogModuleManager: Shutting down and abandoning module OculusRift (48)
[2017.04.18-18.13.55:376][924]LogModuleManager: Shutting down and abandoning module GearVR (46)
[2017.04.18-18.13.55:376][924]LogModuleManager: Shutting down and abandoning module ExampleDeviceProfileSelector (44)
[2017.04.18-18.13.55:376][924]LogModuleManager: Shutting down and abandoning module OnlineBlueprintSupport (42)
[2017.04.18-18.13.55:376][924]LogModuleManager: Shutting down and abandoning module OnlineSubsystem (38)
[2017.04.18-18.13.55:376][924]LogOnline:Display: Unloading online subsystem: NULL
[2017.04.18-18.13.55:376][924]LogModuleManager: Shutting down and abandoning module XMPP (37)
[2017.04.18-18.13.55:376][924]LogModuleManager: Shutting down and abandoning module HTTP (35)
[2017.04.18-18.13.55:376][924]LogHttp:Display: Http module shutting down, but needs to wait on 1 outstanding Http requests:
[2017.04.18-18.13.55:376][924]LogHttp:Display: 	verb=[POST] url=[https://datarouter.ol.epicgames.com/datarouter/api/v1/public/data?SessionID=%7B8AD9F136-445A-86EE-B347-0990D83AAC16%7D&AppID=UEEditor.Rocket.Release&AppVersion=4.15.1-3348071%2B%2B%2BUE4%2BRelease-4.15&UserID=f7f8e8e14812d3a9c689c8b3027a32dd%7C58448bdb2ce4468ba1b793c4adc2bec4%7Cb6541784-51a5-4cf3-83aa-c7e3819647ee&AppEnvironment=datacollector-binary&UploadType=eteventstream] status=Processing
[2017.04.18-18.13.55:405][924]LogModuleManager: Shutting down and abandoning module SSL (34)
[2017.04.18-18.13.55:406][924]LogModuleManager: Shutting down and abandoning module AudioEditor (30)
[2017.04.18-18.13.55:406][924]LogModuleManager: Shutting down and abandoning module TextureCompressor (28)
[2017.04.18-18.13.55:406][924]LogModuleManager: Shutting down and abandoning module ShaderCore (26)
[2017.04.18-18.13.55:406][924]LogModuleManager: Shutting down and abandoning module Landscape (24)
[2017.04.18-18.13.55:406][924]LogModuleManager: Shutting down and abandoning module SlateRHIRenderer (22)
[2017.04.18-18.13.55:407][924]LogModuleManager: Shutting down and abandoning module OpenGLDrv (20)
[2017.04.18-18.13.55:407][924]LogModuleManager: Shutting down and abandoning module D3D11RHI (18)
[2017.04.18-18.13.55:407][924]LogModuleManager: Shutting down and abandoning module AnimGraphRuntime (16)
[2017.04.18-18.13.55:407][924]LogModuleManager: Shutting down and abandoning module Renderer (14)
[2017.04.18-18.13.55:407][924]LogModuleManager: Shutting down and abandoning module Engine (12)
[2017.04.18-18.13.55:407][924]LogModuleManager: Shutting down and abandoning module CoreUObject (10)
[2017.04.18-18.13.55:407][924]LogModuleManager: Shutting down and abandoning module NetworkFile (8)
[2017.04.18-18.13.55:407][924]LogModuleManager: Shutting down and abandoning module StreamingFile (6)
[2017.04.18-18.13.55:407][924]LogModuleManager: Shutting down and abandoning module SandboxFile (4)
[2017.04.18-18.13.55:407][924]LogModuleManager: Shutting down and abandoning module PakFile (2)
[2017.04.18-18.13.55:408][924]LogExit: Exiting.
[2017.04.18-18.13.55:419][924]Log file closed, 04/18/17 19:13:55
