Log file open, 04/28/17 14:55:54
LogInit:Display: Running engine for game: BattleTank
LogPlatformFile: Not using cached read wrapper
LogInit:Display: RandInit(-2018671323) SRandInit(-2018671323).
LogTaskGraph: Started task graph with 5 named threads and 8 total threads with 1 sets of task threads.
LogStats: Stats thread started at 0.087715
LogInit: Using libcurl 7.47.1
LogInit:  - built for x86_64-pc-win32
LogInit:  - supports SSL with OpenSSL/1.0.2g
LogInit:  - supports HTTP deflate (compression) using libz 1.2.8
LogInit:  - other features:
LogInit:      CURL_VERSION_SSL
LogInit:      CURL_VERSION_LIBZ
LogInit:      CURL_VERSION_IPV6
LogInit:      CURL_VERSION_ASYNCHDNS
LogInit:      CURL_VERSION_LARGEFILE
LogInit:      CURL_VERSION_IDN
LogInit:  CurlRequestOptions (configurable via config and command line):
LogInit:  - bVerifyPeer = false  - Libcurl will NOT verify peer certificate
LogInit:  - bUseHttpProxy = false  - Libcurl will NOT use HTTP proxy
LogInit:  - bDontReuseConnections = false  - Libcurl will reuse connections
LogInit:  - CertBundlePath = nullptr  - Libcurl will use whatever was configured at build time.
LogInit: Build: ++UE4+Release-4.15-CL-3299760
LogInit: Engine Version: 4.15.0-3299760+++UE4+Release-4.15
LogInit: Compatible Engine Version: 4.15.0-3299760+++UE4+Release-4.15
LogInit: Net CL: 3299760
LogDevObjectVersion: Number of dev versions registered: 14
LogDevObjectVersion:   Dev-Blueprints (B0D832E4-1F89-4F0D-ACCF-7EB736FD4AA2): 8
LogDevObjectVersion:   Dev-Build (E1C64328-A22C-4D53-A36C-8E866417BD8C): 0
LogDevObjectVersion:   Dev-Core (375EC13C-06E4-48FB-B500-84F0262A717E): 2
LogDevObjectVersion:   Dev-Editor (E4B068ED-F494-42E9-A231-DA0B2E46BB41): 14
LogDevObjectVersion:   Dev-Framework (CFFC743F-43B0-4480-9391-14DF171D2073): 22
LogDevObjectVersion:   Dev-Mobile (B02B49B5-BB20-44E9-A304-32B752E40360): 0
LogDevObjectVersion:   Dev-Networking (A4E4105C-59A1-49B5-A7C5-40C4547EDFEE): 0
LogDevObjectVersion:   Dev-Online (39C831C9-5AE6-47DC-9A44-9C173E1C8E7C): 0
LogDevObjectVersion:   Dev-Physics (78F01B33-EBEA-4F98-B9B4-84EACCB95AA2): 0
LogDevObjectVersion:   Dev-Platform (6631380F-2D4D-43E0-8009-CF276956A95A): 0
LogDevObjectVersion:   Dev-Rendering (12F88B9F-8875-4AFC-A67C-D90C383ABD29): 12
LogDevObjectVersion:   Dev-Sequencer (7B5AE74C-D270-4C10-A958-57980B212A5A): 3
LogDevObjectVersion:   Dev-VR (D7296918-1DD6-4BDD-9DE2-64A83CC13884): 0
LogDevObjectVersion:   Dev-LoadTimes (C2A15278-BFE7-4AFE-6C17-90FF531DF755): 1
LogInit: Compiled (64-bit): Feb 14 2017 02:04:14
LogInit: Compiled with Visual C++: 19.00.23026.00
LogInit: Build Configuration: Development
LogInit: Branch Name: ++UE4+Release-4.15
LogInit: Command line: -EpicPortal 
LogInit: Base directory: C:/Program Files/Epic Games/UE_4.15/Engine/Binaries/Win64/
LogInit: Installed Engine Build: 1
LogInit: Presizing for max 8388607 objects, including 0 objects not considered by GC, pre-allocating 0 bytes for permanent pool.
LogInit: Object subsystem initialized
[2017.04.28-13.55.55:539][  0]LogInit: Selected Device Profile: [Windows]
[2017.04.28-13.55.55:539][  0]LogInit: Applying CVar settings loaded from the selected device profile: [Windows]
[2017.04.28-13.55.55:559][  0]LogInit: Computer: DESKTOP-0PEK566
[2017.04.28-13.55.55:559][  0]LogInit: User: Sarah
[2017.04.28-13.55.55:559][  0]LogInit: CPU Page size=65536, Cores=4
[2017.04.28-13.55.55:559][  0]LogInit: High frequency timer resolution =2.143576 MHz
[2017.04.28-13.55.55:559][  0]LogMemory: Memory total: Physical=7.9GB (8GB approx)
[2017.04.28-13.55.55:559][  0]LogMemory: Platform Memory Stats for Windows
[2017.04.28-13.55.55:559][  0]LogMemory: Process Physical Memory: 262.96 MB used, 262.96 MB peak
[2017.04.28-13.55.55:559][  0]LogMemory: Process Virtual Memory: 262.65 MB used, 262.65 MB peak
[2017.04.28-13.55.55:559][  0]LogMemory: Physical Memory: 4534.41 MB used,  3549.86 MB free, 8084.27 MB total
[2017.04.28-13.55.55:560][  0]LogMemory: Virtual Memory: 644.18 MB used,  3549.86 MB free, 134217728.00 MB total
[2017.04.28-13.55.55:682][  0]LogTextLocalizationManager: No specific translations for ('en-US') exist, so ('en') translations will be used.
[2017.04.28-13.55.56:463][  0]LogD3D11RHI: D3D11 adapters:
[2017.04.28-13.55.56:476][  0]LogD3D11RHI:    0. 'AMD Radeon HD 7600M Series' (Feature Level 11_0)
[2017.04.28-13.55.56:476][  0]LogD3D11RHI:       1004/0/3840 MB DedicatedVideo/DedicatedSystem/SharedSystem, Outputs:1, VendorId:0x1002
[2017.04.28-13.55.56:479][  0]LogD3D11RHI:    1. 'Intel(R) HD Graphics 4000' (Feature Level 11_0)
[2017.04.28-13.55.56:479][  0]LogD3D11RHI:       32/0/1760 MB DedicatedVideo/DedicatedSystem/SharedSystem, Outputs:0, VendorId:0x8086
[2017.04.28-13.55.56:481][  0]LogD3D11RHI:    2. 'Microsoft Basic Render Driver' (Feature Level 11_0)
[2017.04.28-13.55.56:481][  0]LogD3D11RHI:       0/0/4042 MB DedicatedVideo/DedicatedSystem/SharedSystem, Outputs:0, VendorId:0x1414
[2017.04.28-13.55.56:481][  0]LogD3D11RHI: Chosen D3D11 Adapter: 0
[2017.04.28-13.55.56:495][  0]LogD3D11RHI: Creating new Direct3DDevice
[2017.04.28-13.55.56:495][  0]LogD3D11RHI:     GPU DeviceId: 0x6840 (for the marketing name, search the web for "GPU Device Id")
[2017.04.28-13.55.56:495][  0]LogWindows: EnumDisplayDevices:
[2017.04.28-13.55.56:495][  0]LogWindows:    0. 'Intel(R) HD Graphics 4000' (P:1 D:1)
[2017.04.28-13.55.56:496][  0]LogWindows:    1. 'Intel(R) HD Graphics 4000' (P:0 D:0)
[2017.04.28-13.55.56:496][  0]LogWindows:    2. 'Intel(R) HD Graphics 4000' (P:0 D:0)
[2017.04.28-13.55.56:496][  0]LogWindows: DebugString: PrimaryIsNotTheChoosenAdapter PrimaryIsNotTheChoosenAdapter PrimaryIsNotTheChoosenAdapter FoundDriverCount:0 
[2017.04.28-13.55.56:496][  0]LogD3D11RHI:     Adapter Name: AMD Radeon HD 7600M Series
[2017.04.28-13.55.56:496][  0]LogD3D11RHI:   Driver Version: Unknown (internal:Unknown, unified:Unknown)
[2017.04.28-13.55.56:496][  0]LogD3D11RHI:      Driver Date: Unknown
[2017.04.28-13.55.56:496][  0]LogRHI: Texture pool is 702 MB (70% of 1004 MB)
[2017.04.28-13.55.56:504][  0]LogD3D11RHI: AMD Pre GCN architecture detected, some driver workarounds will be in place
[2017.04.28-13.55.56:511][  0]LogD3D11RHI: Async texture creation enabled
[2017.04.28-13.55.56:523][  0]LogD3D11RHI: GPU Timing Frequency: 27.000000 (Debug: 2 1)
[2017.04.28-13.55.56:524][  0]LogShaderCompilers: Guid format shader working directory is -35 characters bigger than the processId version (../../../../../../Users/Sarah/Documents/Unreal Projects/04_BattleTank/BattleTank/Intermediate/Shaders/WorkingDirectory/90776/).
[2017.04.28-13.55.56:524][  0]LogShaderCompilers: Cleaned the shader compiler working directory 'C:/Users/Sarah/AppData/Local/Temp/UnrealShaderWorkingDir/866BE260470607D76BDC78AFD692A366/'.
[2017.04.28-13.55.56:524][  0]LogShaderCompilers:Display: Using Local Shader Compiler.
[2017.04.28-13.55.57:998][  0]LogTemp:Display: Loaded TP AllDesktopTargetPlatform
[2017.04.28-13.55.58:087][  0]LogTemp:Display: Loaded TP MacClientTargetPlatform
[2017.04.28-13.55.58:166][  0]LogTemp:Display: Loaded TP MacNoEditorTargetPlatform
[2017.04.28-13.55.58:247][  0]LogTemp:Display: Loaded TP MacServerTargetPlatform
[2017.04.28-13.55.58:333][  0]LogTemp:Display: Loaded TP MacTargetPlatform
[2017.04.28-13.55.58:415][  0]LogTemp:Display: Loaded TP WindowsClientTargetPlatform
[2017.04.28-13.55.58:504][  0]LogTemp:Display: Loaded TP WindowsNoEditorTargetPlatform
[2017.04.28-13.55.58:583][  0]LogTemp:Display: Loaded TP WindowsServerTargetPlatform
[2017.04.28-13.55.58:648][  0]LogTemp:Display: Loaded TP WindowsTargetPlatform
[2017.04.28-13.55.58:727][  0]LogTemp:Display: Loaded TP AndroidTargetPlatform
[2017.04.28-13.55.58:804][  0]LogTemp:Display: Loaded TP Android_ASTCTargetPlatform
[2017.04.28-13.55.58:896][  0]LogTemp:Display: Loaded TP Android_ATCTargetPlatform
[2017.04.28-13.55.58:975][  0]LogTemp:Display: Loaded TP Android_DXTTargetPlatform
[2017.04.28-13.55.59:055][  0]LogTemp:Display: Loaded TP Android_ETC1TargetPlatform
[2017.04.28-13.55.59:132][  0]LogTemp:Display: Loaded TP Android_ETC2TargetPlatform
[2017.04.28-13.55.59:293][  0]LogTemp:Display: Loaded TP Android_MultiTargetPlatform
[2017.04.28-13.55.59:293][  0]LogTemp:Display: Loaded TP Android_PVRTCTargetPlatform
[2017.04.28-13.55.59:351][  0]LogTemp:Display: Loaded TP HTML5TargetPlatform
[2017.04.28-13.55.59:493][  0]LogTemp:Display: Loaded TP IOSTargetPlatform
[2017.04.28-13.55.59:549][  0]LogTemp:Display: Loaded TP TVOSTargetPlatform
[2017.04.28-13.55.59:630][  0]LogTemp:Display: Loaded TP LinuxClientTargetPlatform
[2017.04.28-13.55.59:709][  0]LogTemp:Display: Loaded TP LinuxNoEditorTargetPlatform
[2017.04.28-13.55.59:789][  0]LogTemp:Display: Loaded TP LinuxServerTargetPlatform
[2017.04.28-13.55.59:877][  0]LogTemp:Display: Loaded TP LinuxTargetPlatform
[2017.04.28-13.55.59:877][  0]LogTargetPlatformManager:Display: Building Assets For Windows
[2017.04.28-13.56.00:655][  0]LogDerivedDataCache:Display: Max Cache Size: 512 MB
[2017.04.28-13.56.00:711][  0]LogDerivedDataCache: Loaded boot cache 0.06s 50MB C:/Users/Sarah/AppData/Local/UnrealEngine/4.15/DerivedDataCache/Boot.ddc.
[2017.04.28-13.56.00:711][  0]LogDerivedDataCache:Display: Loaded Boot cache: C:/Users/Sarah/AppData/Local/UnrealEngine/4.15/DerivedDataCache/Boot.ddc
[2017.04.28-13.56.00:711][  0]LogDerivedDataCache: FDerivedDataBackendGraph:  Pak pak cache file ../../../../../../Users/Sarah/Documents/Unreal Projects/04_BattleTank/BattleTank/DerivedDataCache/DDC.ddp not found, will not use a pak cache.
[2017.04.28-13.56.00:711][  0]LogDerivedDataCache: Unable to find inner node Pak for hierarchical cache Hierarchy.
[2017.04.28-13.56.00:711][  0]LogDerivedDataCache: FDerivedDataBackendGraph:  CompressedPak pak cache file ../../../../../../Users/Sarah/Documents/Unreal Projects/04_BattleTank/BattleTank/DerivedDataCache/Compressed.ddp not found, will not use a pak cache.
[2017.04.28-13.56.00:711][  0]LogDerivedDataCache: Unable to find inner node CompressedPak for hierarchical cache Hierarchy.
[2017.04.28-13.56.00:734][  0]LogDerivedDataCache:Display: Pak cache opened for reading ../../../Engine/DerivedDataCache/Compressed.ddp.
[2017.04.28-13.56.00:745][  0]LogDerivedDataCache: Using Local data cache path C:/Users/Sarah/AppData/Local/UnrealEngine/Common/DerivedDataCache: Writable
[2017.04.28-13.56.00:756][  0]LogSlate: Using Freetype 2.6.0
[2017.04.28-13.56.00:757][  0]LogSlate: SlateFontCache - WITH_FREETYPE: 1, WITH_HARFBUZZ: 1
[2017.04.28-13.56.00:757][  0]LogSlate: SlateFontCache - WITH_FREETYPE: 1, WITH_HARFBUZZ: 1
[2017.04.28-13.56.01:175][  0]LogInit: Selected Device Profile: [Windows]
[2017.04.28-13.56.01:180][  0]LogContentStreaming: Texture pool size is 0.00 MB
[2017.04.28-13.56.01:532][  0]LogMeshUtilities: Using QuadricMeshReduction for automatic static mesh reduction
[2017.04.28-13.56.01:597][  0]LogSimplygon: Simplygon DLL not present - disabling.
[2017.04.28-13.56.01:708][  0]LogMeshUtilities: Using SimplygonSwarm for distributed automatic mesh merging
[2017.04.28-13.56.01:708][  0]LogMeshUtilities: No automatic skeletal mesh reduction module available
[2017.04.28-13.56.01:708][  0]LogMeshUtilities: No automatic mesh merging module available
[2017.04.28-13.56.02:555][  0]LogNetVersion: GetLocalNetworkVersion: CL: 3299760, ProjectName: battletank, ProjectVersion: , EngineNetworkVersion: 2, GameNetworkVersion: 0, NetworkChecksum: 2512795372
[2017.04.28-13.56.02:614][  0]LogAssetRegistry: FAssetRegistry took 0.0212 seconds to start up
[2017.04.28-13.56.02:694][  0]LogPackageLocalizationCache: Processed 3 localized package path(s) for 2 prioritized culture(s) in 0.033475 seconds
[2017.04.28-13.56.02:700][  0]LogUObjectArray: 32475 objects as part of root set at end of initial load.
[2017.04.28-13.56.02:700][  0]LogUObjectAllocator: 7073360 out of 0 bytes used by permanent object pool.
[2017.04.28-13.56.02:700][  0]LogUObjectArray: CloseDisregardForGC: 0/0 objects in disregard for GC pool
[2017.04.28-13.56.02:797][  0]LogInit: WinSock: version 1.1 (2.2), MaxSocks=32767, MaxUdp=65467
[2017.04.28-13.56.05:525][  0]LogTcpMessaging: Initializing TcpMessaging bridge
[2017.04.28-13.56.05:603][  0]LogUdpMessaging: Initializing bridge on interface 0.0.0.0:0 to multicast group 230.0.0.1:6666.
[2017.04.28-13.56.06:478][  0]LogMaterial: Uniform references updated for custom material expression Custom.
[2017.04.28-13.56.07:146][  0]SourceControl: Info Source control is disabled
[2017.04.28-13.56.07:186][  0]SourceControl: Info Source control is disabled
[2017.04.28-13.56.07:279][  0]SourceControl: Info Source control is disabled
[2017.04.28-13.56.07:376][  0]SourceControl: Info Source control is disabled
[2017.04.28-13.56.09:766][  0]LogEngine: Initializing Engine...
[2017.04.28-13.56.09:767][  0]LogHMD: Failed to initialize OpenVR with code 110
[2017.04.28-13.56.10:095][  0]LogAIModule: Creating AISystem for world Untitled
[2017.04.28-13.56.10:104][  0]LogInit: XAudio2 using 'Speakers (2- High Definition Audio Device)' : 2 channels at 44.1 kHz using 16 bits per sample (channel mask 0x3)
[2017.04.28-13.56.10:115][  0]LogInit: FAudioDevice initialized.
[2017.04.28-13.56.10:143][  0]LogDerivedDataCache: Saved boot cache 0.03s 50MB C:/Users/Sarah/AppData/Local/UnrealEngine/4.15/DerivedDataCache/Boot.ddc.
[2017.04.28-13.56.10:151][  0]LogInit: Texture streaming: Enabled
[2017.04.28-13.56.10:284][  0]LogEngineSessionManager: EngineSessionManager initialized
[2017.04.28-13.56.10:415][  0]LogInit: Transaction tracking system initialized
[2017.04.28-13.56.10:891][  0]BlueprintLog: New page: Editor Load
[2017.04.28-13.56.12:107][  0]LocalizationService: Info Localization service is disabled
[2017.04.28-13.56.13:337][  0]LogConsoleResponse:Display: 
[2017.04.28-13.56.13:530][  0]LogCook:Display: Max memory allowance for cook 16384mb min free memory 0mb
[2017.04.28-13.56.13:530][  0]LogCook:Display: Mobile HDR setting 1
[2017.04.28-13.56.14:497][  0]LogFileCache: Scanning file cache for directory 'C:/Users/Sarah/Documents/Unreal Projects/04_BattleTank/BattleTank/Content/' took 0.01s
[2017.04.28-13.56.15:324][  0]SourceControl: Info Source control is disabled
[2017.04.28-13.56.15:324][  0]Cmd: MAP LOAD FILE="../../../../../../Users/Sarah/Documents/Unreal Projects/04_BattleTank/BattleTank/Content/Levels/BattleGround.umap" TEMPLATE=0 SHOWPROGRESS=1 FEATURELEVEL=3
[2017.04.28-13.56.15:325][  0]LightingResults: New page: Lighting Build
[2017.04.28-13.56.15:381][  0]MapCheck: New page: Map Check
[2017.04.28-13.56.15:381][  0]LightingResults: New page: Lighting Build
[2017.04.28-13.56.16:002][  0]LogAIModule: Creating AISystem for world BattleGround
[2017.04.28-13.56.16:184][  0]LogEditorServer: Finished looking for orphan Actors (0.000 secs)
[2017.04.28-13.56.16:186][  0]Cmd: MAP CHECKDEP NOCLEARLOG
[2017.04.28-13.56.16:240][  0]MapCheck: Info Map check complete: 0 Error(s), 0 Warning(s), took 54.451ms to complete.
[2017.04.28-13.56.16:240][  0]LogFileHelpers: Loading map 'BattleGround' took 0.916
[2017.04.28-13.56.16:487][  0]LogCollectionManager: Loaded 1 collections in 0.003012 seconds
[2017.04.28-13.56.16:585][  0]LogFileCache: Scanning file cache for directory 'C:/Users/Sarah/Documents/Unreal Projects/04_BattleTank/BattleTank/Saved/Collections/' took 0.01s
[2017.04.28-13.56.16:585][  0]LogFileCache: Scanning file cache for directory 'C:/Users/Sarah/Documents/Unreal Projects/04_BattleTank/BattleTank/Content/Developers/Sarah/Collections/' took 0.01s
[2017.04.28-13.56.16:585][  0]LogFileCache: Scanning file cache for directory 'C:/Users/Sarah/Documents/Unreal Projects/04_BattleTank/BattleTank/Content/Collections/' took 0.01s
[2017.04.28-13.56.16:585][  0]LogCollectionManager: Rebuilt the GUID cache for 1 collections in 0.000006 seconds
[2017.04.28-13.56.16:585][  0]LogCollectionManager: Rebuilt the hierarchy cache for 1 collections in 0.000000 seconds
[2017.04.28-13.56.16:600][  0]LogContentBrowser: Native class hierarchy populated in 0.0149 seconds. Added 2255 classes and 453 folders.
[2017.04.28-13.56.16:604][  0]LogStats: UGameplayTagsManager::ConstructGameplayTagTree: Construct from data asset -  0.000 s
[2017.04.28-13.56.16:604][  0]LogStats: UGameplayTagsManager::ConstructGameplayTagTree: GameplayTagTreeChangedEvent.Broadcast -  0.000 s
[2017.04.28-13.56.16:705][  0]LogContentBrowser: Native class hierarchy updated for 'WidgetCarousel' in 0.0041 seconds. Added 0 classes and 0 folders.
[2017.04.28-13.56.17:116][  0]LogContentBrowser: Native class hierarchy updated for 'AddContentDialog' in 0.0039 seconds. Added 0 classes and 0 folders.
[2017.04.28-13.56.17:210][  0]LogContentBrowser: Native class hierarchy updated for 'SceneOutliner' in 0.0058 seconds. Added 1 classes and 2 folders.
[2017.04.28-13.56.17:306][  0]LogCrashTracker: Crashtracker disabled due to settings.
[2017.04.28-13.56.17:313][  0]LogUObjectGlobals:Warning: Failed to find object 'Class None.'
[2017.04.28-13.56.17:430][  0]LogContentBrowser: Native class hierarchy updated for 'HierarchicalLODOutliner' in 0.0048 seconds. Added 1 classes and 2 folders.
[2017.04.28-13.56.17:431][  0]LogLoad: (Engine Initialization) Total time: 26.47 seconds
[2017.04.28-13.56.17:431][  0]LogLoad: (Engine Initialization) Total Blueprint compile time: 0.18 seconds
[2017.04.28-13.56.17:431][  0]LogExternalProfiler: No external profilers were discovered.  External profiling features will not be available.
[2017.04.28-13.56.17:771][  0]LogOcInput: OculusInput pre-init called
[2017.04.28-13.56.17:793][  0]LogContentStreaming: Texture pool size now 600 MB
[2017.04.28-13.56.17:794][  0]LogSlate: Took 0.000232 seconds to synchronously load lazily loaded font '../../../Engine/Content/Slate/Fonts/Roboto-Regular.ttf' (155K)
[2017.04.28-13.56.17:799][  0]LogSlate: Took 0.000237 seconds to synchronously load lazily loaded font '../../../Engine/Content/Slate/Fonts/Roboto-Bold.ttf' (160K)
[2017.04.28-13.56.17:815][  0]LogSlate: Took 0.009438 seconds to synchronously load lazily loaded font '../../../Engine/Content/Editor/Slate/Fonts/FontAwesome.ttf' (139K)
[2017.04.28-13.56.17:822][  0]LogSlate: Took 0.006129 seconds to synchronously load lazily loaded font '../../../Engine/Content/Editor/Slate/Fonts/DroidSansMono.ttf' (77K)
[2017.04.28-13.56.18:120][  1]LogRenderer: Reallocating scene render targets to support 1048x628 NumSamples 1 (Frame:2).
[2017.04.28-13.56.18:120][  1]LogAssetRegistry: Asset discovery search completed in 15.5272 seconds
[2017.04.28-13.56.18:121][  1]LogCollectionManager: Rebuilt the object cache for 1 collections in 0.000007 seconds (found 0 objects)
[2017.04.28-13.56.18:121][  1]LogCollectionManager: Fixed up redirectors for 1 collections in 0.000147 seconds (updated 0 objects)
[2017.04.28-13.56.27:922][ 97]LogSlate: Took 0.004767 seconds to synchronously load lazily loaded font '../../../Engine/Content/Slate/Fonts/Roboto-Light.ttf' (159K)
[2017.04.28-13.56.59:402][420]Recompiling BattleTank...
[2017.04.28-13.56.59:402][420]Launching UnrealBuildTool... [C:/Program Files/Epic Games/UE_4.15/Engine/Binaries/DotNET/UnrealBuildTool.exe BattleTank -ModuleWithSuffix BattleTank 9122 Win64 Development -editorrecompile -canskiplink "C:/Users/Sarah/Documents/Unreal Projects/04_BattleTank/BattleTank/BattleTank.uproject" ]
[2017.04.28-13.56.59:404][420]Warning: Starting HotReload took  0.0s.
[2017.04.28-13.57.00:845][548]CompilerResultsLog: New page: Compilation - Apr 28, 2017, 3:57:00 PM
[2017.04.28-13.57.00:845][548]CompilerResultsLog: Info Compiling game modules for hot reload
[2017.04.28-13.57.00:846][548]CompilerResultsLog: Info Target is up to date
[2017.04.28-13.57.00:846][548]CompilerResultsLog: Info Total build time: 1.07 seconds (NoActionsToExecute executor: 0.00 seconds)
[2017.04.28-13.57.00:846][548]LogMainFrame: MainFrame: Module compiling took 1.450 seconds
[2017.04.28-13.57.00:895][548]LogContentBrowser: Native class hierarchy populated in 0.0155 seconds. Added 2257 classes and 457 folders.
[2017.04.28-13.57.00:895][548]Display: HotReload took  1.5s.
[2017.04.28-13.57.03:285][633]LogTemp: Repeting last play command: Selected Viewport
[2017.04.28-13.57.03:307][633]LogBlueprintUserMessages: Early PlayInEditor Detection: Level '/Game/Levels/BattleGround.BattleGround:PersistentLevel' has LevelScriptBlueprint '/Game/Levels/BattleGround.BattleGround:PersistentLevel.BattleGround' with GeneratedClass '/Game/Levels/BattleGround.BattleGround_C' with ClassGeneratedBy '/Game/Levels/BattleGround.BattleGround:PersistentLevel.BattleGround'
[2017.04.28-13.57.03:308][633]LogPlayLevel: PlayLevel: No blueprints needed recompiling
[2017.04.28-13.57.03:308][633]PIE: New page: PIE session: BattleGround (Apr 28, 2017, 3:57:03 PM)
[2017.04.28-13.57.03:308][633]LogPlayLevel: Creating play world package: /Game/Levels/UEDPIE_0_BattleGround
[2017.04.28-13.57.03:357][633]LogPlayLevel: PIE: StaticDuplicateObject took: (0.048409s)
[2017.04.28-13.57.03:358][633]LogAIModule: Creating AISystem for world BattleGround
[2017.04.28-13.57.03:358][633]LogPlayLevel: PIE: World Init took: (0.001137s)
[2017.04.28-13.57.03:359][633]LogPlayLevel: PIE: Created PIE world by copying editor world from /Game/Levels/BattleGround.BattleGround to /Game/Levels/UEDPIE_0_BattleGround.BattleGround (0.050265s)
[2017.04.28-13.57.03:376][633]LogInit: XAudio2 using 'Speakers (2- High Definition Audio Device)' : 2 channels at 44.1 kHz using 16 bits per sample (channel mask 0x3)
[2017.04.28-13.57.03:387][633]LogInit: FAudioDevice initialized.
[2017.04.28-13.57.03:446][633]LogLoad: Game class is 'BattleTankGameMode_BP_C'
[2017.04.28-13.57.03:454][633]LogWorld: Bringing World /Game/Levels/UEDPIE_0_BattleGround.BattleGround up for play (max tick rate 0) at 2017.04.28-14.57.03
[2017.04.28-13.57.03:455][633]LogWorld: Bringing up level for play took: 0.006958
[2017.04.28-13.57.03:567][633]LogContentBrowser: Native class hierarchy updated for 'MovieSceneCapture' in 0.0055 seconds. Added 11 classes and 0 folders.
[2017.04.28-13.57.03:570][633]LogTemp:Warning: Tank_BP_C_0 has been possessed by Player
[2017.04.28-13.57.03:571][633]PIE: Info Play in editor start time for /Game/Levels/UEDPIE_0_BattleGround 1.163
[2017.04.28-13.57.03:572][633]LogBlueprintUserMessages: Late PlayInEditor Detection: Level '/Game/Levels/BattleGround.BattleGround:PersistentLevel' has LevelScriptBlueprint '/Game/Levels/BattleGround.BattleGround:PersistentLevel.BattleGround' with GeneratedClass '/Game/Levels/BattleGround.BattleGround_C' with ClassGeneratedBy '/Game/Levels/BattleGround.BattleGround:PersistentLevel.BattleGround'
[2017.04.28-14.09.56:383][633]LogCrashTracker: 


[2017.04.28-14.09.56:383][633]LogCrashTracker: 


[2017.04.28-14.09.56:383][633]LogWindows:Error: === Critical error: ===
[2017.04.28-14.09.56:384][633]LogWindows:Error: 
[2017.04.28-14.09.56:384][633]LogWindows:Error: Fatal error!
[2017.04.28-14.09.56:384][633]LogWindows:Error: 
[2017.04.28-14.09.56:384][633]LogWindows:Error: Unhandled Exception: EXCEPTION_ACCESS_VIOLATION reading address 0x00000110
[2017.04.28-14.09.56:384][633]LogWindows:Error: 
[2017.04.28-14.09.56:384][633]LogWindows:Error: UE4Editor-BattleTank-7511.dll!UTankAimingComponent::AimAt() [c:\users\sarah\documents\unreal projects\04_battletank\battletank\source\battletank\private\tankaimingcomponent.cpp:39]
[2017.04.28-14.09.56:384][633]LogWindows:Error: UE4Editor-BattleTank-7511.dll!ATankPlayerController::AimTowardsCrosshair() [c:\users\sarah\documents\unreal projects\04_battletank\battletank\source\battletank\private\tankplayercontroller.cpp:62]
[2017.04.28-14.09.56:384][633]LogWindows:Error: UE4Editor-Engine.dll!0x00000000993233CC
[2017.04.28-14.09.56:385][633]LogWindows:Error: UE4Editor-Engine.dll!0x000000009869AA2E
[2017.04.28-14.09.56:385][633]LogWindows:Error: UE4Editor-Engine.dll!0x000000009961F62D
[2017.04.28-14.09.56:385][633]LogWindows:Error: UE4Editor-Engine.dll!0x00000000996252FD
[2017.04.28-14.09.56:385][633]LogWindows:Error: UE4Editor-Core.dll!0x000000009EFDD83D
[2017.04.28-14.09.56:385][633]LogWindows:Error: UE4Editor-Core.dll!0x000000009EFDDC5D
[2017.04.28-14.09.56:385][633]LogWindows:Error: UE4Editor-Core.dll!0x000000009EFFCCDB
[2017.04.28-14.09.56:385][633]LogWindows:Error: UE4Editor-Engine.dll!0x0000000099649051
[2017.04.28-14.09.56:385][633]LogWindows:Error: UE4Editor-Engine.dll!0x00000000996598D2
[2017.04.28-14.09.56:385][633]LogWindows:Error: UE4Editor-Engine.dll!0x0000000098F87B44
[2017.04.28-14.09.56:385][633]LogWindows:Error: UE4Editor-Engine.dll!0x0000000098F8FC6B
[2017.04.28-14.09.56:385][633]LogWindows:Error: UE4Editor-UnrealEd.dll!0x000000009D596D8E
[2017.04.28-14.09.56:386][633]LogWindows:Error: UE4Editor-UnrealEd.dll!0x000000009DDA1AD6
[2017.04.28-14.09.56:386][633]LogWindows:Error: UE4Editor.exe!0x00000000C875DEE3
[2017.04.28-14.09.56:386][633]LogWindows:Error: UE4Editor.exe!0x00000000C874EB40
[2017.04.28-14.09.56:386][633]LogWindows:Error: UE4Editor.exe!0x00000000C874EBBA
[2017.04.28-14.09.56:386][633]LogWindows:Error: UE4Editor.exe!0x00000000C8760A29
[2017.04.28-14.09.56:386][633]LogWindows:Error: UE4Editor.exe!0x00000000C87622B6
[2017.04.28-14.09.56:386][633]LogWindows:Error: KERNEL32.DLL!0x00000000E12A8364
[2017.04.28-14.09.56:386][633]LogWindows:Error: ntdll.dll!0x00000000E18470D1
[2017.04.28-14.09.56:386][633]LogWindows:Error: ntdll.dll!0x00000000E18470D1
[2017.04.28-14.09.56:387][633]LogWindows:Error: 
[2017.04.28-14.09.56:420][633]LogExit: Executing StaticShutdownAfterError
[2017.04.28-14.09.56:444][633]LogWindows: FPlatformMisc::RequestExit(1)
[2017.04.28-14.09.56:445][633]Log file closed, 04/28/17 15:09:56
