Log file open, 04/27/17 20:26:25
LogInit:Display: Running engine for game: BattleTank
LogPlatformFile: Not using cached read wrapper
LogInit:Display: RandInit(1290413807) SRandInit(1290413807).
LogTaskGraph: Started task graph with 5 named threads and 8 total threads with 1 sets of task threads.
LogStats: Stats thread started at 0.195854
LogInit: Using libcurl 7.47.1
LogInit:  - built for x86_64-pc-win32
LogInit:  - supports SSL with OpenSSL/1.0.2g
LogInit:  - supports HTTP deflate (compression) using libz 1.2.8
LogInit:  - other features:
LogInit:      CURL_VERSION_SSL
LogInit:      CURL_VERSION_LIBZ
LogInit:      CURL_VERSION_IPV6
LogInit:      CURL_VERSION_ASYNCHDNS
LogInit:      CURL_VERSION_LARGEFILE
LogInit:      CURL_VERSION_IDN
LogInit:  CurlRequestOptions (configurable via config and command line):
LogInit:  - bVerifyPeer = false  - Libcurl will NOT verify peer certificate
LogInit:  - bUseHttpProxy = false  - Libcurl will NOT use HTTP proxy
LogInit:  - bDontReuseConnections = false  - Libcurl will reuse connections
LogInit:  - CertBundlePath = nullptr  - Libcurl will use whatever was configured at build time.
LogInit: Build: ++UE4+Release-4.15-CL-3299760
LogInit: Engine Version: 4.15.0-3299760+++UE4+Release-4.15
LogInit: Compatible Engine Version: 4.15.0-3299760+++UE4+Release-4.15
LogInit: Net CL: 3299760
LogDevObjectVersion: Number of dev versions registered: 14
LogDevObjectVersion:   Dev-Blueprints (B0D832E4-1F89-4F0D-ACCF-7EB736FD4AA2): 8
LogDevObjectVersion:   Dev-Build (E1C64328-A22C-4D53-A36C-8E866417BD8C): 0
LogDevObjectVersion:   Dev-Core (375EC13C-06E4-48FB-B500-84F0262A717E): 2
LogDevObjectVersion:   Dev-Editor (E4B068ED-F494-42E9-A231-DA0B2E46BB41): 14
LogDevObjectVersion:   Dev-Framework (CFFC743F-43B0-4480-9391-14DF171D2073): 22
LogDevObjectVersion:   Dev-Mobile (B02B49B5-BB20-44E9-A304-32B752E40360): 0
LogDevObjectVersion:   Dev-Networking (A4E4105C-59A1-49B5-A7C5-40C4547EDFEE): 0
LogDevObjectVersion:   Dev-Online (39C831C9-5AE6-47DC-9A44-9C173E1C8E7C): 0
LogDevObjectVersion:   Dev-Physics (78F01B33-EBEA-4F98-B9B4-84EACCB95AA2): 0
LogDevObjectVersion:   Dev-Platform (6631380F-2D4D-43E0-8009-CF276956A95A): 0
LogDevObjectVersion:   Dev-Rendering (12F88B9F-8875-4AFC-A67C-D90C383ABD29): 12
LogDevObjectVersion:   Dev-Sequencer (7B5AE74C-D270-4C10-A958-57980B212A5A): 3
LogDevObjectVersion:   Dev-VR (D7296918-1DD6-4BDD-9DE2-64A83CC13884): 0
LogDevObjectVersion:   Dev-LoadTimes (C2A15278-BFE7-4AFE-6C17-90FF531DF755): 1
LogInit: Compiled (64-bit): Feb 14 2017 02:04:14
LogInit: Compiled with Visual C++: 19.00.23026.00
LogInit: Build Configuration: Development
LogInit: Branch Name: ++UE4+Release-4.15
LogInit: Command line: -EpicPortal 
LogInit: Base directory: C:/Program Files/Epic Games/UE_4.15/Engine/Binaries/Win64/
LogInit: Installed Engine Build: 1
LogInit: Presizing for max 8388607 objects, including 0 objects not considered by GC, pre-allocating 0 bytes for permanent pool.
LogInit: Object subsystem initialized
[2017.04.27-19.26.28:003][  0]LogInit: Selected Device Profile: [Windows]
[2017.04.27-19.26.28:004][  0]LogInit: Applying CVar settings loaded from the selected device profile: [Windows]
[2017.04.27-19.26.28:072][  0]LogInit: Computer: DESKTOP-0PEK566
[2017.04.27-19.26.28:072][  0]LogInit: User: Sarah
[2017.04.27-19.26.28:072][  0]LogInit: CPU Page size=65536, Cores=4
[2017.04.27-19.26.28:072][  0]LogInit: High frequency timer resolution =2.143576 MHz
[2017.04.27-19.26.28:072][  0]LogMemory: Memory total: Physical=7.9GB (8GB approx)
[2017.04.27-19.26.28:073][  0]LogMemory: Platform Memory Stats for Windows
[2017.04.27-19.26.28:073][  0]LogMemory: Process Physical Memory: 263.78 MB used, 263.78 MB peak
[2017.04.27-19.26.28:073][  0]LogMemory: Process Virtual Memory: 262.45 MB used, 262.45 MB peak
[2017.04.27-19.26.28:073][  0]LogMemory: Physical Memory: 3331.24 MB used,  4753.03 MB free, 8084.27 MB total
[2017.04.27-19.26.28:073][  0]LogMemory: Virtual Memory: 644.18 MB used,  4753.03 MB free, 134217728.00 MB total
[2017.04.27-19.26.28:841][  0]LogTextLocalizationManager: No specific translations for ('en-US') exist, so ('en') translations will be used.
[2017.04.27-19.26.34:855][  0]LogD3D11RHI: D3D11 adapters:
[2017.04.27-19.26.34:931][  0]LogD3D11RHI:    0. 'AMD Radeon HD 7600M Series' (Feature Level 11_0)
[2017.04.27-19.26.34:931][  0]LogD3D11RHI:       1004/0/3840 MB DedicatedVideo/DedicatedSystem/SharedSystem, Outputs:1, VendorId:0x1002
[2017.04.27-19.26.34:940][  0]LogD3D11RHI:    1. 'Intel(R) HD Graphics 4000' (Feature Level 11_0)
[2017.04.27-19.26.34:940][  0]LogD3D11RHI:       32/0/1760 MB DedicatedVideo/DedicatedSystem/SharedSystem, Outputs:0, VendorId:0x8086
[2017.04.27-19.26.34:943][  0]LogD3D11RHI:    2. 'Microsoft Basic Render Driver' (Feature Level 11_0)
[2017.04.27-19.26.34:944][  0]LogD3D11RHI:       0/0/4042 MB DedicatedVideo/DedicatedSystem/SharedSystem, Outputs:0, VendorId:0x1414
[2017.04.27-19.26.34:944][  0]LogD3D11RHI: Chosen D3D11 Adapter: 0
[2017.04.27-19.26.34:967][  0]LogD3D11RHI: Creating new Direct3DDevice
[2017.04.27-19.26.34:968][  0]LogD3D11RHI:     GPU DeviceId: 0x6840 (for the marketing name, search the web for "GPU Device Id")
[2017.04.27-19.26.34:968][  0]LogWindows: EnumDisplayDevices:
[2017.04.27-19.26.34:968][  0]LogWindows:    0. 'Intel(R) HD Graphics 4000' (P:1 D:1)
[2017.04.27-19.26.34:968][  0]LogWindows:    1. 'Intel(R) HD Graphics 4000' (P:0 D:0)
[2017.04.27-19.26.34:969][  0]LogWindows:    2. 'Intel(R) HD Graphics 4000' (P:0 D:0)
[2017.04.27-19.26.34:969][  0]LogWindows: DebugString: PrimaryIsNotTheChoosenAdapter PrimaryIsNotTheChoosenAdapter PrimaryIsNotTheChoosenAdapter FoundDriverCount:0 
[2017.04.27-19.26.34:969][  0]LogD3D11RHI:     Adapter Name: AMD Radeon HD 7600M Series
[2017.04.27-19.26.34:969][  0]LogD3D11RHI:   Driver Version: Unknown (internal:Unknown, unified:Unknown)
[2017.04.27-19.26.34:969][  0]LogD3D11RHI:      Driver Date: Unknown
[2017.04.27-19.26.34:969][  0]LogRHI: Texture pool is 702 MB (70% of 1004 MB)
[2017.04.27-19.26.35:036][  0]LogD3D11RHI: AMD Pre GCN architecture detected, some driver workarounds will be in place
[2017.04.27-19.26.35:115][  0]LogD3D11RHI: Async texture creation enabled
[2017.04.27-19.26.35:137][  0]LogD3D11RHI: GPU Timing Frequency: 27.000000 (Debug: 2 1)
[2017.04.27-19.26.35:139][  0]LogShaderCompilers: Guid format shader working directory is -35 characters bigger than the processId version (../../../../../../Users/Sarah/Documents/Unreal Projects/04_BattleTank/BattleTank/Intermediate/Shaders/WorkingDirectory/68388/).
[2017.04.27-19.26.35:140][  0]LogShaderCompilers: Cleaned the shader compiler working directory 'C:/Users/Sarah/AppData/Local/Temp/UnrealShaderWorkingDir/9BE603A243E40A0FE0951F8F4DB6D2A0/'.
[2017.04.27-19.26.35:140][  0]LogShaderCompilers:Display: Using Local Shader Compiler.
[2017.04.27-19.26.41:274][  0]LogTemp:Display: Loaded TP AllDesktopTargetPlatform
[2017.04.27-19.26.41:470][  0]LogTemp:Display: Loaded TP MacClientTargetPlatform
[2017.04.27-19.26.41:663][  0]LogTemp:Display: Loaded TP MacNoEditorTargetPlatform
[2017.04.27-19.26.41:853][  0]LogTemp:Display: Loaded TP MacServerTargetPlatform
[2017.04.27-19.26.42:062][  0]LogTemp:Display: Loaded TP MacTargetPlatform
[2017.04.27-19.26.42:256][  0]LogTemp:Display: Loaded TP WindowsClientTargetPlatform
[2017.04.27-19.26.42:448][  0]LogTemp:Display: Loaded TP WindowsNoEditorTargetPlatform
[2017.04.27-19.26.42:638][  0]LogTemp:Display: Loaded TP WindowsServerTargetPlatform
[2017.04.27-19.26.42:798][  0]LogTemp:Display: Loaded TP WindowsTargetPlatform
[2017.04.27-19.26.42:990][  0]LogTemp:Display: Loaded TP AndroidTargetPlatform
[2017.04.27-19.26.43:173][  0]LogTemp:Display: Loaded TP Android_ASTCTargetPlatform
[2017.04.27-19.26.43:359][  0]LogTemp:Display: Loaded TP Android_ATCTargetPlatform
[2017.04.27-19.26.43:542][  0]LogTemp:Display: Loaded TP Android_DXTTargetPlatform
[2017.04.27-19.26.43:726][  0]LogTemp:Display: Loaded TP Android_ETC1TargetPlatform
[2017.04.27-19.26.43:908][  0]LogTemp:Display: Loaded TP Android_ETC2TargetPlatform
[2017.04.27-19.26.44:273][  0]LogTemp:Display: Loaded TP Android_MultiTargetPlatform
[2017.04.27-19.26.44:273][  0]LogTemp:Display: Loaded TP Android_PVRTCTargetPlatform
[2017.04.27-19.26.44:402][  0]LogTemp:Display: Loaded TP HTML5TargetPlatform
[2017.04.27-19.26.44:735][  0]LogTemp:Display: Loaded TP IOSTargetPlatform
[2017.04.27-19.26.44:855][  0]LogTemp:Display: Loaded TP TVOSTargetPlatform
[2017.04.27-19.26.45:040][  0]LogTemp:Display: Loaded TP LinuxClientTargetPlatform
[2017.04.27-19.26.45:220][  0]LogTemp:Display: Loaded TP LinuxNoEditorTargetPlatform
[2017.04.27-19.26.45:399][  0]LogTemp:Display: Loaded TP LinuxServerTargetPlatform
[2017.04.27-19.26.45:587][  0]LogTemp:Display: Loaded TP LinuxTargetPlatform
[2017.04.27-19.26.45:587][  0]LogTargetPlatformManager:Display: Building Assets For Windows
[2017.04.27-19.26.47:773][  0]LogDerivedDataCache:Display: Max Cache Size: 512 MB
[2017.04.27-19.26.47:900][  0]LogDerivedDataCache: Loaded boot cache 0.13s 50MB C:/Users/Sarah/AppData/Local/UnrealEngine/4.15/DerivedDataCache/Boot.ddc.
[2017.04.27-19.26.47:900][  0]LogDerivedDataCache:Display: Loaded Boot cache: C:/Users/Sarah/AppData/Local/UnrealEngine/4.15/DerivedDataCache/Boot.ddc
[2017.04.27-19.26.47:901][  0]LogDerivedDataCache: FDerivedDataBackendGraph:  Pak pak cache file ../../../../../../Users/Sarah/Documents/Unreal Projects/04_BattleTank/BattleTank/DerivedDataCache/DDC.ddp not found, will not use a pak cache.
[2017.04.27-19.26.47:901][  0]LogDerivedDataCache: Unable to find inner node Pak for hierarchical cache Hierarchy.
[2017.04.27-19.26.47:901][  0]LogDerivedDataCache: FDerivedDataBackendGraph:  CompressedPak pak cache file ../../../../../../Users/Sarah/Documents/Unreal Projects/04_BattleTank/BattleTank/DerivedDataCache/Compressed.ddp not found, will not use a pak cache.
[2017.04.27-19.26.47:901][  0]LogDerivedDataCache: Unable to find inner node CompressedPak for hierarchical cache Hierarchy.
[2017.04.27-19.26.47:964][  0]LogDerivedDataCache:Display: Pak cache opened for reading ../../../Engine/DerivedDataCache/Compressed.ddp.
[2017.04.27-19.26.47:977][  0]LogDerivedDataCache: Using Local data cache path C:/Users/Sarah/AppData/Local/UnrealEngine/Common/DerivedDataCache: Writable
[2017.04.27-19.26.48:001][  0]LogSlate: Using Freetype 2.6.0
[2017.04.27-19.26.48:032][  0]LogSlate: SlateFontCache - WITH_FREETYPE: 1, WITH_HARFBUZZ: 1
[2017.04.27-19.26.48:032][  0]LogSlate: SlateFontCache - WITH_FREETYPE: 1, WITH_HARFBUZZ: 1
[2017.04.27-19.26.53:911][  0]LogInit: Selected Device Profile: [Windows]
[2017.04.27-19.26.53:921][  0]LogContentStreaming: Texture pool size is 0.00 MB
[2017.04.27-19.26.54:675][  0]LogMeshUtilities: Using QuadricMeshReduction for automatic static mesh reduction
[2017.04.27-19.26.54:845][  0]LogSimplygon: Simplygon DLL not present - disabling.
[2017.04.27-19.26.55:046][  0]LogMeshUtilities: Using SimplygonSwarm for distributed automatic mesh merging
[2017.04.27-19.26.55:046][  0]LogMeshUtilities: No automatic skeletal mesh reduction module available
[2017.04.27-19.26.55:046][  0]LogMeshUtilities: No automatic mesh merging module available
[2017.04.27-19.26.57:953][  0]LogNetVersion: GetLocalNetworkVersion: CL: 3299760, ProjectName: battletank, ProjectVersion: , EngineNetworkVersion: 2, GameNetworkVersion: 0, NetworkChecksum: 2512795372
[2017.04.27-19.26.58:062][  0]LogAssetRegistry: FAssetRegistry took 0.0227 seconds to start up
[2017.04.27-19.26.58:214][  0]LogPackageLocalizationCache: Processed 3 localized package path(s) for 2 prioritized culture(s) in 0.076215 seconds
[2017.04.27-19.26.58:232][  0]LogUObjectArray: 32475 objects as part of root set at end of initial load.
[2017.04.27-19.26.58:232][  0]LogUObjectAllocator: 7073360 out of 0 bytes used by permanent object pool.
[2017.04.27-19.26.58:232][  0]LogUObjectArray: CloseDisregardForGC: 0/0 objects in disregard for GC pool
[2017.04.27-19.26.58:451][  0]LogInit: WinSock: version 1.1 (2.2), MaxSocks=32767, MaxUdp=65467
[2017.04.27-19.27.06:525][  0]LogTcpMessaging: Initializing TcpMessaging bridge
[2017.04.27-19.27.06:679][  0]LogUdpMessaging: Initializing bridge on interface 0.0.0.0:0 to multicast group 230.0.0.1:6666.
[2017.04.27-19.27.08:705][  0]LogMaterial: Uniform references updated for custom material expression Custom.
[2017.04.27-19.27.10:385][  0]SourceControl: Info Source control is disabled
[2017.04.27-19.27.10:701][  0]SourceControl: Info Source control is disabled
[2017.04.27-19.27.10:908][  0]SourceControl: Info Source control is disabled
[2017.04.27-19.27.11:112][  0]SourceControl: Info Source control is disabled
[2017.04.27-19.27.16:486][  0]LogEngine: Initializing Engine...
[2017.04.27-19.27.16:488][  0]LogHMD: Failed to initialize OpenVR with code 110
[2017.04.27-19.27.17:449][  0]LogAIModule: Creating AISystem for world Untitled
[2017.04.27-19.27.17:470][  0]LogInit: XAudio2 using 'Speakers (2- High Definition Audio Device)' : 2 channels at 44.1 kHz using 16 bits per sample (channel mask 0x3)
[2017.04.27-19.27.17:527][  0]LogInit: FAudioDevice initialized.
[2017.04.27-19.27.17:579][  0]LogDerivedDataCache: Saved boot cache 0.05s 50MB C:/Users/Sarah/AppData/Local/UnrealEngine/4.15/DerivedDataCache/Boot.ddc.
[2017.04.27-19.27.17:595][  0]LogInit: Texture streaming: Enabled
[2017.04.27-19.27.17:912][  0]LogEngineSessionManager: EngineSessionManager initialized
[2017.04.27-19.27.18:214][  0]LogInit: Transaction tracking system initialized
[2017.04.27-19.27.19:346][  0]BlueprintLog: New page: Editor Load
[2017.04.27-19.27.22:290][  0]LocalizationService: Info Localization service is disabled
[2017.04.27-19.27.25:286][  0]LogConsoleResponse:Display: 
[2017.04.27-19.27.26:090][  0]LogCook:Display: Max memory allowance for cook 16384mb min free memory 0mb
[2017.04.27-19.27.26:090][  0]LogCook:Display: Mobile HDR setting 1
[2017.04.27-19.27.26:649][  0]LogFileCache: Scanning file cache for directory 'C:/Users/Sarah/Documents/Unreal Projects/04_BattleTank/BattleTank/Content/' took 0.02s
[2017.04.27-19.27.30:364][  0]SourceControl: Info Source control is disabled
[2017.04.27-19.27.30:364][  0]Cmd: MAP LOAD FILE="../../../../../../Users/Sarah/Documents/Unreal Projects/04_BattleTank/BattleTank/Content/Levels/BattleGround.umap" TEMPLATE=0 SHOWPROGRESS=1 FEATURELEVEL=3
[2017.04.27-19.27.30:381][  0]LightingResults: New page: Lighting Build
[2017.04.27-19.27.30:518][  0]MapCheck: New page: Map Check
[2017.04.27-19.27.30:518][  0]LightingResults: New page: Lighting Build
[2017.04.27-19.27.32:183][  0]LogAIModule: Creating AISystem for world BattleGround
[2017.04.27-19.27.32:875][  0]LogEditorServer: Finished looking for orphan Actors (0.000 secs)
[2017.04.27-19.27.32:881][  0]Cmd: MAP CHECKDEP NOCLEARLOG
[2017.04.27-19.27.33:006][  0]MapCheck: Info Map check complete: 0 Error(s), 0 Warning(s), took 124.786ms to complete.
[2017.04.27-19.27.33:006][  0]LogFileHelpers: Loading map 'BattleGround' took 2.642
[2017.04.27-19.27.33:105][  0]LogWindowsTextInputMethodSystem:Display: IME system now deactivated.
[2017.04.27-19.27.33:581][  0]LogCollectionManager: Loaded 1 collections in 0.012253 seconds
[2017.04.27-19.27.33:800][  0]LogFileCache: Scanning file cache for directory 'C:/Users/Sarah/Documents/Unreal Projects/04_BattleTank/BattleTank/Saved/Collections/' took 0.01s
[2017.04.27-19.27.33:800][  0]LogFileCache: Scanning file cache for directory 'C:/Users/Sarah/Documents/Unreal Projects/04_BattleTank/BattleTank/Content/Developers/Sarah/Collections/' took 0.01s
[2017.04.27-19.27.33:800][  0]LogFileCache: Scanning file cache for directory 'C:/Users/Sarah/Documents/Unreal Projects/04_BattleTank/BattleTank/Content/Collections/' took 0.01s
[2017.04.27-19.27.33:800][  0]LogCollectionManager: Rebuilt the GUID cache for 1 collections in 0.000010 seconds
[2017.04.27-19.27.33:800][  0]LogCollectionManager: Rebuilt the hierarchy cache for 1 collections in 0.000001 seconds
[2017.04.27-19.27.33:837][  0]LogContentBrowser: Native class hierarchy populated in 0.0341 seconds. Added 2255 classes and 453 folders.
[2017.04.27-19.27.33:850][  0]LogStats: UGameplayTagsManager::ConstructGameplayTagTree: Construct from data asset -  0.000 s
[2017.04.27-19.27.33:851][  0]LogStats: UGameplayTagsManager::ConstructGameplayTagTree: GameplayTagTreeChangedEvent.Broadcast -  0.000 s
[2017.04.27-19.27.34:070][  0]LogContentBrowser: Native class hierarchy updated for 'WidgetCarousel' in 0.0083 seconds. Added 0 classes and 0 folders.
[2017.04.27-19.27.34:949][  0]LogContentBrowser: Native class hierarchy updated for 'AddContentDialog' in 0.0084 seconds. Added 0 classes and 0 folders.
[2017.04.27-19.27.35:117][  0]LogContentBrowser: Native class hierarchy updated for 'SceneOutliner' in 0.0084 seconds. Added 1 classes and 2 folders.
[2017.04.27-19.27.35:322][  0]LogCrashTracker: Crashtracker disabled due to settings.
[2017.04.27-19.27.35:345][  0]LogUObjectGlobals:Warning: Failed to find object 'Class None.'
[2017.04.27-19.27.35:523][  0]LogContentBrowser: Native class hierarchy updated for 'HierarchicalLODOutliner' in 0.0086 seconds. Added 1 classes and 2 folders.
[2017.04.27-19.27.35:523][  0]LogLoad: (Engine Initialization) Total time: 79.31 seconds
[2017.04.27-19.27.35:523][  0]LogLoad: (Engine Initialization) Total Blueprint compile time: 0.47 seconds
[2017.04.27-19.27.35:523][  0]LogExternalProfiler: No external profilers were discovered.  External profiling features will not be available.
[2017.04.27-19.27.35:534][  0]LogOcInput: OculusInput pre-init called
[2017.04.27-19.27.35:569][  0]LogContentStreaming: Texture pool size now 600 MB
[2017.04.27-19.27.35:581][  0]LogSlate: Took 0.008984 seconds to synchronously load lazily loaded font '../../../Engine/Content/Slate/Fonts/Roboto-Regular.ttf' (155K)
[2017.04.27-19.27.35:599][  0]LogSlate: Took 0.008528 seconds to synchronously load lazily loaded font '../../../Engine/Content/Slate/Fonts/Roboto-Bold.ttf' (160K)
[2017.04.27-19.27.35:631][  0]LogSlate: Took 0.012876 seconds to synchronously load lazily loaded font '../../../Engine/Content/Editor/Slate/Fonts/FontAwesome.ttf' (139K)
[2017.04.27-19.27.36:114][  0]LogSlate: Took 0.011355 seconds to synchronously load lazily loaded font '../../../Engine/Content/Slate/Fonts/Roboto-Light.ttf' (159K)
[2017.04.27-19.27.36:254][  0]LogRenderer: Reallocating scene render targets to support 1220x644 NumSamples 1 (Frame:2).
[2017.04.27-19.27.36:942][  3]LogAssetRegistry: Asset discovery search completed in 38.9030 seconds
[2017.04.27-19.27.36:942][  3]LogCollectionManager: Rebuilt the object cache for 1 collections in 0.000019 seconds (found 0 objects)
[2017.04.27-19.27.36:942][  3]LogCollectionManager: Fixed up redirectors for 1 collections in 0.000084 seconds (updated 0 objects)
[2017.04.27-19.49.47:482][163]LogTemp: Repeting last play command: Selected Viewport
[2017.04.27-19.49.47:589][163]LogBlueprintUserMessages: Early PlayInEditor Detection: Level '/Game/Levels/BattleGround.BattleGround:PersistentLevel' has LevelScriptBlueprint '/Game/Levels/BattleGround.BattleGround:PersistentLevel.BattleGround' with GeneratedClass '/Game/Levels/BattleGround.BattleGround_C' with ClassGeneratedBy '/Game/Levels/BattleGround.BattleGround:PersistentLevel.BattleGround'
[2017.04.27-19.49.47:589][163]LogPlayLevel: PlayLevel: No blueprints needed recompiling
[2017.04.27-19.49.47:594][163]PIE: New page: PIE session: BattleGround (Apr 27, 2017, 9:49:47 PM)
[2017.04.27-19.49.47:595][163]LogPlayLevel: Creating play world package: /Game/Levels/UEDPIE_0_BattleGround
[2017.04.27-19.49.47:797][163]LogPlayLevel: PIE: StaticDuplicateObject took: (0.201431s)
[2017.04.27-19.49.47:799][163]LogAIModule: Creating AISystem for world BattleGround
[2017.04.27-19.49.47:800][163]LogPlayLevel: PIE: World Init took: (0.003501s)
[2017.04.27-19.49.47:801][163]LogPlayLevel: PIE: Created PIE world by copying editor world from /Game/Levels/BattleGround.BattleGround to /Game/Levels/UEDPIE_0_BattleGround.BattleGround (0.206912s)
[2017.04.27-19.49.47:901][163]LogInit: XAudio2 using 'Speakers (2- High Definition Audio Device)' : 2 channels at 44.1 kHz using 16 bits per sample (channel mask 0x3)
[2017.04.27-19.49.48:021][163]LogInit: FAudioDevice initialized.
[2017.04.27-19.49.48:137][163]LogLoad: Game class is 'BattleTankGameMode_BP_C'
[2017.04.27-19.49.48:164][163]LogWorld: Bringing World /Game/Levels/UEDPIE_0_BattleGround.BattleGround up for play (max tick rate 0) at 2017.04.27-20.49.48
[2017.04.27-19.49.48:170][163]LogWorld: Bringing up level for play took: 0.025709
[2017.04.27-19.49.48:441][163]LogContentBrowser: Native class hierarchy updated for 'MovieSceneCapture' in 0.0146 seconds. Added 11 classes and 0 folders.
[2017.04.27-19.49.48:454][163]LogTemp:Warning: Tank_BP_C_0 has possessed by Player
[2017.04.27-19.49.48:456][163]PIE: Info Play in editor start time for /Game/Levels/UEDPIE_0_BattleGround 0.45
[2017.04.27-19.49.48:457][163]LogBlueprintUserMessages: Late PlayInEditor Detection: Level '/Game/Levels/BattleGround.BattleGround:PersistentLevel' has LevelScriptBlueprint '/Game/Levels/BattleGround.BattleGround:PersistentLevel.BattleGround' with GeneratedClass '/Game/Levels/BattleGround.BattleGround_C' with ClassGeneratedBy '/Game/Levels/BattleGround.BattleGround:PersistentLevel.BattleGround'
[2017.04.27-19.49.48:546][163]LogScript:Warning: Accessed None trying to read property BP Aiming Comp. Reference
	PlayerUI_C /Engine/Transient.UnrealEdEngine_0:GameInstance_0.PlayerUI_C_0
	Function /Game/UI/PlayerUI.PlayerUI_C:GetColorAndOpacity_0:00E0
[2017.04.27-19.49.48:716][164]LogScript:Warning: Accessed None trying to read property BP Aiming Comp. Reference
	PlayerUI_C /Engine/Transient.UnrealEdEngine_0:GameInstance_0.PlayerUI_C_0
	Function /Game/UI/PlayerUI.PlayerUI_C:GetColorAndOpacity_0:00E0
[2017.04.27-19.49.48:745][165]LogScript:Warning: Accessed None trying to read property BP Aiming Comp. Reference
	PlayerUI_C /Engine/Transient.UnrealEdEngine_0:GameInstance_0.PlayerUI_C_0
	Function /Game/UI/PlayerUI.PlayerUI_C:GetColorAndOpacity_0:00E0
[2017.04.27-19.49.48:768][166]LogScript:Warning: Accessed None trying to read property BP Aiming Comp. Reference
	PlayerUI_C /Engine/Transient.UnrealEdEngine_0:GameInstance_0.PlayerUI_C_0
	Function /Game/UI/PlayerUI.PlayerUI_C:GetColorAndOpacity_0:00E0
[2017.04.27-19.49.48:791][167]LogScript:Warning: Accessed None trying to read property BP Aiming Comp. Reference
	PlayerUI_C /Engine/Transient.UnrealEdEngine_0:GameInstance_0.PlayerUI_C_0
	Function /Game/UI/PlayerUI.PlayerUI_C:GetColorAndOpacity_0:00E0
[2017.04.27-19.49.48:820][168]LogScript:Warning: Accessed None trying to read property BP Aiming Comp. Reference
	PlayerUI_C /Engine/Transient.UnrealEdEngine_0:GameInstance_0.PlayerUI_C_0
	Function /Game/UI/PlayerUI.PlayerUI_C:GetColorAndOpacity_0:00E0
[2017.04.27-19.49.48:849][169]LogScript:Warning: Accessed None trying to read property BP Aiming Comp. Reference
	PlayerUI_C /Engine/Transient.UnrealEdEngine_0:GameInstance_0.PlayerUI_C_0
	Function /Game/UI/PlayerUI.PlayerUI_C:GetColorAndOpacity_0:00E0
[2017.04.27-19.49.48:884][170]LogScript:Warning: Accessed None trying to read property BP Aiming Comp. Reference
	PlayerUI_C /Engine/Transient.UnrealEdEngine_0:GameInstance_0.PlayerUI_C_0
	Function /Game/UI/PlayerUI.PlayerUI_C:GetColorAndOpacity_0:00E0
[2017.04.27-19.49.48:910][171]LogScript:Warning: Accessed None trying to read property BP Aiming Comp. Reference
	PlayerUI_C /Engine/Transient.UnrealEdEngine_0:GameInstance_0.PlayerUI_C_0
	Function /Game/UI/PlayerUI.PlayerUI_C:GetColorAndOpacity_0:00E0
[2017.04.27-19.49.48:938][172]LogScript:Warning: Accessed None trying to read property BP Aiming Comp. Reference
	PlayerUI_C /Engine/Transient.UnrealEdEngine_0:GameInstance_0.PlayerUI_C_0
	Function /Game/UI/PlayerUI.PlayerUI_C:GetColorAndOpacity_0:00E0
[2017.04.27-19.49.48:961][173]LogScript:Warning: Accessed None trying to read property BP Aiming Comp. Reference
	PlayerUI_C /Engine/Transient.UnrealEdEngine_0:GameInstance_0.PlayerUI_C_0
	Function /Game/UI/PlayerUI.PlayerUI_C:GetColorAndOpacity_0:00E0
[2017.04.27-19.49.48:979][174]LogScript:Warning: Accessed None trying to read property BP Aiming Comp. Reference
	PlayerUI_C /Engine/Transient.UnrealEdEngine_0:GameInstance_0.PlayerUI_C_0
	Function /Game/UI/PlayerUI.PlayerUI_C:GetColorAndOpacity_0:00E0
[2017.04.27-19.49.48:996][175]LogScript:Warning: Accessed None trying to read property BP Aiming Comp. Reference
	PlayerUI_C /Engine/Transient.UnrealEdEngine_0:GameInstance_0.PlayerUI_C_0
	Function /Game/UI/PlayerUI.PlayerUI_C:GetColorAndOpacity_0:00E0
[2017.04.27-19.49.49:021][176]LogScript:Warning: Accessed None trying to read property BP Aiming Comp. Reference
	PlayerUI_C /Engine/Transient.UnrealEdEngine_0:GameInstance_0.PlayerUI_C_0
	Function /Game/UI/PlayerUI.PlayerUI_C:GetColorAndOpacity_0:00E0
[2017.04.27-19.49.49:045][177]LogScript:Warning: Accessed None trying to read property BP Aiming Comp. Reference
	PlayerUI_C /Engine/Transient.UnrealEdEngine_0:GameInstance_0.PlayerUI_C_0
	Function /Game/UI/PlayerUI.PlayerUI_C:GetColorAndOpacity_0:00E0
[2017.04.27-19.49.49:062][178]LogScript:Warning: Accessed None trying to read property BP Aiming Comp. Reference
	PlayerUI_C /Engine/Transient.UnrealEdEngine_0:GameInstance_0.PlayerUI_C_0
	Function /Game/UI/PlayerUI.PlayerUI_C:GetColorAndOpacity_0:00E0
[2017.04.27-19.49.49:084][179]LogScript:Warning: Accessed None trying to read property BP Aiming Comp. Reference
	PlayerUI_C /Engine/Transient.UnrealEdEngine_0:GameInstance_0.PlayerUI_C_0
	Function /Game/UI/PlayerUI.PlayerUI_C:GetColorAndOpacity_0:00E0
[2017.04.27-19.49.51:278][272]LogBlueprintUserMessages: Early EndPlayMap Detection: Level '/Game/Levels/BattleGround.BattleGround:PersistentLevel' has LevelScriptBlueprint '/Game/Levels/BattleGround.BattleGround:PersistentLevel.BattleGround' with GeneratedClass '/Game/Levels/BattleGround.BattleGround_C' with ClassGeneratedBy '/Game/Levels/BattleGround.BattleGround:PersistentLevel.BattleGround'
[2017.04.27-19.49.51:364][272]LogBlueprintUserMessages: Late EndPlayMap Detection: Level '/Game/Levels/BattleGround.BattleGround:PersistentLevel' has LevelScriptBlueprint '/Game/Levels/BattleGround.BattleGround:PersistentLevel.BattleGround' with GeneratedClass '/Game/Levels/BattleGround.BattleGround_C' with ClassGeneratedBy '/Game/Levels/BattleGround.BattleGround:PersistentLevel.BattleGround'
[2017.04.27-19.51.11:482][768]LogSlate: Took 0.000529 seconds to synchronously load lazily loaded font '../../../Engine/Content/Slate/Fonts/Roboto-Light.ttf' (159K)
[2017.04.27-19.51.12:783][768]LogSlate: Took 0.000346 seconds to synchronously load lazily loaded font '../../../Engine/Content/Slate/Fonts/Roboto-Regular.ttf' (155K)
[2017.04.27-19.51.14:242][768]LogContentBrowser: Native class hierarchy updated for 'BlueprintGraph' in 0.0138 seconds. Added 112 classes and 0 folders.
[2017.04.27-19.51.17:909][768]LogSlate: Took 0.000662 seconds to synchronously load lazily loaded font '../../../Engine/Content/Slate/Fonts/Roboto-Light.ttf' (159K)
[2017.04.27-19.51.17:923][768]LogSlate: Took 0.012085 seconds to synchronously load lazily loaded font '../../../Engine/Content/Editor/Slate/Fonts/Roboto-BoldCondensed.ttf' (158K)
[2017.04.27-19.52.11:138][464]Recompiling BattleTank...
[2017.04.27-19.52.11:139][464]Launching UnrealBuildTool... [C:/Program Files/Epic Games/UE_4.15/Engine/Binaries/DotNET/UnrealBuildTool.exe BattleTank -ModuleWithSuffix BattleTank 2023 Win64 Development -editorrecompile -canskiplink "C:/Users/Sarah/Documents/Unreal Projects/04_BattleTank/BattleTank/BattleTank.uproject" ]
[2017.04.27-19.52.11:143][464]Warning: Starting HotReload took  0.4s.
[2017.04.27-19.53.25:803][744]CompilerResultsLog: New page: Compilation - Apr 27, 2017, 9:53:25 PM
[2017.04.27-19.53.25:804][744]CompilerResultsLog: Info Compiling game modules for hot reload
[2017.04.27-19.53.25:804][744]CompilerResultsLog: Info Parsing headers for BattleTankEditor
[2017.04.27-19.53.25:804][744]CompilerResultsLog: Info   Running UnrealHeaderTool "C:\Users\Sarah\Documents\Unreal Projects\04_BattleTank\BattleTank\BattleTank.uproject" "C:\Users\Sarah\Documents\Unreal Projects\04_BattleTank\BattleTank\Intermediate\Build\Win64\BattleTankEditor\Development\BattleTankEditor.uhtmanifest" -LogCmds="loginit warning, logexit warning, logdatabase error" -Unattended -WarningsAsErrors -installed
[2017.04.27-19.53.25:804][744]CompilerResultsLog: Info Reflection code generated for BattleTankEditor in 46.2041821 seconds
[2017.04.27-19.53.25:805][744]CompilerResultsLog: Info Performing 5 actions (4 in parallel)
[2017.04.27-19.53.25:805][744]CompilerResultsLog: Info Tank.cpp
[2017.04.27-19.53.25:805][744]CompilerResultsLog: Info TankAimingComponent.cpp
[2017.04.27-19.53.25:805][744]CompilerResultsLog: Info BattleTank.generated.cpp
[2017.04.27-19.53.25:806][744]CompilerResultsLog: Info [4/5] Link UE4Editor-BattleTank-2023.dll
[2017.04.27-19.53.25:806][744]CompilerResultsLog: Info [5/5] Link UE4Editor-BattleTank-2023.lib
[2017.04.27-19.53.25:806][744]CompilerResultsLog: Info    Creating library C:\Users\Sarah\Documents\Unreal Projects\04_BattleTank\BattleTank\Intermediate\Build\Win64\UE4Editor\Development\UE4Editor-BattleTank-2023.lib and object C:\Users\Sarah\Documents\Unreal Projects\04_BattleTank\BattleTank\Intermediate\Build\Win64\UE4Editor\Development\UE4Editor-BattleTank-2023.exp
[2017.04.27-19.53.25:806][744]CompilerResultsLog: Info    Creating library C:\Users\Sarah\Documents\Unreal Projects\04_BattleTank\BattleTank\Intermediate\Build\Win64\UE4Editor\Development\UE4Editor-BattleTank-2023.suppressed.lib and object C:\Users\Sarah\Documents\Unreal Projects\04_BattleTank\BattleTank\Intermediate\Build\Win64\UE4Editor\Development\UE4Editor-BattleTank-2023.suppressed.exp
[2017.04.27-19.53.25:806][744]CompilerResultsLog: Info Total build time: 72.99 seconds (Local executor: 22.10 seconds)
[2017.04.27-19.53.25:812][744]LogMainFrame: MainFrame: Module compiling took 74.692 seconds
[2017.04.27-19.53.26:409][744]LogClass: EFiringStatus HotReload.
[2017.04.27-19.53.26:419][744]LogHotReload: Re-instancing TankAimingComponent after hot-reload.
[2017.04.27-19.53.26:867][744]LogContentBrowser: Native class hierarchy updated for 'BattleTank' in 0.0088 seconds. Added 11 classes and 3 folders.
[2017.04.27-19.53.26:873][744]Display: HotReload successful (7 functions remapped  0 scriptstructs remapped)
[2017.04.27-19.53.28:608][744]LogContentBrowser: Native class hierarchy populated in 0.0685 seconds. Added 2257 classes and 457 folders.
[2017.04.27-19.53.28:613][744]Display: HotReload took 77.9s.
[2017.04.27-19.53.36:467][807]LogTemp: Repeting last play command: Selected Viewport
[2017.04.27-19.53.36:556][807]LogBlueprintUserMessages: Early PlayInEditor Detection: Level '/Game/Levels/BattleGround.BattleGround:PersistentLevel' has LevelScriptBlueprint '/Game/Levels/BattleGround.BattleGround:PersistentLevel.BattleGround' with GeneratedClass '/Game/Levels/BattleGround.BattleGround_C' with ClassGeneratedBy '/Game/Levels/BattleGround.BattleGround:PersistentLevel.BattleGround'
[2017.04.27-19.53.36:557][807]LogPlayLevel: PlayLevel: No blueprints needed recompiling
[2017.04.27-19.53.36:557][807]PIE: New page: PIE session: BattleGround (Apr 27, 2017, 9:53:36 PM)
[2017.04.27-19.53.36:557][807]LogPlayLevel: Creating play world package: /Game/Levels/UEDPIE_0_BattleGround
[2017.04.27-19.53.36:679][807]LogPlayLevel: PIE: StaticDuplicateObject took: (0.121490s)
[2017.04.27-19.53.36:680][807]LogAIModule: Creating AISystem for world BattleGround
[2017.04.27-19.53.36:681][807]LogPlayLevel: PIE: World Init took: (0.002382s)
[2017.04.27-19.53.36:682][807]LogPlayLevel: PIE: Created PIE world by copying editor world from /Game/Levels/BattleGround.BattleGround to /Game/Levels/UEDPIE_0_BattleGround.BattleGround (0.124566s)
[2017.04.27-19.53.36:839][807]LogInit: XAudio2 using 'Speakers (2- High Definition Audio Device)' : 2 channels at 44.1 kHz using 16 bits per sample (channel mask 0x3)
[2017.04.27-19.53.36:863][807]LogInit: FAudioDevice initialized.
[2017.04.27-19.53.36:910][807]LogLoad: Game class is 'BattleTankGameMode_BP_C'
[2017.04.27-19.53.36:929][807]LogWorld: Bringing World /Game/Levels/UEDPIE_0_BattleGround.BattleGround up for play (max tick rate 0) at 2017.04.27-20.53.36
[2017.04.27-19.53.36:932][807]LogWorld: Bringing up level for play took: 0.018079
[2017.04.27-19.53.36:938][807]LogTemp:Warning: Tank_BP_C_0 has possessed by Player
[2017.04.27-19.53.36:938][807]PIE: Info Play in editor start time for /Game/Levels/UEDPIE_0_BattleGround 0.933
[2017.04.27-19.53.36:939][807]LogBlueprintUserMessages: Late PlayInEditor Detection: Level '/Game/Levels/BattleGround.BattleGround:PersistentLevel' has LevelScriptBlueprint '/Game/Levels/BattleGround.BattleGround:PersistentLevel.BattleGround' with GeneratedClass '/Game/Levels/BattleGround.BattleGround_C' with ClassGeneratedBy '/Game/Levels/BattleGround.BattleGround:PersistentLevel.BattleGround'
[2017.04.27-19.53.36:962][807]LogScript:Warning: Accessed None trying to read property BP Aiming Comp. Reference
	PlayerUI_C /Engine/Transient.UnrealEdEngine_0:GameInstance_1.PlayerUI_C_5
	Function /Game/UI/PlayerUI.PlayerUI_C:GetColorAndOpacity_0:00E0
[2017.04.27-19.53.37:025][808]LogScript:Warning: Accessed None trying to read property BP Aiming Comp. Reference
	PlayerUI_C /Engine/Transient.UnrealEdEngine_0:GameInstance_1.PlayerUI_C_5
	Function /Game/UI/PlayerUI.PlayerUI_C:GetColorAndOpacity_0:00E0
[2017.04.27-19.53.37:050][809]LogScript:Warning: Accessed None trying to read property BP Aiming Comp. Reference
	PlayerUI_C /Engine/Transient.UnrealEdEngine_0:GameInstance_1.PlayerUI_C_5
	Function /Game/UI/PlayerUI.PlayerUI_C:GetColorAndOpacity_0:00E0
[2017.04.27-19.53.37:072][810]LogScript:Warning: Accessed None trying to read property BP Aiming Comp. Reference
	PlayerUI_C /Engine/Transient.UnrealEdEngine_0:GameInstance_1.PlayerUI_C_5
	Function /Game/UI/PlayerUI.PlayerUI_C:GetColorAndOpacity_0:00E0
[2017.04.27-19.53.37:097][811]LogScript:Warning: Accessed None trying to read property BP Aiming Comp. Reference
	PlayerUI_C /Engine/Transient.UnrealEdEngine_0:GameInstance_1.PlayerUI_C_5
	Function /Game/UI/PlayerUI.PlayerUI_C:GetColorAndOpacity_0:00E0
[2017.04.27-19.53.37:120][812]LogScript:Warning: Accessed None trying to read property BP Aiming Comp. Reference
	PlayerUI_C /Engine/Transient.UnrealEdEngine_0:GameInstance_1.PlayerUI_C_5
	Function /Game/UI/PlayerUI.PlayerUI_C:GetColorAndOpacity_0:00E0
[2017.04.27-19.53.37:144][813]LogScript:Warning: Accessed None trying to read property BP Aiming Comp. Reference
	PlayerUI_C /Engine/Transient.UnrealEdEngine_0:GameInstance_1.PlayerUI_C_5
	Function /Game/UI/PlayerUI.PlayerUI_C:GetColorAndOpacity_0:00E0
[2017.04.27-19.53.37:167][814]LogScript:Warning: Accessed None trying to read property BP Aiming Comp. Reference
	PlayerUI_C /Engine/Transient.UnrealEdEngine_0:GameInstance_1.PlayerUI_C_5
	Function /Game/UI/PlayerUI.PlayerUI_C:GetColorAndOpacity_0:00E0
[2017.04.27-19.53.37:192][815]LogScript:Warning: Accessed None trying to read property BP Aiming Comp. Reference
	PlayerUI_C /Engine/Transient.UnrealEdEngine_0:GameInstance_1.PlayerUI_C_5
	Function /Game/UI/PlayerUI.PlayerUI_C:GetColorAndOpacity_0:00E0
[2017.04.27-19.53.37:216][816]LogScript:Warning: Accessed None trying to read property BP Aiming Comp. Reference
	PlayerUI_C /Engine/Transient.UnrealEdEngine_0:GameInstance_1.PlayerUI_C_5
	Function /Game/UI/PlayerUI.PlayerUI_C:GetColorAndOpacity_0:00E0
[2017.04.27-19.53.37:241][817]LogScript:Warning: Accessed None trying to read property BP Aiming Comp. Reference
	PlayerUI_C /Engine/Transient.UnrealEdEngine_0:GameInstance_1.PlayerUI_C_5
	Function /Game/UI/PlayerUI.PlayerUI_C:GetColorAndOpacity_0:00E0
[2017.04.27-19.53.37:263][818]LogScript:Warning: Accessed None trying to read property BP Aiming Comp. Reference
	PlayerUI_C /Engine/Transient.UnrealEdEngine_0:GameInstance_1.PlayerUI_C_5
	Function /Game/UI/PlayerUI.PlayerUI_C:GetColorAndOpacity_0:00E0
[2017.04.27-19.53.37:287][819]LogScript:Warning: Accessed None trying to read property BP Aiming Comp. Reference
	PlayerUI_C /Engine/Transient.UnrealEdEngine_0:GameInstance_1.PlayerUI_C_5
	Function /Game/UI/PlayerUI.PlayerUI_C:GetColorAndOpacity_0:00E0
[2017.04.27-19.53.37:310][820]LogScript:Warning: Accessed None trying to read property BP Aiming Comp. Reference
	PlayerUI_C /Engine/Transient.UnrealEdEngine_0:GameInstance_1.PlayerUI_C_5
	Function /Game/UI/PlayerUI.PlayerUI_C:GetColorAndOpacity_0:00E0
[2017.04.27-19.53.37:335][821]LogScript:Warning: Accessed None trying to read property BP Aiming Comp. Reference
	PlayerUI_C /Engine/Transient.UnrealEdEngine_0:GameInstance_1.PlayerUI_C_5
	Function /Game/UI/PlayerUI.PlayerUI_C:GetColorAndOpacity_0:00E0
[2017.04.27-19.53.37:359][822]LogScript:Warning: Accessed None trying to read property BP Aiming Comp. Reference
	PlayerUI_C /Engine/Transient.UnrealEdEngine_0:GameInstance_1.PlayerUI_C_5
	Function /Game/UI/PlayerUI.PlayerUI_C:GetColorAndOpacity_0:00E0
[2017.04.27-19.53.37:381][823]LogScript:Warning: Accessed None trying to read property BP Aiming Comp. Reference
	PlayerUI_C /Engine/Transient.UnrealEdEngine_0:GameInstance_1.PlayerUI_C_5
	Function /Game/UI/PlayerUI.PlayerUI_C:GetColorAndOpacity_0:00E0
[2017.04.27-19.53.38:636][876]LogBlueprintUserMessages: Early EndPlayMap Detection: Level '/Game/Levels/BattleGround.BattleGround:PersistentLevel' has LevelScriptBlueprint '/Game/Levels/BattleGround.BattleGround:PersistentLevel.BattleGround' with GeneratedClass '/Game/Levels/BattleGround.BattleGround_C' with ClassGeneratedBy '/Game/Levels/BattleGround.BattleGround:PersistentLevel.BattleGround'
[2017.04.27-19.53.38:700][876]LogBlueprintUserMessages: Late EndPlayMap Detection: Level '/Game/Levels/BattleGround.BattleGround:PersistentLevel' has LevelScriptBlueprint '/Game/Levels/BattleGround.BattleGround:PersistentLevel.BattleGround' with GeneratedClass '/Game/Levels/BattleGround.BattleGround_C' with ClassGeneratedBy '/Game/Levels/BattleGround.BattleGround:PersistentLevel.BattleGround'
[2017.04.27-19.54.16:233][218]LogFileHelpers: Editor autosave (incl. sublevels) for '/Game/Levels/BattleGround' took 0.068
[2017.04.27-19.54.16:241][218]OBJ SavePackage: Generating thumbnails for [0] asset(s) in package [/Game/UI/PlayerUI] ([1] browsable assets)...
[2017.04.27-19.54.16:242][218]OBJ SavePackage: Finished generating thumbnails for package [/Game/UI/PlayerUI]
[2017.04.27-19.54.16:609][218]LogSavePackage: Save=164.40ms
[2017.04.27-19.54.16:609][218]LogSavePackage: Moving '../../../../../../Users/Sarah/Documents/Unreal Projects/04_BattleTank/BattleTank/Saved/PlayerUI_Auto11DBFAC3D424714AE1EF0789C91211536.tmp' to '../../../../../../Users/Sarah/Documents/Unreal Projects/04_BattleTank/BattleTank/Saved/Autosaves/Game/UI/PlayerUI_Auto1.uasset'
[2017.04.27-19.54.16:614][218]LogSavePackage:Display: Finished SavePackage ../../../../../../Users/Sarah/Documents/Unreal Projects/04_BattleTank/BattleTank/Saved/Autosaves/Game/UI/PlayerUI_Auto1.uasset
[2017.04.27-19.54.16:615][218]LogFileHelpers: Auto-saving content packages took 0.380
[2017.04.27-19.56.30:936][695]LogSlate: Took 0.011323 seconds to synchronously load lazily loaded font '../../../Engine/Content/Editor/Slate/Fonts/Roboto-Italic.ttf' (157K)
[2017.04.27-20.01.15:579][750]BlueprintLog: New page: Compile TankPlayerController_BP
[2017.04.27-20.01.15:609][750]LogBlueprint:Error: [Compiler TankPlayerController_BP] Error The type of  Array  is undetermined.  Connect something to  Make Array  to imply a specific type.
[2017.04.27-20.01.15:610][750]LogBlueprint:Error: [Compiler TankPlayerController_BP] Error The type of  [ 0]  is undetermined.  Connect something to  Make Array  to imply a specific type.
[2017.04.27-20.01.16:087][750]BlueprintEditorCompileResults:Error: Error The type of  Array  is undetermined.  Connect something to  Make Array  to imply a specific type.
[2017.04.27-20.01.16:087][750]BlueprintEditorCompileResults:Error: Error The type of  [ 0]  is undetermined.  Connect something to  Make Array  to imply a specific type.
[2017.04.27-20.01.16:088][750]LogBlueprint:Warning: [Compiler TankPlayerController_BP] Warning [2099.87] Compile of TankPlayerController_BP failed. 2 Fatal Issue(s) 0 Warning(s) [in 509 ms] (/Game/Tank/TankPlayerController_BP.TankPlayerController_BP)
[2017.04.27-20.01.16:817][761]LogSavePackage: Save=56.00ms
[2017.04.27-20.01.16:817][761]LogSavePackage: Moving '../../../../../../Users/Sarah/Documents/Unreal Projects/04_BattleTank/BattleTank/Saved/TankPlayerController_BPA8FFB5FA4B6866E0664599840B215112.tmp' to '../../../../../../Users/Sarah/Documents/Unreal Projects/04_BattleTank/BattleTank/Content/Tank/TankPlayerController_BP.uasset'
[2017.04.27-20.01.16:826][761]LogSavePackage:Display: Finished SavePackage ../../../../../../Users/Sarah/Documents/Unreal Projects/04_BattleTank/BattleTank/Content/Tank/TankPlayerController_BP.uasset
[2017.04.27-20.02.06:456][428]BlueprintLog: New page: Compile TankPlayerController_BP
[2017.04.27-20.02.08:187][450]LogSavePackage: Save=82.07ms
[2017.04.27-20.02.08:187][450]LogSavePackage: Moving '../../../../../../Users/Sarah/Documents/Unreal Projects/04_BattleTank/BattleTank/Saved/TankPlayerController_BP050EACFB44A8079902CB63BE5ED8DE80.tmp' to '../../../../../../Users/Sarah/Documents/Unreal Projects/04_BattleTank/BattleTank/Content/Tank/TankPlayerController_BP.uasset'
[2017.04.27-20.02.08:198][450]LogSavePackage:Display: Finished SavePackage ../../../../../../Users/Sarah/Documents/Unreal Projects/04_BattleTank/BattleTank/Content/Tank/TankPlayerController_BP.uasset
[2017.04.27-20.02.14:462][582]LogTemp: Repeting last play command: Selected Viewport
[2017.04.27-20.02.14:528][582]LogBlueprintUserMessages: Early PlayInEditor Detection: Level '/Game/Levels/BattleGround.BattleGround:PersistentLevel' has LevelScriptBlueprint '/Game/Levels/BattleGround.BattleGround:PersistentLevel.BattleGround' with GeneratedClass '/Game/Levels/BattleGround.BattleGround_C' with ClassGeneratedBy '/Game/Levels/BattleGround.BattleGround:PersistentLevel.BattleGround'
[2017.04.27-20.02.14:528][582]BlueprintLog: New page: Pre-Play auto-recompile
[2017.04.27-20.02.14:528][582]LogPlayLevel: [PlayLevel] Compiling PlayerUI before play...
[2017.04.27-20.02.14:980][582]LogPlayLevel: PlayLevel: Blueprint regeneration took 451 ms (1 blueprints)
[2017.04.27-20.02.14:980][582]PIE: New page: PIE session: BattleGround (Apr 27, 2017, 10:02:14 PM)
[2017.04.27-20.02.14:980][582]LogPlayLevel: Creating play world package: /Game/Levels/UEDPIE_0_BattleGround
[2017.04.27-20.02.15:130][582]LogPlayLevel: PIE: StaticDuplicateObject took: (0.149340s)
[2017.04.27-20.02.15:133][582]LogAIModule: Creating AISystem for world BattleGround
[2017.04.27-20.02.15:133][582]LogPlayLevel: PIE: World Init took: (0.002939s)
[2017.04.27-20.02.15:134][582]LogPlayLevel: PIE: Created PIE world by copying editor world from /Game/Levels/BattleGround.BattleGround to /Game/Levels/UEDPIE_0_BattleGround.BattleGround (0.153138s)
[2017.04.27-20.02.15:219][582]LogInit: XAudio2 using 'Speakers (2- High Definition Audio Device)' : 2 channels at 44.1 kHz using 16 bits per sample (channel mask 0x3)
[2017.04.27-20.02.15:251][582]LogInit: FAudioDevice initialized.
[2017.04.27-20.02.15:294][582]LogLoad: Game class is 'BattleTankGameMode_BP_C'
[2017.04.27-20.02.15:316][582]LogWorld: Bringing World /Game/Levels/UEDPIE_0_BattleGround.BattleGround up for play (max tick rate 0) at 2017.04.27-21.02.15
[2017.04.27-20.02.15:318][582]LogWorld: Bringing up level for play took: 0.020335
[2017.04.27-20.02.15:330][582]LogTemp:Warning: Tank_BP_C_0 has possessed by Player
[2017.04.27-20.02.15:331][582]PIE: Info Play in editor start time for /Game/Levels/UEDPIE_0_BattleGround 1.325
[2017.04.27-20.02.15:332][582]LogBlueprintUserMessages: Late PlayInEditor Detection: Level '/Game/Levels/BattleGround.BattleGround:PersistentLevel' has LevelScriptBlueprint '/Game/Levels/BattleGround.BattleGround:PersistentLevel.BattleGround' with GeneratedClass '/Game/Levels/BattleGround.BattleGround_C' with ClassGeneratedBy '/Game/Levels/BattleGround.BattleGround:PersistentLevel.BattleGround'
[2017.04.27-20.02.21:177][810]LogBlueprintUserMessages: Early EndPlayMap Detection: Level '/Game/Levels/BattleGround.BattleGround:PersistentLevel' has LevelScriptBlueprint '/Game/Levels/BattleGround.BattleGround:PersistentLevel.BattleGround' with GeneratedClass '/Game/Levels/BattleGround.BattleGround_C' with ClassGeneratedBy '/Game/Levels/BattleGround.BattleGround:PersistentLevel.BattleGround'
[2017.04.27-20.02.21:236][810]LogBlueprintUserMessages: Late EndPlayMap Detection: Level '/Game/Levels/BattleGround.BattleGround:PersistentLevel' has LevelScriptBlueprint '/Game/Levels/BattleGround.BattleGround:PersistentLevel.BattleGround' with GeneratedClass '/Game/Levels/BattleGround.BattleGround_C' with ClassGeneratedBy '/Game/Levels/BattleGround.BattleGround:PersistentLevel.BattleGround'
[2017.04.27-20.02.44:230][221]BlueprintLog: New page: Compile TankPlayerController_BP
[2017.04.27-20.02.45:325][236]LogSavePackage: Save=51.13ms
[2017.04.27-20.02.45:326][236]LogSavePackage: Moving '../../../../../../Users/Sarah/Documents/Unreal Projects/04_BattleTank/BattleTank/Saved/TankPlayerController_BPC57B8AFD4009CE93875B9BA398AC2943.tmp' to '../../../../../../Users/Sarah/Documents/Unreal Projects/04_BattleTank/BattleTank/Content/Tank/TankPlayerController_BP.uasset'
[2017.04.27-20.02.45:335][236]LogSavePackage:Display: Finished SavePackage ../../../../../../Users/Sarah/Documents/Unreal Projects/04_BattleTank/BattleTank/Content/Tank/TankPlayerController_BP.uasset
[2017.04.27-20.02.47:198][279]LogTemp: Repeting last play command: Selected Viewport
[2017.04.27-20.02.47:252][279]LogBlueprintUserMessages: Early PlayInEditor Detection: Level '/Game/Levels/BattleGround.BattleGround:PersistentLevel' has LevelScriptBlueprint '/Game/Levels/BattleGround.BattleGround:PersistentLevel.BattleGround' with GeneratedClass '/Game/Levels/BattleGround.BattleGround_C' with ClassGeneratedBy '/Game/Levels/BattleGround.BattleGround:PersistentLevel.BattleGround'
[2017.04.27-20.02.47:252][279]LogPlayLevel: PlayLevel: No blueprints needed recompiling
[2017.04.27-20.02.47:253][279]PIE: New page: PIE session: BattleGround (Apr 27, 2017, 10:02:47 PM)
[2017.04.27-20.02.47:253][279]LogPlayLevel: Creating play world package: /Game/Levels/UEDPIE_0_BattleGround
[2017.04.27-20.02.47:342][279]LogPlayLevel: PIE: StaticDuplicateObject took: (0.089404s)
[2017.04.27-20.02.47:344][279]LogAIModule: Creating AISystem for world BattleGround
[2017.04.27-20.02.47:344][279]LogPlayLevel: PIE: World Init took: (0.001699s)
[2017.04.27-20.02.47:344][279]LogPlayLevel: PIE: Created PIE world by copying editor world from /Game/Levels/BattleGround.BattleGround to /Game/Levels/UEDPIE_0_BattleGround.BattleGround (0.091623s)
[2017.04.27-20.02.47:391][279]LogInit: XAudio2 using 'Speakers (2- High Definition Audio Device)' : 2 channels at 44.1 kHz using 16 bits per sample (channel mask 0x3)
[2017.04.27-20.02.47:408][279]LogInit: FAudioDevice initialized.
[2017.04.27-20.02.47:445][279]LogLoad: Game class is 'BattleTankGameMode_BP_C'
[2017.04.27-20.02.47:465][279]LogWorld: Bringing World /Game/Levels/UEDPIE_0_BattleGround.BattleGround up for play (max tick rate 0) at 2017.04.27-21.02.47
[2017.04.27-20.02.47:468][279]LogWorld: Bringing up level for play took: 0.019693
[2017.04.27-20.02.47:479][279]LogScriptCore:Warning: Script Msg: Attempted to access index 1 from array K2Node_MakeArray_Array of length 1!
[2017.04.27-20.02.47:479][279]LogTemp:Warning: Tank_BP_C_0 has possessed by Player
[2017.04.27-20.02.47:479][279]PIE: Info Play in editor start time for /Game/Levels/UEDPIE_0_BattleGround -0.527
[2017.04.27-20.02.47:480][279]LogBlueprintUserMessages: Late PlayInEditor Detection: Level '/Game/Levels/BattleGround.BattleGround:PersistentLevel' has LevelScriptBlueprint '/Game/Levels/BattleGround.BattleGround:PersistentLevel.BattleGround' with GeneratedClass '/Game/Levels/BattleGround.BattleGround_C' with ClassGeneratedBy '/Game/Levels/BattleGround.BattleGround:PersistentLevel.BattleGround'
[2017.04.27-20.02.47:499][279]LogScript:Warning: Accessed None trying to read property BP Aiming Comp. Reference
	PlayerUI_C /Engine/Transient.UnrealEdEngine_0:GameInstance_3.PlayerUI_C_1
	Function /Game/UI/PlayerUI.PlayerUI_C:GetColorAndOpacity_0:00E0
[2017.04.27-20.02.47:561][280]LogScript:Warning: Accessed None trying to read property BP Aiming Comp. Reference
	PlayerUI_C /Engine/Transient.UnrealEdEngine_0:GameInstance_3.PlayerUI_C_1
	Function /Game/UI/PlayerUI.PlayerUI_C:GetColorAndOpacity_0:00E0
[2017.04.27-20.02.47:581][281]LogScript:Warning: Accessed None trying to read property BP Aiming Comp. Reference
	PlayerUI_C /Engine/Transient.UnrealEdEngine_0:GameInstance_3.PlayerUI_C_1
	Function /Game/UI/PlayerUI.PlayerUI_C:GetColorAndOpacity_0:00E0
[2017.04.27-20.02.47:601][282]LogScript:Warning: Accessed None trying to read property BP Aiming Comp. Reference
	PlayerUI_C /Engine/Transient.UnrealEdEngine_0:GameInstance_3.PlayerUI_C_1
	Function /Game/UI/PlayerUI.PlayerUI_C:GetColorAndOpacity_0:00E0
[2017.04.27-20.02.47:625][283]LogScript:Warning: Accessed None trying to read property BP Aiming Comp. Reference
	PlayerUI_C /Engine/Transient.UnrealEdEngine_0:GameInstance_3.PlayerUI_C_1
	Function /Game/UI/PlayerUI.PlayerUI_C:GetColorAndOpacity_0:00E0
[2017.04.27-20.02.47:649][284]LogScript:Warning: Accessed None trying to read property BP Aiming Comp. Reference
	PlayerUI_C /Engine/Transient.UnrealEdEngine_0:GameInstance_3.PlayerUI_C_1
	Function /Game/UI/PlayerUI.PlayerUI_C:GetColorAndOpacity_0:00E0
[2017.04.27-20.02.47:673][285]LogScript:Warning: Accessed None trying to read property BP Aiming Comp. Reference
	PlayerUI_C /Engine/Transient.UnrealEdEngine_0:GameInstance_3.PlayerUI_C_1
	Function /Game/UI/PlayerUI.PlayerUI_C:GetColorAndOpacity_0:00E0
[2017.04.27-20.02.47:697][286]LogScript:Warning: Accessed None trying to read property BP Aiming Comp. Reference
	PlayerUI_C /Engine/Transient.UnrealEdEngine_0:GameInstance_3.PlayerUI_C_1
	Function /Game/UI/PlayerUI.PlayerUI_C:GetColorAndOpacity_0:00E0
[2017.04.27-20.02.47:721][287]LogScript:Warning: Accessed None trying to read property BP Aiming Comp. Reference
	PlayerUI_C /Engine/Transient.UnrealEdEngine_0:GameInstance_3.PlayerUI_C_1
	Function /Game/UI/PlayerUI.PlayerUI_C:GetColorAndOpacity_0:00E0
[2017.04.27-20.02.47:746][288]LogScript:Warning: Accessed None trying to read property BP Aiming Comp. Reference
	PlayerUI_C /Engine/Transient.UnrealEdEngine_0:GameInstance_3.PlayerUI_C_1
	Function /Game/UI/PlayerUI.PlayerUI_C:GetColorAndOpacity_0:00E0
[2017.04.27-20.02.47:769][289]LogScript:Warning: Accessed None trying to read property BP Aiming Comp. Reference
	PlayerUI_C /Engine/Transient.UnrealEdEngine_0:GameInstance_3.PlayerUI_C_1
	Function /Game/UI/PlayerUI.PlayerUI_C:GetColorAndOpacity_0:00E0
[2017.04.27-20.02.47:793][290]LogScript:Warning: Accessed None trying to read property BP Aiming Comp. Reference
	PlayerUI_C /Engine/Transient.UnrealEdEngine_0:GameInstance_3.PlayerUI_C_1
	Function /Game/UI/PlayerUI.PlayerUI_C:GetColorAndOpacity_0:00E0
[2017.04.27-20.02.47:817][291]LogScript:Warning: Accessed None trying to read property BP Aiming Comp. Reference
	PlayerUI_C /Engine/Transient.UnrealEdEngine_0:GameInstance_3.PlayerUI_C_1
	Function /Game/UI/PlayerUI.PlayerUI_C:GetColorAndOpacity_0:00E0
[2017.04.27-20.02.47:842][292]LogScript:Warning: Accessed None trying to read property BP Aiming Comp. Reference
	PlayerUI_C /Engine/Transient.UnrealEdEngine_0:GameInstance_3.PlayerUI_C_1
	Function /Game/UI/PlayerUI.PlayerUI_C:GetColorAndOpacity_0:00E0
[2017.04.27-20.02.47:866][293]LogScript:Warning: Accessed None trying to read property BP Aiming Comp. Reference
	PlayerUI_C /Engine/Transient.UnrealEdEngine_0:GameInstance_3.PlayerUI_C_1
	Function /Game/UI/PlayerUI.PlayerUI_C:GetColorAndOpacity_0:00E0
[2017.04.27-20.02.47:890][294]LogScript:Warning: Accessed None trying to read property BP Aiming Comp. Reference
	PlayerUI_C /Engine/Transient.UnrealEdEngine_0:GameInstance_3.PlayerUI_C_1
	Function /Game/UI/PlayerUI.PlayerUI_C:GetColorAndOpacity_0:00E0
[2017.04.27-20.02.47:913][295]LogScript:Warning: Accessed None trying to read property BP Aiming Comp. Reference
	PlayerUI_C /Engine/Transient.UnrealEdEngine_0:GameInstance_3.PlayerUI_C_1
	Function /Game/UI/PlayerUI.PlayerUI_C:GetColorAndOpacity_0:00E0
[2017.04.27-20.02.48:628][325]LogBlueprintUserMessages: Early EndPlayMap Detection: Level '/Game/Levels/BattleGround.BattleGround:PersistentLevel' has LevelScriptBlueprint '/Game/Levels/BattleGround.BattleGround:PersistentLevel.BattleGround' with GeneratedClass '/Game/Levels/BattleGround.BattleGround_C' with ClassGeneratedBy '/Game/Levels/BattleGround.BattleGround:PersistentLevel.BattleGround'
[2017.04.27-20.02.48:689][325]LogBlueprintUserMessages: Late EndPlayMap Detection: Level '/Game/Levels/BattleGround.BattleGround:PersistentLevel' has LevelScriptBlueprint '/Game/Levels/BattleGround.BattleGround:PersistentLevel.BattleGround' with GeneratedClass '/Game/Levels/BattleGround.BattleGround_C' with ClassGeneratedBy '/Game/Levels/BattleGround.BattleGround:PersistentLevel.BattleGround'
[2017.04.27-20.05.19:601][699]LogFileHelpers: Editor autosave (incl. sublevels) for '/Game/Levels/BattleGround' took 0.055
[2017.04.27-20.05.19:604][699]OBJ SavePackage: Generating thumbnails for [0] asset(s) in package [/Game/UI/PlayerUI] ([1] browsable assets)...
[2017.04.27-20.05.19:604][699]OBJ SavePackage: Finished generating thumbnails for package [/Game/UI/PlayerUI]
[2017.04.27-20.05.19:775][699]LogSavePackage: Save=84.56ms
[2017.04.27-20.05.19:775][699]LogSavePackage: Moving '../../../../../../Users/Sarah/Documents/Unreal Projects/04_BattleTank/BattleTank/Saved/PlayerUI_Auto202DBCC504C300129C36537AC63EE388B.tmp' to '../../../../../../Users/Sarah/Documents/Unreal Projects/04_BattleTank/BattleTank/Saved/Autosaves/Game/UI/PlayerUI_Auto2.uasset'
[2017.04.27-20.05.19:783][699]LogSavePackage:Display: Finished SavePackage ../../../../../../Users/Sarah/Documents/Unreal Projects/04_BattleTank/BattleTank/Saved/Autosaves/Game/UI/PlayerUI_Auto2.uasset
[2017.04.27-20.05.19:783][699]LogFileHelpers: Auto-saving content packages took 0.181
[2017.04.27-20.24.55:420][322]Recompiling BattleTank...
[2017.04.27-20.24.55:421][322]Launching UnrealBuildTool... [C:/Program Files/Epic Games/UE_4.15/Engine/Binaries/DotNET/UnrealBuildTool.exe BattleTank -ModuleWithSuffix BattleTank 4927 Win64 Development -editorrecompile -canskiplink "C:/Users/Sarah/Documents/Unreal Projects/04_BattleTank/BattleTank/BattleTank.uproject" ]
[2017.04.27-20.24.55:425][322]Warning: Starting HotReload took  0.0s.
[2017.04.27-20.25.26:454][251]CompilerResultsLog: New page: Compilation - Apr 27, 2017, 10:25:26 PM
[2017.04.27-20.25.26:455][251]CompilerResultsLog: Info Compiling game modules for hot reload
[2017.04.27-20.25.26:455][251]CompilerResultsLog: Info Parsing headers for BattleTankEditor
[2017.04.27-20.25.26:455][251]CompilerResultsLog: Info   Running UnrealHeaderTool "C:\Users\Sarah\Documents\Unreal Projects\04_BattleTank\BattleTank\BattleTank.uproject" "C:\Users\Sarah\Documents\Unreal Projects\04_BattleTank\BattleTank\Intermediate\Build\Win64\BattleTankEditor\Development\BattleTankEditor.uhtmanifest" -LogCmds="loginit warning, logexit warning, logdatabase error" -Unattended -WarningsAsErrors -installed
[2017.04.27-20.25.26:455][251]CompilerResultsLog: Info Reflection code generated for BattleTankEditor in 21.8280765 seconds
[2017.04.27-20.25.26:456][251]CompilerResultsLog: Info Performing 4 actions (4 in parallel)
[2017.04.27-20.25.26:456][251]CompilerResultsLog: Info BattleTank.generated.cpp
[2017.04.27-20.25.26:456][251]CompilerResultsLog: Info TankPlayerController.cpp
[2017.04.27-20.25.26:456][251]CompilerResultsLog:Error: Error C:\Users\Sarah\Documents\Unreal Projects\04_BattleTank\BattleTank\Source\BattleTank\Public\TankPlayerController.h(23) : error C2143: syntax error: missing ';' before 'private'
[2017.04.27-20.25.26:458][251]CompilerResultsLog:Error: Error C:\Users\Sarah\Documents\Unreal Projects\04_BattleTank\BattleTank\Source\BattleTank\Public/TankPlayerController.h(23) : error C2143: syntax error: missing ';' before 'private'
[2017.04.27-20.25.26:460][251]CompilerResultsLog: Info ERROR: UBT ERROR: Failed to produce item: C:\Users\Sarah\Documents\Unreal Projects\04_BattleTank\BattleTank\Binaries\Win64\UE4Editor-BattleTank-4927.dll
[2017.04.27-20.25.26:461][251]CompilerResultsLog: Info Total build time: 29.81 seconds (Local executor: 0.00 seconds)
[2017.04.27-20.25.26:461][251]LogMainFrame: MainFrame: Module compiling took 31.055 seconds
[2017.04.27-20.25.26:463][251]Warning: HotReload failed, recompile failed
[2017.04.27-20.25.42:405][524]Recompiling BattleTank...
[2017.04.27-20.25.42:406][524]Launching UnrealBuildTool... [C:/Program Files/Epic Games/UE_4.15/Engine/Binaries/DotNET/UnrealBuildTool.exe BattleTank -ModuleWithSuffix BattleTank 8705 Win64 Development -editorrecompile -canskiplink "C:/Users/Sarah/Documents/Unreal Projects/04_BattleTank/BattleTank/BattleTank.uproject" ]
[2017.04.27-20.25.42:409][524]Warning: Starting HotReload took  0.1s.
[2017.04.27-20.26.17:283][236]CompilerResultsLog: New page: Compilation - Apr 27, 2017, 10:26:17 PM
[2017.04.27-20.26.17:284][236]CompilerResultsLog: Info Compiling game modules for hot reload
[2017.04.27-20.26.17:284][236]CompilerResultsLog: Info Parsing headers for BattleTankEditor
[2017.04.27-20.26.17:284][236]CompilerResultsLog: Info   Running UnrealHeaderTool "C:\Users\Sarah\Documents\Unreal Projects\04_BattleTank\BattleTank\BattleTank.uproject" "C:\Users\Sarah\Documents\Unreal Projects\04_BattleTank\BattleTank\Intermediate\Build\Win64\BattleTankEditor\Development\BattleTankEditor.uhtmanifest" -LogCmds="loginit warning, logexit warning, logdatabase error" -Unattended -WarningsAsErrors -installed
[2017.04.27-20.26.17:284][236]CompilerResultsLog: Info Reflection code generated for BattleTankEditor in 24.3118951 seconds
[2017.04.27-20.26.17:284][236]CompilerResultsLog: Info Performing 4 actions (4 in parallel)
[2017.04.27-20.26.17:284][236]CompilerResultsLog: Info BattleTank.generated.cpp
[2017.04.27-20.26.17:284][236]CompilerResultsLog: Info TankPlayerController.cpp
[2017.04.27-20.26.17:284][236]CompilerResultsLog: Info [3/4] Link UE4Editor-BattleTank-8705.dll
[2017.04.27-20.26.17:284][236]CompilerResultsLog: Info [4/4] Link UE4Editor-BattleTank-8705.lib
[2017.04.27-20.26.17:285][236]CompilerResultsLog: Info    Creating library C:\Users\Sarah\Documents\Unreal Projects\04_BattleTank\BattleTank\Intermediate\Build\Win64\UE4Editor\Development\UE4Editor-BattleTank-8705.lib and object C:\Users\Sarah\Documents\Unreal Projects\04_BattleTank\BattleTank\Intermediate\Build\Win64\UE4Editor\Development\UE4Editor-BattleTank-8705.exp
[2017.04.27-20.26.17:285][236]CompilerResultsLog: Info    Creating library C:\Users\Sarah\Documents\Unreal Projects\04_BattleTank\BattleTank\Intermediate\Build\Win64\UE4Editor\Development\UE4Editor-BattleTank-8705.suppressed.lib and object C:\Users\Sarah\Documents\Unreal Projects\04_BattleTank\BattleTank\Intermediate\Build\Win64\UE4Editor\Development\UE4Editor-BattleTank-8705.suppressed.exp
[2017.04.27-20.26.17:285][236]CompilerResultsLog: Info Total build time: 33.75 seconds (Local executor: 6.80 seconds)
[2017.04.27-20.26.17:285][236]LogMainFrame: MainFrame: Module compiling took 34.896 seconds
[2017.04.27-20.26.17:491][236]LogClass: Could not find existing class TankPlayerController in package /Script/BattleTank for HotReload, assuming new class
[2017.04.27-20.26.17:492][236]LogClass: Function GetControlledTank is new.
[2017.04.27-20.26.17:494][236]LogClass: EFiringStatus HotReload.
[2017.04.27-20.26.17:506][236]LogHotReload: Re-instancing TankPlayerController after hot-reload.
[2017.04.27-20.26.18:629][236]LogContentBrowser: Native class hierarchy updated for 'BattleTank' in 0.0135 seconds. Added 11 classes and 3 folders.
[2017.04.27-20.26.18:635][236]Display: HotReload successful (6 functions remapped  0 scriptstructs remapped)
[2017.04.27-20.26.20:227][236]LogContentBrowser: Native class hierarchy populated in 0.0589 seconds. Added 2257 classes and 457 folders.
[2017.04.27-20.26.20:227][236]Display: HotReload took 37.9s.
[2017.04.27-20.26.24:747][338]LogTemp: Repeting last play command: Selected Viewport
[2017.04.27-20.26.24:796][338]LogBlueprintUserMessages: Early PlayInEditor Detection: Level '/Game/Levels/BattleGround.BattleGround:PersistentLevel' has LevelScriptBlueprint '/Game/Levels/BattleGround.BattleGround:PersistentLevel.BattleGround' with GeneratedClass '/Game/Levels/BattleGround.BattleGround_C' with ClassGeneratedBy '/Game/Levels/BattleGround.BattleGround:PersistentLevel.BattleGround'
[2017.04.27-20.26.24:797][338]LogPlayLevel: PlayLevel: No blueprints needed recompiling
[2017.04.27-20.26.24:797][338]PIE: New page: PIE session: BattleGround (Apr 27, 2017, 10:26:24 PM)
[2017.04.27-20.26.24:797][338]LogPlayLevel: Creating play world package: /Game/Levels/UEDPIE_0_BattleGround
[2017.04.27-20.26.24:907][338]LogPlayLevel: PIE: StaticDuplicateObject took: (0.109770s)
[2017.04.27-20.26.24:909][338]LogAIModule: Creating AISystem for world BattleGround
[2017.04.27-20.26.24:909][338]LogPlayLevel: PIE: World Init took: (0.002091s)
[2017.04.27-20.26.24:910][338]LogPlayLevel: PIE: Created PIE world by copying editor world from /Game/Levels/BattleGround.BattleGround to /Game/Levels/UEDPIE_0_BattleGround.BattleGround (0.112609s)
[2017.04.27-20.26.25:099][338]LogInit: XAudio2 using 'Speakers (2- High Definition Audio Device)' : 2 channels at 44.1 kHz using 16 bits per sample (channel mask 0x3)
[2017.04.27-20.26.25:119][338]LogInit: FAudioDevice initialized.
[2017.04.27-20.26.25:157][338]LogLoad: Game class is 'BattleTankGameMode_BP_C'
[2017.04.27-20.26.25:175][338]LogWorld: Bringing World /Game/Levels/UEDPIE_0_BattleGround.BattleGround up for play (max tick rate 0) at 2017.04.27-21.26.25
[2017.04.27-20.26.25:177][338]LogWorld: Bringing up level for play took: 0.016835
[2017.04.27-20.26.25:184][338]LogScriptCore:Warning: Script Msg: Attempted to access index 1 from array K2Node_MakeArray_Array of length 1!
[2017.04.27-20.26.25:184][338]LogTemp:Warning: Tank_BP_C_0 has possessed by Player
[2017.04.27-20.26.25:184][338]PIE: Info Play in editor start time for /Game/Levels/UEDPIE_0_BattleGround 1.179
[2017.04.27-20.26.25:185][338]LogBlueprintUserMessages: Late PlayInEditor Detection: Level '/Game/Levels/BattleGround.BattleGround:PersistentLevel' has LevelScriptBlueprint '/Game/Levels/BattleGround.BattleGround:PersistentLevel.BattleGround' with GeneratedClass '/Game/Levels/BattleGround.BattleGround_C' with ClassGeneratedBy '/Game/Levels/BattleGround.BattleGround:PersistentLevel.BattleGround'
[2017.04.27-20.26.25:203][338]LogScript:Warning: Accessed None trying to read property BP Aiming Comp. Reference
	PlayerUI_C /Engine/Transient.UnrealEdEngine_0:GameInstance_4.PlayerUI_C_2
	Function /Game/UI/PlayerUI.PlayerUI_C:GetColorAndOpacity_0:00E0
[2017.04.27-20.26.25:268][339]LogScript:Warning: Accessed None trying to read property BP Aiming Comp. Reference
	PlayerUI_C /Engine/Transient.UnrealEdEngine_0:GameInstance_4.PlayerUI_C_2
	Function /Game/UI/PlayerUI.PlayerUI_C:GetColorAndOpacity_0:00E0
[2017.04.27-20.26.25:288][340]LogScript:Warning: Accessed None trying to read property BP Aiming Comp. Reference
	PlayerUI_C /Engine/Transient.UnrealEdEngine_0:GameInstance_4.PlayerUI_C_2
	Function /Game/UI/PlayerUI.PlayerUI_C:GetColorAndOpacity_0:00E0
[2017.04.27-20.26.25:314][341]LogScript:Warning: Accessed None trying to read property BP Aiming Comp. Reference
	PlayerUI_C /Engine/Transient.UnrealEdEngine_0:GameInstance_4.PlayerUI_C_2
	Function /Game/UI/PlayerUI.PlayerUI_C:GetColorAndOpacity_0:00E0
[2017.04.27-20.26.25:333][342]LogScript:Warning: Accessed None trying to read property BP Aiming Comp. Reference
	PlayerUI_C /Engine/Transient.UnrealEdEngine_0:GameInstance_4.PlayerUI_C_2
	Function /Game/UI/PlayerUI.PlayerUI_C:GetColorAndOpacity_0:00E0
[2017.04.27-20.26.25:353][343]LogScript:Warning: Accessed None trying to read property BP Aiming Comp. Reference
	PlayerUI_C /Engine/Transient.UnrealEdEngine_0:GameInstance_4.PlayerUI_C_2
	Function /Game/UI/PlayerUI.PlayerUI_C:GetColorAndOpacity_0:00E0
[2017.04.27-20.26.25:372][344]LogScript:Warning: Accessed None trying to read property BP Aiming Comp. Reference
	PlayerUI_C /Engine/Transient.UnrealEdEngine_0:GameInstance_4.PlayerUI_C_2
	Function /Game/UI/PlayerUI.PlayerUI_C:GetColorAndOpacity_0:00E0
[2017.04.27-20.26.25:388][345]LogScript:Warning: Accessed None trying to read property BP Aiming Comp. Reference
	PlayerUI_C /Engine/Transient.UnrealEdEngine_0:GameInstance_4.PlayerUI_C_2
	Function /Game/UI/PlayerUI.PlayerUI_C:GetColorAndOpacity_0:00E0
[2017.04.27-20.26.25:404][346]LogScript:Warning: Accessed None trying to read property BP Aiming Comp. Reference
	PlayerUI_C /Engine/Transient.UnrealEdEngine_0:GameInstance_4.PlayerUI_C_2
	Function /Game/UI/PlayerUI.PlayerUI_C:GetColorAndOpacity_0:00E0
[2017.04.27-20.26.25:420][347]LogScript:Warning: Accessed None trying to read property BP Aiming Comp. Reference
	PlayerUI_C /Engine/Transient.UnrealEdEngine_0:GameInstance_4.PlayerUI_C_2
	Function /Game/UI/PlayerUI.PlayerUI_C:GetColorAndOpacity_0:00E0
[2017.04.27-20.26.25:436][348]LogScript:Warning: Accessed None trying to read property BP Aiming Comp. Reference
	PlayerUI_C /Engine/Transient.UnrealEdEngine_0:GameInstance_4.PlayerUI_C_2
	Function /Game/UI/PlayerUI.PlayerUI_C:GetColorAndOpacity_0:00E0
[2017.04.27-20.26.25:452][349]LogScript:Warning: Accessed None trying to read property BP Aiming Comp. Reference
	PlayerUI_C /Engine/Transient.UnrealEdEngine_0:GameInstance_4.PlayerUI_C_2
	Function /Game/UI/PlayerUI.PlayerUI_C:GetColorAndOpacity_0:00E0
[2017.04.27-20.26.25:472][350]LogScript:Warning: Accessed None trying to read property BP Aiming Comp. Reference
	PlayerUI_C /Engine/Transient.UnrealEdEngine_0:GameInstance_4.PlayerUI_C_2
	Function /Game/UI/PlayerUI.PlayerUI_C:GetColorAndOpacity_0:00E0
[2017.04.27-20.26.25:488][351]LogScript:Warning: Accessed None trying to read property BP Aiming Comp. Reference
	PlayerUI_C /Engine/Transient.UnrealEdEngine_0:GameInstance_4.PlayerUI_C_2
	Function /Game/UI/PlayerUI.PlayerUI_C:GetColorAndOpacity_0:00E0
[2017.04.27-20.26.25:504][352]LogScript:Warning: Accessed None trying to read property BP Aiming Comp. Reference
	PlayerUI_C /Engine/Transient.UnrealEdEngine_0:GameInstance_4.PlayerUI_C_2
	Function /Game/UI/PlayerUI.PlayerUI_C:GetColorAndOpacity_0:00E0
[2017.04.27-20.26.25:521][353]LogScript:Warning: Accessed None trying to read property BP Aiming Comp. Reference
	PlayerUI_C /Engine/Transient.UnrealEdEngine_0:GameInstance_4.PlayerUI_C_2
	Function /Game/UI/PlayerUI.PlayerUI_C:GetColorAndOpacity_0:00E0
[2017.04.27-20.26.25:537][354]LogScript:Warning: Accessed None trying to read property BP Aiming Comp. Reference
	PlayerUI_C /Engine/Transient.UnrealEdEngine_0:GameInstance_4.PlayerUI_C_2
	Function /Game/UI/PlayerUI.PlayerUI_C:GetColorAndOpacity_0:00E0
[2017.04.27-20.26.27:504][455]LogBlueprintUserMessages: Early EndPlayMap Detection: Level '/Game/Levels/BattleGround.BattleGround:PersistentLevel' has LevelScriptBlueprint '/Game/Levels/BattleGround.BattleGround:PersistentLevel.BattleGround' with GeneratedClass '/Game/Levels/BattleGround.BattleGround_C' with ClassGeneratedBy '/Game/Levels/BattleGround.BattleGround:PersistentLevel.BattleGround'
[2017.04.27-20.26.27:557][455]LogBlueprintUserMessages: Late EndPlayMap Detection: Level '/Game/Levels/BattleGround.BattleGround:PersistentLevel' has LevelScriptBlueprint '/Game/Levels/BattleGround.BattleGround:PersistentLevel.BattleGround' with GeneratedClass '/Game/Levels/BattleGround.BattleGround_C' with ClassGeneratedBy '/Game/Levels/BattleGround.BattleGround:PersistentLevel.BattleGround'
[2017.04.27-20.27.37:279][438]LogFileHelpers: Editor autosave (incl. sublevels) for '/Game/Levels/BattleGround' took 0.130
[2017.04.27-20.27.37:288][438]OBJ SavePackage: Generating thumbnails for [0] asset(s) in package [/Game/Tank/TankPlayerController_BP] ([1] browsable assets)...
[2017.04.27-20.27.37:288][438]OBJ SavePackage: Finished generating thumbnails for package [/Game/Tank/TankPlayerController_BP]
[2017.04.27-20.27.37:730][438]LogSavePackage: Save=124.92ms
[2017.04.27-20.27.37:730][438]LogSavePackage: Moving '../../../../../../Users/Sarah/Documents/Unreal Projects/04_BattleTank/BattleTank/Saved/TankPlayerController_BP_Auto3A5D592374BDA50E19FCB9F9880956A7A.tmp' to '../../../../../../Users/Sarah/Documents/Unreal Projects/04_BattleTank/BattleTank/Saved/Autosaves/Game/Tank/TankPlayerController_BP_Auto3.uasset'
[2017.04.27-20.27.37:734][438]LogSavePackage:Display: Finished SavePackage ../../../../../../Users/Sarah/Documents/Unreal Projects/04_BattleTank/BattleTank/Saved/Autosaves/Game/Tank/TankPlayerController_BP_Auto3.uasset
[2017.04.27-20.27.37:734][438]LogFileHelpers: Auto-saving content packages took 0.451
[2017.04.27-20.31.39:697][239]Recompiling BattleTank...
[2017.04.27-20.31.39:697][239]Launching UnrealBuildTool... [C:/Program Files/Epic Games/UE_4.15/Engine/Binaries/DotNET/UnrealBuildTool.exe BattleTank -ModuleWithSuffix BattleTank 9478 Win64 Development -editorrecompile -canskiplink "C:/Users/Sarah/Documents/Unreal Projects/04_BattleTank/BattleTank/BattleTank.uproject" ]
[2017.04.27-20.31.39:701][239]Warning: Starting HotReload took  0.0s.
[2017.04.27-20.31.47:371][303]CompilerResultsLog: New page: Compilation - Apr 27, 2017, 10:31:47 PM
[2017.04.27-20.31.47:373][303]CompilerResultsLog: Info Compiling game modules for hot reload
[2017.04.27-20.31.47:373][303]CompilerResultsLog: Info Performing 3 actions (4 in parallel)
[2017.04.27-20.31.47:373][303]CompilerResultsLog: Info TankPlayerController.cpp
[2017.04.27-20.31.47:373][303]CompilerResultsLog:Error: Error C:\Users\Sarah\Documents\Unreal Projects\04_BattleTank\BattleTank\Source\BattleTank\Private\TankPlayerController.cpp(27) : error C3867: 'AActor::FindComponentByClass': non-standard syntax; use '&' to create a pointer to member
[2017.04.27-20.31.47:373][303]CompilerResultsLog:Error: Error C:\Users\Sarah\Documents\Unreal Projects\04_BattleTank\BattleTank\Source\BattleTank\Private\TankPlayerController.cpp(28) : error C3536: 'AimingComponent': cannot be used before it is initialized
[2017.04.27-20.31.47:374][303]CompilerResultsLog:Error: Error C:\Users\Sarah\Documents\Unreal Projects\04_BattleTank\BattleTank\Source\BattleTank\Private\TankPlayerController.cpp(30) : error C2664: 'void ATankPlayerController::FoundAimingComponent(UTankAimingComponent *)': cannot convert argument 1 from 'int' to 'UTankAimingComponent *'
[2017.04.27-20.31.47:374][303]CompilerResultsLog:Error: Error C:\Users\Sarah\Documents\Unreal Projects\04_BattleTank\BattleTank\Source\BattleTank\Private\TankPlayerController.cpp(30) : note: Conversion from integral type to pointer type requires reinterpret_cast, C-style cast or function-style cast
[2017.04.27-20.31.47:374][303]CompilerResultsLog: Info ERROR: UBT ERROR: Failed to produce item: C:\Users\Sarah\Documents\Unreal Projects\04_BattleTank\BattleTank\Binaries\Win64\UE4Editor-BattleTank-9478.dll
[2017.04.27-20.31.47:374][303]CompilerResultsLog: Info Total build time: 6.05 seconds (Local executor: 0.00 seconds)
[2017.04.27-20.31.47:374][303]LogMainFrame: MainFrame: Module compiling took 7.696 seconds
[2017.04.27-20.31.47:375][303]Warning: HotReload failed, recompile failed
[2017.04.27-20.32.41:101][778]Recompiling BattleTank...
[2017.04.27-20.32.41:101][778]Launching UnrealBuildTool... [C:/Program Files/Epic Games/UE_4.15/Engine/Binaries/DotNET/UnrealBuildTool.exe BattleTank -ModuleWithSuffix BattleTank 6854 Win64 Development -editorrecompile -canskiplink "C:/Users/Sarah/Documents/Unreal Projects/04_BattleTank/BattleTank/BattleTank.uproject" ]
[2017.04.27-20.32.41:105][778]Warning: Starting HotReload took  0.0s.
[2017.04.27-20.32.47:695][834]CompilerResultsLog: New page: Compilation - Apr 27, 2017, 10:32:47 PM
[2017.04.27-20.32.47:696][834]CompilerResultsLog: Info Compiling game modules for hot reload
[2017.04.27-20.32.47:696][834]CompilerResultsLog: Info Performing 3 actions (4 in parallel)
[2017.04.27-20.32.47:696][834]CompilerResultsLog: Info TankPlayerController.cpp
[2017.04.27-20.32.47:696][834]CompilerResultsLog:Error: Error C:\Users\Sarah\Documents\Unreal Projects\04_BattleTank\BattleTank\Source\BattleTank\Private\TankPlayerController.cpp(28) : error C3867: 'AActor::FindComponentByClass': non-standard syntax; use '&' to create a pointer to member
[2017.04.27-20.32.47:696][834]CompilerResultsLog:Error: Error C:\Users\Sarah\Documents\Unreal Projects\04_BattleTank\BattleTank\Source\BattleTank\Private\TankPlayerController.cpp(29) : error C3536: 'AimingComponent': cannot be used before it is initialized
[2017.04.27-20.32.47:696][834]CompilerResultsLog:Error: Error C:\Users\Sarah\Documents\Unreal Projects\04_BattleTank\BattleTank\Source\BattleTank\Private\TankPlayerController.cpp(31) : error C2664: 'void ATankPlayerController::FoundAimingComponent(UTankAimingComponent *)': cannot convert argument 1 from 'int' to 'UTankAimingComponent *'
[2017.04.27-20.32.47:696][834]CompilerResultsLog:Error: Error C:\Users\Sarah\Documents\Unreal Projects\04_BattleTank\BattleTank\Source\BattleTank\Private\TankPlayerController.cpp(31) : note: Conversion from integral type to pointer type requires reinterpret_cast, C-style cast or function-style cast
[2017.04.27-20.32.47:696][834]CompilerResultsLog: Info ERROR: UBT ERROR: Failed to produce item: C:\Users\Sarah\Documents\Unreal Projects\04_BattleTank\BattleTank\Binaries\Win64\UE4Editor-BattleTank-6854.dll
[2017.04.27-20.32.47:696][834]CompilerResultsLog: Info Total build time: 5.53 seconds (Local executor: 0.00 seconds)
[2017.04.27-20.32.47:696][834]LogMainFrame: MainFrame: Module compiling took 6.610 seconds
[2017.04.27-20.32.47:696][834]Warning: HotReload failed, recompile failed
[2017.04.27-20.34.52:275][688]Recompiling BattleTank...
[2017.04.27-20.34.52:275][688]Launching UnrealBuildTool... [C:/Program Files/Epic Games/UE_4.15/Engine/Binaries/DotNET/UnrealBuildTool.exe BattleTank -ModuleWithSuffix BattleTank 9372 Win64 Development -editorrecompile -canskiplink "C:/Users/Sarah/Documents/Unreal Projects/04_BattleTank/BattleTank/BattleTank.uproject" ]
[2017.04.27-20.34.52:279][688]Warning: Starting HotReload took  0.0s.
[2017.04.27-20.35.00:509][902]CompilerResultsLog: New page: Compilation - Apr 27, 2017, 10:35:00 PM
[2017.04.27-20.35.00:510][902]CompilerResultsLog: Info Compiling game modules for hot reload
[2017.04.27-20.35.00:510][902]CompilerResultsLog: Info Performing 3 actions (4 in parallel)
[2017.04.27-20.35.00:510][902]CompilerResultsLog: Info TankPlayerController.cpp
[2017.04.27-20.35.00:510][902]CompilerResultsLog: Info [2/3] Link UE4Editor-BattleTank-9372.dll
[2017.04.27-20.35.00:510][902]CompilerResultsLog: Info [3/3] Link UE4Editor-BattleTank-9372.lib
[2017.04.27-20.35.00:510][902]CompilerResultsLog: Info    Creating library C:\Users\Sarah\Documents\Unreal Projects\04_BattleTank\BattleTank\Intermediate\Build\Win64\UE4Editor\Development\UE4Editor-BattleTank-9372.lib and object C:\Users\Sarah\Documents\Unreal Projects\04_BattleTank\BattleTank\Intermediate\Build\Win64\UE4Editor\Development\UE4Editor-BattleTank-9372.exp
[2017.04.27-20.35.00:510][902]CompilerResultsLog: Info    Creating library C:\Users\Sarah\Documents\Unreal Projects\04_BattleTank\BattleTank\Intermediate\Build\Win64\UE4Editor\Development\UE4Editor-BattleTank-9372.suppressed.lib and object C:\Users\Sarah\Documents\Unreal Projects\04_BattleTank\BattleTank\Intermediate\Build\Win64\UE4Editor\Development\UE4Editor-BattleTank-9372.suppressed.exp
[2017.04.27-20.35.00:510][902]CompilerResultsLog: Info Total build time: 7.31 seconds (Local executor: 4.48 seconds)
[2017.04.27-20.35.00:510][902]LogMainFrame: MainFrame: Module compiling took 8.249 seconds
[2017.04.27-20.35.00:775][902]LogClass: EFiringStatus HotReload.
[2017.04.27-20.35.00:794][902]LogContentBrowser: Native class hierarchy updated for 'BattleTank' in 0.0086 seconds. Added 11 classes and 3 folders.
[2017.04.27-20.35.00:797][902]Display: HotReload successful (7 functions remapped  0 scriptstructs remapped)
[2017.04.27-20.35.01:813][902]LogContentBrowser: Native class hierarchy populated in 0.0346 seconds. Added 2257 classes and 457 folders.
[2017.04.27-20.35.01:813][902]Display: HotReload took  9.6s.
[2017.04.27-20.35.04:963][ 13]LogTemp: Repeting last play command: Selected Viewport
[2017.04.27-20.35.05:010][ 13]LogBlueprintUserMessages: Early PlayInEditor Detection: Level '/Game/Levels/BattleGround.BattleGround:PersistentLevel' has LevelScriptBlueprint '/Game/Levels/BattleGround.BattleGround:PersistentLevel.BattleGround' with GeneratedClass '/Game/Levels/BattleGround.BattleGround_C' with ClassGeneratedBy '/Game/Levels/BattleGround.BattleGround:PersistentLevel.BattleGround'
[2017.04.27-20.35.05:011][ 13]BlueprintLog: New page: Pre-Play auto-recompile
[2017.04.27-20.35.05:011][ 13]LogPlayLevel: [PlayLevel] Compiling TankPlayerController_BP before play...
[2017.04.27-20.35.05:194][ 13]LogUObjectBase:Error: Class pointer is invalid or CDO is invalid.
[2017.04.27-20.35.05:992][ 13]LogStats: FPlatformStackWalk::StackWalkAndDump -  0.798 s
[2017.04.27-20.35.05:993][ 13]LogOutputDevice:Error: === Handled ensure: ===
[2017.04.27-20.35.05:993][ 13]LogOutputDevice:Error: 
[2017.04.27-20.35.05:993][ 13]LogOutputDevice:Error: Ensure condition failed: (Object == nullptr) || Object->IsValidLowLevelFast() [File:D:\Build\++UE4+Release-4.15+Compile\Sync\Engine\Source\Runtime\Engine\Private\BlueprintGeneratedClass.cpp] [Line: 1244]
[2017.04.27-20.35.05:993][ 13]LogOutputDevice:Error: Invalid object referenced by the PersistentFrame: 0x00007ffba1aab7a0 (Blueprint object: TankPlayerController_BP_C /Engine/Transient.HOTRELOAD_CDO_DUPLICATE_2, ReferencingProperty: ObjectProperty /Game/Tank/TankPlayerController_BP.TankPlayerController_BP_C:ExecuteUbergraph_TankPlayerController_BP.CallFunc_Array_Get_Item) - If you have a reliable repro for this, please contact the development team with it.
[2017.04.27-20.35.05:993][ 13]LogOutputDevice:Error: Stack: 
[2017.04.27-20.35.05:993][ 13]LogOutputDevice:Error: UE4Editor-Core.dll!0x00000000A19995D6
[2017.04.27-20.35.05:993][ 13]LogOutputDevice:Error: UE4Editor-Core.dll!0x00000000A1749B72
[2017.04.27-20.35.05:993][ 13]LogOutputDevice:Error: UE4Editor-Core.dll!0x00000000A175B656
[2017.04.27-20.35.05:993][ 13]LogOutputDevice:Error: UE4Editor-Engine.dll!0x00000000989ADCB2
[2017.04.27-20.35.05:993][ 13]LogOutputDevice:Error: UE4Editor-CoreUObject.dll!0x00000000A7DA6B17
[2017.04.27-20.35.05:993][ 13]LogOutputDevice:Error: UE4Editor-CoreUObject.dll!0x00000000A7CB1E43
[2017.04.27-20.35.05:993][ 13]LogOutputDevice:Error: UE4Editor-Engine.dll!0x00000000989B5CB0
[2017.04.27-20.35.05:993][ 13]LogOutputDevice:Error: UE4Editor-CoreUObject.dll!0x00000000A7CAC67D
[2017.04.27-20.35.05:993][ 13]LogOutputDevice:Error: UE4Editor-UnrealEd.dll!0x000000009E207D39
[2017.04.27-20.35.05:993][ 13]LogOutputDevice:Error: UE4Editor-UnrealEd.dll!0x000000009E236EBA
[2017.04.27-20.35.05:993][ 13]LogOutputDevice:Error: UE4Editor-UnrealEd.dll!0x000000009E236AB2
[2017.04.27-20.35.05:993][ 13]LogOutputDevice:Error: UE4Editor-UnrealEd.dll!0x000000009E236988
[2017.04.27-20.35.05:993][ 13]LogOutputDevice:Error: UE4Editor-UnrealEd.dll!0x000000009E2556AC
[2017.04.27-20.35.05:993][ 13]LogOutputDevice:Error: UE4Editor-UnrealEd.dll!0x000000009E22689D
[2017.04.27-20.35.05:993][ 13]LogOutputDevice:Error: UE4Editor-UnrealEd.dll!0x000000009E39A0E6
[2017.04.27-20.35.05:993][ 13]LogOutputDevice:Error: UE4Editor-UnrealEd.dll!0x000000009E3842C1
[2017.04.27-20.35.05:993][ 13]LogOutputDevice:Error: UE4Editor-UnrealEd.dll!0x000000009E3A11B4
[2017.04.27-20.35.05:993][ 13]LogOutputDevice:Error: UE4Editor-UnrealEd.dll!0x000000009DE8626B
[2017.04.27-20.35.05:994][ 13]LogOutputDevice:Error: UE4Editor-UnrealEd.dll!0x000000009E691AD6
[2017.04.27-20.35.05:994][ 13]LogOutputDevice:Error: UE4Editor.exe!0x000000004BF4DEE3
[2017.04.27-20.35.05:994][ 13]LogOutputDevice:Error: UE4Editor.exe!0x000000004BF3EB40
[2017.04.27-20.35.05:994][ 13]LogOutputDevice:Error: UE4Editor.exe!0x000000004BF3EBBA
[2017.04.27-20.35.05:994][ 13]LogOutputDevice:Error: UE4Editor.exe!0x000000004BF50A29
[2017.04.27-20.35.05:994][ 13]LogOutputDevice:Error: UE4Editor.exe!0x000000004BF522B6
[2017.04.27-20.35.05:994][ 13]LogOutputDevice:Error: KERNEL32.DLL!0x00000000E12A8364
[2017.04.27-20.35.05:994][ 13]LogOutputDevice:Error: ntdll.dll!0x00000000E18470D1
[2017.04.27-20.35.05:994][ 13]LogOutputDevice:Error: 
[2017.04.27-20.35.05:997][ 13]LogStats:                SubmitErrorReport -  0.000 s
[2017.04.27-20.35.07:178][ 13]LogStats:                    SendNewReport -  1.181 s
[2017.04.27-20.35.07:178][ 13]LogStats:             FDebug::EnsureFailed -  1.984 s
[2017.04.27-20.35.07:379][ 13]LogPlayLevel: PlayLevel: Blueprint regeneration took 2369 ms (1 blueprints)
[2017.04.27-20.35.07:380][ 13]PIE: New page: PIE session: BattleGround (Apr 27, 2017, 10:35:07 PM)
[2017.04.27-20.35.07:380][ 13]LogPlayLevel: Creating play world package: /Game/Levels/UEDPIE_0_BattleGround
[2017.04.27-20.35.07:482][ 13]LogPlayLevel: PIE: StaticDuplicateObject took: (0.101407s)
[2017.04.27-20.35.07:485][ 13]LogAIModule: Creating AISystem for world BattleGround
[2017.04.27-20.35.07:485][ 13]LogPlayLevel: PIE: World Init took: (0.003497s)
[2017.04.27-20.35.07:486][ 13]LogPlayLevel: PIE: Created PIE world by copying editor world from /Game/Levels/BattleGround.BattleGround to /Game/Levels/UEDPIE_0_BattleGround.BattleGround (0.105516s)
[2017.04.27-20.35.07:584][ 13]LogInit: XAudio2 using 'Speakers (2- High Definition Audio Device)' : 2 channels at 44.1 kHz using 16 bits per sample (channel mask 0x3)
[2017.04.27-20.35.07:603][ 13]LogInit: FAudioDevice initialized.
[2017.04.27-20.35.07:641][ 13]LogLoad: Game class is 'BattleTankGameMode_BP_C'
[2017.04.27-20.35.07:658][ 13]LogWorld: Bringing World /Game/Levels/UEDPIE_0_BattleGround.BattleGround up for play (max tick rate 0) at 2017.04.27-21.35.07
[2017.04.27-20.35.07:660][ 13]LogWorld: Bringing up level for play took: 0.015357
[2017.04.27-20.35.07:665][ 13]LogTemp:Warning: Tank_BP_C_0 has possessed by Player
[2017.04.27-20.35.07:666][ 13]LogScriptCore:Warning: Script Msg: Attempted to access index 1 from array K2Node_MakeArray_Array of length 1!
[2017.04.27-20.35.07:666][ 13]PIE: Info Play in editor start time for /Game/Levels/UEDPIE_0_BattleGround 1.661
[2017.04.27-20.35.07:667][ 13]LogBlueprintUserMessages: Late PlayInEditor Detection: Level '/Game/Levels/BattleGround.BattleGround:PersistentLevel' has LevelScriptBlueprint '/Game/Levels/BattleGround.BattleGround:PersistentLevel.BattleGround' with GeneratedClass '/Game/Levels/BattleGround.BattleGround_C' with ClassGeneratedBy '/Game/Levels/BattleGround.BattleGround:PersistentLevel.BattleGround'
[2017.04.27-20.35.07:688][ 13]LogScript:Warning: Accessed None trying to read property BP Aiming Comp. Reference
	PlayerUI_C /Engine/Transient.UnrealEdEngine_0:GameInstance_5.PlayerUI_C_3
	Function /Game/UI/PlayerUI.PlayerUI_C:GetColorAndOpacity_0:00E0
[2017.04.27-20.35.07:812][ 14]LogScript:Warning: Accessed None trying to read property BP Aiming Comp. Reference
	PlayerUI_C /Engine/Transient.UnrealEdEngine_0:GameInstance_5.PlayerUI_C_3
	Function /Game/UI/PlayerUI.PlayerUI_C:GetColorAndOpacity_0:00E0
[2017.04.27-20.35.07:839][ 15]LogScript:Warning: Accessed None trying to read property BP Aiming Comp. Reference
	PlayerUI_C /Engine/Transient.UnrealEdEngine_0:GameInstance_5.PlayerUI_C_3
	Function /Game/UI/PlayerUI.PlayerUI_C:GetColorAndOpacity_0:00E0
[2017.04.27-20.35.07:861][ 16]LogScript:Warning: Accessed None trying to read property BP Aiming Comp. Reference
	PlayerUI_C /Engine/Transient.UnrealEdEngine_0:GameInstance_5.PlayerUI_C_3
	Function /Game/UI/PlayerUI.PlayerUI_C:GetColorAndOpacity_0:00E0
[2017.04.27-20.35.07:883][ 17]LogScript:Warning: Accessed None trying to read property BP Aiming Comp. Reference
	PlayerUI_C /Engine/Transient.UnrealEdEngine_0:GameInstance_5.PlayerUI_C_3
	Function /Game/UI/PlayerUI.PlayerUI_C:GetColorAndOpacity_0:00E0
[2017.04.27-20.35.07:902][ 18]LogScript:Warning: Accessed None trying to read property BP Aiming Comp. Reference
	PlayerUI_C /Engine/Transient.UnrealEdEngine_0:GameInstance_5.PlayerUI_C_3
	Function /Game/UI/PlayerUI.PlayerUI_C:GetColorAndOpacity_0:00E0
[2017.04.27-20.35.07:922][ 19]LogScript:Warning: Accessed None trying to read property BP Aiming Comp. Reference
	PlayerUI_C /Engine/Transient.UnrealEdEngine_0:GameInstance_5.PlayerUI_C_3
	Function /Game/UI/PlayerUI.PlayerUI_C:GetColorAndOpacity_0:00E0
[2017.04.27-20.35.07:940][ 20]LogScript:Warning: Accessed None trying to read property BP Aiming Comp. Reference
	PlayerUI_C /Engine/Transient.UnrealEdEngine_0:GameInstance_5.PlayerUI_C_3
	Function /Game/UI/PlayerUI.PlayerUI_C:GetColorAndOpacity_0:00E0
[2017.04.27-20.35.07:960][ 21]LogScript:Warning: Accessed None trying to read property BP Aiming Comp. Reference
	PlayerUI_C /Engine/Transient.UnrealEdEngine_0:GameInstance_5.PlayerUI_C_3
	Function /Game/UI/PlayerUI.PlayerUI_C:GetColorAndOpacity_0:00E0
[2017.04.27-20.35.07:978][ 22]LogScript:Warning: Accessed None trying to read property BP Aiming Comp. Reference
	PlayerUI_C /Engine/Transient.UnrealEdEngine_0:GameInstance_5.PlayerUI_C_3
	Function /Game/UI/PlayerUI.PlayerUI_C:GetColorAndOpacity_0:00E0
[2017.04.27-20.35.07:995][ 23]LogScript:Warning: Accessed None trying to read property BP Aiming Comp. Reference
	PlayerUI_C /Engine/Transient.UnrealEdEngine_0:GameInstance_5.PlayerUI_C_3
	Function /Game/UI/PlayerUI.PlayerUI_C:GetColorAndOpacity_0:00E0
[2017.04.27-20.35.08:014][ 24]LogScript:Warning: Accessed None trying to read property BP Aiming Comp. Reference
	PlayerUI_C /Engine/Transient.UnrealEdEngine_0:GameInstance_5.PlayerUI_C_3
	Function /Game/UI/PlayerUI.PlayerUI_C:GetColorAndOpacity_0:00E0
[2017.04.27-20.35.08:034][ 25]LogScript:Warning: Accessed None trying to read property BP Aiming Comp. Reference
	PlayerUI_C /Engine/Transient.UnrealEdEngine_0:GameInstance_5.PlayerUI_C_3
	Function /Game/UI/PlayerUI.PlayerUI_C:GetColorAndOpacity_0:00E0
[2017.04.27-20.35.08:055][ 26]LogScript:Warning: Accessed None trying to read property BP Aiming Comp. Reference
	PlayerUI_C /Engine/Transient.UnrealEdEngine_0:GameInstance_5.PlayerUI_C_3
	Function /Game/UI/PlayerUI.PlayerUI_C:GetColorAndOpacity_0:00E0
[2017.04.27-20.35.08:074][ 27]LogScript:Warning: Accessed None trying to read property BP Aiming Comp. Reference
	PlayerUI_C /Engine/Transient.UnrealEdEngine_0:GameInstance_5.PlayerUI_C_3
	Function /Game/UI/PlayerUI.PlayerUI_C:GetColorAndOpacity_0:00E0
[2017.04.27-20.35.08:094][ 28]LogScript:Warning: Accessed None trying to read property BP Aiming Comp. Reference
	PlayerUI_C /Engine/Transient.UnrealEdEngine_0:GameInstance_5.PlayerUI_C_3
	Function /Game/UI/PlayerUI.PlayerUI_C:GetColorAndOpacity_0:00E0
[2017.04.27-20.35.08:116][ 29]LogScript:Warning: Accessed None trying to read property BP Aiming Comp. Reference
	PlayerUI_C /Engine/Transient.UnrealEdEngine_0:GameInstance_5.PlayerUI_C_3
	Function /Game/UI/PlayerUI.PlayerUI_C:GetColorAndOpacity_0:00E0
[2017.04.27-20.35.10:509][145]LogBlueprintUserMessages: Early EndPlayMap Detection: Level '/Game/Levels/BattleGround.BattleGround:PersistentLevel' has LevelScriptBlueprint '/Game/Levels/BattleGround.BattleGround:PersistentLevel.BattleGround' with GeneratedClass '/Game/Levels/BattleGround.BattleGround_C' with ClassGeneratedBy '/Game/Levels/BattleGround.BattleGround:PersistentLevel.BattleGround'
[2017.04.27-20.35.10:561][145]LogBlueprintUserMessages: Late EndPlayMap Detection: Level '/Game/Levels/BattleGround.BattleGround:PersistentLevel' has LevelScriptBlueprint '/Game/Levels/BattleGround.BattleGround:PersistentLevel.BattleGround' with GeneratedClass '/Game/Levels/BattleGround.BattleGround_C' with ClassGeneratedBy '/Game/Levels/BattleGround.BattleGround:PersistentLevel.BattleGround'
[2017.04.27-20.35.11:630][177]LogSlate: Took 0.016370 seconds to synchronously load lazily loaded font '../../../Engine/Content/Editor/Slate/Fonts/DroidSansMono.ttf' (77K)
[2017.04.27-20.37.43:999][649]LogFileHelpers: Editor autosave (incl. sublevels) for '/Game/Levels/BattleGround' took 0.043
[2017.04.27-20.37.44:004][649]OBJ SavePackage: Generating thumbnails for [0] asset(s) in package [/Game/Tank/TankPlayerController_BP] ([1] browsable assets)...
[2017.04.27-20.37.44:004][649]OBJ SavePackage: Finished generating thumbnails for package [/Game/Tank/TankPlayerController_BP]
[2017.04.27-20.37.44:187][649]LogSavePackage: Save=80.47ms
[2017.04.27-20.37.44:188][649]LogSavePackage: Moving '../../../../../../Users/Sarah/Documents/Unreal Projects/04_BattleTank/BattleTank/Saved/TankPlayerController_BP_Auto477E256CD4891535D8D18B39A999E5ED1.tmp' to '../../../../../../Users/Sarah/Documents/Unreal Projects/04_BattleTank/BattleTank/Saved/Autosaves/Game/Tank/TankPlayerController_BP_Auto4.uasset'
[2017.04.27-20.37.44:195][649]LogSavePackage:Display: Finished SavePackage ../../../../../../Users/Sarah/Documents/Unreal Projects/04_BattleTank/BattleTank/Saved/Autosaves/Game/Tank/TankPlayerController_BP_Auto4.uasset
[2017.04.27-20.37.44:196][649]LogFileHelpers: Auto-saving content packages took 0.194
[2017.04.27-20.41.57:583][472]LogCrashTracker: 


[2017.04.27-20.41.57:583][472]LogCrashTracker: 


[2017.04.27-20.41.57:583][472]LogWindows:Error: === Critical error: ===
[2017.04.27-20.41.57:583][472]LogWindows:Error: 
[2017.04.27-20.41.57:583][472]LogWindows:Error: Unhandled Exception: EXCEPTION_ACCESS_VIOLATION reading address 0x00000008
[2017.04.27-20.41.57:584][472]LogWindows:Error: 
[2017.04.27-20.41.57:584][472]LogWindows:Error: UE4Editor-Core.dll!0x00000000A170B1EA
[2017.04.27-20.41.57:584][472]LogWindows:Error: UE4Editor-BlueprintGraph.dll!0x000000009FF893D9
[2017.04.27-20.41.57:584][472]LogWindows:Error: UE4Editor-Kismet.dll!0x000000009D1751F4
[2017.04.27-20.41.57:584][472]LogWindows:Error: UE4Editor-Kismet.dll!0x000000009D19C724
[2017.04.27-20.41.57:585][472]LogWindows:Error: UE4Editor-Kismet.dll!0x000000009D1A1349
[2017.04.27-20.41.57:585][472]LogWindows:Error: UE4Editor-Kismet.dll!0x000000009D1E36BD
[2017.04.27-20.41.57:585][472]LogWindows:Error: UE4Editor-Kismet.dll!0x000000009D1A1A03
[2017.04.27-20.41.57:585][472]LogWindows:Error: UE4Editor-Kismet.dll!0x000000009D3A17A4
[2017.04.27-20.41.57:585][472]LogWindows:Error: UE4Editor-Kismet.dll!0x000000009D4DD3BC
[2017.04.27-20.41.57:586][472]LogWindows:Error: UE4Editor-Kismet.dll!0x000000009D4E177C
[2017.04.27-20.41.57:586][472]LogWindows:Error: UE4Editor-GraphEditor.dll!0x00000000978E6F26
[2017.04.27-20.41.57:586][472]LogWindows:Error: UE4Editor-GraphEditor.dll!0x00000000977F8ACF
[2017.04.27-20.41.57:586][472]LogWindows:Error: UE4Editor-Kismet.dll!0x000000009D38EC4F
[2017.04.27-20.41.57:587][472]LogWindows:Error: UE4Editor-Kismet.dll!0x000000009D4BB70A
[2017.04.27-20.41.57:587][472]LogWindows:Error: UE4Editor-Kismet.dll!0x000000009D3B028F
[2017.04.27-20.41.57:587][472]LogWindows:Error: UE4Editor-Kismet.dll!0x000000009D38E323
[2017.04.27-20.41.57:587][472]LogWindows:Error: UE4Editor-Kismet.dll!0x000000009D3B088F
[2017.04.27-20.41.57:587][472]LogWindows:Error: UE4Editor-Kismet.dll!0x000000009D0EA3A3
[2017.04.27-20.41.57:588][472]LogWindows:Error: UE4Editor-Kismet.dll!0x000000009D124919
[2017.04.27-20.41.57:588][472]LogWindows:Error: UE4Editor-Kismet.dll!0x000000009D114034
[2017.04.27-20.41.57:588][472]LogWindows:Error: UE4Editor-Kismet.dll!0x000000009D18D329
[2017.04.27-20.41.57:588][472]LogWindows:Error: UE4Editor-Kismet.dll!0x000000009D29E64E
[2017.04.27-20.41.57:588][472]LogWindows:Error: UE4Editor-AssetTools.dll!0x00000000A3D1B08C
[2017.04.27-20.41.57:589][472]LogWindows:Error: UE4Editor-UnrealEd.dll!0x000000009E66E4F3
[2017.04.27-20.41.57:589][472]LogWindows:Error: UE4Editor-AssetTools.dll!0x00000000A3CBE08A
[2017.04.27-20.41.57:589][472]LogWindows:Error: UE4Editor-ContentBrowser.dll!0x0000000092A97548
[2017.04.27-20.41.57:589][472]LogWindows:Error: UE4Editor-ContentBrowser.dll!0x0000000092A4AA27
[2017.04.27-20.41.57:589][472]LogWindows:Error: UE4Editor-ContentBrowser.dll!0x0000000092A50947
[2017.04.27-20.41.57:590][472]LogWindows:Error: UE4Editor-ContentBrowser.dll!0x0000000092A4D201
[2017.04.27-20.41.57:590][472]LogWindows:Error: UE4Editor-ContentBrowser.dll!0x0000000092AA1189
[2017.04.27-20.41.57:590][472]LogWindows:Error: UE4Editor-ContentBrowser.dll!0x0000000092A49031
[2017.04.27-20.41.57:590][472]LogWindows:Error: UE4Editor-ContentBrowser.dll!0x0000000092A4F7DF
[2017.04.27-20.41.57:591][472]LogWindows:Error: UE4Editor-ContentBrowser.dll!0x0000000092A4D34A
[2017.04.27-20.41.57:591][472]LogWindows:Error: UE4Editor-ContentBrowser.dll!0x0000000092AB0880
[2017.04.27-20.41.57:591][472]LogWindows:Error: UE4Editor-ContentBrowser.dll!0x0000000092AA13EA
[2017.04.27-20.41.57:592][472]LogWindows:Error: UE4Editor-Slate.dll!0x00000000A2B64A7E
[2017.04.27-20.41.57:592][472]LogWindows:Error: UE4Editor-Slate.dll!0x00000000A2B3444E
[2017.04.27-20.41.57:592][472]LogWindows:Error: UE4Editor-Slate.dll!0x00000000A2BD58E4
[2017.04.27-20.41.57:593][472]LogWindows:Error: UE4Editor-Slate.dll!0x00000000A2BC0435
[2017.04.27-20.41.57:593][472]LogWindows:Error: UE4Editor-Slate.dll!0x00000000A2BAF7B9
[2017.04.27-20.41.57:593][472]LogWindows:Error: UE4Editor-Core.dll!0x00000000A198CD97
[2017.04.27-20.41.57:594][472]LogWindows:Error: UE4Editor-Core.dll!0x00000000A19767B1
[2017.04.27-20.41.57:594][472]LogWindows:Error: UE4Editor-Core.dll!0x00000000A198EA0C
[2017.04.27-20.41.57:594][472]LogWindows:Error: UE4Editor-Core.dll!0x00000000A19726D9
[2017.04.27-20.41.57:594][472]LogWindows:Error: USER32.dll!0x00000000DEFC1C24
[2017.04.27-20.41.57:595][472]LogWindows:Error: USER32.dll!0x00000000DEFC156C
[2017.04.27-20.41.57:595][472]LogWindows:Error: UE4Editor-Core.dll!0x00000000A198F316
[2017.04.27-20.41.57:595][472]LogWindows:Error: UE4Editor.exe!0x000000004BF4D790
[2017.04.27-20.41.57:595][472]LogWindows:Error: UE4Editor.exe!0x000000004BF3EB40
[2017.04.27-20.41.57:595][472]LogWindows:Error: UE4Editor.exe!0x000000004BF3EBBA
[2017.04.27-20.41.57:596][472]LogWindows:Error: UE4Editor.exe!0x000000004BF50A29
[2017.04.27-20.41.57:596][472]LogWindows:Error: UE4Editor.exe!0x000000004BF522B6
[2017.04.27-20.41.57:596][472]LogWindows:Error: KERNEL32.DLL!0x00000000E12A8364
[2017.04.27-20.41.57:596][472]LogWindows:Error: ntdll.dll!0x00000000E18470D1
[2017.04.27-20.41.57:596][472]LogWindows:Error: ntdll.dll!0x00000000E18470D1
[2017.04.27-20.41.57:596][472]LogWindows:Error: 
[2017.04.27-20.41.57:681][472]LogExit: Executing StaticShutdownAfterError
[2017.04.27-20.41.57:721][472]LogWindows: FPlatformMisc::RequestExit(1)
[2017.04.27-20.41.57:726][472]Log file closed, 04/27/17 21:41:57
