Log file open, 04/19/17 11:42:53
LogInit:Display: Running engine for game: BattleTank
LogPlatformFile: Not using cached read wrapper
LogInit:Display: RandInit(-1953453728) SRandInit(-1953453728).
LogTaskGraph: Started task graph with 5 named threads and 8 total threads with 1 sets of task threads.
LogStats: Stats thread started at 0.066034
LogInit: Using libcurl 7.47.1
LogInit:  - built for x86_64-pc-win32
LogInit:  - supports SSL with OpenSSL/1.0.2g
LogInit:  - supports HTTP deflate (compression) using libz 1.2.8
LogInit:  - other features:
LogInit:      CURL_VERSION_SSL
LogInit:      CURL_VERSION_LIBZ
LogInit:      CURL_VERSION_IPV6
LogInit:      CURL_VERSION_ASYNCHDNS
LogInit:      CURL_VERSION_LARGEFILE
LogInit:      CURL_VERSION_IDN
LogInit:  CurlRequestOptions (configurable via config and command line):
LogInit:  - bVerifyPeer = false  - Libcurl will NOT verify peer certificate
LogInit:  - bUseHttpProxy = false  - Libcurl will NOT use HTTP proxy
LogInit:  - bDontReuseConnections = false  - Libcurl will reuse connections
LogInit:  - CertBundlePath = nullptr  - Libcurl will use whatever was configured at build time.
LogInit: Build: ++UE4+Release-4.15-CL-3348071
LogInit: Engine Version: 4.15.1-3348071+++UE4+Release-4.15
LogInit: Compatible Engine Version: 4.15.0-3299760+++UE4+Release-4.15
LogInit: Net CL: 3299760
LogDevObjectVersion: Number of dev versions registered: 14
LogDevObjectVersion:   Dev-Blueprints (B0D832E4-1F89-4F0D-ACCF-7EB736FD4AA2): 8
LogDevObjectVersion:   Dev-Build (E1C64328-A22C-4D53-A36C-8E866417BD8C): 0
LogDevObjectVersion:   Dev-Core (375EC13C-06E4-48FB-B500-84F0262A717E): 2
LogDevObjectVersion:   Dev-Editor (E4B068ED-F494-42E9-A231-DA0B2E46BB41): 14
LogDevObjectVersion:   Dev-Framework (CFFC743F-43B0-4480-9391-14DF171D2073): 22
LogDevObjectVersion:   Dev-Mobile (B02B49B5-BB20-44E9-A304-32B752E40360): 0
LogDevObjectVersion:   Dev-Networking (A4E4105C-59A1-49B5-A7C5-40C4547EDFEE): 0
LogDevObjectVersion:   Dev-Online (39C831C9-5AE6-47DC-9A44-9C173E1C8E7C): 0
LogDevObjectVersion:   Dev-Physics (78F01B33-EBEA-4F98-B9B4-84EACCB95AA2): 0
LogDevObjectVersion:   Dev-Platform (6631380F-2D4D-43E0-8009-CF276956A95A): 0
LogDevObjectVersion:   Dev-Rendering (12F88B9F-8875-4AFC-A67C-D90C383ABD29): 12
LogDevObjectVersion:   Dev-Sequencer (7B5AE74C-D270-4C10-A958-57980B212A5A): 3
LogDevObjectVersion:   Dev-VR (D7296918-1DD6-4BDD-9DE2-64A83CC13884): 0
LogDevObjectVersion:   Dev-LoadTimes (C2A15278-BFE7-4AFE-6C17-90FF531DF755): 1
LogInit: Compiled (64-bit): Mar 15 2017 16:52:47
LogInit: Compiled with Visual C++: 19.00.23026.00
LogInit: Build Configuration: Development
LogInit: Branch Name: ++UE4+Release-4.15
LogInit: Command line: -EpicPortal 
LogInit: Base directory: C:/Program Files/Epic Games/UE_4.15/Engine/Binaries/Win64/
LogInit: Installed Engine Build: 1
LogInit: Presizing for max 8388607 objects, including 0 objects not considered by GC, pre-allocating 0 bytes for permanent pool.
LogInit: Object subsystem initialized
[2017.04.19-10.42.54:407][  0]LogInit: Selected Device Profile: [Windows]
[2017.04.19-10.42.54:407][  0]LogInit: Applying CVar settings loaded from the selected device profile: [Windows]
[2017.04.19-10.42.54:420][  0]LogInit: Computer: DESKTOP-7RIOMGQ
[2017.04.19-10.42.54:420][  0]LogInit: User: Ed
[2017.04.19-10.42.54:421][  0]LogInit: CPU Page size=65536, Cores=4
[2017.04.19-10.42.54:421][  0]LogInit: High frequency timer resolution =3.421869 MHz
[2017.04.19-10.42.54:421][  0]LogMemory: Memory total: Physical=16.0GB (16GB approx)
[2017.04.19-10.42.54:421][  0]LogMemory: Platform Memory Stats for Windows
[2017.04.19-10.42.54:421][  0]LogMemory: Process Physical Memory: 263.23 MB used, 263.23 MB peak
[2017.04.19-10.42.54:421][  0]LogMemory: Process Virtual Memory: 262.36 MB used, 262.36 MB peak
[2017.04.19-10.42.54:421][  0]LogMemory: Physical Memory: 4014.82 MB used,  12326.16 MB free, 16340.98 MB total
[2017.04.19-10.42.54:421][  0]LogMemory: Virtual Memory: 643.96 MB used,  12326.16 MB free, 134217728.00 MB total
[2017.04.19-10.42.54:475][  0]LogTextLocalizationManager: No specific translations for ('en-GB') exist, so ('en') translations will be used.
[2017.04.19-10.42.54:899][  0]LogD3D11RHI: D3D11 adapters:
[2017.04.19-10.42.54:914][  0]LogD3D11RHI:    0. 'Radeon (TM) RX 480 Graphics' (Feature Level 11_0)
[2017.04.19-10.42.54:914][  0]LogD3D11RHI:       8140/0/8170 MB DedicatedVideo/DedicatedSystem/SharedSystem, Outputs:1, VendorId:0x1002
[2017.04.19-10.42.54:915][  0]LogD3D11RHI:    1. 'Microsoft Basic Render Driver' (Feature Level 11_0)
[2017.04.19-10.42.54:915][  0]LogD3D11RHI:       0/0/8170 MB DedicatedVideo/DedicatedSystem/SharedSystem, Outputs:0, VendorId:0x1414
[2017.04.19-10.42.54:915][  0]LogD3D11RHI: Chosen D3D11 Adapter: 0
[2017.04.19-10.42.54:918][  0]LogD3D11RHI: Creating new Direct3DDevice
[2017.04.19-10.42.54:918][  0]LogD3D11RHI:     GPU DeviceId: 0x67df (for the marketing name, search the web for "GPU Device Id")
[2017.04.19-10.42.54:918][  0]LogWindows: EnumDisplayDevices:
[2017.04.19-10.42.54:918][  0]LogWindows:    0. 'Radeon (TM) RX 480 Graphics' (P:1 D:1)
[2017.04.19-10.42.54:918][  0]LogWindows:    1. 'Radeon (TM) RX 480 Graphics' (P:0 D:0)
[2017.04.19-10.42.54:918][  0]LogWindows:    2. 'Radeon (TM) RX 480 Graphics' (P:0 D:0)
[2017.04.19-10.42.54:918][  0]LogWindows:    3. 'Radeon (TM) RX 480 Graphics' (P:0 D:0)
[2017.04.19-10.42.54:918][  0]LogWindows:    4. 'Radeon (TM) RX 480 Graphics' (P:0 D:0)
[2017.04.19-10.42.54:919][  0]LogWindows:    5. 'Radeon (TM) RX 480 Graphics' (P:0 D:0)
[2017.04.19-10.42.54:919][  0]LogWindows: DebugString: FoundDriverCount:6 
[2017.04.19-10.42.54:919][  0]LogD3D11RHI:     Adapter Name: Radeon (TM) RX 480 Graphics
[2017.04.19-10.42.54:919][  0]LogD3D11RHI:   Driver Version: Crimson 16.7.2 (internal:16.200.1035.1001, unified:16.200.1035.1001)
[2017.04.19-10.42.54:919][  0]LogD3D11RHI:      Driver Date: 7-8-2016
[2017.04.19-10.42.54:919][  0]LogRHI: Texture pool is 1361 MB (70% of 1945 MB)
[2017.04.19-10.42.55:363][  0]LogD3D11RHI: Async texture creation enabled
[2017.04.19-10.42.55:372][  0]LogD3D11RHI: GPU Timing Frequency: 25.000000 (Debug: 2 1)
[2017.04.19-10.42.55:372][  0]LogShaderCompilers: Guid format shader working directory is -34 characters bigger than the processId version (../../../../../../Users/Ed/Documents/Unreal Projects/04_BattleTank/BattleTank/Intermediate/Shaders/WorkingDirectory/4292/).
[2017.04.19-10.42.55:372][  0]LogShaderCompilers: Cleaned the shader compiler working directory 'C:/Users/Ed/AppData/Local/Temp/UnrealShaderWorkingDir/B171D2B245460C0A232BB0BFE52F55D8/'.
[2017.04.19-10.42.55:372][  0]LogShaderCompilers:Display: Using Local Shader Compiler.
[2017.04.19-10.42.56:094][  0]LogTemp:Display: Loaded TP AllDesktopTargetPlatform
[2017.04.19-10.42.56:132][  0]LogTemp:Display: Loaded TP MacClientTargetPlatform
[2017.04.19-10.42.56:170][  0]LogTemp:Display: Loaded TP MacNoEditorTargetPlatform
[2017.04.19-10.42.56:207][  0]LogTemp:Display: Loaded TP MacServerTargetPlatform
[2017.04.19-10.42.56:246][  0]LogTemp:Display: Loaded TP MacTargetPlatform
[2017.04.19-10.42.56:285][  0]LogTemp:Display: Loaded TP WindowsClientTargetPlatform
[2017.04.19-10.42.56:322][  0]LogTemp:Display: Loaded TP WindowsNoEditorTargetPlatform
[2017.04.19-10.42.56:359][  0]LogTemp:Display: Loaded TP WindowsServerTargetPlatform
[2017.04.19-10.42.56:389][  0]LogTemp:Display: Loaded TP WindowsTargetPlatform
[2017.04.19-10.42.56:425][  0]LogTemp:Display: Loaded TP AndroidTargetPlatform
[2017.04.19-10.42.56:461][  0]LogTemp:Display: Loaded TP Android_ASTCTargetPlatform
[2017.04.19-10.42.56:497][  0]LogTemp:Display: Loaded TP Android_ATCTargetPlatform
[2017.04.19-10.42.56:533][  0]LogTemp:Display: Loaded TP Android_DXTTargetPlatform
[2017.04.19-10.42.56:569][  0]LogTemp:Display: Loaded TP Android_ETC1TargetPlatform
[2017.04.19-10.42.56:606][  0]LogTemp:Display: Loaded TP Android_ETC2TargetPlatform
[2017.04.19-10.42.56:679][  0]LogTemp:Display: Loaded TP Android_MultiTargetPlatform
[2017.04.19-10.42.56:679][  0]LogTemp:Display: Loaded TP Android_PVRTCTargetPlatform
[2017.04.19-10.42.56:703][  0]LogTemp:Display: Loaded TP HTML5TargetPlatform
[2017.04.19-10.42.56:776][  0]LogTemp:Display: Loaded TP IOSTargetPlatform
[2017.04.19-10.42.56:800][  0]LogTemp:Display: Loaded TP TVOSTargetPlatform
[2017.04.19-10.42.56:837][  0]LogTemp:Display: Loaded TP LinuxClientTargetPlatform
[2017.04.19-10.42.56:873][  0]LogTemp:Display: Loaded TP LinuxNoEditorTargetPlatform
[2017.04.19-10.42.56:909][  0]LogTemp:Display: Loaded TP LinuxServerTargetPlatform
[2017.04.19-10.42.56:946][  0]LogTemp:Display: Loaded TP LinuxTargetPlatform
[2017.04.19-10.42.56:946][  0]LogTargetPlatformManager:Display: Building Assets For Windows
[2017.04.19-10.42.57:233][  0]LogDerivedDataCache:Display: Max Cache Size: 512 MB
[2017.04.19-10.42.57:268][  0]LogDerivedDataCache: Loaded boot cache 0.03s 50MB C:/Users/Ed/AppData/Local/UnrealEngine/4.15/DerivedDataCache/Boot.ddc.
[2017.04.19-10.42.57:268][  0]LogDerivedDataCache:Display: Loaded Boot cache: C:/Users/Ed/AppData/Local/UnrealEngine/4.15/DerivedDataCache/Boot.ddc
[2017.04.19-10.42.57:268][  0]LogDerivedDataCache: FDerivedDataBackendGraph:  Pak pak cache file ../../../../../../Users/Ed/Documents/Unreal Projects/04_BattleTank/BattleTank/DerivedDataCache/DDC.ddp not found, will not use a pak cache.
[2017.04.19-10.42.57:268][  0]LogDerivedDataCache: Unable to find inner node Pak for hierarchical cache Hierarchy.
[2017.04.19-10.42.57:268][  0]LogDerivedDataCache: FDerivedDataBackendGraph:  CompressedPak pak cache file ../../../../../../Users/Ed/Documents/Unreal Projects/04_BattleTank/BattleTank/DerivedDataCache/Compressed.ddp not found, will not use a pak cache.
[2017.04.19-10.42.57:268][  0]LogDerivedDataCache: Unable to find inner node CompressedPak for hierarchical cache Hierarchy.
[2017.04.19-10.42.57:281][  0]LogDerivedDataCache:Display: Pak cache opened for reading ../../../Engine/DerivedDataCache/Compressed.ddp.
[2017.04.19-10.42.57:293][  0]LogDerivedDataCache: Using Local data cache path C:/Users/Ed/AppData/Local/UnrealEngine/Common/DerivedDataCache: Writable
[2017.04.19-10.42.57:299][  0]LogSlate: Using Freetype 2.6.0
[2017.04.19-10.42.57:300][  0]LogSlate: SlateFontCache - WITH_FREETYPE: 1, WITH_HARFBUZZ: 1
[2017.04.19-10.42.57:300][  0]LogSlate: SlateFontCache - WITH_FREETYPE: 1, WITH_HARFBUZZ: 1
[2017.04.19-10.42.57:475][  0]LogInit: Selected Device Profile: [Windows]
[2017.04.19-10.42.57:477][  0]LogContentStreaming: Texture pool size is 0.00 MB
[2017.04.19-10.42.57:616][  0]LogMeshUtilities: Using QuadricMeshReduction for automatic static mesh reduction
[2017.04.19-10.42.57:644][  0]LogSimplygon: Simplygon DLL not present - disabling.
[2017.04.19-10.42.57:673][  0]LogMeshUtilities: Using SimplygonSwarm for distributed automatic mesh merging
[2017.04.19-10.42.57:673][  0]LogMeshUtilities: No automatic skeletal mesh reduction module available
[2017.04.19-10.42.57:673][  0]LogMeshUtilities: No automatic mesh merging module available
[2017.04.19-10.42.58:034][  0]LogNetVersion: GetLocalNetworkVersion: CL: 3299760, ProjectName: battletank, ProjectVersion: , EngineNetworkVersion: 2, GameNetworkVersion: 0, NetworkChecksum: 2512795372
[2017.04.19-10.42.58:072][  0]LogAssetRegistry: FAssetRegistry took 0.0220 seconds to start up
[2017.04.19-10.42.58:104][  0]LogPackageLocalizationCache: Processed 3 localized package path(s) for 2 prioritized culture(s) in 0.017393 seconds
[2017.04.19-10.42.58:107][  0]LogUObjectArray: 32493 objects as part of root set at end of initial load.
[2017.04.19-10.42.58:107][  0]LogUObjectAllocator: 7077024 out of 0 bytes used by permanent object pool.
[2017.04.19-10.42.58:107][  0]LogUObjectArray: CloseDisregardForGC: 0/0 objects in disregard for GC pool
[2017.04.19-10.42.58:148][  0]LogInit: WinSock: version 1.1 (2.2), MaxSocks=32767, MaxUdp=65467
[2017.04.19-10.42.59:187][  0]LogTcpMessaging: Initializing TcpMessaging bridge
[2017.04.19-10.42.59:216][  0]LogUdpMessaging: Initializing bridge on interface 0.0.0.0:0 to multicast group 230.0.0.1:6666.
[2017.04.19-10.42.59:552][  0]LogMaterial: Uniform references updated for custom material expression Custom.
[2017.04.19-10.42.59:794][  0]SourceControl: Info Source control is disabled
[2017.04.19-10.42.59:813][  0]SourceControl: Info Source control is disabled
[2017.04.19-10.42.59:844][  0]SourceControl: Info Source control is disabled
[2017.04.19-10.42.59:872][  0]SourceControl: Info Source control is disabled
[2017.04.19-10.43.00:673][  0]LogEngine: Initializing Engine...
[2017.04.19-10.43.00:673][  0]LogHMD: Failed to initialize OpenVR with code 110
[2017.04.19-10.43.00:827][  0]LogAIModule: Creating AISystem for world Untitled
[2017.04.19-10.43.00:835][  0]LogInit: XAudio2 using '1 - Acer XR341CK (AMD High Definition Audio Device)' : 2 channels at 48 kHz using 16 bits per sample (channel mask 0x3)
[2017.04.19-10.43.00:847][  0]LogInit: FAudioDevice initialized.
[2017.04.19-10.43.00:864][  0]LogDerivedDataCache: Saved boot cache 0.02s 50MB C:/Users/Ed/AppData/Local/UnrealEngine/4.15/DerivedDataCache/Boot.ddc.
[2017.04.19-10.43.00:870][  0]LogInit: Texture streaming: Enabled
[2017.04.19-10.43.00:930][  0]LogEngineSessionManager: EngineSessionManager initialized
[2017.04.19-10.43.00:987][  0]LogInit: Transaction tracking system initialized
[2017.04.19-10.43.01:207][  0]BlueprintLog: New page: Editor Load
[2017.04.19-10.43.01:769][  0]LocalizationService: Info Localization service is disabled
[2017.04.19-10.43.02:203][  0]LogConsoleResponse:Display: 
[2017.04.19-10.43.02:290][  0]LogCook:Display: Max memory allowance for cook 16384mb min free memory 0mb
[2017.04.19-10.43.02:290][  0]LogCook:Display: Mobile HDR setting 1
[2017.04.19-10.43.02:938][  0]LogFileCache: Scanning file cache for directory 'C:/Users/Ed/Documents/Unreal Projects/04_BattleTank/BattleTank/Content/' took 0.01s
[2017.04.19-10.43.02:938][  0]SourceControl: Info Source control is disabled
[2017.04.19-10.43.02:939][  0]Cmd: MAP LOAD FILE="../../../../../../Users/Ed/Documents/Unreal Projects/04_BattleTank/BattleTank/Content/Levels/BattleGround.umap" TEMPLATE=0 SHOWPROGRESS=1 FEATURELEVEL=3
[2017.04.19-10.43.02:942][  0]LightingResults: New page: Lighting Build
[2017.04.19-10.43.02:968][  0]MapCheck: New page: Map Check
[2017.04.19-10.43.02:968][  0]LightingResults: New page: Lighting Build
[2017.04.19-10.43.03:274][  0]LogAIModule: Creating AISystem for world BattleGround
[2017.04.19-10.43.03:439][  0]LogEditorServer: Finished looking for orphan Actors (0.000 secs)
[2017.04.19-10.43.03:440][  0]Cmd: MAP CHECKDEP NOCLEARLOG
[2017.04.19-10.43.03:465][  0]MapCheck: Info Map check complete: 0 Error(s), 0 Warning(s), took 25.177ms to complete.
[2017.04.19-10.43.03:465][  0]LogFileHelpers: Loading map 'BattleGround' took 0.527
[2017.04.19-10.43.03:651][  0]LogCollectionManager: Loaded 1 collections in 0.002785 seconds
[2017.04.19-10.43.03:723][  0]LogFileCache: Scanning file cache for directory 'C:/Users/Ed/Documents/Unreal Projects/04_BattleTank/BattleTank/Saved/Collections/' took 0.01s
[2017.04.19-10.43.03:723][  0]LogFileCache: Scanning file cache for directory 'C:/Users/Ed/Documents/Unreal Projects/04_BattleTank/BattleTank/Content/Developers/Ed/Collections/' took 0.01s
[2017.04.19-10.43.03:723][  0]LogFileCache: Scanning file cache for directory 'C:/Users/Ed/Documents/Unreal Projects/04_BattleTank/BattleTank/Content/Collections/' took 0.01s
[2017.04.19-10.43.03:723][  0]LogCollectionManager: Rebuilt the GUID cache for 1 collections in 0.000003 seconds
[2017.04.19-10.43.03:723][  0]LogCollectionManager: Rebuilt the hierarchy cache for 1 collections in 0.000000 seconds
[2017.04.19-10.43.03:732][  0]LogContentBrowser: Native class hierarchy populated in 0.0071 seconds. Added 2246 classes and 455 folders.
[2017.04.19-10.43.03:736][  0]LogStats: UGameplayTagsManager::ConstructGameplayTagTree: Construct from data asset -  0.000 s
[2017.04.19-10.43.03:736][  0]LogStats: UGameplayTagsManager::ConstructGameplayTagTree: GameplayTagTreeChangedEvent.Broadcast -  0.000 s
[2017.04.19-10.43.03:776][  0]LogContentBrowser: Native class hierarchy updated for 'WidgetCarousel' in 0.0008 seconds. Added 0 classes and 0 folders.
[2017.04.19-10.43.03:997][  0]LogContentBrowser: Native class hierarchy updated for 'AddContentDialog' in 0.0008 seconds. Added 0 classes and 0 folders.
[2017.04.19-10.43.04:031][  0]LogContentBrowser: Native class hierarchy updated for 'SceneOutliner' in 0.0008 seconds. Added 1 classes and 2 folders.
[2017.04.19-10.43.04:055][  0]LogCrashTracker: Crashtracker disabled due to settings.
[2017.04.19-10.43.04:061][  0]LogUObjectGlobals:Warning: Failed to find object 'Class None.'
[2017.04.19-10.43.04:110][  0]LogContentBrowser: Native class hierarchy updated for 'HierarchicalLODOutliner' in 0.0008 seconds. Added 1 classes and 2 folders.
[2017.04.19-10.43.04:110][  0]LogLoad: (Engine Initialization) Total time: 11.07 seconds
[2017.04.19-10.43.04:110][  0]LogLoad: (Engine Initialization) Total Blueprint compile time: 0.08 seconds
[2017.04.19-10.43.04:111][  0]LogExternalProfiler: No external profilers were discovered.  External profiling features will not be available.
[2017.04.19-10.43.04:450][  0]LogOcInput: OculusInput pre-init called
[2017.04.19-10.43.04:462][  0]LogAssetRegistry: Asset discovery search completed in 6.4121 seconds
[2017.04.19-10.43.04:462][  0]LogCollectionManager: Rebuilt the object cache for 1 collections in 0.000003 seconds (found 0 objects)
[2017.04.19-10.43.04:462][  0]LogCollectionManager: Fixed up redirectors for 1 collections in 0.000016 seconds (updated 0 objects)
[2017.04.19-10.43.04:467][  0]LogContentStreaming: Texture pool size now 1000 MB
[2017.04.19-10.43.04:473][  0]LogSlate: Took 0.000219 seconds to synchronously load lazily loaded font '../../../Engine/Content/Slate/Fonts/Roboto-Regular.ttf' (155K)
[2017.04.19-10.43.04:476][  0]LogSlate: Took 0.000119 seconds to synchronously load lazily loaded font '../../../Engine/Content/Slate/Fonts/Roboto-Bold.ttf' (160K)
[2017.04.19-10.43.04:483][  0]LogSlate: Took 0.003196 seconds to synchronously load lazily loaded font '../../../Engine/Content/Editor/Slate/Fonts/FontAwesome.ttf' (139K)
[2017.04.19-10.43.04:803][  2]LogRenderer: Reallocating scene render targets to support 772x824 NumSamples 1 (Frame:2).
[2017.04.19-10.43.47:018][335]LogRenderer: Reallocating scene render targets to support 784x824 NumSamples 1 (Frame:217).
[2017.04.19-10.43.47:068][335]LogRenderer: Reallocating scene render targets to support 808x824 NumSamples 1 (Frame:218).
[2017.04.19-10.43.47:159][335]LogRenderer: Reallocating scene render targets to support 848x824 NumSamples 1 (Frame:219).
[2017.04.19-10.43.47:232][335]LogRenderer: Reallocating scene render targets to support 864x824 NumSamples 1 (Frame:220).
[2017.04.19-10.43.47:313][335]LogRenderer: Reallocating scene render targets to support 876x824 NumSamples 1 (Frame:221).
[2017.04.19-10.44.27:387][678]LogSlate: Took 0.002725 seconds to synchronously load lazily loaded font '../../../Engine/Content/Slate/Fonts/Roboto-Light.ttf' (159K)
[2017.04.19-10.44.27:761][678]LogContentBrowser: Native class hierarchy updated for 'BlueprintGraph' in 0.0012 seconds. Added 112 classes and 0 folders.
[2017.04.19-10.44.28:217][678]LogSlate: Took 0.000167 seconds to synchronously load lazily loaded font '../../../Engine/Content/Slate/Fonts/Roboto-Regular.ttf' (155K)
[2017.04.19-10.44.30:031][845]LogSlate: Took 0.003056 seconds to synchronously load lazily loaded font '../../../Engine/Content/Editor/Slate/Fonts/Roboto-BoldCondensed.ttf' (158K)
[2017.04.19-10.44.46:702][413]LogTemp: Repeting last play command: New Editor Window (PIE)
[2017.04.19-10.44.46:718][413]LogBlueprintUserMessages: Early PlayInEditor Detection: Level '/Game/Levels/BattleGround.BattleGround:PersistentLevel' has LevelScriptBlueprint '/Game/Levels/BattleGround.BattleGround:PersistentLevel.BattleGround' with GeneratedClass '/Game/Levels/BattleGround.BattleGround_C' with ClassGeneratedBy '/Game/Levels/BattleGround.BattleGround:PersistentLevel.BattleGround'
[2017.04.19-10.44.46:718][413]LogPlayLevel: PlayLevel: No blueprints needed recompiling
[2017.04.19-10.44.46:718][413]PIE: New page: PIE session: BattleGround (19 Apr 2017 12:44:46)
[2017.04.19-10.44.46:718][413]LogPlayLevel: Creating play world package: /Game/Levels/UEDPIE_0_BattleGround
[2017.04.19-10.44.46:726][413]LogPlayLevel: PIE: StaticDuplicateObject took: (0.007164s)
[2017.04.19-10.44.46:726][413]LogAIModule: Creating AISystem for world BattleGround
[2017.04.19-10.44.46:726][413]LogPlayLevel: PIE: World Init took: (0.000543s)
[2017.04.19-10.44.46:726][413]LogPlayLevel: PIE: Created PIE world by copying editor world from /Game/Levels/BattleGround.BattleGround to /Game/Levels/UEDPIE_0_BattleGround.BattleGround (0.008030s)
[2017.04.19-10.44.46:747][413]LogInit: XAudio2 using '1 - Acer XR341CK (AMD High Definition Audio Device)' : 2 channels at 48 kHz using 16 bits per sample (channel mask 0x3)
[2017.04.19-10.44.46:752][413]LogInit: FAudioDevice initialized.
[2017.04.19-10.44.46:803][413]LogLoad: Game class is 'BattleTankGameMode_BP_C'
[2017.04.19-10.44.46:806][413]LogWorld: Bringing World /Game/Levels/UEDPIE_0_BattleGround.BattleGround up for play (max tick rate 0) at 2017.04.19-11.44.46
[2017.04.19-10.44.46:807][413]LogWorld: Bringing up level for play took: 0.002801
[2017.04.19-10.44.46:835][413]LogContentBrowser: Native class hierarchy updated for 'MovieSceneCapture' in 0.0009 seconds. Added 11 classes and 0 folders.
[2017.04.19-10.44.46:841][413]PIE: Info Play in editor start time for /Game/Levels/UEDPIE_0_BattleGround 0.67
[2017.04.19-10.44.46:842][413]LogBlueprintUserMessages: Late PlayInEditor Detection: Level '/Game/Levels/BattleGround.BattleGround:PersistentLevel' has LevelScriptBlueprint '/Game/Levels/BattleGround.BattleGround:PersistentLevel.BattleGround' with GeneratedClass '/Game/Levels/BattleGround.BattleGround_C' with ClassGeneratedBy '/Game/Levels/BattleGround.BattleGround:PersistentLevel.BattleGround'
[2017.04.19-10.44.46:892][413]LogRenderer: Reallocating scene render targets to support 1292x824 NumSamples 1 (Frame:3544).
[2017.04.19-10.44.52:764][114]LogBlueprintUserMessages: Early EndPlayMap Detection: Level '/Game/Levels/BattleGround.BattleGround:PersistentLevel' has LevelScriptBlueprint '/Game/Levels/BattleGround.BattleGround:PersistentLevel.BattleGround' with GeneratedClass '/Game/Levels/BattleGround.BattleGround_C' with ClassGeneratedBy '/Game/Levels/BattleGround.BattleGround:PersistentLevel.BattleGround'
[2017.04.19-10.44.52:803][114]LogBlueprintUserMessages: Late EndPlayMap Detection: Level '/Game/Levels/BattleGround.BattleGround:PersistentLevel' has LevelScriptBlueprint '/Game/Levels/BattleGround.BattleGround:PersistentLevel.BattleGround' with GeneratedClass '/Game/Levels/BattleGround.BattleGround_C' with ClassGeneratedBy '/Game/Levels/BattleGround.BattleGround:PersistentLevel.BattleGround'
[2017.04.19-10.44.57:429][655]LogAIModule: Creating AISystem for world MainMenu
[2017.04.19-10.44.57:442][655]Cmd: MAP LOAD FILE="../../../../../../Users/Ed/Documents/Unreal Projects/04_BattleTank/BattleTank/Content/Levels/MainMenu.umap" TEMPLATE=0 SHOWPROGRESS=1 FEATURELEVEL=3
[2017.04.19-10.44.57:442][655]LightingResults: New page: Lighting Build
[2017.04.19-10.44.57:444][655]LoadErrors: New page: Loading map: MainMenu.umap
[2017.04.19-10.44.57:444][655]MapCheck: New page: Map Check
[2017.04.19-10.44.57:444][655]LightingResults: New page: Lighting Build
[2017.04.19-10.44.57:456][655]LogEditorServer: Finished looking for orphan Actors (0.000 secs)
[2017.04.19-10.44.57:476][655]Cmd: MAP CHECKDEP NOCLEARLOG
[2017.04.19-10.44.57:505][655]MapCheck: Info Map check complete: 0 Error(s), 0 Warning(s), took 28.773ms to complete.
[2017.04.19-10.44.57:505][655]LogFileHelpers: Loading map 'MainMenu' took 0.063
[2017.04.19-10.44.58:651][787]LogTemp: Repeting last play command: New Editor Window (PIE)
[2017.04.19-10.44.58:661][787]LogBlueprintUserMessages: Early PlayInEditor Detection: Level '/Game/Levels/MainMenu.MainMenu:PersistentLevel' has LevelScriptBlueprint '/Game/Levels/MainMenu.MainMenu:PersistentLevel.MainMenu' with GeneratedClass '/Game/Levels/MainMenu.MainMenu_C' with ClassGeneratedBy '/Game/Levels/MainMenu.MainMenu:PersistentLevel.MainMenu'
[2017.04.19-10.44.58:661][787]LogPlayLevel: PlayLevel: No blueprints needed recompiling
[2017.04.19-10.44.58:661][787]PIE: New page: PIE session: MainMenu (19 Apr 2017 12:44:58)
[2017.04.19-10.44.58:662][787]LogPlayLevel: Creating play world package: /Game/Levels/UEDPIE_0_MainMenu
[2017.04.19-10.44.58:662][787]LogPlayLevel: PIE: StaticDuplicateObject took: (0.000611s)
[2017.04.19-10.44.58:662][787]LogAIModule: Creating AISystem for world MainMenu
[2017.04.19-10.44.58:663][787]LogPlayLevel: PIE: World Init took: (0.000440s)
[2017.04.19-10.44.58:663][787]LogPlayLevel: PIE: Created PIE world by copying editor world from /Game/Levels/MainMenu.MainMenu to /Game/Levels/UEDPIE_0_MainMenu.MainMenu (0.001233s)
[2017.04.19-10.44.58:681][787]LogInit: XAudio2 using '1 - Acer XR341CK (AMD High Definition Audio Device)' : 2 channels at 48 kHz using 16 bits per sample (channel mask 0x3)
[2017.04.19-10.44.58:686][787]LogInit: FAudioDevice initialized.
[2017.04.19-10.44.58:724][787]LogLoad: Game class is 'GameModeBase'
[2017.04.19-10.44.58:725][787]LogWorld: Bringing World /Game/Levels/UEDPIE_0_MainMenu.MainMenu up for play (max tick rate 0) at 2017.04.19-11.44.58
[2017.04.19-10.44.58:725][787]LogWorld: Bringing up level for play took: 0.000594
[2017.04.19-10.44.58:728][787]PIE: Info Play in editor start time for /Game/Levels/UEDPIE_0_MainMenu 0.557
[2017.04.19-10.44.58:729][787]LogBlueprintUserMessages: Late PlayInEditor Detection: Level '/Game/Levels/MainMenu.MainMenu:PersistentLevel' has LevelScriptBlueprint '/Game/Levels/MainMenu.MainMenu:PersistentLevel.MainMenu' with GeneratedClass '/Game/Levels/MainMenu.MainMenu_C' with ClassGeneratedBy '/Game/Levels/MainMenu.MainMenu:PersistentLevel.MainMenu'
[2017.04.19-10.45.00:435][983]LogNet: Browse: /Game/Levels/BattleGround
[2017.04.19-10.45.00:435][983]LogLoad: LoadMap: /Game/Levels/BattleGround
[2017.04.19-10.45.00:444][983]Cmd: MEM
[2017.04.19-10.45.00:453][983]LogMemory: Platform Memory Stats for Windows
[2017.04.19-10.45.00:453][983]LogMemory: Process Physical Memory: 1309.01 MB used, 1316.84 MB peak
[2017.04.19-10.45.00:453][983]LogMemory: Process Virtual Memory: 1654.17 MB used, 1792.22 MB peak
[2017.04.19-10.45.00:453][983]LogMemory: Physical Memory: 4613.62 MB used,  11727.36 MB free, 16340.98 MB total
[2017.04.19-10.45.00:453][983]LogMemory: Virtual Memory: 2746.36 MB used,  11727.36 MB free, 134217728.00 MB total
[2017.04.19-10.45.00:453][983]LogMemory: 
[2017.04.19-10.45.00:453][983]Allocator Stats for TBB: (not implemented)
[2017.04.19-10.45.00:680][983]LogAIModule: Creating AISystem for world BattleGround
[2017.04.19-10.45.00:680][983]LogLoad: Game class is 'BattleTankGameMode_BP_C'
[2017.04.19-10.45.00:688][983]LogWorld: Bringing World /Game/Levels/UEDPIE_0_BattleGround.BattleGround up for play (max tick rate 0) at 2017.04.19-11.45.00
[2017.04.19-10.45.00:689][983]LogWorld: Bringing up level for play took: 0.008498
[2017.04.19-10.45.00:691][983]LogLoad: Took 0.256110 seconds to LoadMap(/Game/Levels/BattleGround)
[2017.04.19-10.45.11:675][299]LogBlueprintUserMessages: Early EndPlayMap Detection: Level '/Game/Levels/MainMenu.MainMenu:PersistentLevel' has LevelScriptBlueprint '/Game/Levels/MainMenu.MainMenu:PersistentLevel.MainMenu' with GeneratedClass '/Game/Levels/MainMenu.MainMenu_C' with ClassGeneratedBy '/Game/Levels/MainMenu.MainMenu:PersistentLevel.MainMenu'
[2017.04.19-10.45.11:715][299]LogBlueprintUserMessages: Late EndPlayMap Detection: Level '/Game/Levels/MainMenu.MainMenu:PersistentLevel' has LevelScriptBlueprint '/Game/Levels/MainMenu.MainMenu:PersistentLevel.MainMenu' with GeneratedClass '/Game/Levels/MainMenu.MainMenu_C' with ClassGeneratedBy '/Game/Levels/MainMenu.MainMenu:PersistentLevel.MainMenu'
[2017.04.19-10.45.27:066][958]LogSlate: Took 0.003390 seconds to synchronously load lazily loaded font '../../../Engine/Content/Editor/Slate/Fonts/Roboto-Italic.ttf' (157K)
[2017.04.19-10.46.41:746][890]Running C:/Program Files/Epic Games/UE_4.15/Engine/Binaries/DotNET/UnrealBuildTool.exe  -projectfiles -project="C:/Users/Ed/Documents/Unreal Projects/04_BattleTank/BattleTank/BattleTank.uproject" -game -rocket -progress
[2017.04.19-10.46.41:947][890]Discovering modules, targets and source code for project...
[2017.04.19-10.46.44:661][890]LogVSAccessor:Warning: Couldn't access Visual Studio
[2017.04.19-10.46.44:665][890]Recompiling BattleTank...
[2017.04.19-10.46.44:665][890]Launching UnrealBuildTool... [C:/Program Files/Epic Games/UE_4.15/Engine/Binaries/DotNET/UnrealBuildTool.exe BattleTank -ModuleWithSuffix BattleTank 777 Win64 Development -editorrecompile -canskiplink "C:/Users/Ed/Documents/Unreal Projects/04_BattleTank/BattleTank/BattleTank.uproject" ]
[2017.04.19-10.47.22:898][890]CompilerResultsLog: New page: Compilation - 19 Apr 2017 12:47:22
[2017.04.19-10.47.22:898][890]CompilerResultsLog: Info Performing full C++ include scan (hot reloading a new target)
[2017.04.19-10.47.22:898][890]CompilerResultsLog: Info Compiling game modules for hot reload
[2017.04.19-10.47.22:898][890]CompilerResultsLog: Info Parsing headers for BattleTankEditor
[2017.04.19-10.47.22:898][890]CompilerResultsLog: Info   Running UnrealHeaderTool "C:\Users\Ed\Documents\Unreal Projects\04_BattleTank\BattleTank\BattleTank.uproject" "C:\Users\Ed\Documents\Unreal Projects\04_BattleTank\BattleTank\Intermediate\Build\Win64\BattleTankEditor\Development\BattleTankEditor.uhtmanifest" -LogCmds="loginit warning, logexit warning, logdatabase error" -Unattended -WarningsAsErrors -installed
[2017.04.19-10.47.22:898][890]CompilerResultsLog: Info Reflection code generated for BattleTankEditor in 2.4545247 seconds
[2017.04.19-10.47.22:898][890]CompilerResultsLog: Info Performing 7 actions (4 in parallel)
[2017.04.19-10.47.22:898][890]CompilerResultsLog: Info PCH.BattleTank.cpp
[2017.04.19-10.47.22:898][890]CompilerResultsLog: Info BattleTankGameModeBase.cpp
[2017.04.19-10.47.22:898][890]CompilerResultsLog: Info BattleTank.generated.cpp
[2017.04.19-10.47.22:898][890]CompilerResultsLog: Info BattleTank.cpp
[2017.04.19-10.47.22:899][890]CompilerResultsLog: Info TankPlayerController.cpp
[2017.04.19-10.47.22:899][890]CompilerResultsLog: Info [6/7] Link UE4Editor-BattleTank-777.dll
[2017.04.19-10.47.22:899][890]CompilerResultsLog: Info [7/7] Link UE4Editor-BattleTank-777.lib
[2017.04.19-10.47.22:899][890]CompilerResultsLog: Info    Creating library C:\Users\Ed\Documents\Unreal Projects\04_BattleTank\BattleTank\Intermediate\Build\Win64\UE4Editor\Development\UE4Editor-BattleTank-777.lib and object C:\Users\Ed\Documents\Unreal Projects\04_BattleTank\BattleTank\Intermediate\Build\Win64\UE4Editor\Development\UE4Editor-BattleTank-777.exp
[2017.04.19-10.47.22:899][890]CompilerResultsLog: Info    Creating library C:\Users\Ed\Documents\Unreal Projects\04_BattleTank\BattleTank\Intermediate\Build\Win64\UE4Editor\Development\UE4Editor-BattleTank-777.suppressed.lib and object C:\Users\Ed\Documents\Unreal Projects\04_BattleTank\BattleTank\Intermediate\Build\Win64\UE4Editor\Development\UE4Editor-BattleTank-777.suppressed.exp
[2017.04.19-10.47.22:899][890]CompilerResultsLog: Info Total build time: 38.06 seconds (Local executor: 26.07 seconds)
[2017.04.19-10.47.22:899][890]LogMainFrame: MainFrame: Module compiling took 38.238 seconds
[2017.04.19-10.47.22:946][890]LogClass: Could not find existing class TankPlayerController in package /Script/BattleTank for HotReload, assuming new class
[2017.04.19-10.47.22:948][890]LogContentBrowser: Native class hierarchy updated for 'BattleTank' in 0.0013 seconds. Added 2 classes and 3 folders.
[2017.04.19-10.47.22:950][890]Display: HotReload successful (0 functions remapped  0 scriptstructs remapped)
[2017.04.19-10.47.23:181][890]LogContentBrowser: Native class hierarchy populated in 0.0076 seconds. Added 2249 classes and 460 folders.
[2017.04.19-10.47.23:184][890]Display: HotReload took 38.5s.
[2017.04.19-10.47.23:184][890]Warning: HotReload operation took 38.5s.
[2017.04.19-10.47.23:263][890]LogHotReload: New module detected: UE4Editor-BattleTank-777.dll
[2017.04.19-10.47.23:281][891]LogHotReload: Starting Hot-Reload from IDE
[2017.04.19-10.47.23:360][891]LogContentBrowser: Native class hierarchy updated for 'BattleTank' in 0.0015 seconds. Added 2 classes and 3 folders.
[2017.04.19-10.47.23:361][891]Display: HotReload successful (0 functions remapped  0 scriptstructs remapped)
[2017.04.19-10.47.23:538][891]LogContentBrowser: Native class hierarchy populated in 0.0077 seconds. Added 2249 classes and 460 folders.
[2017.04.19-10.47.23:545][891]Display: HotReload took  0.3s.
[2017.04.19-10.47.36:516][418]LogVSAccessor:Warning: Couldn't goto line number '0' in 'C:/Users/Ed/Documents/Unreal Projects/04_BattleTank/BattleTank/Source/BattleTank/Public/TankPlayerController.h'
[2017.04.19-10.47.36:600][418]LogVSAccessor:Warning: Couldn't goto line number '0' in 'C:/Users/Ed/Documents/Unreal Projects/04_BattleTank/BattleTank/Source/BattleTank/Private/TankPlayerController.cpp'
[2017.04.19-10.47.45:871][745]LogSlate:Warning: Prevented a slow task dialog from being summoned while a context menu was open
[2017.04.19-10.47.50:185][232]LogBlueprint:Warning: Reparenting blueprint Blueprint /Game/Tank/TankPlayerController_BP.TankPlayerController_BP from PlayerController to TankPlayerController...
[2017.04.19-10.47.50:194][232]BlueprintLog: New page: Compile TankPlayerController_BP
[2017.04.19-10.47.52:224][440]LogSavePackage: Save=9.21ms
[2017.04.19-10.47.52:224][440]LogSavePackage: Moving '../../../../../../Users/Ed/Documents/Unreal Projects/04_BattleTank/BattleTank/Saved/TankPlayerController_BP0E5B88F649CB255913118A827920B468.tmp' to '../../../../../../Users/Ed/Documents/Unreal Projects/04_BattleTank/BattleTank/Content/Tank/TankPlayerController_BP.uasset'
[2017.04.19-10.47.52:227][440]LogSavePackage:Display: Finished SavePackage ../../../../../../Users/Ed/Documents/Unreal Projects/04_BattleTank/BattleTank/Content/Tank/TankPlayerController_BP.uasset
[2017.04.19-10.54.50:519][859]Running C:/Program Files/Epic Games/UE_4.15/Engine/Binaries/DotNET/UnrealBuildTool.exe BattleTank Win64 Development -editorrecompile "C:/Users/Ed/Documents/Unreal Projects/04_BattleTank/BattleTank/BattleTank.uproject" -invalidatemakefilesonly
[2017.04.19-10.54.50:720][859]Invalidating makefiles only in this run.
[2017.04.19-10.54.50:830][859]Recompiling BattleTank...
[2017.04.19-10.54.50:830][859]Launching UnrealBuildTool... [C:/Program Files/Epic Games/UE_4.15/Engine/Binaries/DotNET/UnrealBuildTool.exe BattleTank -ModuleWithSuffix BattleTank 4941 Win64 Development -editorrecompile -canskiplink "C:/Users/Ed/Documents/Unreal Projects/04_BattleTank/BattleTank/BattleTank.uproject" ]
[2017.04.19-10.54.52:467][859]CompilerResultsLog: New page: Compilation - 19 Apr 2017 12:54:52
[2017.04.19-10.54.52:467][859]CompilerResultsLog: Info Compiling game modules for hot reload
[2017.04.19-10.54.52:467][859]CompilerResultsLog: Info ERROR: All source files in module "BattleTank" must include the same precompiled header first.  Currently "C:\Users\Ed\Documents\Unreal Projects\04_BattleTank\BattleTank\Source\BattleTank\BattleTank.h" is included by most of the source files.  The following source files are not including "C:\Users\Ed\Documents\Unreal Projects\04_BattleTank\BattleTank\Source\BattleTank\BattleTank.h" as their first include:
[2017.04.19-10.54.52:467][859]CompilerResultsLog: Info 
[2017.04.19-10.54.52:467][859]CompilerResultsLog: Info C:\Users\Ed\Documents\Unreal Projects\04_BattleTank\BattleTank\Source\BattleTank\Private\TankPlayerController.cpp (including C:\Users\Ed\Documents\Unreal Projects\04_BattleTank\BattleTank\Source\BattleTank\Public\Tank.h)
[2017.04.19-10.54.52:467][859]CompilerResultsLog: Info 
[2017.04.19-10.54.52:467][859]LogMainFrame: MainFrame: Module compiling took 1.642 seconds
[2017.04.19-10.54.52:467][859]Warning: HotReload failed, recompile failed
[2017.04.19-10.54.52:474][859]Warning: RebindPackages failed because the compiler could not be started.
[2017.04.19-10.55.06:430][336]Recompiling BattleTank...
[2017.04.19-10.55.06:430][336]Launching UnrealBuildTool... [C:/Program Files/Epic Games/UE_4.15/Engine/Binaries/DotNET/UnrealBuildTool.exe BattleTank -ModuleWithSuffix BattleTank 9175 Win64 Development -editorrecompile -canskiplink "C:/Users/Ed/Documents/Unreal Projects/04_BattleTank/BattleTank/BattleTank.uproject" ]
[2017.04.19-10.55.06:431][336]Warning: Starting HotReload took  0.0s.
[2017.04.19-10.55.07:953][516]CompilerResultsLog: New page: Compilation - 19 Apr 2017 12:55:07
[2017.04.19-10.55.07:953][516]CompilerResultsLog: Info Compiling game modules for hot reload
[2017.04.19-10.55.07:953][516]CompilerResultsLog: Info ERROR: All source files in module "BattleTank" must include the same precompiled header first.  Currently "C:\Users\Ed\Documents\Unreal Projects\04_BattleTank\BattleTank\Source\BattleTank\BattleTank.h" is included by most of the source files.  The following source files are not including "C:\Users\Ed\Documents\Unreal Projects\04_BattleTank\BattleTank\Source\BattleTank\BattleTank.h" as their first include:
[2017.04.19-10.55.07:953][516]CompilerResultsLog: Info 
[2017.04.19-10.55.07:953][516]CompilerResultsLog: Info C:\Users\Ed\Documents\Unreal Projects\04_BattleTank\BattleTank\Source\BattleTank\Private\TankPlayerController.cpp (including C:\Users\Ed\Documents\Unreal Projects\04_BattleTank\BattleTank\Source\BattleTank\Public\Tank.h)
[2017.04.19-10.55.07:953][516]CompilerResultsLog: Info 
[2017.04.19-10.55.07:953][516]LogMainFrame: MainFrame: Module compiling took 1.527 seconds
[2017.04.19-10.55.07:953][516]Warning: HotReload failed, recompile failed
[2017.04.19-10.57.02:447][ 83]Recompiling BattleTank...
[2017.04.19-10.57.02:447][ 83]Launching UnrealBuildTool... [C:/Program Files/Epic Games/UE_4.15/Engine/Binaries/DotNET/UnrealBuildTool.exe BattleTank -ModuleWithSuffix BattleTank 9717 Win64 Development -editorrecompile -canskiplink "C:/Users/Ed/Documents/Unreal Projects/04_BattleTank/BattleTank/BattleTank.uproject" ]
[2017.04.19-10.57.02:447][ 83]Warning: Starting HotReload took  0.0s.
[2017.04.19-10.57.03:895][255]CompilerResultsLog: New page: Compilation - 19 Apr 2017 12:57:03
[2017.04.19-10.57.03:895][255]CompilerResultsLog: Info Compiling game modules for hot reload
[2017.04.19-10.57.03:895][255]CompilerResultsLog: Info ERROR: All source files in module "BattleTank" must include the same precompiled header first.  Currently "C:\Users\Ed\Documents\Unreal Projects\04_BattleTank\BattleTank\Source\BattleTank\BattleTank.h" is included by most of the source files.  The following source files are not including "C:\Users\Ed\Documents\Unreal Projects\04_BattleTank\BattleTank\Source\BattleTank\BattleTank.h" as their first include:
[2017.04.19-10.57.03:895][255]CompilerResultsLog: Info 
[2017.04.19-10.57.03:895][255]CompilerResultsLog: Info C:\Users\Ed\Documents\Unreal Projects\04_BattleTank\BattleTank\Source\BattleTank\Private\TankPlayerController.cpp (including C:\Users\Ed\Documents\Unreal Projects\04_BattleTank\BattleTank\Source\BattleTank\Public\Tank.h)
[2017.04.19-10.57.03:895][255]CompilerResultsLog: Info 
[2017.04.19-10.57.03:895][255]LogMainFrame: MainFrame: Module compiling took 1.453 seconds
[2017.04.19-10.57.03:895][255]Warning: HotReload failed, recompile failed
[2017.04.19-10.59.21:558][ 81]Recompiling BattleTank...
[2017.04.19-10.59.21:558][ 81]Launching UnrealBuildTool... [C:/Program Files/Epic Games/UE_4.15/Engine/Binaries/DotNET/UnrealBuildTool.exe BattleTank -ModuleWithSuffix BattleTank 1078 Win64 Development -editorrecompile -canskiplink "C:/Users/Ed/Documents/Unreal Projects/04_BattleTank/BattleTank/BattleTank.uproject" ]
[2017.04.19-10.59.21:559][ 81]Warning: Starting HotReload took  0.0s.
[2017.04.19-10.59.23:149][272]CompilerResultsLog: New page: Compilation - 19 Apr 2017 12:59:23
[2017.04.19-10.59.23:149][272]CompilerResultsLog: Info Compiling game modules for hot reload
[2017.04.19-10.59.23:149][272]CompilerResultsLog: Info Target is up to date
[2017.04.19-10.59.23:149][272]CompilerResultsLog: Info Total build time: 1.41 seconds (NoActionsToExecute executor: 0.00 seconds)
[2017.04.19-10.59.23:149][272]LogMainFrame: MainFrame: Module compiling took 1.595 seconds
[2017.04.19-10.59.23:329][272]LogContentBrowser: Native class hierarchy populated in 0.0074 seconds. Added 2249 classes and 460 folders.
[2017.04.19-10.59.23:332][272]Display: HotReload took  1.8s.
[2017.04.19-10.59.32:816][396]LogWindowsTextInputMethodSystem:Display: IME system now deactivated.
[2017.04.19-10.59.32:977][397]Cmd: QUIT_EDITOR
[2017.04.19-10.59.33:095][397]LogExit: Preparing to exit.
[2017.04.19-10.59.33:488][397]LogDirectoryWatcher: A directory notification for 'C:/Users/Ed/Documents/Unreal Projects/04_BattleTank/BattleTank/Content/' was aborted.
[2017.04.19-10.59.33:505][397]LogExit: Editor shut down
[2017.04.19-10.59.33:505][397]LogExit: Transaction tracking system shut down
[2017.04.19-10.59.33:564][397]LogObj: Freed 0b from 0 cluster array pools.
[2017.04.19-10.59.33:564][397]LogExit: Object subsystem successfully closed.
[2017.04.19-10.59.33:573][397]LogD3D11RHI: Shutdown
[2017.04.19-10.59.33:573][397]LogD3D11RHI: CleanupD3DDevice
[2017.04.19-10.59.33:650][397]LogD3D11RHI: ~FD3D11DynamicRHI
[2017.04.19-10.59.33:659][397]LogModuleManager: Shutting down and abandoning module BattleTank (508)
[2017.04.19-10.59.33:659][397]LogModuleManager: Shutting down and abandoning module MovieSceneCapture (506)
[2017.04.19-10.59.33:659][397]LogModuleManager: Shutting down and abandoning module BlueprintGraph (504)
[2017.04.19-10.59.33:659][397]LogModuleManager: Shutting down and abandoning module BlueprintProfiler (502)
[2017.04.19-10.59.33:659][397]LogModuleManager: Shutting down and abandoning module HierarchicalLODOutliner (500)
[2017.04.19-10.59.33:659][397]LogModuleManager: Shutting down and abandoning module CrashTracker (498)
[2017.04.19-10.59.33:659][397]LogModuleManager: Shutting down and abandoning module SceneOutliner (496)
[2017.04.19-10.59.33:659][397]LogModuleManager: Shutting down and abandoning module AddContentDialog (494)
[2017.04.19-10.59.33:659][397]LogDirectoryWatcher: A directory notification for 'C:/Program Files/Epic Games/UE_4.15/FeaturePacks/' was aborted.
[2017.04.19-10.59.33:660][397]LogModuleManager: Shutting down and abandoning module WidgetCarousel (493)
[2017.04.19-10.59.33:660][397]LogModuleManager: Shutting down and abandoning module EditorWidgets (490)
[2017.04.19-10.59.33:660][397]LogModuleManager: Shutting down and abandoning module CollectionManager (488)
[2017.04.19-10.59.33:660][397]LogDirectoryWatcher: A directory notification for 'C:/Users/Ed/Documents/Unreal Projects/04_BattleTank/BattleTank/Content/Collections/' was aborted.
[2017.04.19-10.59.33:660][397]LogDirectoryWatcher: A directory notification for 'C:/Users/Ed/Documents/Unreal Projects/04_BattleTank/BattleTank/Content/Developers/Ed/Collections/' was aborted.
[2017.04.19-10.59.33:660][397]LogDirectoryWatcher: A directory notification for 'C:/Users/Ed/Documents/Unreal Projects/04_BattleTank/BattleTank/Saved/Collections/' was aborted.
[2017.04.19-10.59.33:660][397]LogModuleManager: Shutting down and abandoning module StatsViewer (486)
[2017.04.19-10.59.33:660][397]LogModuleManager: Shutting down and abandoning module FoliageEdit (484)
[2017.04.19-10.59.33:660][397]LogModuleManager: Shutting down and abandoning module LandscapeEditor (482)
[2017.04.19-10.59.33:660][397]LogModuleManager: Shutting down and abandoning module SceneDepthPickerMode (480)
[2017.04.19-10.59.33:660][397]LogModuleManager: Shutting down and abandoning module ActorPickerMode (478)
[2017.04.19-10.59.33:660][397]LogModuleManager: Shutting down and abandoning module GeometryMode (476)
[2017.04.19-10.59.33:660][397]LogModuleManager: Shutting down and abandoning module TextureAlignMode (474)
[2017.04.19-10.59.33:660][397]LogModuleManager: Shutting down and abandoning module BspMode (472)
[2017.04.19-10.59.33:660][397]LogModuleManager: Shutting down and abandoning module HardwareSurvey (470)
[2017.04.19-10.59.33:660][397]LogModuleManager: Shutting down and abandoning module SequenceRecorderSections (468)
[2017.04.19-10.59.33:660][397]LogModuleManager: Shutting down and abandoning module AutomationWorker (466)
[2017.04.19-10.59.33:660][397]LogModuleManager: Shutting down and abandoning module MatineeToLevelSequence (464)
[2017.04.19-10.59.33:660][397]LogModuleManager: Shutting down and abandoning module LevelSequenceEditor (462)
[2017.04.19-10.59.33:660][397]LogModuleManager: Shutting down and abandoning module PlacementMode (461)
[2017.04.19-10.59.33:660][397]LogModuleManager: Shutting down and abandoning module WmfMediaFactory (458)
[2017.04.19-10.59.33:660][397]LogModuleManager: Shutting down and abandoning module WmfMediaEditor (456)
[2017.04.19-10.59.33:660][397]LogModuleManager: Shutting down and abandoning module MfMediaFactory (454)
[2017.04.19-10.59.33:660][397]LogModuleManager: Shutting down and abandoning module MfMediaEditor (452)
[2017.04.19-10.59.33:660][397]LogModuleManager: Shutting down and abandoning module AvfMediaFactory (450)
[2017.04.19-10.59.33:660][397]LogModuleManager: Shutting down and abandoning module AvfMediaEditor (448)
[2017.04.19-10.59.33:660][397]LogModuleManager: Shutting down and abandoning module AndroidMediaFactory (446)
[2017.04.19-10.59.33:660][397]LogModuleManager: Shutting down and abandoning module Media (445)
[2017.04.19-10.59.33:660][397]LogModuleManager: Shutting down and abandoning module AndroidMediaEditor (442)
[2017.04.19-10.59.33:660][397]LogModuleManager: Shutting down and abandoning module CharacterAI (440)
[2017.04.19-10.59.33:660][397]LogModuleManager: Shutting down and abandoning module AudioCapture (438)
[2017.04.19-10.59.33:660][397]LogModuleManager: Shutting down and abandoning module SequenceRecorder (437)
[2017.04.19-10.59.33:660][397]LogModuleManager: Shutting down and abandoning module SmartSnapping (434)
[2017.04.19-10.59.33:660][397]LogModuleManager: Shutting down and abandoning module SessionServices (432)
[2017.04.19-10.59.33:660][397]LogModuleManager: Shutting down and abandoning module ViewportSnapping (430)
[2017.04.19-10.59.33:660][397]LogModuleManager: Shutting down and abandoning module ViewportInteraction (428)
[2017.04.19-10.59.33:660][397]LogModuleManager: Shutting down and abandoning module LogVisualizer (426)
[2017.04.19-10.59.33:660][397]LogModuleManager: Shutting down and abandoning module IntroTutorials (424)
[2017.04.19-10.59.33:660][397]LogModuleManager: Shutting down and abandoning module GameProjectGeneration (423)
[2017.04.19-10.59.33:660][397]LogModuleManager: Shutting down and abandoning module EditorLiveStreaming (420)
[2017.04.19-10.59.33:660][397]LogModuleManager: Shutting down and abandoning module IOSPlatformEditor (418)
[2017.04.19-10.59.33:660][397]LogModuleManager: Shutting down and abandoning module HTML5PlatformEditor (416)
[2017.04.19-10.59.33:660][397]LogModuleManager: Shutting down and abandoning module AndroidPlatformEditor (414)
[2017.04.19-10.59.33:660][397]LogModuleManager: Shutting down and abandoning module AndroidDeviceDetection (413)
[2017.04.19-10.59.34:277][397]LogModuleManager: Shutting down and abandoning module IOSRuntimeSettings (410)
[2017.04.19-10.59.34:277][397]LogModuleManager: Shutting down and abandoning module AndroidRuntimeSettings (408)
[2017.04.19-10.59.34:277][397]LogModuleManager: Shutting down and abandoning module InputBindingEditor (406)
[2017.04.19-10.59.34:277][397]LogModuleManager: Shutting down and abandoning module NiagaraEditor (404)
[2017.04.19-10.59.34:277][397]LogModuleManager: Shutting down and abandoning module MergeActors (402)
[2017.04.19-10.59.34:277][397]LogModuleManager: Shutting down and abandoning module SizeMap (400)
[2017.04.19-10.59.34:277][397]LogModuleManager: Shutting down and abandoning module TreeMap (398)
[2017.04.19-10.59.34:277][397]LogModuleManager: Shutting down and abandoning module ReferenceViewer (396)
[2017.04.19-10.59.34:277][397]LogModuleManager: Shutting down and abandoning module LocalizationDashboard (394)
[2017.04.19-10.59.34:277][397]LogModuleManager: Shutting down and abandoning module LocalizationService (393)
[2017.04.19-10.59.34:277][397]LogModuleManager: Shutting down and abandoning module HardwareTargeting (390)
[2017.04.19-10.59.34:277][397]LogModuleManager: Shutting down and abandoning module DeviceProfileEditor (388)
[2017.04.19-10.59.34:277][397]LogModuleManager: Shutting down and abandoning module UndoHistory (386)
[2017.04.19-10.59.34:277][397]LogModuleManager: Shutting down and abandoning module UserFeedback (384)
[2017.04.19-10.59.34:277][397]LogModuleManager: Shutting down and abandoning module XmlParser (382)
[2017.04.19-10.59.34:277][397]LogModuleManager: Shutting down and abandoning module Blutility (380)
[2017.04.19-10.59.34:277][397]LogModuleManager: Shutting down and abandoning module ProjectSettingsViewer (378)
[2017.04.19-10.59.34:277][397]LogModuleManager: Shutting down and abandoning module ProjectTargetPlatformEditor (377)
[2017.04.19-10.59.34:277][397]LogModuleManager: Shutting down and abandoning module EditorSettingsViewer (374)
[2017.04.19-10.59.34:277][397]LogModuleManager: Shutting down and abandoning module SettingsEditor (372)
[2017.04.19-10.59.34:277][397]LogModuleManager: Shutting down and abandoning module ProjectLauncher (370)
[2017.04.19-10.59.34:277][397]LogModuleManager: Shutting down and abandoning module SessionFrontend (368)
[2017.04.19-10.59.34:277][397]LogModuleManager: Shutting down and abandoning module ProfilerClient (366)
[2017.04.19-10.59.34:277][397]LogModuleManager: Shutting down and abandoning module DeviceManager (364)
[2017.04.19-10.59.34:277][397]LogModuleManager: Shutting down and abandoning module TargetDeviceServices (363)
[2017.04.19-10.59.34:329][397]LogModuleManager: Shutting down and abandoning module AutomationController (360)
[2017.04.19-10.59.34:329][397]LogModuleManager: Shutting down and abandoning module AutomationWindow (358)
[2017.04.19-10.59.34:329][397]LogModuleManager: Shutting down and abandoning module Layers (356)
[2017.04.19-10.59.34:329][397]LogModuleManager: Shutting down and abandoning module ComponentVisualizers (354)
[2017.04.19-10.59.34:329][397]LogModuleManager: Shutting down and abandoning module DetailCustomizations (352)
[2017.04.19-10.59.34:329][397]LogModuleManager: Shutting down and abandoning module PackagesDialog (350)
[2017.04.19-10.59.34:329][397]LogModuleManager: Shutting down and abandoning module Persona (348)
[2017.04.19-10.59.34:329][397]LogModuleManager: Shutting down and abandoning module AnimGraph (347)
[2017.04.19-10.59.34:329][397]LogModuleManager: Shutting down and abandoning module Kismet (344)
[2017.04.19-10.59.34:333][397]LogModuleManager: Shutting down and abandoning module GraphEditor (342)
[2017.04.19-10.59.34:333][397]LogModuleManager: Shutting down and abandoning module ClassViewer (340)
[2017.04.19-10.59.34:334][397]LogModuleManager: Shutting down and abandoning module Toolbox (338)
[2017.04.19-10.59.34:334][397]LogModuleManager: Shutting down and abandoning module ModuleUI (336)
[2017.04.19-10.59.34:334][397]LogModuleManager: Shutting down and abandoning module MovieSceneTools (334)
[2017.04.19-10.59.34:334][397]LogModuleManager: Shutting down and abandoning module OutputLog (332)
[2017.04.19-10.59.34:334][397]LogModuleManager: Shutting down and abandoning module GammaUI (330)
[2017.04.19-10.59.34:334][397]LogModuleManager: Shutting down and abandoning module Documentation (328)
[2017.04.19-10.59.34:334][397]LogModuleManager: Shutting down and abandoning module Niagara (326)
[2017.04.19-10.59.34:334][397]LogModuleManager: Shutting down and abandoning module StreamingPauseRendering (324)
[2017.04.19-10.59.34:334][397]LogModuleManager: Shutting down and abandoning module AnalyticsET (322)
[2017.04.19-10.59.34:334][397]LogModuleManager: Shutting down and abandoning module PortalServices (320)
[2017.04.19-10.59.34:334][397]LogModuleManager: Shutting down and abandoning module PortalRpc (318)
[2017.04.19-10.59.34:334][397]LogModuleManager: Shutting down and abandoning module MessagingRpc (316)
[2017.04.19-10.59.34:334][397]LogModuleManager: Shutting down and abandoning module AIModule (314)
[2017.04.19-10.59.34:334][397]LogModuleManager: Shutting down and abandoning module GameplayDebugger (313)
[2017.04.19-10.59.34:334][397]LogModuleManager: Shutting down and abandoning module AITestSuite (311)
[2017.04.19-10.59.34:334][397]LogModuleManager: Shutting down and abandoning module ProfilerService (308)
[2017.04.19-10.59.34:346][397]LogModuleManager: Shutting down and abandoning module TaskGraph (306)
[2017.04.19-10.59.34:346][397]LogModuleManager: Shutting down and abandoning module SteamVRController (304)
[2017.04.19-10.59.34:346][397]LogModuleManager: Shutting down and abandoning module SteamVR (302)
[2017.04.19-10.59.34:346][397]LogModuleManager: Shutting down and abandoning module ProceduralMeshComponentEditor (300)
[2017.04.19-10.59.34:346][397]LogModuleManager: Shutting down and abandoning module ProceduralMeshComponent (298)
[2017.04.19-10.59.34:346][397]LogModuleManager: Shutting down and abandoning module OculusLibrary (296)
[2017.04.19-10.59.34:346][397]LogModuleManager: Shutting down and abandoning module OculusInput (294)
[2017.04.19-10.59.34:346][397]LogModuleManager: Shutting down and abandoning module MobilePatchingUtils (292)
[2017.04.19-10.59.34:346][397]LogModuleManager: Shutting down and abandoning module CustomMeshComponent (290)
[2017.04.19-10.59.34:346][397]LogModuleManager: Shutting down and abandoning module CableComponent (288)
[2017.04.19-10.59.34:346][397]LogModuleManager: Shutting down and abandoning module ArchVisCharacter (286)
[2017.04.19-10.59.34:346][397]LogModuleManager: Shutting down and abandoning module MediaPlayerEditor (282)
[2017.04.19-10.59.34:346][397]LogModuleManager: Shutting down and abandoning module HTML5Networking (280)
[2017.04.19-10.59.34:346][397]LogModuleManager: Shutting down and abandoning module AlembicImporter (278)
[2017.04.19-10.59.34:346][397]LogModuleManager: Shutting down and abandoning module AlembicLibrary (277)
[2017.04.19-10.59.34:346][397]LogModuleManager: Shutting down and abandoning module GeometryCache (276)
[2017.04.19-10.59.34:346][397]LogModuleManager: Shutting down and abandoning module GeometryCacheEd (275)
[2017.04.19-10.59.34:346][397]LogModuleManager: Shutting down and abandoning module SuperSearchEditor (270)
[2017.04.19-10.59.34:346][397]LogModuleManager: Shutting down and abandoning module SuperSearch (269)
[2017.04.19-10.59.34:346][397]LogModuleManager: Shutting down and abandoning module SpeedTreeImporter (266)
[2017.04.19-10.59.34:346][397]LogModuleManager: Shutting down and abandoning module PluginBrowser (264)
[2017.04.19-10.59.34:346][397]LogModuleManager: Shutting down and abandoning module MobileLauncherProfileWizard (262)
[2017.04.19-10.59.34:346][397]LogModuleManager: Shutting down and abandoning module EpicSurvey (260)
[2017.04.19-10.59.34:346][397]LogModuleManager: Shutting down and abandoning module VisualStudioSourceCodeAccess (258)
[2017.04.19-10.59.34:346][397]LogModuleManager: Shutting down and abandoning module DesktopPlatform (257)
[2017.04.19-10.59.34:346][397]LogModuleManager: Shutting down and abandoning module UObjectPlugin (254)
[2017.04.19-10.59.34:346][397]LogModuleManager: Shutting down and abandoning module SubversionSourceControl (252)
[2017.04.19-10.59.34:346][397]LogModuleManager: Shutting down and abandoning module PerforceSourceControl (250)
[2017.04.19-10.59.34:346][397]LogModuleManager: Shutting down and abandoning module GitSourceControl (248)
[2017.04.19-10.59.34:346][397]LogModuleManager: Shutting down and abandoning module SourceControl (247)
[2017.04.19-10.59.34:346][397]LogModuleManager: Shutting down and abandoning module LightPropagationVolumeEditor (244)
[2017.04.19-10.59.34:346][397]LogModuleManager: Shutting down and abandoning module PaperTiledImporter (242)
[2017.04.19-10.59.34:346][397]LogModuleManager: Shutting down and abandoning module PaperSpriteSheetImporter (240)
[2017.04.19-10.59.34:346][397]LogModuleManager: Shutting down and abandoning module Paper2DEditor (238)
[2017.04.19-10.59.34:346][397]LogModuleManager: Shutting down and abandoning module MeshPaint (237)
[2017.04.19-10.59.34:346][397]LogModuleManager: Shutting down and abandoning module LevelEditor (235)
[2017.04.19-10.59.34:347][397]LogModuleManager: Shutting down and abandoning module PixelInspectorModule (234)
[2017.04.19-10.59.34:347][397]LogModuleManager: Shutting down and abandoning module MainFrame (232)
[2017.04.19-10.59.34:347][397]LogModuleManager: Shutting down and abandoning module HotReload (231)
[2017.04.19-10.59.34:347][397]LogDirectoryWatcher: A directory notification for 'C:/Users/Ed/Documents/Unreal Projects/04_BattleTank/BattleTank/Binaries/Win64' was aborted.
[2017.04.19-10.59.34:347][397]LogModuleManager: Shutting down and abandoning module ContentBrowser (227)
[2017.04.19-10.59.34:348][397]LogModuleManager: Shutting down and abandoning module PhysXVehiclesEditor (222)
[2017.04.19-10.59.34:348][397]LogModuleManager: Shutting down and abandoning module PhysXVehicles (220)
[2017.04.19-10.59.34:348][397]LogModuleManager: Shutting down and abandoning module LocationServicesBPLibrary (218)
[2017.04.19-10.59.34:348][397]LogModuleManager: Shutting down and abandoning module UdpMessaging (216)
[2017.04.19-10.59.34:448][397]LogModuleManager: Shutting down and abandoning module TcpMessaging (214)
[2017.04.19-10.59.34:549][397]LogModuleManager: Shutting down and abandoning module GameplayTagsEditor (212)
[2017.04.19-10.59.34:549][397]LogModuleManager: Shutting down and abandoning module FacialAnimationEditor (210)
[2017.04.19-10.59.34:549][397]LogModuleManager: Shutting down and abandoning module FacialAnimation (208)
[2017.04.19-10.59.34:549][397]LogModuleManager: Shutting down and abandoning module LightPropagationVolumeRuntime (206)
[2017.04.19-10.59.34:549][397]LogModuleManager: Shutting down and abandoning module Paper2D (204)
[2017.04.19-10.59.34:549][397]LogModuleManager: Shutting down and abandoning module WindowsMoviePlayer (202)
[2017.04.19-10.59.34:549][397]LogModuleManager: Shutting down and abandoning module WmfMedia (200)
[2017.04.19-10.59.34:549][397]LogModuleManager: Shutting down and abandoning module MfMedia (198)
[2017.04.19-10.59.34:549][397]LogModuleManager: Shutting down and abandoning module MediaAssets (196)
[2017.04.19-10.59.34:549][397]LogModuleManager: Shutting down and abandoning module GameLiveStreaming (194)
[2017.04.19-10.59.34:549][397]LogModuleManager: Shutting down and abandoning module VREditor (192)
[2017.04.19-10.59.34:549][397]LogModuleManager: Shutting down and abandoning module GameplayTasksEditor (190)
[2017.04.19-10.59.34:549][397]LogModuleManager: Shutting down and abandoning module BehaviorTreeEditor (188)
[2017.04.19-10.59.34:549][397]LogModuleManager: Shutting down and abandoning module FunctionalTesting (186)
[2017.04.19-10.59.34:549][397]LogModuleManager: Shutting down and abandoning module CollisionAnalyzer (184)
[2017.04.19-10.59.34:549][397]LogModuleManager: Shutting down and abandoning module UMG (182)
[2017.04.19-10.59.34:549][397]LogModuleManager: Shutting down and abandoning module UMGEditor (181)
[2017.04.19-10.59.34:549][397]LogModuleManager: Shutting down and abandoning module Sequencer (180)
[2017.04.19-10.59.34:549][397]LogModuleManager: Shutting down and abandoning module AssetTools (178)
[2017.04.19-10.59.34:549][397]LogModuleManager: Shutting down and abandoning module MessageLog (177)
[2017.04.19-10.59.34:549][397]LogModuleManager: Shutting down and abandoning module WorkspaceMenuStructure (176)
[2017.04.19-10.59.34:549][397]LogModuleManager: Shutting down and abandoning module SlateReflector (170)
[2017.04.19-10.59.34:549][397]LogModuleManager: Shutting down and abandoning module Slate (168)
[2017.04.19-10.59.34:549][397]LogModuleManager: Shutting down and abandoning module EditorStyle (166)
[2017.04.19-10.59.34:551][397]LogModuleManager: Shutting down and abandoning module SourceCodeAccess (164)
[2017.04.19-10.59.34:551][397]LogModuleManager: Shutting down and abandoning module HeadMountedDisplay (162)
[2017.04.19-10.59.34:551][397]LogModuleManager: Shutting down and abandoning module XAudio2 (160)
[2017.04.19-10.59.34:551][397]LogModuleManager: Shutting down and abandoning module Networking (158)
[2017.04.19-10.59.34:551][397]LogModuleManager: Shutting down and abandoning module Core (154)
[2017.04.19-10.59.34:551][397]LogModuleManager: Shutting down and abandoning module AssetRegistry (152)
[2017.04.19-10.59.34:675][397]LogDirectoryWatcher: A directory notification for '../../../Engine/Content/' was aborted.
[2017.04.19-10.59.34:675][397]LogDirectoryWatcher: A directory notification for '../../../../../../Users/Ed/Documents/Unreal Projects/04_BattleTank/BattleTank/Content/' was aborted.
[2017.04.19-10.59.34:675][397]LogDirectoryWatcher: A directory notification for '../../../Engine/Plugins/2D/Paper2D/Content/' was aborted.
[2017.04.19-10.59.34:675][397]LogModuleManager: Shutting down and abandoning module DirectoryWatcher (151)
[2017.04.19-10.59.34:676][397]LogModuleManager: Shutting down and abandoning module KismetCompiler (148)
[2017.04.19-10.59.34:676][397]LogModuleManager: Shutting down and abandoning module PhysXFormats (146)
[2017.04.19-10.59.34:676][397]LogModuleManager: Shutting down and abandoning module MeshUtilities (144)
[2017.04.19-10.59.34:676][397]LogModuleManager: Shutting down and abandoning module SimplygonSwarm (143)
[2017.04.19-10.59.34:676][397]LogModuleManager: Shutting down and abandoning module SimplygonMeshReduction (141)
[2017.04.19-10.59.34:676][397]LogModuleManager: Shutting down and abandoning module QuadricMeshReduction (139)
[2017.04.19-10.59.34:676][397]LogModuleManager: Shutting down and abandoning module PropertyEditor (137)
[2017.04.19-10.59.34:676][397]LogModuleManager: Shutting down and abandoning module DerivedDataCache (134)
[2017.04.19-10.59.34:772][397]LogDerivedDataCache: Shutdown
[2017.04.19-10.59.34:772][397]LogModuleManager: Shutting down and abandoning module TargetPlatform (132)
[2017.04.19-10.59.34:772][397]LogModuleManager: Shutting down and abandoning module VulkanShaderFormat (131)
[2017.04.19-10.59.34:772][397]LogModuleManager: Shutting down and abandoning module ShaderFormatOpenGL (129)
[2017.04.19-10.59.34:772][397]LogModuleManager: Shutting down and abandoning module ShaderFormatD3D (127)
[2017.04.19-10.59.34:772][397]LogModuleManager: Shutting down and abandoning module MetalShaderFormat (125)
[2017.04.19-10.59.34:772][397]LogModuleManager: Shutting down and abandoning module TextureFormatUncompressed (123)
[2017.04.19-10.59.34:772][397]LogModuleManager: Shutting down and abandoning module TextureFormatPVR (121)
[2017.04.19-10.59.34:772][397]LogModuleManager: Shutting down and abandoning module TextureFormatDXT (119)
[2017.04.19-10.59.34:772][397]LogModuleManager: Shutting down and abandoning module TextureFormatIntelISPCTexComp (117)
[2017.04.19-10.59.34:772][397]LogModuleManager: Shutting down and abandoning module TextureFormatASTC (115)
[2017.04.19-10.59.34:772][397]LogModuleManager: Shutting down and abandoning module ImageWrapper (114)
[2017.04.19-10.59.34:772][397]LogModuleManager: Shutting down and abandoning module TextureFormatAndroid (111)
[2017.04.19-10.59.34:772][397]LogModuleManager: Shutting down and abandoning module AudioFormatOpus (109)
[2017.04.19-10.59.34:772][397]LogModuleManager: Shutting down and abandoning module AudioFormatOgg (107)
[2017.04.19-10.59.34:772][397]LogModuleManager: Shutting down and abandoning module AudioFormatADPCM (105)
[2017.04.19-10.59.34:772][397]LogModuleManager: Shutting down and abandoning module LinuxTargetPlatform (103)
[2017.04.19-10.59.34:772][397]LogModuleManager: Shutting down and abandoning module LinuxServerTargetPlatform (101)
[2017.04.19-10.59.34:772][397]LogModuleManager: Shutting down and abandoning module LinuxNoEditorTargetPlatform (99)
[2017.04.19-10.59.34:772][397]LogModuleManager: Shutting down and abandoning module LinuxClientTargetPlatform (97)
[2017.04.19-10.59.34:772][397]LogModuleManager: Shutting down and abandoning module TVOSTargetPlatform (95)
[2017.04.19-10.59.34:772][397]LogModuleManager: Shutting down and abandoning module Messaging (93)
[2017.04.19-10.59.34:772][397]LogModuleManager: Shutting down and abandoning module IOSTargetPlatform (91)
[2017.04.19-10.59.34:772][397]LogModuleManager: Shutting down and abandoning module HTML5TargetPlatform (89)
[2017.04.19-10.59.34:772][397]LogModuleManager: Shutting down and abandoning module Android_PVRTCTargetPlatform (87)
[2017.04.19-10.59.34:772][397]LogModuleManager: Shutting down and abandoning module Android_MultiTargetPlatform (85)
[2017.04.19-10.59.34:772][397]LogModuleManager: Shutting down and abandoning module Android_ETC2TargetPlatform (83)
[2017.04.19-10.59.34:772][397]LogModuleManager: Shutting down and abandoning module Android_ETC1TargetPlatform (81)
[2017.04.19-10.59.34:772][397]LogModuleManager: Shutting down and abandoning module Android_DXTTargetPlatform (79)
[2017.04.19-10.59.34:772][397]LogModuleManager: Shutting down and abandoning module Android_ATCTargetPlatform (77)
[2017.04.19-10.59.34:772][397]LogModuleManager: Shutting down and abandoning module Android_ASTCTargetPlatform (75)
[2017.04.19-10.59.34:772][397]LogModuleManager: Shutting down and abandoning module AndroidTargetPlatform (73)
[2017.04.19-10.59.34:772][397]LogModuleManager: Shutting down and abandoning module WindowsTargetPlatform (71)
[2017.04.19-10.59.34:772][397]LogModuleManager: Shutting down and abandoning module WindowsServerTargetPlatform (69)
[2017.04.19-10.59.34:772][397]LogModuleManager: Shutting down and abandoning module WindowsNoEditorTargetPlatform (67)
[2017.04.19-10.59.34:772][397]LogModuleManager: Shutting down and abandoning module WindowsClientTargetPlatform (65)
[2017.04.19-10.59.34:772][397]LogModuleManager: Shutting down and abandoning module MacTargetPlatform (63)
[2017.04.19-10.59.34:772][397]LogModuleManager: Shutting down and abandoning module MacServerTargetPlatform (61)
[2017.04.19-10.59.34:772][397]LogModuleManager: Shutting down and abandoning module MacNoEditorTargetPlatform (59)
[2017.04.19-10.59.34:772][397]LogModuleManager: Shutting down and abandoning module MacClientTargetPlatform (57)
[2017.04.19-10.59.34:772][397]LogModuleManager: Shutting down and abandoning module AllDesktopTargetPlatform (55)
[2017.04.19-10.59.34:772][397]LogModuleManager: Shutting down and abandoning module InputCore (52)
[2017.04.19-10.59.34:772][397]LogModuleManager: Shutting down and abandoning module Settings (50)
[2017.04.19-10.59.34:772][397]LogModuleManager: Shutting down and abandoning module OculusRift (48)
[2017.04.19-10.59.34:772][397]LogModuleManager: Shutting down and abandoning module GearVR (46)
[2017.04.19-10.59.34:772][397]LogModuleManager: Shutting down and abandoning module ExampleDeviceProfileSelector (44)
[2017.04.19-10.59.34:772][397]LogModuleManager: Shutting down and abandoning module OnlineBlueprintSupport (42)
[2017.04.19-10.59.34:772][397]LogModuleManager: Shutting down and abandoning module OnlineSubsystem (38)
[2017.04.19-10.59.34:772][397]LogOnline:Display: Unloading online subsystem: NULL
[2017.04.19-10.59.34:772][397]LogModuleManager: Shutting down and abandoning module XMPP (37)
[2017.04.19-10.59.34:772][397]LogModuleManager: Shutting down and abandoning module HTTP (35)
[2017.04.19-10.59.34:772][397]LogHttp:Display: Http module shutting down, but needs to wait on 1 outstanding Http requests:
[2017.04.19-10.59.34:772][397]LogHttp:Display: 	verb=[POST] url=[https://datarouter.ol.epicgames.com/datarouter/api/v1/public/data?SessionID=%7BF8BCA3D6-47F3-E340-2DD7-B7B78C3A79DF%7D&AppID=UEEditor.Rocket.Release&AppVersion=4.15.1-3348071%2B%2B%2BUE4%2BRelease-4.15&UserID=f7f8e8e14812d3a9c689c8b3027a32dd%7C58448bdb2ce4468ba1b793c4adc2bec4%7Cb6541784-51a5-4cf3-83aa-c7e3819647ee&AppEnvironment=datacollector-binary&UploadType=eteventstream] status=Processing
[2017.04.19-10.59.34:791][397]LogModuleManager: Shutting down and abandoning module SSL (34)
[2017.04.19-10.59.34:792][397]LogModuleManager: Shutting down and abandoning module AudioEditor (30)
[2017.04.19-10.59.34:792][397]LogModuleManager: Shutting down and abandoning module TextureCompressor (28)
[2017.04.19-10.59.34:792][397]LogModuleManager: Shutting down and abandoning module ShaderCore (26)
[2017.04.19-10.59.34:792][397]LogModuleManager: Shutting down and abandoning module Landscape (24)
[2017.04.19-10.59.34:792][397]LogModuleManager: Shutting down and abandoning module SlateRHIRenderer (22)
[2017.04.19-10.59.34:793][397]LogModuleManager: Shutting down and abandoning module OpenGLDrv (20)
[2017.04.19-10.59.34:793][397]LogModuleManager: Shutting down and abandoning module D3D11RHI (18)
[2017.04.19-10.59.34:793][397]LogModuleManager: Shutting down and abandoning module AnimGraphRuntime (16)
[2017.04.19-10.59.34:793][397]LogModuleManager: Shutting down and abandoning module Renderer (14)
[2017.04.19-10.59.34:793][397]LogModuleManager: Shutting down and abandoning module Engine (12)
[2017.04.19-10.59.34:793][397]LogModuleManager: Shutting down and abandoning module CoreUObject (10)
[2017.04.19-10.59.34:793][397]LogModuleManager: Shutting down and abandoning module NetworkFile (8)
[2017.04.19-10.59.34:793][397]LogModuleManager: Shutting down and abandoning module StreamingFile (6)
[2017.04.19-10.59.34:793][397]LogModuleManager: Shutting down and abandoning module SandboxFile (4)
[2017.04.19-10.59.34:793][397]LogModuleManager: Shutting down and abandoning module PakFile (2)
[2017.04.19-10.59.34:794][397]LogExit: Exiting.
[2017.04.19-10.59.34:804][397]Log file closed, 04/19/17 11:59:34
