Log file open, 04/28/17 15:12:50
LogInit:Display: Running engine for game: BattleTank
LogPlatformFile: Not using cached read wrapper
LogInit:Display: RandInit(159267245) SRandInit(159267245).
LogTaskGraph: Started task graph with 5 named threads and 8 total threads with 1 sets of task threads.
LogStats: Stats thread started at 0.087258
LogInit: Using libcurl 7.47.1
LogInit:  - built for x86_64-pc-win32
LogInit:  - supports SSL with OpenSSL/1.0.2g
LogInit:  - supports HTTP deflate (compression) using libz 1.2.8
LogInit:  - other features:
LogInit:      CURL_VERSION_SSL
LogInit:      CURL_VERSION_LIBZ
LogInit:      CURL_VERSION_IPV6
LogInit:      CURL_VERSION_ASYNCHDNS
LogInit:      CURL_VERSION_LARGEFILE
LogInit:      CURL_VERSION_IDN
LogInit:  CurlRequestOptions (configurable via config and command line):
LogInit:  - bVerifyPeer = false  - Libcurl will NOT verify peer certificate
LogInit:  - bUseHttpProxy = false  - Libcurl will NOT use HTTP proxy
LogInit:  - bDontReuseConnections = false  - Libcurl will reuse connections
LogInit:  - CertBundlePath = nullptr  - Libcurl will use whatever was configured at build time.
LogInit: Build: ++UE4+Release-4.15-CL-3299760
LogInit: Engine Version: 4.15.0-3299760+++UE4+Release-4.15
LogInit: Compatible Engine Version: 4.15.0-3299760+++UE4+Release-4.15
LogInit: Net CL: 3299760
LogDevObjectVersion: Number of dev versions registered: 14
LogDevObjectVersion:   Dev-Blueprints (B0D832E4-1F89-4F0D-ACCF-7EB736FD4AA2): 8
LogDevObjectVersion:   Dev-Build (E1C64328-A22C-4D53-A36C-8E866417BD8C): 0
LogDevObjectVersion:   Dev-Core (375EC13C-06E4-48FB-B500-84F0262A717E): 2
LogDevObjectVersion:   Dev-Editor (E4B068ED-F494-42E9-A231-DA0B2E46BB41): 14
LogDevObjectVersion:   Dev-Framework (CFFC743F-43B0-4480-9391-14DF171D2073): 22
LogDevObjectVersion:   Dev-Mobile (B02B49B5-BB20-44E9-A304-32B752E40360): 0
LogDevObjectVersion:   Dev-Networking (A4E4105C-59A1-49B5-A7C5-40C4547EDFEE): 0
LogDevObjectVersion:   Dev-Online (39C831C9-5AE6-47DC-9A44-9C173E1C8E7C): 0
LogDevObjectVersion:   Dev-Physics (78F01B33-EBEA-4F98-B9B4-84EACCB95AA2): 0
LogDevObjectVersion:   Dev-Platform (6631380F-2D4D-43E0-8009-CF276956A95A): 0
LogDevObjectVersion:   Dev-Rendering (12F88B9F-8875-4AFC-A67C-D90C383ABD29): 12
LogDevObjectVersion:   Dev-Sequencer (7B5AE74C-D270-4C10-A958-57980B212A5A): 3
LogDevObjectVersion:   Dev-VR (D7296918-1DD6-4BDD-9DE2-64A83CC13884): 0
LogDevObjectVersion:   Dev-LoadTimes (C2A15278-BFE7-4AFE-6C17-90FF531DF755): 1
LogInit: Compiled (64-bit): Feb 14 2017 02:04:14
LogInit: Compiled with Visual C++: 19.00.23026.00
LogInit: Build Configuration: Development
LogInit: Branch Name: ++UE4+Release-4.15
LogInit: Command line: -EpicPortal 
LogInit: Base directory: C:/Program Files/Epic Games/UE_4.15/Engine/Binaries/Win64/
LogInit: Installed Engine Build: 1
LogInit: Presizing for max 8388607 objects, including 0 objects not considered by GC, pre-allocating 0 bytes for permanent pool.
LogInit: Object subsystem initialized
[2017.04.28-14.12.51:535][  0]LogInit: Selected Device Profile: [Windows]
[2017.04.28-14.12.51:535][  0]LogInit: Applying CVar settings loaded from the selected device profile: [Windows]
[2017.04.28-14.12.51:552][  0]LogInit: Computer: DESKTOP-0PEK566
[2017.04.28-14.12.51:552][  0]LogInit: User: Sarah
[2017.04.28-14.12.51:552][  0]LogInit: CPU Page size=65536, Cores=4
[2017.04.28-14.12.51:552][  0]LogInit: High frequency timer resolution =2.143576 MHz
[2017.04.28-14.12.51:552][  0]LogMemory: Memory total: Physical=7.9GB (8GB approx)
[2017.04.28-14.12.51:552][  0]LogMemory: Platform Memory Stats for Windows
[2017.04.28-14.12.51:552][  0]LogMemory: Process Physical Memory: 262.93 MB used, 262.93 MB peak
[2017.04.28-14.12.51:552][  0]LogMemory: Process Virtual Memory: 262.56 MB used, 262.56 MB peak
[2017.04.28-14.12.51:552][  0]LogMemory: Physical Memory: 6206.04 MB used,  1878.23 MB free, 8084.27 MB total
[2017.04.28-14.12.51:552][  0]LogMemory: Virtual Memory: 644.18 MB used,  1878.23 MB free, 134217728.00 MB total
[2017.04.28-14.12.51:686][  0]LogTextLocalizationManager: No specific translations for ('en-US') exist, so ('en') translations will be used.
[2017.04.28-14.12.52:450][  0]LogD3D11RHI: D3D11 adapters:
[2017.04.28-14.12.52:507][  0]LogD3D11RHI:    0. 'AMD Radeon HD 7600M Series' (Feature Level 11_0)
[2017.04.28-14.12.52:507][  0]LogD3D11RHI:       1004/0/3840 MB DedicatedVideo/DedicatedSystem/SharedSystem, Outputs:1, VendorId:0x1002
[2017.04.28-14.12.52:511][  0]LogD3D11RHI:    1. 'Intel(R) HD Graphics 4000' (Feature Level 11_0)
[2017.04.28-14.12.52:511][  0]LogD3D11RHI:       32/0/1760 MB DedicatedVideo/DedicatedSystem/SharedSystem, Outputs:0, VendorId:0x8086
[2017.04.28-14.12.52:512][  0]LogD3D11RHI:    2. 'Microsoft Basic Render Driver' (Feature Level 11_0)
[2017.04.28-14.12.52:512][  0]LogD3D11RHI:       0/0/4042 MB DedicatedVideo/DedicatedSystem/SharedSystem, Outputs:0, VendorId:0x1414
[2017.04.28-14.12.52:512][  0]LogD3D11RHI: Chosen D3D11 Adapter: 0
[2017.04.28-14.12.52:528][  0]LogD3D11RHI: Creating new Direct3DDevice
[2017.04.28-14.12.52:528][  0]LogD3D11RHI:     GPU DeviceId: 0x6840 (for the marketing name, search the web for "GPU Device Id")
[2017.04.28-14.12.52:528][  0]LogWindows: EnumDisplayDevices:
[2017.04.28-14.12.52:528][  0]LogWindows:    0. 'Intel(R) HD Graphics 4000' (P:1 D:1)
[2017.04.28-14.12.52:528][  0]LogWindows:    1. 'Intel(R) HD Graphics 4000' (P:0 D:0)
[2017.04.28-14.12.52:528][  0]LogWindows:    2. 'Intel(R) HD Graphics 4000' (P:0 D:0)
[2017.04.28-14.12.52:528][  0]LogWindows: DebugString: PrimaryIsNotTheChoosenAdapter PrimaryIsNotTheChoosenAdapter PrimaryIsNotTheChoosenAdapter FoundDriverCount:0 
[2017.04.28-14.12.52:528][  0]LogD3D11RHI:     Adapter Name: AMD Radeon HD 7600M Series
[2017.04.28-14.12.52:528][  0]LogD3D11RHI:   Driver Version: Unknown (internal:Unknown, unified:Unknown)
[2017.04.28-14.12.52:528][  0]LogD3D11RHI:      Driver Date: Unknown
[2017.04.28-14.12.52:528][  0]LogRHI: Texture pool is 702 MB (70% of 1004 MB)
[2017.04.28-14.12.52:537][  0]LogD3D11RHI: AMD Pre GCN architecture detected, some driver workarounds will be in place
[2017.04.28-14.12.52:544][  0]LogD3D11RHI: Async texture creation enabled
[2017.04.28-14.12.52:557][  0]LogD3D11RHI: GPU Timing Frequency: 27.000000 (Debug: 2 1)
[2017.04.28-14.12.52:558][  0]LogShaderCompilers: Guid format shader working directory is -36 characters bigger than the processId version (../../../../../../Users/Sarah/Documents/Unreal Projects/04_BattleTank/BattleTank/Intermediate/Shaders/WorkingDirectory/102812/).
[2017.04.28-14.12.52:558][  0]LogShaderCompilers: Cleaned the shader compiler working directory 'C:/Users/Sarah/AppData/Local/Temp/UnrealShaderWorkingDir/50EFB1CC4565767924FD56A82C63133F/'.
[2017.04.28-14.12.52:558][  0]LogShaderCompilers:Display: Using Local Shader Compiler.
[2017.04.28-14.12.53:951][  0]LogTemp:Display: Loaded TP AllDesktopTargetPlatform
[2017.04.28-14.12.54:033][  0]LogTemp:Display: Loaded TP MacClientTargetPlatform
[2017.04.28-14.12.54:133][  0]LogTemp:Display: Loaded TP MacNoEditorTargetPlatform
[2017.04.28-14.12.54:214][  0]LogTemp:Display: Loaded TP MacServerTargetPlatform
[2017.04.28-14.12.54:295][  0]LogTemp:Display: Loaded TP MacTargetPlatform
[2017.04.28-14.12.54:373][  0]LogTemp:Display: Loaded TP WindowsClientTargetPlatform
[2017.04.28-14.12.54:453][  0]LogTemp:Display: Loaded TP WindowsNoEditorTargetPlatform
[2017.04.28-14.12.54:533][  0]LogTemp:Display: Loaded TP WindowsServerTargetPlatform
[2017.04.28-14.12.54:597][  0]LogTemp:Display: Loaded TP WindowsTargetPlatform
[2017.04.28-14.12.54:673][  0]LogTemp:Display: Loaded TP AndroidTargetPlatform
[2017.04.28-14.12.54:749][  0]LogTemp:Display: Loaded TP Android_ASTCTargetPlatform
[2017.04.28-14.12.54:825][  0]LogTemp:Display: Loaded TP Android_ATCTargetPlatform
[2017.04.28-14.12.54:901][  0]LogTemp:Display: Loaded TP Android_DXTTargetPlatform
[2017.04.28-14.12.54:978][  0]LogTemp:Display: Loaded TP Android_ETC1TargetPlatform
[2017.04.28-14.12.55:054][  0]LogTemp:Display: Loaded TP Android_ETC2TargetPlatform
[2017.04.28-14.12.55:209][  0]LogTemp:Display: Loaded TP Android_MultiTargetPlatform
[2017.04.28-14.12.55:209][  0]LogTemp:Display: Loaded TP Android_PVRTCTargetPlatform
[2017.04.28-14.12.55:266][  0]LogTemp:Display: Loaded TP HTML5TargetPlatform
[2017.04.28-14.12.55:421][  0]LogTemp:Display: Loaded TP IOSTargetPlatform
[2017.04.28-14.12.55:476][  0]LogTemp:Display: Loaded TP TVOSTargetPlatform
[2017.04.28-14.12.55:552][  0]LogTemp:Display: Loaded TP LinuxClientTargetPlatform
[2017.04.28-14.12.55:629][  0]LogTemp:Display: Loaded TP LinuxNoEditorTargetPlatform
[2017.04.28-14.12.55:707][  0]LogTemp:Display: Loaded TP LinuxServerTargetPlatform
[2017.04.28-14.12.55:786][  0]LogTemp:Display: Loaded TP LinuxTargetPlatform
[2017.04.28-14.12.55:786][  0]LogTargetPlatformManager:Display: Building Assets For Windows
[2017.04.28-14.12.56:510][  0]LogDerivedDataCache:Display: Max Cache Size: 512 MB
[2017.04.28-14.12.56:574][  0]LogDerivedDataCache: Loaded boot cache 0.06s 50MB C:/Users/Sarah/AppData/Local/UnrealEngine/4.15/DerivedDataCache/Boot.ddc.
[2017.04.28-14.12.56:574][  0]LogDerivedDataCache:Display: Loaded Boot cache: C:/Users/Sarah/AppData/Local/UnrealEngine/4.15/DerivedDataCache/Boot.ddc
[2017.04.28-14.12.56:574][  0]LogDerivedDataCache: FDerivedDataBackendGraph:  Pak pak cache file ../../../../../../Users/Sarah/Documents/Unreal Projects/04_BattleTank/BattleTank/DerivedDataCache/DDC.ddp not found, will not use a pak cache.
[2017.04.28-14.12.56:574][  0]LogDerivedDataCache: Unable to find inner node Pak for hierarchical cache Hierarchy.
[2017.04.28-14.12.56:574][  0]LogDerivedDataCache: FDerivedDataBackendGraph:  CompressedPak pak cache file ../../../../../../Users/Sarah/Documents/Unreal Projects/04_BattleTank/BattleTank/DerivedDataCache/Compressed.ddp not found, will not use a pak cache.
[2017.04.28-14.12.56:574][  0]LogDerivedDataCache: Unable to find inner node CompressedPak for hierarchical cache Hierarchy.
[2017.04.28-14.12.56:607][  0]LogDerivedDataCache:Display: Pak cache opened for reading ../../../Engine/DerivedDataCache/Compressed.ddp.
[2017.04.28-14.12.56:620][  0]LogDerivedDataCache: Using Local data cache path C:/Users/Sarah/AppData/Local/UnrealEngine/Common/DerivedDataCache: Writable
[2017.04.28-14.12.56:630][  0]LogSlate: Using Freetype 2.6.0
[2017.04.28-14.12.56:631][  0]LogSlate: SlateFontCache - WITH_FREETYPE: 1, WITH_HARFBUZZ: 1
[2017.04.28-14.12.56:631][  0]LogSlate: SlateFontCache - WITH_FREETYPE: 1, WITH_HARFBUZZ: 1
[2017.04.28-14.12.57:263][  0]LogInit: Selected Device Profile: [Windows]
[2017.04.28-14.12.57:267][  0]LogContentStreaming: Texture pool size is 0.00 MB
[2017.04.28-14.12.57:570][  0]LogMeshUtilities: Using QuadricMeshReduction for automatic static mesh reduction
[2017.04.28-14.12.57:631][  0]LogSimplygon: Simplygon DLL not present - disabling.
[2017.04.28-14.12.57:723][  0]LogMeshUtilities: Using SimplygonSwarm for distributed automatic mesh merging
[2017.04.28-14.12.57:723][  0]LogMeshUtilities: No automatic skeletal mesh reduction module available
[2017.04.28-14.12.57:723][  0]LogMeshUtilities: No automatic mesh merging module available
[2017.04.28-14.12.58:501][  0]LogNetVersion: GetLocalNetworkVersion: CL: 3299760, ProjectName: battletank, ProjectVersion: , EngineNetworkVersion: 2, GameNetworkVersion: 0, NetworkChecksum: 2512795372
[2017.04.28-14.12.58:557][  0]LogAssetRegistry: FAssetRegistry took 0.0217 seconds to start up
[2017.04.28-14.12.58:623][  0]LogPackageLocalizationCache: Processed 3 localized package path(s) for 2 prioritized culture(s) in 0.034638 seconds
[2017.04.28-14.12.58:630][  0]LogUObjectArray: 32475 objects as part of root set at end of initial load.
[2017.04.28-14.12.58:630][  0]LogUObjectAllocator: 7073360 out of 0 bytes used by permanent object pool.
[2017.04.28-14.12.58:630][  0]LogUObjectArray: CloseDisregardForGC: 0/0 objects in disregard for GC pool
[2017.04.28-14.12.58:723][  0]LogInit: WinSock: version 1.1 (2.2), MaxSocks=32767, MaxUdp=65467
[2017.04.28-14.13.01:108][  0]LogTcpMessaging: Initializing TcpMessaging bridge
[2017.04.28-14.13.01:188][  0]LogUdpMessaging: Initializing bridge on interface 0.0.0.0:0 to multicast group 230.0.0.1:6666.
[2017.04.28-14.13.02:042][  0]LogMaterial: Uniform references updated for custom material expression Custom.
[2017.04.28-14.13.02:680][  0]SourceControl: Info Source control is disabled
[2017.04.28-14.13.02:714][  0]SourceControl: Info Source control is disabled
[2017.04.28-14.13.02:807][  0]SourceControl: Info Source control is disabled
[2017.04.28-14.13.02:897][  0]SourceControl: Info Source control is disabled
[2017.04.28-14.13.05:244][  0]LogEngine: Initializing Engine...
[2017.04.28-14.13.05:245][  0]LogHMD: Failed to initialize OpenVR with code 110
[2017.04.28-14.13.05:551][  0]LogAIModule: Creating AISystem for world Untitled
[2017.04.28-14.13.05:561][  0]LogInit: XAudio2 using 'Speakers (2- High Definition Audio Device)' : 2 channels at 44.1 kHz using 16 bits per sample (channel mask 0x3)
[2017.04.28-14.13.05:578][  0]LogInit: FAudioDevice initialized.
[2017.04.28-14.13.05:607][  0]LogDerivedDataCache: Saved boot cache 0.03s 50MB C:/Users/Sarah/AppData/Local/UnrealEngine/4.15/DerivedDataCache/Boot.ddc.
[2017.04.28-14.13.05:615][  0]LogInit: Texture streaming: Enabled
[2017.04.28-14.13.05:752][  0]LogEngineSessionManager: EngineSessionManager initialized
[2017.04.28-14.13.05:886][  0]LogInit: Transaction tracking system initialized
[2017.04.28-14.13.06:377][  0]BlueprintLog: New page: Editor Load
[2017.04.28-14.13.07:639][  0]LocalizationService: Info Localization service is disabled
[2017.04.28-14.13.08:895][  0]LogConsoleResponse:Display: 
[2017.04.28-14.13.09:088][  0]LogCook:Display: Max memory allowance for cook 16384mb min free memory 0mb
[2017.04.28-14.13.09:088][  0]LogCook:Display: Mobile HDR setting 1
[2017.04.28-14.13.09:612][  0]LogFileCache: Scanning file cache for directory 'C:/Users/Sarah/Documents/Unreal Projects/04_BattleTank/BattleTank/Content/' took 0.01s
[2017.04.28-14.13.10:948][  0]SourceControl: Info Source control is disabled
[2017.04.28-14.13.10:948][  0]Cmd: MAP LOAD FILE="../../../../../../Users/Sarah/Documents/Unreal Projects/04_BattleTank/BattleTank/Content/Levels/BattleGround.umap" TEMPLATE=0 SHOWPROGRESS=1 FEATURELEVEL=3
[2017.04.28-14.13.10:949][  0]LightingResults: New page: Lighting Build
[2017.04.28-14.13.11:005][  0]MapCheck: New page: Map Check
[2017.04.28-14.13.11:005][  0]LightingResults: New page: Lighting Build
[2017.04.28-14.13.11:636][  0]LogAIModule: Creating AISystem for world BattleGround
[2017.04.28-14.13.11:953][  0]LogEditorServer: Finished looking for orphan Actors (0.000 secs)
[2017.04.28-14.13.11:956][  0]Cmd: MAP CHECKDEP NOCLEARLOG
[2017.04.28-14.13.12:010][  0]MapCheck: Info Map check complete: 0 Error(s), 0 Warning(s), took 54.063ms to complete.
[2017.04.28-14.13.12:010][  0]LogFileHelpers: Loading map 'BattleGround' took 1.061
[2017.04.28-14.13.12:077][  0]LogWindowsTextInputMethodSystem:Display: IME system now deactivated.
[2017.04.28-14.13.12:249][  0]LogCollectionManager: Loaded 1 collections in 0.005537 seconds
[2017.04.28-14.13.12:352][  0]LogFileCache: Scanning file cache for directory 'C:/Users/Sarah/Documents/Unreal Projects/04_BattleTank/BattleTank/Saved/Collections/' took 0.01s
[2017.04.28-14.13.12:352][  0]LogFileCache: Scanning file cache for directory 'C:/Users/Sarah/Documents/Unreal Projects/04_BattleTank/BattleTank/Content/Developers/Sarah/Collections/' took 0.01s
[2017.04.28-14.13.12:352][  0]LogFileCache: Scanning file cache for directory 'C:/Users/Sarah/Documents/Unreal Projects/04_BattleTank/BattleTank/Content/Collections/' took 0.01s
[2017.04.28-14.13.12:352][  0]LogCollectionManager: Rebuilt the GUID cache for 1 collections in 0.000005 seconds
[2017.04.28-14.13.12:352][  0]LogCollectionManager: Rebuilt the hierarchy cache for 1 collections in 0.000000 seconds
[2017.04.28-14.13.12:367][  0]LogContentBrowser: Native class hierarchy populated in 0.0140 seconds. Added 2255 classes and 453 folders.
[2017.04.28-14.13.12:371][  0]LogStats: UGameplayTagsManager::ConstructGameplayTagTree: Construct from data asset -  0.000 s
[2017.04.28-14.13.12:371][  0]LogStats: UGameplayTagsManager::ConstructGameplayTagTree: GameplayTagTreeChangedEvent.Broadcast -  0.000 s
[2017.04.28-14.13.12:463][  0]LogContentBrowser: Native class hierarchy updated for 'WidgetCarousel' in 0.0038 seconds. Added 0 classes and 0 folders.
[2017.04.28-14.13.12:866][  0]LogContentBrowser: Native class hierarchy updated for 'AddContentDialog' in 0.0037 seconds. Added 0 classes and 0 folders.
[2017.04.28-14.13.12:931][  0]LogContentBrowser: Native class hierarchy updated for 'SceneOutliner' in 0.0036 seconds. Added 1 classes and 2 folders.
[2017.04.28-14.13.12:998][  0]LogCrashTracker: Crashtracker disabled due to settings.
[2017.04.28-14.13.13:005][  0]LogUObjectGlobals:Warning: Failed to find object 'Class None.'
[2017.04.28-14.13.13:094][  0]LogContentBrowser: Native class hierarchy updated for 'HierarchicalLODOutliner' in 0.0035 seconds. Added 1 classes and 2 folders.
[2017.04.28-14.13.13:094][  0]LogLoad: (Engine Initialization) Total time: 26.10 seconds
[2017.04.28-14.13.13:094][  0]LogLoad: (Engine Initialization) Total Blueprint compile time: 0.18 seconds
[2017.04.28-14.13.13:094][  0]LogExternalProfiler: No external profilers were discovered.  External profiling features will not be available.
[2017.04.28-14.13.13:104][  0]LogOcInput: OculusInput pre-init called
[2017.04.28-14.13.13:126][  0]LogContentStreaming: Texture pool size now 600 MB
[2017.04.28-14.13.13:127][  0]LogSlate: Took 0.000244 seconds to synchronously load lazily loaded font '../../../Engine/Content/Slate/Fonts/Roboto-Regular.ttf' (155K)
[2017.04.28-14.13.13:132][  0]LogSlate: Took 0.000291 seconds to synchronously load lazily loaded font '../../../Engine/Content/Slate/Fonts/Roboto-Bold.ttf' (160K)
[2017.04.28-14.13.13:146][  0]LogSlate: Took 0.006971 seconds to synchronously load lazily loaded font '../../../Engine/Content/Editor/Slate/Fonts/FontAwesome.ttf' (139K)
[2017.04.28-14.13.13:152][  0]LogSlate: Took 0.005900 seconds to synchronously load lazily loaded font '../../../Engine/Content/Editor/Slate/Fonts/DroidSansMono.ttf' (77K)
[2017.04.28-14.13.13:412][  1]LogRenderer: Reallocating scene render targets to support 1048x628 NumSamples 1 (Frame:2).
[2017.04.28-14.13.13:664][  1]LogAssetRegistry: Asset discovery search completed in 15.1295 seconds
[2017.04.28-14.13.13:664][  1]LogCollectionManager: Rebuilt the object cache for 1 collections in 0.000009 seconds (found 0 objects)
[2017.04.28-14.13.13:665][  1]LogCollectionManager: Fixed up redirectors for 1 collections in 0.000156 seconds (updated 0 objects)
[2017.04.28-14.13.17:658][198]Recompiling BattleTank...
[2017.04.28-14.13.17:658][198]Launching UnrealBuildTool... [C:/Program Files/Epic Games/UE_4.15/Engine/Binaries/DotNET/UnrealBuildTool.exe BattleTank -ModuleWithSuffix BattleTank 2551 Win64 Development -editorrecompile -canskiplink "C:/Users/Sarah/Documents/Unreal Projects/04_BattleTank/BattleTank/BattleTank.uproject" ]
[2017.04.28-14.13.17:660][198]Warning: Starting HotReload took  0.0s.
[2017.04.28-14.13.50:701][991]CompilerResultsLog: New page: Compilation - Apr 28, 2017, 4:13:50 PM
[2017.04.28-14.13.50:701][991]CompilerResultsLog: Info Compiling game modules for hot reload
[2017.04.28-14.13.50:701][991]CompilerResultsLog: Info Parsing headers for BattleTankEditor
[2017.04.28-14.13.50:701][991]CompilerResultsLog: Info   Running UnrealHeaderTool "C:\Users\Sarah\Documents\Unreal Projects\04_BattleTank\BattleTank\BattleTank.uproject" "C:\Users\Sarah\Documents\Unreal Projects\04_BattleTank\BattleTank\Intermediate\Build\Win64\BattleTankEditor\Development\BattleTankEditor.uhtmanifest" -LogCmds="loginit warning, logexit warning, logdatabase error" -Unattended -WarningsAsErrors -installed
[2017.04.28-14.13.50:702][991]CompilerResultsLog: Info Reflection code generated for BattleTankEditor in 15.7141477 seconds
[2017.04.28-14.13.50:702][991]CompilerResultsLog: Info Performing 4 actions (4 in parallel)
[2017.04.28-14.13.50:702][991]CompilerResultsLog: Info BattleTank.generated.cpp
[2017.04.28-14.13.50:702][991]CompilerResultsLog: Info TankPlayerController.cpp
[2017.04.28-14.13.50:702][991]CompilerResultsLog: Info [3/4] Link UE4Editor-BattleTank-2551.dll
[2017.04.28-14.13.50:702][991]CompilerResultsLog: Info [4/4] Link UE4Editor-BattleTank-2551.lib
[2017.04.28-14.13.50:702][991]CompilerResultsLog: Info    Creating library C:\Users\Sarah\Documents\Unreal Projects\04_BattleTank\BattleTank\Intermediate\Build\Win64\UE4Editor\Development\UE4Editor-BattleTank-2551.lib and object C:\Users\Sarah\Documents\Unreal Projects\04_BattleTank\BattleTank\Intermediate\Build\Win64\UE4Editor\Development\UE4Editor-BattleTank-2551.exp
[2017.04.28-14.13.50:703][991]CompilerResultsLog: Info    Creating library C:\Users\Sarah\Documents\Unreal Projects\04_BattleTank\BattleTank\Intermediate\Build\Win64\UE4Editor\Development\UE4Editor-BattleTank-2551.suppressed.lib and object C:\Users\Sarah\Documents\Unreal Projects\04_BattleTank\BattleTank\Intermediate\Build\Win64\UE4Editor\Development\UE4Editor-BattleTank-2551.suppressed.exp
[2017.04.28-14.13.50:703][991]CompilerResultsLog: Info Total build time: 32.58 seconds (Local executor: 15.00 seconds)
[2017.04.28-14.13.50:703][991]LogMainFrame: MainFrame: Module compiling took 33.051 seconds
[2017.04.28-14.13.50:793][991]LogClass: Could not find existing class TankPlayerController in package /Script/BattleTank for HotReload, assuming new class
[2017.04.28-14.13.50:795][991]LogClass: EFiringStatus HotReload.
[2017.04.28-14.13.50:800][991]LogHotReload: Re-instancing TankPlayerController after hot-reload.
[2017.04.28-14.13.50:972][991]LogContentBrowser: Native class hierarchy updated for 'BattleTank' in 0.0037 seconds. Added 11 classes and 3 folders.
[2017.04.28-14.13.50:974][991]Display: HotReload successful (6 functions remapped  0 scriptstructs remapped)
[2017.04.28-14.13.51:046][991]LogContentBrowser: Native class hierarchy populated in 0.0153 seconds. Added 2257 classes and 457 folders.
[2017.04.28-14.13.51:047][991]Display: HotReload took 33.4s.
[2017.04.28-14.18.10:569][959]Recompiling BattleTank...
[2017.04.28-14.18.10:569][959]Launching UnrealBuildTool... [C:/Program Files/Epic Games/UE_4.15/Engine/Binaries/DotNET/UnrealBuildTool.exe BattleTank -ModuleWithSuffix BattleTank 4718 Win64 Development -editorrecompile -canskiplink "C:/Users/Sarah/Documents/Unreal Projects/04_BattleTank/BattleTank/BattleTank.uproject" ]
[2017.04.28-14.18.10:571][959]Warning: Starting HotReload took  0.0s.
[2017.04.28-14.18.23:802][473]CompilerResultsLog: New page: Compilation - Apr 28, 2017, 4:18:23 PM
[2017.04.28-14.18.23:803][473]CompilerResultsLog: Info Compiling game modules for hot reload
[2017.04.28-14.18.23:803][473]CompilerResultsLog: Info Parsing headers for BattleTankEditor
[2017.04.28-14.18.23:804][473]CompilerResultsLog: Info   Running UnrealHeaderTool "C:\Users\Sarah\Documents\Unreal Projects\04_BattleTank\BattleTank\BattleTank.uproject" "C:\Users\Sarah\Documents\Unreal Projects\04_BattleTank\BattleTank\Intermediate\Build\Win64\BattleTankEditor\Development\BattleTankEditor.uhtmanifest" -LogCmds="loginit warning, logexit warning, logdatabase error" -Unattended -WarningsAsErrors -installed
[2017.04.28-14.18.23:804][473]CompilerResultsLog: Info Reflection code generated for BattleTankEditor in 8.5837922 seconds
[2017.04.28-14.18.23:804][473]CompilerResultsLog: Info Performing 6 actions (4 in parallel)
[2017.04.28-14.18.23:805][473]CompilerResultsLog: Info TankPlayerController.cpp
[2017.04.28-14.18.23:805][473]CompilerResultsLog: Info BattleTank.generated.cpp
[2017.04.28-14.18.23:805][473]CompilerResultsLog: Info TankAimingComponent.cpp
[2017.04.28-14.18.23:805][473]CompilerResultsLog: Info TankAIController.cpp
[2017.04.28-14.18.23:805][473]CompilerResultsLog:Error: Error C:\Users\Sarah\Documents\Unreal Projects\04_BattleTank\BattleTank\Source\BattleTank\Public\TankAimingComponent.h(68) : error C2065: 'AProjectile': undeclared identifier
[2017.04.28-14.18.23:806][473]CompilerResultsLog:Error: Error C:\Users\Sarah\Documents\Unreal Projects\04_BattleTank\BattleTank\Source\BattleTank\Public\TankAimingComponent.h(68) : error C2923: 'TSubclassOf': 'AProjectile' is not a valid template type argument for parameter 'TClass'
[2017.04.28-14.18.23:806][473]CompilerResultsLog:Error: Error C:\Users\Sarah\Documents\Unreal Projects\04_BattleTank\BattleTank\Source\BattleTank\Private\TankAimingComponent.cpp(142) : error C2027: use of undefined type 'AProjectile'
[2017.04.28-14.18.23:806][473]CompilerResultsLog:Error: Error C:\Users\Sarah\Documents\Unreal Projects\04_BattleTank\BattleTank\Source\BattleTank\Public\Tank.h(11) : note: see declaration of 'AProjectile'
[2017.04.28-14.18.23:807][473]CompilerResultsLog:Error: Error C:\Users\Sarah\Documents\Unreal Projects\04_BattleTank\BattleTank\Source\BattleTank\Private\TankAimingComponent.cpp(142) : error C2227: left of '->LaunchProjectile' must point to class/struct/union/generic type
[2017.04.28-14.18.23:807][473]CompilerResultsLog:Error: Error C:\Users\Sarah\Documents\Unreal Projects\04_BattleTank\BattleTank\Source\BattleTank\Private\TankAIController.cpp(60) : error C2039: 'Fire': is not a member of 'UTankAimingComponent'
[2017.04.28-14.18.23:808][473]CompilerResultsLog:Error: Error C:\Users\Sarah\Documents\Unreal Projects\04_BattleTank\BattleTank\Source\BattleTank\Public\TankAIController.h(10) : note: see declaration of 'UTankAimingComponent'
[2017.04.28-14.18.23:808][473]CompilerResultsLog: Info ERROR: UBT ERROR: Failed to produce item: C:\Users\Sarah\Documents\Unreal Projects\04_BattleTank\BattleTank\Binaries\Win64\UE4Editor-BattleTank-4718.dll
[2017.04.28-14.18.23:808][473]CompilerResultsLog: Info Total build time: 12.85 seconds (Local executor: 0.00 seconds)
[2017.04.28-14.18.23:808][473]LogMainFrame: MainFrame: Module compiling took 13.245 seconds
[2017.04.28-14.18.23:809][473]Warning: HotReload failed, recompile failed
[2017.04.28-14.19.47:308][462]Recompiling BattleTank...
[2017.04.28-14.19.47:309][462]Launching UnrealBuildTool... [C:/Program Files/Epic Games/UE_4.15/Engine/Binaries/DotNET/UnrealBuildTool.exe BattleTank -ModuleWithSuffix BattleTank 3795 Win64 Development -editorrecompile -canskiplink "C:/Users/Sarah/Documents/Unreal Projects/04_BattleTank/BattleTank/BattleTank.uproject" ]
[2017.04.28-14.19.47:414][462]Warning: Starting HotReload took  0.3s.
[2017.04.28-14.20.22:102][ 89]CompilerResultsLog: New page: Compilation - Apr 28, 2017, 4:20:22 PM
[2017.04.28-14.20.22:103][ 89]CompilerResultsLog: Info Compiling game modules for hot reload
[2017.04.28-14.20.22:103][ 89]CompilerResultsLog: Info Parsing headers for BattleTankEditor
[2017.04.28-14.20.22:103][ 89]CompilerResultsLog: Info   Running UnrealHeaderTool "C:\Users\Sarah\Documents\Unreal Projects\04_BattleTank\BattleTank\BattleTank.uproject" "C:\Users\Sarah\Documents\Unreal Projects\04_BattleTank\BattleTank\Intermediate\Build\Win64\BattleTankEditor\Development\BattleTankEditor.uhtmanifest" -LogCmds="loginit warning, logexit warning, logdatabase error" -Unattended -WarningsAsErrors -installed
[2017.04.28-14.20.22:104][ 89]CompilerResultsLog: Info Reflection code generated for BattleTankEditor in 15.7950186 seconds
[2017.04.28-14.20.22:104][ 89]CompilerResultsLog: Info Performing 6 actions (4 in parallel)
[2017.04.28-14.20.22:104][ 89]CompilerResultsLog: Info TankAimingComponent.cpp
[2017.04.28-14.20.22:104][ 89]CompilerResultsLog: Info BattleTank.generated.cpp
[2017.04.28-14.20.22:105][ 89]CompilerResultsLog: Info TankPlayerController.cpp
[2017.04.28-14.20.22:105][ 89]CompilerResultsLog: Info TankAIController.cpp
[2017.04.28-14.20.22:105][ 89]CompilerResultsLog:Error: Error C:\Users\Sarah\Documents\Unreal Projects\04_BattleTank\BattleTank\Source\BattleTank\Public\TankAimingComponent.h(71) : error C2065: 'AProjectile': undeclared identifier
[2017.04.28-14.20.22:105][ 89]CompilerResultsLog:Error: Error C:\Users\Sarah\Documents\Unreal Projects\04_BattleTank\BattleTank\Source\BattleTank\Public\TankAimingComponent.h(71) : error C2923: 'TSubclassOf': 'AProjectile' is not a valid template type argument for parameter 'TClass'
[2017.04.28-14.20.22:105][ 89]CompilerResultsLog:Error: Error C:\Users\Sarah\Documents\Unreal Projects\04_BattleTank\BattleTank\Source\BattleTank\Private\TankAimingComponent.cpp(142) : error C2027: use of undefined type 'AProjectile'
[2017.04.28-14.20.22:106][ 89]CompilerResultsLog:Error: Error C:\Users\Sarah\Documents\Unreal Projects\04_BattleTank\BattleTank\Source\BattleTank\Public\Tank.h(11) : note: see declaration of 'AProjectile'
[2017.04.28-14.20.22:106][ 89]CompilerResultsLog:Error: Error C:\Users\Sarah\Documents\Unreal Projects\04_BattleTank\BattleTank\Source\BattleTank\Private\TankAimingComponent.cpp(142) : error C2227: left of '->LaunchProjectile' must point to class/struct/union/generic type
[2017.04.28-14.20.22:106][ 89]CompilerResultsLog: Info ERROR: UBT ERROR: Failed to produce item: C:\Users\Sarah\Documents\Unreal Projects\04_BattleTank\BattleTank\Binaries\Win64\UE4Editor-BattleTank-3795.dll
[2017.04.28-14.20.22:106][ 89]CompilerResultsLog: Info Total build time: 34.12 seconds (Local executor: 0.00 seconds)
[2017.04.28-14.20.22:106][ 89]LogMainFrame: MainFrame: Module compiling took 34.804 seconds
[2017.04.28-14.20.22:107][ 89]Warning: HotReload failed, recompile failed
[2017.04.28-14.21.24:615][256]LogSlate: Took 0.007038 seconds to synchronously load lazily loaded font '../../../Engine/Content/Slate/Fonts/Roboto-Light.ttf' (159K)
[2017.04.28-14.21.28:022][343]LogSlate: Took 0.000226 seconds to synchronously load lazily loaded font '../../../Engine/Content/Slate/Fonts/Roboto-Light.ttf' (159K)
[2017.04.28-14.21.28:654][343]LogSlate: Took 0.005578 seconds to synchronously load lazily loaded font '../../../Engine/Content/Slate/Fonts/Roboto-Regular.ttf' (155K)
[2017.04.28-14.21.28:977][343]LogContentBrowser: Native class hierarchy updated for 'BlueprintGraph' in 0.0042 seconds. Added 112 classes and 0 folders.
[2017.04.28-14.21.30:178][343]LogSlate: Took 0.007063 seconds to synchronously load lazily loaded font '../../../Engine/Content/Editor/Slate/Fonts/Roboto-BoldCondensed.ttf' (158K)
[2017.04.28-14.21.30:361][344]LogSlate: Took 0.005464 seconds to synchronously load lazily loaded font '../../../Engine/Content/Editor/Slate/Fonts/Roboto-Italic.ttf' (157K)
[2017.04.28-14.21.31:855][382]LogRenderer: Reallocating scene render targets to support 1048x668 NumSamples 1 (Frame:4001).
[2017.04.28-14.26.04:109][135]Cmd: QUIT_EDITOR
[2017.04.28-14.26.04:174][135]LogWindowsTextInputMethodSystem:Display: IME system now deactivated.
[2017.04.28-14.26.04:213][135]LogExit: Preparing to exit.
[2017.04.28-14.26.04:575][135]LogDirectoryWatcher: A directory notification for 'C:/Users/Sarah/Documents/Unreal Projects/04_BattleTank/BattleTank/Content/' was aborted.
[2017.04.28-14.26.04:694][135]LogExit: Editor shut down
[2017.04.28-14.26.04:696][135]LogExit: Transaction tracking system shut down
[2017.04.28-14.26.04:924][135]LogObj: Freed 0b from 0 cluster array pools.
[2017.04.28-14.26.04:924][135]LogExit: Object subsystem successfully closed.
[2017.04.28-14.26.04:962][135]LogD3D11RHI: Shutdown
[2017.04.28-14.26.04:962][135]LogD3D11RHI: CleanupD3DDevice
[2017.04.28-14.26.05:029][135]LogD3D11RHI: ~FD3D11DynamicRHI
[2017.04.28-14.26.05:082][135]LogModuleManager: Shutting down and abandoning module BlueprintGraph (503)
[2017.04.28-14.26.05:082][135]LogModuleManager: Shutting down and abandoning module BlueprintProfiler (501)
[2017.04.28-14.26.05:084][135]LogModuleManager: Shutting down and abandoning module BattleTank (499)
[2017.04.28-14.26.05:084][135]LogModuleManager: Shutting down and abandoning module HierarchicalLODOutliner (498)
[2017.04.28-14.26.05:084][135]LogModuleManager: Shutting down and abandoning module CrashTracker (496)
[2017.04.28-14.26.05:084][135]LogModuleManager: Shutting down and abandoning module SceneOutliner (494)
[2017.04.28-14.26.05:084][135]LogModuleManager: Shutting down and abandoning module AddContentDialog (492)
[2017.04.28-14.26.05:086][135]LogDirectoryWatcher: A directory notification for 'C:/Program Files/Epic Games/UE_4.15/FeaturePacks/' was aborted.
[2017.04.28-14.26.05:100][135]LogModuleManager: Shutting down and abandoning module WidgetCarousel (491)
[2017.04.28-14.26.05:100][135]LogModuleManager: Shutting down and abandoning module EditorWidgets (488)
[2017.04.28-14.26.05:100][135]LogModuleManager: Shutting down and abandoning module CollectionManager (486)
[2017.04.28-14.26.05:100][135]LogDirectoryWatcher: A directory notification for 'C:/Users/Sarah/Documents/Unreal Projects/04_BattleTank/BattleTank/Content/Collections/' was aborted.
[2017.04.28-14.26.05:100][135]LogDirectoryWatcher: A directory notification for 'C:/Users/Sarah/Documents/Unreal Projects/04_BattleTank/BattleTank/Content/Developers/Sarah/Collections/' was aborted.
[2017.04.28-14.26.05:101][135]LogDirectoryWatcher: A directory notification for 'C:/Users/Sarah/Documents/Unreal Projects/04_BattleTank/BattleTank/Saved/Collections/' was aborted.
[2017.04.28-14.26.05:101][135]LogModuleManager: Shutting down and abandoning module StatsViewer (484)
[2017.04.28-14.26.05:102][135]LogModuleManager: Shutting down and abandoning module FoliageEdit (482)
[2017.04.28-14.26.05:102][135]LogModuleManager: Shutting down and abandoning module LandscapeEditor (480)
[2017.04.28-14.26.05:103][135]LogModuleManager: Shutting down and abandoning module SceneDepthPickerMode (478)
[2017.04.28-14.26.05:103][135]LogModuleManager: Shutting down and abandoning module ActorPickerMode (476)
[2017.04.28-14.26.05:103][135]LogModuleManager: Shutting down and abandoning module GeometryMode (474)
[2017.04.28-14.26.05:103][135]LogModuleManager: Shutting down and abandoning module TextureAlignMode (472)
[2017.04.28-14.26.05:103][135]LogModuleManager: Shutting down and abandoning module BspMode (470)
[2017.04.28-14.26.05:104][135]LogModuleManager: Shutting down and abandoning module HardwareSurvey (468)
[2017.04.28-14.26.05:104][135]LogModuleManager: Shutting down and abandoning module SequenceRecorderSections (466)
[2017.04.28-14.26.05:105][135]LogModuleManager: Shutting down and abandoning module AutomationWorker (464)
[2017.04.28-14.26.05:105][135]LogModuleManager: Shutting down and abandoning module MatineeToLevelSequence (462)
[2017.04.28-14.26.05:106][135]LogModuleManager: Shutting down and abandoning module LevelSequenceEditor (460)
[2017.04.28-14.26.05:108][135]LogModuleManager: Shutting down and abandoning module PlacementMode (459)
[2017.04.28-14.26.05:108][135]LogModuleManager: Shutting down and abandoning module WmfMediaFactory (456)
[2017.04.28-14.26.05:108][135]LogModuleManager: Shutting down and abandoning module WmfMediaEditor (454)
[2017.04.28-14.26.05:108][135]LogModuleManager: Shutting down and abandoning module MfMediaFactory (452)
[2017.04.28-14.26.05:108][135]LogModuleManager: Shutting down and abandoning module MfMediaEditor (450)
[2017.04.28-14.26.05:108][135]LogModuleManager: Shutting down and abandoning module AvfMediaFactory (448)
[2017.04.28-14.26.05:108][135]LogModuleManager: Shutting down and abandoning module AvfMediaEditor (446)
[2017.04.28-14.26.05:108][135]LogModuleManager: Shutting down and abandoning module AndroidMediaFactory (444)
[2017.04.28-14.26.05:108][135]LogModuleManager: Shutting down and abandoning module Media (443)
[2017.04.28-14.26.05:108][135]LogModuleManager: Shutting down and abandoning module AndroidMediaEditor (440)
[2017.04.28-14.26.05:108][135]LogModuleManager: Shutting down and abandoning module CharacterAI (438)
[2017.04.28-14.26.05:108][135]LogModuleManager: Shutting down and abandoning module AudioCapture (436)
[2017.04.28-14.26.05:109][135]LogModuleManager: Shutting down and abandoning module SequenceRecorder (435)
[2017.04.28-14.26.05:110][135]LogModuleManager: Shutting down and abandoning module SmartSnapping (432)
[2017.04.28-14.26.05:110][135]LogModuleManager: Shutting down and abandoning module SessionServices (430)
[2017.04.28-14.26.05:110][135]LogModuleManager: Shutting down and abandoning module ViewportSnapping (428)
[2017.04.28-14.26.05:110][135]LogModuleManager: Shutting down and abandoning module ViewportInteraction (426)
[2017.04.28-14.26.05:110][135]LogModuleManager: Shutting down and abandoning module LogVisualizer (424)
[2017.04.28-14.26.05:112][135]LogModuleManager: Shutting down and abandoning module IntroTutorials (422)
[2017.04.28-14.26.05:112][135]LogModuleManager: Shutting down and abandoning module GameProjectGeneration (421)
[2017.04.28-14.26.05:113][135]LogModuleManager: Shutting down and abandoning module EditorLiveStreaming (418)
[2017.04.28-14.26.05:113][135]LogModuleManager: Shutting down and abandoning module IOSPlatformEditor (416)
[2017.04.28-14.26.05:113][135]LogModuleManager: Shutting down and abandoning module HTML5PlatformEditor (414)
[2017.04.28-14.26.05:113][135]LogModuleManager: Shutting down and abandoning module AndroidPlatformEditor (412)
[2017.04.28-14.26.05:114][135]LogModuleManager: Shutting down and abandoning module AndroidDeviceDetection (411)
[2017.04.28-14.26.05:495][135]LogModuleManager: Shutting down and abandoning module IOSRuntimeSettings (408)
[2017.04.28-14.26.05:495][135]LogModuleManager: Shutting down and abandoning module AndroidRuntimeSettings (406)
[2017.04.28-14.26.05:495][135]LogModuleManager: Shutting down and abandoning module InputBindingEditor (404)
[2017.04.28-14.26.05:499][135]LogModuleManager: Shutting down and abandoning module NiagaraEditor (402)
[2017.04.28-14.26.05:501][135]LogModuleManager: Shutting down and abandoning module MergeActors (400)
[2017.04.28-14.26.05:501][135]LogModuleManager: Shutting down and abandoning module SizeMap (398)
[2017.04.28-14.26.05:502][135]LogModuleManager: Shutting down and abandoning module TreeMap (396)
[2017.04.28-14.26.05:503][135]LogModuleManager: Shutting down and abandoning module ReferenceViewer (394)
[2017.04.28-14.26.05:503][135]LogModuleManager: Shutting down and abandoning module LocalizationDashboard (392)
[2017.04.28-14.26.05:503][135]LogModuleManager: Shutting down and abandoning module LocalizationService (391)
[2017.04.28-14.26.05:504][135]LogModuleManager: Shutting down and abandoning module HardwareTargeting (388)
[2017.04.28-14.26.05:505][135]LogModuleManager: Shutting down and abandoning module DeviceProfileEditor (386)
[2017.04.28-14.26.05:505][135]LogModuleManager: Shutting down and abandoning module UndoHistory (384)
[2017.04.28-14.26.05:505][135]LogModuleManager: Shutting down and abandoning module UserFeedback (382)
[2017.04.28-14.26.05:505][135]LogModuleManager: Shutting down and abandoning module XmlParser (380)
[2017.04.28-14.26.05:506][135]LogModuleManager: Shutting down and abandoning module Blutility (378)
[2017.04.28-14.26.05:506][135]LogModuleManager: Shutting down and abandoning module ProjectSettingsViewer (376)
[2017.04.28-14.26.05:506][135]LogModuleManager: Shutting down and abandoning module ProjectTargetPlatformEditor (375)
[2017.04.28-14.26.05:507][135]LogModuleManager: Shutting down and abandoning module EditorSettingsViewer (372)
[2017.04.28-14.26.05:507][135]LogModuleManager: Shutting down and abandoning module SettingsEditor (370)
[2017.04.28-14.26.05:508][135]LogModuleManager: Shutting down and abandoning module ProjectLauncher (368)
[2017.04.28-14.26.05:508][135]LogModuleManager: Shutting down and abandoning module SessionFrontend (366)
[2017.04.28-14.26.05:509][135]LogModuleManager: Shutting down and abandoning module ProfilerClient (364)
[2017.04.28-14.26.05:510][135]LogModuleManager: Shutting down and abandoning module DeviceManager (362)
[2017.04.28-14.26.05:510][135]LogModuleManager: Shutting down and abandoning module TargetDeviceServices (361)
[2017.04.28-14.26.05:554][135]LogModuleManager: Shutting down and abandoning module AutomationController (358)
[2017.04.28-14.26.05:555][135]LogModuleManager: Shutting down and abandoning module AutomationWindow (356)
[2017.04.28-14.26.05:556][135]LogModuleManager: Shutting down and abandoning module Layers (354)
[2017.04.28-14.26.05:558][135]LogModuleManager: Shutting down and abandoning module ComponentVisualizers (352)
[2017.04.28-14.26.05:558][135]LogModuleManager: Shutting down and abandoning module DetailCustomizations (350)
[2017.04.28-14.26.05:560][135]LogModuleManager: Shutting down and abandoning module PackagesDialog (348)
[2017.04.28-14.26.05:561][135]LogModuleManager: Shutting down and abandoning module Persona (346)
[2017.04.28-14.26.05:562][135]LogModuleManager: Shutting down and abandoning module AnimGraph (345)
[2017.04.28-14.26.05:562][135]LogModuleManager: Shutting down and abandoning module Kismet (342)
[2017.04.28-14.26.05:569][135]LogModuleManager: Shutting down and abandoning module GraphEditor (340)
[2017.04.28-14.26.05:569][135]LogModuleManager: Shutting down and abandoning module ClassViewer (338)
[2017.04.28-14.26.05:570][135]LogModuleManager: Shutting down and abandoning module Toolbox (336)
[2017.04.28-14.26.05:570][135]LogModuleManager: Shutting down and abandoning module ModuleUI (334)
[2017.04.28-14.26.05:571][135]LogModuleManager: Shutting down and abandoning module MovieSceneTools (332)
[2017.04.28-14.26.05:571][135]LogModuleManager: Shutting down and abandoning module OutputLog (330)
[2017.04.28-14.26.05:571][135]LogModuleManager: Shutting down and abandoning module GammaUI (328)
[2017.04.28-14.26.05:572][135]LogModuleManager: Shutting down and abandoning module Documentation (326)
[2017.04.28-14.26.05:572][135]LogModuleManager: Shutting down and abandoning module Niagara (324)
[2017.04.28-14.26.05:572][135]LogModuleManager: Shutting down and abandoning module StreamingPauseRendering (322)
[2017.04.28-14.26.05:572][135]LogModuleManager: Shutting down and abandoning module AnalyticsET (320)
[2017.04.28-14.26.05:572][135]LogModuleManager: Shutting down and abandoning module PortalServices (318)
[2017.04.28-14.26.05:572][135]LogModuleManager: Shutting down and abandoning module PortalRpc (316)
[2017.04.28-14.26.05:572][135]LogModuleManager: Shutting down and abandoning module MessagingRpc (314)
[2017.04.28-14.26.05:572][135]LogModuleManager: Shutting down and abandoning module AIModule (312)
[2017.04.28-14.26.05:573][135]LogModuleManager: Shutting down and abandoning module GameplayDebugger (311)
[2017.04.28-14.26.05:573][135]LogModuleManager: Shutting down and abandoning module AITestSuite (309)
[2017.04.28-14.26.05:573][135]LogModuleManager: Shutting down and abandoning module ProfilerService (306)
[2017.04.28-14.26.05:810][135]LogModuleManager: Shutting down and abandoning module TaskGraph (304)
[2017.04.28-14.26.05:815][135]LogModuleManager: Shutting down and abandoning module SteamVRController (302)
[2017.04.28-14.26.05:815][135]LogModuleManager: Shutting down and abandoning module SteamVR (300)
[2017.04.28-14.26.05:815][135]LogModuleManager: Shutting down and abandoning module ProceduralMeshComponentEditor (298)
[2017.04.28-14.26.05:815][135]LogModuleManager: Shutting down and abandoning module ProceduralMeshComponent (296)
[2017.04.28-14.26.05:815][135]LogModuleManager: Shutting down and abandoning module OculusLibrary (294)
[2017.04.28-14.26.05:815][135]LogModuleManager: Shutting down and abandoning module OculusInput (292)
[2017.04.28-14.26.05:815][135]LogModuleManager: Shutting down and abandoning module MobilePatchingUtils (290)
[2017.04.28-14.26.05:815][135]LogModuleManager: Shutting down and abandoning module CustomMeshComponent (288)
[2017.04.28-14.26.05:815][135]LogModuleManager: Shutting down and abandoning module CableComponent (286)
[2017.04.28-14.26.05:816][135]LogModuleManager: Shutting down and abandoning module ArchVisCharacter (284)
[2017.04.28-14.26.05:816][135]LogModuleManager: Shutting down and abandoning module MediaPlayerEditor (280)
[2017.04.28-14.26.05:818][135]LogModuleManager: Shutting down and abandoning module HTML5Networking (278)
[2017.04.28-14.26.05:818][135]LogModuleManager: Shutting down and abandoning module AlembicImporter (276)
[2017.04.28-14.26.05:818][135]LogModuleManager: Shutting down and abandoning module AlembicLibrary (275)
[2017.04.28-14.26.05:818][135]LogModuleManager: Shutting down and abandoning module GeometryCache (274)
[2017.04.28-14.26.05:819][135]LogModuleManager: Shutting down and abandoning module GeometryCacheEd (273)
[2017.04.28-14.26.05:819][135]LogModuleManager: Shutting down and abandoning module SuperSearchEditor (268)
[2017.04.28-14.26.05:819][135]LogModuleManager: Shutting down and abandoning module SuperSearch (267)
[2017.04.28-14.26.05:819][135]LogModuleManager: Shutting down and abandoning module SpeedTreeImporter (264)
[2017.04.28-14.26.05:819][135]LogModuleManager: Shutting down and abandoning module PluginBrowser (262)
[2017.04.28-14.26.05:820][135]LogModuleManager: Shutting down and abandoning module MobileLauncherProfileWizard (260)
[2017.04.28-14.26.05:821][135]LogModuleManager: Shutting down and abandoning module EpicSurvey (258)
[2017.04.28-14.26.05:821][135]LogModuleManager: Shutting down and abandoning module VisualStudioSourceCodeAccess (256)
[2017.04.28-14.26.05:821][135]LogModuleManager: Shutting down and abandoning module DesktopPlatform (255)
[2017.04.28-14.26.05:822][135]LogModuleManager: Shutting down and abandoning module UObjectPlugin (252)
[2017.04.28-14.26.05:822][135]LogModuleManager: Shutting down and abandoning module SubversionSourceControl (250)
[2017.04.28-14.26.05:823][135]LogModuleManager: Shutting down and abandoning module PerforceSourceControl (248)
[2017.04.28-14.26.05:824][135]LogModuleManager: Shutting down and abandoning module GitSourceControl (246)
[2017.04.28-14.26.05:824][135]LogModuleManager: Shutting down and abandoning module SourceControl (245)
[2017.04.28-14.26.05:825][135]LogModuleManager: Shutting down and abandoning module LightPropagationVolumeEditor (242)
[2017.04.28-14.26.05:825][135]LogModuleManager: Shutting down and abandoning module PaperTiledImporter (240)
[2017.04.28-14.26.05:825][135]LogModuleManager: Shutting down and abandoning module PaperSpriteSheetImporter (238)
[2017.04.28-14.26.05:825][135]LogModuleManager: Shutting down and abandoning module Paper2DEditor (236)
[2017.04.28-14.26.05:827][135]LogModuleManager: Shutting down and abandoning module MeshPaint (235)
[2017.04.28-14.26.05:827][135]LogModuleManager: Shutting down and abandoning module LevelEditor (233)
[2017.04.28-14.26.05:829][135]LogModuleManager: Shutting down and abandoning module PixelInspectorModule (232)
[2017.04.28-14.26.05:830][135]LogModuleManager: Shutting down and abandoning module MainFrame (230)
[2017.04.28-14.26.05:830][135]LogModuleManager: Shutting down and abandoning module HotReload (229)
[2017.04.28-14.26.05:830][135]LogDirectoryWatcher: A directory notification for 'C:/Users/Sarah/Documents/Unreal Projects/04_BattleTank/BattleTank/Binaries/Win64' was aborted.
[2017.04.28-14.26.05:831][135]LogModuleManager: Shutting down and abandoning module ContentBrowser (225)
[2017.04.28-14.26.05:833][135]LogModuleManager: Shutting down and abandoning module PhysXVehiclesEditor (220)
[2017.04.28-14.26.05:833][135]LogModuleManager: Shutting down and abandoning module PhysXVehicles (218)
[2017.04.28-14.26.05:833][135]LogModuleManager: Shutting down and abandoning module LocationServicesBPLibrary (216)
[2017.04.28-14.26.05:833][135]LogModuleManager: Shutting down and abandoning module UdpMessaging (214)
[2017.04.28-14.26.05:934][135]LogModuleManager: Shutting down and abandoning module TcpMessaging (212)
[2017.04.28-14.26.06:038][135]LogModuleManager: Shutting down and abandoning module GameplayTagsEditor (210)
[2017.04.28-14.26.06:039][135]LogModuleManager: Shutting down and abandoning module FacialAnimationEditor (208)
[2017.04.28-14.26.06:040][135]LogModuleManager: Shutting down and abandoning module FacialAnimation (206)
[2017.04.28-14.26.06:040][135]LogModuleManager: Shutting down and abandoning module LightPropagationVolumeRuntime (204)
[2017.04.28-14.26.06:040][135]LogModuleManager: Shutting down and abandoning module Paper2D (202)
[2017.04.28-14.26.06:041][135]LogModuleManager: Shutting down and abandoning module WindowsMoviePlayer (200)
[2017.04.28-14.26.06:041][135]LogModuleManager: Shutting down and abandoning module WmfMedia (198)
[2017.04.28-14.26.06:042][135]LogModuleManager: Shutting down and abandoning module MfMedia (196)
[2017.04.28-14.26.06:042][135]LogModuleManager: Shutting down and abandoning module MediaAssets (194)
[2017.04.28-14.26.06:042][135]LogModuleManager: Shutting down and abandoning module GameLiveStreaming (192)
[2017.04.28-14.26.06:043][135]LogModuleManager: Shutting down and abandoning module VREditor (190)
[2017.04.28-14.26.06:043][135]LogModuleManager: Shutting down and abandoning module GameplayTasksEditor (188)
[2017.04.28-14.26.06:043][135]LogModuleManager: Shutting down and abandoning module BehaviorTreeEditor (186)
[2017.04.28-14.26.06:045][135]LogModuleManager: Shutting down and abandoning module FunctionalTesting (184)
[2017.04.28-14.26.06:045][135]LogModuleManager: Shutting down and abandoning module CollisionAnalyzer (182)
[2017.04.28-14.26.06:046][135]LogModuleManager: Shutting down and abandoning module UMG (180)
[2017.04.28-14.26.06:047][135]LogModuleManager: Shutting down and abandoning module UMGEditor (179)
[2017.04.28-14.26.06:050][135]LogModuleManager: Shutting down and abandoning module Sequencer (178)
[2017.04.28-14.26.06:051][135]LogModuleManager: Shutting down and abandoning module AssetTools (176)
[2017.04.28-14.26.06:054][135]LogModuleManager: Shutting down and abandoning module MessageLog (175)
[2017.04.28-14.26.06:054][135]LogModuleManager: Shutting down and abandoning module WorkspaceMenuStructure (174)
[2017.04.28-14.26.06:054][135]LogModuleManager: Shutting down and abandoning module SlateReflector (168)
[2017.04.28-14.26.06:056][135]LogModuleManager: Shutting down and abandoning module Slate (166)
[2017.04.28-14.26.06:056][135]LogModuleManager: Shutting down and abandoning module EditorStyle (164)
[2017.04.28-14.26.06:061][135]LogModuleManager: Shutting down and abandoning module SourceCodeAccess (162)
[2017.04.28-14.26.06:061][135]LogModuleManager: Shutting down and abandoning module HeadMountedDisplay (160)
[2017.04.28-14.26.06:061][135]LogModuleManager: Shutting down and abandoning module XAudio2 (158)
[2017.04.28-14.26.06:061][135]LogModuleManager: Shutting down and abandoning module Networking (156)
[2017.04.28-14.26.06:061][135]LogModuleManager: Shutting down and abandoning module Core (152)
[2017.04.28-14.26.06:061][135]LogModuleManager: Shutting down and abandoning module AssetRegistry (150)
[2017.04.28-14.26.06:168][135]LogDirectoryWatcher: A directory notification for '../../../Engine/Content/' was aborted.
[2017.04.28-14.26.06:168][135]LogDirectoryWatcher: A directory notification for '../../../../../../Users/Sarah/Documents/Unreal Projects/04_BattleTank/BattleTank/Content/' was aborted.
[2017.04.28-14.26.06:168][135]LogDirectoryWatcher: A directory notification for '../../../Engine/Plugins/2D/Paper2D/Content/' was aborted.
[2017.04.28-14.26.06:169][135]LogModuleManager: Shutting down and abandoning module DirectoryWatcher (149)
[2017.04.28-14.26.06:174][135]LogModuleManager: Shutting down and abandoning module KismetCompiler (146)
[2017.04.28-14.26.06:174][135]LogModuleManager: Shutting down and abandoning module PhysXFormats (144)
[2017.04.28-14.26.06:175][135]LogModuleManager: Shutting down and abandoning module MeshUtilities (142)
[2017.04.28-14.26.06:176][135]LogModuleManager: Shutting down and abandoning module SimplygonSwarm (141)
[2017.04.28-14.26.06:177][135]LogModuleManager: Shutting down and abandoning module SimplygonMeshReduction (139)
[2017.04.28-14.26.06:177][135]LogModuleManager: Shutting down and abandoning module QuadricMeshReduction (137)
[2017.04.28-14.26.06:177][135]LogModuleManager: Shutting down and abandoning module PropertyEditor (135)
[2017.04.28-14.26.06:177][135]LogModuleManager: Shutting down and abandoning module DerivedDataCache (132)
[2017.04.28-14.26.06:250][135]LogDerivedDataCache: Shutdown
[2017.04.28-14.26.06:250][135]LogModuleManager: Shutting down and abandoning module TargetPlatform (130)
[2017.04.28-14.26.06:251][135]LogModuleManager: Shutting down and abandoning module VulkanShaderFormat (129)
[2017.04.28-14.26.06:253][135]LogModuleManager: Shutting down and abandoning module ShaderFormatOpenGL (127)
[2017.04.28-14.26.06:253][135]LogModuleManager: Shutting down and abandoning module ShaderFormatD3D (125)
[2017.04.28-14.26.06:254][135]LogModuleManager: Shutting down and abandoning module MetalShaderFormat (123)
[2017.04.28-14.26.06:255][135]LogModuleManager: Shutting down and abandoning module TextureFormatUncompressed (121)
[2017.04.28-14.26.06:255][135]LogModuleManager: Shutting down and abandoning module TextureFormatPVR (119)
[2017.04.28-14.26.06:255][135]LogModuleManager: Shutting down and abandoning module TextureFormatDXT (117)
[2017.04.28-14.26.06:255][135]LogModuleManager: Shutting down and abandoning module TextureFormatIntelISPCTexComp (115)
[2017.04.28-14.26.06:256][135]LogModuleManager: Shutting down and abandoning module TextureFormatASTC (113)
[2017.04.28-14.26.06:256][135]LogModuleManager: Shutting down and abandoning module ImageWrapper (112)
[2017.04.28-14.26.06:256][135]LogModuleManager: Shutting down and abandoning module TextureFormatAndroid (109)
[2017.04.28-14.26.06:256][135]LogModuleManager: Shutting down and abandoning module AudioFormatOpus (107)
[2017.04.28-14.26.06:257][135]LogModuleManager: Shutting down and abandoning module AudioFormatOgg (105)
[2017.04.28-14.26.06:257][135]LogModuleManager: Shutting down and abandoning module AudioFormatADPCM (103)
[2017.04.28-14.26.06:257][135]LogModuleManager: Shutting down and abandoning module LinuxTargetPlatform (101)
[2017.04.28-14.26.06:257][135]LogModuleManager: Shutting down and abandoning module LinuxServerTargetPlatform (99)
[2017.04.28-14.26.06:257][135]LogModuleManager: Shutting down and abandoning module LinuxNoEditorTargetPlatform (97)
[2017.04.28-14.26.06:257][135]LogModuleManager: Shutting down and abandoning module LinuxClientTargetPlatform (95)
[2017.04.28-14.26.06:257][135]LogModuleManager: Shutting down and abandoning module TVOSTargetPlatform (93)
[2017.04.28-14.26.06:257][135]LogModuleManager: Shutting down and abandoning module Messaging (91)
[2017.04.28-14.26.06:257][135]LogModuleManager: Shutting down and abandoning module IOSTargetPlatform (89)
[2017.04.28-14.26.06:257][135]LogModuleManager: Shutting down and abandoning module HTML5TargetPlatform (87)
[2017.04.28-14.26.06:257][135]LogModuleManager: Shutting down and abandoning module Android_PVRTCTargetPlatform (85)
[2017.04.28-14.26.06:257][135]LogModuleManager: Shutting down and abandoning module Android_MultiTargetPlatform (83)
[2017.04.28-14.26.06:257][135]LogModuleManager: Shutting down and abandoning module Android_ETC2TargetPlatform (81)
[2017.04.28-14.26.06:257][135]LogModuleManager: Shutting down and abandoning module Android_ETC1TargetPlatform (79)
[2017.04.28-14.26.06:257][135]LogModuleManager: Shutting down and abandoning module Android_DXTTargetPlatform (77)
[2017.04.28-14.26.06:257][135]LogModuleManager: Shutting down and abandoning module Android_ATCTargetPlatform (75)
[2017.04.28-14.26.06:257][135]LogModuleManager: Shutting down and abandoning module Android_ASTCTargetPlatform (73)
[2017.04.28-14.26.06:257][135]LogModuleManager: Shutting down and abandoning module AndroidTargetPlatform (71)
[2017.04.28-14.26.06:257][135]LogModuleManager: Shutting down and abandoning module WindowsTargetPlatform (69)
[2017.04.28-14.26.06:258][135]LogModuleManager: Shutting down and abandoning module WindowsServerTargetPlatform (67)
[2017.04.28-14.26.06:258][135]LogModuleManager: Shutting down and abandoning module WindowsNoEditorTargetPlatform (65)
[2017.04.28-14.26.06:258][135]LogModuleManager: Shutting down and abandoning module WindowsClientTargetPlatform (63)
[2017.04.28-14.26.06:258][135]LogModuleManager: Shutting down and abandoning module MacTargetPlatform (61)
[2017.04.28-14.26.06:258][135]LogModuleManager: Shutting down and abandoning module MacServerTargetPlatform (59)
[2017.04.28-14.26.06:258][135]LogModuleManager: Shutting down and abandoning module MacNoEditorTargetPlatform (57)
[2017.04.28-14.26.06:258][135]LogModuleManager: Shutting down and abandoning module MacClientTargetPlatform (55)
[2017.04.28-14.26.06:258][135]LogModuleManager: Shutting down and abandoning module AllDesktopTargetPlatform (53)
[2017.04.28-14.26.06:258][135]LogModuleManager: Shutting down and abandoning module InputCore (50)
[2017.04.28-14.26.06:258][135]LogModuleManager: Shutting down and abandoning module Settings (48)
[2017.04.28-14.26.06:258][135]LogModuleManager: Shutting down and abandoning module OculusRift (46)
[2017.04.28-14.26.06:258][135]LogModuleManager: Shutting down and abandoning module ExampleDeviceProfileSelector (44)
[2017.04.28-14.26.06:258][135]LogModuleManager: Shutting down and abandoning module OnlineBlueprintSupport (42)
[2017.04.28-14.26.06:258][135]LogModuleManager: Shutting down and abandoning module OnlineSubsystem (38)
[2017.04.28-14.26.06:259][135]LogOnline:Display: Unloading online subsystem: NULL
[2017.04.28-14.26.06:260][135]LogModuleManager: Shutting down and abandoning module XMPP (37)
[2017.04.28-14.26.06:261][135]LogModuleManager: Shutting down and abandoning module HTTP (35)
[2017.04.28-14.26.06:262][135]LogHttp:Display: Http module shutting down, but needs to wait on 1 outstanding Http requests:
[2017.04.28-14.26.06:262][135]LogHttp:Display: 	verb=[POST] url=[https://datarouter.ol.epicgames.com/datarouter/api/v1/public/data?SessionID=%7B29106A26-4D5D-8F3D-060E-2B98614D55C3%7D&AppID=UEEditor.Rocket.Release&AppVersion=4.15.0-3299760%2B%2B%2BUE4%2BRelease-4.15&UserID=7c76bde54574978307451eb1166a1f79%7C58448bdb2ce4468ba1b793c4adc2bec4%7C1fb00c8d-b537-477f-9d94-6fe8d09492ec&AppEnvironment=datacollector-binary&UploadType=eteventstream] status=Processing
[2017.04.28-14.26.06:291][135]LogModuleManager: Shutting down and abandoning module SSL (34)
[2017.04.28-14.26.06:295][135]LogModuleManager: Shutting down and abandoning module AudioEditor (30)
[2017.04.28-14.26.06:296][135]LogModuleManager: Shutting down and abandoning module TextureCompressor (28)
[2017.04.28-14.26.06:297][135]LogModuleManager: Shutting down and abandoning module ShaderCore (26)
[2017.04.28-14.26.06:297][135]LogModuleManager: Shutting down and abandoning module Landscape (24)
[2017.04.28-14.26.06:297][135]LogModuleManager: Shutting down and abandoning module SlateRHIRenderer (22)
[2017.04.28-14.26.06:304][135]LogModuleManager: Shutting down and abandoning module OpenGLDrv (20)
[2017.04.28-14.26.06:304][135]LogModuleManager: Shutting down and abandoning module D3D11RHI (18)
[2017.04.28-14.26.06:304][135]LogModuleManager: Shutting down and abandoning module AnimGraphRuntime (16)
[2017.04.28-14.26.06:305][135]LogModuleManager: Shutting down and abandoning module Renderer (14)
[2017.04.28-14.26.06:305][135]LogModuleManager: Shutting down and abandoning module Engine (12)
[2017.04.28-14.26.06:305][135]LogModuleManager: Shutting down and abandoning module CoreUObject (10)
[2017.04.28-14.26.06:305][135]LogModuleManager: Shutting down and abandoning module NetworkFile (8)
[2017.04.28-14.26.06:306][135]LogModuleManager: Shutting down and abandoning module StreamingFile (6)
[2017.04.28-14.26.06:307][135]LogModuleManager: Shutting down and abandoning module SandboxFile (4)
[2017.04.28-14.26.06:307][135]LogModuleManager: Shutting down and abandoning module PakFile (2)
[2017.04.28-14.26.06:312][135]LogExit: Exiting.
[2017.04.28-14.26.06:322][135]Log file closed, 04/28/17 15:26:06
