Log file open, 04/18/17 09:07:33
LogInit:Display: Running engine for game: BattleTank
LogPlatformFile: Not using cached read wrapper
LogInit:Display: RandInit(342396835) SRandInit(342396835).
LogTaskGraph: Started task graph with 5 named threads and 8 total threads with 1 sets of task threads.
LogStats: Stats thread started at 0.086787
LogInit: Using libcurl 7.47.1
LogInit:  - built for x86_64-pc-win32
LogInit:  - supports SSL with OpenSSL/1.0.2g
LogInit:  - supports HTTP deflate (compression) using libz 1.2.8
LogInit:  - other features:
LogInit:      CURL_VERSION_SSL
LogInit:      CURL_VERSION_LIBZ
LogInit:      CURL_VERSION_IPV6
LogInit:      CURL_VERSION_ASYNCHDNS
LogInit:      CURL_VERSION_LARGEFILE
LogInit:      CURL_VERSION_IDN
LogInit:  CurlRequestOptions (configurable via config and command line):
LogInit:  - bVerifyPeer = false  - Libcurl will NOT verify peer certificate
LogInit:  - bUseHttpProxy = false  - Libcurl will NOT use HTTP proxy
LogInit:  - bDontReuseConnections = false  - Libcurl will reuse connections
LogInit:  - CertBundlePath = nullptr  - Libcurl will use whatever was configured at build time.
LogInit: Build: ++UE4+Release-4.15-CL-3299760
LogInit: Engine Version: 4.15.0-3299760+++UE4+Release-4.15
LogInit: Compatible Engine Version: 4.15.0-3299760+++UE4+Release-4.15
LogInit: Net CL: 3299760
LogDevObjectVersion: Number of dev versions registered: 14
LogDevObjectVersion:   Dev-Blueprints (B0D832E4-1F89-4F0D-ACCF-7EB736FD4AA2): 8
LogDevObjectVersion:   Dev-Build (E1C64328-A22C-4D53-A36C-8E866417BD8C): 0
LogDevObjectVersion:   Dev-Core (375EC13C-06E4-48FB-B500-84F0262A717E): 2
LogDevObjectVersion:   Dev-Editor (E4B068ED-F494-42E9-A231-DA0B2E46BB41): 14
LogDevObjectVersion:   Dev-Framework (CFFC743F-43B0-4480-9391-14DF171D2073): 22
LogDevObjectVersion:   Dev-Mobile (B02B49B5-BB20-44E9-A304-32B752E40360): 0
LogDevObjectVersion:   Dev-Networking (A4E4105C-59A1-49B5-A7C5-40C4547EDFEE): 0
LogDevObjectVersion:   Dev-Online (39C831C9-5AE6-47DC-9A44-9C173E1C8E7C): 0
LogDevObjectVersion:   Dev-Physics (78F01B33-EBEA-4F98-B9B4-84EACCB95AA2): 0
LogDevObjectVersion:   Dev-Platform (6631380F-2D4D-43E0-8009-CF276956A95A): 0
LogDevObjectVersion:   Dev-Rendering (12F88B9F-8875-4AFC-A67C-D90C383ABD29): 12
LogDevObjectVersion:   Dev-Sequencer (7B5AE74C-D270-4C10-A958-57980B212A5A): 3
LogDevObjectVersion:   Dev-VR (D7296918-1DD6-4BDD-9DE2-64A83CC13884): 0
LogDevObjectVersion:   Dev-LoadTimes (C2A15278-BFE7-4AFE-6C17-90FF531DF755): 1
LogInit: Compiled (64-bit): Feb 14 2017 02:04:14
LogInit: Compiled with Visual C++: 19.00.23026.00
LogInit: Build Configuration: Development
LogInit: Branch Name: ++UE4+Release-4.15
LogInit: Command line: -EpicPortal 
LogInit: Base directory: C:/Program Files/Epic Games/UE_4.15/Engine/Binaries/Win64/
LogInit: Installed Engine Build: 1
LogInit: Presizing for max 8388607 objects, including 0 objects not considered by GC, pre-allocating 0 bytes for permanent pool.
LogInit: Object subsystem initialized
[2017.04.18-08.07.35:113][  0]LogInit: Selected Device Profile: [Windows]
[2017.04.18-08.07.35:113][  0]LogInit: Applying CVar settings loaded from the selected device profile: [Windows]
[2017.04.18-08.07.35:135][  0]LogInit: Computer: DESKTOP-0PEK566
[2017.04.18-08.07.35:135][  0]LogInit: User: Sarah
[2017.04.18-08.07.35:135][  0]LogInit: CPU Page size=65536, Cores=4
[2017.04.18-08.07.35:135][  0]LogInit: High frequency timer resolution =2.143575 MHz
[2017.04.18-08.07.35:135][  0]LogMemory: Memory total: Physical=7.9GB (8GB approx)
[2017.04.18-08.07.35:135][  0]LogMemory: Platform Memory Stats for Windows
[2017.04.18-08.07.35:135][  0]LogMemory: Process Physical Memory: 261.89 MB used, 261.89 MB peak
[2017.04.18-08.07.35:136][  0]LogMemory: Process Virtual Memory: 262.58 MB used, 262.58 MB peak
[2017.04.18-08.07.35:136][  0]LogMemory: Physical Memory: 3349.23 MB used,  4735.05 MB free, 8084.27 MB total
[2017.04.18-08.07.35:136][  0]LogMemory: Virtual Memory: 644.18 MB used,  4735.05 MB free, 134217728.00 MB total
[2017.04.18-08.07.35:240][  0]LogTextLocalizationManager: No specific translations for ('en-US') exist, so ('en') translations will be used.
[2017.04.18-08.07.36:008][  0]LogD3D11RHI: D3D11 adapters:
[2017.04.18-08.07.36:019][  0]LogD3D11RHI:    0. 'AMD Radeon HD 7600M Series' (Feature Level 11_0)
[2017.04.18-08.07.36:019][  0]LogD3D11RHI:       1004/0/3840 MB DedicatedVideo/DedicatedSystem/SharedSystem, Outputs:2, VendorId:0x1002
[2017.04.18-08.07.36:023][  0]LogD3D11RHI:    1. 'Intel(R) HD Graphics 4000' (Feature Level 11_0)
[2017.04.18-08.07.36:023][  0]LogD3D11RHI:       32/0/1760 MB DedicatedVideo/DedicatedSystem/SharedSystem, Outputs:0, VendorId:0x8086
[2017.04.18-08.07.36:024][  0]LogD3D11RHI:    2. 'Microsoft Basic Render Driver' (Feature Level 11_0)
[2017.04.18-08.07.36:024][  0]LogD3D11RHI:       0/0/4042 MB DedicatedVideo/DedicatedSystem/SharedSystem, Outputs:0, VendorId:0x1414
[2017.04.18-08.07.36:024][  0]LogD3D11RHI: Chosen D3D11 Adapter: 0
[2017.04.18-08.07.36:028][  0]LogD3D11RHI: Creating new Direct3DDevice
[2017.04.18-08.07.36:028][  0]LogD3D11RHI:     GPU DeviceId: 0x6840 (for the marketing name, search the web for "GPU Device Id")
[2017.04.18-08.07.36:028][  0]LogWindows: EnumDisplayDevices:
[2017.04.18-08.07.36:028][  0]LogWindows:    0. 'Intel(R) HD Graphics 4000' (P:1 D:1)
[2017.04.18-08.07.36:029][  0]LogWindows:    1. 'Intel(R) HD Graphics 4000' (P:0 D:1)
[2017.04.18-08.07.36:029][  0]LogWindows:    2. 'Intel(R) HD Graphics 4000' (P:0 D:0)
[2017.04.18-08.07.36:029][  0]LogWindows: DebugString: PrimaryIsNotTheChoosenAdapter PrimaryIsNotTheChoosenAdapter PrimaryIsNotTheChoosenAdapter FoundDriverCount:0 
[2017.04.18-08.07.36:029][  0]LogD3D11RHI:     Adapter Name: AMD Radeon HD 7600M Series
[2017.04.18-08.07.36:029][  0]LogD3D11RHI:   Driver Version: Unknown (internal:Unknown, unified:Unknown)
[2017.04.18-08.07.36:029][  0]LogD3D11RHI:      Driver Date: Unknown
[2017.04.18-08.07.36:029][  0]LogRHI: Texture pool is 702 MB (70% of 1004 MB)
[2017.04.18-08.07.36:038][  0]LogD3D11RHI: AMD Pre GCN architecture detected, some driver workarounds will be in place
[2017.04.18-08.07.36:045][  0]LogD3D11RHI: Async texture creation enabled
[2017.04.18-08.07.36:058][  0]LogD3D11RHI: GPU Timing Frequency: 27.000000 (Debug: 2 1)
[2017.04.18-08.07.36:059][  0]LogShaderCompilers: Guid format shader working directory is -34 characters bigger than the processId version (../../../../../../Users/Sarah/Documents/Unreal Projects/04_BattleTank/BattleTank/Intermediate/Shaders/WorkingDirectory/6664/).
[2017.04.18-08.07.36:059][  0]LogShaderCompilers: Cleaned the shader compiler working directory 'C:/Users/Sarah/AppData/Local/Temp/UnrealShaderWorkingDir/524A7C9B470B8AAA9CFC68B7F8618799/'.
[2017.04.18-08.07.36:059][  0]LogShaderCompilers:Display: Using Local Shader Compiler.
[2017.04.18-08.07.37:643][  0]LogTemp:Display: Loaded TP AllDesktopTargetPlatform
[2017.04.18-08.07.37:731][  0]LogTemp:Display: Loaded TP MacClientTargetPlatform
[2017.04.18-08.07.37:817][  0]LogTemp:Display: Loaded TP MacNoEditorTargetPlatform
[2017.04.18-08.07.37:895][  0]LogTemp:Display: Loaded TP MacServerTargetPlatform
[2017.04.18-08.07.37:975][  0]LogTemp:Display: Loaded TP MacTargetPlatform
[2017.04.18-08.07.38:056][  0]LogTemp:Display: Loaded TP WindowsClientTargetPlatform
[2017.04.18-08.07.38:191][  0]LogTemp:Display: Loaded TP WindowsNoEditorTargetPlatform
[2017.04.18-08.07.38:321][  0]LogTemp:Display: Loaded TP WindowsServerTargetPlatform
[2017.04.18-08.07.38:414][  0]LogTemp:Display: Loaded TP WindowsTargetPlatform
[2017.04.18-08.07.38:536][  0]LogTemp:Display: Loaded TP AndroidTargetPlatform
[2017.04.18-08.07.38:644][  0]LogTemp:Display: Loaded TP Android_ASTCTargetPlatform
[2017.04.18-08.07.38:728][  0]LogTemp:Display: Loaded TP Android_ATCTargetPlatform
[2017.04.18-08.07.38:806][  0]LogTemp:Display: Loaded TP Android_DXTTargetPlatform
[2017.04.18-08.07.38:884][  0]LogTemp:Display: Loaded TP Android_ETC1TargetPlatform
[2017.04.18-08.07.38:961][  0]LogTemp:Display: Loaded TP Android_ETC2TargetPlatform
[2017.04.18-08.07.39:116][  0]LogTemp:Display: Loaded TP Android_MultiTargetPlatform
[2017.04.18-08.07.39:116][  0]LogTemp:Display: Loaded TP Android_PVRTCTargetPlatform
[2017.04.18-08.07.39:173][  0]LogTemp:Display: Loaded TP HTML5TargetPlatform
[2017.04.18-08.07.39:306][  0]LogTemp:Display: Loaded TP IOSTargetPlatform
[2017.04.18-08.07.39:358][  0]LogTemp:Display: Loaded TP TVOSTargetPlatform
[2017.04.18-08.07.39:438][  0]LogTemp:Display: Loaded TP LinuxClientTargetPlatform
[2017.04.18-08.07.39:521][  0]LogTemp:Display: Loaded TP LinuxNoEditorTargetPlatform
[2017.04.18-08.07.39:599][  0]LogTemp:Display: Loaded TP LinuxServerTargetPlatform
[2017.04.18-08.07.39:676][  0]LogTemp:Display: Loaded TP LinuxTargetPlatform
[2017.04.18-08.07.39:676][  0]LogTargetPlatformManager:Display: Building Assets For Windows
[2017.04.18-08.07.40:309][  0]LogDerivedDataCache:Display: Max Cache Size: 512 MB
[2017.04.18-08.07.40:366][  0]LogDerivedDataCache: Loaded boot cache 0.06s 50MB C:/Users/Sarah/AppData/Local/UnrealEngine/4.15/DerivedDataCache/Boot.ddc.
[2017.04.18-08.07.40:367][  0]LogDerivedDataCache:Display: Loaded Boot cache: C:/Users/Sarah/AppData/Local/UnrealEngine/4.15/DerivedDataCache/Boot.ddc
[2017.04.18-08.07.40:367][  0]LogDerivedDataCache: FDerivedDataBackendGraph:  Pak pak cache file ../../../../../../Users/Sarah/Documents/Unreal Projects/04_BattleTank/BattleTank/DerivedDataCache/DDC.ddp not found, will not use a pak cache.
[2017.04.18-08.07.40:367][  0]LogDerivedDataCache: Unable to find inner node Pak for hierarchical cache Hierarchy.
[2017.04.18-08.07.40:367][  0]LogDerivedDataCache: FDerivedDataBackendGraph:  CompressedPak pak cache file ../../../../../../Users/Sarah/Documents/Unreal Projects/04_BattleTank/BattleTank/DerivedDataCache/Compressed.ddp not found, will not use a pak cache.
[2017.04.18-08.07.40:367][  0]LogDerivedDataCache: Unable to find inner node CompressedPak for hierarchical cache Hierarchy.
[2017.04.18-08.07.40:389][  0]LogDerivedDataCache:Display: Pak cache opened for reading ../../../Engine/DerivedDataCache/Compressed.ddp.
[2017.04.18-08.07.40:401][  0]LogDerivedDataCache: Using Local data cache path C:/Users/Sarah/AppData/Local/UnrealEngine/Common/DerivedDataCache: Writable
[2017.04.18-08.07.40:412][  0]LogSlate: Using Freetype 2.6.0
[2017.04.18-08.07.40:413][  0]LogSlate: SlateFontCache - WITH_FREETYPE: 1, WITH_HARFBUZZ: 1
[2017.04.18-08.07.40:413][  0]LogSlate: SlateFontCache - WITH_FREETYPE: 1, WITH_HARFBUZZ: 1
[2017.04.18-08.07.40:756][  0]LogInit: Selected Device Profile: [Windows]
[2017.04.18-08.07.40:760][  0]LogContentStreaming: Texture pool size is 0.00 MB
[2017.04.18-08.07.41:037][  0]LogMeshUtilities: Using QuadricMeshReduction for automatic static mesh reduction
[2017.04.18-08.07.41:099][  0]LogSimplygon: Simplygon DLL not present - disabling.
[2017.04.18-08.07.41:167][  0]LogMeshUtilities: Using SimplygonSwarm for distributed automatic mesh merging
[2017.04.18-08.07.41:167][  0]LogMeshUtilities: No automatic skeletal mesh reduction module available
[2017.04.18-08.07.41:167][  0]LogMeshUtilities: No automatic mesh merging module available
[2017.04.18-08.07.41:889][  0]LogNetVersion: GetLocalNetworkVersion: CL: 3299760, ProjectName: battletank, ProjectVersion: , EngineNetworkVersion: 2, GameNetworkVersion: 0, NetworkChecksum: 2512795372
[2017.04.18-08.07.41:944][  0]LogAssetRegistry: FAssetRegistry took 0.0214 seconds to start up
[2017.04.18-08.07.42:021][  0]LogPackageLocalizationCache: Processed 3 localized package path(s) for 2 prioritized culture(s) in 0.043941 seconds
[2017.04.18-08.07.42:028][  0]LogUObjectArray: 32475 objects as part of root set at end of initial load.
[2017.04.18-08.07.42:028][  0]LogUObjectAllocator: 7073368 out of 0 bytes used by permanent object pool.
[2017.04.18-08.07.42:028][  0]LogUObjectArray: CloseDisregardForGC: 0/0 objects in disregard for GC pool
[2017.04.18-08.07.42:121][  0]LogInit: WinSock: version 1.1 (2.2), MaxSocks=32767, MaxUdp=65467
[2017.04.18-08.07.44:418][  0]LogTcpMessaging: Initializing TcpMessaging bridge
[2017.04.18-08.07.44:471][  0]LogUdpMessaging: Initializing bridge on interface 0.0.0.0:0 to multicast group 230.0.0.1:6666.
[2017.04.18-08.07.45:350][  0]LogMaterial: Uniform references updated for custom material expression Custom.
[2017.04.18-08.07.45:892][  0]SourceControl: Info Source control is disabled
[2017.04.18-08.07.45:926][  0]SourceControl: Info Source control is disabled
[2017.04.18-08.07.46:000][  0]SourceControl: Info Source control is disabled
[2017.04.18-08.07.46:065][  0]SourceControl: Info Source control is disabled
[2017.04.18-08.07.47:971][  0]LogEngine: Initializing Engine...
[2017.04.18-08.07.47:971][  0]LogHMD: Failed to initialize OpenVR with code 110
[2017.04.18-08.07.48:276][  0]LogAIModule: Creating AISystem for world Untitled
[2017.04.18-08.07.48:284][  0]LogInit: XAudio2 using '22W_LCD_TV (Intel(R) Display Audio)' : 2 channels at 48 kHz using 16 bits per sample (channel mask 0x3)
[2017.04.18-08.07.48:297][  0]LogInit: FAudioDevice initialized.
[2017.04.18-08.07.48:327][  0]LogDerivedDataCache: Saved boot cache 0.03s 50MB C:/Users/Sarah/AppData/Local/UnrealEngine/4.15/DerivedDataCache/Boot.ddc.
[2017.04.18-08.07.48:337][  0]LogInit: Texture streaming: Enabled
[2017.04.18-08.07.48:551][  0]LogEngineSessionManager: EngineSessionManager initialized
[2017.04.18-08.07.48:733][  0]LogInit: Transaction tracking system initialized
[2017.04.18-08.07.49:270][  0]BlueprintLog: New page: Editor Load
[2017.04.18-08.07.50:546][  0]LocalizationService: Info Localization service is disabled
[2017.04.18-08.07.51:698][  0]LogConsoleResponse:Display: 
[2017.04.18-08.07.51:868][  0]LogCook:Display: Max memory allowance for cook 16384mb min free memory 0mb
[2017.04.18-08.07.51:868][  0]LogCook:Display: Mobile HDR setting 1
[2017.04.18-08.07.52:528][  0]LogFileCache: Scanning file cache for directory 'C:/Users/Sarah/Documents/Unreal Projects/04_BattleTank/BattleTank/Content/' took 0.02s
[2017.04.18-08.07.53:326][  0]SourceControl: Info Source control is disabled
[2017.04.18-08.07.53:327][  0]Cmd: MAP LOAD FILE="../../../../../../Users/Sarah/Documents/Unreal Projects/04_BattleTank/BattleTank/Content/BattleGround.umap" TEMPLATE=0 SHOWPROGRESS=1 FEATURELEVEL=3
[2017.04.18-08.07.53:327][  0]LightingResults: New page: Lighting Build
[2017.04.18-08.07.53:383][  0]MapCheck: New page: Map Check
[2017.04.18-08.07.53:383][  0]LightingResults: New page: Lighting Build
[2017.04.18-08.07.54:087][  0]LogAIModule: Creating AISystem for world BattleGround
[2017.04.18-08.07.54:376][  0]LogEditorServer: Finished looking for orphan Actors (0.000 secs)
[2017.04.18-08.07.54:376][  0]Cmd: MAP CHECKDEP NOCLEARLOG
[2017.04.18-08.07.54:432][  0]MapCheck: Info Map check complete: 0 Error(s), 0 Warning(s), took 55.404ms to complete.
[2017.04.18-08.07.54:432][  0]LogFileHelpers: Loading map 'BattleGround' took 1.105
[2017.04.18-08.07.54:495][  0]LogWindowsTextInputMethodSystem:Display: IME system now deactivated.
[2017.04.18-08.07.54:759][  0]LogCollectionManager: Loaded 0 collections in 0.003415 seconds
[2017.04.18-08.07.54:921][  0]LogFileCache: Scanning file cache for directory 'C:/Users/Sarah/Documents/Unreal Projects/04_BattleTank/BattleTank/Saved/Collections/' took 0.01s
[2017.04.18-08.07.54:921][  0]LogFileCache: Scanning file cache for directory 'C:/Users/Sarah/Documents/Unreal Projects/04_BattleTank/BattleTank/Content/Developers/Sarah/Collections/' took 0.01s
[2017.04.18-08.07.54:921][  0]LogFileCache: Scanning file cache for directory 'C:/Users/Sarah/Documents/Unreal Projects/04_BattleTank/BattleTank/Content/Collections/' took 0.01s
[2017.04.18-08.07.54:921][  0]LogCollectionManager: Rebuilt the GUID cache for 0 collections in 0.000004 seconds
[2017.04.18-08.07.54:950][  0]LogContentBrowser: Native class hierarchy populated in 0.0269 seconds. Added 2245 classes and 452 folders.
[2017.04.18-08.07.54:959][  0]LogStats: UGameplayTagsManager::ConstructGameplayTagTree: Construct from data asset -  0.000 s
[2017.04.18-08.07.54:959][  0]LogStats: UGameplayTagsManager::ConstructGameplayTagTree: GameplayTagTreeChangedEvent.Broadcast -  0.000 s
[2017.04.18-08.07.55:097][  0]LogContentBrowser: Native class hierarchy updated for 'WidgetCarousel' in 0.0025 seconds. Added 0 classes and 0 folders.
[2017.04.18-08.07.55:517][  0]LogContentBrowser: Native class hierarchy updated for 'AddContentDialog' in 0.0021 seconds. Added 0 classes and 0 folders.
[2017.04.18-08.07.55:586][  0]LogContentBrowser: Native class hierarchy updated for 'SceneOutliner' in 0.0022 seconds. Added 1 classes and 2 folders.
[2017.04.18-08.07.55:690][  0]LogCrashTracker: Crashtracker disabled due to settings.
[2017.04.18-08.07.55:701][  0]LogUObjectGlobals:Warning: Failed to find object 'Class None.'
[2017.04.18-08.07.55:801][  0]LogContentBrowser: Native class hierarchy updated for 'HierarchicalLODOutliner' in 0.0023 seconds. Added 1 classes and 2 folders.
[2017.04.18-08.07.55:801][  0]LogLoad: (Engine Initialization) Total time: 23.44 seconds
[2017.04.18-08.07.55:801][  0]LogLoad: (Engine Initialization) Total Blueprint compile time: 0.17 seconds
[2017.04.18-08.07.55:801][  0]LogExternalProfiler: No external profilers were discovered.  External profiling features will not be available.
[2017.04.18-08.07.55:810][  0]LogOcInput: OculusInput pre-init called
[2017.04.18-08.07.55:835][  0]LogContentStreaming: Texture pool size now 600 MB
[2017.04.18-08.07.55:836][  0]LogSlate: Took 0.000236 seconds to synchronously load lazily loaded font '../../../Engine/Content/Slate/Fonts/Roboto-Regular.ttf' (155K)
[2017.04.18-08.07.55:840][  0]LogSlate: Took 0.000284 seconds to synchronously load lazily loaded font '../../../Engine/Content/Slate/Fonts/Roboto-Bold.ttf' (160K)
[2017.04.18-08.07.55:856][  0]LogSlate: Took 0.006159 seconds to synchronously load lazily loaded font '../../../Engine/Content/Editor/Slate/Fonts/FontAwesome.ttf' (139K)
[2017.04.18-08.07.56:067][  0]LogSlate: Took 0.006515 seconds to synchronously load lazily loaded font '../../../Engine/Content/Slate/Fonts/Roboto-Light.ttf' (159K)
[2017.04.18-08.07.56:137][  0]LogRenderer: Reallocating scene render targets to support 732x384 NumSamples 1 (Frame:2).
[2017.04.18-08.07.56:363][  1]LogAssetRegistry: Asset discovery search completed in 14.4404 seconds
[2017.04.18-08.07.56:363][  1]LogCollectionManager: Rebuilt the object cache for 0 collections in 0.000009 seconds (found 0 objects)
[2017.04.18-08.07.56:363][  1]LogCollectionManager: Fixed up redirectors for 0 collections in 0.000034 seconds (updated 0 objects)
[2017.04.18-08.08.02:119][217]LogRenderer: Reallocating scene render targets to support 1032x592 NumSamples 1 (Frame:203).
[2017.04.18-08.10.01:718][464]LogTemp: Repeting last play command: Selected Viewport
[2017.04.18-08.10.01:750][464]LogPlayLevel: PlayLevel: No blueprints needed recompiling
[2017.04.18-08.10.01:751][464]PIE: New page: PIE session: BattleGround (Apr 18, 2017, 10:10:01 AM)
[2017.04.18-08.10.01:752][464]LogPlayLevel: Creating play world package: /Game/UEDPIE_0_BattleGround
[2017.04.18-08.10.01:770][464]LogPlayLevel: PIE: StaticDuplicateObject took: (0.018072s)
[2017.04.18-08.10.01:771][464]LogAIModule: Creating AISystem for world BattleGround
[2017.04.18-08.10.01:771][464]LogPlayLevel: PIE: World Init took: (0.001134s)
[2017.04.18-08.10.01:771][464]LogPlayLevel: PIE: Created PIE world by copying editor world from /Game/BattleGround.BattleGround to /Game/UEDPIE_0_BattleGround.BattleGround (0.019982s)
[2017.04.18-08.10.01:800][464]LogInit: XAudio2 using '22W_LCD_TV (Intel(R) Display Audio)' : 2 channels at 48 kHz using 16 bits per sample (channel mask 0x3)
[2017.04.18-08.10.01:806][464]LogInit: FAudioDevice initialized.
[2017.04.18-08.10.01:881][464]LogLoad: Game class is 'BattleTankGameMode_BP_C'
[2017.04.18-08.10.01:889][464]LogWorld: Bringing World /Game/UEDPIE_0_BattleGround.BattleGround up for play (max tick rate 0) at 2017.04.18-09.10.01
[2017.04.18-08.10.01:891][464]LogWorld: Bringing up level for play took: 0.006615
[2017.04.18-08.10.01:973][464]LogContentBrowser: Native class hierarchy updated for 'MovieSceneCapture' in 0.0030 seconds. Added 11 classes and 0 folders.
[2017.04.18-08.10.01:977][464]PIE: Info Play in editor start time for /Game/UEDPIE_0_BattleGround 0.311
[2017.04.18-08.22.38:550][254]LogEditorViewport: Clicking on Actor (LMB): Landscape (Landscape1)
[2017.04.18-08.22.58:231][741]LogEditorViewport: Clicking on Actor (context menu): Landscape (Landscape1)
[2017.04.18-08.22.59:326][807]LogEditorViewport: Clicking on Actor (LMB): Landscape (Landscape1)
[2017.04.18-08.23.08:178][142]LogEditorViewport: Clicking on Actor (LMB): Landscape (Landscape1)
[2017.04.18-08.27.15:041][150]LogSlate: Took 0.000247 seconds to synchronously load lazily loaded font '../../../Engine/Content/Slate/Fonts/Roboto-Light.ttf' (159K)
[2017.04.18-08.27.15:889][150]LogSlate: Took 0.000255 seconds to synchronously load lazily loaded font '../../../Engine/Content/Slate/Fonts/Roboto-Regular.ttf' (155K)
[2017.04.18-08.27.16:165][150]LogContentBrowser: Native class hierarchy updated for 'BlueprintGraph' in 0.0035 seconds. Added 112 classes and 0 folders.
[2017.04.18-08.27.18:069][150]LogSlate: Took 0.006564 seconds to synchronously load lazily loaded font '../../../Engine/Content/Editor/Slate/Fonts/Roboto-BoldCondensed.ttf' (158K)
[2017.04.18-08.27.18:284][151]LogSlate: Took 0.008797 seconds to synchronously load lazily loaded font '../../../Engine/Content/Editor/Slate/Fonts/Roboto-Italic.ttf' (157K)
[2017.04.18-08.27.55:766][609]LogRenderer: Reallocating scene render targets to support 1032x720 NumSamples 1 (Frame:23257).
[2017.04.18-08.28.33:027][969]LogEditorTransaction: Undo Edit Target Arm Length
[2017.04.18-08.28.33:159][969]LogSlate: Took 0.000407 seconds to synchronously load lazily loaded font '../../../Engine/Content/Slate/Fonts/Roboto-Light.ttf' (159K)
[2017.04.18-08.29.15:108][313]LogSavePackage: Save=490.48ms
[2017.04.18-08.29.15:108][313]LogSavePackage: Moving '../../../../../../Users/Sarah/Documents/Unreal Projects/04_BattleTank/BattleTank/Saved/BattleGround_Auto1240003164D6047E41C07FE81E3979774.tmp' to '../../../../../../Users/Sarah/Documents/Unreal Projects/04_BattleTank/BattleTank/Saved/Autosaves/Game/BattleGround_Auto1.umap'
[2017.04.18-08.29.15:113][313]LogSavePackage:Display: Finished SavePackage ../../../../../../Users/Sarah/Documents/Unreal Projects/04_BattleTank/BattleTank/Saved/Autosaves/Game/BattleGround_Auto1.umap
[2017.04.18-08.29.15:118][313]LogFileHelpers: Editor autosave (incl. sublevels) for '/Game/BattleGround' took 0.620
[2017.04.18-08.29.15:119][313]LogFileHelpers: Editor autosave (incl. sublevels) for all levels took 0.620
[2017.04.18-08.31.39:879][833]Cmd: TRANSACTION UNDO
[2017.04.18-08.31.39:879][833]LogEditorTransaction: Undo Modify Component(s)
[2017.04.18-08.31.44:737][  9]Cmd: TRANSACTION UNDO
[2017.04.18-08.31.44:737][  9]LogEditorTransaction: Undo Modify Component(s)
[2017.04.18-08.31.47:187][120]Cmd: TRANSACTION UNDO
[2017.04.18-08.31.47:187][120]LogEditorTransaction: Undo Modify Component(s)
[2017.04.18-08.31.50:361][220]Cmd: TRANSACTION UNDO
[2017.04.18-08.31.50:361][220]LogEditorTransaction: Undo Modify Component(s)
[2017.04.18-08.40.00:927][239]BlueprintLog: New page: Compile Tank_BP
[2017.04.18-08.40.04:487][305]Cmd: OBJ SAVEPACKAGE PACKAGE="/Game/Tank_FBX/tANK_bp" FILE="../../../../../../Users/Sarah/Documents/Unreal Projects/04_BattleTank/BattleTank/Content/Tank_FBX/tANK_bp.uasset" SILENT=true
[2017.04.18-08.40.04:546][305]LogSavePackage: Save=45.68ms
[2017.04.18-08.40.04:546][305]LogSavePackage: Moving '../../../../../../Users/Sarah/Documents/Unreal Projects/04_BattleTank/BattleTank/Saved/tANK_bp157DA58041CDE17C8EA0D1A96C992F54.tmp' to '../../../../../../Users/Sarah/Documents/Unreal Projects/04_BattleTank/BattleTank/Content/Tank_FBX/tANK_bp.uasset'
[2017.04.18-08.40.04:551][305]LogSavePackage:Display: Finished SavePackage ../../../../../../Users/Sarah/Documents/Unreal Projects/04_BattleTank/BattleTank/Content/Tank_FBX/tANK_bp.uasset
[2017.04.18-08.40.31:107][832]BlueprintLog: New page: Compile Tank_BP
[2017.04.18-08.40.32:472][860]Cmd: OBJ SAVEPACKAGE PACKAGE="/Game/Tank_FBX/tANK_bp" FILE="../../../../../../Users/Sarah/Documents/Unreal Projects/04_BattleTank/BattleTank/Content/Tank_FBX/tANK_bp.uasset" SILENT=true
[2017.04.18-08.40.32:519][860]LogSavePackage: Save=41.49ms
[2017.04.18-08.40.32:519][860]LogSavePackage: Moving '../../../../../../Users/Sarah/Documents/Unreal Projects/04_BattleTank/BattleTank/Saved/tANK_bpF4375F36457A13C4DF3429A0931443EB.tmp' to '../../../../../../Users/Sarah/Documents/Unreal Projects/04_BattleTank/BattleTank/Content/Tank_FBX/tANK_bp.uasset'
[2017.04.18-08.40.32:522][860]LogSavePackage:Display: Finished SavePackage ../../../../../../Users/Sarah/Documents/Unreal Projects/04_BattleTank/BattleTank/Content/Tank_FBX/tANK_bp.uasset
[2017.04.18-08.40.44:931][181]LogMaterial: 0.00 seconds spent updating 1 materials, 1 interfaces, 0 instances, 1 with static permutations.
[2017.04.18-08.40.44:955][181]LogMaterial: 0.00 seconds spent updating 1 materials, 1 interfaces, 0 instances, 1 with static permutations.
[2017.04.18-08.40.44:964][181]LogTexture:Display: Building textures: Texture2D_2 (G8)
[2017.04.18-08.40.51:231][361]Cmd: TRANSACTION UNDO
[2017.04.18-08.40.51:231][361]LogEditorTransaction: Undo Landscape Editing: Sculpt
[2017.04.18-08.40.51:270][361]LogMaterial: 0.00 seconds spent updating 1 materials, 1 interfaces, 0 instances, 0 with static permutations.
[2017.04.18-08.40.51:271][361]LogMaterial: 0.00 seconds spent updating 1 materials, 1 interfaces, 0 instances, 0 with static permutations.
[2017.04.18-08.40.58:680][679]Cmd: TRANSACTION UNDO
[2017.04.18-08.40.58:680][679]LogEditorTransaction: Undo Landscape Editing: Sculpt
[2017.04.18-08.40.58:708][679]LogMaterial: 0.00 seconds spent updating 1 materials, 1 interfaces, 0 instances, 0 with static permutations.
[2017.04.18-08.40.58:709][679]LogMaterial: 0.00 seconds spent updating 1 materials, 1 interfaces, 0 instances, 0 with static permutations.
[2017.04.18-08.41.18:863][499]LogTemp: Repeting last play command: Selected Viewport
[2017.04.18-08.41.18:884][499]LogPlayLevel: PlayLevel: No blueprints needed recompiling
[2017.04.18-08.41.18:884][499]PIE: New page: PIE session: BattleGround (Apr 18, 2017, 10:41:18 AM)
[2017.04.18-08.41.18:884][499]LogPlayLevel: Creating play world package: /Game/UEDPIE_0_BattleGround
[2017.04.18-08.41.18:897][499]LogPlayLevel: PIE: StaticDuplicateObject took: (0.013000s)
[2017.04.18-08.41.18:899][499]LogAIModule: Creating AISystem for world BattleGround
[2017.04.18-08.41.18:899][499]LogPlayLevel: PIE: World Init took: (0.001599s)
[2017.04.18-08.41.18:899][499]LogPlayLevel: PIE: Created PIE world by copying editor world from /Game/BattleGround.BattleGround to /Game/UEDPIE_0_BattleGround.BattleGround (0.014862s)
[2017.04.18-08.41.18:939][499]LogInit: XAudio2 using 'Speakers (2- High Definition Audio Device)' : 2 channels at 44.1 kHz using 16 bits per sample (channel mask 0x3)
[2017.04.18-08.41.18:949][499]LogInit: FAudioDevice initialized.
[2017.04.18-08.41.18:985][499]LogLoad: Game class is 'BattleTankGameMode_BP_C'
[2017.04.18-08.41.18:990][499]LogWorld: Bringing World /Game/UEDPIE_0_BattleGround.BattleGround up for play (max tick rate 0) at 2017.04.18-09.41.18
[2017.04.18-08.41.18:991][499]LogWorld: Bringing up level for play took: 0.004624
[2017.04.18-08.41.18:993][499]PIE: Info Play in editor start time for /Game/UEDPIE_0_BattleGround -0.673
[2017.04.18-08.41.41:824][607]LogEditorViewport: Clicking on Actor (double click): Landscape (Landscape1)
[2017.04.18-08.41.43:741][674]LogEditorViewport: Clicking on Actor (double click): Landscape (Landscape1)
[2017.04.18-08.41.44:450][699]LogEditorViewport: Clicking on Actor (double click): Landscape (Landscape1)
[2017.04.18-08.41.45:209][726]LogEditorViewport: Clicking on Actor (double click): Landscape (Landscape1)
[2017.04.18-08.41.46:872][786]LogTemp: Repeting last play command: Selected Viewport
[2017.04.18-08.41.46:891][786]LogPlayLevel: PlayLevel: No blueprints needed recompiling
[2017.04.18-08.41.46:891][786]PIE: New page: PIE session: BattleGround (Apr 18, 2017, 10:41:46 AM)
[2017.04.18-08.41.46:891][786]LogPlayLevel: Creating play world package: /Game/UEDPIE_0_BattleGround
[2017.04.18-08.41.46:903][786]LogPlayLevel: PIE: StaticDuplicateObject took: (0.011658s)
[2017.04.18-08.41.46:903][786]LogAIModule: Creating AISystem for world BattleGround
[2017.04.18-08.41.46:904][786]LogPlayLevel: PIE: World Init took: (0.000851s)
[2017.04.18-08.41.46:904][786]LogPlayLevel: PIE: Created PIE world by copying editor world from /Game/BattleGround.BattleGround to /Game/UEDPIE_0_BattleGround.BattleGround (0.012741s)
[2017.04.18-08.41.46:926][786]LogInit: XAudio2 using 'Speakers (2- High Definition Audio Device)' : 2 channels at 44.1 kHz using 16 bits per sample (channel mask 0x3)
[2017.04.18-08.41.46:934][786]LogInit: FAudioDevice initialized.
[2017.04.18-08.41.46:970][786]LogLoad: Game class is 'BattleTankGameMode_BP_C'
[2017.04.18-08.41.46:975][786]LogWorld: Bringing World /Game/UEDPIE_0_BattleGround.BattleGround up for play (max tick rate 0) at 2017.04.18-09.41.46
[2017.04.18-08.41.46:976][786]LogWorld: Bringing up level for play took: 0.004873
[2017.04.18-08.41.46:978][786]PIE: Info Play in editor start time for /Game/UEDPIE_0_BattleGround -0.688
[2017.04.18-08.42.13:874][986]Cmd: SELECT NONE
[2017.04.18-08.42.14:885][ 23]LogTexture:Display: Building textures: Texture2D_1 (BGRA8)
[2017.04.18-08.42.15:077][ 23]LogSavePackage: Save=198.69ms
[2017.04.18-08.42.15:077][ 23]LogSavePackage: Moving '../../../../../../Users/Sarah/Documents/Unreal Projects/04_BattleTank/BattleTank/Saved/BattleGroundFCDBE9DB43EB5556F24BE29B5A59A3D7.tmp' to '../../../../../../Users/Sarah/Documents/Unreal Projects/04_BattleTank/BattleTank/Content/BattleGround.umap'
[2017.04.18-08.42.15:084][ 23]LogSavePackage:Display: Finished SavePackage ../../../../../../Users/Sarah/Documents/Unreal Projects/04_BattleTank/BattleTank/Content/BattleGround.umap
[2017.04.18-08.42.15:132][ 23]Cmd: OBJ SAVEPACKAGE PACKAGE="/Game/BattleGround_BuiltData" FILE="../../../../../../Users/Sarah/Documents/Unreal Projects/04_BattleTank/BattleTank/Content/BattleGround_BuiltData.uasset" SILENT=true
[2017.04.18-08.42.15:208][ 23]LogSavePackage: Save=55.32ms
[2017.04.18-08.42.15:208][ 23]LogSavePackage: Moving '../../../../../../Users/Sarah/Documents/Unreal Projects/04_BattleTank/BattleTank/Saved/BattleGround_BuiltDataEC7BA4314D467A5327A50699DB5CE2E7.tmp' to '../../../../../../Users/Sarah/Documents/Unreal Projects/04_BattleTank/BattleTank/Content/BattleGround_BuiltData.uasset'
[2017.04.18-08.42.15:210][ 23]LogSavePackage:Display: Finished SavePackage ../../../../../../Users/Sarah/Documents/Unreal Projects/04_BattleTank/BattleTank/Content/BattleGround_BuiltData.uasset
[2017.04.18-08.42.27:714][533]LogTemp: Repeting last play command: Selected Viewport
[2017.04.18-08.42.27:733][533]LogPlayLevel: PlayLevel: No blueprints needed recompiling
[2017.04.18-08.42.27:733][533]PIE: New page: PIE session: BattleGround (Apr 18, 2017, 10:42:27 AM)
[2017.04.18-08.42.27:734][533]LogPlayLevel: Creating play world package: /Game/UEDPIE_0_BattleGround
[2017.04.18-08.42.27:746][533]LogPlayLevel: PIE: StaticDuplicateObject took: (0.012297s)
[2017.04.18-08.42.27:747][533]LogAIModule: Creating AISystem for world BattleGround
[2017.04.18-08.42.27:747][533]LogPlayLevel: PIE: World Init took: (0.000971s)
[2017.04.18-08.42.27:747][533]LogPlayLevel: PIE: Created PIE world by copying editor world from /Game/BattleGround.BattleGround to /Game/UEDPIE_0_BattleGround.BattleGround (0.013547s)
[2017.04.18-08.42.27:772][533]LogInit: XAudio2 using 'Speakers (2- High Definition Audio Device)' : 2 channels at 44.1 kHz using 16 bits per sample (channel mask 0x3)
[2017.04.18-08.42.27:780][533]LogInit: FAudioDevice initialized.
[2017.04.18-08.42.27:812][533]LogLoad: Game class is 'BattleTankGameMode_BP_C'
[2017.04.18-08.42.27:818][533]LogWorld: Bringing World /Game/UEDPIE_0_BattleGround.BattleGround up for play (max tick rate 0) at 2017.04.18-09.42.27
[2017.04.18-08.42.27:818][533]LogWorld: Bringing up level for play took: 0.005119
[2017.04.18-08.42.27:821][533]PIE: Info Play in editor start time for /Game/UEDPIE_0_BattleGround 0.155
[2017.04.18-08.42.47:635][452]LogEditorViewport: Clicking on Actor (LMB): PlayerStart (Player Start)
[2017.04.18-08.42.55:190][746]LogNavigationPoint: PostEditMove Clear paths rebuilt
[2017.04.18-08.42.59:756][915]LogNavigationPoint: PostEditMove Clear paths rebuilt
[2017.04.18-08.43.01:529][982]LogNavigationPoint: PostEditMove Clear paths rebuilt
[2017.04.18-08.43.06:466][170]LogNavigationPoint: PostEditMove Clear paths rebuilt
[2017.04.18-08.43.15:872][509]LogNavigationPoint: PostEditMove Clear paths rebuilt
[2017.04.18-08.43.16:778][544]LogTemp: Repeting last play command: Selected Viewport
[2017.04.18-08.43.16:798][544]LogPlayLevel: PlayLevel: No blueprints needed recompiling
[2017.04.18-08.43.16:798][544]PIE: New page: PIE session: BattleGround (Apr 18, 2017, 10:43:16 AM)
[2017.04.18-08.43.16:798][544]LogPlayLevel: Creating play world package: /Game/UEDPIE_0_BattleGround
[2017.04.18-08.43.16:810][544]LogPlayLevel: PIE: StaticDuplicateObject took: (0.011256s)
[2017.04.18-08.43.16:810][544]LogAIModule: Creating AISystem for world BattleGround
[2017.04.18-08.43.16:810][544]LogPlayLevel: PIE: World Init took: (0.000765s)
[2017.04.18-08.43.16:810][544]LogPlayLevel: PIE: Created PIE world by copying editor world from /Game/BattleGround.BattleGround to /Game/UEDPIE_0_BattleGround.BattleGround (0.012260s)
[2017.04.18-08.43.16:830][544]LogInit: XAudio2 using 'Speakers (2- High Definition Audio Device)' : 2 channels at 44.1 kHz using 16 bits per sample (channel mask 0x3)
[2017.04.18-08.43.16:838][544]LogInit: FAudioDevice initialized.
[2017.04.18-08.43.16:871][544]LogLoad: Game class is 'BattleTankGameMode_BP_C'
[2017.04.18-08.43.16:877][544]LogWorld: Bringing World /Game/UEDPIE_0_BattleGround.BattleGround up for play (max tick rate 0) at 2017.04.18-09.43.16
[2017.04.18-08.43.16:877][544]LogWorld: Bringing up level for play took: 0.005183
[2017.04.18-08.43.16:880][544]PIE: Info Play in editor start time for /Game/UEDPIE_0_BattleGround -0.786
[2017.04.18-08.43.24:143][868]LogNavigationPoint: PostEditMove Clear paths rebuilt
[2017.04.18-08.43.25:793][933]LogNavigationPoint: PostEditMove Clear paths rebuilt
[2017.04.18-08.43.26:555][962]LogNavigationPoint: PostEditMove Clear paths rebuilt
[2017.04.18-08.43.27:458][995]LogTemp: Repeting last play command: Selected Viewport
[2017.04.18-08.43.27:477][995]LogPlayLevel: PlayLevel: No blueprints needed recompiling
[2017.04.18-08.43.27:477][995]PIE: New page: PIE session: BattleGround (Apr 18, 2017, 10:43:27 AM)
[2017.04.18-08.43.27:477][995]LogPlayLevel: Creating play world package: /Game/UEDPIE_0_BattleGround
[2017.04.18-08.43.27:490][995]LogPlayLevel: PIE: StaticDuplicateObject took: (0.012390s)
[2017.04.18-08.43.27:491][995]LogAIModule: Creating AISystem for world BattleGround
[2017.04.18-08.43.27:491][995]LogPlayLevel: PIE: World Init took: (0.000788s)
[2017.04.18-08.43.27:491][995]LogPlayLevel: PIE: Created PIE world by copying editor world from /Game/BattleGround.BattleGround to /Game/UEDPIE_0_BattleGround.BattleGround (0.013411s)
[2017.04.18-08.43.27:512][995]LogInit: XAudio2 using 'Speakers (2- High Definition Audio Device)' : 2 channels at 44.1 kHz using 16 bits per sample (channel mask 0x3)
[2017.04.18-08.43.27:520][995]LogInit: FAudioDevice initialized.
[2017.04.18-08.43.27:551][995]LogLoad: Game class is 'BattleTankGameMode_BP_C'
[2017.04.18-08.43.27:557][995]LogWorld: Bringing World /Game/UEDPIE_0_BattleGround.BattleGround up for play (max tick rate 0) at 2017.04.18-09.43.27
[2017.04.18-08.43.27:557][995]LogWorld: Bringing up level for play took: 0.004474
[2017.04.18-08.43.27:561][995]PIE: Info Play in editor start time for /Game/UEDPIE_0_BattleGround -0.105
[2017.04.18-08.43.51:263][ 35]LogNavigationPoint: PostEditMove Clear paths rebuilt
[2017.04.18-08.43.54:352][151]LogTemp: Repeting last play command: Selected Viewport
[2017.04.18-08.43.54:371][151]LogPlayLevel: PlayLevel: No blueprints needed recompiling
[2017.04.18-08.43.54:371][151]PIE: New page: PIE session: BattleGround (Apr 18, 2017, 10:43:54 AM)
[2017.04.18-08.43.54:372][151]LogPlayLevel: Creating play world package: /Game/UEDPIE_0_BattleGround
[2017.04.18-08.43.54:387][151]LogPlayLevel: PIE: StaticDuplicateObject took: (0.015408s)
[2017.04.18-08.43.54:388][151]LogAIModule: Creating AISystem for world BattleGround
[2017.04.18-08.43.54:388][151]LogPlayLevel: PIE: World Init took: (0.001059s)
[2017.04.18-08.43.54:388][151]LogPlayLevel: PIE: Created PIE world by copying editor world from /Game/BattleGround.BattleGround to /Game/UEDPIE_0_BattleGround.BattleGround (0.016703s)
[2017.04.18-08.43.54:409][151]LogInit: XAudio2 using 'Speakers (2- High Definition Audio Device)' : 2 channels at 44.1 kHz using 16 bits per sample (channel mask 0x3)
[2017.04.18-08.43.54:418][151]LogInit: FAudioDevice initialized.
[2017.04.18-08.43.54:450][151]LogLoad: Game class is 'BattleTankGameMode_BP_C'
[2017.04.18-08.43.54:455][151]LogWorld: Bringing World /Game/UEDPIE_0_BattleGround.BattleGround up for play (max tick rate 0) at 2017.04.18-09.43.54
[2017.04.18-08.43.54:456][151]LogWorld: Bringing up level for play took: 0.004529
[2017.04.18-08.43.54:458][151]PIE: Info Play in editor start time for /Game/UEDPIE_0_BattleGround 0.792
[2017.04.18-08.44.02:272][516]LogEditorViewport: Clicking on Actor (LMB): Landscape (Landscape1)
[2017.04.18-08.44.05:581][645]LogEditorViewport: Clicking on Actor (LMB): Landscape (Landscape1)
[2017.04.18-08.44.31:103][721]LogEditorViewport: Clicking on Actor (LMB): Landscape (Landscape1)
[2017.04.18-08.44.33:335][807]LogEditorViewport: Clicking on Actor (LMB): Landscape (Landscape1)
[2017.04.18-08.44.40:977][106]Cmd: CAMERA ALIGN ACTIVEVIEWPORTONLY
[2017.04.18-08.44.49:638][500]LogNavigationPoint: PostEditMove Clear paths rebuilt
[2017.04.18-08.44.53:632][668]LogNavigationPoint: PostEditMove Clear paths rebuilt
[2017.04.18-08.44.57:141][804]LogNavigationPoint: PostEditMove Clear paths rebuilt
[2017.04.18-08.44.58:721][868]LogNavigationPoint: PostEditMove Clear paths rebuilt
[2017.04.18-08.45.02:384][ 11]LogNavigationPoint: PostEditMove Clear paths rebuilt
[2017.04.18-08.45.05:666][137]LogNavigationPoint: PostEditMove Clear paths rebuilt
[2017.04.18-08.45.07:598][214]LogNavigationPoint: PostEditMove Clear paths rebuilt
[2017.04.18-08.45.12:150][387]LogNavigationPoint: PostEditMove Clear paths rebuilt
[2017.04.18-08.45.14:603][483]LogNavigationPoint: PostEditMove Clear paths rebuilt
[2017.04.18-08.45.19:684][675]LogNavigationPoint: PostEditMove Clear paths rebuilt
[2017.04.18-08.45.20:858][720]LogNavigationPoint: PostEditMove Clear paths rebuilt
[2017.04.18-08.45.22:699][778]LogSavePackage: Save=192.70ms
[2017.04.18-08.45.22:699][778]LogSavePackage: Moving '../../../../../../Users/Sarah/Documents/Unreal Projects/04_BattleTank/BattleTank/Saved/BattleGroundF3DE8D664DEC9CE2859923B2264CF5B9.tmp' to '../../../../../../Users/Sarah/Documents/Unreal Projects/04_BattleTank/BattleTank/Content/BattleGround.umap'
[2017.04.18-08.45.22:703][778]LogSavePackage:Display: Finished SavePackage ../../../../../../Users/Sarah/Documents/Unreal Projects/04_BattleTank/BattleTank/Content/BattleGround.umap
[2017.04.18-08.45.22:750][778]Cmd: OBJ SAVEPACKAGE PACKAGE="/Game/BattleGround_BuiltData" FILE="../../../../../../Users/Sarah/Documents/Unreal Projects/04_BattleTank/BattleTank/Content/BattleGround_BuiltData.uasset" SILENT=true
[2017.04.18-08.45.22:796][778]LogSavePackage: Save=40.12ms
[2017.04.18-08.45.22:796][778]LogSavePackage: Moving '../../../../../../Users/Sarah/Documents/Unreal Projects/04_BattleTank/BattleTank/Saved/BattleGround_BuiltData336D63594296482770CE80AA6F2F176A.tmp' to '../../../../../../Users/Sarah/Documents/Unreal Projects/04_BattleTank/BattleTank/Content/BattleGround_BuiltData.uasset'
[2017.04.18-08.45.22:798][778]LogSavePackage:Display: Finished SavePackage ../../../../../../Users/Sarah/Documents/Unreal Projects/04_BattleTank/BattleTank/Content/BattleGround_BuiltData.uasset
[2017.04.18-08.45.23:821][818]LogTemp: Repeting last play command: Selected Viewport
[2017.04.18-08.45.23:841][818]LogPlayLevel: PlayLevel: No blueprints needed recompiling
[2017.04.18-08.45.23:842][818]PIE: New page: PIE session: BattleGround (Apr 18, 2017, 10:45:23 AM)
[2017.04.18-08.45.23:842][818]LogPlayLevel: Creating play world package: /Game/UEDPIE_0_BattleGround
[2017.04.18-08.45.23:854][818]LogPlayLevel: PIE: StaticDuplicateObject took: (0.011861s)
[2017.04.18-08.45.23:855][818]LogAIModule: Creating AISystem for world BattleGround
[2017.04.18-08.45.23:856][818]LogPlayLevel: PIE: World Init took: (0.001497s)
[2017.04.18-08.45.23:856][818]LogPlayLevel: PIE: Created PIE world by copying editor world from /Game/BattleGround.BattleGround to /Game/UEDPIE_0_BattleGround.BattleGround (0.013721s)
[2017.04.18-08.45.23:876][818]LogInit: XAudio2 using 'Speakers (2- High Definition Audio Device)' : 2 channels at 44.1 kHz using 16 bits per sample (channel mask 0x3)
[2017.04.18-08.45.23:884][818]LogInit: FAudioDevice initialized.
[2017.04.18-08.45.23:919][818]LogLoad: Game class is 'BattleTankGameMode_BP_C'
[2017.04.18-08.45.23:925][818]LogWorld: Bringing World /Game/UEDPIE_0_BattleGround.BattleGround up for play (max tick rate 0) at 2017.04.18-09.45.23
[2017.04.18-08.45.23:925][818]LogWorld: Bringing up level for play took: 0.004884
[2017.04.18-08.45.23:928][818]PIE: Info Play in editor start time for /Game/UEDPIE_0_BattleGround 0.261
[2017.04.18-08.45.31:080][161]LogEditorViewport: Clicking on Actor (LMB): Tank_BP_C (Tank_BP)
[2017.04.18-08.45.34:578][258]LogTemp: Repeting last play command: Selected Viewport
[2017.04.18-08.45.34:597][258]LogPlayLevel: PlayLevel: No blueprints needed recompiling
[2017.04.18-08.45.34:598][258]PIE: New page: PIE session: BattleGround (Apr 18, 2017, 10:45:34 AM)
[2017.04.18-08.45.34:598][258]LogPlayLevel: Creating play world package: /Game/UEDPIE_0_BattleGround
[2017.04.18-08.45.34:608][258]LogPlayLevel: PIE: StaticDuplicateObject took: (0.010551s)
[2017.04.18-08.45.34:609][258]LogAIModule: Creating AISystem for world BattleGround
[2017.04.18-08.45.34:609][258]LogPlayLevel: PIE: World Init took: (0.000754s)
[2017.04.18-08.45.34:609][258]LogPlayLevel: PIE: Created PIE world by copying editor world from /Game/BattleGround.BattleGround to /Game/UEDPIE_0_BattleGround.BattleGround (0.011526s)
[2017.04.18-08.45.34:664][258]LogInit: XAudio2 using 'Speakers (2- High Definition Audio Device)' : 2 channels at 44.1 kHz using 16 bits per sample (channel mask 0x3)
[2017.04.18-08.45.34:672][258]LogInit: FAudioDevice initialized.
[2017.04.18-08.45.34:704][258]LogLoad: Game class is 'BattleTankGameMode_BP_C'
[2017.04.18-08.45.34:709][258]LogWorld: Bringing World /Game/UEDPIE_0_BattleGround.BattleGround up for play (max tick rate 0) at 2017.04.18-09.45.34
[2017.04.18-08.45.34:710][258]LogWorld: Bringing up level for play took: 0.004471
[2017.04.18-08.45.34:712][258]PIE: Info Play in editor start time for /Game/UEDPIE_0_BattleGround 1.046
[2017.04.18-08.45.52:602][868]LogNavigationPoint: PostEditMove Clear paths rebuilt
[2017.04.18-08.45.53:497][899]LogTemp: Repeting last play command: Selected Viewport
[2017.04.18-08.45.53:516][899]LogPlayLevel: PlayLevel: No blueprints needed recompiling
[2017.04.18-08.45.53:516][899]PIE: New page: PIE session: BattleGround (Apr 18, 2017, 10:45:53 AM)
[2017.04.18-08.45.53:517][899]LogPlayLevel: Creating play world package: /Game/UEDPIE_0_BattleGround
[2017.04.18-08.45.53:527][899]LogPlayLevel: PIE: StaticDuplicateObject took: (0.010747s)
[2017.04.18-08.45.53:528][899]LogAIModule: Creating AISystem for world BattleGround
[2017.04.18-08.45.53:528][899]LogPlayLevel: PIE: World Init took: (0.000767s)
[2017.04.18-08.45.53:528][899]LogPlayLevel: PIE: Created PIE world by copying editor world from /Game/BattleGround.BattleGround to /Game/UEDPIE_0_BattleGround.BattleGround (0.011740s)
[2017.04.18-08.45.53:550][899]LogInit: XAudio2 using 'Speakers (2- High Definition Audio Device)' : 2 channels at 44.1 kHz using 16 bits per sample (channel mask 0x3)
[2017.04.18-08.45.53:558][899]LogInit: FAudioDevice initialized.
[2017.04.18-08.45.53:590][899]LogLoad: Game class is 'BattleTankGameMode_BP_C'
[2017.04.18-08.45.53:596][899]LogWorld: Bringing World /Game/UEDPIE_0_BattleGround.BattleGround up for play (max tick rate 0) at 2017.04.18-09.45.53
[2017.04.18-08.45.53:596][899]LogWorld: Bringing up level for play took: 0.004564
[2017.04.18-08.45.53:599][899]PIE: Info Play in editor start time for /Game/UEDPIE_0_BattleGround -0.067
[2017.04.18-08.46.09:465][437]LogTemp: Repeting last play command: Selected Viewport
[2017.04.18-08.46.09:492][437]LogPlayLevel: PlayLevel: No blueprints needed recompiling
[2017.04.18-08.46.09:492][437]PIE: New page: PIE session: BattleGround (Apr 18, 2017, 10:46:09 AM)
[2017.04.18-08.46.09:492][437]LogPlayLevel: Creating play world package: /Game/UEDPIE_0_BattleGround
[2017.04.18-08.46.09:506][437]LogPlayLevel: PIE: StaticDuplicateObject took: (0.013995s)
[2017.04.18-08.46.09:507][437]LogAIModule: Creating AISystem for world BattleGround
[2017.04.18-08.46.09:507][437]LogPlayLevel: PIE: World Init took: (0.000827s)
[2017.04.18-08.46.09:507][437]LogPlayLevel: PIE: Created PIE world by copying editor world from /Game/BattleGround.BattleGround to /Game/UEDPIE_0_BattleGround.BattleGround (0.015075s)
[2017.04.18-08.46.09:533][437]LogInit: XAudio2 using 'Speakers (2- High Definition Audio Device)' : 2 channels at 44.1 kHz using 16 bits per sample (channel mask 0x3)
[2017.04.18-08.46.09:542][437]LogInit: FAudioDevice initialized.
[2017.04.18-08.46.09:577][437]LogLoad: Game class is 'BattleTankGameMode_BP_C'
[2017.04.18-08.46.09:585][437]LogWorld: Bringing World /Game/UEDPIE_0_BattleGround.BattleGround up for play (max tick rate 0) at 2017.04.18-09.46.09
[2017.04.18-08.46.09:585][437]LogWorld: Bringing up level for play took: 0.006765
[2017.04.18-08.46.09:588][437]PIE: Info Play in editor start time for /Game/UEDPIE_0_BattleGround -0.078
[2017.04.18-08.46.21:814][ 27]LogTemp: Repeting last play command: Selected Viewport
[2017.04.18-08.46.21:835][ 27]LogPlayLevel: PlayLevel: No blueprints needed recompiling
[2017.04.18-08.46.21:835][ 27]PIE: New page: PIE session: BattleGround (Apr 18, 2017, 10:46:21 AM)
[2017.04.18-08.46.21:835][ 27]LogPlayLevel: Creating play world package: /Game/UEDPIE_0_BattleGround
[2017.04.18-08.46.21:849][ 27]LogPlayLevel: PIE: StaticDuplicateObject took: (0.014022s)
[2017.04.18-08.46.21:850][ 27]LogAIModule: Creating AISystem for world BattleGround
[2017.04.18-08.46.21:850][ 27]LogPlayLevel: PIE: World Init took: (0.001196s)
[2017.04.18-08.46.21:850][ 27]LogPlayLevel: PIE: Created PIE world by copying editor world from /Game/BattleGround.BattleGround to /Game/UEDPIE_0_BattleGround.BattleGround (0.015523s)
[2017.04.18-08.46.21:877][ 27]LogInit: XAudio2 using 'Speakers (2- High Definition Audio Device)' : 2 channels at 44.1 kHz using 16 bits per sample (channel mask 0x3)
[2017.04.18-08.46.21:885][ 27]LogInit: FAudioDevice initialized.
[2017.04.18-08.46.21:919][ 27]LogLoad: Game class is 'BattleTankGameMode_BP_C'
[2017.04.18-08.46.21:927][ 27]LogWorld: Bringing World /Game/UEDPIE_0_BattleGround.BattleGround up for play (max tick rate 0) at 2017.04.18-09.46.21
[2017.04.18-08.46.21:928][ 27]LogWorld: Bringing up level for play took: 0.007530
[2017.04.18-08.46.21:932][ 27]PIE: Info Play in editor start time for /Game/UEDPIE_0_BattleGround 0.266
[2017.04.18-08.49.35:245][583]LogSavePackage: Save=235.08ms
[2017.04.18-08.49.35:246][583]LogSavePackage: Moving '../../../../../../Users/Sarah/Documents/Unreal Projects/04_BattleTank/BattleTank/Saved/BattleGround749C4AF849A2463F73B7E2AE6389B941.tmp' to '../../../../../../Users/Sarah/Documents/Unreal Projects/04_BattleTank/BattleTank/Content/BattleGround.umap'
[2017.04.18-08.49.35:250][583]LogSavePackage:Display: Finished SavePackage ../../../../../../Users/Sarah/Documents/Unreal Projects/04_BattleTank/BattleTank/Content/BattleGround.umap
[2017.04.18-08.49.35:303][583]Cmd: OBJ SAVEPACKAGE PACKAGE="/Game/BattleGround_BuiltData" FILE="../../../../../../Users/Sarah/Documents/Unreal Projects/04_BattleTank/BattleTank/Content/BattleGround_BuiltData.uasset" SILENT=true
[2017.04.18-08.49.35:359][583]LogSavePackage: Save=44.42ms
[2017.04.18-08.49.35:359][583]LogSavePackage: Moving '../../../../../../Users/Sarah/Documents/Unreal Projects/04_BattleTank/BattleTank/Saved/BattleGround_BuiltDataA095D548473250574120F8843A48BD81.tmp' to '../../../../../../Users/Sarah/Documents/Unreal Projects/04_BattleTank/BattleTank/Content/BattleGround_BuiltData.uasset'
[2017.04.18-08.49.35:362][583]LogSavePackage:Display: Finished SavePackage ../../../../../../Users/Sarah/Documents/Unreal Projects/04_BattleTank/BattleTank/Content/BattleGround_BuiltData.uasset
[2017.04.18-08.57.59:903][511]LogWindowsTextInputMethodSystem:Display: IME system now deactivated.
[2017.04.18-08.58.00:130][512]Cmd: QUIT_EDITOR
[2017.04.18-08.58.00:323][512]LogExit: Preparing to exit.
[2017.04.18-08.58.01:606][512]LogDirectoryWatcher: A directory notification for 'C:/Users/Sarah/Documents/Unreal Projects/04_BattleTank/BattleTank/Content/' was aborted.
[2017.04.18-08.58.01:657][512]LogExit: Editor shut down
[2017.04.18-08.58.01:658][512]LogExit: Transaction tracking system shut down
[2017.04.18-08.58.01:784][512]LogObj: Freed 0b from 0 cluster array pools.
[2017.04.18-08.58.01:785][512]LogExit: Object subsystem successfully closed.
[2017.04.18-08.58.01:809][512]LogD3D11RHI: Shutdown
[2017.04.18-08.58.01:809][512]LogD3D11RHI: CleanupD3DDevice
[2017.04.18-08.58.01:920][512]LogD3D11RHI: ~FD3D11DynamicRHI
[2017.04.18-08.58.01:947][512]LogModuleManager: Shutting down and abandoning module BlueprintGraph (504)
[2017.04.18-08.58.01:947][512]LogModuleManager: Shutting down and abandoning module BlueprintProfiler (502)
[2017.04.18-08.58.01:948][512]LogModuleManager: Shutting down and abandoning module MovieSceneCapture (500)
[2017.04.18-08.58.01:948][512]LogModuleManager: Shutting down and abandoning module HierarchicalLODOutliner (498)
[2017.04.18-08.58.01:948][512]LogModuleManager: Shutting down and abandoning module CrashTracker (496)
[2017.04.18-08.58.01:948][512]LogModuleManager: Shutting down and abandoning module SceneOutliner (494)
[2017.04.18-08.58.01:948][512]LogModuleManager: Shutting down and abandoning module AddContentDialog (492)
[2017.04.18-08.58.01:948][512]LogDirectoryWatcher: A directory notification for 'C:/Program Files/Epic Games/UE_4.15/FeaturePacks/' was aborted.
[2017.04.18-08.58.01:951][512]LogModuleManager: Shutting down and abandoning module WidgetCarousel (491)
[2017.04.18-08.58.01:951][512]LogModuleManager: Shutting down and abandoning module EditorWidgets (488)
[2017.04.18-08.58.01:951][512]LogModuleManager: Shutting down and abandoning module CollectionManager (486)
[2017.04.18-08.58.01:951][512]LogDirectoryWatcher: A directory notification for 'C:/Users/Sarah/Documents/Unreal Projects/04_BattleTank/BattleTank/Content/Collections/' was aborted.
[2017.04.18-08.58.01:951][512]LogDirectoryWatcher: A directory notification for 'C:/Users/Sarah/Documents/Unreal Projects/04_BattleTank/BattleTank/Content/Developers/Sarah/Collections/' was aborted.
[2017.04.18-08.58.01:951][512]LogDirectoryWatcher: A directory notification for 'C:/Users/Sarah/Documents/Unreal Projects/04_BattleTank/BattleTank/Saved/Collections/' was aborted.
[2017.04.18-08.58.01:952][512]LogModuleManager: Shutting down and abandoning module StatsViewer (484)
[2017.04.18-08.58.01:952][512]LogModuleManager: Shutting down and abandoning module FoliageEdit (482)
[2017.04.18-08.58.01:952][512]LogModuleManager: Shutting down and abandoning module LandscapeEditor (480)
[2017.04.18-08.58.01:952][512]LogModuleManager: Shutting down and abandoning module SceneDepthPickerMode (478)
[2017.04.18-08.58.01:952][512]LogModuleManager: Shutting down and abandoning module ActorPickerMode (476)
[2017.04.18-08.58.01:952][512]LogModuleManager: Shutting down and abandoning module GeometryMode (474)
[2017.04.18-08.58.01:952][512]LogModuleManager: Shutting down and abandoning module TextureAlignMode (472)
[2017.04.18-08.58.01:952][512]LogModuleManager: Shutting down and abandoning module BspMode (470)
[2017.04.18-08.58.01:952][512]LogModuleManager: Shutting down and abandoning module HardwareSurvey (468)
[2017.04.18-08.58.01:952][512]LogModuleManager: Shutting down and abandoning module SequenceRecorderSections (466)
[2017.04.18-08.58.01:952][512]LogModuleManager: Shutting down and abandoning module AutomationWorker (464)
[2017.04.18-08.58.01:952][512]LogModuleManager: Shutting down and abandoning module MatineeToLevelSequence (462)
[2017.04.18-08.58.01:952][512]LogModuleManager: Shutting down and abandoning module LevelSequenceEditor (460)
[2017.04.18-08.58.01:952][512]LogModuleManager: Shutting down and abandoning module PlacementMode (459)
[2017.04.18-08.58.01:952][512]LogModuleManager: Shutting down and abandoning module WmfMediaFactory (456)
[2017.04.18-08.58.01:952][512]LogModuleManager: Shutting down and abandoning module WmfMediaEditor (454)
[2017.04.18-08.58.01:952][512]LogModuleManager: Shutting down and abandoning module MfMediaFactory (452)
[2017.04.18-08.58.01:952][512]LogModuleManager: Shutting down and abandoning module MfMediaEditor (450)
[2017.04.18-08.58.01:952][512]LogModuleManager: Shutting down and abandoning module AvfMediaFactory (448)
[2017.04.18-08.58.01:952][512]LogModuleManager: Shutting down and abandoning module AvfMediaEditor (446)
[2017.04.18-08.58.01:952][512]LogModuleManager: Shutting down and abandoning module AndroidMediaFactory (444)
[2017.04.18-08.58.01:952][512]LogModuleManager: Shutting down and abandoning module Media (443)
[2017.04.18-08.58.01:952][512]LogModuleManager: Shutting down and abandoning module AndroidMediaEditor (440)
[2017.04.18-08.58.01:952][512]LogModuleManager: Shutting down and abandoning module CharacterAI (438)
[2017.04.18-08.58.01:952][512]LogModuleManager: Shutting down and abandoning module AudioCapture (436)
[2017.04.18-08.58.01:952][512]LogModuleManager: Shutting down and abandoning module SequenceRecorder (435)
[2017.04.18-08.58.01:952][512]LogModuleManager: Shutting down and abandoning module SmartSnapping (432)
[2017.04.18-08.58.01:953][512]LogModuleManager: Shutting down and abandoning module SessionServices (430)
[2017.04.18-08.58.01:953][512]LogModuleManager: Shutting down and abandoning module ViewportSnapping (428)
[2017.04.18-08.58.01:953][512]LogModuleManager: Shutting down and abandoning module ViewportInteraction (426)
[2017.04.18-08.58.01:953][512]LogModuleManager: Shutting down and abandoning module LogVisualizer (424)
[2017.04.18-08.58.01:953][512]LogModuleManager: Shutting down and abandoning module IntroTutorials (422)
[2017.04.18-08.58.01:953][512]LogModuleManager: Shutting down and abandoning module GameProjectGeneration (421)
[2017.04.18-08.58.01:953][512]LogModuleManager: Shutting down and abandoning module EditorLiveStreaming (418)
[2017.04.18-08.58.01:953][512]LogModuleManager: Shutting down and abandoning module IOSPlatformEditor (416)
[2017.04.18-08.58.01:953][512]LogModuleManager: Shutting down and abandoning module HTML5PlatformEditor (414)
[2017.04.18-08.58.01:953][512]LogModuleManager: Shutting down and abandoning module AndroidPlatformEditor (412)
[2017.04.18-08.58.01:953][512]LogModuleManager: Shutting down and abandoning module AndroidDeviceDetection (411)
[2017.04.18-08.58.02:139][512]LogModuleManager: Shutting down and abandoning module IOSRuntimeSettings (408)
[2017.04.18-08.58.02:139][512]LogModuleManager: Shutting down and abandoning module AndroidRuntimeSettings (406)
[2017.04.18-08.58.02:140][512]LogModuleManager: Shutting down and abandoning module InputBindingEditor (404)
[2017.04.18-08.58.02:140][512]LogModuleManager: Shutting down and abandoning module NiagaraEditor (402)
[2017.04.18-08.58.02:140][512]LogModuleManager: Shutting down and abandoning module MergeActors (400)
[2017.04.18-08.58.02:140][512]LogModuleManager: Shutting down and abandoning module SizeMap (398)
[2017.04.18-08.58.02:140][512]LogModuleManager: Shutting down and abandoning module TreeMap (396)
[2017.04.18-08.58.02:140][512]LogModuleManager: Shutting down and abandoning module ReferenceViewer (394)
[2017.04.18-08.58.02:140][512]LogModuleManager: Shutting down and abandoning module LocalizationDashboard (392)
[2017.04.18-08.58.02:140][512]LogModuleManager: Shutting down and abandoning module LocalizationService (391)
[2017.04.18-08.58.02:140][512]LogModuleManager: Shutting down and abandoning module HardwareTargeting (388)
[2017.04.18-08.58.02:140][512]LogModuleManager: Shutting down and abandoning module DeviceProfileEditor (386)
[2017.04.18-08.58.02:140][512]LogModuleManager: Shutting down and abandoning module UndoHistory (384)
[2017.04.18-08.58.02:140][512]LogModuleManager: Shutting down and abandoning module UserFeedback (382)
[2017.04.18-08.58.02:140][512]LogModuleManager: Shutting down and abandoning module XmlParser (380)
[2017.04.18-08.58.02:140][512]LogModuleManager: Shutting down and abandoning module Blutility (378)
[2017.04.18-08.58.02:140][512]LogModuleManager: Shutting down and abandoning module ProjectSettingsViewer (376)
[2017.04.18-08.58.02:140][512]LogModuleManager: Shutting down and abandoning module ProjectTargetPlatformEditor (375)
[2017.04.18-08.58.02:140][512]LogModuleManager: Shutting down and abandoning module EditorSettingsViewer (372)
[2017.04.18-08.58.02:140][512]LogModuleManager: Shutting down and abandoning module SettingsEditor (370)
[2017.04.18-08.58.02:140][512]LogModuleManager: Shutting down and abandoning module ProjectLauncher (368)
[2017.04.18-08.58.02:140][512]LogModuleManager: Shutting down and abandoning module SessionFrontend (366)
[2017.04.18-08.58.02:140][512]LogModuleManager: Shutting down and abandoning module ProfilerClient (364)
[2017.04.18-08.58.02:140][512]LogModuleManager: Shutting down and abandoning module DeviceManager (362)
[2017.04.18-08.58.02:140][512]LogModuleManager: Shutting down and abandoning module TargetDeviceServices (361)
[2017.04.18-08.58.02:184][512]LogModuleManager: Shutting down and abandoning module AutomationController (358)
[2017.04.18-08.58.02:184][512]LogModuleManager: Shutting down and abandoning module AutomationWindow (356)
[2017.04.18-08.58.02:184][512]LogModuleManager: Shutting down and abandoning module Layers (354)
[2017.04.18-08.58.02:184][512]LogModuleManager: Shutting down and abandoning module ComponentVisualizers (352)
[2017.04.18-08.58.02:184][512]LogModuleManager: Shutting down and abandoning module DetailCustomizations (350)
[2017.04.18-08.58.02:184][512]LogModuleManager: Shutting down and abandoning module PackagesDialog (348)
[2017.04.18-08.58.02:184][512]LogModuleManager: Shutting down and abandoning module Persona (346)
[2017.04.18-08.58.02:184][512]LogModuleManager: Shutting down and abandoning module AnimGraph (345)
[2017.04.18-08.58.02:184][512]LogModuleManager: Shutting down and abandoning module Kismet (342)
[2017.04.18-08.58.02:193][512]LogModuleManager: Shutting down and abandoning module GraphEditor (340)
[2017.04.18-08.58.02:193][512]LogModuleManager: Shutting down and abandoning module ClassViewer (338)
[2017.04.18-08.58.02:193][512]LogModuleManager: Shutting down and abandoning module Toolbox (336)
[2017.04.18-08.58.02:193][512]LogModuleManager: Shutting down and abandoning module ModuleUI (334)
[2017.04.18-08.58.02:193][512]LogModuleManager: Shutting down and abandoning module MovieSceneTools (332)
[2017.04.18-08.58.02:193][512]LogModuleManager: Shutting down and abandoning module OutputLog (330)
[2017.04.18-08.58.02:193][512]LogModuleManager: Shutting down and abandoning module GammaUI (328)
[2017.04.18-08.58.02:193][512]LogModuleManager: Shutting down and abandoning module Documentation (326)
[2017.04.18-08.58.02:193][512]LogModuleManager: Shutting down and abandoning module Niagara (324)
[2017.04.18-08.58.02:193][512]LogModuleManager: Shutting down and abandoning module StreamingPauseRendering (322)
[2017.04.18-08.58.02:193][512]LogModuleManager: Shutting down and abandoning module AnalyticsET (320)
[2017.04.18-08.58.02:193][512]LogModuleManager: Shutting down and abandoning module PortalServices (318)
[2017.04.18-08.58.02:193][512]LogModuleManager: Shutting down and abandoning module PortalRpc (316)
[2017.04.18-08.58.02:193][512]LogModuleManager: Shutting down and abandoning module MessagingRpc (314)
[2017.04.18-08.58.02:193][512]LogModuleManager: Shutting down and abandoning module AIModule (312)
[2017.04.18-08.58.02:193][512]LogModuleManager: Shutting down and abandoning module GameplayDebugger (311)
[2017.04.18-08.58.02:193][512]LogModuleManager: Shutting down and abandoning module AITestSuite (309)
[2017.04.18-08.58.02:193][512]LogModuleManager: Shutting down and abandoning module ProfilerService (306)
[2017.04.18-08.58.02:222][512]LogModuleManager: Shutting down and abandoning module TaskGraph (304)
[2017.04.18-08.58.02:222][512]LogModuleManager: Shutting down and abandoning module SteamVRController (302)
[2017.04.18-08.58.02:222][512]LogModuleManager: Shutting down and abandoning module SteamVR (300)
[2017.04.18-08.58.02:222][512]LogModuleManager: Shutting down and abandoning module ProceduralMeshComponentEditor (298)
[2017.04.18-08.58.02:222][512]LogModuleManager: Shutting down and abandoning module ProceduralMeshComponent (296)
[2017.04.18-08.58.02:222][512]LogModuleManager: Shutting down and abandoning module OculusLibrary (294)
[2017.04.18-08.58.02:222][512]LogModuleManager: Shutting down and abandoning module OculusInput (292)
[2017.04.18-08.58.02:222][512]LogModuleManager: Shutting down and abandoning module MobilePatchingUtils (290)
[2017.04.18-08.58.02:222][512]LogModuleManager: Shutting down and abandoning module CustomMeshComponent (288)
[2017.04.18-08.58.02:222][512]LogModuleManager: Shutting down and abandoning module CableComponent (286)
[2017.04.18-08.58.02:223][512]LogModuleManager: Shutting down and abandoning module ArchVisCharacter (284)
[2017.04.18-08.58.02:223][512]LogModuleManager: Shutting down and abandoning module MediaPlayerEditor (280)
[2017.04.18-08.58.02:223][512]LogModuleManager: Shutting down and abandoning module HTML5Networking (278)
[2017.04.18-08.58.02:223][512]LogModuleManager: Shutting down and abandoning module AlembicImporter (276)
[2017.04.18-08.58.02:223][512]LogModuleManager: Shutting down and abandoning module AlembicLibrary (275)
[2017.04.18-08.58.02:223][512]LogModuleManager: Shutting down and abandoning module GeometryCache (274)
[2017.04.18-08.58.02:223][512]LogModuleManager: Shutting down and abandoning module GeometryCacheEd (273)
[2017.04.18-08.58.02:223][512]LogModuleManager: Shutting down and abandoning module SuperSearchEditor (268)
[2017.04.18-08.58.02:223][512]LogModuleManager: Shutting down and abandoning module SuperSearch (267)
[2017.04.18-08.58.02:223][512]LogModuleManager: Shutting down and abandoning module SpeedTreeImporter (264)
[2017.04.18-08.58.02:223][512]LogModuleManager: Shutting down and abandoning module PluginBrowser (262)
[2017.04.18-08.58.02:223][512]LogModuleManager: Shutting down and abandoning module MobileLauncherProfileWizard (260)
[2017.04.18-08.58.02:223][512]LogModuleManager: Shutting down and abandoning module EpicSurvey (258)
[2017.04.18-08.58.02:223][512]LogModuleManager: Shutting down and abandoning module VisualStudioSourceCodeAccess (256)
[2017.04.18-08.58.02:223][512]LogModuleManager: Shutting down and abandoning module DesktopPlatform (255)
[2017.04.18-08.58.02:223][512]LogModuleManager: Shutting down and abandoning module UObjectPlugin (252)
[2017.04.18-08.58.02:223][512]LogModuleManager: Shutting down and abandoning module SubversionSourceControl (250)
[2017.04.18-08.58.02:223][512]LogModuleManager: Shutting down and abandoning module PerforceSourceControl (248)
[2017.04.18-08.58.02:223][512]LogModuleManager: Shutting down and abandoning module GitSourceControl (246)
[2017.04.18-08.58.02:223][512]LogModuleManager: Shutting down and abandoning module SourceControl (245)
[2017.04.18-08.58.02:223][512]LogModuleManager: Shutting down and abandoning module LightPropagationVolumeEditor (242)
[2017.04.18-08.58.02:223][512]LogModuleManager: Shutting down and abandoning module PaperTiledImporter (240)
[2017.04.18-08.58.02:223][512]LogModuleManager: Shutting down and abandoning module PaperSpriteSheetImporter (238)
[2017.04.18-08.58.02:223][512]LogModuleManager: Shutting down and abandoning module Paper2DEditor (236)
[2017.04.18-08.58.02:223][512]LogModuleManager: Shutting down and abandoning module MeshPaint (235)
[2017.04.18-08.58.02:223][512]LogModuleManager: Shutting down and abandoning module LevelEditor (233)
[2017.04.18-08.58.02:224][512]LogModuleManager: Shutting down and abandoning module PixelInspectorModule (232)
[2017.04.18-08.58.02:224][512]LogModuleManager: Shutting down and abandoning module MainFrame (230)
[2017.04.18-08.58.02:224][512]LogModuleManager: Shutting down and abandoning module HotReload (229)
[2017.04.18-08.58.02:224][512]LogDirectoryWatcher: A directory notification for 'C:/Users/Sarah/Documents/Unreal Projects/04_BattleTank/BattleTank/Binaries/Win64' was aborted.
[2017.04.18-08.58.02:225][512]LogModuleManager: Shutting down and abandoning module ContentBrowser (225)
[2017.04.18-08.58.02:225][512]LogModuleManager: Shutting down and abandoning module BattleTank (222)
[2017.04.18-08.58.02:226][512]LogModuleManager: Shutting down and abandoning module PhysXVehiclesEditor (220)
[2017.04.18-08.58.02:226][512]LogModuleManager: Shutting down and abandoning module PhysXVehicles (218)
[2017.04.18-08.58.02:226][512]LogModuleManager: Shutting down and abandoning module LocationServicesBPLibrary (216)
[2017.04.18-08.58.02:226][512]LogModuleManager: Shutting down and abandoning module UdpMessaging (214)
[2017.04.18-08.58.02:326][512]LogModuleManager: Shutting down and abandoning module TcpMessaging (212)
[2017.04.18-08.58.02:426][512]LogModuleManager: Shutting down and abandoning module GameplayTagsEditor (210)
[2017.04.18-08.58.02:426][512]LogModuleManager: Shutting down and abandoning module FacialAnimationEditor (208)
[2017.04.18-08.58.02:426][512]LogModuleManager: Shutting down and abandoning module FacialAnimation (206)
[2017.04.18-08.58.02:426][512]LogModuleManager: Shutting down and abandoning module LightPropagationVolumeRuntime (204)
[2017.04.18-08.58.02:426][512]LogModuleManager: Shutting down and abandoning module Paper2D (202)
[2017.04.18-08.58.02:426][512]LogModuleManager: Shutting down and abandoning module WindowsMoviePlayer (200)
[2017.04.18-08.58.02:426][512]LogModuleManager: Shutting down and abandoning module WmfMedia (198)
[2017.04.18-08.58.02:426][512]LogModuleManager: Shutting down and abandoning module MfMedia (196)
[2017.04.18-08.58.02:426][512]LogModuleManager: Shutting down and abandoning module MediaAssets (194)
[2017.04.18-08.58.02:426][512]LogModuleManager: Shutting down and abandoning module GameLiveStreaming (192)
[2017.04.18-08.58.02:427][512]LogModuleManager: Shutting down and abandoning module VREditor (190)
[2017.04.18-08.58.02:427][512]LogModuleManager: Shutting down and abandoning module GameplayTasksEditor (188)
[2017.04.18-08.58.02:427][512]LogModuleManager: Shutting down and abandoning module BehaviorTreeEditor (186)
[2017.04.18-08.58.02:427][512]LogModuleManager: Shutting down and abandoning module FunctionalTesting (184)
[2017.04.18-08.58.02:427][512]LogModuleManager: Shutting down and abandoning module CollisionAnalyzer (182)
[2017.04.18-08.58.02:427][512]LogModuleManager: Shutting down and abandoning module UMG (180)
[2017.04.18-08.58.02:427][512]LogModuleManager: Shutting down and abandoning module UMGEditor (179)
[2017.04.18-08.58.02:427][512]LogModuleManager: Shutting down and abandoning module Sequencer (178)
[2017.04.18-08.58.02:427][512]LogModuleManager: Shutting down and abandoning module AssetTools (176)
[2017.04.18-08.58.02:427][512]LogModuleManager: Shutting down and abandoning module MessageLog (175)
[2017.04.18-08.58.02:427][512]LogModuleManager: Shutting down and abandoning module WorkspaceMenuStructure (174)
[2017.04.18-08.58.02:427][512]LogModuleManager: Shutting down and abandoning module SlateReflector (168)
[2017.04.18-08.58.02:427][512]LogModuleManager: Shutting down and abandoning module Slate (166)
[2017.04.18-08.58.02:427][512]LogModuleManager: Shutting down and abandoning module EditorStyle (164)
[2017.04.18-08.58.02:430][512]LogModuleManager: Shutting down and abandoning module SourceCodeAccess (162)
[2017.04.18-08.58.02:430][512]LogModuleManager: Shutting down and abandoning module HeadMountedDisplay (160)
[2017.04.18-08.58.02:430][512]LogModuleManager: Shutting down and abandoning module XAudio2 (158)
[2017.04.18-08.58.02:430][512]LogModuleManager: Shutting down and abandoning module Networking (156)
[2017.04.18-08.58.02:430][512]LogModuleManager: Shutting down and abandoning module Core (152)
[2017.04.18-08.58.02:430][512]LogModuleManager: Shutting down and abandoning module AssetRegistry (150)
[2017.04.18-08.58.02:494][512]LogDirectoryWatcher: A directory notification for '../../../Engine/Content/' was aborted.
[2017.04.18-08.58.02:494][512]LogDirectoryWatcher: A directory notification for '../../../../../../Users/Sarah/Documents/Unreal Projects/04_BattleTank/BattleTank/Content/' was aborted.
[2017.04.18-08.58.02:494][512]LogDirectoryWatcher: A directory notification for '../../../Engine/Plugins/2D/Paper2D/Content/' was aborted.
[2017.04.18-08.58.02:494][512]LogModuleManager: Shutting down and abandoning module DirectoryWatcher (149)
[2017.04.18-08.58.02:495][512]LogModuleManager: Shutting down and abandoning module KismetCompiler (146)
[2017.04.18-08.58.02:495][512]LogModuleManager: Shutting down and abandoning module PhysXFormats (144)
[2017.04.18-08.58.02:495][512]LogModuleManager: Shutting down and abandoning module MeshUtilities (142)
[2017.04.18-08.58.02:495][512]LogModuleManager: Shutting down and abandoning module SimplygonSwarm (141)
[2017.04.18-08.58.02:495][512]LogModuleManager: Shutting down and abandoning module SimplygonMeshReduction (139)
[2017.04.18-08.58.02:495][512]LogModuleManager: Shutting down and abandoning module QuadricMeshReduction (137)
[2017.04.18-08.58.02:495][512]LogModuleManager: Shutting down and abandoning module PropertyEditor (135)
[2017.04.18-08.58.02:495][512]LogModuleManager: Shutting down and abandoning module DerivedDataCache (132)
[2017.04.18-08.58.02:541][512]LogDerivedDataCache: Shutdown
[2017.04.18-08.58.02:541][512]LogModuleManager: Shutting down and abandoning module TargetPlatform (130)
[2017.04.18-08.58.02:541][512]LogModuleManager: Shutting down and abandoning module VulkanShaderFormat (129)
[2017.04.18-08.58.02:541][512]LogModuleManager: Shutting down and abandoning module ShaderFormatOpenGL (127)
[2017.04.18-08.58.02:541][512]LogModuleManager: Shutting down and abandoning module ShaderFormatD3D (125)
[2017.04.18-08.58.02:541][512]LogModuleManager: Shutting down and abandoning module MetalShaderFormat (123)
[2017.04.18-08.58.02:541][512]LogModuleManager: Shutting down and abandoning module TextureFormatUncompressed (121)
[2017.04.18-08.58.02:541][512]LogModuleManager: Shutting down and abandoning module TextureFormatPVR (119)
[2017.04.18-08.58.02:541][512]LogModuleManager: Shutting down and abandoning module TextureFormatDXT (117)
[2017.04.18-08.58.02:541][512]LogModuleManager: Shutting down and abandoning module TextureFormatIntelISPCTexComp (115)
[2017.04.18-08.58.02:541][512]LogModuleManager: Shutting down and abandoning module TextureFormatASTC (113)
[2017.04.18-08.58.02:541][512]LogModuleManager: Shutting down and abandoning module ImageWrapper (112)
[2017.04.18-08.58.02:541][512]LogModuleManager: Shutting down and abandoning module TextureFormatAndroid (109)
[2017.04.18-08.58.02:541][512]LogModuleManager: Shutting down and abandoning module AudioFormatOpus (107)
[2017.04.18-08.58.02:541][512]LogModuleManager: Shutting down and abandoning module AudioFormatOgg (105)
[2017.04.18-08.58.02:541][512]LogModuleManager: Shutting down and abandoning module AudioFormatADPCM (103)
[2017.04.18-08.58.02:541][512]LogModuleManager: Shutting down and abandoning module LinuxTargetPlatform (101)
[2017.04.18-08.58.02:541][512]LogModuleManager: Shutting down and abandoning module LinuxServerTargetPlatform (99)
[2017.04.18-08.58.02:541][512]LogModuleManager: Shutting down and abandoning module LinuxNoEditorTargetPlatform (97)
[2017.04.18-08.58.02:541][512]LogModuleManager: Shutting down and abandoning module LinuxClientTargetPlatform (95)
[2017.04.18-08.58.02:541][512]LogModuleManager: Shutting down and abandoning module TVOSTargetPlatform (93)
[2017.04.18-08.58.02:541][512]LogModuleManager: Shutting down and abandoning module Messaging (91)
[2017.04.18-08.58.02:541][512]LogModuleManager: Shutting down and abandoning module IOSTargetPlatform (89)
[2017.04.18-08.58.02:541][512]LogModuleManager: Shutting down and abandoning module HTML5TargetPlatform (87)
[2017.04.18-08.58.02:541][512]LogModuleManager: Shutting down and abandoning module Android_PVRTCTargetPlatform (85)
[2017.04.18-08.58.02:541][512]LogModuleManager: Shutting down and abandoning module Android_MultiTargetPlatform (83)
[2017.04.18-08.58.02:541][512]LogModuleManager: Shutting down and abandoning module Android_ETC2TargetPlatform (81)
[2017.04.18-08.58.02:542][512]LogModuleManager: Shutting down and abandoning module Android_ETC1TargetPlatform (79)
[2017.04.18-08.58.02:542][512]LogModuleManager: Shutting down and abandoning module Android_DXTTargetPlatform (77)
[2017.04.18-08.58.02:542][512]LogModuleManager: Shutting down and abandoning module Android_ATCTargetPlatform (75)
[2017.04.18-08.58.02:542][512]LogModuleManager: Shutting down and abandoning module Android_ASTCTargetPlatform (73)
[2017.04.18-08.58.02:542][512]LogModuleManager: Shutting down and abandoning module AndroidTargetPlatform (71)
[2017.04.18-08.58.02:542][512]LogModuleManager: Shutting down and abandoning module WindowsTargetPlatform (69)
[2017.04.18-08.58.02:542][512]LogModuleManager: Shutting down and abandoning module WindowsServerTargetPlatform (67)
[2017.04.18-08.58.02:542][512]LogModuleManager: Shutting down and abandoning module WindowsNoEditorTargetPlatform (65)
[2017.04.18-08.58.02:542][512]LogModuleManager: Shutting down and abandoning module WindowsClientTargetPlatform (63)
[2017.04.18-08.58.02:542][512]LogModuleManager: Shutting down and abandoning module MacTargetPlatform (61)
[2017.04.18-08.58.02:542][512]LogModuleManager: Shutting down and abandoning module MacServerTargetPlatform (59)
[2017.04.18-08.58.02:542][512]LogModuleManager: Shutting down and abandoning module MacNoEditorTargetPlatform (57)
[2017.04.18-08.58.02:542][512]LogModuleManager: Shutting down and abandoning module MacClientTargetPlatform (55)
[2017.04.18-08.58.02:542][512]LogModuleManager: Shutting down and abandoning module AllDesktopTargetPlatform (53)
[2017.04.18-08.58.02:542][512]LogModuleManager: Shutting down and abandoning module InputCore (50)
[2017.04.18-08.58.02:542][512]LogModuleManager: Shutting down and abandoning module Settings (48)
[2017.04.18-08.58.02:542][512]LogModuleManager: Shutting down and abandoning module OculusRift (46)
[2017.04.18-08.58.02:542][512]LogModuleManager: Shutting down and abandoning module ExampleDeviceProfileSelector (44)
[2017.04.18-08.58.02:542][512]LogModuleManager: Shutting down and abandoning module OnlineBlueprintSupport (42)
[2017.04.18-08.58.02:542][512]LogModuleManager: Shutting down and abandoning module OnlineSubsystem (38)
[2017.04.18-08.58.02:542][512]LogOnline:Display: Unloading online subsystem: NULL
[2017.04.18-08.58.02:542][512]LogModuleManager: Shutting down and abandoning module XMPP (37)
[2017.04.18-08.58.02:542][512]LogModuleManager: Shutting down and abandoning module HTTP (35)
[2017.04.18-08.58.02:542][512]LogHttp:Display: Http module shutting down, but needs to wait on 1 outstanding Http requests:
[2017.04.18-08.58.02:542][512]LogHttp:Display: 	verb=[POST] url=[https://datarouter.ol.epicgames.com/datarouter/api/v1/public/data?SessionID=%7B66ABC905-4005-3310-4101-B78E50A1F905%7D&AppID=UEEditor.Rocket.Release&AppVersion=4.15.0-3299760%2B%2B%2BUE4%2BRelease-4.15&UserID=7c76bde54574978307451eb1166a1f79%7C58448bdb2ce4468ba1b793c4adc2bec4%7C1fb00c8d-b537-477f-9d94-6fe8d09492ec&AppEnvironment=datacollector-binary&UploadType=eteventstream] status=Processing
[2017.04.18-08.58.02:562][512]LogModuleManager: Shutting down and abandoning module SSL (34)
[2017.04.18-08.58.02:563][512]LogModuleManager: Shutting down and abandoning module AudioEditor (30)
[2017.04.18-08.58.02:563][512]LogModuleManager: Shutting down and abandoning module TextureCompressor (28)
[2017.04.18-08.58.02:563][512]LogModuleManager: Shutting down and abandoning module ShaderCore (26)
[2017.04.18-08.58.02:563][512]LogModuleManager: Shutting down and abandoning module Landscape (24)
[2017.04.18-08.58.02:563][512]LogModuleManager: Shutting down and abandoning module SlateRHIRenderer (22)
[2017.04.18-08.58.02:565][512]LogModuleManager: Shutting down and abandoning module OpenGLDrv (20)
[2017.04.18-08.58.02:565][512]LogModuleManager: Shutting down and abandoning module D3D11RHI (18)
[2017.04.18-08.58.02:565][512]LogModuleManager: Shutting down and abandoning module AnimGraphRuntime (16)
[2017.04.18-08.58.02:565][512]LogModuleManager: Shutting down and abandoning module Renderer (14)
[2017.04.18-08.58.02:565][512]LogModuleManager: Shutting down and abandoning module Engine (12)
[2017.04.18-08.58.02:565][512]LogModuleManager: Shutting down and abandoning module CoreUObject (10)
[2017.04.18-08.58.02:565][512]LogModuleManager: Shutting down and abandoning module NetworkFile (8)
[2017.04.18-08.58.02:565][512]LogModuleManager: Shutting down and abandoning module StreamingFile (6)
[2017.04.18-08.58.02:565][512]LogModuleManager: Shutting down and abandoning module SandboxFile (4)
[2017.04.18-08.58.02:565][512]LogModuleManager: Shutting down and abandoning module PakFile (2)
[2017.04.18-08.58.02:567][512]LogExit: Exiting.
[2017.04.18-08.58.02:569][512]Log file closed, 04/18/17 09:58:02
