Log file open, 04/26/17 16:48:28
LogInit:Display: Running engine for game: BattleTank
LogPlatformFile: Not using cached read wrapper
LogInit:Display: RandInit(-1503343533) SRandInit(-1503343533).
LogTaskGraph: Started task graph with 5 named threads and 8 total threads with 1 sets of task threads.
LogStats: Stats thread started at 0.086367
LogInit: Using libcurl 7.47.1
LogInit:  - built for x86_64-pc-win32
LogInit:  - supports SSL with OpenSSL/1.0.2g
LogInit:  - supports HTTP deflate (compression) using libz 1.2.8
LogInit:  - other features:
LogInit:      CURL_VERSION_SSL
LogInit:      CURL_VERSION_LIBZ
LogInit:      CURL_VERSION_IPV6
LogInit:      CURL_VERSION_ASYNCHDNS
LogInit:      CURL_VERSION_LARGEFILE
LogInit:      CURL_VERSION_IDN
LogInit:  CurlRequestOptions (configurable via config and command line):
LogInit:  - bVerifyPeer = false  - Libcurl will NOT verify peer certificate
LogInit:  - bUseHttpProxy = false  - Libcurl will NOT use HTTP proxy
LogInit:  - bDontReuseConnections = false  - Libcurl will reuse connections
LogInit:  - CertBundlePath = nullptr  - Libcurl will use whatever was configured at build time.
LogInit: Build: ++UE4+Release-4.15-CL-3299760
LogInit: Engine Version: 4.15.0-3299760+++UE4+Release-4.15
LogInit: Compatible Engine Version: 4.15.0-3299760+++UE4+Release-4.15
LogInit: Net CL: 3299760
LogDevObjectVersion: Number of dev versions registered: 14
LogDevObjectVersion:   Dev-Blueprints (B0D832E4-1F89-4F0D-ACCF-7EB736FD4AA2): 8
LogDevObjectVersion:   Dev-Build (E1C64328-A22C-4D53-A36C-8E866417BD8C): 0
LogDevObjectVersion:   Dev-Core (375EC13C-06E4-48FB-B500-84F0262A717E): 2
LogDevObjectVersion:   Dev-Editor (E4B068ED-F494-42E9-A231-DA0B2E46BB41): 14
LogDevObjectVersion:   Dev-Framework (CFFC743F-43B0-4480-9391-14DF171D2073): 22
LogDevObjectVersion:   Dev-Mobile (B02B49B5-BB20-44E9-A304-32B752E40360): 0
LogDevObjectVersion:   Dev-Networking (A4E4105C-59A1-49B5-A7C5-40C4547EDFEE): 0
LogDevObjectVersion:   Dev-Online (39C831C9-5AE6-47DC-9A44-9C173E1C8E7C): 0
LogDevObjectVersion:   Dev-Physics (78F01B33-EBEA-4F98-B9B4-84EACCB95AA2): 0
LogDevObjectVersion:   Dev-Platform (6631380F-2D4D-43E0-8009-CF276956A95A): 0
LogDevObjectVersion:   Dev-Rendering (12F88B9F-8875-4AFC-A67C-D90C383ABD29): 12
LogDevObjectVersion:   Dev-Sequencer (7B5AE74C-D270-4C10-A958-57980B212A5A): 3
LogDevObjectVersion:   Dev-VR (D7296918-1DD6-4BDD-9DE2-64A83CC13884): 0
LogDevObjectVersion:   Dev-LoadTimes (C2A15278-BFE7-4AFE-6C17-90FF531DF755): 1
LogInit: Compiled (64-bit): Feb 14 2017 02:04:14
LogInit: Compiled with Visual C++: 19.00.23026.00
LogInit: Build Configuration: Development
LogInit: Branch Name: ++UE4+Release-4.15
LogInit: Command line: -EpicPortal 
LogInit: Base directory: C:/Program Files/Epic Games/UE_4.15/Engine/Binaries/Win64/
LogInit: Installed Engine Build: 1
LogInit: Presizing for max 8388607 objects, including 0 objects not considered by GC, pre-allocating 0 bytes for permanent pool.
LogInit: Object subsystem initialized
[2017.04.26-15.48.29:571][  0]LogInit: Selected Device Profile: [Windows]
[2017.04.26-15.48.29:571][  0]LogInit: Applying CVar settings loaded from the selected device profile: [Windows]
[2017.04.26-15.48.29:586][  0]LogInit: Computer: DESKTOP-0PEK566
[2017.04.26-15.48.29:586][  0]LogInit: User: Sarah
[2017.04.26-15.48.29:586][  0]LogInit: CPU Page size=65536, Cores=4
[2017.04.26-15.48.29:586][  0]LogInit: High frequency timer resolution =2.143576 MHz
[2017.04.26-15.48.29:587][  0]LogMemory: Memory total: Physical=7.9GB (8GB approx)
[2017.04.26-15.48.29:587][  0]LogMemory: Platform Memory Stats for Windows
[2017.04.26-15.48.29:587][  0]LogMemory: Process Physical Memory: 263.92 MB used, 263.92 MB peak
[2017.04.26-15.48.29:587][  0]LogMemory: Process Virtual Memory: 262.69 MB used, 262.69 MB peak
[2017.04.26-15.48.29:587][  0]LogMemory: Physical Memory: 4716.36 MB used,  3367.92 MB free, 8084.27 MB total
[2017.04.26-15.48.29:587][  0]LogMemory: Virtual Memory: 644.18 MB used,  3367.92 MB free, 134217728.00 MB total
[2017.04.26-15.48.29:690][  0]LogTextLocalizationManager: No specific translations for ('en-US') exist, so ('en') translations will be used.
[2017.04.26-15.48.30:430][  0]LogD3D11RHI: D3D11 adapters:
[2017.04.26-15.48.30:491][  0]LogD3D11RHI:    0. 'AMD Radeon HD 7600M Series' (Feature Level 11_0)
[2017.04.26-15.48.30:491][  0]LogD3D11RHI:       1004/0/3840 MB DedicatedVideo/DedicatedSystem/SharedSystem, Outputs:1, VendorId:0x1002
[2017.04.26-15.48.30:494][  0]LogD3D11RHI:    1. 'Intel(R) HD Graphics 4000' (Feature Level 11_0)
[2017.04.26-15.48.30:494][  0]LogD3D11RHI:       32/0/1760 MB DedicatedVideo/DedicatedSystem/SharedSystem, Outputs:0, VendorId:0x8086
[2017.04.26-15.48.30:496][  0]LogD3D11RHI:    2. 'Microsoft Basic Render Driver' (Feature Level 11_0)
[2017.04.26-15.48.30:496][  0]LogD3D11RHI:       0/0/4042 MB DedicatedVideo/DedicatedSystem/SharedSystem, Outputs:0, VendorId:0x1414
[2017.04.26-15.48.30:496][  0]LogD3D11RHI: Chosen D3D11 Adapter: 0
[2017.04.26-15.48.30:508][  0]LogD3D11RHI: Creating new Direct3DDevice
[2017.04.26-15.48.30:509][  0]LogD3D11RHI:     GPU DeviceId: 0x6840 (for the marketing name, search the web for "GPU Device Id")
[2017.04.26-15.48.30:509][  0]LogWindows: EnumDisplayDevices:
[2017.04.26-15.48.30:509][  0]LogWindows:    0. 'Intel(R) HD Graphics 4000' (P:1 D:1)
[2017.04.26-15.48.30:509][  0]LogWindows:    1. 'Intel(R) HD Graphics 4000' (P:0 D:0)
[2017.04.26-15.48.30:509][  0]LogWindows:    2. 'Intel(R) HD Graphics 4000' (P:0 D:0)
[2017.04.26-15.48.30:509][  0]LogWindows: DebugString: PrimaryIsNotTheChoosenAdapter PrimaryIsNotTheChoosenAdapter PrimaryIsNotTheChoosenAdapter FoundDriverCount:0 
[2017.04.26-15.48.30:509][  0]LogD3D11RHI:     Adapter Name: AMD Radeon HD 7600M Series
[2017.04.26-15.48.30:509][  0]LogD3D11RHI:   Driver Version: Unknown (internal:Unknown, unified:Unknown)
[2017.04.26-15.48.30:509][  0]LogD3D11RHI:      Driver Date: Unknown
[2017.04.26-15.48.30:509][  0]LogRHI: Texture pool is 702 MB (70% of 1004 MB)
[2017.04.26-15.48.30:517][  0]LogD3D11RHI: AMD Pre GCN architecture detected, some driver workarounds will be in place
[2017.04.26-15.48.30:524][  0]LogD3D11RHI: Async texture creation enabled
[2017.04.26-15.48.30:537][  0]LogD3D11RHI: GPU Timing Frequency: 27.000000 (Debug: 2 1)
[2017.04.26-15.48.30:538][  0]LogShaderCompilers: Guid format shader working directory is -35 characters bigger than the processId version (../../../../../../Users/Sarah/Documents/Unreal Projects/04_BattleTank/BattleTank/Intermediate/Shaders/WorkingDirectory/91600/).
[2017.04.26-15.48.30:538][  0]LogShaderCompilers: Cleaned the shader compiler working directory 'C:/Users/Sarah/AppData/Local/Temp/UnrealShaderWorkingDir/0B699AFD402FC5C0EFA38E9E09C69DC4/'.
[2017.04.26-15.48.30:538][  0]LogShaderCompilers:Display: Using Local Shader Compiler.
[2017.04.26-15.48.31:870][  0]LogTemp:Display: Loaded TP AllDesktopTargetPlatform
[2017.04.26-15.48.31:947][  0]LogTemp:Display: Loaded TP MacClientTargetPlatform
[2017.04.26-15.48.32:025][  0]LogTemp:Display: Loaded TP MacNoEditorTargetPlatform
[2017.04.26-15.48.32:101][  0]LogTemp:Display: Loaded TP MacServerTargetPlatform
[2017.04.26-15.48.32:176][  0]LogTemp:Display: Loaded TP MacTargetPlatform
[2017.04.26-15.48.32:255][  0]LogTemp:Display: Loaded TP WindowsClientTargetPlatform
[2017.04.26-15.48.32:354][  0]LogTemp:Display: Loaded TP WindowsNoEditorTargetPlatform
[2017.04.26-15.48.32:436][  0]LogTemp:Display: Loaded TP WindowsServerTargetPlatform
[2017.04.26-15.48.32:498][  0]LogTemp:Display: Loaded TP WindowsTargetPlatform
[2017.04.26-15.48.32:574][  0]LogTemp:Display: Loaded TP AndroidTargetPlatform
[2017.04.26-15.48.32:647][  0]LogTemp:Display: Loaded TP Android_ASTCTargetPlatform
[2017.04.26-15.48.32:720][  0]LogTemp:Display: Loaded TP Android_ATCTargetPlatform
[2017.04.26-15.48.32:793][  0]LogTemp:Display: Loaded TP Android_DXTTargetPlatform
[2017.04.26-15.48.32:866][  0]LogTemp:Display: Loaded TP Android_ETC1TargetPlatform
[2017.04.26-15.48.32:936][  0]LogTemp:Display: Loaded TP Android_ETC2TargetPlatform
[2017.04.26-15.48.33:079][  0]LogTemp:Display: Loaded TP Android_MultiTargetPlatform
[2017.04.26-15.48.33:079][  0]LogTemp:Display: Loaded TP Android_PVRTCTargetPlatform
[2017.04.26-15.48.33:131][  0]LogTemp:Display: Loaded TP HTML5TargetPlatform
[2017.04.26-15.48.33:257][  0]LogTemp:Display: Loaded TP IOSTargetPlatform
[2017.04.26-15.48.33:307][  0]LogTemp:Display: Loaded TP TVOSTargetPlatform
[2017.04.26-15.48.33:377][  0]LogTemp:Display: Loaded TP LinuxClientTargetPlatform
[2017.04.26-15.48.33:453][  0]LogTemp:Display: Loaded TP LinuxNoEditorTargetPlatform
[2017.04.26-15.48.33:545][  0]LogTemp:Display: Loaded TP LinuxServerTargetPlatform
[2017.04.26-15.48.33:626][  0]LogTemp:Display: Loaded TP LinuxTargetPlatform
[2017.04.26-15.48.33:626][  0]LogTargetPlatformManager:Display: Building Assets For Windows
[2017.04.26-15.48.34:285][  0]LogDerivedDataCache:Display: Max Cache Size: 512 MB
[2017.04.26-15.48.34:339][  0]LogDerivedDataCache: Loaded boot cache 0.05s 50MB C:/Users/Sarah/AppData/Local/UnrealEngine/4.15/DerivedDataCache/Boot.ddc.
[2017.04.26-15.48.34:339][  0]LogDerivedDataCache:Display: Loaded Boot cache: C:/Users/Sarah/AppData/Local/UnrealEngine/4.15/DerivedDataCache/Boot.ddc
[2017.04.26-15.48.34:339][  0]LogDerivedDataCache: FDerivedDataBackendGraph:  Pak pak cache file ../../../../../../Users/Sarah/Documents/Unreal Projects/04_BattleTank/BattleTank/DerivedDataCache/DDC.ddp not found, will not use a pak cache.
[2017.04.26-15.48.34:339][  0]LogDerivedDataCache: Unable to find inner node Pak for hierarchical cache Hierarchy.
[2017.04.26-15.48.34:339][  0]LogDerivedDataCache: FDerivedDataBackendGraph:  CompressedPak pak cache file ../../../../../../Users/Sarah/Documents/Unreal Projects/04_BattleTank/BattleTank/DerivedDataCache/Compressed.ddp not found, will not use a pak cache.
[2017.04.26-15.48.34:339][  0]LogDerivedDataCache: Unable to find inner node CompressedPak for hierarchical cache Hierarchy.
[2017.04.26-15.48.34:360][  0]LogDerivedDataCache:Display: Pak cache opened for reading ../../../Engine/DerivedDataCache/Compressed.ddp.
[2017.04.26-15.48.34:372][  0]LogDerivedDataCache: Using Local data cache path C:/Users/Sarah/AppData/Local/UnrealEngine/Common/DerivedDataCache: Writable
[2017.04.26-15.48.34:382][  0]LogSlate: Using Freetype 2.6.0
[2017.04.26-15.48.34:383][  0]LogSlate: SlateFontCache - WITH_FREETYPE: 1, WITH_HARFBUZZ: 1
[2017.04.26-15.48.34:383][  0]LogSlate: SlateFontCache - WITH_FREETYPE: 1, WITH_HARFBUZZ: 1
[2017.04.26-15.48.34:751][  0]LogInit: Selected Device Profile: [Windows]
[2017.04.26-15.48.34:756][  0]LogContentStreaming: Texture pool size is 0.00 MB
[2017.04.26-15.48.35:039][  0]LogMeshUtilities: Using QuadricMeshReduction for automatic static mesh reduction
[2017.04.26-15.48.35:099][  0]LogSimplygon: Simplygon DLL not present - disabling.
[2017.04.26-15.48.35:182][  0]LogMeshUtilities: Using SimplygonSwarm for distributed automatic mesh merging
[2017.04.26-15.48.35:182][  0]LogMeshUtilities: No automatic skeletal mesh reduction module available
[2017.04.26-15.48.35:182][  0]LogMeshUtilities: No automatic mesh merging module available
[2017.04.26-15.48.35:884][  0]LogNetVersion: GetLocalNetworkVersion: CL: 3299760, ProjectName: battletank, ProjectVersion: , EngineNetworkVersion: 2, GameNetworkVersion: 0, NetworkChecksum: 2512795372
[2017.04.26-15.48.35:940][  0]LogAssetRegistry: FAssetRegistry took 0.0218 seconds to start up
[2017.04.26-15.48.36:023][  0]LogPackageLocalizationCache: Processed 3 localized package path(s) for 2 prioritized culture(s) in 0.033513 seconds
[2017.04.26-15.48.36:031][  0]LogUObjectArray: 32475 objects as part of root set at end of initial load.
[2017.04.26-15.48.36:031][  0]LogUObjectAllocator: 7073360 out of 0 bytes used by permanent object pool.
[2017.04.26-15.48.36:031][  0]LogUObjectArray: CloseDisregardForGC: 0/0 objects in disregard for GC pool
[2017.04.26-15.48.36:123][  0]LogInit: WinSock: version 1.1 (2.2), MaxSocks=32767, MaxUdp=65467
[2017.04.26-15.48.38:340][  0]LogTcpMessaging: Initializing TcpMessaging bridge
[2017.04.26-15.48.38:409][  0]LogUdpMessaging: Initializing bridge on interface 0.0.0.0:0 to multicast group 230.0.0.1:6666.
[2017.04.26-15.48.39:189][  0]LogMaterial: Uniform references updated for custom material expression Custom.
[2017.04.26-15.48.39:770][  0]SourceControl: Info Source control is disabled
[2017.04.26-15.48.39:804][  0]SourceControl: Info Source control is disabled
[2017.04.26-15.48.39:886][  0]SourceControl: Info Source control is disabled
[2017.04.26-15.48.39:968][  0]SourceControl: Info Source control is disabled
[2017.04.26-15.48.42:036][  0]LogEngine: Initializing Engine...
[2017.04.26-15.48.42:037][  0]LogHMD: Failed to initialize OpenVR with code 110
[2017.04.26-15.48.42:341][  0]LogAIModule: Creating AISystem for world Untitled
[2017.04.26-15.48.42:350][  0]LogInit: XAudio2 using 'Speakers (2- High Definition Audio Device)' : 2 channels at 44.1 kHz using 16 bits per sample (channel mask 0x3)
[2017.04.26-15.48.42:371][  0]LogInit: FAudioDevice initialized.
[2017.04.26-15.48.42:399][  0]LogDerivedDataCache: Saved boot cache 0.03s 50MB C:/Users/Sarah/AppData/Local/UnrealEngine/4.15/DerivedDataCache/Boot.ddc.
[2017.04.26-15.48.42:409][  0]LogInit: Texture streaming: Enabled
[2017.04.26-15.48.42:594][  0]LogEngineSessionManager: EngineSessionManager initialized
[2017.04.26-15.48.42:728][  0]LogInit: Transaction tracking system initialized
[2017.04.26-15.48.43:226][  0]BlueprintLog: New page: Editor Load
[2017.04.26-15.48.44:543][  0]LocalizationService: Info Localization service is disabled
[2017.04.26-15.48.45:785][  0]LogConsoleResponse:Display: 
[2017.04.26-15.48.45:946][  0]LogCook:Display: Max memory allowance for cook 16384mb min free memory 0mb
[2017.04.26-15.48.45:946][  0]LogCook:Display: Mobile HDR setting 1
[2017.04.26-15.48.46:563][  0]LogFileCache: Scanning file cache for directory 'C:/Users/Sarah/Documents/Unreal Projects/04_BattleTank/BattleTank/Content/' took 0.02s
[2017.04.26-15.48.47:729][  0]SourceControl: Info Source control is disabled
[2017.04.26-15.48.47:730][  0]Cmd: MAP LOAD FILE="../../../../../../Users/Sarah/Documents/Unreal Projects/04_BattleTank/BattleTank/Content/Levels/BattleGround.umap" TEMPLATE=0 SHOWPROGRESS=1 FEATURELEVEL=3
[2017.04.26-15.48.47:730][  0]LightingResults: New page: Lighting Build
[2017.04.26-15.48.47:786][  0]MapCheck: New page: Map Check
[2017.04.26-15.48.47:786][  0]LightingResults: New page: Lighting Build
[2017.04.26-15.48.48:429][  0]LogAIModule: Creating AISystem for world BattleGround
[2017.04.26-15.48.48:761][  0]LogEditorServer: Finished looking for orphan Actors (0.000 secs)
[2017.04.26-15.48.48:763][  0]Cmd: MAP CHECKDEP NOCLEARLOG
[2017.04.26-15.48.48:816][  0]MapCheck: Info Map check complete: 0 Error(s), 0 Warning(s), took 53.214ms to complete.
[2017.04.26-15.48.48:816][  0]LogFileHelpers: Loading map 'BattleGround' took 1.086
[2017.04.26-15.48.49:068][  0]LogCollectionManager: Loaded 1 collections in 0.005784 seconds
[2017.04.26-15.48.49:166][  0]LogFileCache: Scanning file cache for directory 'C:/Users/Sarah/Documents/Unreal Projects/04_BattleTank/BattleTank/Saved/Collections/' took 0.01s
[2017.04.26-15.48.49:166][  0]LogFileCache: Scanning file cache for directory 'C:/Users/Sarah/Documents/Unreal Projects/04_BattleTank/BattleTank/Content/Developers/Sarah/Collections/' took 0.01s
[2017.04.26-15.48.49:166][  0]LogFileCache: Scanning file cache for directory 'C:/Users/Sarah/Documents/Unreal Projects/04_BattleTank/BattleTank/Content/Collections/' took 0.01s
[2017.04.26-15.48.49:166][  0]LogCollectionManager: Rebuilt the GUID cache for 1 collections in 0.000005 seconds
[2017.04.26-15.48.49:166][  0]LogCollectionManager: Rebuilt the hierarchy cache for 1 collections in 0.000000 seconds
[2017.04.26-15.48.49:181][  0]LogContentBrowser: Native class hierarchy populated in 0.0149 seconds. Added 2255 classes and 453 folders.
[2017.04.26-15.48.49:185][  0]LogStats: UGameplayTagsManager::ConstructGameplayTagTree: Construct from data asset -  0.000 s
[2017.04.26-15.48.49:185][  0]LogStats: UGameplayTagsManager::ConstructGameplayTagTree: GameplayTagTreeChangedEvent.Broadcast -  0.000 s
[2017.04.26-15.48.49:277][  0]LogContentBrowser: Native class hierarchy updated for 'WidgetCarousel' in 0.0040 seconds. Added 0 classes and 0 folders.
[2017.04.26-15.48.49:680][  0]LogContentBrowser: Native class hierarchy updated for 'AddContentDialog' in 0.0040 seconds. Added 0 classes and 0 folders.
[2017.04.26-15.48.49:763][  0]LogContentBrowser: Native class hierarchy updated for 'SceneOutliner' in 0.0057 seconds. Added 1 classes and 2 folders.
[2017.04.26-15.48.49:854][  0]LogCrashTracker: Crashtracker disabled due to settings.
[2017.04.26-15.48.49:862][  0]LogUObjectGlobals:Warning: Failed to find object 'Class None.'
[2017.04.26-15.48.49:950][  0]LogContentBrowser: Native class hierarchy updated for 'HierarchicalLODOutliner' in 0.0040 seconds. Added 1 classes and 2 folders.
[2017.04.26-15.48.49:951][  0]LogLoad: (Engine Initialization) Total time: 24.19 seconds
[2017.04.26-15.48.49:951][  0]LogLoad: (Engine Initialization) Total Blueprint compile time: 0.20 seconds
[2017.04.26-15.48.49:951][  0]LogExternalProfiler: No external profilers were discovered.  External profiling features will not be available.
[2017.04.26-15.48.50:290][  0]LogOcInput: OculusInput pre-init called
[2017.04.26-15.48.50:313][  0]LogContentStreaming: Texture pool size now 600 MB
[2017.04.26-15.48.50:314][  0]LogSlate: Took 0.000223 seconds to synchronously load lazily loaded font '../../../Engine/Content/Slate/Fonts/Roboto-Regular.ttf' (155K)
[2017.04.26-15.48.50:319][  0]LogSlate: Took 0.000278 seconds to synchronously load lazily loaded font '../../../Engine/Content/Slate/Fonts/Roboto-Bold.ttf' (160K)
[2017.04.26-15.48.50:335][  0]LogSlate: Took 0.009265 seconds to synchronously load lazily loaded font '../../../Engine/Content/Editor/Slate/Fonts/FontAwesome.ttf' (139K)
[2017.04.26-15.48.50:525][  0]LogSlate: Took 0.005842 seconds to synchronously load lazily loaded font '../../../Engine/Content/Slate/Fonts/Roboto-Light.ttf' (159K)
[2017.04.26-15.48.50:583][  0]LogRenderer: Reallocating scene render targets to support 1220x644 NumSamples 1 (Frame:2).
[2017.04.26-15.48.50:842][  1]LogAssetRegistry: Asset discovery search completed in 14.9244 seconds
[2017.04.26-15.48.50:842][  1]LogCollectionManager: Rebuilt the object cache for 1 collections in 0.000007 seconds (found 0 objects)
[2017.04.26-15.48.50:842][  1]LogCollectionManager: Fixed up redirectors for 1 collections in 0.000032 seconds (updated 0 objects)
[2017.04.26-15.48.51:494][  3]LogSlate: Took 0.000311 seconds to synchronously load lazily loaded font '../../../Engine/Content/Slate/Fonts/Roboto-Light.ttf' (159K)
[2017.04.26-15.48.54:504][ 70]LogSlate: Took 0.000184 seconds to synchronously load lazily loaded font '../../../Engine/Content/Slate/Fonts/Roboto-Light.ttf' (159K)
[2017.04.26-15.48.54:908][ 70]LogSavePackage: Save=329.46ms
[2017.04.26-15.48.54:908][ 70]LogSavePackage: Moving '../../../../../../Users/Sarah/Documents/Unreal Projects/04_BattleTank/BattleTank/Saved/BattleGroundB65051A642D6A378F77092A5FA29EAC2.tmp' to '../../../../../../Users/Sarah/Documents/Unreal Projects/04_BattleTank/BattleTank/Content/Levels/BattleGround.umap'
[2017.04.26-15.48.54:911][ 70]LogSavePackage:Display: Finished SavePackage ../../../../../../Users/Sarah/Documents/Unreal Projects/04_BattleTank/BattleTank/Content/Levels/BattleGround.umap
[2017.04.26-15.48.55:053][ 70]LogSavePackage: Save=57.54ms
[2017.04.26-15.48.55:053][ 70]LogSavePackage: Moving '../../../../../../Users/Sarah/Documents/Unreal Projects/04_BattleTank/BattleTank/Saved/BattleGround_BuiltData2E66BD1548C88A398CF650A67594AFB9.tmp' to '../../../../../../Users/Sarah/Documents/Unreal Projects/04_BattleTank/BattleTank/Content/Levels/BattleGround_BuiltData.uasset'
[2017.04.26-15.48.55:055][ 70]LogSavePackage:Display: Finished SavePackage ../../../../../../Users/Sarah/Documents/Unreal Projects/04_BattleTank/BattleTank/Content/Levels/BattleGround_BuiltData.uasset
[2017.04.26-15.48.58:799][144]LogSlate: Took 0.000180 seconds to synchronously load lazily loaded font '../../../Engine/Content/Slate/Fonts/Roboto-Regular.ttf' (155K)
[2017.04.26-15.48.58:944][144]LogContentBrowser: Native class hierarchy updated for 'BlueprintGraph' in 0.0042 seconds. Added 112 classes and 0 folders.
[2017.04.26-15.48.59:987][144]LogSlate: Took 0.004935 seconds to synchronously load lazily loaded font '../../../Engine/Content/Editor/Slate/Fonts/Roboto-BoldCondensed.ttf' (158K)
[2017.04.26-15.49.00:089][145]LogSlate: Took 0.006408 seconds to synchronously load lazily loaded font '../../../Engine/Content/Editor/Slate/Fonts/Roboto-Italic.ttf' (157K)
[2017.04.26-15.49.09:003][524]Recompiling BattleTank...
[2017.04.26-15.49.09:003][524]Launching UnrealBuildTool... [C:/Program Files/Epic Games/UE_4.15/Engine/Binaries/DotNET/UnrealBuildTool.exe BattleTank -ModuleWithSuffix BattleTank 884 Win64 Development -editorrecompile -canskiplink "C:/Users/Sarah/Documents/Unreal Projects/04_BattleTank/BattleTank/BattleTank.uproject" ]
[2017.04.26-15.49.09:005][524]Warning: Starting HotReload took  0.0s.
[2017.04.26-15.49.12:958][697]CompilerResultsLog: New page: Compilation - Apr 26, 2017, 5:49:12 PM
[2017.04.26-15.49.12:958][697]CompilerResultsLog: Info Compiling game modules for hot reload
[2017.04.26-15.49.12:958][697]CompilerResultsLog: Info Performing 3 actions (4 in parallel)
[2017.04.26-15.49.12:958][697]CompilerResultsLog: Info TankAimingComponent.cpp
[2017.04.26-15.49.12:958][697]CompilerResultsLog: Info [2/3] Link UE4Editor-BattleTank-884.dll
[2017.04.26-15.49.12:958][697]CompilerResultsLog: Info [3/3] Link UE4Editor-BattleTank-884.lib
[2017.04.26-15.49.12:958][697]CompilerResultsLog: Info    Creating library C:\Users\Sarah\Documents\Unreal Projects\04_BattleTank\BattleTank\Intermediate\Build\Win64\UE4Editor\Development\UE4Editor-BattleTank-884.lib and object C:\Users\Sarah\Documents\Unreal Projects\04_BattleTank\BattleTank\Intermediate\Build\Win64\UE4Editor\Development\UE4Editor-BattleTank-884.exp
[2017.04.26-15.49.12:958][697]CompilerResultsLog: Info    Creating library C:\Users\Sarah\Documents\Unreal Projects\04_BattleTank\BattleTank\Intermediate\Build\Win64\UE4Editor\Development\UE4Editor-BattleTank-884.suppressed.lib and object C:\Users\Sarah\Documents\Unreal Projects\04_BattleTank\BattleTank\Intermediate\Build\Win64\UE4Editor\Development\UE4Editor-BattleTank-884.suppressed.exp
[2017.04.26-15.49.12:958][697]CompilerResultsLog:Error: Error Tank.cpp.obj : error LNK2019: unresolved external symbol "public: void __cdecl UTankAimingComponent::SetBarrelReference(class UTankBarrel *)" (?SetBarrelReference@UTankAimingComponent@@QEAAXPEAVUTankBarrel@@@Z) referenced in function "public: void __cdecl ATank::SetBarrelReference(class UTankBarrel *)" (?SetBarrelReference@ATank@@QEAAXPEAVUTankBarrel@@@Z)
[2017.04.26-15.49.12:958][697]CompilerResultsLog:Error: Error Tank.cpp.obj : error LNK2019: unresolved external symbol "public: void __cdecl UTankAimingComponent::SetTurretReference(class UTankTurret *)" (?SetTurretReference@UTankAimingComponent@@QEAAXPEAVUTankTurret@@@Z) referenced in function "public: void __cdecl ATank::SetTurretReference(class UTankTurret *)" (?SetTurretReference@ATank@@QEAAXPEAVUTankTurret@@@Z)
[2017.04.26-15.49.12:958][697]CompilerResultsLog:Error: Error C:\Users\Sarah\Documents\Unreal Projects\04_BattleTank\BattleTank\Binaries\Win64\UE4Editor-BattleTank-884.dll : fatal error LNK1120: 2 unresolved externals
[2017.04.26-15.49.12:958][697]CompilerResultsLog: Info ERROR: UBT ERROR: Failed to produce item: C:\Users\Sarah\Documents\Unreal Projects\04_BattleTank\BattleTank\Binaries\Win64\UE4Editor-BattleTank-884.dll
[2017.04.26-15.49.12:958][697]CompilerResultsLog: Info Total build time: 3.55 seconds (Local executor: 0.00 seconds)
[2017.04.26-15.49.12:958][697]LogMainFrame: MainFrame: Module compiling took 3.962 seconds
[2017.04.26-15.49.12:958][697]Warning: HotReload failed, recompile failed
[2017.04.26-15.50.53:886][670]Recompiling BattleTank...
[2017.04.26-15.50.53:887][670]Launching UnrealBuildTool... [C:/Program Files/Epic Games/UE_4.15/Engine/Binaries/DotNET/UnrealBuildTool.exe BattleTank -ModuleWithSuffix BattleTank 690 Win64 Development -editorrecompile -canskiplink "C:/Users/Sarah/Documents/Unreal Projects/04_BattleTank/BattleTank/BattleTank.uproject" ]
[2017.04.26-15.50.53:892][670]Warning: Starting HotReload took  0.1s.
[2017.04.26-15.51.20:036][ 14]CompilerResultsLog: New page: Compilation - Apr 26, 2017, 5:51:20 PM
[2017.04.26-15.51.20:037][ 14]CompilerResultsLog: Info Compiling game modules for hot reload
[2017.04.26-15.51.20:037][ 14]CompilerResultsLog: Info Parsing headers for BattleTankEditor
[2017.04.26-15.51.20:037][ 14]CompilerResultsLog: Info   Running UnrealHeaderTool "C:\Users\Sarah\Documents\Unreal Projects\04_BattleTank\BattleTank\BattleTank.uproject" "C:\Users\Sarah\Documents\Unreal Projects\04_BattleTank\BattleTank\Intermediate\Build\Win64\BattleTankEditor\Development\BattleTankEditor.uhtmanifest" -LogCmds="loginit warning, logexit warning, logdatabase error" -Unattended -WarningsAsErrors -installed
[2017.04.26-15.51.20:037][ 14]CompilerResultsLog: Info Reflection code generated for BattleTankEditor in 15.9817076 seconds
[2017.04.26-15.51.20:037][ 14]CompilerResultsLog: Info Performing 5 actions (4 in parallel)
[2017.04.26-15.51.20:037][ 14]CompilerResultsLog: Info TankAimingComponent.cpp
[2017.04.26-15.51.20:037][ 14]CompilerResultsLog: Info BattleTank.generated.cpp
[2017.04.26-15.51.20:037][ 14]CompilerResultsLog: Info Tank.cpp
[2017.04.26-15.51.20:037][ 14]CompilerResultsLog:Error: Error C:\Users\Sarah\Documents\Unreal Projects\04_BattleTank\BattleTank\Source\BattleTank\Private\Tank.cpp(53) : error C2039: 'SetBarrelReference': is not a member of 'UTankAimingComponent'
[2017.04.26-15.51.20:037][ 14]CompilerResultsLog:Error: Error C:\Users\Sarah\Documents\Unreal Projects\04_BattleTank\BattleTank\Source\BattleTank\Public\Tank.h(11) : note: see declaration of 'UTankAimingComponent'
[2017.04.26-15.51.20:037][ 14]CompilerResultsLog:Error: Error C:\Users\Sarah\Documents\Unreal Projects\04_BattleTank\BattleTank\Source\BattleTank\Private\Tank.cpp(62) : error C2039: 'SetTurretReference': is not a member of 'UTankAimingComponent'
[2017.04.26-15.51.20:037][ 14]CompilerResultsLog:Error: Error C:\Users\Sarah\Documents\Unreal Projects\04_BattleTank\BattleTank\Source\BattleTank\Public\Tank.h(11) : note: see declaration of 'UTankAimingComponent'
[2017.04.26-15.51.20:037][ 14]CompilerResultsLog: Info ERROR: UBT ERROR: Failed to produce item: C:\Users\Sarah\Documents\Unreal Projects\04_BattleTank\BattleTank\Binaries\Win64\UE4Editor-BattleTank-690.dll
[2017.04.26-15.51.20:037][ 14]CompilerResultsLog: Info Total build time: 25.65 seconds (Local executor: 0.00 seconds)
[2017.04.26-15.51.20:037][ 14]LogMainFrame: MainFrame: Module compiling took 26.156 seconds
[2017.04.26-15.51.20:037][ 14]Warning: HotReload failed, recompile failed
[2017.04.26-15.53.19:165][475]Recompiling BattleTank...
[2017.04.26-15.53.19:165][475]Launching UnrealBuildTool... [C:/Program Files/Epic Games/UE_4.15/Engine/Binaries/DotNET/UnrealBuildTool.exe BattleTank -ModuleWithSuffix BattleTank 1548 Win64 Development -editorrecompile -canskiplink "C:/Users/Sarah/Documents/Unreal Projects/04_BattleTank/BattleTank/BattleTank.uproject" ]
[2017.04.26-15.53.19:168][475]Warning: Starting HotReload took  0.0s.
[2017.04.26-15.53.33:211][664]CompilerResultsLog: New page: Compilation - Apr 26, 2017, 5:53:33 PM
[2017.04.26-15.53.33:211][664]CompilerResultsLog: Info Compiling game modules for hot reload
[2017.04.26-15.53.33:211][664]CompilerResultsLog: Info Parsing headers for BattleTankEditor
[2017.04.26-15.53.33:211][664]CompilerResultsLog: Info   Running UnrealHeaderTool "C:\Users\Sarah\Documents\Unreal Projects\04_BattleTank\BattleTank\BattleTank.uproject" "C:\Users\Sarah\Documents\Unreal Projects\04_BattleTank\BattleTank\Intermediate\Build\Win64\BattleTankEditor\Development\BattleTankEditor.uhtmanifest" -LogCmds="loginit warning, logexit warning, logdatabase error" -Unattended -WarningsAsErrors -installed
[2017.04.26-15.53.33:211][664]CompilerResultsLog: Info Reflection code generated for BattleTankEditor in 7.6003192 seconds
[2017.04.26-15.53.33:211][664]CompilerResultsLog: Info Performing 6 actions (4 in parallel)
[2017.04.26-15.53.33:211][664]CompilerResultsLog: Info Tank.cpp
[2017.04.26-15.53.33:211][664]CompilerResultsLog: Info TankPlayerController.cpp
[2017.04.26-15.53.33:211][664]CompilerResultsLog: Info BattleTank.generated.cpp
[2017.04.26-15.53.33:211][664]CompilerResultsLog: Info TankAIController.cpp
[2017.04.26-15.53.33:211][664]CompilerResultsLog: Info [5/6] Link UE4Editor-BattleTank-1548.dll
[2017.04.26-15.53.33:212][664]CompilerResultsLog: Info [6/6] Link UE4Editor-BattleTank-1548.lib
[2017.04.26-15.53.33:212][664]CompilerResultsLog: Info    Creating library C:\Users\Sarah\Documents\Unreal Projects\04_BattleTank\BattleTank\Intermediate\Build\Win64\UE4Editor\Development\UE4Editor-BattleTank-1548.lib and object C:\Users\Sarah\Documents\Unreal Projects\04_BattleTank\BattleTank\Intermediate\Build\Win64\UE4Editor\Development\UE4Editor-BattleTank-1548.exp
[2017.04.26-15.53.33:212][664]CompilerResultsLog: Info    Creating library C:\Users\Sarah\Documents\Unreal Projects\04_BattleTank\BattleTank\Intermediate\Build\Win64\UE4Editor\Development\UE4Editor-BattleTank-1548.suppressed.lib and object C:\Users\Sarah\Documents\Unreal Projects\04_BattleTank\BattleTank\Intermediate\Build\Win64\UE4Editor\Development\UE4Editor-BattleTank-1548.suppressed.exp
[2017.04.26-15.53.33:212][664]CompilerResultsLog: Info Total build time: 13.59 seconds (Local executor: 4.78 seconds)
[2017.04.26-15.53.33:212][664]LogMainFrame: MainFrame: Module compiling took 14.053 seconds
[2017.04.26-15.53.33:572][664]LogClass: Could not find existing class Tank in package /Script/BattleTank for HotReload, assuming new class
[2017.04.26-15.53.33:572][664]LogClass: Function Fire is new.
[2017.04.26-15.53.33:579][664]LogClass: EFiringStatus HotReload.
[2017.04.26-15.53.33:589][664]LogHotReload: Re-instancing Tank after hot-reload.
[2017.04.26-15.53.34:351][664]LogContentBrowser: Native class hierarchy updated for 'BattleTank' in 0.0037 seconds. Added 11 classes and 3 folders.
[2017.04.26-15.53.34:353][664]Display: HotReload successful (6 functions remapped  0 scriptstructs remapped)
[2017.04.26-15.53.34:781][664]LogContentBrowser: Native class hierarchy populated in 0.0145 seconds. Added 2257 classes and 457 folders.
[2017.04.26-15.53.34:782][664]Display: HotReload took 15.6s.
[2017.04.26-15.53.43:184][780]Recompiling BattleTank...
[2017.04.26-15.53.43:184][780]Launching UnrealBuildTool... [C:/Program Files/Epic Games/UE_4.15/Engine/Binaries/DotNET/UnrealBuildTool.exe BattleTank -ModuleWithSuffix BattleTank 2641 Win64 Development -editorrecompile -canskiplink "C:/Users/Sarah/Documents/Unreal Projects/04_BattleTank/BattleTank/BattleTank.uproject" ]
[2017.04.26-15.53.43:186][780]Warning: Starting HotReload took  0.0s.
[2017.04.26-15.53.44:492][897]CompilerResultsLog: New page: Compilation - Apr 26, 2017, 5:53:44 PM
[2017.04.26-15.53.44:492][897]CompilerResultsLog: Info Compiling game modules for hot reload
[2017.04.26-15.53.44:492][897]CompilerResultsLog: Info Target is up to date
[2017.04.26-15.53.44:492][897]CompilerResultsLog: Info Total build time: 0.97 seconds (NoActionsToExecute executor: 0.00 seconds)
[2017.04.26-15.53.44:492][897]LogMainFrame: MainFrame: Module compiling took 1.314 seconds
[2017.04.26-15.53.44:909][897]LogContentBrowser: Native class hierarchy populated in 0.0143 seconds. Added 2257 classes and 457 folders.
[2017.04.26-15.53.44:909][897]Display: HotReload took  1.7s.
[2017.04.26-15.54.12:620][295]LogTemp: Repeting last play command: Selected Viewport
[2017.04.26-15.54.12:703][295]LogBlueprintUserMessages: Early PlayInEditor Detection: Level '/Game/Levels/BattleGround.BattleGround:PersistentLevel' has LevelScriptBlueprint '/Game/Levels/BattleGround.BattleGround:PersistentLevel.BattleGround' with GeneratedClass '/Game/Levels/BattleGround.BattleGround_C' with ClassGeneratedBy '/Game/Levels/BattleGround.BattleGround:PersistentLevel.BattleGround'
[2017.04.26-15.54.12:704][295]LogPlayLevel: PlayLevel: No blueprints needed recompiling
[2017.04.26-15.54.12:709][295]PIE: New page: PIE session: BattleGround (Apr 26, 2017, 5:54:12 PM)
[2017.04.26-15.54.12:710][295]LogPlayLevel: Creating play world package: /Game/Levels/UEDPIE_0_BattleGround
[2017.04.26-15.54.12:822][295]LogPlayLevel: PIE: StaticDuplicateObject took: (0.111909s)
[2017.04.26-15.54.12:823][295]LogAIModule: Creating AISystem for world BattleGround
[2017.04.26-15.54.12:824][295]LogPlayLevel: PIE: World Init took: (0.001637s)
[2017.04.26-15.54.12:825][295]LogPlayLevel: PIE: Created PIE world by copying editor world from /Game/Levels/BattleGround.BattleGround to /Game/Levels/UEDPIE_0_BattleGround.BattleGround (0.115210s)
[2017.04.26-15.54.12:992][295]LogInit: XAudio2 using 'Speakers (2- High Definition Audio Device)' : 2 channels at 44.1 kHz using 16 bits per sample (channel mask 0x3)
[2017.04.26-15.54.13:011][295]LogInit: FAudioDevice initialized.
[2017.04.26-15.54.13:097][295]LogLoad: Game class is 'BattleTankGameMode_BP_C'
[2017.04.26-15.54.13:126][295]LogWorld: Bringing World /Game/Levels/UEDPIE_0_BattleGround.BattleGround up for play (max tick rate 0) at 2017.04.26-16.54.13
[2017.04.26-15.54.13:140][295]LogWorld: Bringing up level for play took: 0.028157
[2017.04.26-15.54.13:438][295]LogContentBrowser: Native class hierarchy updated for 'MovieSceneCapture' in 0.0088 seconds. Added 11 classes and 0 folders.
[2017.04.26-15.54.13:463][295]LogScript:Warning: Attempted to access missing property. If this is a packaged/cooked build, are you attempting to use an editor-only property?
	TankPlayerController_BP_C /Game/Levels/UEDPIE_0_BattleGround.BattleGround:PersistentLevel.TankPlayerController_BP_C_0
	Function /Game/Tank/TankPlayerController_BP.TankPlayerController_BP_C:ExecuteUbergraph_TankPlayerController_BP:00BE
[2017.04.26-15.54.13:464][295]PIE:Error: Error Blueprint Runtime Error: Attempted to access missing property. If this is a packaged/cooked build, are you attempting to use an editor-only property? from function: 'ExecuteUbergraph_TankPlayerController_BP' from node: Set BP Aiming Comp. Reference in graph: EventGraph in object: TankPlayerController_BP with description: Attempted to access missing property. If this is a packaged/cooked build, are you attempting to use an editor-only property?
[2017.04.26-15.54.13:464][295]LogTemp:Warning: Tank_BP_C_0 has possessed by Player
[2017.04.26-15.54.13:467][295]PIE: Info Play in editor start time for /Game/Levels/UEDPIE_0_BattleGround 0.057
[2017.04.26-15.54.13:468][295]LogBlueprintUserMessages: Late PlayInEditor Detection: Level '/Game/Levels/BattleGround.BattleGround:PersistentLevel' has LevelScriptBlueprint '/Game/Levels/BattleGround.BattleGround:PersistentLevel.BattleGround' with GeneratedClass '/Game/Levels/BattleGround.BattleGround_C' with ClassGeneratedBy '/Game/Levels/BattleGround.BattleGround:PersistentLevel.BattleGround'
