Log file open, 04/28/17 16:56:55
LogInit:Display: Running engine for game: BattleTank
LogPlatformFile: Not using cached read wrapper
LogInit:Display: RandInit(664341921) SRandInit(664341921).
LogTaskGraph: Started task graph with 5 named threads and 8 total threads with 1 sets of task threads.
LogStats: Stats thread started at 0.104395
LogInit: Using libcurl 7.47.1
LogInit:  - built for x86_64-pc-win32
LogInit:  - supports SSL with OpenSSL/1.0.2g
LogInit:  - supports HTTP deflate (compression) using libz 1.2.8
LogInit:  - other features:
LogInit:      CURL_VERSION_SSL
LogInit:      CURL_VERSION_LIBZ
LogInit:      CURL_VERSION_IPV6
LogInit:      CURL_VERSION_ASYNCHDNS
LogInit:      CURL_VERSION_LARGEFILE
LogInit:      CURL_VERSION_IDN
LogInit:  CurlRequestOptions (configurable via config and command line):
LogInit:  - bVerifyPeer = false  - Libcurl will NOT verify peer certificate
LogInit:  - bUseHttpProxy = false  - Libcurl will NOT use HTTP proxy
LogInit:  - bDontReuseConnections = false  - Libcurl will reuse connections
LogInit:  - CertBundlePath = nullptr  - Libcurl will use whatever was configured at build time.
LogInit: Build: ++UE4+Release-4.15-CL-3299760
LogInit: Engine Version: 4.15.0-3299760+++UE4+Release-4.15
LogInit: Compatible Engine Version: 4.15.0-3299760+++UE4+Release-4.15
LogInit: Net CL: 3299760
LogDevObjectVersion: Number of dev versions registered: 14
LogDevObjectVersion:   Dev-Blueprints (B0D832E4-1F89-4F0D-ACCF-7EB736FD4AA2): 8
LogDevObjectVersion:   Dev-Build (E1C64328-A22C-4D53-A36C-8E866417BD8C): 0
LogDevObjectVersion:   Dev-Core (375EC13C-06E4-48FB-B500-84F0262A717E): 2
LogDevObjectVersion:   Dev-Editor (E4B068ED-F494-42E9-A231-DA0B2E46BB41): 14
LogDevObjectVersion:   Dev-Framework (CFFC743F-43B0-4480-9391-14DF171D2073): 22
LogDevObjectVersion:   Dev-Mobile (B02B49B5-BB20-44E9-A304-32B752E40360): 0
LogDevObjectVersion:   Dev-Networking (A4E4105C-59A1-49B5-A7C5-40C4547EDFEE): 0
LogDevObjectVersion:   Dev-Online (39C831C9-5AE6-47DC-9A44-9C173E1C8E7C): 0
LogDevObjectVersion:   Dev-Physics (78F01B33-EBEA-4F98-B9B4-84EACCB95AA2): 0
LogDevObjectVersion:   Dev-Platform (6631380F-2D4D-43E0-8009-CF276956A95A): 0
LogDevObjectVersion:   Dev-Rendering (12F88B9F-8875-4AFC-A67C-D90C383ABD29): 12
LogDevObjectVersion:   Dev-Sequencer (7B5AE74C-D270-4C10-A958-57980B212A5A): 3
LogDevObjectVersion:   Dev-VR (D7296918-1DD6-4BDD-9DE2-64A83CC13884): 0
LogDevObjectVersion:   Dev-LoadTimes (C2A15278-BFE7-4AFE-6C17-90FF531DF755): 1
LogInit: Compiled (64-bit): Feb 14 2017 02:04:14
LogInit: Compiled with Visual C++: 19.00.23026.00
LogInit: Build Configuration: Development
LogInit: Branch Name: ++UE4+Release-4.15
LogInit: Command line:  
LogInit: Base directory: C:/Program Files/Epic Games/UE_4.15/Engine/Binaries/Win64/
LogInit: Installed Engine Build: 1
LogInit: Presizing for max 8388607 objects, including 0 objects not considered by GC, pre-allocating 0 bytes for permanent pool.
LogInit: Object subsystem initialized
[2017.04.28-15.56.56:452][  0]LogInit: Selected Device Profile: [Windows]
[2017.04.28-15.56.56:452][  0]LogInit: Applying CVar settings loaded from the selected device profile: [Windows]
[2017.04.28-15.56.56:483][  0]LogInit: Computer: DESKTOP-0PEK566
[2017.04.28-15.56.56:483][  0]LogInit: User: Sarah
[2017.04.28-15.56.56:483][  0]LogInit: CPU Page size=65536, Cores=4
[2017.04.28-15.56.56:483][  0]LogInit: High frequency timer resolution =2.143576 MHz
[2017.04.28-15.56.56:484][  0]LogMemory: Memory total: Physical=7.9GB (8GB approx)
[2017.04.28-15.56.56:484][  0]LogMemory: Platform Memory Stats for Windows
[2017.04.28-15.56.56:484][  0]LogMemory: Process Physical Memory: 262.94 MB used, 262.94 MB peak
[2017.04.28-15.56.56:484][  0]LogMemory: Process Virtual Memory: 262.60 MB used, 262.60 MB peak
[2017.04.28-15.56.56:484][  0]LogMemory: Physical Memory: 3345.61 MB used,  4738.67 MB free, 8084.27 MB total
[2017.04.28-15.56.56:484][  0]LogMemory: Virtual Memory: 644.18 MB used,  4738.67 MB free, 134217728.00 MB total
[2017.04.28-15.56.56:924][  0]LogTextLocalizationManager: No specific translations for ('en-US') exist, so ('en') translations will be used.
[2017.04.28-15.56.59:969][  0]LogD3D11RHI: D3D11 adapters:
[2017.04.28-15.57.00:101][  0]LogD3D11RHI:    0. 'AMD Radeon HD 7600M Series' (Feature Level 11_0)
[2017.04.28-15.57.00:101][  0]LogD3D11RHI:       1004/0/3840 MB DedicatedVideo/DedicatedSystem/SharedSystem, Outputs:1, VendorId:0x1002
[2017.04.28-15.57.00:105][  0]LogD3D11RHI:    1. 'Intel(R) HD Graphics 4000' (Feature Level 11_0)
[2017.04.28-15.57.00:105][  0]LogD3D11RHI:       32/0/1760 MB DedicatedVideo/DedicatedSystem/SharedSystem, Outputs:0, VendorId:0x8086
[2017.04.28-15.57.00:106][  0]LogD3D11RHI:    2. 'Microsoft Basic Render Driver' (Feature Level 11_0)
[2017.04.28-15.57.00:106][  0]LogD3D11RHI:       0/0/4042 MB DedicatedVideo/DedicatedSystem/SharedSystem, Outputs:0, VendorId:0x1414
[2017.04.28-15.57.00:106][  0]LogD3D11RHI: Chosen D3D11 Adapter: 0
[2017.04.28-15.57.00:122][  0]LogD3D11RHI: Creating new Direct3DDevice
[2017.04.28-15.57.00:122][  0]LogD3D11RHI:     GPU DeviceId: 0x6840 (for the marketing name, search the web for "GPU Device Id")
[2017.04.28-15.57.00:122][  0]LogWindows: EnumDisplayDevices:
[2017.04.28-15.57.00:123][  0]LogWindows:    0. 'Intel(R) HD Graphics 4000' (P:1 D:1)
[2017.04.28-15.57.00:123][  0]LogWindows:    1. 'Intel(R) HD Graphics 4000' (P:0 D:0)
[2017.04.28-15.57.00:123][  0]LogWindows:    2. 'Intel(R) HD Graphics 4000' (P:0 D:0)
[2017.04.28-15.57.00:123][  0]LogWindows: DebugString: PrimaryIsNotTheChoosenAdapter PrimaryIsNotTheChoosenAdapter PrimaryIsNotTheChoosenAdapter FoundDriverCount:0 
[2017.04.28-15.57.00:123][  0]LogD3D11RHI:     Adapter Name: AMD Radeon HD 7600M Series
[2017.04.28-15.57.00:123][  0]LogD3D11RHI:   Driver Version: Unknown (internal:Unknown, unified:Unknown)
[2017.04.28-15.57.00:123][  0]LogD3D11RHI:      Driver Date: Unknown
[2017.04.28-15.57.00:123][  0]LogRHI: Texture pool is 702 MB (70% of 1004 MB)
[2017.04.28-15.57.00:201][  0]LogD3D11RHI: AMD Pre GCN architecture detected, some driver workarounds will be in place
[2017.04.28-15.57.00:287][  0]LogD3D11RHI: Async texture creation enabled
[2017.04.28-15.57.00:308][  0]LogD3D11RHI: GPU Timing Frequency: 27.000000 (Debug: 2 1)
[2017.04.28-15.57.00:310][  0]LogShaderCompilers: Guid format shader working directory is -36 characters bigger than the processId version (../../../../../../Users/Sarah/Documents/Unreal Projects/04_BattleTank/BattleTank/Intermediate/Shaders/WorkingDirectory/107900/).
[2017.04.28-15.57.00:310][  0]LogShaderCompilers: Cleaned the shader compiler working directory 'C:/Users/Sarah/AppData/Local/Temp/UnrealShaderWorkingDir/B2934C6643238F9C6E7DE6A5C083D1A2/'.
[2017.04.28-15.57.00:311][  0]LogShaderCompilers:Display: Using Local Shader Compiler.
[2017.04.28-15.57.03:064][  0]LogTemp:Display: Loaded TP AllDesktopTargetPlatform
[2017.04.28-15.57.03:141][  0]LogTemp:Display: Loaded TP MacClientTargetPlatform
[2017.04.28-15.57.03:217][  0]LogTemp:Display: Loaded TP MacNoEditorTargetPlatform
[2017.04.28-15.57.03:293][  0]LogTemp:Display: Loaded TP MacServerTargetPlatform
[2017.04.28-15.57.03:376][  0]LogTemp:Display: Loaded TP MacTargetPlatform
[2017.04.28-15.57.03:453][  0]LogTemp:Display: Loaded TP WindowsClientTargetPlatform
[2017.04.28-15.57.03:529][  0]LogTemp:Display: Loaded TP WindowsNoEditorTargetPlatform
[2017.04.28-15.57.03:608][  0]LogTemp:Display: Loaded TP WindowsServerTargetPlatform
[2017.04.28-15.57.03:674][  0]LogTemp:Display: Loaded TP WindowsTargetPlatform
[2017.04.28-15.57.03:757][  0]LogTemp:Display: Loaded TP AndroidTargetPlatform
[2017.04.28-15.57.03:837][  0]LogTemp:Display: Loaded TP Android_ASTCTargetPlatform
[2017.04.28-15.57.03:911][  0]LogTemp:Display: Loaded TP Android_ATCTargetPlatform
[2017.04.28-15.57.03:984][  0]LogTemp:Display: Loaded TP Android_DXTTargetPlatform
[2017.04.28-15.57.04:058][  0]LogTemp:Display: Loaded TP Android_ETC1TargetPlatform
[2017.04.28-15.57.04:132][  0]LogTemp:Display: Loaded TP Android_ETC2TargetPlatform
[2017.04.28-15.57.04:284][  0]LogTemp:Display: Loaded TP Android_MultiTargetPlatform
[2017.04.28-15.57.04:284][  0]LogTemp:Display: Loaded TP Android_PVRTCTargetPlatform
[2017.04.28-15.57.04:338][  0]LogTemp:Display: Loaded TP HTML5TargetPlatform
[2017.04.28-15.57.04:503][  0]LogTemp:Display: Loaded TP IOSTargetPlatform
[2017.04.28-15.57.04:552][  0]LogTemp:Display: Loaded TP TVOSTargetPlatform
[2017.04.28-15.57.04:635][  0]LogTemp:Display: Loaded TP LinuxClientTargetPlatform
[2017.04.28-15.57.04:713][  0]LogTemp:Display: Loaded TP LinuxNoEditorTargetPlatform
[2017.04.28-15.57.04:789][  0]LogTemp:Display: Loaded TP LinuxServerTargetPlatform
[2017.04.28-15.57.04:871][  0]LogTemp:Display: Loaded TP LinuxTargetPlatform
[2017.04.28-15.57.04:871][  0]LogTargetPlatformManager:Display: Building Assets For Windows
[2017.04.28-15.57.05:833][  0]LogDerivedDataCache:Display: Max Cache Size: 512 MB
[2017.04.28-15.57.06:233][  0]LogDerivedDataCache: Loaded boot cache 0.40s 50MB C:/Users/Sarah/AppData/Local/UnrealEngine/4.15/DerivedDataCache/Boot.ddc.
[2017.04.28-15.57.06:234][  0]LogDerivedDataCache:Display: Loaded Boot cache: C:/Users/Sarah/AppData/Local/UnrealEngine/4.15/DerivedDataCache/Boot.ddc
[2017.04.28-15.57.06:234][  0]LogDerivedDataCache: FDerivedDataBackendGraph:  Pak pak cache file ../../../../../../Users/Sarah/Documents/Unreal Projects/04_BattleTank/BattleTank/DerivedDataCache/DDC.ddp not found, will not use a pak cache.
[2017.04.28-15.57.06:234][  0]LogDerivedDataCache: Unable to find inner node Pak for hierarchical cache Hierarchy.
[2017.04.28-15.57.06:234][  0]LogDerivedDataCache: FDerivedDataBackendGraph:  CompressedPak pak cache file ../../../../../../Users/Sarah/Documents/Unreal Projects/04_BattleTank/BattleTank/DerivedDataCache/Compressed.ddp not found, will not use a pak cache.
[2017.04.28-15.57.06:234][  0]LogDerivedDataCache: Unable to find inner node CompressedPak for hierarchical cache Hierarchy.
[2017.04.28-15.57.06:269][  0]LogDerivedDataCache:Display: Pak cache opened for reading ../../../Engine/DerivedDataCache/Compressed.ddp.
[2017.04.28-15.57.06:281][  0]LogDerivedDataCache: Using Local data cache path C:/Users/Sarah/AppData/Local/UnrealEngine/Common/DerivedDataCache: Writable
[2017.04.28-15.57.06:293][  0]LogSlate: Using Freetype 2.6.0
[2017.04.28-15.57.06:310][  0]LogSlate: SlateFontCache - WITH_FREETYPE: 1, WITH_HARFBUZZ: 1
[2017.04.28-15.57.06:310][  0]LogSlate: SlateFontCache - WITH_FREETYPE: 1, WITH_HARFBUZZ: 1
[2017.04.28-15.57.09:604][  0]LogInit: Selected Device Profile: [Windows]
[2017.04.28-15.57.09:610][  0]LogContentStreaming: Texture pool size is 0.00 MB
[2017.04.28-15.57.09:941][  0]LogMeshUtilities: Using QuadricMeshReduction for automatic static mesh reduction
[2017.04.28-15.57.10:032][  0]LogSimplygon: Simplygon DLL not present - disabling.
[2017.04.28-15.57.10:103][  0]LogMeshUtilities: Using SimplygonSwarm for distributed automatic mesh merging
[2017.04.28-15.57.10:103][  0]LogMeshUtilities: No automatic skeletal mesh reduction module available
[2017.04.28-15.57.10:104][  0]LogMeshUtilities: No automatic mesh merging module available
[2017.04.28-15.57.11:647][  0]LogNetVersion: GetLocalNetworkVersion: CL: 3299760, ProjectName: battletank, ProjectVersion: , EngineNetworkVersion: 2, GameNetworkVersion: 0, NetworkChecksum: 2512795372
[2017.04.28-15.57.11:713][  0]LogAssetRegistry: FAssetRegistry took 0.0236 seconds to start up
[2017.04.28-15.57.11:776][  0]LogPackageLocalizationCache: Processed 3 localized package path(s) for 2 prioritized culture(s) in 0.031673 seconds
[2017.04.28-15.57.11:783][  0]LogUObjectArray: 32475 objects as part of root set at end of initial load.
[2017.04.28-15.57.11:783][  0]LogUObjectAllocator: 7073360 out of 0 bytes used by permanent object pool.
[2017.04.28-15.57.11:783][  0]LogUObjectArray: CloseDisregardForGC: 0/0 objects in disregard for GC pool
[2017.04.28-15.57.11:877][  0]LogInit: WinSock: version 1.1 (2.2), MaxSocks=32767, MaxUdp=65467
[2017.04.28-15.57.16:270][  0]LogTcpMessaging: Initializing TcpMessaging bridge
[2017.04.28-15.57.16:337][  0]LogUdpMessaging: Initializing bridge on interface 0.0.0.0:0 to multicast group 230.0.0.1:6666.
[2017.04.28-15.57.17:235][  0]LogMaterial: Uniform references updated for custom material expression Custom.
[2017.04.28-15.57.17:886][  0]SourceControl: Info Source control is disabled
[2017.04.28-15.57.17:924][  0]SourceControl: Info Source control is disabled
[2017.04.28-15.57.18:000][  0]SourceControl: Info Source control is disabled
[2017.04.28-15.57.18:072][  0]SourceControl: Info Source control is disabled
[2017.04.28-15.57.20:574][  0]LogEngine: Initializing Engine...
[2017.04.28-15.57.20:577][  0]LogHMD: Failed to initialize OpenVR with code 110
[2017.04.28-15.57.21:142][  0]LogAIModule: Creating AISystem for world Untitled
[2017.04.28-15.57.21:174][  0]LogInit: XAudio2 using 'Speakers (2- High Definition Audio Device)' : 2 channels at 44.1 kHz using 16 bits per sample (channel mask 0x3)
[2017.04.28-15.57.21:197][  0]LogInit: FAudioDevice initialized.
[2017.04.28-15.57.21:223][  0]LogDerivedDataCache: Saved boot cache 0.03s 50MB C:/Users/Sarah/AppData/Local/UnrealEngine/4.15/DerivedDataCache/Boot.ddc.
[2017.04.28-15.57.21:231][  0]LogInit: Texture streaming: Enabled
[2017.04.28-15.57.21:376][  0]LogEngineSessionManager: EngineSessionManager initialized
[2017.04.28-15.57.21:554][  0]LogInit: Transaction tracking system initialized
[2017.04.28-15.57.22:117][  0]BlueprintLog: New page: Editor Load
[2017.04.28-15.57.23:545][  0]LocalizationService: Info Localization service is disabled
[2017.04.28-15.57.24:828][  0]LogConsoleResponse:Display: 
[2017.04.28-15.57.25:239][  0]LogCook:Display: Max memory allowance for cook 16384mb min free memory 0mb
[2017.04.28-15.57.25:239][  0]LogFileCache: Scanning file cache for directory 'C:/Users/Sarah/Documents/Unreal Projects/04_BattleTank/BattleTank/Content/' took 0.01s
[2017.04.28-15.57.25:239][  0]LogCook:Display: Mobile HDR setting 1
[2017.04.28-15.57.27:055][  0]SourceControl: Info Source control is disabled
[2017.04.28-15.57.27:059][  0]Cmd: MAP LOAD FILE="../../../../../../Users/Sarah/Documents/Unreal Projects/04_BattleTank/BattleTank/Content/Levels/BattleGround.umap" TEMPLATE=0 SHOWPROGRESS=1 FEATURELEVEL=3
[2017.04.28-15.57.27:062][  0]LightingResults: New page: Lighting Build
[2017.04.28-15.57.27:152][  0]MapCheck: New page: Map Check
[2017.04.28-15.57.27:152][  0]LightingResults: New page: Lighting Build
[2017.04.28-15.57.28:025][  0]LogAIModule: Creating AISystem for world BattleGround
[2017.04.28-15.57.28:472][  0]LogEditorServer: Finished looking for orphan Actors (0.000 secs)
[2017.04.28-15.57.28:482][  0]Cmd: MAP CHECKDEP NOCLEARLOG
[2017.04.28-15.57.28:537][  0]MapCheck: Info Map check complete: 0 Error(s), 0 Warning(s), took 55.039ms to complete.
[2017.04.28-15.57.28:537][  0]LogFileHelpers: Loading map 'BattleGround' took 1.480
[2017.04.28-15.57.28:648][  0]LogWindowsTextInputMethodSystem:Display: IME system now deactivated.
[2017.04.28-15.57.28:901][  0]LogCollectionManager: Loaded 1 collections in 0.002572 seconds
[2017.04.28-15.57.29:019][  0]LogFileCache: Scanning file cache for directory 'C:/Users/Sarah/Documents/Unreal Projects/04_BattleTank/BattleTank/Saved/Collections/' took 0.01s
[2017.04.28-15.57.29:019][  0]LogFileCache: Scanning file cache for directory 'C:/Users/Sarah/Documents/Unreal Projects/04_BattleTank/BattleTank/Content/Developers/Sarah/Collections/' took 0.01s
[2017.04.28-15.57.29:019][  0]LogFileCache: Scanning file cache for directory 'C:/Users/Sarah/Documents/Unreal Projects/04_BattleTank/BattleTank/Content/Collections/' took 0.01s
[2017.04.28-15.57.29:019][  0]LogCollectionManager: Rebuilt the GUID cache for 1 collections in 0.000010 seconds
[2017.04.28-15.57.29:019][  0]LogCollectionManager: Rebuilt the hierarchy cache for 1 collections in 0.000000 seconds
[2017.04.28-15.57.29:038][  0]LogContentBrowser: Native class hierarchy populated in 0.0161 seconds. Added 2255 classes and 453 folders.
[2017.04.28-15.57.29:046][  0]LogStats: UGameplayTagsManager::ConstructGameplayTagTree: Construct from data asset -  0.000 s
[2017.04.28-15.57.29:046][  0]LogStats: UGameplayTagsManager::ConstructGameplayTagTree: GameplayTagTreeChangedEvent.Broadcast -  0.000 s
[2017.04.28-15.57.29:139][  0]LogContentBrowser: Native class hierarchy updated for 'WidgetCarousel' in 0.0038 seconds. Added 0 classes and 0 folders.
[2017.04.28-15.57.29:564][  0]LogContentBrowser: Native class hierarchy updated for 'AddContentDialog' in 0.0037 seconds. Added 0 classes and 0 folders.
[2017.04.28-15.57.29:639][  0]LogContentBrowser: Native class hierarchy updated for 'SceneOutliner' in 0.0038 seconds. Added 1 classes and 2 folders.
[2017.04.28-15.57.29:721][  0]LogCrashTracker: Crashtracker disabled due to settings.
[2017.04.28-15.57.29:744][  0]LogUObjectGlobals:Warning: Failed to find object 'Class None.'
[2017.04.28-15.57.29:844][  0]LogContentBrowser: Native class hierarchy updated for 'HierarchicalLODOutliner' in 0.0037 seconds. Added 1 classes and 2 folders.
[2017.04.28-15.57.29:844][  0]LogLoad: (Engine Initialization) Total time: 36.31 seconds
[2017.04.28-15.57.29:844][  0]LogLoad: (Engine Initialization) Total Blueprint compile time: 0.23 seconds
[2017.04.28-15.57.29:844][  0]LogExternalProfiler: No external profilers were discovered.  External profiling features will not be available.
[2017.04.28-15.57.29:856][  0]LogOcInput: OculusInput pre-init called
[2017.04.28-15.57.29:892][  0]LogContentStreaming: Texture pool size now 600 MB
[2017.04.28-15.57.29:911][  0]LogSlate: Took 0.005483 seconds to synchronously load lazily loaded font '../../../Engine/Content/Slate/Fonts/Roboto-Regular.ttf' (155K)
[2017.04.28-15.57.29:923][  0]LogSlate: Took 0.005944 seconds to synchronously load lazily loaded font '../../../Engine/Content/Slate/Fonts/Roboto-Bold.ttf' (160K)
[2017.04.28-15.57.29:939][  0]LogSlate: Took 0.006512 seconds to synchronously load lazily loaded font '../../../Engine/Content/Editor/Slate/Fonts/FontAwesome.ttf' (139K)
[2017.04.28-15.57.29:945][  0]LogSlate: Took 0.005546 seconds to synchronously load lazily loaded font '../../../Engine/Content/Editor/Slate/Fonts/DroidSansMono.ttf' (77K)
[2017.04.28-15.57.30:242][  1]LogAssetRegistry: Asset discovery search completed in 18.5506 seconds
[2017.04.28-15.57.30:242][  1]LogCollectionManager: Rebuilt the object cache for 1 collections in 0.000010 seconds (found 0 objects)
[2017.04.28-15.57.30:242][  1]LogCollectionManager: Fixed up redirectors for 1 collections in 0.000152 seconds (updated 0 objects)
[2017.04.28-15.57.30:280][  2]LogRenderer: Reallocating scene render targets to support 1068x628 NumSamples 1 (Frame:2).
[2017.04.28-15.57.34:329][107]LogSlate: Took 0.005919 seconds to synchronously load lazily loaded font '../../../Engine/Content/Slate/Fonts/Roboto-Light.ttf' (159K)
[2017.04.28-15.57.37:171][191]LogSlate: Took 0.000215 seconds to synchronously load lazily loaded font '../../../Engine/Content/Slate/Fonts/Roboto-Light.ttf' (159K)
[2017.04.28-15.57.37:742][191]LogSlate: Took 0.000167 seconds to synchronously load lazily loaded font '../../../Engine/Content/Slate/Fonts/Roboto-Regular.ttf' (155K)
[2017.04.28-15.57.37:893][191]LogContentBrowser: Native class hierarchy updated for 'BlueprintGraph' in 0.0042 seconds. Added 112 classes and 0 folders.
[2017.04.28-15.57.39:455][191]LogStats: FPlatformStackWalk::StackWalkAndDump -  0.474 s
[2017.04.28-15.57.39:455][191]LogOutputDevice:Error: === Handled ensure: ===
[2017.04.28-15.57.39:456][191]LogOutputDevice:Error: 
[2017.04.28-15.57.39:456][191]LogOutputDevice:Error: Ensure condition failed: GetPawn() [File:C:\Users\Sarah\Documents\Unreal Projects\04_BattleTank\BattleTank\Source\BattleTank\Private\TankPlayerController.cpp] [Line: 33]
[2017.04.28-15.57.39:456][191]LogOutputDevice:Error: 
[2017.04.28-15.57.39:456][191]LogOutputDevice:Error: Stack: 
[2017.04.28-15.57.39:456][191]LogOutputDevice:Error: UE4Editor-Core.dll!0x000000009F3595D6
[2017.04.28-15.57.39:456][191]LogOutputDevice:Error: UE4Editor-Core.dll!0x000000009F109B72
[2017.04.28-15.57.39:457][191]LogOutputDevice:Error: UE4Editor-Core.dll!0x000000009F11B656
[2017.04.28-15.57.39:457][191]LogOutputDevice:Error: UE4Editor-BattleTank-9470.dll!ATankPlayerController::AimTowardsCrosshair() [c:\users\sarah\documents\unreal projects\04_battletank\battletank\source\battletank\private\tankplayercontroller.cpp:33]
[2017.04.28-15.57.39:457][191]LogOutputDevice:Error: UE4Editor-Engine.dll!0x00000000993233CC
[2017.04.28-15.57.39:457][191]LogOutputDevice:Error: UE4Editor-Engine.dll!0x000000009869AA2E
[2017.04.28-15.57.39:457][191]LogOutputDevice:Error: UE4Editor-Engine.dll!0x000000009961F62D
[2017.04.28-15.57.39:458][191]LogOutputDevice:Error: UE4Editor-Engine.dll!0x00000000996252FD
[2017.04.28-15.57.39:458][191]LogOutputDevice:Error: UE4Editor-Core.dll!0x000000009EFDD83D
[2017.04.28-15.57.39:458][191]LogOutputDevice:Error: UE4Editor-Core.dll!0x000000009EFDDC5D
[2017.04.28-15.57.39:458][191]LogOutputDevice:Error: UE4Editor-Core.dll!0x000000009EFFCCDB
[2017.04.28-15.57.39:458][191]LogOutputDevice:Error: UE4Editor-Engine.dll!0x0000000099649051
[2017.04.28-15.57.39:458][191]LogOutputDevice:Error: UE4Editor-Engine.dll!0x00000000996598D2
[2017.04.28-15.57.39:458][191]LogOutputDevice:Error: UE4Editor-Engine.dll!0x0000000098F87B44
[2017.04.28-15.57.39:459][191]LogOutputDevice:Error: UE4Editor-Engine.dll!0x0000000098F8FC6B
[2017.04.28-15.57.39:459][191]LogOutputDevice:Error: UE4Editor-Kismet.dll!0x00000000977D53A9
[2017.04.28-15.57.39:459][191]LogOutputDevice:Error: UE4Editor-UnrealEd.dll!0x000000009D597095
[2017.04.28-15.57.39:459][191]LogOutputDevice:Error: UE4Editor-UnrealEd.dll!0x000000009DDA1AD6
[2017.04.28-15.57.39:459][191]LogOutputDevice:Error: UE4Editor.exe!0x00000000C875DEE3
[2017.04.28-15.57.39:459][191]LogOutputDevice:Error: UE4Editor.exe!0x00000000C874EB40
[2017.04.28-15.57.39:460][191]LogOutputDevice:Error: UE4Editor.exe!0x00000000C874EBBA
[2017.04.28-15.57.39:460][191]LogOutputDevice:Error: UE4Editor.exe!0x00000000C8760A29
[2017.04.28-15.57.39:460][191]LogOutputDevice:Error: UE4Editor.exe!0x00000000C87622B6
[2017.04.28-15.57.39:460][191]LogOutputDevice:Error: KERNEL32.DLL!0x00000000E12A8364
[2017.04.28-15.57.39:460][191]LogOutputDevice:Error: ntdll.dll!0x00000000E18470D1
[2017.04.28-15.57.39:460][191]LogOutputDevice:Error: 
[2017.04.28-15.57.39:467][191]LogStats:                SubmitErrorReport -  0.000 s
[2017.04.28-15.57.40:042][191]LogStats:                    SendNewReport -  0.575 s
[2017.04.28-15.57.40:042][191]LogStats:             FDebug::EnsureFailed -  1.061 s
[2017.04.28-15.57.40:114][191]LogSlate: Took 0.063034 seconds to synchronously load lazily loaded font '../../../Engine/Content/Editor/Slate/Fonts/Roboto-BoldCondensed.ttf' (158K)
[2017.04.28-15.57.40:251][192]LogSlate: Took 0.005509 seconds to synchronously load lazily loaded font '../../../Engine/Content/Editor/Slate/Fonts/Roboto-Italic.ttf' (157K)
[2017.04.28-15.58.24:004][693]BlueprintLog: New page: Compile Tank_BP
[2017.04.28-15.58.25:469][710]Cmd: OBJ SAVEPACKAGE PACKAGE="/Game/Tank/Tank_BP" FILE="../../../../../../Users/Sarah/Documents/Unreal Projects/04_BattleTank/BattleTank/Content/Tank/Tank_BP.uasset" SILENT=true
[2017.04.28-15.58.25:562][710]LogSavePackage: Save=64.20ms
[2017.04.28-15.58.25:563][710]LogSavePackage: Moving '../../../../../../Users/Sarah/Documents/Unreal Projects/04_BattleTank/BattleTank/Saved/Tank_BP148808BF419B80F14A84CF86079AD8A9.tmp' to '../../../../../../Users/Sarah/Documents/Unreal Projects/04_BattleTank/BattleTank/Content/Tank/Tank_BP.uasset'
[2017.04.28-15.58.25:572][710]LogSavePackage:Display: Finished SavePackage ../../../../../../Users/Sarah/Documents/Unreal Projects/04_BattleTank/BattleTank/Content/Tank/Tank_BP.uasset
[2017.04.28-15.58.27:999][786]LogVSAccessor:Warning: Couldn't access Visual Studio
[2017.04.28-15.58.28:008][786]Recompiling BattleTank...
[2017.04.28-15.58.28:009][786]Launching UnrealBuildTool... [C:/Program Files/Epic Games/UE_4.15/Engine/Binaries/DotNET/UnrealBuildTool.exe BattleTank -ModuleWithSuffix BattleTank 8876 Win64 Development -editorrecompile -canskiplink "C:/Users/Sarah/Documents/Unreal Projects/04_BattleTank/BattleTank/BattleTank.uproject" ]
[2017.04.28-15.58.28:011][786]Warning: Starting HotReload took  0.0s.
[2017.04.28-15.59.06:015][643]CompilerResultsLog: New page: Compilation - Apr 28, 2017, 5:59:06 PM
[2017.04.28-15.59.06:015][643]CompilerResultsLog: Info Creating makefile for hot reloading BattleTank (game project files are newer)
[2017.04.28-15.59.06:015][643]CompilerResultsLog: Info Compiling game modules for hot reload
[2017.04.28-15.59.06:015][643]CompilerResultsLog: Info Parsing headers for BattleTankEditor
[2017.04.28-15.59.06:015][643]CompilerResultsLog: Info   Running UnrealHeaderTool "C:\Users\Sarah\Documents\Unreal Projects\04_BattleTank\BattleTank\BattleTank.uproject" "C:\Users\Sarah\Documents\Unreal Projects\04_BattleTank\BattleTank\Intermediate\Build\Win64\BattleTankEditor\Development\BattleTankEditor.uhtmanifest" -LogCmds="loginit warning, logexit warning, logdatabase error" -Unattended -WarningsAsErrors -installed
[2017.04.28-15.59.06:016][643]CompilerResultsLog: Info Reflection code generated for BattleTankEditor in 7.7090282 seconds
[2017.04.28-15.59.06:016][643]CompilerResultsLog: Info Performing 1 actions (4 in parallel)
[2017.04.28-15.59.06:016][643]CompilerResultsLog: Info [1/1] Link UE4Editor-BattleTank-8876.dll
[2017.04.28-15.59.06:016][643]CompilerResultsLog: Info    Creating library C:\Users\Sarah\Documents\Unreal Projects\04_BattleTank\BattleTank\Intermediate\Build\Win64\UE4Editor\Development\UE4Editor-BattleTank-8876.suppressed.lib and object C:\Users\Sarah\Documents\Unreal Projects\04_BattleTank\BattleTank\Intermediate\Build\Win64\UE4Editor\Development\UE4Editor-BattleTank-8876.suppressed.exp
[2017.04.28-15.59.06:017][643]CompilerResultsLog:Error: Error Tank.cpp.obj : error LNK2019: unresolved external symbol "public: void __cdecl ATank::Fire(void)" (?Fire@ATank@@QEAAXXZ) referenced in function "public: void __cdecl ATank::execFire(struct FFrame &,void * const)" (?execFire@ATank@@QEAAXAEAUFFrame@@QEAX@Z)
[2017.04.28-15.59.06:018][643]CompilerResultsLog:Error: Error BattleTank.generated.cpp.obj : error LNK2001: unresolved external symbol "public: void __cdecl ATank::Fire(void)" (?Fire@ATank@@QEAAXXZ)
[2017.04.28-15.59.06:018][643]CompilerResultsLog:Error: Error C:\Users\Sarah\Documents\Unreal Projects\04_BattleTank\BattleTank\Binaries\Win64\UE4Editor-BattleTank-8876.dll : fatal error LNK1120: 1 unresolved externals
[2017.04.28-15.59.06:019][643]CompilerResultsLog: Info ERROR: UBT ERROR: Failed to produce item: C:\Users\Sarah\Documents\Unreal Projects\04_BattleTank\BattleTank\Binaries\Win64\UE4Editor-BattleTank-8876.dll
[2017.04.28-15.59.06:019][643]CompilerResultsLog: Info Total build time: 37.69 seconds (Local executor: 0.00 seconds)
[2017.04.28-15.59.06:020][643]LogMainFrame: MainFrame: Module compiling took 38.021 seconds
[2017.04.28-15.59.06:020][643]Warning: HotReload failed, recompile failed
[2017.04.28-16.00.58:438][162]Recompiling BattleTank...
[2017.04.28-16.00.58:438][162]Launching UnrealBuildTool... [C:/Program Files/Epic Games/UE_4.15/Engine/Binaries/DotNET/UnrealBuildTool.exe BattleTank -ModuleWithSuffix BattleTank 6061 Win64 Development -editorrecompile -canskiplink "C:/Users/Sarah/Documents/Unreal Projects/04_BattleTank/BattleTank/BattleTank.uproject" ]
[2017.04.28-16.00.58:440][162]Warning: Starting HotReload took  0.1s.
[2017.04.28-16.01.18:285][616]CompilerResultsLog: New page: Compilation - Apr 28, 2017, 6:01:18 PM
[2017.04.28-16.01.18:285][616]CompilerResultsLog: Info Compiling game modules for hot reload
[2017.04.28-16.01.18:285][616]CompilerResultsLog: Info Parsing headers for BattleTankEditor
[2017.04.28-16.01.18:286][616]CompilerResultsLog: Info   Running UnrealHeaderTool "C:\Users\Sarah\Documents\Unreal Projects\04_BattleTank\BattleTank\BattleTank.uproject" "C:\Users\Sarah\Documents\Unreal Projects\04_BattleTank\BattleTank\Intermediate\Build\Win64\BattleTankEditor\Development\BattleTankEditor.uhtmanifest" -LogCmds="loginit warning, logexit warning, logdatabase error" -Unattended -WarningsAsErrors -installed
[2017.04.28-16.01.18:286][616]CompilerResultsLog: Info Reflection code generated for BattleTankEditor in 9.2496683 seconds
[2017.04.28-16.01.18:286][616]CompilerResultsLog: Info Performing 4 actions (4 in parallel)
[2017.04.28-16.01.18:286][616]CompilerResultsLog: Info BattleTank.generated.cpp
[2017.04.28-16.01.18:286][616]CompilerResultsLog: Info Tank.cpp
[2017.04.28-16.01.18:286][616]CompilerResultsLog: Info [3/4] Link UE4Editor-BattleTank-6061.dll
[2017.04.28-16.01.18:287][616]CompilerResultsLog: Info [4/4] Link UE4Editor-BattleTank-6061.lib
[2017.04.28-16.01.18:287][616]CompilerResultsLog: Info    Creating library C:\Users\Sarah\Documents\Unreal Projects\04_BattleTank\BattleTank\Intermediate\Build\Win64\UE4Editor\Development\UE4Editor-BattleTank-6061.lib and object C:\Users\Sarah\Documents\Unreal Projects\04_BattleTank\BattleTank\Intermediate\Build\Win64\UE4Editor\Development\UE4Editor-BattleTank-6061.exp
[2017.04.28-16.01.18:287][616]CompilerResultsLog: Info    Creating library C:\Users\Sarah\Documents\Unreal Projects\04_BattleTank\BattleTank\Intermediate\Build\Win64\UE4Editor\Development\UE4Editor-BattleTank-6061.suppressed.lib and object C:\Users\Sarah\Documents\Unreal Projects\04_BattleTank\BattleTank\Intermediate\Build\Win64\UE4Editor\Development\UE4Editor-BattleTank-6061.suppressed.exp
[2017.04.28-16.01.18:287][616]CompilerResultsLog: Info Total build time: 19.36 seconds (Local executor: 8.88 seconds)
[2017.04.28-16.01.18:288][616]LogMainFrame: MainFrame: Module compiling took 19.856 seconds
[2017.04.28-16.01.18:387][616]LogClass: Could not find existing class Tank in package /Script/BattleTank for HotReload, assuming new class
[2017.04.28-16.01.18:393][616]LogClass: EFiringStatus HotReload.
[2017.04.28-16.01.18:401][616]LogHotReload: Re-instancing Tank after hot-reload.
[2017.04.28-16.01.18:427][616]LogBlueprint:Error: [Compiler Tank_BP] Error Could not find a function named "Fire" in 'Tank_BP_C'.
Make sure 'Tank_BP_C' has been compiled for  Fire
[2017.04.28-16.01.18:437][616]LogBlueprint:Warning: [Compiler Tank_BP] Warning [0264.90] Compile of Tank_BP failed. 1 Fatal Issue(s) 0 Warning(s) [in 22 ms] (/Game/Tank/Tank_BP.Tank_BP)
[2017.04.28-16.01.18:437][616]LogBlueprint:Warning: [Compiler Tank_BP] Warning [0264.90] Compile of Tank_BP failed. 1 Fatal Issue(s) 1 Warning(s) [in 0 ms] (/Game/Tank/Tank_BP.Tank_BP)
[2017.04.28-16.01.18:438][616]LogBlueprint:Warning: [Compiler Tank_BP] Warning [0264.90] Compile of Tank_BP failed. 1 Fatal Issue(s) 2 Warning(s) [in 0 ms] (/Game/Tank/Tank_BP.Tank_BP)
[2017.04.28-16.01.18:438][616]LogBlueprint:Warning: [Compiler Tank_BP] Warning [0264.90] Compile of Tank_BP failed. 1 Fatal Issue(s) 3 Warning(s) [in 0 ms] (/Game/Tank/Tank_BP.Tank_BP)
[2017.04.28-16.01.18:457][616]LogBlueprint:Warning: [Compiler Tank_BP] Warning [0264.92] Compile of Tank_BP failed. 1 Fatal Issue(s) 4 Warning(s) [in 18 ms] (/Game/Tank/Tank_BP.Tank_BP)
[2017.04.28-16.01.18:459][616]LogBlueprint:Warning: [Compiler Tank_BP] Warning [0264.92] Compile of Tank_BP failed. 1 Fatal Issue(s) 5 Warning(s) [in 1 ms] (/Game/Tank/Tank_BP.Tank_BP)
[2017.04.28-16.01.18:459][616]LogBlueprint:Warning: [Compiler Tank_BP] Warning [0264.92] Compile of Tank_BP failed. 1 Fatal Issue(s) 6 Warning(s) [in 0 ms] (/Game/Tank/Tank_BP.Tank_BP)
[2017.04.28-16.01.19:091][616]LogContentBrowser: Native class hierarchy updated for 'BattleTank' in 0.0038 seconds. Added 11 classes and 3 folders.
[2017.04.28-16.01.19:093][616]Display: HotReload successful (5 functions remapped  0 scriptstructs remapped)
[2017.04.28-16.01.19:566][616]LogContentBrowser: Native class hierarchy populated in 0.0156 seconds. Added 2257 classes and 457 folders.
[2017.04.28-16.01.19:567][616]Display: HotReload took 21.3s.
[2017.04.28-16.01.58:763][ 57]LogSlate:Warning: Prevented a slow task dialog from being summoned while a context menu was open
[2017.04.28-16.02.05:852][411]BlueprintLog: New page: Compile Tank_BP
[2017.04.28-16.02.05:877][411]LogBlueprint:Error: [Compiler Tank_BP] Error Could not find a function named "Fire" in 'Tank_BP_C'.
Make sure 'Tank_BP_C' has been compiled for  Fire
[2017.04.28-16.02.06:838][411]BlueprintEditorCompileResults:Error: Error Could not find a function named "Fire" in 'Tank_BP_C'.
Make sure 'Tank_BP_C' has been compiled for  Fire
[2017.04.28-16.02.06:839][411]LogBlueprint:Warning: [Compiler Tank_BP] Warning [0313.30] Compile of Tank_BP failed. 1 Fatal Issue(s) 0 Warning(s) [in 986 ms] (/Game/Tank/Tank_BP.Tank_BP)
[2017.04.28-16.02.21:628][809]LogSlate:Warning: Prevented a slow task dialog from being summoned while a context menu was open
[2017.04.28-16.02.24:075][906]BlueprintLog: New page: Compile Tank_BP
[2017.04.28-16.02.24:099][906]LogBlueprint:Error: [Compiler Tank_BP] Error Could not find a function named "Fire" in 'Tank_BP_C'.
Make sure 'Tank_BP_C' has been compiled for  Fire
[2017.04.28-16.02.24:911][906]BlueprintEditorCompileResults:Error: Error Could not find a function named "Fire" in 'Tank_BP_C'.
Make sure 'Tank_BP_C' has been compiled for  Fire
[2017.04.28-16.02.24:911][906]LogBlueprint:Warning: [Compiler Tank_BP] Warning [0331.37] Compile of Tank_BP failed. 1 Fatal Issue(s) 0 Warning(s) [in 836 ms] (/Game/Tank/Tank_BP.Tank_BP)
[2017.04.28-16.02.26:373][946]Cmd: OBJ SAVEPACKAGE PACKAGE="/Game/Tank/Tank_BP" FILE="../../../../../../Users/Sarah/Documents/Unreal Projects/04_BattleTank/BattleTank/Content/Tank/Tank_BP.uasset" SILENT=true
[2017.04.28-16.02.26:460][946]LogSavePackage: Save=56.95ms
[2017.04.28-16.02.26:461][946]LogSavePackage: Moving '../../../../../../Users/Sarah/Documents/Unreal Projects/04_BattleTank/BattleTank/Saved/Tank_BPCA89043C43B2FA1B940FF7BA14F14F36.tmp' to '../../../../../../Users/Sarah/Documents/Unreal Projects/04_BattleTank/BattleTank/Content/Tank/Tank_BP.uasset'
[2017.04.28-16.02.26:473][946]LogSavePackage:Display: Finished SavePackage ../../../../../../Users/Sarah/Documents/Unreal Projects/04_BattleTank/BattleTank/Content/Tank/Tank_BP.uasset
[2017.04.28-16.02.27:565][975]LogSlate:Warning: Prevented a slow task dialog from being summoned while a context menu was open
[2017.04.28-16.02.30:347][ 70]Cmd: OBJ SAVEPACKAGE PACKAGE="/Game/Tank/Tank_BP" FILE="../../../../../../Users/Sarah/Documents/Unreal Projects/04_BattleTank/BattleTank/Content/Tank/Tank_BP.uasset" SILENT=true
[2017.04.28-16.02.30:433][ 70]LogSavePackage: Save=59.47ms
[2017.04.28-16.02.30:433][ 70]LogSavePackage: Moving '../../../../../../Users/Sarah/Documents/Unreal Projects/04_BattleTank/BattleTank/Saved/Tank_BP8D4E8B4D4C38B78072719D953AE4528D.tmp' to '../../../../../../Users/Sarah/Documents/Unreal Projects/04_BattleTank/BattleTank/Content/Tank/Tank_BP.uasset'
[2017.04.28-16.02.30:438][ 70]LogSavePackage:Display: Finished SavePackage ../../../../../../Users/Sarah/Documents/Unreal Projects/04_BattleTank/BattleTank/Content/Tank/Tank_BP.uasset
[2017.04.28-16.02.43:710][442]Cmd: OBJ SAVEPACKAGE PACKAGE="/Game/Tank/Tank_BP" FILE="../../../../../../Users/Sarah/Documents/Unreal Projects/04_BattleTank/BattleTank/Content/Tank/Tank_BP.uasset" SILENT=true
[2017.04.28-16.02.43:796][442]LogSavePackage: Save=57.80ms
[2017.04.28-16.02.43:796][442]LogSavePackage: Moving '../../../../../../Users/Sarah/Documents/Unreal Projects/04_BattleTank/BattleTank/Saved/Tank_BPD995F07540F34261CA67E0A01798453D.tmp' to '../../../../../../Users/Sarah/Documents/Unreal Projects/04_BattleTank/BattleTank/Content/Tank/Tank_BP.uasset'
[2017.04.28-16.02.43:802][442]LogSavePackage:Display: Finished SavePackage ../../../../../../Users/Sarah/Documents/Unreal Projects/04_BattleTank/BattleTank/Content/Tank/Tank_BP.uasset
[2017.04.28-16.02.44:342][458]BlueprintLog: New page: Compile Tank_BP
[2017.04.28-16.02.48:754][567]Recompiling BattleTank...
[2017.04.28-16.02.48:754][567]Launching UnrealBuildTool... [C:/Program Files/Epic Games/UE_4.15/Engine/Binaries/DotNET/UnrealBuildTool.exe BattleTank -ModuleWithSuffix BattleTank 6128 Win64 Development -editorrecompile -canskiplink "C:/Users/Sarah/Documents/Unreal Projects/04_BattleTank/BattleTank/BattleTank.uproject" ]
[2017.04.28-16.02.48:756][567]Warning: Starting HotReload took  0.0s.
[2017.04.28-16.02.50:009][684]CompilerResultsLog: New page: Compilation - Apr 28, 2017, 6:02:50 PM
[2017.04.28-16.02.50:009][684]CompilerResultsLog: Info Compiling game modules for hot reload
[2017.04.28-16.02.50:009][684]CompilerResultsLog: Info Target is up to date
[2017.04.28-16.02.50:010][684]CompilerResultsLog: Info Total build time: 0.91 seconds (NoActionsToExecute executor: 0.00 seconds)
[2017.04.28-16.02.50:010][684]LogMainFrame: MainFrame: Module compiling took 1.262 seconds
[2017.04.28-16.02.50:435][684]LogContentBrowser: Native class hierarchy populated in 0.0149 seconds. Added 2257 classes and 457 folders.
[2017.04.28-16.02.50:435][684]Display: HotReload took  1.7s.
[2017.04.28-16.03.19:255][883]LogTemp: Repeting last play command: Selected Viewport
[2017.04.28-16.03.19:300][883]LogBlueprintUserMessages: Early PlayInEditor Detection: Level '/Game/Levels/BattleGround.BattleGround:PersistentLevel' has LevelScriptBlueprint '/Game/Levels/BattleGround.BattleGround:PersistentLevel.BattleGround' with GeneratedClass '/Game/Levels/BattleGround.BattleGround_C' with ClassGeneratedBy '/Game/Levels/BattleGround.BattleGround:PersistentLevel.BattleGround'
[2017.04.28-16.03.19:301][883]LogPlayLevel: PlayLevel: No blueprints needed recompiling
[2017.04.28-16.03.19:305][883]PIE: New page: PIE session: BattleGround (Apr 28, 2017, 6:03:19 PM)
[2017.04.28-16.03.19:306][883]LogPlayLevel: Creating play world package: /Game/Levels/UEDPIE_0_BattleGround
[2017.04.28-16.03.19:367][883]LogPlayLevel: PIE: StaticDuplicateObject took: (0.060720s)
[2017.04.28-16.03.19:368][883]LogAIModule: Creating AISystem for world BattleGround
[2017.04.28-16.03.19:368][883]LogPlayLevel: PIE: World Init took: (0.001124s)
[2017.04.28-16.03.19:369][883]LogPlayLevel: PIE: Created PIE world by copying editor world from /Game/Levels/BattleGround.BattleGround to /Game/Levels/UEDPIE_0_BattleGround.BattleGround (0.063394s)
[2017.04.28-16.03.19:439][883]LogInit: XAudio2 using 'Speakers (2- High Definition Audio Device)' : 2 channels at 44.1 kHz using 16 bits per sample (channel mask 0x3)
[2017.04.28-16.03.19:448][883]LogInit: FAudioDevice initialized.
[2017.04.28-16.03.19:512][883]LogLoad: Game class is 'BattleTankGameMode_BP_C'
[2017.04.28-16.03.19:530][883]LogWorld: Bringing World /Game/Levels/UEDPIE_0_BattleGround.BattleGround up for play (max tick rate 0) at 2017.04.28-17.03.19
[2017.04.28-16.03.19:537][883]LogWorld: Bringing up level for play took: 0.014549
[2017.04.28-16.03.19:622][883]LogContentBrowser: Native class hierarchy updated for 'MovieSceneCapture' in 0.0037 seconds. Added 11 classes and 0 folders.
[2017.04.28-16.03.19:641][883]PIE: Info Play in editor start time for /Game/Levels/UEDPIE_0_BattleGround 1.233
[2017.04.28-16.03.19:642][883]LogBlueprintUserMessages: Late PlayInEditor Detection: Level '/Game/Levels/BattleGround.BattleGround:PersistentLevel' has LevelScriptBlueprint '/Game/Levels/BattleGround.BattleGround:PersistentLevel.BattleGround' with GeneratedClass '/Game/Levels/BattleGround.BattleGround_C' with ClassGeneratedBy '/Game/Levels/BattleGround.BattleGround:PersistentLevel.BattleGround'
