Log file open, 05/02/17 23:23:21
LogInit:Display: Running engine for game: BattleTank
LogPlatformFile: Not using cached read wrapper
LogInit:Display: RandInit(1280227277) SRandInit(1280227277).
LogTaskGraph: Started task graph with 5 named threads and 8 total threads with 1 sets of task threads.
LogStats: Stats thread started at 0.067928
LogInit: Using libcurl 7.47.1
LogInit:  - built for x86_64-pc-win32
LogInit:  - supports SSL with OpenSSL/1.0.2g
LogInit:  - supports HTTP deflate (compression) using libz 1.2.8
LogInit:  - other features:
LogInit:      CURL_VERSION_SSL
LogInit:      CURL_VERSION_LIBZ
LogInit:      CURL_VERSION_IPV6
LogInit:      CURL_VERSION_ASYNCHDNS
LogInit:      CURL_VERSION_LARGEFILE
LogInit:      CURL_VERSION_IDN
LogInit:  CurlRequestOptions (configurable via config and command line):
LogInit:  - bVerifyPeer = false  - Libcurl will NOT verify peer certificate
LogInit:  - bUseHttpProxy = false  - Libcurl will NOT use HTTP proxy
LogInit:  - bDontReuseConnections = false  - Libcurl will reuse connections
LogInit:  - CertBundlePath = nullptr  - Libcurl will use whatever was configured at build time.
LogInit: Build: ++UE4+Release-4.15-CL-3348071
LogInit: Engine Version: 4.15.1-3348071+++UE4+Release-4.15
LogInit: Compatible Engine Version: 4.15.0-3299760+++UE4+Release-4.15
LogInit: Net CL: 3299760
LogDevObjectVersion: Number of dev versions registered: 14
LogDevObjectVersion:   Dev-Blueprints (B0D832E4-1F89-4F0D-ACCF-7EB736FD4AA2): 8
LogDevObjectVersion:   Dev-Build (E1C64328-A22C-4D53-A36C-8E866417BD8C): 0
LogDevObjectVersion:   Dev-Core (375EC13C-06E4-48FB-B500-84F0262A717E): 2
LogDevObjectVersion:   Dev-Editor (E4B068ED-F494-42E9-A231-DA0B2E46BB41): 14
LogDevObjectVersion:   Dev-Framework (CFFC743F-43B0-4480-9391-14DF171D2073): 22
LogDevObjectVersion:   Dev-Mobile (B02B49B5-BB20-44E9-A304-32B752E40360): 0
LogDevObjectVersion:   Dev-Networking (A4E4105C-59A1-49B5-A7C5-40C4547EDFEE): 0
LogDevObjectVersion:   Dev-Online (39C831C9-5AE6-47DC-9A44-9C173E1C8E7C): 0
LogDevObjectVersion:   Dev-Physics (78F01B33-EBEA-4F98-B9B4-84EACCB95AA2): 0
LogDevObjectVersion:   Dev-Platform (6631380F-2D4D-43E0-8009-CF276956A95A): 0
LogDevObjectVersion:   Dev-Rendering (12F88B9F-8875-4AFC-A67C-D90C383ABD29): 12
LogDevObjectVersion:   Dev-Sequencer (7B5AE74C-D270-4C10-A958-57980B212A5A): 3
LogDevObjectVersion:   Dev-VR (D7296918-1DD6-4BDD-9DE2-64A83CC13884): 0
LogDevObjectVersion:   Dev-LoadTimes (C2A15278-BFE7-4AFE-6C17-90FF531DF755): 1
LogInit: Compiled (64-bit): Mar 15 2017 16:52:47
LogInit: Compiled with Visual C++: 19.00.23026.00
LogInit: Build Configuration: Development
LogInit: Branch Name: ++UE4+Release-4.15
LogInit: Command line: -EpicPortal 
LogInit: Base directory: C:/Program Files/Epic Games/UE_4.15/Engine/Binaries/Win64/
LogInit: Installed Engine Build: 1
LogInit: Presizing for max 8388607 objects, including 0 objects not considered by GC, pre-allocating 0 bytes for permanent pool.
LogInit: Object subsystem initialized
[2017.05.02-22.23.22:482][  0]LogInit: Selected Device Profile: [Windows]
[2017.05.02-22.23.22:482][  0]LogInit: Applying CVar settings loaded from the selected device profile: [Windows]
[2017.05.02-22.23.22:491][  0]LogInit: Computer: DESKTOP-7RIOMGQ
[2017.05.02-22.23.22:491][  0]LogInit: User: Ed
[2017.05.02-22.23.22:491][  0]LogInit: CPU Page size=65536, Cores=4
[2017.05.02-22.23.22:491][  0]LogInit: High frequency timer resolution =3.421878 MHz
[2017.05.02-22.23.22:491][  0]LogMemory: Memory total: Physical=16.0GB (16GB approx)
[2017.05.02-22.23.22:491][  0]LogMemory: Platform Memory Stats for Windows
[2017.05.02-22.23.22:491][  0]LogMemory: Process Physical Memory: 264.36 MB used, 264.36 MB peak
[2017.05.02-22.23.22:491][  0]LogMemory: Process Virtual Memory: 262.45 MB used, 262.45 MB peak
[2017.05.02-22.23.22:491][  0]LogMemory: Physical Memory: 7991.18 MB used,  8349.80 MB free, 16340.98 MB total
[2017.05.02-22.23.22:491][  0]LogMemory: Virtual Memory: 643.96 MB used,  8349.80 MB free, 134217728.00 MB total
[2017.05.02-22.23.22:550][  0]LogTextLocalizationManager: No specific translations for ('en-GB') exist, so ('en') translations will be used.
[2017.05.02-22.23.22:990][  0]LogD3D11RHI: D3D11 adapters:
[2017.05.02-22.23.23:005][  0]LogD3D11RHI:    0. 'Radeon (TM) RX 480 Graphics' (Feature Level 11_0)
[2017.05.02-22.23.23:005][  0]LogD3D11RHI:       8140/0/8170 MB DedicatedVideo/DedicatedSystem/SharedSystem, Outputs:1, VendorId:0x1002
[2017.05.02-22.23.23:006][  0]LogD3D11RHI:    1. 'Microsoft Basic Render Driver' (Feature Level 11_0)
[2017.05.02-22.23.23:006][  0]LogD3D11RHI:       0/0/8170 MB DedicatedVideo/DedicatedSystem/SharedSystem, Outputs:0, VendorId:0x1414
[2017.05.02-22.23.23:006][  0]LogD3D11RHI: Chosen D3D11 Adapter: 0
[2017.05.02-22.23.23:012][  0]LogD3D11RHI: Creating new Direct3DDevice
[2017.05.02-22.23.23:012][  0]LogD3D11RHI:     GPU DeviceId: 0x67df (for the marketing name, search the web for "GPU Device Id")
[2017.05.02-22.23.23:012][  0]LogWindows: EnumDisplayDevices:
[2017.05.02-22.23.23:012][  0]LogWindows:    0. 'Radeon (TM) RX 480 Graphics' (P:1 D:1)
[2017.05.02-22.23.23:012][  0]LogWindows:    1. 'Radeon (TM) RX 480 Graphics' (P:0 D:0)
[2017.05.02-22.23.23:012][  0]LogWindows:    2. 'Radeon (TM) RX 480 Graphics' (P:0 D:0)
[2017.05.02-22.23.23:012][  0]LogWindows:    3. 'Radeon (TM) RX 480 Graphics' (P:0 D:0)
[2017.05.02-22.23.23:012][  0]LogWindows:    4. 'Radeon (TM) RX 480 Graphics' (P:0 D:0)
[2017.05.02-22.23.23:013][  0]LogWindows:    5. 'Radeon (TM) RX 480 Graphics' (P:0 D:0)
[2017.05.02-22.23.23:013][  0]LogWindows: DebugString: FoundDriverCount:6 
[2017.05.02-22.23.23:013][  0]LogD3D11RHI:     Adapter Name: Radeon (TM) RX 480 Graphics
[2017.05.02-22.23.23:013][  0]LogD3D11RHI:   Driver Version: Crimson 16.7.2 (internal:16.200.1035.1001, unified:16.200.1035.1001)
[2017.05.02-22.23.23:013][  0]LogD3D11RHI:      Driver Date: 7-8-2016
[2017.05.02-22.23.23:013][  0]LogRHI: Texture pool is 1361 MB (70% of 1945 MB)
[2017.05.02-22.23.23:061][  0]LogD3D11RHI: Async texture creation enabled
[2017.05.02-22.23.23:070][  0]LogD3D11RHI: GPU Timing Frequency: 25.000000 (Debug: 2 1)
[2017.05.02-22.23.23:070][  0]LogShaderCompilers: Guid format shader working directory is -35 characters bigger than the processId version (../../../../../../Users/Ed/Documents/Unreal Projects/04_BattleTank/BattleTank/Intermediate/Shaders/WorkingDirectory/40496/).
[2017.05.02-22.23.23:070][  0]LogShaderCompilers: Cleaned the shader compiler working directory 'C:/Users/Ed/AppData/Local/Temp/UnrealShaderWorkingDir/57CBC51D437314E14171ED8F10D49A34/'.
[2017.05.02-22.23.23:070][  0]LogShaderCompilers:Display: Using Local Shader Compiler.
[2017.05.02-22.23.23:841][  0]LogTemp:Display: Loaded TP AllDesktopTargetPlatform
[2017.05.02-22.23.23:881][  0]LogTemp:Display: Loaded TP MacClientTargetPlatform
[2017.05.02-22.23.23:920][  0]LogTemp:Display: Loaded TP MacNoEditorTargetPlatform
[2017.05.02-22.23.23:960][  0]LogTemp:Display: Loaded TP MacServerTargetPlatform
[2017.05.02-22.23.24:000][  0]LogTemp:Display: Loaded TP MacTargetPlatform
[2017.05.02-22.23.24:039][  0]LogTemp:Display: Loaded TP WindowsClientTargetPlatform
[2017.05.02-22.23.24:079][  0]LogTemp:Display: Loaded TP WindowsNoEditorTargetPlatform
[2017.05.02-22.23.24:119][  0]LogTemp:Display: Loaded TP WindowsServerTargetPlatform
[2017.05.02-22.23.24:152][  0]LogTemp:Display: Loaded TP WindowsTargetPlatform
[2017.05.02-22.23.24:191][  0]LogTemp:Display: Loaded TP AndroidTargetPlatform
[2017.05.02-22.23.24:232][  0]LogTemp:Display: Loaded TP Android_ASTCTargetPlatform
[2017.05.02-22.23.24:274][  0]LogTemp:Display: Loaded TP Android_ATCTargetPlatform
[2017.05.02-22.23.24:324][  0]LogTemp:Display: Loaded TP Android_DXTTargetPlatform
[2017.05.02-22.23.24:366][  0]LogTemp:Display: Loaded TP Android_ETC1TargetPlatform
[2017.05.02-22.23.24:409][  0]LogTemp:Display: Loaded TP Android_ETC2TargetPlatform
[2017.05.02-22.23.24:493][  0]LogTemp:Display: Loaded TP Android_MultiTargetPlatform
[2017.05.02-22.23.24:493][  0]LogTemp:Display: Loaded TP Android_PVRTCTargetPlatform
[2017.05.02-22.23.24:523][  0]LogTemp:Display: Loaded TP HTML5TargetPlatform
[2017.05.02-22.23.24:603][  0]LogTemp:Display: Loaded TP IOSTargetPlatform
[2017.05.02-22.23.24:631][  0]LogTemp:Display: Loaded TP TVOSTargetPlatform
[2017.05.02-22.23.24:671][  0]LogTemp:Display: Loaded TP LinuxClientTargetPlatform
[2017.05.02-22.23.24:712][  0]LogTemp:Display: Loaded TP LinuxNoEditorTargetPlatform
[2017.05.02-22.23.24:760][  0]LogTemp:Display: Loaded TP LinuxServerTargetPlatform
[2017.05.02-22.23.24:800][  0]LogTemp:Display: Loaded TP LinuxTargetPlatform
[2017.05.02-22.23.24:800][  0]LogTargetPlatformManager:Display: Building Assets For Windows
[2017.05.02-22.23.25:111][  0]LogDerivedDataCache:Display: Max Cache Size: 512 MB
[2017.05.02-22.23.25:147][  0]LogDerivedDataCache: Loaded boot cache 0.04s 50MB C:/Users/Ed/AppData/Local/UnrealEngine/4.15/DerivedDataCache/Boot.ddc.
[2017.05.02-22.23.25:147][  0]LogDerivedDataCache:Display: Loaded Boot cache: C:/Users/Ed/AppData/Local/UnrealEngine/4.15/DerivedDataCache/Boot.ddc
[2017.05.02-22.23.25:147][  0]LogDerivedDataCache: FDerivedDataBackendGraph:  Pak pak cache file ../../../../../../Users/Ed/Documents/Unreal Projects/04_BattleTank/BattleTank/DerivedDataCache/DDC.ddp not found, will not use a pak cache.
[2017.05.02-22.23.25:147][  0]LogDerivedDataCache: Unable to find inner node Pak for hierarchical cache Hierarchy.
[2017.05.02-22.23.25:147][  0]LogDerivedDataCache: FDerivedDataBackendGraph:  CompressedPak pak cache file ../../../../../../Users/Ed/Documents/Unreal Projects/04_BattleTank/BattleTank/DerivedDataCache/Compressed.ddp not found, will not use a pak cache.
[2017.05.02-22.23.25:147][  0]LogDerivedDataCache: Unable to find inner node CompressedPak for hierarchical cache Hierarchy.
[2017.05.02-22.23.25:161][  0]LogDerivedDataCache:Display: Pak cache opened for reading ../../../Engine/DerivedDataCache/Compressed.ddp.
[2017.05.02-22.23.25:173][  0]LogDerivedDataCache: Using Local data cache path C:/Users/Ed/AppData/Local/UnrealEngine/Common/DerivedDataCache: Writable
[2017.05.02-22.23.25:180][  0]LogSlate: Using Freetype 2.6.0
[2017.05.02-22.23.25:180][  0]LogSlate: SlateFontCache - WITH_FREETYPE: 1, WITH_HARFBUZZ: 1
[2017.05.02-22.23.25:180][  0]LogSlate: SlateFontCache - WITH_FREETYPE: 1, WITH_HARFBUZZ: 1
[2017.05.02-22.23.25:366][  0]LogInit: Selected Device Profile: [Windows]
[2017.05.02-22.23.25:368][  0]LogContentStreaming: Texture pool size is 0.00 MB
[2017.05.02-22.23.25:560][  0]LogMeshUtilities: Using QuadricMeshReduction for automatic static mesh reduction
[2017.05.02-22.23.25:596][  0]LogSimplygon: Simplygon DLL not present - disabling.
[2017.05.02-22.23.25:634][  0]LogMeshUtilities: Using SimplygonSwarm for distributed automatic mesh merging
[2017.05.02-22.23.25:634][  0]LogMeshUtilities: No automatic skeletal mesh reduction module available
[2017.05.02-22.23.25:634][  0]LogMeshUtilities: No automatic mesh merging module available
[2017.05.02-22.23.26:067][  0]LogNetVersion: GetLocalNetworkVersion: CL: 3299760, ProjectName: battletank, ProjectVersion: , EngineNetworkVersion: 2, GameNetworkVersion: 0, NetworkChecksum: 2512795372
[2017.05.02-22.23.26:108][  0]LogAssetRegistry: FAssetRegistry took 0.0223 seconds to start up
[2017.05.02-22.23.26:141][  0]LogPackageLocalizationCache: Processed 3 localized package path(s) for 2 prioritized culture(s) in 0.018338 seconds
[2017.05.02-22.23.26:145][  0]LogUObjectArray: 32493 objects as part of root set at end of initial load.
[2017.05.02-22.23.26:145][  0]LogUObjectAllocator: 7077024 out of 0 bytes used by permanent object pool.
[2017.05.02-22.23.26:145][  0]LogUObjectArray: CloseDisregardForGC: 0/0 objects in disregard for GC pool
[2017.05.02-22.23.26:189][  0]LogInit: WinSock: version 1.1 (2.2), MaxSocks=32767, MaxUdp=65467
[2017.05.02-22.23.27:311][  0]LogTcpMessaging: Initializing TcpMessaging bridge
[2017.05.02-22.23.27:342][  0]LogUdpMessaging: Initializing bridge on interface 0.0.0.0:0 to multicast group 230.0.0.1:6666.
[2017.05.02-22.23.27:708][  0]LogMaterial: Uniform references updated for custom material expression Custom.
[2017.05.02-22.23.27:973][  0]SourceControl: Info Source control is disabled
[2017.05.02-22.23.27:993][  0]SourceControl: Info Source control is disabled
[2017.05.02-22.23.28:025][  0]SourceControl: Info Source control is disabled
[2017.05.02-22.23.28:057][  0]SourceControl: Info Source control is disabled
[2017.05.02-22.23.28:928][  0]LogEngine: Initializing Engine...
[2017.05.02-22.23.28:929][  0]LogHMD: Failed to initialize OpenVR with code 110
[2017.05.02-22.23.29:099][  0]LogAIModule: Creating AISystem for world Untitled
[2017.05.02-22.23.29:107][  0]LogInit: XAudio2 using '1 - Acer XR341CK (AMD High Definition Audio Device)' : 2 channels at 48 kHz using 16 bits per sample (channel mask 0x3)
[2017.05.02-22.23.29:120][  0]LogInit: FAudioDevice initialized.
[2017.05.02-22.23.29:137][  0]LogDerivedDataCache: Saved boot cache 0.02s 50MB C:/Users/Ed/AppData/Local/UnrealEngine/4.15/DerivedDataCache/Boot.ddc.
[2017.05.02-22.23.29:141][  0]LogInit: Texture streaming: Enabled
[2017.05.02-22.23.29:206][  0]LogEngineSessionManager: EngineSessionManager initialized
[2017.05.02-22.23.29:268][  0]LogInit: Transaction tracking system initialized
[2017.05.02-22.23.29:515][  0]BlueprintLog: New page: Editor Load
[2017.05.02-22.23.30:162][  0]LocalizationService: Info Localization service is disabled
[2017.05.02-22.23.30:641][  0]LogConsoleResponse:Display: 
[2017.05.02-22.23.30:733][  0]LogCook:Display: Max memory allowance for cook 16384mb min free memory 0mb
[2017.05.02-22.23.30:733][  0]LogCook:Display: Mobile HDR setting 1
[2017.05.02-22.23.31:442][  0]LogFileCache: Scanning file cache for directory 'C:/Users/Ed/Documents/Unreal Projects/04_BattleTank/BattleTank/Content/' took 0.01s
[2017.05.02-22.23.31:442][  0]SourceControl: Info Source control is disabled
[2017.05.02-22.23.31:442][  0]Cmd: MAP LOAD FILE="../../../../../../Users/Ed/Documents/Unreal Projects/04_BattleTank/BattleTank/Content/Levels/BattleGround.umap" TEMPLATE=0 SHOWPROGRESS=1 FEATURELEVEL=3
[2017.05.02-22.23.31:442][  0]LightingResults: New page: Lighting Build
[2017.05.02-22.23.31:470][  0]MapCheck: New page: Map Check
[2017.05.02-22.23.31:470][  0]LightingResults: New page: Lighting Build
[2017.05.02-22.23.31:840][  0]LogAIModule: Creating AISystem for world BattleGround
[2017.05.02-22.23.31:874][  0]LogEditorServer: Finished looking for orphan Actors (0.000 secs)
[2017.05.02-22.23.31:875][  0]Cmd: MAP CHECKDEP NOCLEARLOG
[2017.05.02-22.23.31:907][  0]MapCheck: Info Map check complete: 0 Error(s), 0 Warning(s), took 31.333ms to complete.
[2017.05.02-22.23.31:907][  0]LogFileHelpers: Loading map 'BattleGround' took 0.465
[2017.05.02-22.23.31:961][  0]LogWindowsTextInputMethodSystem:Display: IME system now deactivated.
[2017.05.02-22.23.32:049][  0]LogCollectionManager: Loaded 1 collections in 0.001207 seconds
[2017.05.02-22.23.32:122][  0]LogFileCache: Scanning file cache for directory 'C:/Users/Ed/Documents/Unreal Projects/04_BattleTank/BattleTank/Saved/Collections/' took 0.01s
[2017.05.02-22.23.32:122][  0]LogFileCache: Scanning file cache for directory 'C:/Users/Ed/Documents/Unreal Projects/04_BattleTank/BattleTank/Content/Developers/Ed/Collections/' took 0.01s
[2017.05.02-22.23.32:122][  0]LogFileCache: Scanning file cache for directory 'C:/Users/Ed/Documents/Unreal Projects/04_BattleTank/BattleTank/Content/Collections/' took 0.01s
[2017.05.02-22.23.32:122][  0]LogCollectionManager: Rebuilt the GUID cache for 1 collections in 0.000003 seconds
[2017.05.02-22.23.32:122][  0]LogCollectionManager: Rebuilt the hierarchy cache for 1 collections in 0.000000 seconds
[2017.05.02-22.23.32:130][  0]LogContentBrowser: Native class hierarchy populated in 0.0081 seconds. Added 2256 classes and 456 folders.
[2017.05.02-22.23.32:132][  0]LogStats: UGameplayTagsManager::ConstructGameplayTagTree: Construct from data asset -  0.000 s
[2017.05.02-22.23.32:132][  0]LogStats: UGameplayTagsManager::ConstructGameplayTagTree: GameplayTagTreeChangedEvent.Broadcast -  0.000 s
[2017.05.02-22.23.32:185][  0]LogContentBrowser: Native class hierarchy updated for 'WidgetCarousel' in 0.0016 seconds. Added 0 classes and 0 folders.
[2017.05.02-22.23.32:213][  0]LogContentBrowser: Native class hierarchy updated for 'AddContentDialog' in 0.0016 seconds. Added 0 classes and 0 folders.
[2017.05.02-22.23.32:252][  0]LogContentBrowser: Native class hierarchy updated for 'SceneOutliner' in 0.0016 seconds. Added 1 classes and 2 folders.
[2017.05.02-22.23.32:290][  0]LogCrashTracker: Crashtracker disabled due to settings.
[2017.05.02-22.23.32:294][  0]LogUObjectGlobals:Warning: Failed to find object 'Class None.'
[2017.05.02-22.23.32:349][  0]LogContentBrowser: Native class hierarchy updated for 'HierarchicalLODOutliner' in 0.0016 seconds. Added 1 classes and 2 folders.
[2017.05.02-22.23.32:350][  0]LogLoad: (Engine Initialization) Total time: 11.41 seconds
[2017.05.02-22.23.32:350][  0]LogLoad: (Engine Initialization) Total Blueprint compile time: 0.11 seconds
[2017.05.02-22.23.32:350][  0]LogExternalProfiler: No external profilers were discovered.  External profiling features will not be available.
[2017.05.02-22.23.32:358][  0]LogOcInput: OculusInput pre-init called
[2017.05.02-22.23.32:373][  0]LogAssetRegistry: Asset discovery search completed in 6.2872 seconds
[2017.05.02-22.23.32:373][  0]LogCollectionManager: Rebuilt the object cache for 1 collections in 0.000004 seconds (found 0 objects)
[2017.05.02-22.23.32:373][  0]LogCollectionManager: Fixed up redirectors for 1 collections in 0.000018 seconds (updated 0 objects)
[2017.05.02-22.23.32:377][  0]LogContentStreaming: Texture pool size now 1000 MB
[2017.05.02-22.23.32:384][  0]LogSlate: Took 0.000147 seconds to synchronously load lazily loaded font '../../../Engine/Content/Slate/Fonts/Roboto-Regular.ttf' (155K)
[2017.05.02-22.23.32:387][  0]LogSlate: Took 0.000115 seconds to synchronously load lazily loaded font '../../../Engine/Content/Slate/Fonts/Roboto-Bold.ttf' (160K)
[2017.05.02-22.23.32:391][  0]LogSlate: Took 0.000110 seconds to synchronously load lazily loaded font '../../../Engine/Content/Editor/Slate/Fonts/FontAwesome.ttf' (139K)
[2017.05.02-22.23.32:541][  1]LogRenderer: Reallocating scene render targets to support 1140x736 NumSamples 1 (Frame:2).
[2017.05.02-22.23.32:541][  1]LogHttp:Warning: 0000025CBE20D600: request failed, libcurl error: 6 (Couldn't resolve host name)
[2017.05.02-22.23.32:541][  1]LogHttp:Warning: 0000025CBE20D600: libcurl info message cache 0 (Could not resolve host: cdn.unrealengine.com)
[2017.05.02-22.23.32:541][  1]LogHttp:Warning: 0000025CBE20D600: libcurl info message cache 1 (Closing connection 0)
[2017.05.02-22.23.32:725][  2]LogHttp:Warning: 0000025CBFDD5900: request failed, libcurl error: 6 (Couldn't resolve host name)
[2017.05.02-22.23.32:725][  2]LogHttp:Warning: 0000025CBFDD5900: libcurl info message cache 0 (Could not resolve host: cdn.unrealengine.com)
[2017.05.02-22.23.32:725][  2]LogHttp:Warning: 0000025CBFDD5900: libcurl info message cache 1 (Closing connection 1)
[2017.05.02-22.23.32:780][  2]LogActor:Warning: Tank_BP_C /Engine/Transient.World_1:PersistentLevel.Tank_BP_C_0 has natively added scene component(s), but none of them were set as the actor's RootComponent - picking one arbitrarily
[2017.05.02-22.23.32:793][  3]LogHttp:Warning: 0000025CBFC12680: request failed, libcurl error: 6 (Couldn't resolve host name)
[2017.05.02-22.23.32:793][  3]LogHttp:Warning: 0000025CBFC12680: libcurl info message cache 0 (Could not resolve host: cdn.unrealengine.com)
[2017.05.02-22.23.32:793][  3]LogHttp:Warning: 0000025CBFC12680: libcurl info message cache 1 (Closing connection 2)
[2017.05.02-22.23.35:416][ 11]Recompiling BattleTank...
[2017.05.02-22.23.35:416][ 11]Launching UnrealBuildTool... [C:/Program Files/Epic Games/UE_4.15/Engine/Binaries/DotNET/UnrealBuildTool.exe BattleTank -ModuleWithSuffix BattleTank 9493 Win64 Development -editorrecompile -canskiplink "C:/Users/Ed/Documents/Unreal Projects/04_BattleTank/BattleTank/BattleTank.uproject" ]
[2017.05.02-22.23.35:417][ 11]Warning: Starting HotReload took  0.0s.
[2017.05.02-22.23.40:318][124]CompilerResultsLog: New page: Compilation - 3 May 2017 00:23:40
[2017.05.02-22.23.40:318][124]CompilerResultsLog: Info Compiling game modules for hot reload
[2017.05.02-22.23.40:318][124]CompilerResultsLog: Info Performing 3 actions (4 in parallel)
[2017.05.02-22.23.40:318][124]CompilerResultsLog: Info Tank.cpp
[2017.05.02-22.23.40:318][124]CompilerResultsLog: Info [2/3] Link UE4Editor-BattleTank-9493.dll
[2017.05.02-22.23.40:318][124]CompilerResultsLog: Info [3/3] Link UE4Editor-BattleTank-9493.lib
[2017.05.02-22.23.40:318][124]CompilerResultsLog: Info    Creating library C:\Users\Ed\Documents\Unreal Projects\04_BattleTank\BattleTank\Intermediate\Build\Win64\UE4Editor\Development\UE4Editor-BattleTank-9493.lib and object C:\Users\Ed\Documents\Unreal Projects\04_BattleTank\BattleTank\Intermediate\Build\Win64\UE4Editor\Development\UE4Editor-BattleTank-9493.exp
[2017.05.02-22.23.40:318][124]CompilerResultsLog: Info    Creating library C:\Users\Ed\Documents\Unreal Projects\04_BattleTank\BattleTank\Intermediate\Build\Win64\UE4Editor\Development\UE4Editor-BattleTank-9493.suppressed.lib and object C:\Users\Ed\Documents\Unreal Projects\04_BattleTank\BattleTank\Intermediate\Build\Win64\UE4Editor\Development\UE4Editor-BattleTank-9493.suppressed.exp
[2017.05.02-22.23.40:318][124]CompilerResultsLog: Info Total build time: 4.35 seconds (Local executor: 1.94 seconds)
[2017.05.02-22.23.40:318][124]LogMainFrame: MainFrame: Module compiling took 4.907 seconds
[2017.05.02-22.23.40:373][124]LogClass: EFiringStatus HotReload.
[2017.05.02-22.23.40:374][124]LogHotReload: Re-instancing Tank after hot-reload.
[2017.05.02-22.23.40:389][124]LogBlueprint:Warning: USimpleConstructionScript::FixupRootNodeParentReferences() - Couldn't find native parent component 'Seriously Damaged Particle Effect' for 'Tank' in BlueprintGeneratedClass 'Tank_BP_C' (it may have been removed)
[2017.05.02-22.23.40:654][124]LogContentBrowser: Native class hierarchy updated for 'BattleTank' in 0.0016 seconds. Added 11 classes and 3 folders.
[2017.05.02-22.23.40:655][124]Display: HotReload successful (11 functions remapped  0 scriptstructs remapped)
[2017.05.02-22.23.40:709][124]LogContentBrowser: Native class hierarchy populated in 0.0078 seconds. Added 2258 classes and 460 folders.
[2017.05.02-22.23.40:709][124]Display: HotReload took  5.3s.
[2017.05.02-22.25.32:656][623]LogSlate: Took 0.000109 seconds to synchronously load lazily loaded font '../../../Engine/Content/Slate/Fonts/Roboto-Light.ttf' (159K)
[2017.05.02-22.25.32:994][623]LogContentBrowser: Native class hierarchy updated for 'BlueprintGraph' in 0.0018 seconds. Added 112 classes and 0 folders.
[2017.05.02-22.25.33:442][623]LogSlate: Took 0.000138 seconds to synchronously load lazily loaded font '../../../Engine/Content/Slate/Fonts/Roboto-Regular.ttf' (155K)
[2017.05.02-22.25.33:509][623]LogSlate: Took 0.000187 seconds to synchronously load lazily loaded font '../../../Engine/Content/Editor/Slate/Fonts/Roboto-BoldCondensed.ttf' (158K)
[2017.05.02-22.25.33:576][624]LogSlate: Took 0.000178 seconds to synchronously load lazily loaded font '../../../Engine/Content/Editor/Slate/Fonts/Roboto-Italic.ttf' (157K)
[2017.05.02-22.25.34:985][770]Cmd: OBJ SAVEPACKAGE PACKAGE="/Game/Tank/Tank_BP" FILE="../../../../../../Users/Ed/Documents/Unreal Projects/04_BattleTank/BattleTank/Content/Tank/Tank_BP.uasset" SILENT=true
[2017.05.02-22.25.35:049][770]LogSavePackage: Save=38.09ms
[2017.05.02-22.25.35:049][770]LogSavePackage: Moving '../../../../../../Users/Ed/Documents/Unreal Projects/04_BattleTank/BattleTank/Saved/Tank_BP4585105944D535157FB7398755EC404C.tmp' to '../../../../../../Users/Ed/Documents/Unreal Projects/04_BattleTank/BattleTank/Content/Tank/Tank_BP.uasset'
[2017.05.02-22.25.35:049][770]LogSavePackage:Display: Finished SavePackage ../../../../../../Users/Ed/Documents/Unreal Projects/04_BattleTank/BattleTank/Content/Tank/Tank_BP.uasset
[2017.05.02-22.25.35:715][830]BlueprintLog: New page: Compile Tank_BP
[2017.05.02-22.25.35:818][830]BlueprintEditorCompileResults: Info The execution path doesn't end with a return node.  Cast Failed
[2017.05.02-22.26.37:198][943]Recompiling BattleTank...
[2017.05.02-22.26.37:198][943]Launching UnrealBuildTool... [C:/Program Files/Epic Games/UE_4.15/Engine/Binaries/DotNET/UnrealBuildTool.exe BattleTank -ModuleWithSuffix BattleTank 8625 Win64 Development -editorrecompile -canskiplink "C:/Users/Ed/Documents/Unreal Projects/04_BattleTank/BattleTank/BattleTank.uproject" ]
[2017.05.02-22.26.37:199][943]Warning: Starting HotReload took  0.0s.
[2017.05.02-22.26.42:133][512]CompilerResultsLog: New page: Compilation - 3 May 2017 00:26:42
[2017.05.02-22.26.42:133][512]CompilerResultsLog: Info Compiling game modules for hot reload
[2017.05.02-22.26.42:133][512]CompilerResultsLog: Info Performing 3 actions (4 in parallel)
[2017.05.02-22.26.42:133][512]CompilerResultsLog: Info Tank.cpp
[2017.05.02-22.26.42:133][512]CompilerResultsLog: Info [2/3] Link UE4Editor-BattleTank-8625.dll
[2017.05.02-22.26.42:133][512]CompilerResultsLog: Info [3/3] Link UE4Editor-BattleTank-8625.lib
[2017.05.02-22.26.42:133][512]CompilerResultsLog: Info    Creating library C:\Users\Ed\Documents\Unreal Projects\04_BattleTank\BattleTank\Intermediate\Build\Win64\UE4Editor\Development\UE4Editor-BattleTank-8625.lib and object C:\Users\Ed\Documents\Unreal Projects\04_BattleTank\BattleTank\Intermediate\Build\Win64\UE4Editor\Development\UE4Editor-BattleTank-8625.exp
[2017.05.02-22.26.42:133][512]CompilerResultsLog: Info    Creating library C:\Users\Ed\Documents\Unreal Projects\04_BattleTank\BattleTank\Intermediate\Build\Win64\UE4Editor\Development\UE4Editor-BattleTank-8625.suppressed.lib and object C:\Users\Ed\Documents\Unreal Projects\04_BattleTank\BattleTank\Intermediate\Build\Win64\UE4Editor\Development\UE4Editor-BattleTank-8625.suppressed.exp
[2017.05.02-22.26.42:133][512]CompilerResultsLog: Info Total build time: 4.73 seconds (Local executor: 2.12 seconds)
[2017.05.02-22.26.42:133][512]LogMainFrame: MainFrame: Module compiling took 4.939 seconds
[2017.05.02-22.26.42:191][512]LogClass: EFiringStatus HotReload.
[2017.05.02-22.26.42:195][512]LogContentBrowser: Native class hierarchy updated for 'BattleTank' in 0.0016 seconds. Added 11 classes and 3 folders.
[2017.05.02-22.26.42:197][512]Display: HotReload successful (11 functions remapped  0 scriptstructs remapped)
[2017.05.02-22.26.42:399][512]LogContentBrowser: Native class hierarchy populated in 0.0081 seconds. Added 2258 classes and 460 folders.
[2017.05.02-22.26.42:399][512]Display: HotReload took  5.2s.
[2017.05.02-22.26.43:471][638]LogTemp: Repeting last play command: Selected Viewport
[2017.05.02-22.26.43:491][638]LogBlueprintUserMessages: Early PlayInEditor Detection: Level '/Game/Levels/BattleGround.BattleGround:PersistentLevel' has LevelScriptBlueprint '/Game/Levels/BattleGround.BattleGround:PersistentLevel.BattleGround' with GeneratedClass '/Game/Levels/BattleGround.BattleGround_C' with ClassGeneratedBy '/Game/Levels/BattleGround.BattleGround:PersistentLevel.BattleGround'
[2017.05.02-22.26.43:491][638]LogPlayLevel: PlayLevel: No blueprints needed recompiling
[2017.05.02-22.26.43:491][638]PIE: New page: PIE session: BattleGround (3 May 2017 00:26:43)
[2017.05.02-22.26.43:491][638]LogPlayLevel: Creating play world package: /Game/Levels/UEDPIE_0_BattleGround
[2017.05.02-22.26.43:516][638]LogPlayLevel: PIE: StaticDuplicateObject took: (0.024987s)
[2017.05.02-22.26.43:517][638]LogAIModule: Creating AISystem for world BattleGround
[2017.05.02-22.26.43:517][638]LogPlayLevel: PIE: World Init took: (0.000601s)
[2017.05.02-22.26.43:517][638]LogPlayLevel: PIE: Created PIE world by copying editor world from /Game/Levels/BattleGround.BattleGround to /Game/Levels/UEDPIE_0_BattleGround.BattleGround (0.025858s)
[2017.05.02-22.26.43:553][638]LogInit: XAudio2 using '1 - Acer XR341CK (AMD High Definition Audio Device)' : 2 channels at 48 kHz using 16 bits per sample (channel mask 0x3)
[2017.05.02-22.26.43:559][638]LogInit: FAudioDevice initialized.
[2017.05.02-22.26.43:598][638]LogLoad: Game class is 'BattleTankGameMode_BP_C'
[2017.05.02-22.26.43:603][638]LogWorld: Bringing World /Game/Levels/UEDPIE_0_BattleGround.BattleGround up for play (max tick rate 0) at 2017.05.02-23.26.43
[2017.05.02-22.26.43:705][638]LogStats: FPlatformStackWalk::StackWalkAndDump -  0.102 s
[2017.05.02-22.26.43:705][638]LogOutputDevice:Error: === Handled ensure: ===
[2017.05.02-22.26.43:705][638]LogOutputDevice:Error: 
[2017.05.02-22.26.43:705][638]LogOutputDevice:Error: Ensure condition failed: PossessedTank [File:C:\Users\Ed\Documents\Unreal Projects\04_BattleTank\BattleTank\Source\BattleTank\Private\TankAIController.cpp] [Line: 66]
[2017.05.02-22.26.43:705][638]LogOutputDevice:Error: 
[2017.05.02-22.26.43:705][638]LogOutputDevice:Error: Stack: 
[2017.05.02-22.26.43:705][638]LogOutputDevice:Error: UE4Editor-Core.dll!0x0000000000F295E6
[2017.05.02-22.26.43:705][638]LogOutputDevice:Error: UE4Editor-Core.dll!0x0000000000CD9B82
[2017.05.02-22.26.43:705][638]LogOutputDevice:Error: UE4Editor-Core.dll!0x0000000000CEB666
[2017.05.02-22.26.43:705][638]LogOutputDevice:Error: UE4Editor-BattleTank-8625.dll!ATankAIController::SetPawn() [c:\users\ed\documents\unreal projects\04_battletank\battletank\source\battletank\private\tankaicontroller.cpp:66]
[2017.05.02-22.26.43:705][638]LogOutputDevice:Error: UE4Editor-Engine.dll!0x00000000F8B3CD74
[2017.05.02-22.26.43:705][638]LogOutputDevice:Error: UE4Editor-AIModule.dll!0x00000000F5B960DF
[2017.05.02-22.26.43:705][638]LogOutputDevice:Error: UE4Editor-Engine.dll!0x00000000F917D6D8
[2017.05.02-22.26.43:705][638]LogOutputDevice:Error: UE4Editor-Engine.dll!0x00000000F9171511
[2017.05.02-22.26.43:705][638]LogOutputDevice:Error: UE4Editor-Engine.dll!0x00000000F8E07DC1
[2017.05.02-22.26.43:705][638]LogOutputDevice:Error: UE4Editor-Engine.dll!0x00000000F96D28EF
[2017.05.02-22.26.43:705][638]LogOutputDevice:Error: UE4Editor-Engine.dll!0x00000000F8CABF77
[2017.05.02-22.26.43:705][638]LogOutputDevice:Error: UE4Editor-UnrealEd.dll!0x00000000F7498AD7
[2017.05.02-22.26.43:705][638]LogOutputDevice:Error: UE4Editor-UnrealEd.dll!0x00000000F74C52DD
[2017.05.02-22.26.43:705][638]LogOutputDevice:Error: UE4Editor-UnrealEd.dll!0x00000000F74E1764
[2017.05.02-22.26.43:705][638]LogOutputDevice:Error: UE4Editor-UnrealEd.dll!0x00000000F6FC626B
[2017.05.02-22.26.43:705][638]LogOutputDevice:Error: UE4Editor-UnrealEd.dll!0x00000000F77D2086
[2017.05.02-22.26.43:705][638]LogOutputDevice:Error: UE4Editor.exe!0x00000000E4E6DEE3
[2017.05.02-22.26.43:705][638]LogOutputDevice:Error: UE4Editor.exe!0x00000000E4E5EB40
[2017.05.02-22.26.43:705][638]LogOutputDevice:Error: UE4Editor.exe!0x00000000E4E5EBBA
[2017.05.02-22.26.43:705][638]LogOutputDevice:Error: UE4Editor.exe!0x00000000E4E70A29
[2017.05.02-22.26.43:705][638]LogOutputDevice:Error: UE4Editor.exe!0x00000000E4E722B6
[2017.05.02-22.26.43:705][638]LogOutputDevice:Error: KERNEL32.DLL!0x000000003ABD8364
[2017.05.02-22.26.43:705][638]LogOutputDevice:Error: ntdll.dll!0x000000003AEF70D1
[2017.05.02-22.26.43:705][638]LogOutputDevice:Error: 
[2017.05.02-22.26.43:709][638]LogStats:                SubmitErrorReport -  0.000 s
