Log file open, 05/03/17 11:41:01
LogInit:Display: Running engine for game: BattleTank
LogPlatformFile: Not using cached read wrapper
LogInit:Display: RandInit(-442886449) SRandInit(-442886448).
LogTaskGraph: Started task graph with 5 named threads and 8 total threads with 1 sets of task threads.
LogStats: Stats thread started at 0.065474
LogInit: Using libcurl 7.47.1
LogInit:  - built for x86_64-pc-win32
LogInit:  - supports SSL with OpenSSL/1.0.2g
LogInit:  - supports HTTP deflate (compression) using libz 1.2.8
LogInit:  - other features:
LogInit:      CURL_VERSION_SSL
LogInit:      CURL_VERSION_LIBZ
LogInit:      CURL_VERSION_IPV6
LogInit:      CURL_VERSION_ASYNCHDNS
LogInit:      CURL_VERSION_LARGEFILE
LogInit:      CURL_VERSION_IDN
LogInit:  CurlRequestOptions (configurable via config and command line):
LogInit:  - bVerifyPeer = false  - Libcurl will NOT verify peer certificate
LogInit:  - bUseHttpProxy = false  - Libcurl will NOT use HTTP proxy
LogInit:  - bDontReuseConnections = false  - Libcurl will reuse connections
LogInit:  - CertBundlePath = nullptr  - Libcurl will use whatever was configured at build time.
LogInit: Build: ++UE4+Release-4.15-CL-3348071
LogInit: Engine Version: 4.15.1-3348071+++UE4+Release-4.15
LogInit: Compatible Engine Version: 4.15.0-3299760+++UE4+Release-4.15
LogInit: Net CL: 3299760
LogDevObjectVersion: Number of dev versions registered: 14
LogDevObjectVersion:   Dev-Blueprints (B0D832E4-1F89-4F0D-ACCF-7EB736FD4AA2): 8
LogDevObjectVersion:   Dev-Build (E1C64328-A22C-4D53-A36C-8E866417BD8C): 0
LogDevObjectVersion:   Dev-Core (375EC13C-06E4-48FB-B500-84F0262A717E): 2
LogDevObjectVersion:   Dev-Editor (E4B068ED-F494-42E9-A231-DA0B2E46BB41): 14
LogDevObjectVersion:   Dev-Framework (CFFC743F-43B0-4480-9391-14DF171D2073): 22
LogDevObjectVersion:   Dev-Mobile (B02B49B5-BB20-44E9-A304-32B752E40360): 0
LogDevObjectVersion:   Dev-Networking (A4E4105C-59A1-49B5-A7C5-40C4547EDFEE): 0
LogDevObjectVersion:   Dev-Online (39C831C9-5AE6-47DC-9A44-9C173E1C8E7C): 0
LogDevObjectVersion:   Dev-Physics (78F01B33-EBEA-4F98-B9B4-84EACCB95AA2): 0
LogDevObjectVersion:   Dev-Platform (6631380F-2D4D-43E0-8009-CF276956A95A): 0
LogDevObjectVersion:   Dev-Rendering (12F88B9F-8875-4AFC-A67C-D90C383ABD29): 12
LogDevObjectVersion:   Dev-Sequencer (7B5AE74C-D270-4C10-A958-57980B212A5A): 3
LogDevObjectVersion:   Dev-VR (D7296918-1DD6-4BDD-9DE2-64A83CC13884): 0
LogDevObjectVersion:   Dev-LoadTimes (C2A15278-BFE7-4AFE-6C17-90FF531DF755): 1
LogInit: Compiled (64-bit): Mar 15 2017 16:52:47
LogInit: Compiled with Visual C++: 19.00.23026.00
LogInit: Build Configuration: Development
LogInit: Branch Name: ++UE4+Release-4.15
LogInit: Command line: -EpicPortal 
LogInit: Base directory: C:/Program Files/Epic Games/UE_4.15/Engine/Binaries/Win64/
LogInit: Installed Engine Build: 1
LogInit: Presizing for max 8388607 objects, including 0 objects not considered by GC, pre-allocating 0 bytes for permanent pool.
LogInit: Object subsystem initialized
[2017.05.03-10.41.01:850][  0]LogInit: Selected Device Profile: [Windows]
[2017.05.03-10.41.01:850][  0]LogInit: Applying CVar settings loaded from the selected device profile: [Windows]
[2017.05.03-10.41.01:858][  0]LogInit: Computer: DESKTOP-7RIOMGQ
[2017.05.03-10.41.01:858][  0]LogInit: User: Ed
[2017.05.03-10.41.01:858][  0]LogInit: CPU Page size=65536, Cores=4
[2017.05.03-10.41.01:858][  0]LogInit: High frequency timer resolution =3.421877 MHz
[2017.05.03-10.41.01:858][  0]LogMemory: Memory total: Physical=16.0GB (16GB approx)
[2017.05.03-10.41.01:858][  0]LogMemory: Platform Memory Stats for Windows
[2017.05.03-10.41.01:858][  0]LogMemory: Process Physical Memory: 265.05 MB used, 265.05 MB peak
[2017.05.03-10.41.01:858][  0]LogMemory: Process Virtual Memory: 262.41 MB used, 262.41 MB peak
[2017.05.03-10.41.01:858][  0]LogMemory: Physical Memory: 3970.63 MB used,  12370.36 MB free, 16340.98 MB total
[2017.05.03-10.41.01:858][  0]LogMemory: Virtual Memory: 643.96 MB used,  12370.36 MB free, 134217728.00 MB total
[2017.05.03-10.41.01:913][  0]LogTextLocalizationManager: No specific translations for ('en-GB') exist, so ('en') translations will be used.
[2017.05.03-10.41.02:337][  0]LogD3D11RHI: D3D11 adapters:
[2017.05.03-10.41.02:352][  0]LogD3D11RHI:    0. 'Radeon (TM) RX 480 Graphics' (Feature Level 11_0)
[2017.05.03-10.41.02:352][  0]LogD3D11RHI:       8140/0/8170 MB DedicatedVideo/DedicatedSystem/SharedSystem, Outputs:1, VendorId:0x1002
[2017.05.03-10.41.02:353][  0]LogD3D11RHI:    1. 'Microsoft Basic Render Driver' (Feature Level 11_0)
[2017.05.03-10.41.02:353][  0]LogD3D11RHI:       0/0/8170 MB DedicatedVideo/DedicatedSystem/SharedSystem, Outputs:0, VendorId:0x1414
[2017.05.03-10.41.02:353][  0]LogD3D11RHI: Chosen D3D11 Adapter: 0
[2017.05.03-10.41.02:355][  0]LogD3D11RHI: Creating new Direct3DDevice
[2017.05.03-10.41.02:355][  0]LogD3D11RHI:     GPU DeviceId: 0x67df (for the marketing name, search the web for "GPU Device Id")
[2017.05.03-10.41.02:355][  0]LogWindows: EnumDisplayDevices:
[2017.05.03-10.41.02:356][  0]LogWindows:    0. 'Radeon (TM) RX 480 Graphics' (P:1 D:1)
[2017.05.03-10.41.02:356][  0]LogWindows:    1. 'Radeon (TM) RX 480 Graphics' (P:0 D:0)
[2017.05.03-10.41.02:356][  0]LogWindows:    2. 'Radeon (TM) RX 480 Graphics' (P:0 D:0)
[2017.05.03-10.41.02:356][  0]LogWindows:    3. 'Radeon (TM) RX 480 Graphics' (P:0 D:0)
[2017.05.03-10.41.02:356][  0]LogWindows:    4. 'Radeon (TM) RX 480 Graphics' (P:0 D:0)
[2017.05.03-10.41.02:356][  0]LogWindows:    5. 'Radeon (TM) RX 480 Graphics' (P:0 D:0)
[2017.05.03-10.41.02:356][  0]LogWindows: DebugString: FoundDriverCount:6 
[2017.05.03-10.41.02:356][  0]LogD3D11RHI:     Adapter Name: Radeon (TM) RX 480 Graphics
[2017.05.03-10.41.02:356][  0]LogD3D11RHI:   Driver Version: Crimson 16.7.2 (internal:16.200.1035.1001, unified:16.200.1035.1001)
[2017.05.03-10.41.02:356][  0]LogD3D11RHI:      Driver Date: 7-8-2016
[2017.05.03-10.41.02:356][  0]LogRHI: Texture pool is 1361 MB (70% of 1945 MB)
[2017.05.03-10.41.02:400][  0]LogD3D11RHI: Async texture creation enabled
[2017.05.03-10.41.02:409][  0]LogD3D11RHI: GPU Timing Frequency: 25.000000 (Debug: 2 1)
[2017.05.03-10.41.02:409][  0]LogShaderCompilers: Guid format shader working directory is -34 characters bigger than the processId version (../../../../../../Users/Ed/Documents/Unreal Projects/04_BattleTank/BattleTank/Intermediate/Shaders/WorkingDirectory/1056/).
[2017.05.03-10.41.02:409][  0]LogShaderCompilers: Cleaned the shader compiler working directory 'C:/Users/Ed/AppData/Local/Temp/UnrealShaderWorkingDir/56A574494F060472AAAB0189213C99FC/'.
[2017.05.03-10.41.02:409][  0]LogShaderCompilers:Display: Using Local Shader Compiler.
[2017.05.03-10.41.03:121][  0]LogTemp:Display: Loaded TP AllDesktopTargetPlatform
[2017.05.03-10.41.03:158][  0]LogTemp:Display: Loaded TP MacClientTargetPlatform
[2017.05.03-10.41.03:195][  0]LogTemp:Display: Loaded TP MacNoEditorTargetPlatform
[2017.05.03-10.41.03:233][  0]LogTemp:Display: Loaded TP MacServerTargetPlatform
[2017.05.03-10.41.03:270][  0]LogTemp:Display: Loaded TP MacTargetPlatform
[2017.05.03-10.41.03:307][  0]LogTemp:Display: Loaded TP WindowsClientTargetPlatform
[2017.05.03-10.41.03:345][  0]LogTemp:Display: Loaded TP WindowsNoEditorTargetPlatform
[2017.05.03-10.41.03:382][  0]LogTemp:Display: Loaded TP WindowsServerTargetPlatform
[2017.05.03-10.41.03:412][  0]LogTemp:Display: Loaded TP WindowsTargetPlatform
[2017.05.03-10.41.03:449][  0]LogTemp:Display: Loaded TP AndroidTargetPlatform
[2017.05.03-10.41.03:485][  0]LogTemp:Display: Loaded TP Android_ASTCTargetPlatform
[2017.05.03-10.41.03:522][  0]LogTemp:Display: Loaded TP Android_ATCTargetPlatform
[2017.05.03-10.41.03:559][  0]LogTemp:Display: Loaded TP Android_DXTTargetPlatform
[2017.05.03-10.41.03:601][  0]LogTemp:Display: Loaded TP Android_ETC1TargetPlatform
[2017.05.03-10.41.03:639][  0]LogTemp:Display: Loaded TP Android_ETC2TargetPlatform
[2017.05.03-10.41.03:713][  0]LogTemp:Display: Loaded TP Android_MultiTargetPlatform
[2017.05.03-10.41.03:713][  0]LogTemp:Display: Loaded TP Android_PVRTCTargetPlatform
[2017.05.03-10.41.03:738][  0]LogTemp:Display: Loaded TP HTML5TargetPlatform
[2017.05.03-10.41.03:811][  0]LogTemp:Display: Loaded TP IOSTargetPlatform
[2017.05.03-10.41.03:836][  0]LogTemp:Display: Loaded TP TVOSTargetPlatform
[2017.05.03-10.41.03:872][  0]LogTemp:Display: Loaded TP LinuxClientTargetPlatform
[2017.05.03-10.41.03:908][  0]LogTemp:Display: Loaded TP LinuxNoEditorTargetPlatform
[2017.05.03-10.41.03:944][  0]LogTemp:Display: Loaded TP LinuxServerTargetPlatform
[2017.05.03-10.41.03:981][  0]LogTemp:Display: Loaded TP LinuxTargetPlatform
[2017.05.03-10.41.03:981][  0]LogTargetPlatformManager:Display: Building Assets For Windows
[2017.05.03-10.41.04:270][  0]LogDerivedDataCache:Display: Max Cache Size: 512 MB
[2017.05.03-10.41.04:307][  0]LogDerivedDataCache: Loaded boot cache 0.04s 50MB C:/Users/Ed/AppData/Local/UnrealEngine/4.15/DerivedDataCache/Boot.ddc.
[2017.05.03-10.41.04:307][  0]LogDerivedDataCache:Display: Loaded Boot cache: C:/Users/Ed/AppData/Local/UnrealEngine/4.15/DerivedDataCache/Boot.ddc
[2017.05.03-10.41.04:307][  0]LogDerivedDataCache: FDerivedDataBackendGraph:  Pak pak cache file ../../../../../../Users/Ed/Documents/Unreal Projects/04_BattleTank/BattleTank/DerivedDataCache/DDC.ddp not found, will not use a pak cache.
[2017.05.03-10.41.04:307][  0]LogDerivedDataCache: Unable to find inner node Pak for hierarchical cache Hierarchy.
[2017.05.03-10.41.04:307][  0]LogDerivedDataCache: FDerivedDataBackendGraph:  CompressedPak pak cache file ../../../../../../Users/Ed/Documents/Unreal Projects/04_BattleTank/BattleTank/DerivedDataCache/Compressed.ddp not found, will not use a pak cache.
[2017.05.03-10.41.04:307][  0]LogDerivedDataCache: Unable to find inner node CompressedPak for hierarchical cache Hierarchy.
[2017.05.03-10.41.04:321][  0]LogDerivedDataCache:Display: Pak cache opened for reading ../../../Engine/DerivedDataCache/Compressed.ddp.
[2017.05.03-10.41.04:332][  0]LogDerivedDataCache: Using Local data cache path C:/Users/Ed/AppData/Local/UnrealEngine/Common/DerivedDataCache: Writable
[2017.05.03-10.41.04:338][  0]LogSlate: Using Freetype 2.6.0
[2017.05.03-10.41.04:339][  0]LogSlate: SlateFontCache - WITH_FREETYPE: 1, WITH_HARFBUZZ: 1
[2017.05.03-10.41.04:339][  0]LogSlate: SlateFontCache - WITH_FREETYPE: 1, WITH_HARFBUZZ: 1
[2017.05.03-10.41.04:517][  0]LogInit: Selected Device Profile: [Windows]
[2017.05.03-10.41.04:519][  0]LogContentStreaming: Texture pool size is 0.00 MB
[2017.05.03-10.41.04:666][  0]LogMeshUtilities: Using QuadricMeshReduction for automatic static mesh reduction
[2017.05.03-10.41.04:693][  0]LogSimplygon: Simplygon DLL not present - disabling.
[2017.05.03-10.41.04:724][  0]LogMeshUtilities: Using SimplygonSwarm for distributed automatic mesh merging
[2017.05.03-10.41.04:724][  0]LogMeshUtilities: No automatic skeletal mesh reduction module available
[2017.05.03-10.41.04:724][  0]LogMeshUtilities: No automatic mesh merging module available
[2017.05.03-10.41.05:082][  0]LogNetVersion: GetLocalNetworkVersion: CL: 3299760, ProjectName: battletank, ProjectVersion: , EngineNetworkVersion: 2, GameNetworkVersion: 0, NetworkChecksum: 2512795372
[2017.05.03-10.41.05:119][  0]LogAssetRegistry: FAssetRegistry took 0.0215 seconds to start up
[2017.05.03-10.41.05:150][  0]LogPackageLocalizationCache: Processed 3 localized package path(s) for 2 prioritized culture(s) in 0.017567 seconds
[2017.05.03-10.41.05:154][  0]LogUObjectArray: 32493 objects as part of root set at end of initial load.
[2017.05.03-10.41.05:154][  0]LogUObjectAllocator: 7077024 out of 0 bytes used by permanent object pool.
[2017.05.03-10.41.05:154][  0]LogUObjectArray: CloseDisregardForGC: 0/0 objects in disregard for GC pool
[2017.05.03-10.41.05:194][  0]LogInit: WinSock: version 1.1 (2.2), MaxSocks=32767, MaxUdp=65467
[2017.05.03-10.41.06:237][  0]LogTcpMessaging: Initializing TcpMessaging bridge
[2017.05.03-10.41.06:267][  0]LogUdpMessaging: Initializing bridge on interface 0.0.0.0:0 to multicast group 230.0.0.1:6666.
[2017.05.03-10.41.06:611][  0]LogMaterial: Uniform references updated for custom material expression Custom.
[2017.05.03-10.41.06:858][  0]SourceControl: Info Source control is disabled
[2017.05.03-10.41.06:877][  0]SourceControl: Info Source control is disabled
[2017.05.03-10.41.06:907][  0]SourceControl: Info Source control is disabled
[2017.05.03-10.41.06:937][  0]SourceControl: Info Source control is disabled
[2017.05.03-10.41.07:740][  0]LogEngine: Initializing Engine...
[2017.05.03-10.41.07:740][  0]LogHMD: Failed to initialize OpenVR with code 110
[2017.05.03-10.41.07:893][  0]LogAIModule: Creating AISystem for world Untitled
[2017.05.03-10.41.07:901][  0]LogInit: XAudio2 using '1 - Acer XR341CK (AMD High Definition Audio Device)' : 2 channels at 48 kHz using 16 bits per sample (channel mask 0x3)
[2017.05.03-10.41.07:914][  0]LogInit: FAudioDevice initialized.
[2017.05.03-10.41.07:931][  0]LogDerivedDataCache: Saved boot cache 0.02s 50MB C:/Users/Ed/AppData/Local/UnrealEngine/4.15/DerivedDataCache/Boot.ddc.
[2017.05.03-10.41.07:937][  0]LogInit: Texture streaming: Enabled
[2017.05.03-10.41.07:997][  0]LogEngineSessionManager: EngineSessionManager initialized
[2017.05.03-10.41.08:053][  0]LogInit: Transaction tracking system initialized
[2017.05.03-10.41.08:272][  0]BlueprintLog: New page: Editor Load
[2017.05.03-10.41.08:833][  0]LocalizationService: Info Localization service is disabled
[2017.05.03-10.41.09:264][  0]LogConsoleResponse:Display: 
[2017.05.03-10.41.09:349][  0]LogCook:Display: Max memory allowance for cook 16384mb min free memory 0mb
[2017.05.03-10.41.09:349][  0]LogCook:Display: Mobile HDR setting 1
[2017.05.03-10.41.09:979][  0]LogFileCache: Scanning file cache for directory 'C:/Users/Ed/Documents/Unreal Projects/04_BattleTank/BattleTank/Content/' took 0.01s
[2017.05.03-10.41.10:006][  0]SourceControl: Info Source control is disabled
[2017.05.03-10.41.10:006][  0]Cmd: MAP LOAD FILE="../../../../../../Users/Ed/Documents/Unreal Projects/04_BattleTank/BattleTank/Content/Levels/BattleGround.umap" TEMPLATE=0 SHOWPROGRESS=1 FEATURELEVEL=3
[2017.05.03-10.41.10:007][  0]LightingResults: New page: Lighting Build
[2017.05.03-10.41.10:032][  0]MapCheck: New page: Map Check
[2017.05.03-10.41.10:032][  0]LightingResults: New page: Lighting Build
[2017.05.03-10.41.10:375][  0]LogAIModule: Creating AISystem for world BattleGround
[2017.05.03-10.41.10:411][  0]LogEditorServer: Finished looking for orphan Actors (0.000 secs)
[2017.05.03-10.41.10:412][  0]Cmd: MAP CHECKDEP NOCLEARLOG
[2017.05.03-10.41.10:443][  0]MapCheck: Info Map check complete: 0 Error(s), 0 Warning(s), took 31.362ms to complete.
[2017.05.03-10.41.10:443][  0]LogFileHelpers: Loading map 'BattleGround' took 0.437
[2017.05.03-10.41.10:504][  0]LogWindowsTextInputMethodSystem:Display: IME system now deactivated.
[2017.05.03-10.41.10:585][  0]LogCollectionManager: Loaded 1 collections in 0.001057 seconds
[2017.05.03-10.41.10:648][  0]LogFileCache: Scanning file cache for directory 'C:/Users/Ed/Documents/Unreal Projects/04_BattleTank/BattleTank/Saved/Collections/' took 0.01s
[2017.05.03-10.41.10:648][  0]LogFileCache: Scanning file cache for directory 'C:/Users/Ed/Documents/Unreal Projects/04_BattleTank/BattleTank/Content/Developers/Ed/Collections/' took 0.01s
[2017.05.03-10.41.10:648][  0]LogFileCache: Scanning file cache for directory 'C:/Users/Ed/Documents/Unreal Projects/04_BattleTank/BattleTank/Content/Collections/' took 0.01s
[2017.05.03-10.41.10:648][  0]LogCollectionManager: Rebuilt the GUID cache for 1 collections in 0.000002 seconds
[2017.05.03-10.41.10:648][  0]LogCollectionManager: Rebuilt the hierarchy cache for 1 collections in 0.000000 seconds
[2017.05.03-10.41.10:656][  0]LogContentBrowser: Native class hierarchy populated in 0.0075 seconds. Added 2257 classes and 456 folders.
[2017.05.03-10.41.10:658][  0]LogStats: UGameplayTagsManager::ConstructGameplayTagTree: Construct from data asset -  0.000 s
[2017.05.03-10.41.10:658][  0]LogStats: UGameplayTagsManager::ConstructGameplayTagTree: GameplayTagTreeChangedEvent.Broadcast -  0.000 s
[2017.05.03-10.41.10:699][  0]LogContentBrowser: Native class hierarchy updated for 'WidgetCarousel' in 0.0014 seconds. Added 0 classes and 0 folders.
[2017.05.03-10.41.10:723][  0]LogContentBrowser: Native class hierarchy updated for 'AddContentDialog' in 0.0014 seconds. Added 0 classes and 0 folders.
[2017.05.03-10.41.10:755][  0]LogContentBrowser: Native class hierarchy updated for 'SceneOutliner' in 0.0014 seconds. Added 1 classes and 2 folders.
[2017.05.03-10.41.10:788][  0]LogCrashTracker: Crashtracker disabled due to settings.
[2017.05.03-10.41.10:791][  0]LogUObjectGlobals:Warning: Failed to find object 'Class None.'
[2017.05.03-10.41.10:841][  0]LogContentBrowser: Native class hierarchy updated for 'HierarchicalLODOutliner' in 0.0014 seconds. Added 1 classes and 2 folders.
[2017.05.03-10.41.10:841][  0]LogLoad: (Engine Initialization) Total time: 10.37 seconds
[2017.05.03-10.41.10:841][  0]LogLoad: (Engine Initialization) Total Blueprint compile time: 0.09 seconds
[2017.05.03-10.41.10:841][  0]LogExternalProfiler: No external profilers were discovered.  External profiling features will not be available.
[2017.05.03-10.41.10:850][  0]LogOcInput: OculusInput pre-init called
[2017.05.03-10.41.10:862][  0]LogAssetRegistry: Asset discovery search completed in 5.7651 seconds
[2017.05.03-10.41.10:862][  0]LogCollectionManager: Rebuilt the object cache for 1 collections in 0.000003 seconds (found 0 objects)
[2017.05.03-10.41.10:862][  0]LogCollectionManager: Fixed up redirectors for 1 collections in 0.000015 seconds (updated 0 objects)
[2017.05.03-10.41.10:866][  0]LogContentStreaming: Texture pool size now 1000 MB
[2017.05.03-10.41.10:872][  0]LogSlate: Took 0.000139 seconds to synchronously load lazily loaded font '../../../Engine/Content/Slate/Fonts/Roboto-Regular.ttf' (155K)
[2017.05.03-10.41.10:875][  0]LogSlate: Took 0.000172 seconds to synchronously load lazily loaded font '../../../Engine/Content/Slate/Fonts/Roboto-Bold.ttf' (160K)
[2017.05.03-10.41.10:879][  0]LogSlate: Took 0.000173 seconds to synchronously load lazily loaded font '../../../Engine/Content/Editor/Slate/Fonts/FontAwesome.ttf' (139K)
[2017.05.03-10.41.11:004][  1]LogRenderer: Reallocating scene render targets to support 1176x812 NumSamples 1 (Frame:2).
[2017.05.03-10.41.13:835][308]LogTemp: Repeting last play command: Selected Viewport
[2017.05.03-10.41.13:849][308]LogBlueprintUserMessages: Early PlayInEditor Detection: Level '/Game/Levels/BattleGround.BattleGround:PersistentLevel' has LevelScriptBlueprint '/Game/Levels/BattleGround.BattleGround:PersistentLevel.BattleGround' with GeneratedClass '/Game/Levels/BattleGround.BattleGround_C' with ClassGeneratedBy '/Game/Levels/BattleGround.BattleGround:PersistentLevel.BattleGround'
[2017.05.03-10.41.13:849][308]LogPlayLevel: PlayLevel: No blueprints needed recompiling
[2017.05.03-10.41.13:849][308]PIE: New page: PIE session: BattleGround (3 May 2017 12:41:13)
[2017.05.03-10.41.13:849][308]LogPlayLevel: Creating play world package: /Game/Levels/UEDPIE_0_BattleGround
[2017.05.03-10.41.13:875][308]LogPlayLevel: PIE: StaticDuplicateObject took: (0.025917s)
[2017.05.03-10.41.13:875][308]LogAIModule: Creating AISystem for world BattleGround
[2017.05.03-10.41.13:876][308]LogPlayLevel: PIE: World Init took: (0.000451s)
[2017.05.03-10.41.13:876][308]LogPlayLevel: PIE: Created PIE world by copying editor world from /Game/Levels/BattleGround.BattleGround to /Game/Levels/UEDPIE_0_BattleGround.BattleGround (0.026542s)
[2017.05.03-10.41.13:889][308]LogInit: XAudio2 using '1 - Acer XR341CK (AMD High Definition Audio Device)' : 2 channels at 48 kHz using 16 bits per sample (channel mask 0x3)
[2017.05.03-10.41.13:894][308]LogInit: FAudioDevice initialized.
[2017.05.03-10.41.13:932][308]LogLoad: Game class is 'BattleTankGameMode_BP_C'
[2017.05.03-10.41.13:936][308]LogWorld: Bringing World /Game/Levels/UEDPIE_0_BattleGround.BattleGround up for play (max tick rate 0) at 2017.05.03-11.41.13
[2017.05.03-10.41.14:015][308]LogStats: FPlatformStackWalk::StackWalkAndDump -  0.078 s
[2017.05.03-10.41.14:015][308]LogOutputDevice:Error: === Handled ensure: ===
[2017.05.03-10.41.14:015][308]LogOutputDevice:Error: 
[2017.05.03-10.41.14:015][308]LogOutputDevice:Error: Ensure condition failed: PossessedTank [File:C:\Users\Ed\Documents\Unreal Projects\04_BattleTank\BattleTank\Source\BattleTank\Private\TankAIController.cpp] [Line: 66]
[2017.05.03-10.41.14:015][308]LogOutputDevice:Error: 
[2017.05.03-10.41.14:015][308]LogOutputDevice:Error: Stack: 
[2017.05.03-10.41.14:015][308]LogOutputDevice:Error: UE4Editor-Core.dll!0x00000000ECF495E6
[2017.05.03-10.41.14:015][308]LogOutputDevice:Error: UE4Editor-Core.dll!0x00000000ECCF9B82
[2017.05.03-10.41.14:015][308]LogOutputDevice:Error: UE4Editor-Core.dll!0x00000000ECD0B666
[2017.05.03-10.41.14:015][308]LogOutputDevice:Error: UE4Editor-BattleTank-4486.dll!ATankAIController::SetPawn() [c:\users\ed\documents\unreal projects\04_battletank\battletank\source\battletank\private\tankaicontroller.cpp:66]
[2017.05.03-10.41.14:015][308]LogOutputDevice:Error: UE4Editor-Engine.dll!0x00000000D2DACD74
[2017.05.03-10.41.14:015][308]LogOutputDevice:Error: UE4Editor-AIModule.dll!0x00000000DEE160DF
[2017.05.03-10.41.14:015][308]LogOutputDevice:Error: UE4Editor-Engine.dll!0x00000000D33ED6D8
[2017.05.03-10.41.14:015][308]LogOutputDevice:Error: UE4Editor-Engine.dll!0x00000000D33E1511
[2017.05.03-10.41.14:015][308]LogOutputDevice:Error: UE4Editor-Engine.dll!0x00000000D3077DC1
[2017.05.03-10.41.14:015][308]LogOutputDevice:Error: UE4Editor-Engine.dll!0x00000000D39428EF
[2017.05.03-10.41.14:015][308]LogOutputDevice:Error: UE4Editor-Engine.dll!0x00000000D2F1BF77
[2017.05.03-10.41.14:015][308]LogOutputDevice:Error: UE4Editor-UnrealEd.dll!0x00000000D1708AD7
[2017.05.03-10.41.14:015][308]LogOutputDevice:Error: UE4Editor-UnrealEd.dll!0x00000000D17352DD
[2017.05.03-10.41.14:015][308]LogOutputDevice:Error: UE4Editor-UnrealEd.dll!0x00000000D1751764
[2017.05.03-10.41.14:015][308]LogOutputDevice:Error: UE4Editor-UnrealEd.dll!0x00000000D123626B
[2017.05.03-10.41.14:015][308]LogOutputDevice:Error: UE4Editor-UnrealEd.dll!0x00000000D1A42086
[2017.05.03-10.41.14:015][308]LogOutputDevice:Error: UE4Editor.exe!0x000000007294DEE3
[2017.05.03-10.41.14:015][308]LogOutputDevice:Error: UE4Editor.exe!0x000000007293EB40
[2017.05.03-10.41.14:015][308]LogOutputDevice:Error: UE4Editor.exe!0x000000007293EBBA
[2017.05.03-10.41.14:015][308]LogOutputDevice:Error: UE4Editor.exe!0x0000000072950A29
[2017.05.03-10.41.14:015][308]LogOutputDevice:Error: UE4Editor.exe!0x00000000729522B6
[2017.05.03-10.41.14:015][308]LogOutputDevice:Error: KERNEL32.DLL!0x00000000076C8364
[2017.05.03-10.41.14:015][308]LogOutputDevice:Error: ntdll.dll!0x0000000008D070D1
[2017.05.03-10.41.14:015][308]LogOutputDevice:Error: 
[2017.05.03-10.41.14:025][308]LogStats:                SubmitErrorReport -  0.000 s
