Log file open, 04/23/17 20:17:54
LogInit:Display: Running engine for game: BattleTank
LogPlatformFile: Not using cached read wrapper
LogInit:Display: RandInit(-1944360413) SRandInit(-1944360413).
LogTaskGraph: Started task graph with 5 named threads and 8 total threads with 1 sets of task threads.
LogStats: Stats thread started at 0.088439
LogInit: Using libcurl 7.47.1
LogInit:  - built for x86_64-pc-win32
LogInit:  - supports SSL with OpenSSL/1.0.2g
LogInit:  - supports HTTP deflate (compression) using libz 1.2.8
LogInit:  - other features:
LogInit:      CURL_VERSION_SSL
LogInit:      CURL_VERSION_LIBZ
LogInit:      CURL_VERSION_IPV6
LogInit:      CURL_VERSION_ASYNCHDNS
LogInit:      CURL_VERSION_LARGEFILE
LogInit:      CURL_VERSION_IDN
LogInit:  CurlRequestOptions (configurable via config and command line):
LogInit:  - bVerifyPeer = false  - Libcurl will NOT verify peer certificate
LogInit:  - bUseHttpProxy = false  - Libcurl will NOT use HTTP proxy
LogInit:  - bDontReuseConnections = false  - Libcurl will reuse connections
LogInit:  - CertBundlePath = nullptr  - Libcurl will use whatever was configured at build time.
LogInit: Build: ++UE4+Release-4.15-CL-3299760
LogInit: Engine Version: 4.15.0-3299760+++UE4+Release-4.15
LogInit: Compatible Engine Version: 4.15.0-3299760+++UE4+Release-4.15
LogInit: Net CL: 3299760
LogDevObjectVersion: Number of dev versions registered: 14
LogDevObjectVersion:   Dev-Blueprints (B0D832E4-1F89-4F0D-ACCF-7EB736FD4AA2): 8
LogDevObjectVersion:   Dev-Build (E1C64328-A22C-4D53-A36C-8E866417BD8C): 0
LogDevObjectVersion:   Dev-Core (375EC13C-06E4-48FB-B500-84F0262A717E): 2
LogDevObjectVersion:   Dev-Editor (E4B068ED-F494-42E9-A231-DA0B2E46BB41): 14
LogDevObjectVersion:   Dev-Framework (CFFC743F-43B0-4480-9391-14DF171D2073): 22
LogDevObjectVersion:   Dev-Mobile (B02B49B5-BB20-44E9-A304-32B752E40360): 0
LogDevObjectVersion:   Dev-Networking (A4E4105C-59A1-49B5-A7C5-40C4547EDFEE): 0
LogDevObjectVersion:   Dev-Online (39C831C9-5AE6-47DC-9A44-9C173E1C8E7C): 0
LogDevObjectVersion:   Dev-Physics (78F01B33-EBEA-4F98-B9B4-84EACCB95AA2): 0
LogDevObjectVersion:   Dev-Platform (6631380F-2D4D-43E0-8009-CF276956A95A): 0
LogDevObjectVersion:   Dev-Rendering (12F88B9F-8875-4AFC-A67C-D90C383ABD29): 12
LogDevObjectVersion:   Dev-Sequencer (7B5AE74C-D270-4C10-A958-57980B212A5A): 3
LogDevObjectVersion:   Dev-VR (D7296918-1DD6-4BDD-9DE2-64A83CC13884): 0
LogDevObjectVersion:   Dev-LoadTimes (C2A15278-BFE7-4AFE-6C17-90FF531DF755): 1
LogInit: Compiled (64-bit): Feb 14 2017 02:04:14
LogInit: Compiled with Visual C++: 19.00.23026.00
LogInit: Build Configuration: Development
LogInit: Branch Name: ++UE4+Release-4.15
LogInit: Command line: -EpicPortal 
LogInit: Base directory: C:/Program Files/Epic Games/UE_4.15/Engine/Binaries/Win64/
LogInit: Installed Engine Build: 1
LogInit: Presizing for max 8388607 objects, including 0 objects not considered by GC, pre-allocating 0 bytes for permanent pool.
LogInit: Object subsystem initialized
[2017.04.23-19.17.55:365][  0]LogInit: Selected Device Profile: [Windows]
[2017.04.23-19.17.55:365][  0]LogInit: Applying CVar settings loaded from the selected device profile: [Windows]
[2017.04.23-19.17.55:391][  0]LogInit: Computer: DESKTOP-0PEK566
[2017.04.23-19.17.55:391][  0]LogInit: User: Sarah
[2017.04.23-19.17.55:391][  0]LogInit: CPU Page size=65536, Cores=4
[2017.04.23-19.17.55:391][  0]LogInit: High frequency timer resolution =2.143576 MHz
[2017.04.23-19.17.55:391][  0]LogMemory: Memory total: Physical=7.9GB (8GB approx)
[2017.04.23-19.17.55:391][  0]LogMemory: Platform Memory Stats for Windows
[2017.04.23-19.17.55:391][  0]LogMemory: Process Physical Memory: 263.16 MB used, 263.16 MB peak
[2017.04.23-19.17.55:391][  0]LogMemory: Process Virtual Memory: 262.58 MB used, 262.58 MB peak
[2017.04.23-19.17.55:391][  0]LogMemory: Physical Memory: 3163.07 MB used,  4921.21 MB free, 8084.27 MB total
[2017.04.23-19.17.55:391][  0]LogMemory: Virtual Memory: 644.18 MB used,  4921.21 MB free, 134217728.00 MB total
[2017.04.23-19.17.55:499][  0]LogTextLocalizationManager: No specific translations for ('en-US') exist, so ('en') translations will be used.
[2017.04.23-19.17.56:263][  0]LogD3D11RHI: D3D11 adapters:
[2017.04.23-19.17.56:321][  0]LogD3D11RHI:    0. 'AMD Radeon HD 7600M Series' (Feature Level 11_0)
[2017.04.23-19.17.56:321][  0]LogD3D11RHI:       1004/0/3840 MB DedicatedVideo/DedicatedSystem/SharedSystem, Outputs:1, VendorId:0x1002
[2017.04.23-19.17.56:324][  0]LogD3D11RHI:    1. 'Intel(R) HD Graphics 4000' (Feature Level 11_0)
[2017.04.23-19.17.56:324][  0]LogD3D11RHI:       32/0/1760 MB DedicatedVideo/DedicatedSystem/SharedSystem, Outputs:0, VendorId:0x8086
[2017.04.23-19.17.56:325][  0]LogD3D11RHI:    2. 'Microsoft Basic Render Driver' (Feature Level 11_0)
[2017.04.23-19.17.56:325][  0]LogD3D11RHI:       0/0/4042 MB DedicatedVideo/DedicatedSystem/SharedSystem, Outputs:0, VendorId:0x1414
[2017.04.23-19.17.56:325][  0]LogD3D11RHI: Chosen D3D11 Adapter: 0
[2017.04.23-19.17.56:332][  0]LogD3D11RHI: Creating new Direct3DDevice
[2017.04.23-19.17.56:332][  0]LogD3D11RHI:     GPU DeviceId: 0x6840 (for the marketing name, search the web for "GPU Device Id")
[2017.04.23-19.17.56:332][  0]LogWindows: EnumDisplayDevices:
[2017.04.23-19.17.56:332][  0]LogWindows:    0. 'Intel(R) HD Graphics 4000' (P:1 D:1)
[2017.04.23-19.17.56:332][  0]LogWindows:    1. 'Intel(R) HD Graphics 4000' (P:0 D:0)
[2017.04.23-19.17.56:333][  0]LogWindows:    2. 'Intel(R) HD Graphics 4000' (P:0 D:0)
[2017.04.23-19.17.56:333][  0]LogWindows: DebugString: PrimaryIsNotTheChoosenAdapter PrimaryIsNotTheChoosenAdapter PrimaryIsNotTheChoosenAdapter FoundDriverCount:0 
[2017.04.23-19.17.56:333][  0]LogD3D11RHI:     Adapter Name: AMD Radeon HD 7600M Series
[2017.04.23-19.17.56:333][  0]LogD3D11RHI:   Driver Version: Unknown (internal:Unknown, unified:Unknown)
[2017.04.23-19.17.56:333][  0]LogD3D11RHI:      Driver Date: Unknown
[2017.04.23-19.17.56:333][  0]LogRHI: Texture pool is 702 MB (70% of 1004 MB)
[2017.04.23-19.17.56:341][  0]LogD3D11RHI: AMD Pre GCN architecture detected, some driver workarounds will be in place
[2017.04.23-19.17.56:348][  0]LogD3D11RHI: Async texture creation enabled
[2017.04.23-19.17.56:361][  0]LogD3D11RHI: GPU Timing Frequency: 27.000000 (Debug: 2 1)
[2017.04.23-19.17.56:362][  0]LogShaderCompilers: Guid format shader working directory is -35 characters bigger than the processId version (../../../../../../Users/Sarah/Documents/Unreal Projects/04_BattleTank/BattleTank/Intermediate/Shaders/WorkingDirectory/19800/).
[2017.04.23-19.17.56:362][  0]LogShaderCompilers: Cleaned the shader compiler working directory 'C:/Users/Sarah/AppData/Local/Temp/UnrealShaderWorkingDir/71B4C3B141E3948901362CB7FACBB797/'.
[2017.04.23-19.17.56:362][  0]LogShaderCompilers:Display: Using Local Shader Compiler.
[2017.04.23-19.17.57:676][  0]LogTemp:Display: Loaded TP AllDesktopTargetPlatform
[2017.04.23-19.17.57:755][  0]LogTemp:Display: Loaded TP MacClientTargetPlatform
[2017.04.23-19.17.57:834][  0]LogTemp:Display: Loaded TP MacNoEditorTargetPlatform
[2017.04.23-19.17.57:911][  0]LogTemp:Display: Loaded TP MacServerTargetPlatform
[2017.04.23-19.17.57:989][  0]LogTemp:Display: Loaded TP MacTargetPlatform
[2017.04.23-19.17.58:066][  0]LogTemp:Display: Loaded TP WindowsClientTargetPlatform
[2017.04.23-19.17.58:143][  0]LogTemp:Display: Loaded TP WindowsNoEditorTargetPlatform
[2017.04.23-19.17.58:219][  0]LogTemp:Display: Loaded TP WindowsServerTargetPlatform
[2017.04.23-19.17.58:283][  0]LogTemp:Display: Loaded TP WindowsTargetPlatform
[2017.04.23-19.17.58:359][  0]LogTemp:Display: Loaded TP AndroidTargetPlatform
[2017.04.23-19.17.58:437][  0]LogTemp:Display: Loaded TP Android_ASTCTargetPlatform
[2017.04.23-19.17.58:514][  0]LogTemp:Display: Loaded TP Android_ATCTargetPlatform
[2017.04.23-19.17.58:590][  0]LogTemp:Display: Loaded TP Android_DXTTargetPlatform
[2017.04.23-19.17.58:666][  0]LogTemp:Display: Loaded TP Android_ETC1TargetPlatform
[2017.04.23-19.17.58:744][  0]LogTemp:Display: Loaded TP Android_ETC2TargetPlatform
[2017.04.23-19.17.58:896][  0]LogTemp:Display: Loaded TP Android_MultiTargetPlatform
[2017.04.23-19.17.58:896][  0]LogTemp:Display: Loaded TP Android_PVRTCTargetPlatform
[2017.04.23-19.17.58:949][  0]LogTemp:Display: Loaded TP HTML5TargetPlatform
[2017.04.23-19.17.59:078][  0]LogTemp:Display: Loaded TP IOSTargetPlatform
[2017.04.23-19.17.59:129][  0]LogTemp:Display: Loaded TP TVOSTargetPlatform
[2017.04.23-19.17.59:205][  0]LogTemp:Display: Loaded TP LinuxClientTargetPlatform
[2017.04.23-19.17.59:281][  0]LogTemp:Display: Loaded TP LinuxNoEditorTargetPlatform
[2017.04.23-19.17.59:357][  0]LogTemp:Display: Loaded TP LinuxServerTargetPlatform
[2017.04.23-19.17.59:432][  0]LogTemp:Display: Loaded TP LinuxTargetPlatform
[2017.04.23-19.17.59:432][  0]LogTargetPlatformManager:Display: Building Assets For Windows
[2017.04.23-19.18.00:080][  0]LogDerivedDataCache:Display: Max Cache Size: 512 MB
[2017.04.23-19.18.00:135][  0]LogDerivedDataCache: Loaded boot cache 0.06s 50MB C:/Users/Sarah/AppData/Local/UnrealEngine/4.15/DerivedDataCache/Boot.ddc.
[2017.04.23-19.18.00:135][  0]LogDerivedDataCache:Display: Loaded Boot cache: C:/Users/Sarah/AppData/Local/UnrealEngine/4.15/DerivedDataCache/Boot.ddc
[2017.04.23-19.18.00:135][  0]LogDerivedDataCache: FDerivedDataBackendGraph:  Pak pak cache file ../../../../../../Users/Sarah/Documents/Unreal Projects/04_BattleTank/BattleTank/DerivedDataCache/DDC.ddp not found, will not use a pak cache.
[2017.04.23-19.18.00:135][  0]LogDerivedDataCache: Unable to find inner node Pak for hierarchical cache Hierarchy.
[2017.04.23-19.18.00:136][  0]LogDerivedDataCache: FDerivedDataBackendGraph:  CompressedPak pak cache file ../../../../../../Users/Sarah/Documents/Unreal Projects/04_BattleTank/BattleTank/DerivedDataCache/Compressed.ddp not found, will not use a pak cache.
[2017.04.23-19.18.00:136][  0]LogDerivedDataCache: Unable to find inner node CompressedPak for hierarchical cache Hierarchy.
[2017.04.23-19.18.00:158][  0]LogDerivedDataCache:Display: Pak cache opened for reading ../../../Engine/DerivedDataCache/Compressed.ddp.
[2017.04.23-19.18.00:170][  0]LogDerivedDataCache: Using Local data cache path C:/Users/Sarah/AppData/Local/UnrealEngine/Common/DerivedDataCache: Writable
[2017.04.23-19.18.00:181][  0]LogSlate: Using Freetype 2.6.0
[2017.04.23-19.18.00:181][  0]LogSlate: SlateFontCache - WITH_FREETYPE: 1, WITH_HARFBUZZ: 1
[2017.04.23-19.18.00:181][  0]LogSlate: SlateFontCache - WITH_FREETYPE: 1, WITH_HARFBUZZ: 1
[2017.04.23-19.18.00:541][  0]LogInit: Selected Device Profile: [Windows]
[2017.04.23-19.18.00:545][  0]LogContentStreaming: Texture pool size is 0.00 MB
[2017.04.23-19.18.00:823][  0]LogMeshUtilities: Using QuadricMeshReduction for automatic static mesh reduction
[2017.04.23-19.18.00:882][  0]LogSimplygon: Simplygon DLL not present - disabling.
[2017.04.23-19.18.00:955][  0]LogMeshUtilities: Using SimplygonSwarm for distributed automatic mesh merging
[2017.04.23-19.18.00:955][  0]LogMeshUtilities: No automatic skeletal mesh reduction module available
[2017.04.23-19.18.00:955][  0]LogMeshUtilities: No automatic mesh merging module available
[2017.04.23-19.18.01:676][  0]LogNetVersion: GetLocalNetworkVersion: CL: 3299760, ProjectName: battletank, ProjectVersion: , EngineNetworkVersion: 2, GameNetworkVersion: 0, NetworkChecksum: 2512795372
[2017.04.23-19.18.01:732][  0]LogAssetRegistry: FAssetRegistry took 0.0224 seconds to start up
[2017.04.23-19.18.01:798][  0]LogPackageLocalizationCache: Processed 3 localized package path(s) for 2 prioritized culture(s) in 0.034668 seconds
[2017.04.23-19.18.01:804][  0]LogUObjectArray: 32475 objects as part of root set at end of initial load.
[2017.04.23-19.18.01:804][  0]LogUObjectAllocator: 7073360 out of 0 bytes used by permanent object pool.
[2017.04.23-19.18.01:804][  0]LogUObjectArray: CloseDisregardForGC: 0/0 objects in disregard for GC pool
[2017.04.23-19.18.01:894][  0]LogInit: WinSock: version 1.1 (2.2), MaxSocks=32767, MaxUdp=65467
[2017.04.23-19.18.04:040][  0]LogTcpMessaging: Initializing TcpMessaging bridge
[2017.04.23-19.18.04:099][  0]LogUdpMessaging: Initializing bridge on interface 0.0.0.0:0 to multicast group 230.0.0.1:6666.
[2017.04.23-19.18.04:801][  0]LogMaterial: Uniform references updated for custom material expression Custom.
[2017.04.23-19.18.05:345][  0]SourceControl: Info Source control is disabled
[2017.04.23-19.18.05:380][  0]SourceControl: Info Source control is disabled
[2017.04.23-19.18.05:453][  0]SourceControl: Info Source control is disabled
[2017.04.23-19.18.05:523][  0]SourceControl: Info Source control is disabled
[2017.04.23-19.18.07:391][  0]LogEngine: Initializing Engine...
[2017.04.23-19.18.07:392][  0]LogHMD: Failed to initialize OpenVR with code 110
[2017.04.23-19.18.07:696][  0]LogAIModule: Creating AISystem for world Untitled
[2017.04.23-19.18.07:705][  0]LogInit: XAudio2 using 'Speakers (2- High Definition Audio Device)' : 2 channels at 44.1 kHz using 16 bits per sample (channel mask 0x3)
[2017.04.23-19.18.07:724][  0]LogInit: FAudioDevice initialized.
[2017.04.23-19.18.07:754][  0]LogDerivedDataCache: Saved boot cache 0.03s 50MB C:/Users/Sarah/AppData/Local/UnrealEngine/4.15/DerivedDataCache/Boot.ddc.
[2017.04.23-19.18.07:789][  0]LogInit: Texture streaming: Enabled
[2017.04.23-19.18.07:923][  0]LogEngineSessionManager: EngineSessionManager initialized
[2017.04.23-19.18.08:044][  0]LogInit: Transaction tracking system initialized
[2017.04.23-19.18.08:518][  0]BlueprintLog: New page: Editor Load
[2017.04.23-19.18.09:735][  0]LocalizationService: Info Localization service is disabled
[2017.04.23-19.18.10:896][  0]LogConsoleResponse:Display: 
[2017.04.23-19.18.11:056][  0]LogCook:Display: Max memory allowance for cook 16384mb min free memory 0mb
[2017.04.23-19.18.11:056][  0]LogCook:Display: Mobile HDR setting 1
[2017.04.23-19.18.11:947][  0]LogFileCache: Scanning file cache for directory 'C:/Users/Sarah/Documents/Unreal Projects/04_BattleTank/BattleTank/Content/' took 0.02s
[2017.04.23-19.18.12:573][  0]SourceControl: Info Source control is disabled
[2017.04.23-19.18.12:573][  0]Cmd: MAP LOAD FILE="../../../../../../Users/Sarah/Documents/Unreal Projects/04_BattleTank/BattleTank/Content/Levels/BattleGround.umap" TEMPLATE=0 SHOWPROGRESS=1 FEATURELEVEL=3
[2017.04.23-19.18.12:573][  0]LightingResults: New page: Lighting Build
[2017.04.23-19.18.12:629][  0]MapCheck: New page: Map Check
[2017.04.23-19.18.12:629][  0]LightingResults: New page: Lighting Build
[2017.04.23-19.18.13:215][  0]LogAIModule: Creating AISystem for world BattleGround
[2017.04.23-19.18.13:474][  0]LogEditorServer: Finished looking for orphan Actors (0.000 secs)
[2017.04.23-19.18.13:475][  0]Cmd: MAP CHECKDEP NOCLEARLOG
[2017.04.23-19.18.13:528][  0]MapCheck: Info Map check complete: 0 Error(s), 0 Warning(s), took 53.29ms to complete.
[2017.04.23-19.18.13:528][  0]LogFileHelpers: Loading map 'BattleGround' took 0.956
[2017.04.23-19.18.13:598][  0]LogWindowsTextInputMethodSystem:Display: IME system now deactivated.
[2017.04.23-19.18.13:806][  0]LogCollectionManager: Loaded 1 collections in 0.005870 seconds
[2017.04.23-19.18.13:905][  0]LogFileCache: Scanning file cache for directory 'C:/Users/Sarah/Documents/Unreal Projects/04_BattleTank/BattleTank/Saved/Collections/' took 0.01s
[2017.04.23-19.18.13:905][  0]LogFileCache: Scanning file cache for directory 'C:/Users/Sarah/Documents/Unreal Projects/04_BattleTank/BattleTank/Content/Developers/Sarah/Collections/' took 0.01s
[2017.04.23-19.18.13:905][  0]LogFileCache: Scanning file cache for directory 'C:/Users/Sarah/Documents/Unreal Projects/04_BattleTank/BattleTank/Content/Collections/' took 0.01s
[2017.04.23-19.18.13:905][  0]LogCollectionManager: Rebuilt the GUID cache for 1 collections in 0.000005 seconds
[2017.04.23-19.18.13:905][  0]LogCollectionManager: Rebuilt the hierarchy cache for 1 collections in 0.000000 seconds
[2017.04.23-19.18.13:920][  0]LogContentBrowser: Native class hierarchy populated in 0.0140 seconds. Added 2253 classes and 453 folders.
[2017.04.23-19.18.13:925][  0]LogStats: UGameplayTagsManager::ConstructGameplayTagTree: Construct from data asset -  0.000 s
[2017.04.23-19.18.13:925][  0]LogStats: UGameplayTagsManager::ConstructGameplayTagTree: GameplayTagTreeChangedEvent.Broadcast -  0.000 s
[2017.04.23-19.18.14:014][  0]LogContentBrowser: Native class hierarchy updated for 'WidgetCarousel' in 0.0034 seconds. Added 0 classes and 0 folders.
[2017.04.23-19.18.14:419][  0]LogContentBrowser: Native class hierarchy updated for 'AddContentDialog' in 0.0038 seconds. Added 0 classes and 0 folders.
[2017.04.23-19.18.14:486][  0]LogContentBrowser: Native class hierarchy updated for 'SceneOutliner' in 0.0038 seconds. Added 1 classes and 2 folders.
[2017.04.23-19.18.14:552][  0]LogCrashTracker: Crashtracker disabled due to settings.
[2017.04.23-19.18.14:561][  0]LogUObjectGlobals:Warning: Failed to find object 'Class None.'
[2017.04.23-19.18.14:650][  0]LogContentBrowser: Native class hierarchy updated for 'HierarchicalLODOutliner' in 0.0037 seconds. Added 1 classes and 2 folders.
[2017.04.23-19.18.14:650][  0]LogLoad: (Engine Initialization) Total time: 22.48 seconds
[2017.04.23-19.18.14:650][  0]LogLoad: (Engine Initialization) Total Blueprint compile time: 0.16 seconds
[2017.04.23-19.18.14:650][  0]LogExternalProfiler: No external profilers were discovered.  External profiling features will not be available.
[2017.04.23-19.18.14:667][  0]LogOcInput: OculusInput pre-init called
[2017.04.23-19.18.14:690][  0]LogContentStreaming: Texture pool size now 600 MB
[2017.04.23-19.18.14:692][  0]LogSlate: Took 0.000472 seconds to synchronously load lazily loaded font '../../../Engine/Content/Slate/Fonts/Roboto-Regular.ttf' (155K)
[2017.04.23-19.18.14:697][  0]LogSlate: Took 0.000336 seconds to synchronously load lazily loaded font '../../../Engine/Content/Slate/Fonts/Roboto-Bold.ttf' (160K)
[2017.04.23-19.18.14:712][  0]LogSlate: Took 0.007793 seconds to synchronously load lazily loaded font '../../../Engine/Content/Editor/Slate/Fonts/FontAwesome.ttf' (139K)
[2017.04.23-19.18.15:226][  0]LogStats: FPlatformStackWalk::StackWalkAndDump -  0.371 s
[2017.04.23-19.18.15:226][  0]LogOutputDevice:Error: === Handled ensure: ===
[2017.04.23-19.18.15:226][  0]LogOutputDevice:Error: 
[2017.04.23-19.18.15:226][  0]LogOutputDevice:Error: Ensure condition failed: ListenerTransformCopy.IsValid() [File:D:\Build\++UE4+Release-4.15+Compile\Sync\Engine\Source\Runtime\Engine\Private\AudioDevice.cpp] [Line: 2143]
[2017.04.23-19.18.15:226][  0]LogOutputDevice:Error: Invalid listener transform provided to AudioDevice
[2017.04.23-19.18.15:226][  0]LogOutputDevice:Error: Stack: 
[2017.04.23-19.18.15:226][  0]LogOutputDevice:Error: UE4Editor-Core.dll!0x00000000993795D6
[2017.04.23-19.18.15:226][  0]LogOutputDevice:Error: UE4Editor-Core.dll!0x0000000099129B72
[2017.04.23-19.18.15:226][  0]LogOutputDevice:Error: UE4Editor-Core.dll!0x000000009913B656
[2017.04.23-19.18.15:227][  0]LogOutputDevice:Error: UE4Editor-Engine.dll!0x00000000959D1A7B
[2017.04.23-19.18.15:227][  0]LogOutputDevice:Error: UE4Editor-UnrealEd.dll!0x0000000093C4727A
[2017.04.23-19.18.15:227][  0]LogOutputDevice:Error: UE4Editor-UnrealEd.dll!0x0000000093C441B3
[2017.04.23-19.18.15:227][  0]LogOutputDevice:Error: UE4Editor-UnrealEd.dll!0x00000000938D197D
[2017.04.23-19.18.15:227][  0]LogOutputDevice:Error: UE4Editor-Engine.dll!0x00000000966E9C6E
[2017.04.23-19.18.15:227][  0]LogOutputDevice:Error: UE4Editor-Engine.dll!0x0000000096538175
[2017.04.23-19.18.15:227][  0]LogOutputDevice:Error: UE4Editor-Engine.dll!0x0000000096529A8A
[2017.04.23-19.18.15:227][  0]LogOutputDevice:Error: UE4Editor-Slate.dll!0x0000000095259866
[2017.04.23-19.18.15:227][  0]LogOutputDevice:Error: UE4Editor-SlateCore.dll!0x0000000094D48C55
[2017.04.23-19.18.15:227][  0]LogOutputDevice:Error: UE4Editor-SlateCore.dll!0x0000000094D4778E
[2017.04.23-19.18.15:227][  0]LogOutputDevice:Error: UE4Editor-SlateCore.dll!0x0000000094D48C55
[2017.04.23-19.18.15:227][  0]LogOutputDevice:Error: UE4Editor-SlateCore.dll!0x0000000094D4778E
[2017.04.23-19.18.15:227][  0]LogOutputDevice:Error: UE4Editor-SlateCore.dll!0x0000000094D48C55
[2017.04.23-19.18.15:227][  0]LogOutputDevice:Error: UE4Editor-Slate.dll!0x0000000095255712
[2017.04.23-19.18.15:227][  0]LogOutputDevice:Error: UE4Editor-SlateCore.dll!0x0000000094D48C55
[2017.04.23-19.18.15:227][  0]LogOutputDevice:Error: UE4Editor-SlateCore.dll!0x0000000094D47ABE
[2017.04.23-19.18.15:227][  0]LogOutputDevice:Error: UE4Editor-SlateCore.dll!0x0000000094D48C55
[2017.04.23-19.18.15:227][  0]LogOutputDevice:Error: UE4Editor-SlateCore.dll!0x0000000094D4778E
[2017.04.23-19.18.15:227][  0]LogOutputDevice:Error: UE4Editor-SlateCore.dll!0x0000000094D48C55
[2017.04.23-19.18.15:227][  0]LogOutputDevice:Error: UE4Editor-SlateCore.dll!0x0000000094D4778E
[2017.04.23-19.18.15:227][  0]LogOutputDevice:Error: UE4Editor-Slate.dll!0x00000000951DCECC
[2017.04.23-19.18.15:227][  0]LogOutputDevice:Error: UE4Editor-SlateCore.dll!0x0000000094D48C55
[2017.04.23-19.18.15:227][  0]LogOutputDevice:Error: UE4Editor-SlateCore.dll!0x0000000094D47ABE
[2017.04.23-19.18.15:227][  0]LogOutputDevice:Error: UE4Editor-SlateCore.dll!0x0000000094D48C55
[2017.04.23-19.18.15:227][  0]LogOutputDevice:Error: UE4Editor-SlateCore.dll!0x0000000094D49060
[2017.04.23-19.18.15:227][  0]LogOutputDevice:Error: UE4Editor-SlateCore.dll!0x0000000094D47C08
[2017.04.23-19.18.15:227][  0]LogOutputDevice:Error: UE4Editor-SlateCore.dll!0x0000000094D48C55
[2017.04.23-19.18.15:227][  0]LogOutputDevice:Error: UE4Editor-SlateCore.dll!0x0000000094D4778E
[2017.04.23-19.18.15:227][  0]LogOutputDevice:Error: UE4Editor-SlateCore.dll!0x0000000094D48C55
[2017.04.23-19.18.15:227][  0]LogOutputDevice:Error: UE4Editor-SlateCore.dll!0x0000000094D49060
[2017.04.23-19.18.15:227][  0]LogOutputDevice:Error: UE4Editor-Slate.dll!0x00000000952591BD
[2017.04.23-19.18.15:227][  0]LogOutputDevice:Error: UE4Editor-SlateCore.dll!0x0000000094D48C55
[2017.04.23-19.18.15:227][  0]LogOutputDevice:Error: UE4Editor-SlateCore.dll!0x0000000094D4778E
[2017.04.23-19.18.15:227][  0]LogOutputDevice:Error: UE4Editor-SlateCore.dll!0x0000000094D48C55
[2017.04.23-19.18.15:227][  0]LogOutputDevice:Error: UE4Editor-SlateCore.dll!0x0000000094D49060
[2017.04.23-19.18.15:227][  0]LogOutputDevice:Error: UE4Editor-Slate.dll!0x00000000952591BD
[2017.04.23-19.18.15:227][  0]LogOutputDevice:Error: UE4Editor-SlateCore.dll!0x0000000094D48C55
[2017.04.23-19.18.15:227][  0]LogOutputDevice:Error: UE4Editor-SlateCore.dll!0x0000000094D4778E
[2017.04.23-19.18.15:227][  0]LogOutputDevice:Error: UE4Editor-SlateCore.dll!0x0000000094D48C55
[2017.04.23-19.18.15:227][  0]LogOutputDevice:Error: UE4Editor-SlateCore.dll!0x0000000094D49060
[2017.04.23-19.18.15:227][  0]LogOutputDevice:Error: UE4Editor-Slate.dll!0x00000000952591BD
[2017.04.23-19.18.15:227][  0]LogOutputDevice:Error: UE4Editor-SlateCore.dll!0x0000000094D48C55
[2017.04.23-19.18.15:227][  0]LogOutputDevice:Error: UE4Editor-SlateCore.dll!0x0000000094D4778E
[2017.04.23-19.18.15:227][  0]LogOutputDevice:Error: UE4Editor-SlateCore.dll!0x0000000094D48C55
[2017.04.23-19.18.15:227][  0]LogOutputDevice:Error: UE4Editor-SlateCore.dll!0x0000000094D49060
[2017.04.23-19.18.15:227][  0]LogOutputDevice:Error: UE4Editor-Slate.dll!0x00000000952591BD
[2017.04.23-19.18.15:227][  0]LogOutputDevice:Error: UE4Editor-SlateCore.dll!0x0000000094D48C55
[2017.04.23-19.18.15:227][  0]LogOutputDevice:Error: UE4Editor-SlateCore.dll!0x0000000094D47ABE
[2017.04.23-19.18.15:227][  0]LogOutputDevice:Error: UE4Editor-SlateCore.dll!0x0000000094D48C55
[2017.04.23-19.18.15:227][  0]LogOutputDevice:Error: UE4Editor-SlateCore.dll!0x0000000094D4778E
[2017.04.23-19.18.15:227][  0]LogOutputDevice:Error: UE4Editor-SlateCore.dll!0x0000000094D48C55
[2017.04.23-19.18.15:227][  0]LogOutputDevice:Error: UE4Editor-SlateCore.dll!0x0000000094D49060
[2017.04.23-19.18.15:227][  0]LogOutputDevice:Error: UE4Editor-SlateCore.dll!0x0000000094D47C08
[2017.04.23-19.18.15:227][  0]LogOutputDevice:Error: UE4Editor-SlateCore.dll!0x0000000094D48C55
[2017.04.23-19.18.15:227][  0]LogOutputDevice:Error: UE4Editor-SlateCore.dll!0x0000000094D4778E
[2017.04.23-19.18.15:227][  0]LogOutputDevice:Error: UE4Editor-SlateCore.dll!0x0000000094D48C55
[2017.04.23-19.18.15:227][  0]LogOutputDevice:Error: UE4Editor-SlateCore.dll!0x0000000094D4778E
[2017.04.23-19.18.15:227][  0]LogOutputDevice:Error: UE4Editor-Slate.dll!0x00000000951DCECC
[2017.04.23-19.18.15:227][  0]LogOutputDevice:Error: UE4Editor-SlateCore.dll!0x0000000094D48C55
[2017.04.23-19.18.15:227][  0]LogOutputDevice:Error: UE4Editor-SlateCore.dll!0x0000000094D47ABE
[2017.04.23-19.18.15:227][  0]LogOutputDevice:Error: UE4Editor-SlateCore.dll!0x0000000094D48C55
[2017.04.23-19.18.15:227][  0]LogOutputDevice:Error: UE4Editor-SlateCore.dll!0x0000000094D49060
[2017.04.23-19.18.15:227][  0]LogOutputDevice:Error: UE4Editor-SlateCore.dll!0x0000000094D47C08
[2017.04.23-19.18.15:227][  0]LogOutputDevice:Error: UE4Editor-SlateCore.dll!0x0000000094D48C55
[2017.04.23-19.18.15:227][  0]LogOutputDevice:Error: UE4Editor-SlateCore.dll!0x0000000094D4778E
[2017.04.23-19.18.15:227][  0]LogOutputDevice:Error: UE4Editor-SlateCore.dll!0x0000000094D48C55
[2017.04.23-19.18.15:227][  0]LogOutputDevice:Error: UE4Editor-SlateCore.dll!0x0000000094D49060
[2017.04.23-19.18.15:228][  0]LogOutputDevice:Error: UE4Editor-Slate.dll!0x00000000952591BD
[2017.04.23-19.18.15:228][  0]LogOutputDevice:Error: UE4Editor-SlateCore.dll!0x0000000094D48C55
[2017.04.23-19.18.15:228][  0]LogOutputDevice:Error: UE4Editor-SlateCore.dll!0x0000000094D47ABE
[2017.04.23-19.18.15:228][  0]LogOutputDevice:Error: UE4Editor-SlateCore.dll!0x0000000094D48C55
[2017.04.23-19.18.15:228][  0]LogOutputDevice:Error: UE4Editor-SlateCore.dll!0x0000000094D4778E
[2017.04.23-19.18.15:228][  0]LogOutputDevice:Error: UE4Editor-SlateCore.dll!0x0000000094D48C55
[2017.04.23-19.18.15:228][  0]LogOutputDevice:Error: UE4Editor-SlateCore.dll!0x0000000094D49060
[2017.04.23-19.18.15:228][  0]LogOutputDevice:Error: UE4Editor-SlateCore.dll!0x0000000094D47C08
[2017.04.23-19.18.15:228][  0]LogOutputDevice:Error: UE4Editor-SlateCore.dll!0x0000000094D48C55
[2017.04.23-19.18.15:228][  0]LogOutputDevice:Error: UE4Editor-SlateCore.dll!0x0000000094D49060
[2017.04.23-19.18.15:228][  0]LogOutputDevice:Error: UE4Editor-SlateCore.dll!0x0000000094D47C08
[2017.04.23-19.18.15:228][  0]LogOutputDevice:Error: UE4Editor-SlateCore.dll!0x0000000094D48C55
[2017.04.23-19.18.15:228][  0]LogOutputDevice:Error: UE4Editor-SlateCore.dll!0x0000000094D47ABE
[2017.04.23-19.18.15:228][  0]LogOutputDevice:Error: UE4Editor-SlateCore.dll!0x0000000094D48C55
[2017.04.23-19.18.15:228][  0]LogOutputDevice:Error: UE4Editor-SlateCore.dll!0x0000000094D4778E
[2017.04.23-19.18.15:228][  0]LogOutputDevice:Error: UE4Editor-SlateCore.dll!0x0000000094D47CAA
[2017.04.23-19.18.15:228][  0]LogOutputDevice:Error: UE4Editor-SlateCore.dll!0x0000000094D48C55
[2017.04.23-19.18.15:228][  0]LogOutputDevice:Error: UE4Editor-Slate.dll!0x00000000950230FD
[2017.04.23-19.18.15:228][  0]LogOutputDevice:Error: UE4Editor-Slate.dll!0x000000009505CF94
[2017.04.23-19.18.15:228][  0]LogOutputDevice:Error: UE4Editor-Slate.dll!0x00000000950241C0
[2017.04.23-19.18.15:228][  0]LogOutputDevice:Error: UE4Editor-Slate.dll!0x0000000095082674
[2017.04.23-19.18.15:228][  0]LogOutputDevice:Error: UE4Editor-Slate.dll!0x00000000950815C0
[2017.04.23-19.18.15:228][  0]LogOutputDevice:Error: UE4Editor.exe!0x00000000C6A4EA1D
[2017.04.23-19.18.15:228][  0]LogOutputDevice:Error: UE4Editor.exe!0x00000000C6A3EB40
[2017.04.23-19.18.15:228][  0]LogOutputDevice:Error: UE4Editor.exe!0x00000000C6A3EBBA
[2017.04.23-19.18.15:228][  0]LogOutputDevice:Error: UE4Editor.exe!0x00000000C6A50A29
[2017.04.23-19.18.15:228][  0]LogOutputDevice:Error: UE4Editor.exe!0x00000000C6A522B6
[2017.04.23-19.18.15:228][  0]LogOutputDevice:Error: KERNEL32.DLL!0x00000000E12A8364
[2017.04.23-19.18.15:228][  0]LogOutputDevice:Error: 
[2017.04.23-19.18.15:235][  0]LogStats:                SubmitErrorReport -  0.000 s
