Log file open, 05/02/17 17:32:58
LogInit:Display: Running engine for game: BattleTank
LogPlatformFile: Not using cached read wrapper
LogInit:Display: RandInit(-1939571204) SRandInit(-1939571204).
LogTaskGraph: Started task graph with 5 named threads and 8 total threads with 1 sets of task threads.
LogStats: Stats thread started at 0.066814
LogInit: Using libcurl 7.47.1
LogInit:  - built for x86_64-pc-win32
LogInit:  - supports SSL with OpenSSL/1.0.2g
LogInit:  - supports HTTP deflate (compression) using libz 1.2.8
LogInit:  - other features:
LogInit:      CURL_VERSION_SSL
LogInit:      CURL_VERSION_LIBZ
LogInit:      CURL_VERSION_IPV6
LogInit:      CURL_VERSION_ASYNCHDNS
LogInit:      CURL_VERSION_LARGEFILE
LogInit:      CURL_VERSION_IDN
LogInit:  CurlRequestOptions (configurable via config and command line):
LogInit:  - bVerifyPeer = false  - Libcurl will NOT verify peer certificate
LogInit:  - bUseHttpProxy = false  - Libcurl will NOT use HTTP proxy
LogInit:  - bDontReuseConnections = false  - Libcurl will reuse connections
LogInit:  - CertBundlePath = nullptr  - Libcurl will use whatever was configured at build time.
LogInit: Build: ++UE4+Release-4.15-CL-3348071
LogInit: Engine Version: 4.15.1-3348071+++UE4+Release-4.15
LogInit: Compatible Engine Version: 4.15.0-3299760+++UE4+Release-4.15
LogInit: Net CL: 3299760
LogDevObjectVersion: Number of dev versions registered: 14
LogDevObjectVersion:   Dev-Blueprints (B0D832E4-1F89-4F0D-ACCF-7EB736FD4AA2): 8
LogDevObjectVersion:   Dev-Build (E1C64328-A22C-4D53-A36C-8E866417BD8C): 0
LogDevObjectVersion:   Dev-Core (375EC13C-06E4-48FB-B500-84F0262A717E): 2
LogDevObjectVersion:   Dev-Editor (E4B068ED-F494-42E9-A231-DA0B2E46BB41): 14
LogDevObjectVersion:   Dev-Framework (CFFC743F-43B0-4480-9391-14DF171D2073): 22
LogDevObjectVersion:   Dev-Mobile (B02B49B5-BB20-44E9-A304-32B752E40360): 0
LogDevObjectVersion:   Dev-Networking (A4E4105C-59A1-49B5-A7C5-40C4547EDFEE): 0
LogDevObjectVersion:   Dev-Online (39C831C9-5AE6-47DC-9A44-9C173E1C8E7C): 0
LogDevObjectVersion:   Dev-Physics (78F01B33-EBEA-4F98-B9B4-84EACCB95AA2): 0
LogDevObjectVersion:   Dev-Platform (6631380F-2D4D-43E0-8009-CF276956A95A): 0
LogDevObjectVersion:   Dev-Rendering (12F88B9F-8875-4AFC-A67C-D90C383ABD29): 12
LogDevObjectVersion:   Dev-Sequencer (7B5AE74C-D270-4C10-A958-57980B212A5A): 3
LogDevObjectVersion:   Dev-VR (D7296918-1DD6-4BDD-9DE2-64A83CC13884): 0
LogDevObjectVersion:   Dev-LoadTimes (C2A15278-BFE7-4AFE-6C17-90FF531DF755): 1
LogInit: Compiled (64-bit): Mar 15 2017 16:52:47
LogInit: Compiled with Visual C++: 19.00.23026.00
LogInit: Build Configuration: Development
LogInit: Branch Name: ++UE4+Release-4.15
LogInit: Command line: -EpicPortal 
LogInit: Base directory: C:/Program Files/Epic Games/UE_4.15/Engine/Binaries/Win64/
LogInit: Installed Engine Build: 1
LogInit: Presizing for max 8388607 objects, including 0 objects not considered by GC, pre-allocating 0 bytes for permanent pool.
LogInit: Object subsystem initialized
[2017.05.02-16.32.59:114][  0]LogInit: Selected Device Profile: [Windows]
[2017.05.02-16.32.59:114][  0]LogInit: Applying CVar settings loaded from the selected device profile: [Windows]
[2017.05.02-16.32.59:123][  0]LogInit: Computer: DESKTOP-7RIOMGQ
[2017.05.02-16.32.59:123][  0]LogInit: User: Ed
[2017.05.02-16.32.59:123][  0]LogInit: CPU Page size=65536, Cores=4
[2017.05.02-16.32.59:123][  0]LogInit: High frequency timer resolution =3.421878 MHz
[2017.05.02-16.32.59:123][  0]LogMemory: Memory total: Physical=16.0GB (16GB approx)
[2017.05.02-16.32.59:123][  0]LogMemory: Platform Memory Stats for Windows
[2017.05.02-16.32.59:123][  0]LogMemory: Process Physical Memory: 263.62 MB used, 263.62 MB peak
[2017.05.02-16.32.59:123][  0]LogMemory: Process Virtual Memory: 259.39 MB used, 259.39 MB peak
[2017.05.02-16.32.59:123][  0]LogMemory: Physical Memory: 8658.88 MB used,  7682.11 MB free, 16340.98 MB total
[2017.05.02-16.32.59:123][  0]LogMemory: Virtual Memory: 640.96 MB used,  7682.11 MB free, 134217728.00 MB total
[2017.05.02-16.32.59:182][  0]LogTextLocalizationManager: No specific translations for ('en-GB') exist, so ('en') translations will be used.
[2017.05.02-16.32.59:621][  0]LogD3D11RHI: D3D11 adapters:
[2017.05.02-16.32.59:637][  0]LogD3D11RHI:    0. 'Radeon (TM) RX 480 Graphics' (Feature Level 11_0)
[2017.05.02-16.32.59:637][  0]LogD3D11RHI:       8140/0/8170 MB DedicatedVideo/DedicatedSystem/SharedSystem, Outputs:1, VendorId:0x1002
[2017.05.02-16.32.59:638][  0]LogD3D11RHI:    1. 'Microsoft Basic Render Driver' (Feature Level 11_0)
[2017.05.02-16.32.59:638][  0]LogD3D11RHI:       0/0/8170 MB DedicatedVideo/DedicatedSystem/SharedSystem, Outputs:0, VendorId:0x1414
[2017.05.02-16.32.59:638][  0]LogD3D11RHI: Chosen D3D11 Adapter: 0
[2017.05.02-16.32.59:643][  0]LogD3D11RHI: Creating new Direct3DDevice
[2017.05.02-16.32.59:643][  0]LogD3D11RHI:     GPU DeviceId: 0x67df (for the marketing name, search the web for "GPU Device Id")
[2017.05.02-16.32.59:643][  0]LogWindows: EnumDisplayDevices:
[2017.05.02-16.32.59:643][  0]LogWindows:    0. 'Radeon (TM) RX 480 Graphics' (P:1 D:1)
[2017.05.02-16.32.59:643][  0]LogWindows:    1. 'Radeon (TM) RX 480 Graphics' (P:0 D:0)
[2017.05.02-16.32.59:643][  0]LogWindows:    2. 'Radeon (TM) RX 480 Graphics' (P:0 D:0)
[2017.05.02-16.32.59:643][  0]LogWindows:    3. 'Radeon (TM) RX 480 Graphics' (P:0 D:0)
[2017.05.02-16.32.59:643][  0]LogWindows:    4. 'Radeon (TM) RX 480 Graphics' (P:0 D:0)
[2017.05.02-16.32.59:643][  0]LogWindows:    5. 'Radeon (TM) RX 480 Graphics' (P:0 D:0)
[2017.05.02-16.32.59:644][  0]LogWindows: DebugString: FoundDriverCount:6 
[2017.05.02-16.32.59:644][  0]LogD3D11RHI:     Adapter Name: Radeon (TM) RX 480 Graphics
[2017.05.02-16.32.59:644][  0]LogD3D11RHI:   Driver Version: Crimson 16.7.2 (internal:16.200.1035.1001, unified:16.200.1035.1001)
[2017.05.02-16.32.59:644][  0]LogD3D11RHI:      Driver Date: 7-8-2016
[2017.05.02-16.32.59:644][  0]LogRHI: Texture pool is 1361 MB (70% of 1945 MB)
[2017.05.02-16.32.59:691][  0]LogD3D11RHI: Async texture creation enabled
[2017.05.02-16.32.59:701][  0]LogD3D11RHI: GPU Timing Frequency: 25.000000 (Debug: 2 1)
[2017.05.02-16.32.59:701][  0]LogShaderCompilers: Guid format shader working directory is -35 characters bigger than the processId version (../../../../../../Users/Ed/Documents/Unreal Projects/04_BattleTank/BattleTank/Intermediate/Shaders/WorkingDirectory/34444/).
[2017.05.02-16.32.59:701][  0]LogShaderCompilers: Cleaned the shader compiler working directory 'C:/Users/Ed/AppData/Local/Temp/UnrealShaderWorkingDir/07E5678F4C46D5B8EE5C82BCB1698339/'.
[2017.05.02-16.32.59:701][  0]LogShaderCompilers:Display: Using Local Shader Compiler.
[2017.05.02-16.33.00:476][  0]LogTemp:Display: Loaded TP AllDesktopTargetPlatform
[2017.05.02-16.33.00:518][  0]LogTemp:Display: Loaded TP MacClientTargetPlatform
[2017.05.02-16.33.00:558][  0]LogTemp:Display: Loaded TP MacNoEditorTargetPlatform
[2017.05.02-16.33.00:598][  0]LogTemp:Display: Loaded TP MacServerTargetPlatform
[2017.05.02-16.33.00:638][  0]LogTemp:Display: Loaded TP MacTargetPlatform
[2017.05.02-16.33.00:678][  0]LogTemp:Display: Loaded TP WindowsClientTargetPlatform
[2017.05.02-16.33.00:718][  0]LogTemp:Display: Loaded TP WindowsNoEditorTargetPlatform
[2017.05.02-16.33.00:757][  0]LogTemp:Display: Loaded TP WindowsServerTargetPlatform
[2017.05.02-16.33.00:789][  0]LogTemp:Display: Loaded TP WindowsTargetPlatform
[2017.05.02-16.33.00:829][  0]LogTemp:Display: Loaded TP AndroidTargetPlatform
[2017.05.02-16.33.00:867][  0]LogTemp:Display: Loaded TP Android_ASTCTargetPlatform
[2017.05.02-16.33.00:924][  0]LogTemp:Display: Loaded TP Android_ATCTargetPlatform
[2017.05.02-16.33.00:991][  0]LogTemp:Display: Loaded TP Android_DXTTargetPlatform
[2017.05.02-16.33.01:031][  0]LogTemp:Display: Loaded TP Android_ETC1TargetPlatform
[2017.05.02-16.33.01:076][  0]LogTemp:Display: Loaded TP Android_ETC2TargetPlatform
[2017.05.02-16.33.01:160][  0]LogTemp:Display: Loaded TP Android_MultiTargetPlatform
[2017.05.02-16.33.01:160][  0]LogTemp:Display: Loaded TP Android_PVRTCTargetPlatform
[2017.05.02-16.33.01:191][  0]LogTemp:Display: Loaded TP HTML5TargetPlatform
[2017.05.02-16.33.01:277][  0]LogTemp:Display: Loaded TP IOSTargetPlatform
[2017.05.02-16.33.01:305][  0]LogTemp:Display: Loaded TP TVOSTargetPlatform
[2017.05.02-16.33.01:348][  0]LogTemp:Display: Loaded TP LinuxClientTargetPlatform
[2017.05.02-16.33.01:411][  0]LogTemp:Display: Loaded TP LinuxNoEditorTargetPlatform
[2017.05.02-16.33.01:451][  0]LogTemp:Display: Loaded TP LinuxServerTargetPlatform
[2017.05.02-16.33.01:490][  0]LogTemp:Display: Loaded TP LinuxTargetPlatform
[2017.05.02-16.33.01:490][  0]LogTargetPlatformManager:Display: Building Assets For Windows
[2017.05.02-16.33.01:801][  0]LogDerivedDataCache:Display: Max Cache Size: 512 MB
[2017.05.02-16.33.01:837][  0]LogDerivedDataCache: Loaded boot cache 0.04s 50MB C:/Users/Ed/AppData/Local/UnrealEngine/4.15/DerivedDataCache/Boot.ddc.
[2017.05.02-16.33.01:837][  0]LogDerivedDataCache:Display: Loaded Boot cache: C:/Users/Ed/AppData/Local/UnrealEngine/4.15/DerivedDataCache/Boot.ddc
[2017.05.02-16.33.01:837][  0]LogDerivedDataCache: FDerivedDataBackendGraph:  Pak pak cache file ../../../../../../Users/Ed/Documents/Unreal Projects/04_BattleTank/BattleTank/DerivedDataCache/DDC.ddp not found, will not use a pak cache.
[2017.05.02-16.33.01:837][  0]LogDerivedDataCache: Unable to find inner node Pak for hierarchical cache Hierarchy.
[2017.05.02-16.33.01:837][  0]LogDerivedDataCache: FDerivedDataBackendGraph:  CompressedPak pak cache file ../../../../../../Users/Ed/Documents/Unreal Projects/04_BattleTank/BattleTank/DerivedDataCache/Compressed.ddp not found, will not use a pak cache.
[2017.05.02-16.33.01:837][  0]LogDerivedDataCache: Unable to find inner node CompressedPak for hierarchical cache Hierarchy.
[2017.05.02-16.33.01:851][  0]LogDerivedDataCache:Display: Pak cache opened for reading ../../../Engine/DerivedDataCache/Compressed.ddp.
[2017.05.02-16.33.01:863][  0]LogDerivedDataCache: Using Local data cache path C:/Users/Ed/AppData/Local/UnrealEngine/Common/DerivedDataCache: Writable
[2017.05.02-16.33.01:870][  0]LogSlate: Using Freetype 2.6.0
[2017.05.02-16.33.01:870][  0]LogSlate: SlateFontCache - WITH_FREETYPE: 1, WITH_HARFBUZZ: 1
[2017.05.02-16.33.01:870][  0]LogSlate: SlateFontCache - WITH_FREETYPE: 1, WITH_HARFBUZZ: 1
[2017.05.02-16.33.02:065][  0]LogInit: Selected Device Profile: [Windows]
[2017.05.02-16.33.02:068][  0]LogContentStreaming: Texture pool size is 0.00 MB
[2017.05.02-16.33.02:295][  0]LogMeshUtilities: Using QuadricMeshReduction for automatic static mesh reduction
[2017.05.02-16.33.02:333][  0]LogSimplygon: Simplygon DLL not present - disabling.
[2017.05.02-16.33.02:374][  0]LogMeshUtilities: Using SimplygonSwarm for distributed automatic mesh merging
[2017.05.02-16.33.02:374][  0]LogMeshUtilities: No automatic skeletal mesh reduction module available
[2017.05.02-16.33.02:374][  0]LogMeshUtilities: No automatic mesh merging module available
[2017.05.02-16.33.02:821][  0]LogNetVersion: GetLocalNetworkVersion: CL: 3299760, ProjectName: battletank, ProjectVersion: , EngineNetworkVersion: 2, GameNetworkVersion: 0, NetworkChecksum: 2512795372
[2017.05.02-16.33.02:860][  0]LogAssetRegistry: FAssetRegistry took 0.0222 seconds to start up
[2017.05.02-16.33.02:895][  0]LogPackageLocalizationCache: Processed 3 localized package path(s) for 2 prioritized culture(s) in 0.019848 seconds
[2017.05.02-16.33.02:900][  0]LogUObjectArray: 32493 objects as part of root set at end of initial load.
[2017.05.02-16.33.02:900][  0]LogUObjectAllocator: 7077024 out of 0 bytes used by permanent object pool.
[2017.05.02-16.33.02:900][  0]LogUObjectArray: CloseDisregardForGC: 0/0 objects in disregard for GC pool
[2017.05.02-16.33.02:945][  0]LogInit: WinSock: version 1.1 (2.2), MaxSocks=32767, MaxUdp=65467
[2017.05.02-16.33.04:084][  0]LogTcpMessaging: Initializing TcpMessaging bridge
[2017.05.02-16.33.04:115][  0]LogUdpMessaging: Initializing bridge on interface 0.0.0.0:0 to multicast group 230.0.0.1:6666.
[2017.05.02-16.33.04:481][  0]LogMaterial: Uniform references updated for custom material expression Custom.
[2017.05.02-16.33.04:752][  0]SourceControl: Info Source control is disabled
[2017.05.02-16.33.04:772][  0]SourceControl: Info Source control is disabled
[2017.05.02-16.33.04:807][  0]SourceControl: Info Source control is disabled
[2017.05.02-16.33.04:867][  0]SourceControl: Info Source control is disabled
[2017.05.02-16.33.05:731][  0]LogEngine: Initializing Engine...
[2017.05.02-16.33.05:732][  0]LogHMD: Failed to initialize OpenVR with code 110
[2017.05.02-16.33.05:901][  0]LogAIModule: Creating AISystem for world Untitled
[2017.05.02-16.33.05:909][  0]LogInit: XAudio2 using '1 - Acer XR341CK (AMD High Definition Audio Device)' : 2 channels at 48 kHz using 16 bits per sample (channel mask 0x3)
[2017.05.02-16.33.05:922][  0]LogInit: FAudioDevice initialized.
[2017.05.02-16.33.05:940][  0]LogDerivedDataCache: Saved boot cache 0.02s 50MB C:/Users/Ed/AppData/Local/UnrealEngine/4.15/DerivedDataCache/Boot.ddc.
[2017.05.02-16.33.05:944][  0]LogInit: Texture streaming: Enabled
[2017.05.02-16.33.06:031][  0]LogEngineSessionManager: EngineSessionManager initialized
[2017.05.02-16.33.06:095][  0]LogInit: Transaction tracking system initialized
[2017.05.02-16.33.06:333][  0]BlueprintLog: New page: Editor Load
[2017.05.02-16.33.07:003][  0]LocalizationService: Info Localization service is disabled
[2017.05.02-16.33.07:497][  0]LogConsoleResponse:Display: 
[2017.05.02-16.33.07:589][  0]LogCook:Display: Max memory allowance for cook 16384mb min free memory 0mb
[2017.05.02-16.33.07:589][  0]LogCook:Display: Mobile HDR setting 1
[2017.05.02-16.33.08:322][  0]LogFileCache: Scanning file cache for directory 'C:/Users/Ed/Documents/Unreal Projects/04_BattleTank/BattleTank/Content/' took 0.01s
[2017.05.02-16.33.08:322][  0]SourceControl: Info Source control is disabled
[2017.05.02-16.33.08:322][  0]Cmd: MAP LOAD FILE="../../../../../../Users/Ed/Documents/Unreal Projects/04_BattleTank/BattleTank/Content/Levels/BattleGround.umap" TEMPLATE=0 SHOWPROGRESS=1 FEATURELEVEL=3
[2017.05.02-16.33.08:323][  0]LightingResults: New page: Lighting Build
[2017.05.02-16.33.08:351][  0]MapCheck: New page: Map Check
[2017.05.02-16.33.08:351][  0]LightingResults: New page: Lighting Build
[2017.05.02-16.33.08:702][  0]LogAIModule: Creating AISystem for world BattleGround
[2017.05.02-16.33.08:736][  0]LogEditorServer: Finished looking for orphan Actors (0.000 secs)
[2017.05.02-16.33.08:737][  0]Cmd: MAP CHECKDEP NOCLEARLOG
[2017.05.02-16.33.08:777][  0]MapCheck: Info Map check complete: 0 Error(s), 0 Warning(s), took 39.689ms to complete.
[2017.05.02-16.33.08:777][  0]LogFileHelpers: Loading map 'BattleGround' took 0.455
[2017.05.02-16.33.08:861][  0]LogWindowsTextInputMethodSystem:Display: IME system now deactivated.
[2017.05.02-16.33.08:958][  0]LogCollectionManager: Loaded 1 collections in 0.001296 seconds
[2017.05.02-16.33.09:027][  0]LogFileCache: Scanning file cache for directory 'C:/Users/Ed/Documents/Unreal Projects/04_BattleTank/BattleTank/Saved/Collections/' took 0.01s
[2017.05.02-16.33.09:027][  0]LogFileCache: Scanning file cache for directory 'C:/Users/Ed/Documents/Unreal Projects/04_BattleTank/BattleTank/Content/Developers/Ed/Collections/' took 0.01s
[2017.05.02-16.33.09:027][  0]LogFileCache: Scanning file cache for directory 'C:/Users/Ed/Documents/Unreal Projects/04_BattleTank/BattleTank/Content/Collections/' took 0.01s
[2017.05.02-16.33.09:027][  0]LogCollectionManager: Rebuilt the GUID cache for 1 collections in 0.000003 seconds
[2017.05.02-16.33.09:027][  0]LogCollectionManager: Rebuilt the hierarchy cache for 1 collections in 0.000000 seconds
[2017.05.02-16.33.09:035][  0]LogContentBrowser: Native class hierarchy populated in 0.0078 seconds. Added 2256 classes and 456 folders.
[2017.05.02-16.33.09:038][  0]LogStats: UGameplayTagsManager::ConstructGameplayTagTree: Construct from data asset -  0.000 s
[2017.05.02-16.33.09:038][  0]LogStats: UGameplayTagsManager::ConstructGameplayTagTree: GameplayTagTreeChangedEvent.Broadcast -  0.000 s
[2017.05.02-16.33.09:085][  0]LogContentBrowser: Native class hierarchy updated for 'WidgetCarousel' in 0.0015 seconds. Added 0 classes and 0 folders.
[2017.05.02-16.33.09:112][  0]LogContentBrowser: Native class hierarchy updated for 'AddContentDialog' in 0.0016 seconds. Added 0 classes and 0 folders.
[2017.05.02-16.33.09:148][  0]LogContentBrowser: Native class hierarchy updated for 'SceneOutliner' in 0.0016 seconds. Added 1 classes and 2 folders.
[2017.05.02-16.33.09:184][  0]LogCrashTracker: Crashtracker disabled due to settings.
[2017.05.02-16.33.09:188][  0]LogUObjectGlobals:Warning: Failed to find object 'Class None.'
[2017.05.02-16.33.09:240][  0]LogContentBrowser: Native class hierarchy updated for 'HierarchicalLODOutliner' in 0.0016 seconds. Added 1 classes and 2 folders.
[2017.05.02-16.33.09:240][  0]LogLoad: (Engine Initialization) Total time: 11.63 seconds
[2017.05.02-16.33.09:240][  0]LogLoad: (Engine Initialization) Total Blueprint compile time: 0.09 seconds
[2017.05.02-16.33.09:240][  0]LogExternalProfiler: No external profilers were discovered.  External profiling features will not be available.
[2017.05.02-16.33.09:249][  0]LogOcInput: OculusInput pre-init called
[2017.05.02-16.33.09:262][  0]LogAssetRegistry: Asset discovery search completed in 6.4245 seconds
[2017.05.02-16.33.09:262][  0]LogCollectionManager: Rebuilt the object cache for 1 collections in 0.000003 seconds (found 0 objects)
[2017.05.02-16.33.09:262][  0]LogCollectionManager: Fixed up redirectors for 1 collections in 0.000016 seconds (updated 0 objects)
[2017.05.02-16.33.09:266][  0]LogContentStreaming: Texture pool size now 1000 MB
[2017.05.02-16.33.09:273][  0]LogSlate: Took 0.000162 seconds to synchronously load lazily loaded font '../../../Engine/Content/Slate/Fonts/Roboto-Regular.ttf' (155K)
[2017.05.02-16.33.09:275][  0]LogSlate: Took 0.000136 seconds to synchronously load lazily loaded font '../../../Engine/Content/Slate/Fonts/Roboto-Bold.ttf' (160K)
[2017.05.02-16.33.09:279][  0]LogSlate: Took 0.000117 seconds to synchronously load lazily loaded font '../../../Engine/Content/Editor/Slate/Fonts/FontAwesome.ttf' (139K)
[2017.05.02-16.33.09:416][  1]LogRenderer: Reallocating scene render targets to support 1140x736 NumSamples 1 (Frame:2).
[2017.05.02-16.33.18:372][450]Recompiling BattleTank...
[2017.05.02-16.33.18:372][450]Launching UnrealBuildTool... [C:/Program Files/Epic Games/UE_4.15/Engine/Binaries/DotNET/UnrealBuildTool.exe BattleTank -ModuleWithSuffix BattleTank 1182 Win64 Development -editorrecompile -canskiplink "C:/Users/Ed/Documents/Unreal Projects/04_BattleTank/BattleTank/BattleTank.uproject" ]
[2017.05.02-16.33.18:374][450]Warning: Starting HotReload took  0.0s.
[2017.05.02-16.33.23:080][872]CompilerResultsLog: New page: Compilation - 2 May 2017 18:33:23
[2017.05.02-16.33.23:080][872]CompilerResultsLog: Info Compiling game modules for hot reload
[2017.05.02-16.33.23:080][872]CompilerResultsLog: Info Performing 3 actions (4 in parallel)
[2017.05.02-16.33.23:080][872]CompilerResultsLog: Info Tank.cpp
[2017.05.02-16.33.23:080][872]CompilerResultsLog:Error: Error c:\program files\epic games\ue_4.15\engine\source\runtime\core\public\Logging/LogMacros.h(34) : error C2665: 'CheckVA': none of the 11 overloads could convert all the argument types
[2017.05.02-16.33.23:080][872]CompilerResultsLog:Error: Error c:\program files\epic games\ue_4.15\engine\source\runtime\core\public\Misc/VarArgs.h(87) : note: could be 'bool CheckVA(bool)'
[2017.05.02-16.33.23:080][872]CompilerResultsLog:Error: Error c:\program files\epic games\ue_4.15\engine\source\runtime\core\public\Misc/VarArgs.h(86) : note: or       'void *CheckVA(ANSICHAR *)'
[2017.05.02-16.33.23:080][872]CompilerResultsLog:Error: Error c:\program files\epic games\ue_4.15\engine\source\runtime\core\public\Misc/VarArgs.h(85) : note: or       'TCHAR CheckVA(TCHAR)'
[2017.05.02-16.33.23:080][872]CompilerResultsLog:Error: Error c:\program files\epic games\ue_4.15\engine\source\runtime\core\public\Misc/VarArgs.h(84) : note: or       'long CheckVA(unsigned long)'
[2017.05.02-16.33.23:080][872]CompilerResultsLog:Error: Error c:\program files\epic games\ue_4.15\engine\source\runtime\core\public\Misc/VarArgs.h(83) : note: or       'long CheckVA(long)'
[2017.05.02-16.33.23:080][872]CompilerResultsLog:Error: Error c:\program files\epic games\ue_4.15\engine\source\runtime\core\public\Misc/VarArgs.h(82) : note: or       'double CheckVA(double)'
[2017.05.02-16.33.23:080][872]CompilerResultsLog:Error: Error c:\program files\epic games\ue_4.15\engine\source\runtime\core\public\Misc/VarArgs.h(81) : note: or       'int64 CheckVA(int64)'
[2017.05.02-16.33.23:080][872]CompilerResultsLog:Error: Error c:\program files\epic games\ue_4.15\engine\source\runtime\core\public\Misc/VarArgs.h(80) : note: or       'uint64 CheckVA(uint64)'
[2017.05.02-16.33.23:080][872]CompilerResultsLog:Error: Error c:\program files\epic games\ue_4.15\engine\source\runtime\core\public\Misc/VarArgs.h(79) : note: or       'int32 CheckVA(int32)'
[2017.05.02-16.33.23:080][872]CompilerResultsLog:Error: Error c:\program files\epic games\ue_4.15\engine\source\runtime\core\public\Misc/VarArgs.h(78) : note: or       'uint8 CheckVA(uint8)'
[2017.05.02-16.33.23:080][872]CompilerResultsLog:Error: Error c:\program files\epic games\ue_4.15\engine\source\runtime\core\public\Misc/VarArgs.h(77) : note: or       'uint32 CheckVA(uint32)'
[2017.05.02-16.33.23:080][872]CompilerResultsLog:Error: Error c:\program files\epic games\ue_4.15\engine\source\runtime\core\public\Logging/LogMacros.h(34) : note: while trying to match the argument list '(FString)'
[2017.05.02-16.33.23:080][872]CompilerResultsLog:Error: Error C:\Users\Ed\Documents\Unreal Projects\04_BattleTank\BattleTank\Source\BattleTank\Private\Tank.cpp(33) : note: see reference to function template instantiation 'void FMsg::Logf_Internal<FString,int32>(const ANSICHAR *,int32,const FName &,ELogVerbosity::Type,const TCHAR *,T1,T2)' being compiled
[2017.05.02-16.33.23:080][872]CompilerResultsLog: Info         with
[2017.05.02-16.33.23:080][872]CompilerResultsLog: Info         [
[2017.05.02-16.33.23:080][872]CompilerResultsLog: Info             T1=FString,
[2017.05.02-16.33.23:080][872]CompilerResultsLog: Info             T2=int32
[2017.05.02-16.33.23:080][872]CompilerResultsLog: Info         ]
[2017.05.02-16.33.23:080][872]CompilerResultsLog:Error: Error c:\program files\epic games\ue_4.15\engine\source\runtime\core\public\Logging/LogMacros.h(34) : error C4840: non-portable use of class 'FString' as an argument to a variadic function
[2017.05.02-16.33.23:080][872]CompilerResultsLog:Error: Error c:\program files\epic games\ue_4.15\engine\source\runtime\core\public\Logging/LogMacros.h(34) : note: 'FString::FString' is non-trivial
[2017.05.02-16.33.23:080][872]CompilerResultsLog:Error: Error c:\program files\epic games\ue_4.15\engine\source\runtime\core\public\Containers/UnrealString.h(71) : note: see declaration of 'FString::FString'
[2017.05.02-16.33.23:080][872]CompilerResultsLog:Error: Error c:\program files\epic games\ue_4.15\engine\source\runtime\core\public\Logging/LogMacros.h(34) : note: the constructor and destructor will not be called; a bitwise copy of the class will be passed as the argument
[2017.05.02-16.33.23:080][872]CompilerResultsLog:Error: Error c:\program files\epic games\ue_4.15\engine\source\runtime\core\public\GenericPlatform/GenericPlatformSplash.h(34) : note: see declaration of 'FString'
[2017.05.02-16.33.23:080][872]CompilerResultsLog: Info ERROR: UBT ERROR: Failed to produce item: C:\Users\Ed\Documents\Unreal Projects\04_BattleTank\BattleTank\Binaries\Win64\UE4Editor-BattleTank-1182.dll
[2017.05.02-16.33.23:080][872]CompilerResultsLog: Info Total build time: 4.20 seconds (Local executor: 0.00 seconds)
[2017.05.02-16.33.23:080][872]LogMainFrame: MainFrame: Module compiling took 4.712 seconds
[2017.05.02-16.33.23:081][872]Warning: HotReload failed, recompile failed
[2017.05.02-16.35.05:502][539]Recompiling BattleTank...
[2017.05.02-16.35.05:502][539]Launching UnrealBuildTool... [C:/Program Files/Epic Games/UE_4.15/Engine/Binaries/DotNET/UnrealBuildTool.exe BattleTank -ModuleWithSuffix BattleTank 8018 Win64 Development -editorrecompile -canskiplink "C:/Users/Ed/Documents/Unreal Projects/04_BattleTank/BattleTank/BattleTank.uproject" ]
[2017.05.02-16.35.05:503][539]Warning: Starting HotReload took  0.0s.
[2017.05.02-16.35.07:664][787]LogSlate: Took 0.000106 seconds to synchronously load lazily loaded font '../../../Engine/Content/Editor/Slate/Fonts/DroidSansMono.ttf' (77K)
[2017.05.02-16.35.10:262][ 90]CompilerResultsLog: New page: Compilation - 2 May 2017 18:35:10
[2017.05.02-16.35.10:262][ 90]CompilerResultsLog: Info Compiling game modules for hot reload
[2017.05.02-16.35.10:262][ 90]CompilerResultsLog: Info Performing 3 actions (4 in parallel)
[2017.05.02-16.35.10:262][ 90]CompilerResultsLog: Info Tank.cpp
[2017.05.02-16.35.10:262][ 90]CompilerResultsLog: Info [2/3] Link UE4Editor-BattleTank-8018.dll
[2017.05.02-16.35.10:262][ 90]CompilerResultsLog: Info [3/3] Link UE4Editor-BattleTank-8018.lib
[2017.05.02-16.35.10:262][ 90]CompilerResultsLog: Info    Creating library C:\Users\Ed\Documents\Unreal Projects\04_BattleTank\BattleTank\Intermediate\Build\Win64\UE4Editor\Development\UE4Editor-BattleTank-8018.lib and object C:\Users\Ed\Documents\Unreal Projects\04_BattleTank\BattleTank\Intermediate\Build\Win64\UE4Editor\Development\UE4Editor-BattleTank-8018.exp
[2017.05.02-16.35.10:262][ 90]CompilerResultsLog: Info    Creating library C:\Users\Ed\Documents\Unreal Projects\04_BattleTank\BattleTank\Intermediate\Build\Win64\UE4Editor\Development\UE4Editor-BattleTank-8018.suppressed.lib and object C:\Users\Ed\Documents\Unreal Projects\04_BattleTank\BattleTank\Intermediate\Build\Win64\UE4Editor\Development\UE4Editor-BattleTank-8018.suppressed.exp
[2017.05.02-16.35.10:262][ 90]CompilerResultsLog: Info Total build time: 4.56 seconds (Local executor: 2.00 seconds)
[2017.05.02-16.35.10:262][ 90]LogMainFrame: MainFrame: Module compiling took 4.764 seconds
[2017.05.02-16.35.10:325][ 90]LogClass: EFiringStatus HotReload.
[2017.05.02-16.35.10:329][ 90]LogContentBrowser: Native class hierarchy updated for 'BattleTank' in 0.0016 seconds. Added 11 classes and 3 folders.
[2017.05.02-16.35.10:330][ 90]Display: HotReload successful (9 functions remapped  0 scriptstructs remapped)
[2017.05.02-16.35.10:385][ 90]LogContentBrowser: Native class hierarchy populated in 0.0079 seconds. Added 2258 classes and 460 folders.
[2017.05.02-16.35.10:385][ 90]Display: HotReload took  4.9s.
[2017.05.02-16.35.15:189][660]LogTemp: Repeting last play command: Selected Viewport
[2017.05.02-16.35.15:204][660]LogBlueprintUserMessages: Early PlayInEditor Detection: Level '/Game/Levels/BattleGround.BattleGround:PersistentLevel' has LevelScriptBlueprint '/Game/Levels/BattleGround.BattleGround:PersistentLevel.BattleGround' with GeneratedClass '/Game/Levels/BattleGround.BattleGround_C' with ClassGeneratedBy '/Game/Levels/BattleGround.BattleGround:PersistentLevel.BattleGround'
[2017.05.02-16.35.15:204][660]LogPlayLevel: PlayLevel: No blueprints needed recompiling
[2017.05.02-16.35.15:204][660]PIE: New page: PIE session: BattleGround (2 May 2017 18:35:15)
[2017.05.02-16.35.15:204][660]LogPlayLevel: Creating play world package: /Game/Levels/UEDPIE_0_BattleGround
[2017.05.02-16.35.15:231][660]LogPlayLevel: PIE: StaticDuplicateObject took: (0.027485s)
[2017.05.02-16.35.15:232][660]LogAIModule: Creating AISystem for world BattleGround
[2017.05.02-16.35.15:232][660]LogPlayLevel: PIE: World Init took: (0.000583s)
[2017.05.02-16.35.15:232][660]LogPlayLevel: PIE: Created PIE world by copying editor world from /Game/Levels/BattleGround.BattleGround to /Game/Levels/UEDPIE_0_BattleGround.BattleGround (0.028289s)
[2017.05.02-16.35.15:242][660]LogInit: XAudio2 using '1 - Acer XR341CK (AMD High Definition Audio Device)' : 2 channels at 48 kHz using 16 bits per sample (channel mask 0x3)
[2017.05.02-16.35.15:276][660]LogInit: FAudioDevice initialized.
[2017.05.02-16.35.15:315][660]LogLoad: Game class is 'BattleTankGameMode_BP_C'
[2017.05.02-16.35.15:319][660]LogWorld: Bringing World /Game/Levels/UEDPIE_0_BattleGround.BattleGround up for play (max tick rate 0) at 2017.05.02-17.35.15
[2017.05.02-16.35.15:320][660]LogWorld: Bringing up level for play took: 0.003731
[2017.05.02-16.35.15:356][660]LogContentBrowser: Native class hierarchy updated for 'MovieSceneCapture' in 0.0015 seconds. Added 11 classes and 0 folders.
[2017.05.02-16.35.15:358][660]PIE: Info Play in editor start time for /Game/Levels/UEDPIE_0_BattleGround 0.187
[2017.05.02-16.35.15:358][660]LogBlueprintUserMessages: Late PlayInEditor Detection: Level '/Game/Levels/BattleGround.BattleGround:PersistentLevel' has LevelScriptBlueprint '/Game/Levels/BattleGround.BattleGround:PersistentLevel.BattleGround' with GeneratedClass '/Game/Levels/BattleGround.BattleGround_C' with ClassGeneratedBy '/Game/Levels/BattleGround.BattleGround:PersistentLevel.BattleGround'
[2017.05.02-16.35.23:514][619]LogTemp:Warning: DamageAmount=20.000000, DamageToApply=20
