Log file open, 04/28/17 12:26:04
LogInit:Display: Running engine for game: BattleTank
LogPlatformFile: Not using cached read wrapper
LogInit:Display: RandInit(176404359) SRandInit(176404359).
LogTaskGraph: Started task graph with 5 named threads and 8 total threads with 1 sets of task threads.
LogStats: Stats thread started at 0.156947
LogInit: Using libcurl 7.47.1
LogInit:  - built for x86_64-pc-win32
LogInit:  - supports SSL with OpenSSL/1.0.2g
LogInit:  - supports HTTP deflate (compression) using libz 1.2.8
LogInit:  - other features:
LogInit:      CURL_VERSION_SSL
LogInit:      CURL_VERSION_LIBZ
LogInit:      CURL_VERSION_IPV6
LogInit:      CURL_VERSION_ASYNCHDNS
LogInit:      CURL_VERSION_LARGEFILE
LogInit:      CURL_VERSION_IDN
LogInit:  CurlRequestOptions (configurable via config and command line):
LogInit:  - bVerifyPeer = false  - Libcurl will NOT verify peer certificate
LogInit:  - bUseHttpProxy = false  - Libcurl will NOT use HTTP proxy
LogInit:  - bDontReuseConnections = false  - Libcurl will reuse connections
LogInit:  - CertBundlePath = nullptr  - Libcurl will use whatever was configured at build time.
LogInit: Build: ++UE4+Release-4.15-CL-3299760
LogInit: Engine Version: 4.15.0-3299760+++UE4+Release-4.15
LogInit: Compatible Engine Version: 4.15.0-3299760+++UE4+Release-4.15
LogInit: Net CL: 3299760
LogDevObjectVersion: Number of dev versions registered: 14
LogDevObjectVersion:   Dev-Blueprints (B0D832E4-1F89-4F0D-ACCF-7EB736FD4AA2): 8
LogDevObjectVersion:   Dev-Build (E1C64328-A22C-4D53-A36C-8E866417BD8C): 0
LogDevObjectVersion:   Dev-Core (375EC13C-06E4-48FB-B500-84F0262A717E): 2
LogDevObjectVersion:   Dev-Editor (E4B068ED-F494-42E9-A231-DA0B2E46BB41): 14
LogDevObjectVersion:   Dev-Framework (CFFC743F-43B0-4480-9391-14DF171D2073): 22
LogDevObjectVersion:   Dev-Mobile (B02B49B5-BB20-44E9-A304-32B752E40360): 0
LogDevObjectVersion:   Dev-Networking (A4E4105C-59A1-49B5-A7C5-40C4547EDFEE): 0
LogDevObjectVersion:   Dev-Online (39C831C9-5AE6-47DC-9A44-9C173E1C8E7C): 0
LogDevObjectVersion:   Dev-Physics (78F01B33-EBEA-4F98-B9B4-84EACCB95AA2): 0
LogDevObjectVersion:   Dev-Platform (6631380F-2D4D-43E0-8009-CF276956A95A): 0
LogDevObjectVersion:   Dev-Rendering (12F88B9F-8875-4AFC-A67C-D90C383ABD29): 12
LogDevObjectVersion:   Dev-Sequencer (7B5AE74C-D270-4C10-A958-57980B212A5A): 3
LogDevObjectVersion:   Dev-VR (D7296918-1DD6-4BDD-9DE2-64A83CC13884): 0
LogDevObjectVersion:   Dev-LoadTimes (C2A15278-BFE7-4AFE-6C17-90FF531DF755): 1
LogInit: Compiled (64-bit): Feb 14 2017 02:04:14
LogInit: Compiled with Visual C++: 19.00.23026.00
LogInit: Build Configuration: Development
LogInit: Branch Name: ++UE4+Release-4.15
LogInit: Command line: -EpicPortal 
LogInit: Base directory: C:/Program Files/Epic Games/UE_4.15/Engine/Binaries/Win64/
LogInit: Installed Engine Build: 1
LogInit: Presizing for max 8388607 objects, including 0 objects not considered by GC, pre-allocating 0 bytes for permanent pool.
LogInit: Object subsystem initialized
[2017.04.28-11.26.06:947][  0]LogInit: Selected Device Profile: [Windows]
[2017.04.28-11.26.06:948][  0]LogInit: Applying CVar settings loaded from the selected device profile: [Windows]
[2017.04.28-11.26.06:994][  0]LogInit: Computer: DESKTOP-0PEK566
[2017.04.28-11.26.06:994][  0]LogInit: User: Sarah
[2017.04.28-11.26.06:994][  0]LogInit: CPU Page size=65536, Cores=4
[2017.04.28-11.26.06:994][  0]LogInit: High frequency timer resolution =2.143576 MHz
[2017.04.28-11.26.06:995][  0]LogMemory: Memory total: Physical=7.9GB (8GB approx)
[2017.04.28-11.26.06:995][  0]LogMemory: Platform Memory Stats for Windows
[2017.04.28-11.26.06:995][  0]LogMemory: Process Physical Memory: 263.82 MB used, 263.82 MB peak
[2017.04.28-11.26.06:995][  0]LogMemory: Process Virtual Memory: 262.46 MB used, 262.46 MB peak
[2017.04.28-11.26.06:995][  0]LogMemory: Physical Memory: 3807.29 MB used,  4276.99 MB free, 8084.27 MB total
[2017.04.28-11.26.06:995][  0]LogMemory: Virtual Memory: 644.18 MB used,  4276.99 MB free, 134217728.00 MB total
[2017.04.28-11.26.07:254][  0]LogTextLocalizationManager: No specific translations for ('en-US') exist, so ('en') translations will be used.
[2017.04.28-11.26.09:208][  0]LogD3D11RHI: D3D11 adapters:
[2017.04.28-11.26.09:287][  0]LogD3D11RHI:    0. 'AMD Radeon HD 7600M Series' (Feature Level 11_0)
[2017.04.28-11.26.09:287][  0]LogD3D11RHI:       1004/0/3840 MB DedicatedVideo/DedicatedSystem/SharedSystem, Outputs:1, VendorId:0x1002
[2017.04.28-11.26.09:304][  0]LogD3D11RHI:    1. 'Intel(R) HD Graphics 4000' (Feature Level 11_0)
[2017.04.28-11.26.09:304][  0]LogD3D11RHI:       32/0/1760 MB DedicatedVideo/DedicatedSystem/SharedSystem, Outputs:0, VendorId:0x8086
[2017.04.28-11.26.09:307][  0]LogD3D11RHI:    2. 'Microsoft Basic Render Driver' (Feature Level 11_0)
[2017.04.28-11.26.09:307][  0]LogD3D11RHI:       0/0/4042 MB DedicatedVideo/DedicatedSystem/SharedSystem, Outputs:0, VendorId:0x1414
[2017.04.28-11.26.09:307][  0]LogD3D11RHI: Chosen D3D11 Adapter: 0
[2017.04.28-11.26.09:337][  0]LogD3D11RHI: Creating new Direct3DDevice
[2017.04.28-11.26.09:337][  0]LogD3D11RHI:     GPU DeviceId: 0x6840 (for the marketing name, search the web for "GPU Device Id")
[2017.04.28-11.26.09:337][  0]LogWindows: EnumDisplayDevices:
[2017.04.28-11.26.09:338][  0]LogWindows:    0. 'Intel(R) HD Graphics 4000' (P:1 D:1)
[2017.04.28-11.26.09:338][  0]LogWindows:    1. 'Intel(R) HD Graphics 4000' (P:0 D:0)
[2017.04.28-11.26.09:339][  0]LogWindows:    2. 'Intel(R) HD Graphics 4000' (P:0 D:0)
[2017.04.28-11.26.09:339][  0]LogWindows: DebugString: PrimaryIsNotTheChoosenAdapter PrimaryIsNotTheChoosenAdapter PrimaryIsNotTheChoosenAdapter FoundDriverCount:0 
[2017.04.28-11.26.09:339][  0]LogD3D11RHI:     Adapter Name: AMD Radeon HD 7600M Series
[2017.04.28-11.26.09:339][  0]LogD3D11RHI:   Driver Version: Unknown (internal:Unknown, unified:Unknown)
[2017.04.28-11.26.09:339][  0]LogD3D11RHI:      Driver Date: Unknown
[2017.04.28-11.26.09:339][  0]LogRHI: Texture pool is 702 MB (70% of 1004 MB)
[2017.04.28-11.26.09:393][  0]LogD3D11RHI: AMD Pre GCN architecture detected, some driver workarounds will be in place
[2017.04.28-11.26.09:476][  0]LogD3D11RHI: Async texture creation enabled
[2017.04.28-11.26.09:499][  0]LogD3D11RHI: GPU Timing Frequency: 27.000000 (Debug: 2 1)
[2017.04.28-11.26.09:502][  0]LogShaderCompilers: Guid format shader working directory is -35 characters bigger than the processId version (../../../../../../Users/Sarah/Documents/Unreal Projects/04_BattleTank/BattleTank/Intermediate/Shaders/WorkingDirectory/93896/).
[2017.04.28-11.26.09:502][  0]LogShaderCompilers: Cleaned the shader compiler working directory 'C:/Users/Sarah/AppData/Local/Temp/UnrealShaderWorkingDir/9C3944114073A484BCFF368379AA8452/'.
[2017.04.28-11.26.09:502][  0]LogShaderCompilers:Display: Using Local Shader Compiler.
[2017.04.28-11.26.13:277][  0]LogTemp:Display: Loaded TP AllDesktopTargetPlatform
[2017.04.28-11.26.13:473][  0]LogTemp:Display: Loaded TP MacClientTargetPlatform
[2017.04.28-11.26.13:679][  0]LogTemp:Display: Loaded TP MacNoEditorTargetPlatform
[2017.04.28-11.26.13:888][  0]LogTemp:Display: Loaded TP MacServerTargetPlatform
[2017.04.28-11.26.14:103][  0]LogTemp:Display: Loaded TP MacTargetPlatform
[2017.04.28-11.26.14:298][  0]LogTemp:Display: Loaded TP WindowsClientTargetPlatform
[2017.04.28-11.26.14:523][  0]LogTemp:Display: Loaded TP WindowsNoEditorTargetPlatform
[2017.04.28-11.26.14:726][  0]LogTemp:Display: Loaded TP WindowsServerTargetPlatform
[2017.04.28-11.26.14:883][  0]LogTemp:Display: Loaded TP WindowsTargetPlatform
[2017.04.28-11.26.15:085][  0]LogTemp:Display: Loaded TP AndroidTargetPlatform
[2017.04.28-11.26.15:272][  0]LogTemp:Display: Loaded TP Android_ASTCTargetPlatform
[2017.04.28-11.26.15:456][  0]LogTemp:Display: Loaded TP Android_ATCTargetPlatform
[2017.04.28-11.26.15:643][  0]LogTemp:Display: Loaded TP Android_DXTTargetPlatform
[2017.04.28-11.26.15:829][  0]LogTemp:Display: Loaded TP Android_ETC1TargetPlatform
[2017.04.28-11.26.16:018][  0]LogTemp:Display: Loaded TP Android_ETC2TargetPlatform
[2017.04.28-11.26.16:393][  0]LogTemp:Display: Loaded TP Android_MultiTargetPlatform
[2017.04.28-11.26.16:393][  0]LogTemp:Display: Loaded TP Android_PVRTCTargetPlatform
[2017.04.28-11.26.16:526][  0]LogTemp:Display: Loaded TP HTML5TargetPlatform
[2017.04.28-11.26.16:808][  0]LogTemp:Display: Loaded TP IOSTargetPlatform
[2017.04.28-11.26.16:933][  0]LogTemp:Display: Loaded TP TVOSTargetPlatform
[2017.04.28-11.26.17:118][  0]LogTemp:Display: Loaded TP LinuxClientTargetPlatform
[2017.04.28-11.26.17:303][  0]LogTemp:Display: Loaded TP LinuxNoEditorTargetPlatform
[2017.04.28-11.26.17:486][  0]LogTemp:Display: Loaded TP LinuxServerTargetPlatform
[2017.04.28-11.26.17:670][  0]LogTemp:Display: Loaded TP LinuxTargetPlatform
[2017.04.28-11.26.17:670][  0]LogTargetPlatformManager:Display: Building Assets For Windows
[2017.04.28-11.26.19:410][  0]LogDerivedDataCache:Display: Max Cache Size: 512 MB
[2017.04.28-11.26.19:533][  0]LogDerivedDataCache: Loaded boot cache 0.12s 50MB C:/Users/Sarah/AppData/Local/UnrealEngine/4.15/DerivedDataCache/Boot.ddc.
[2017.04.28-11.26.19:533][  0]LogDerivedDataCache:Display: Loaded Boot cache: C:/Users/Sarah/AppData/Local/UnrealEngine/4.15/DerivedDataCache/Boot.ddc
[2017.04.28-11.26.19:533][  0]LogDerivedDataCache: FDerivedDataBackendGraph:  Pak pak cache file ../../../../../../Users/Sarah/Documents/Unreal Projects/04_BattleTank/BattleTank/DerivedDataCache/DDC.ddp not found, will not use a pak cache.
[2017.04.28-11.26.19:533][  0]LogDerivedDataCache: Unable to find inner node Pak for hierarchical cache Hierarchy.
[2017.04.28-11.26.19:533][  0]LogDerivedDataCache: FDerivedDataBackendGraph:  CompressedPak pak cache file ../../../../../../Users/Sarah/Documents/Unreal Projects/04_BattleTank/BattleTank/DerivedDataCache/Compressed.ddp not found, will not use a pak cache.
[2017.04.28-11.26.19:533][  0]LogDerivedDataCache: Unable to find inner node CompressedPak for hierarchical cache Hierarchy.
[2017.04.28-11.26.19:589][  0]LogDerivedDataCache:Display: Pak cache opened for reading ../../../Engine/DerivedDataCache/Compressed.ddp.
[2017.04.28-11.26.19:602][  0]LogDerivedDataCache: Using Local data cache path C:/Users/Sarah/AppData/Local/UnrealEngine/Common/DerivedDataCache: Writable
[2017.04.28-11.26.19:628][  0]LogSlate: Using Freetype 2.6.0
[2017.04.28-11.26.19:629][  0]LogSlate: SlateFontCache - WITH_FREETYPE: 1, WITH_HARFBUZZ: 1
[2017.04.28-11.26.19:629][  0]LogSlate: SlateFontCache - WITH_FREETYPE: 1, WITH_HARFBUZZ: 1
[2017.04.28-11.26.21:051][  0]LogInit: Selected Device Profile: [Windows]
[2017.04.28-11.26.21:059][  0]LogContentStreaming: Texture pool size is 0.00 MB
[2017.04.28-11.26.21:802][  0]LogMeshUtilities: Using QuadricMeshReduction for automatic static mesh reduction
[2017.04.28-11.26.21:953][  0]LogSimplygon: Simplygon DLL not present - disabling.
[2017.04.28-11.26.22:173][  0]LogMeshUtilities: Using SimplygonSwarm for distributed automatic mesh merging
[2017.04.28-11.26.22:173][  0]LogMeshUtilities: No automatic skeletal mesh reduction module available
[2017.04.28-11.26.22:173][  0]LogMeshUtilities: No automatic mesh merging module available
[2017.04.28-11.26.23:944][  0]LogNetVersion: GetLocalNetworkVersion: CL: 3299760, ProjectName: battletank, ProjectVersion: , EngineNetworkVersion: 2, GameNetworkVersion: 0, NetworkChecksum: 2512795372
[2017.04.28-11.26.24:051][  0]LogAssetRegistry: FAssetRegistry took 0.0228 seconds to start up
[2017.04.28-11.26.24:232][  0]LogPackageLocalizationCache: Processed 3 localized package path(s) for 2 prioritized culture(s) in 0.083949 seconds
[2017.04.28-11.26.24:248][  0]LogUObjectArray: 32475 objects as part of root set at end of initial load.
[2017.04.28-11.26.24:248][  0]LogUObjectAllocator: 7073360 out of 0 bytes used by permanent object pool.
[2017.04.28-11.26.24:248][  0]LogUObjectArray: CloseDisregardForGC: 0/0 objects in disregard for GC pool
[2017.04.28-11.26.24:496][  0]LogInit: WinSock: version 1.1 (2.2), MaxSocks=32767, MaxUdp=65467
[2017.04.28-11.26.30:458][  0]LogTcpMessaging: Initializing TcpMessaging bridge
[2017.04.28-11.26.30:632][  0]LogUdpMessaging: Initializing bridge on interface 0.0.0.0:0 to multicast group 230.0.0.1:6666.
[2017.04.28-11.26.32:827][  0]LogMaterial: Uniform references updated for custom material expression Custom.
[2017.04.28-11.26.34:640][  0]SourceControl: Info Source control is disabled
[2017.04.28-11.26.34:756][  0]SourceControl: Info Source control is disabled
[2017.04.28-11.26.34:992][  0]SourceControl: Info Source control is disabled
[2017.04.28-11.26.35:220][  0]SourceControl: Info Source control is disabled
[2017.04.28-11.26.41:092][  0]LogEngine: Initializing Engine...
[2017.04.28-11.26.41:094][  0]LogHMD: Failed to initialize OpenVR with code 110
[2017.04.28-11.26.41:860][  0]LogAIModule: Creating AISystem for world Untitled
[2017.04.28-11.26.41:880][  0]LogInit: XAudio2 using 'Speakers (2- High Definition Audio Device)' : 2 channels at 44.1 kHz using 16 bits per sample (channel mask 0x3)
[2017.04.28-11.26.41:934][  0]LogInit: FAudioDevice initialized.
[2017.04.28-11.26.42:022][  0]LogDerivedDataCache: Saved boot cache 0.09s 50MB C:/Users/Sarah/AppData/Local/UnrealEngine/4.15/DerivedDataCache/Boot.ddc.
[2017.04.28-11.26.42:041][  0]LogInit: Texture streaming: Enabled
[2017.04.28-11.26.42:394][  0]LogEngineSessionManager: EngineSessionManager initialized
[2017.04.28-11.26.42:837][  0]LogInit: Transaction tracking system initialized
[2017.04.28-11.26.44:272][  0]BlueprintLog: New page: Editor Load
[2017.04.28-11.26.48:183][  0]LocalizationService: Info Localization service is disabled
[2017.04.28-11.26.51:852][  0]LogConsoleResponse:Display: 
[2017.04.28-11.26.52:355][  0]LogCook:Display: Max memory allowance for cook 16384mb min free memory 0mb
[2017.04.28-11.26.52:355][  0]LogCook:Display: Mobile HDR setting 1
[2017.04.28-11.26.53:280][  0]LogFileCache: Scanning file cache for directory 'C:/Users/Sarah/Documents/Unreal Projects/04_BattleTank/BattleTank/Content/' took 0.03s
[2017.04.28-11.26.57:425][  0]SourceControl: Info Source control is disabled
[2017.04.28-11.26.57:425][  0]Cmd: MAP LOAD FILE="../../../../../../Users/Sarah/Documents/Unreal Projects/04_BattleTank/BattleTank/Content/Levels/BattleGround.umap" TEMPLATE=0 SHOWPROGRESS=1 FEATURELEVEL=3
[2017.04.28-11.26.57:438][  0]LightingResults: New page: Lighting Build
[2017.04.28-11.26.57:594][  0]MapCheck: New page: Map Check
[2017.04.28-11.26.57:594][  0]LightingResults: New page: Lighting Build
[2017.04.28-11.26.59:349][  0]LogAIModule: Creating AISystem for world BattleGround
[2017.04.28-11.27.00:024][  0]LogEditorServer: Finished looking for orphan Actors (0.000 secs)
[2017.04.28-11.27.00:031][  0]Cmd: MAP CHECKDEP NOCLEARLOG
[2017.04.28-11.27.00:165][  0]MapCheck: Info Map check complete: 0 Error(s), 0 Warning(s), took 133.806ms to complete.
[2017.04.28-11.27.00:165][  0]LogFileHelpers: Loading map 'BattleGround' took 2.740
[2017.04.28-11.27.00:714][  0]LogCollectionManager: Loaded 1 collections in 0.014139 seconds
[2017.04.28-11.27.00:933][  0]LogFileCache: Scanning file cache for directory 'C:/Users/Sarah/Documents/Unreal Projects/04_BattleTank/BattleTank/Saved/Collections/' took 0.01s
[2017.04.28-11.27.00:933][  0]LogFileCache: Scanning file cache for directory 'C:/Users/Sarah/Documents/Unreal Projects/04_BattleTank/BattleTank/Content/Developers/Sarah/Collections/' took 0.01s
[2017.04.28-11.27.00:933][  0]LogFileCache: Scanning file cache for directory 'C:/Users/Sarah/Documents/Unreal Projects/04_BattleTank/BattleTank/Content/Collections/' took 0.01s
[2017.04.28-11.27.00:933][  0]LogCollectionManager: Rebuilt the GUID cache for 1 collections in 0.000011 seconds
[2017.04.28-11.27.00:933][  0]LogCollectionManager: Rebuilt the hierarchy cache for 1 collections in 0.000001 seconds
[2017.04.28-11.27.00:973][  0]LogContentBrowser: Native class hierarchy populated in 0.0371 seconds. Added 2255 classes and 453 folders.
[2017.04.28-11.27.00:988][  0]LogStats: UGameplayTagsManager::ConstructGameplayTagTree: Construct from data asset -  0.000 s
[2017.04.28-11.27.00:988][  0]LogStats: UGameplayTagsManager::ConstructGameplayTagTree: GameplayTagTreeChangedEvent.Broadcast -  0.000 s
[2017.04.28-11.27.01:222][  0]LogContentBrowser: Native class hierarchy updated for 'WidgetCarousel' in 0.0098 seconds. Added 0 classes and 0 folders.
[2017.04.28-11.27.02:086][  0]LogContentBrowser: Native class hierarchy updated for 'AddContentDialog' in 0.0099 seconds. Added 0 classes and 0 folders.
[2017.04.28-11.27.02:261][  0]LogContentBrowser: Native class hierarchy updated for 'SceneOutliner' in 0.0103 seconds. Added 1 classes and 2 folders.
[2017.04.28-11.27.02:471][  0]LogCrashTracker: Crashtracker disabled due to settings.
[2017.04.28-11.27.02:492][  0]LogUObjectGlobals:Warning: Failed to find object 'Class None.'
[2017.04.28-11.27.02:687][  0]LogContentBrowser: Native class hierarchy updated for 'HierarchicalLODOutliner' in 0.0101 seconds. Added 1 classes and 2 folders.
[2017.04.28-11.27.02:687][  0]LogLoad: (Engine Initialization) Total time: 65.99 seconds
[2017.04.28-11.27.02:687][  0]LogLoad: (Engine Initialization) Total Blueprint compile time: 0.48 seconds
[2017.04.28-11.27.02:688][  0]LogExternalProfiler: No external profilers were discovered.  External profiling features will not be available.
[2017.04.28-11.27.03:029][  0]LogOcInput: OculusInput pre-init called
[2017.04.28-11.27.03:069][  0]LogContentStreaming: Texture pool size now 600 MB
[2017.04.28-11.27.03:074][  0]LogSlate: Took 0.000669 seconds to synchronously load lazily loaded font '../../../Engine/Content/Slate/Fonts/Roboto-Regular.ttf' (155K)
[2017.04.28-11.27.03:086][  0]LogSlate: Took 0.000638 seconds to synchronously load lazily loaded font '../../../Engine/Content/Slate/Fonts/Roboto-Bold.ttf' (160K)
[2017.04.28-11.27.03:121][  0]LogSlate: Took 0.013544 seconds to synchronously load lazily loaded font '../../../Engine/Content/Editor/Slate/Fonts/FontAwesome.ttf' (139K)
[2017.04.28-11.27.03:136][  0]LogSlate: Took 0.012948 seconds to synchronously load lazily loaded font '../../../Engine/Content/Editor/Slate/Fonts/DroidSansMono.ttf' (77K)
[2017.04.28-11.27.03:859][  2]LogRenderer: Reallocating scene render targets to support 792x628 NumSamples 1 (Frame:2).
[2017.04.28-11.27.05:158][  4]LogAssetRegistry: Asset discovery search completed in 41.1290 seconds
[2017.04.28-11.27.05:158][  4]LogCollectionManager: Rebuilt the object cache for 1 collections in 0.000015 seconds (found 0 objects)
[2017.04.28-11.27.05:159][  4]LogCollectionManager: Fixed up redirectors for 1 collections in 0.000387 seconds (updated 0 objects)
[2017.04.28-11.50.04:499][222]LogTemp: Repeting last play command: Selected Viewport
[2017.04.28-11.50.04:578][222]LogBlueprintUserMessages: Early PlayInEditor Detection: Level '/Game/Levels/BattleGround.BattleGround:PersistentLevel' has LevelScriptBlueprint '/Game/Levels/BattleGround.BattleGround:PersistentLevel.BattleGround' with GeneratedClass '/Game/Levels/BattleGround.BattleGround_C' with ClassGeneratedBy '/Game/Levels/BattleGround.BattleGround:PersistentLevel.BattleGround'
[2017.04.28-11.50.04:580][222]LogPlayLevel: PlayLevel: No blueprints needed recompiling
[2017.04.28-11.50.04:588][222]PIE: New page: PIE session: BattleGround (Apr 28, 2017, 1:50:04 PM)
[2017.04.28-11.50.04:590][222]LogPlayLevel: Creating play world package: /Game/Levels/UEDPIE_0_BattleGround
[2017.04.28-11.50.04:774][222]LogPlayLevel: PIE: StaticDuplicateObject took: (0.183695s)
[2017.04.28-11.50.04:778][222]LogAIModule: Creating AISystem for world BattleGround
[2017.04.28-11.50.04:779][222]LogPlayLevel: PIE: World Init took: (0.004222s)
[2017.04.28-11.50.04:780][222]LogPlayLevel: PIE: Created PIE world by copying editor world from /Game/Levels/BattleGround.BattleGround to /Game/Levels/UEDPIE_0_BattleGround.BattleGround (0.190554s)
[2017.04.28-11.50.04:877][222]LogInit: XAudio2 using 'Speakers (2- High Definition Audio Device)' : 2 channels at 44.1 kHz using 16 bits per sample (channel mask 0x3)
[2017.04.28-11.50.04:916][222]LogInit: FAudioDevice initialized.
[2017.04.28-11.50.05:058][222]LogLoad: Game class is 'BattleTankGameMode_BP_C'
[2017.04.28-11.50.05:086][222]LogWorld: Bringing World /Game/Levels/UEDPIE_0_BattleGround.BattleGround up for play (max tick rate 0) at 2017.04.28-12.50.05
[2017.04.28-11.50.05:092][222]LogWorld: Bringing up level for play took: 0.025155
[2017.04.28-11.50.05:316][222]LogContentBrowser: Native class hierarchy updated for 'MovieSceneCapture' in 0.0133 seconds. Added 11 classes and 0 folders.
[2017.04.28-11.50.05:327][222]LogTemp:Warning: Tank_BP_C_0 has been possessed by Player
[2017.04.28-11.50.05:336][222]PIE: Info Play in editor start time for /Game/Levels/UEDPIE_0_BattleGround 0.928
[2017.04.28-11.50.05:339][222]LogBlueprintUserMessages: Late PlayInEditor Detection: Level '/Game/Levels/BattleGround.BattleGround:PersistentLevel' has LevelScriptBlueprint '/Game/Levels/BattleGround.BattleGround:PersistentLevel.BattleGround' with GeneratedClass '/Game/Levels/BattleGround.BattleGround_C' with ClassGeneratedBy '/Game/Levels/BattleGround.BattleGround:PersistentLevel.BattleGround'
[2017.04.28-11.50.06:167][222]LogStats: FPlatformStackWalk::StackWalkAndDump -  0.824 s
[2017.04.28-11.50.06:168][222]LogOutputDevice:Error: === Handled ensure: ===
[2017.04.28-11.50.06:168][222]LogOutputDevice:Error: 
[2017.04.28-11.50.06:168][222]LogOutputDevice:Error: Ensure condition failed: TankAimingComponent [File:C:\Users\Sarah\Documents\Unreal Projects\04_BattleTank\BattleTank\Source\BattleTank\Private\Tank.cpp] [Line: 42]
[2017.04.28-11.50.06:170][222]LogOutputDevice:Error: 
[2017.04.28-11.50.06:170][222]LogOutputDevice:Error: Stack: 
[2017.04.28-11.50.06:170][222]LogOutputDevice:Error: UE4Editor-Core.dll!0x000000009E3695D6
[2017.04.28-11.50.06:171][222]LogOutputDevice:Error: UE4Editor-Core.dll!0x000000009E119B72
[2017.04.28-11.50.06:171][222]LogOutputDevice:Error: UE4Editor-Core.dll!0x000000009E12B656
[2017.04.28-11.50.06:172][222]LogOutputDevice:Error: UE4Editor-BattleTank-4748.dll!ATank::AimAt() [c:\users\sarah\documents\unreal projects\04_battletank\battletank\source\battletank\private\tank.cpp:42]
[2017.04.28-11.50.06:173][222]LogOutputDevice:Error: UE4Editor-BattleTank-4748.dll!ATankPlayerController::AimTowardsCrosshair() [c:\users\sarah\documents\unreal projects\04_battletank\battletank\source\battletank\private\tankplayercontroller.cpp:65]
[2017.04.28-11.50.06:174][222]LogOutputDevice:Error: UE4Editor-Engine.dll!0x0000000094C833CC
[2017.04.28-11.50.06:175][222]LogOutputDevice:Error: UE4Editor-Engine.dll!0x0000000093FFAA2E
[2017.04.28-11.50.06:175][222]LogOutputDevice:Error: UE4Editor-Engine.dll!0x0000000094F7F62D
[2017.04.28-11.50.06:176][222]LogOutputDevice:Error: UE4Editor-Engine.dll!0x0000000094F852FD
[2017.04.28-11.50.06:176][222]LogOutputDevice:Error: UE4Editor-Core.dll!0x000000009DFED83D
[2017.04.28-11.50.06:176][222]LogOutputDevice:Error: UE4Editor-Core.dll!0x000000009DFEDC5D
[2017.04.28-11.50.06:177][222]LogOutputDevice:Error: UE4Editor-Core.dll!0x000000009E00CCDB
[2017.04.28-11.50.06:177][222]LogOutputDevice:Error: UE4Editor-Engine.dll!0x0000000094FA9051
[2017.04.28-11.50.06:178][222]LogOutputDevice:Error: UE4Editor-Engine.dll!0x0000000094FB98D2
[2017.04.28-11.50.06:178][222]LogOutputDevice:Error: UE4Editor-Engine.dll!0x00000000948E7B44
[2017.04.28-11.50.06:179][222]LogOutputDevice:Error: UE4Editor-Engine.dll!0x00000000948EFC6B
[2017.04.28-11.50.06:179][222]LogOutputDevice:Error: UE4Editor-UnrealEd.dll!0x0000000092A16D8E
[2017.04.28-11.50.06:180][222]LogOutputDevice:Error: UE4Editor-UnrealEd.dll!0x0000000093221AD6
[2017.04.28-11.50.06:180][222]LogOutputDevice:Error: UE4Editor.exe!0x00000000C875DEE3
[2017.04.28-11.50.06:181][222]LogOutputDevice:Error: UE4Editor.exe!0x00000000C874EB40
[2017.04.28-11.50.06:181][222]LogOutputDevice:Error: UE4Editor.exe!0x00000000C874EBBA
[2017.04.28-11.50.06:182][222]LogOutputDevice:Error: UE4Editor.exe!0x00000000C8760A29
[2017.04.28-11.50.06:182][222]LogOutputDevice:Error: UE4Editor.exe!0x00000000C87622B6
[2017.04.28-11.50.06:182][222]LogOutputDevice:Error: KERNEL32.DLL!0x00000000E12A8364
[2017.04.28-11.50.06:182][222]LogOutputDevice:Error: ntdll.dll!0x00000000E18470D1
[2017.04.28-11.50.06:183][222]LogOutputDevice:Error: 
[2017.04.28-11.50.06:186][222]LogStats:                SubmitErrorReport -  0.000 s
[2017.04.28-11.50.07:307][222]LogStats:                    SendNewReport -  1.120 s
[2017.04.28-11.50.07:308][222]LogStats:             FDebug::EnsureFailed -  1.964 s
[2017.04.28-11.50.07:315][222]LogStats: FPlatformStackWalk::StackWalkAndDump -  0.005 s
[2017.04.28-11.50.07:315][222]LogOutputDevice:Error: === Handled ensure: ===
[2017.04.28-11.50.07:316][222]LogOutputDevice:Error: 
[2017.04.28-11.50.07:316][222]LogOutputDevice:Error: Ensure condition failed: Barrel [File:C:\Users\Sarah\Documents\Unreal Projects\04_BattleTank\BattleTank\Source\BattleTank\Private\Tank.cpp] [Line: 70]
[2017.04.28-11.50.07:316][222]LogOutputDevice:Error: 
[2017.04.28-11.50.07:316][222]LogOutputDevice:Error: Stack: 
[2017.04.28-11.50.07:317][222]LogOutputDevice:Error: UE4Editor-Core.dll!0x000000009E3695D6
[2017.04.28-11.50.07:317][222]LogOutputDevice:Error: UE4Editor-Core.dll!0x000000009E119B72
[2017.04.28-11.50.07:318][222]LogOutputDevice:Error: UE4Editor-Core.dll!0x000000009E12B656
[2017.04.28-11.50.07:318][222]LogOutputDevice:Error: UE4Editor-BattleTank-4748.dll!ATank::Fire() [c:\users\sarah\documents\unreal projects\04_battletank\battletank\source\battletank\private\tank.cpp:70]
[2017.04.28-11.50.07:319][222]LogOutputDevice:Error: UE4Editor-BattleTank-4748.dll!ATankAIController::Tick() [c:\users\sarah\documents\unreal projects\04_battletank\battletank\source\battletank\private\tankaicontroller.cpp:63]
[2017.04.28-11.50.07:320][222]LogOutputDevice:Error: UE4Editor-Engine.dll!0x00000000948F302A
[2017.04.28-11.50.07:320][222]LogOutputDevice:Error: UE4Editor-Engine.dll!0x0000000093FFAA2E
[2017.04.28-11.50.07:320][222]LogOutputDevice:Error: UE4Editor-Engine.dll!0x0000000094F7F62D
[2017.04.28-11.50.07:321][222]LogOutputDevice:Error: UE4Editor-Engine.dll!0x0000000094F852FD
[2017.04.28-11.50.07:321][222]LogOutputDevice:Error: UE4Editor-Core.dll!0x000000009DFED83D
[2017.04.28-11.50.07:322][222]LogOutputDevice:Error: UE4Editor-Core.dll!0x000000009DFEDC5D
[2017.04.28-11.50.07:323][222]LogOutputDevice:Error: UE4Editor-Core.dll!0x000000009E00CCDB
[2017.04.28-11.50.07:324][222]LogOutputDevice:Error: UE4Editor-Engine.dll!0x0000000094FA9051
[2017.04.28-11.50.07:324][222]LogOutputDevice:Error: UE4Editor-Engine.dll!0x0000000094FB98D2
[2017.04.28-11.50.07:325][222]LogOutputDevice:Error: UE4Editor-Engine.dll!0x00000000948E7B44
[2017.04.28-11.50.07:325][222]LogOutputDevice:Error: UE4Editor-Engine.dll!0x00000000948EFC6B
[2017.04.28-11.50.07:325][222]LogOutputDevice:Error: UE4Editor-UnrealEd.dll!0x0000000092A16D8E
[2017.04.28-11.50.07:326][222]LogOutputDevice:Error: UE4Editor-UnrealEd.dll!0x0000000093221AD6
[2017.04.28-11.50.07:326][222]LogOutputDevice:Error: UE4Editor.exe!0x00000000C875DEE3
[2017.04.28-11.50.07:326][222]LogOutputDevice:Error: UE4Editor.exe!0x00000000C874EB40
[2017.04.28-11.50.07:327][222]LogOutputDevice:Error: UE4Editor.exe!0x00000000C874EBBA
[2017.04.28-11.50.07:327][222]LogOutputDevice:Error: UE4Editor.exe!0x00000000C8760A29
[2017.04.28-11.50.07:327][222]LogOutputDevice:Error: UE4Editor.exe!0x00000000C87622B6
[2017.04.28-11.50.07:328][222]LogOutputDevice:Error: KERNEL32.DLL!0x00000000E12A8364
[2017.04.28-11.50.07:328][222]LogOutputDevice:Error: ntdll.dll!0x00000000E18470D1
[2017.04.28-11.50.07:329][222]LogOutputDevice:Error: 
[2017.04.28-11.50.07:332][222]LogStats:                SubmitErrorReport -  0.000 s
