Log file open, 04/28/17 18:26:11
LogInit:Display: Running engine for game: BattleTank
LogPlatformFile: Not using cached read wrapper
LogInit:Display: RandInit(-740421617) SRandInit(-740421617).
LogTaskGraph: Started task graph with 5 named threads and 8 total threads with 1 sets of task threads.
LogStats: Stats thread started at 0.087738
LogInit: Using libcurl 7.47.1
LogInit:  - built for x86_64-pc-win32
LogInit:  - supports SSL with OpenSSL/1.0.2g
LogInit:  - supports HTTP deflate (compression) using libz 1.2.8
LogInit:  - other features:
LogInit:      CURL_VERSION_SSL
LogInit:      CURL_VERSION_LIBZ
LogInit:      CURL_VERSION_IPV6
LogInit:      CURL_VERSION_ASYNCHDNS
LogInit:      CURL_VERSION_LARGEFILE
LogInit:      CURL_VERSION_IDN
LogInit:  CurlRequestOptions (configurable via config and command line):
LogInit:  - bVerifyPeer = false  - Libcurl will NOT verify peer certificate
LogInit:  - bUseHttpProxy = false  - Libcurl will NOT use HTTP proxy
LogInit:  - bDontReuseConnections = false  - Libcurl will reuse connections
LogInit:  - CertBundlePath = nullptr  - Libcurl will use whatever was configured at build time.
LogInit: Build: ++UE4+Release-4.15-CL-3299760
LogInit: Engine Version: 4.15.0-3299760+++UE4+Release-4.15
LogInit: Compatible Engine Version: 4.15.0-3299760+++UE4+Release-4.15
LogInit: Net CL: 3299760
LogDevObjectVersion: Number of dev versions registered: 14
LogDevObjectVersion:   Dev-Blueprints (B0D832E4-1F89-4F0D-ACCF-7EB736FD4AA2): 8
LogDevObjectVersion:   Dev-Build (E1C64328-A22C-4D53-A36C-8E866417BD8C): 0
LogDevObjectVersion:   Dev-Core (375EC13C-06E4-48FB-B500-84F0262A717E): 2
LogDevObjectVersion:   Dev-Editor (E4B068ED-F494-42E9-A231-DA0B2E46BB41): 14
LogDevObjectVersion:   Dev-Framework (CFFC743F-43B0-4480-9391-14DF171D2073): 22
LogDevObjectVersion:   Dev-Mobile (B02B49B5-BB20-44E9-A304-32B752E40360): 0
LogDevObjectVersion:   Dev-Networking (A4E4105C-59A1-49B5-A7C5-40C4547EDFEE): 0
LogDevObjectVersion:   Dev-Online (39C831C9-5AE6-47DC-9A44-9C173E1C8E7C): 0
LogDevObjectVersion:   Dev-Physics (78F01B33-EBEA-4F98-B9B4-84EACCB95AA2): 0
LogDevObjectVersion:   Dev-Platform (6631380F-2D4D-43E0-8009-CF276956A95A): 0
LogDevObjectVersion:   Dev-Rendering (12F88B9F-8875-4AFC-A67C-D90C383ABD29): 12
LogDevObjectVersion:   Dev-Sequencer (7B5AE74C-D270-4C10-A958-57980B212A5A): 3
LogDevObjectVersion:   Dev-VR (D7296918-1DD6-4BDD-9DE2-64A83CC13884): 0
LogDevObjectVersion:   Dev-LoadTimes (C2A15278-BFE7-4AFE-6C17-90FF531DF755): 1
LogInit: Compiled (64-bit): Feb 14 2017 02:04:14
LogInit: Compiled with Visual C++: 19.00.23026.00
LogInit: Build Configuration: Development
LogInit: Branch Name: ++UE4+Release-4.15
LogInit: Command line: -EpicPortal 
LogInit: Base directory: C:/Program Files/Epic Games/UE_4.15/Engine/Binaries/Win64/
LogInit: Installed Engine Build: 1
LogInit: Presizing for max 8388607 objects, including 0 objects not considered by GC, pre-allocating 0 bytes for permanent pool.
LogInit: Object subsystem initialized
[2017.04.28-17.26.12:391][  0]LogInit: Selected Device Profile: [Windows]
[2017.04.28-17.26.12:391][  0]LogInit: Applying CVar settings loaded from the selected device profile: [Windows]
[2017.04.28-17.26.12:427][  0]LogInit: Computer: DESKTOP-0PEK566
[2017.04.28-17.26.12:427][  0]LogInit: User: Sarah
[2017.04.28-17.26.12:427][  0]LogInit: CPU Page size=65536, Cores=4
[2017.04.28-17.26.12:427][  0]LogInit: High frequency timer resolution =2.143576 MHz
[2017.04.28-17.26.12:427][  0]LogMemory: Memory total: Physical=7.9GB (8GB approx)
[2017.04.28-17.26.12:427][  0]LogMemory: Platform Memory Stats for Windows
[2017.04.28-17.26.12:427][  0]LogMemory: Process Physical Memory: 262.94 MB used, 262.94 MB peak
[2017.04.28-17.26.12:427][  0]LogMemory: Process Virtual Memory: 262.55 MB used, 262.55 MB peak
[2017.04.28-17.26.12:427][  0]LogMemory: Physical Memory: 6982.16 MB used,  1102.12 MB free, 8084.27 MB total
[2017.04.28-17.26.12:427][  0]LogMemory: Virtual Memory: 644.18 MB used,  1102.12 MB free, 134217728.00 MB total
[2017.04.28-17.26.12:644][  0]LogTextLocalizationManager: No specific translations for ('en-US') exist, so ('en') translations will be used.
[2017.04.28-17.26.14:946][  0]LogD3D11RHI: D3D11 adapters:
[2017.04.28-17.26.15:010][  0]LogD3D11RHI:    0. 'AMD Radeon HD 7600M Series' (Feature Level 11_0)
[2017.04.28-17.26.15:010][  0]LogD3D11RHI:       1004/0/3840 MB DedicatedVideo/DedicatedSystem/SharedSystem, Outputs:1, VendorId:0x1002
[2017.04.28-17.26.15:014][  0]LogD3D11RHI:    1. 'Intel(R) HD Graphics 4000' (Feature Level 11_0)
[2017.04.28-17.26.15:014][  0]LogD3D11RHI:       32/0/1760 MB DedicatedVideo/DedicatedSystem/SharedSystem, Outputs:0, VendorId:0x8086
[2017.04.28-17.26.15:015][  0]LogD3D11RHI:    2. 'Microsoft Basic Render Driver' (Feature Level 11_0)
[2017.04.28-17.26.15:015][  0]LogD3D11RHI:       0/0/4042 MB DedicatedVideo/DedicatedSystem/SharedSystem, Outputs:0, VendorId:0x1414
[2017.04.28-17.26.15:015][  0]LogD3D11RHI: Chosen D3D11 Adapter: 0
[2017.04.28-17.26.15:030][  0]LogD3D11RHI: Creating new Direct3DDevice
[2017.04.28-17.26.15:030][  0]LogD3D11RHI:     GPU DeviceId: 0x6840 (for the marketing name, search the web for "GPU Device Id")
[2017.04.28-17.26.15:030][  0]LogWindows: EnumDisplayDevices:
[2017.04.28-17.26.15:031][  0]LogWindows:    0. 'Intel(R) HD Graphics 4000' (P:1 D:1)
[2017.04.28-17.26.15:031][  0]LogWindows:    1. 'Intel(R) HD Graphics 4000' (P:0 D:0)
[2017.04.28-17.26.15:031][  0]LogWindows:    2. 'Intel(R) HD Graphics 4000' (P:0 D:0)
[2017.04.28-17.26.15:031][  0]LogWindows: DebugString: PrimaryIsNotTheChoosenAdapter PrimaryIsNotTheChoosenAdapter PrimaryIsNotTheChoosenAdapter FoundDriverCount:0 
[2017.04.28-17.26.15:031][  0]LogD3D11RHI:     Adapter Name: AMD Radeon HD 7600M Series
[2017.04.28-17.26.15:031][  0]LogD3D11RHI:   Driver Version: Unknown (internal:Unknown, unified:Unknown)
[2017.04.28-17.26.15:031][  0]LogD3D11RHI:      Driver Date: Unknown
[2017.04.28-17.26.15:031][  0]LogRHI: Texture pool is 702 MB (70% of 1004 MB)
[2017.04.28-17.26.15:109][  0]LogD3D11RHI: AMD Pre GCN architecture detected, some driver workarounds will be in place
[2017.04.28-17.26.15:187][  0]LogD3D11RHI: Async texture creation enabled
[2017.04.28-17.26.15:199][  0]LogD3D11RHI: GPU Timing Frequency: 27.000000 (Debug: 2 1)
[2017.04.28-17.26.15:200][  0]LogShaderCompilers: Guid format shader working directory is -36 characters bigger than the processId version (../../../../../../Users/Sarah/Documents/Unreal Projects/04_BattleTank/BattleTank/Intermediate/Shaders/WorkingDirectory/109344/).
[2017.04.28-17.26.15:200][  0]LogShaderCompilers: Cleaned the shader compiler working directory 'C:/Users/Sarah/AppData/Local/Temp/UnrealShaderWorkingDir/234E820845DAC26E90F077BA3B6DC13D/'.
[2017.04.28-17.26.15:200][  0]LogShaderCompilers:Display: Using Local Shader Compiler.
[2017.04.28-17.26.17:493][  0]LogTemp:Display: Loaded TP AllDesktopTargetPlatform
[2017.04.28-17.26.17:569][  0]LogTemp:Display: Loaded TP MacClientTargetPlatform
[2017.04.28-17.26.17:648][  0]LogTemp:Display: Loaded TP MacNoEditorTargetPlatform
[2017.04.28-17.26.17:725][  0]LogTemp:Display: Loaded TP MacServerTargetPlatform
[2017.04.28-17.26.17:808][  0]LogTemp:Display: Loaded TP MacTargetPlatform
[2017.04.28-17.26.17:884][  0]LogTemp:Display: Loaded TP WindowsClientTargetPlatform
[2017.04.28-17.26.17:964][  0]LogTemp:Display: Loaded TP WindowsNoEditorTargetPlatform
[2017.04.28-17.26.18:040][  0]LogTemp:Display: Loaded TP WindowsServerTargetPlatform
[2017.04.28-17.26.18:106][  0]LogTemp:Display: Loaded TP WindowsTargetPlatform
[2017.04.28-17.26.18:183][  0]LogTemp:Display: Loaded TP AndroidTargetPlatform
[2017.04.28-17.26.18:260][  0]LogTemp:Display: Loaded TP Android_ASTCTargetPlatform
[2017.04.28-17.26.18:335][  0]LogTemp:Display: Loaded TP Android_ATCTargetPlatform
[2017.04.28-17.26.18:410][  0]LogTemp:Display: Loaded TP Android_DXTTargetPlatform
[2017.04.28-17.26.18:484][  0]LogTemp:Display: Loaded TP Android_ETC1TargetPlatform
[2017.04.28-17.26.18:559][  0]LogTemp:Display: Loaded TP Android_ETC2TargetPlatform
[2017.04.28-17.26.18:706][  0]LogTemp:Display: Loaded TP Android_MultiTargetPlatform
[2017.04.28-17.26.18:706][  0]LogTemp:Display: Loaded TP Android_PVRTCTargetPlatform
[2017.04.28-17.26.18:759][  0]LogTemp:Display: Loaded TP HTML5TargetPlatform
[2017.04.28-17.26.18:890][  0]LogTemp:Display: Loaded TP IOSTargetPlatform
[2017.04.28-17.26.18:940][  0]LogTemp:Display: Loaded TP TVOSTargetPlatform
[2017.04.28-17.26.19:017][  0]LogTemp:Display: Loaded TP LinuxClientTargetPlatform
[2017.04.28-17.26.19:092][  0]LogTemp:Display: Loaded TP LinuxNoEditorTargetPlatform
[2017.04.28-17.26.19:169][  0]LogTemp:Display: Loaded TP LinuxServerTargetPlatform
[2017.04.28-17.26.19:253][  0]LogTemp:Display: Loaded TP LinuxTargetPlatform
[2017.04.28-17.26.19:253][  0]LogTargetPlatformManager:Display: Building Assets For Windows
[2017.04.28-17.26.19:909][  0]LogDerivedDataCache:Display: Max Cache Size: 512 MB
[2017.04.28-17.26.19:965][  0]LogDerivedDataCache: Loaded boot cache 0.06s 50MB C:/Users/Sarah/AppData/Local/UnrealEngine/4.15/DerivedDataCache/Boot.ddc.
[2017.04.28-17.26.19:966][  0]LogDerivedDataCache:Display: Loaded Boot cache: C:/Users/Sarah/AppData/Local/UnrealEngine/4.15/DerivedDataCache/Boot.ddc
[2017.04.28-17.26.19:966][  0]LogDerivedDataCache: FDerivedDataBackendGraph:  Pak pak cache file ../../../../../../Users/Sarah/Documents/Unreal Projects/04_BattleTank/BattleTank/DerivedDataCache/DDC.ddp not found, will not use a pak cache.
[2017.04.28-17.26.19:966][  0]LogDerivedDataCache: Unable to find inner node Pak for hierarchical cache Hierarchy.
[2017.04.28-17.26.19:966][  0]LogDerivedDataCache: FDerivedDataBackendGraph:  CompressedPak pak cache file ../../../../../../Users/Sarah/Documents/Unreal Projects/04_BattleTank/BattleTank/DerivedDataCache/Compressed.ddp not found, will not use a pak cache.
[2017.04.28-17.26.19:966][  0]LogDerivedDataCache: Unable to find inner node CompressedPak for hierarchical cache Hierarchy.
[2017.04.28-17.26.19:991][  0]LogDerivedDataCache:Display: Pak cache opened for reading ../../../Engine/DerivedDataCache/Compressed.ddp.
[2017.04.28-17.26.20:003][  0]LogDerivedDataCache: Using Local data cache path C:/Users/Sarah/AppData/Local/UnrealEngine/Common/DerivedDataCache: Writable
[2017.04.28-17.26.20:014][  0]LogSlate: Using Freetype 2.6.0
[2017.04.28-17.26.20:028][  0]LogSlate: SlateFontCache - WITH_FREETYPE: 1, WITH_HARFBUZZ: 1
[2017.04.28-17.26.20:028][  0]LogSlate: SlateFontCache - WITH_FREETYPE: 1, WITH_HARFBUZZ: 1
[2017.04.28-17.26.21:877][  0]LogInit: Selected Device Profile: [Windows]
[2017.04.28-17.26.21:881][  0]LogContentStreaming: Texture pool size is 0.00 MB
[2017.04.28-17.26.22:159][  0]LogMeshUtilities: Using QuadricMeshReduction for automatic static mesh reduction
[2017.04.28-17.26.22:222][  0]LogSimplygon: Simplygon DLL not present - disabling.
[2017.04.28-17.26.22:288][  0]LogMeshUtilities: Using SimplygonSwarm for distributed automatic mesh merging
[2017.04.28-17.26.22:288][  0]LogMeshUtilities: No automatic skeletal mesh reduction module available
[2017.04.28-17.26.22:288][  0]LogMeshUtilities: No automatic mesh merging module available
[2017.04.28-17.26.23:021][  0]LogNetVersion: GetLocalNetworkVersion: CL: 3299760, ProjectName: battletank, ProjectVersion: , EngineNetworkVersion: 2, GameNetworkVersion: 0, NetworkChecksum: 2512795372
[2017.04.28-17.26.23:077][  0]LogAssetRegistry: FAssetRegistry took 0.0226 seconds to start up
[2017.04.28-17.26.23:138][  0]LogPackageLocalizationCache: Processed 3 localized package path(s) for 2 prioritized culture(s) in 0.030186 seconds
[2017.04.28-17.26.23:144][  0]LogUObjectArray: 32475 objects as part of root set at end of initial load.
[2017.04.28-17.26.23:144][  0]LogUObjectAllocator: 7073360 out of 0 bytes used by permanent object pool.
[2017.04.28-17.26.23:144][  0]LogUObjectArray: CloseDisregardForGC: 0/0 objects in disregard for GC pool
[2017.04.28-17.26.23:237][  0]LogInit: WinSock: version 1.1 (2.2), MaxSocks=32767, MaxUdp=65467
[2017.04.28-17.26.26:992][  0]LogTcpMessaging: Initializing TcpMessaging bridge
[2017.04.28-17.26.27:046][  0]LogUdpMessaging: Initializing bridge on interface 0.0.0.0:0 to multicast group 230.0.0.1:6666.
[2017.04.28-17.26.27:780][  0]LogMaterial: Uniform references updated for custom material expression Custom.
[2017.04.28-17.26.28:298][  0]SourceControl: Info Source control is disabled
[2017.04.28-17.26.28:460][  0]SourceControl: Info Source control is disabled
[2017.04.28-17.26.28:526][  0]SourceControl: Info Source control is disabled
[2017.04.28-17.26.28:586][  0]SourceControl: Info Source control is disabled
[2017.04.28-17.26.30:348][  0]LogEngine: Initializing Engine...
[2017.04.28-17.26.30:348][  0]LogHMD: Failed to initialize OpenVR with code 110
[2017.04.28-17.26.30:652][  0]LogAIModule: Creating AISystem for world Untitled
[2017.04.28-17.26.30:660][  0]LogInit: XAudio2 using 'Speakers (2- High Definition Audio Device)' : 2 channels at 44.1 kHz using 16 bits per sample (channel mask 0x3)
[2017.04.28-17.26.30:678][  0]LogInit: FAudioDevice initialized.
[2017.04.28-17.26.30:704][  0]LogDerivedDataCache: Saved boot cache 0.03s 50MB C:/Users/Sarah/AppData/Local/UnrealEngine/4.15/DerivedDataCache/Boot.ddc.
[2017.04.28-17.26.30:712][  0]LogInit: Texture streaming: Enabled
[2017.04.28-17.26.30:845][  0]LogEngineSessionManager: EngineSessionManager initialized
[2017.04.28-17.26.30:979][  0]LogInit: Transaction tracking system initialized
[2017.04.28-17.26.31:480][  0]BlueprintLog: New page: Editor Load
[2017.04.28-17.26.32:698][  0]LocalizationService: Info Localization service is disabled
[2017.04.28-17.26.33:860][  0]LogConsoleResponse:Display: 
[2017.04.28-17.26.34:049][  0]LogCook:Display: Max memory allowance for cook 16384mb min free memory 0mb
[2017.04.28-17.26.34:049][  0]LogCook:Display: Mobile HDR setting 1
[2017.04.28-17.26.34:945][  0]LogFileCache: Scanning file cache for directory 'C:/Users/Sarah/Documents/Unreal Projects/04_BattleTank/BattleTank/Content/' took 0.02s
[2017.04.28-17.26.35:506][  0]SourceControl: Info Source control is disabled
[2017.04.28-17.26.35:506][  0]Cmd: MAP LOAD FILE="../../../../../../Users/Sarah/Documents/Unreal Projects/04_BattleTank/BattleTank/Content/Levels/BattleGround.umap" TEMPLATE=0 SHOWPROGRESS=1 FEATURELEVEL=3
[2017.04.28-17.26.35:516][  0]LightingResults: New page: Lighting Build
[2017.04.28-17.26.35:572][  0]MapCheck: New page: Map Check
[2017.04.28-17.26.35:572][  0]LightingResults: New page: Lighting Build
[2017.04.28-17.26.36:290][  0]LogAIModule: Creating AISystem for world BattleGround
[2017.04.28-17.26.36:638][  0]LogEditorServer: Finished looking for orphan Actors (0.000 secs)
[2017.04.28-17.26.36:648][  0]Cmd: MAP CHECKDEP NOCLEARLOG
[2017.04.28-17.26.36:701][  0]MapCheck: Info Map check complete: 0 Error(s), 0 Warning(s), took 53.046ms to complete.
[2017.04.28-17.26.36:701][  0]LogFileHelpers: Loading map 'BattleGround' took 1.194
[2017.04.28-17.26.36:770][  0]LogWindowsTextInputMethodSystem:Display: IME system now deactivated.
[2017.04.28-17.26.37:037][  0]LogCollectionManager: Loaded 1 collections in 0.006423 seconds
[2017.04.28-17.26.37:155][  0]LogFileCache: Scanning file cache for directory 'C:/Users/Sarah/Documents/Unreal Projects/04_BattleTank/BattleTank/Saved/Collections/' took 0.01s
[2017.04.28-17.26.37:155][  0]LogFileCache: Scanning file cache for directory 'C:/Users/Sarah/Documents/Unreal Projects/04_BattleTank/BattleTank/Content/Developers/Sarah/Collections/' took 0.01s
[2017.04.28-17.26.37:155][  0]LogFileCache: Scanning file cache for directory 'C:/Users/Sarah/Documents/Unreal Projects/04_BattleTank/BattleTank/Content/Collections/' took 0.01s
[2017.04.28-17.26.37:155][  0]LogCollectionManager: Rebuilt the GUID cache for 1 collections in 0.000007 seconds
[2017.04.28-17.26.37:155][  0]LogCollectionManager: Rebuilt the hierarchy cache for 1 collections in 0.000000 seconds
[2017.04.28-17.26.37:174][  0]LogContentBrowser: Native class hierarchy populated in 0.0162 seconds. Added 2255 classes and 453 folders.
[2017.04.28-17.26.37:185][  0]LogStats: UGameplayTagsManager::ConstructGameplayTagTree: Construct from data asset -  0.000 s
[2017.04.28-17.26.37:185][  0]LogStats: UGameplayTagsManager::ConstructGameplayTagTree: GameplayTagTreeChangedEvent.Broadcast -  0.000 s
[2017.04.28-17.26.37:278][  0]LogContentBrowser: Native class hierarchy updated for 'WidgetCarousel' in 0.0034 seconds. Added 0 classes and 0 folders.
[2017.04.28-17.26.37:699][  0]LogContentBrowser: Native class hierarchy updated for 'AddContentDialog' in 0.0043 seconds. Added 0 classes and 0 folders.
[2017.04.28-17.26.37:778][  0]LogContentBrowser: Native class hierarchy updated for 'SceneOutliner' in 0.0041 seconds. Added 1 classes and 2 folders.
[2017.04.28-17.26.37:901][  0]LogCrashTracker: Crashtracker disabled due to settings.
[2017.04.28-17.26.37:922][  0]LogUObjectGlobals:Warning: Failed to find object 'Class None.'
[2017.04.28-17.26.38:006][  0]LogContentBrowser: Native class hierarchy updated for 'HierarchicalLODOutliner' in 0.0038 seconds. Added 1 classes and 2 folders.
[2017.04.28-17.26.38:007][  0]LogLoad: (Engine Initialization) Total time: 28.85 seconds
[2017.04.28-17.26.38:007][  0]LogLoad: (Engine Initialization) Total Blueprint compile time: 0.21 seconds
[2017.04.28-17.26.38:007][  0]LogExternalProfiler: No external profilers were discovered.  External profiling features will not be available.
[2017.04.28-17.26.38:016][  0]LogOcInput: OculusInput pre-init called
[2017.04.28-17.26.38:050][  0]LogContentStreaming: Texture pool size now 600 MB
[2017.04.28-17.26.38:051][  0]LogSlate: Took 0.000231 seconds to synchronously load lazily loaded font '../../../Engine/Content/Slate/Fonts/Roboto-Regular.ttf' (155K)
[2017.04.28-17.26.38:056][  0]LogSlate: Took 0.000387 seconds to synchronously load lazily loaded font '../../../Engine/Content/Slate/Fonts/Roboto-Bold.ttf' (160K)
[2017.04.28-17.26.38:072][  0]LogSlate: Took 0.006738 seconds to synchronously load lazily loaded font '../../../Engine/Content/Editor/Slate/Fonts/FontAwesome.ttf' (139K)
[2017.04.28-17.26.38:348][  0]LogSlate: Took 0.005515 seconds to synchronously load lazily loaded font '../../../Engine/Content/Slate/Fonts/Roboto-Light.ttf' (159K)
[2017.04.28-17.26.38:396][  1]LogRenderer: Reallocating scene render targets to support 1068x628 NumSamples 1 (Frame:2).
[2017.04.28-17.26.38:410][  1]LogAssetRegistry: Asset discovery search completed in 15.3559 seconds
[2017.04.28-17.26.38:410][  1]LogCollectionManager: Rebuilt the object cache for 1 collections in 0.000007 seconds (found 0 objects)
[2017.04.28-17.26.38:410][  1]LogCollectionManager: Fixed up redirectors for 1 collections in 0.000031 seconds (updated 0 objects)
[2017.04.28-17.26.43:670][283]LogSlate: Took 0.006807 seconds to synchronously load lazily loaded font '../../../Engine/Content/Editor/Slate/Fonts/DroidSansMono.ttf' (77K)
[2017.04.28-17.26.48:464][518]Recompiling BattleTank...
[2017.04.28-17.26.48:464][518]Launching UnrealBuildTool... [C:/Program Files/Epic Games/UE_4.15/Engine/Binaries/DotNET/UnrealBuildTool.exe BattleTank -ModuleWithSuffix BattleTank 8300 Win64 Development -editorrecompile -canskiplink "C:/Users/Sarah/Documents/Unreal Projects/04_BattleTank/BattleTank/BattleTank.uproject" ]
[2017.04.28-17.26.48:466][518]Warning: Starting HotReload took  0.1s.
[2017.04.28-17.27.08:465][708]CompilerResultsLog: New page: Compilation - Apr 28, 2017, 7:27:08 PM
[2017.04.28-17.27.08:465][708]CompilerResultsLog: Info Compiling game modules for hot reload
[2017.04.28-17.27.08:465][708]CompilerResultsLog: Info Performing 3 actions (4 in parallel)
[2017.04.28-17.27.08:465][708]CompilerResultsLog: Info TankAIController.cpp
[2017.04.28-17.27.08:465][708]CompilerResultsLog: Info [2/3] Link UE4Editor-BattleTank-8300.dll
[2017.04.28-17.27.08:466][708]CompilerResultsLog: Info [3/3] Link UE4Editor-BattleTank-8300.lib
[2017.04.28-17.27.08:466][708]CompilerResultsLog: Info    Creating library C:\Users\Sarah\Documents\Unreal Projects\04_BattleTank\BattleTank\Intermediate\Build\Win64\UE4Editor\Development\UE4Editor-BattleTank-8300.lib and object C:\Users\Sarah\Documents\Unreal Projects\04_BattleTank\BattleTank\Intermediate\Build\Win64\UE4Editor\Development\UE4Editor-BattleTank-8300.exp
[2017.04.28-17.27.08:466][708]CompilerResultsLog: Info    Creating library C:\Users\Sarah\Documents\Unreal Projects\04_BattleTank\BattleTank\Intermediate\Build\Win64\UE4Editor\Development\UE4Editor-BattleTank-8300.suppressed.lib and object C:\Users\Sarah\Documents\Unreal Projects\04_BattleTank\BattleTank\Intermediate\Build\Win64\UE4Editor\Development\UE4Editor-BattleTank-8300.suppressed.exp
[2017.04.28-17.27.08:467][708]CompilerResultsLog: Info Total build time: 19.64 seconds (Local executor: 17.99 seconds)
[2017.04.28-17.27.08:467][708]LogMainFrame: MainFrame: Module compiling took 20.015 seconds
[2017.04.28-17.27.08:668][708]LogClass: EFiringStatus HotReload.
[2017.04.28-17.27.08:676][708]LogContentBrowser: Native class hierarchy updated for 'BattleTank' in 0.0038 seconds. Added 11 classes and 3 folders.
[2017.04.28-17.27.08:677][708]Display: HotReload successful (5 functions remapped  0 scriptstructs remapped)
[2017.04.28-17.27.08:757][708]LogContentBrowser: Native class hierarchy populated in 0.0146 seconds. Added 2257 classes and 457 folders.
[2017.04.28-17.27.08:761][708]Display: HotReload took 20.3s.
[2017.04.28-17.28.36:243][169]Recompiling BattleTank...
[2017.04.28-17.28.36:243][169]Launching UnrealBuildTool... [C:/Program Files/Epic Games/UE_4.15/Engine/Binaries/DotNET/UnrealBuildTool.exe BattleTank -ModuleWithSuffix BattleTank 2828 Win64 Development -editorrecompile -canskiplink "C:/Users/Sarah/Documents/Unreal Projects/04_BattleTank/BattleTank/BattleTank.uproject" ]
[2017.04.28-17.28.36:246][169]Warning: Starting HotReload took  0.1s.
[2017.04.28-17.28.41:587][431]CompilerResultsLog: New page: Compilation - Apr 28, 2017, 7:28:41 PM
[2017.04.28-17.28.41:588][431]CompilerResultsLog: Info Compiling game modules for hot reload
[2017.04.28-17.28.41:588][431]CompilerResultsLog: Info Performing 3 actions (4 in parallel)
[2017.04.28-17.28.41:588][431]CompilerResultsLog: Info TankAIController.cpp
[2017.04.28-17.28.41:588][431]CompilerResultsLog: Info [2/3] Link UE4Editor-BattleTank-2828.dll
[2017.04.28-17.28.41:588][431]CompilerResultsLog: Info [3/3] Link UE4Editor-BattleTank-2828.lib
[2017.04.28-17.28.41:588][431]CompilerResultsLog: Info    Creating library C:\Users\Sarah\Documents\Unreal Projects\04_BattleTank\BattleTank\Intermediate\Build\Win64\UE4Editor\Development\UE4Editor-BattleTank-2828.lib and object C:\Users\Sarah\Documents\Unreal Projects\04_BattleTank\BattleTank\Intermediate\Build\Win64\UE4Editor\Development\UE4Editor-BattleTank-2828.exp
[2017.04.28-17.28.41:589][431]CompilerResultsLog: Info    Creating library C:\Users\Sarah\Documents\Unreal Projects\04_BattleTank\BattleTank\Intermediate\Build\Win64\UE4Editor\Development\UE4Editor-BattleTank-2828.suppressed.lib and object C:\Users\Sarah\Documents\Unreal Projects\04_BattleTank\BattleTank\Intermediate\Build\Win64\UE4Editor\Development\UE4Editor-BattleTank-2828.suppressed.exp
[2017.04.28-17.28.41:590][431]CompilerResultsLog: Info Total build time: 4.94 seconds (Local executor: 3.33 seconds)
[2017.04.28-17.28.41:590][431]LogMainFrame: MainFrame: Module compiling took 5.353 seconds
[2017.04.28-17.28.41:720][431]LogClass: EFiringStatus HotReload.
[2017.04.28-17.28.41:727][431]LogContentBrowser: Native class hierarchy updated for 'BattleTank' in 0.0039 seconds. Added 11 classes and 3 folders.
[2017.04.28-17.28.41:728][431]Display: HotReload successful (5 functions remapped  0 scriptstructs remapped)
[2017.04.28-17.28.41:770][431]LogContentBrowser: Native class hierarchy populated in 0.0154 seconds. Added 2257 classes and 457 folders.
[2017.04.28-17.28.41:770][431]Display: HotReload took  5.6s.
[2017.04.28-17.28.43:672][498]LogTemp: Repeting last play command: Selected Viewport
[2017.04.28-17.28.43:695][498]LogBlueprintUserMessages: Early PlayInEditor Detection: Level '/Game/Levels/BattleGround.BattleGround:PersistentLevel' has LevelScriptBlueprint '/Game/Levels/BattleGround.BattleGround:PersistentLevel.BattleGround' with GeneratedClass '/Game/Levels/BattleGround.BattleGround_C' with ClassGeneratedBy '/Game/Levels/BattleGround.BattleGround:PersistentLevel.BattleGround'
[2017.04.28-17.28.43:697][498]LogPlayLevel: PlayLevel: No blueprints needed recompiling
[2017.04.28-17.28.43:700][498]PIE: New page: PIE session: BattleGround (Apr 28, 2017, 7:28:43 PM)
[2017.04.28-17.28.43:701][498]LogPlayLevel: Creating play world package: /Game/Levels/UEDPIE_0_BattleGround
[2017.04.28-17.28.43:754][498]LogPlayLevel: PIE: StaticDuplicateObject took: (0.052794s)
[2017.04.28-17.28.43:755][498]LogAIModule: Creating AISystem for world BattleGround
[2017.04.28-17.28.43:755][498]LogPlayLevel: PIE: World Init took: (0.001025s)
[2017.04.28-17.28.43:756][498]LogPlayLevel: PIE: Created PIE world by copying editor world from /Game/Levels/BattleGround.BattleGround to /Game/Levels/UEDPIE_0_BattleGround.BattleGround (0.055649s)
[2017.04.28-17.28.43:771][498]LogInit: XAudio2 using 'Speakers (2- High Definition Audio Device)' : 2 channels at 44.1 kHz using 16 bits per sample (channel mask 0x3)
[2017.04.28-17.28.43:780][498]LogInit: FAudioDevice initialized.
[2017.04.28-17.28.43:843][498]LogLoad: Game class is 'BattleTankGameMode_BP_C'
[2017.04.28-17.28.43:861][498]LogWorld: Bringing World /Game/Levels/UEDPIE_0_BattleGround.BattleGround up for play (max tick rate 0) at 2017.04.28-18.28.43
[2017.04.28-17.28.43:873][498]LogWorld: Bringing up level for play took: 0.018587
[2017.04.28-17.28.43:964][498]LogContentBrowser: Native class hierarchy updated for 'MovieSceneCapture' in 0.0037 seconds. Added 11 classes and 0 folders.
[2017.04.28-17.28.43:988][498]PIE: Info Play in editor start time for /Game/Levels/UEDPIE_0_BattleGround -0.421
[2017.04.28-17.28.43:988][498]LogBlueprintUserMessages: Late PlayInEditor Detection: Level '/Game/Levels/BattleGround.BattleGround:PersistentLevel' has LevelScriptBlueprint '/Game/Levels/BattleGround.BattleGround:PersistentLevel.BattleGround' with GeneratedClass '/Game/Levels/BattleGround.BattleGround_C' with ClassGeneratedBy '/Game/Levels/BattleGround.BattleGround:PersistentLevel.BattleGround'
[2017.04.28-17.28.44:409][498]LogStats: FPlatformStackWalk::StackWalkAndDump -  0.416 s
[2017.04.28-17.28.44:410][498]LogOutputDevice:Error: === Handled ensure: ===
[2017.04.28-17.28.44:410][498]LogOutputDevice:Error: 
[2017.04.28-17.28.44:410][498]LogOutputDevice:Error: Ensure condition failed: TankAimingComponent [File:C:\Users\Sarah\Documents\Unreal Projects\04_BattleTank\BattleTank\Source\BattleTank\Private\TankPlayerController.cpp] [Line: 33]
[2017.04.28-17.28.44:410][498]LogOutputDevice:Error: 
[2017.04.28-17.28.44:410][498]LogOutputDevice:Error: Stack: 
[2017.04.28-17.28.44:410][498]LogOutputDevice:Error: UE4Editor-Core.dll!0x00000000A40795D6
[2017.04.28-17.28.44:410][498]LogOutputDevice:Error: UE4Editor-Core.dll!0x00000000A3E29B72
[2017.04.28-17.28.44:410][498]LogOutputDevice:Error: UE4Editor-Core.dll!0x00000000A3E3B656
[2017.04.28-17.28.44:410][498]LogOutputDevice:Error: UE4Editor-BattleTank-2828.dll!ATankPlayerController::AimTowardsCrosshair() [c:\users\sarah\documents\unreal projects\04_battletank\battletank\source\battletank\private\tankplayercontroller.cpp:33]
[2017.04.28-17.28.44:411][498]LogOutputDevice:Error: UE4Editor-Engine.dll!0x0000000094C833CC
[2017.04.28-17.28.44:411][498]LogOutputDevice:Error: UE4Editor-Engine.dll!0x0000000093FFAA2E
[2017.04.28-17.28.44:411][498]LogOutputDevice:Error: UE4Editor-Engine.dll!0x0000000094F7F62D
[2017.04.28-17.28.44:411][498]LogOutputDevice:Error: UE4Editor-Engine.dll!0x0000000094F852FD
[2017.04.28-17.28.44:411][498]LogOutputDevice:Error: UE4Editor-Core.dll!0x00000000A3CFD83D
[2017.04.28-17.28.44:411][498]LogOutputDevice:Error: UE4Editor-Core.dll!0x00000000A3CFDC5D
[2017.04.28-17.28.44:411][498]LogOutputDevice:Error: UE4Editor-Core.dll!0x00000000A3D1CCDB
[2017.04.28-17.28.44:411][498]LogOutputDevice:Error: UE4Editor-Engine.dll!0x0000000094FA9051
[2017.04.28-17.28.44:411][498]LogOutputDevice:Error: UE4Editor-Engine.dll!0x0000000094FB98D2
[2017.04.28-17.28.44:411][498]LogOutputDevice:Error: UE4Editor-Engine.dll!0x00000000948E7B44
[2017.04.28-17.28.44:412][498]LogOutputDevice:Error: UE4Editor-Engine.dll!0x00000000948EFC6B
[2017.04.28-17.28.44:412][498]LogOutputDevice:Error: UE4Editor-UnrealEd.dll!0x00000000A0A66D8E
[2017.04.28-17.28.44:412][498]LogOutputDevice:Error: UE4Editor-UnrealEd.dll!0x00000000A1271AD6
[2017.04.28-17.28.44:412][498]LogOutputDevice:Error: UE4Editor.exe!0x00000000C875DEE3
[2017.04.28-17.28.44:412][498]LogOutputDevice:Error: UE4Editor.exe!0x00000000C874EB40
[2017.04.28-17.28.44:412][498]LogOutputDevice:Error: UE4Editor.exe!0x00000000C874EBBA
[2017.04.28-17.28.44:412][498]LogOutputDevice:Error: UE4Editor.exe!0x00000000C8760A29
[2017.04.28-17.28.44:412][498]LogOutputDevice:Error: UE4Editor.exe!0x00000000C87622B6
[2017.04.28-17.28.44:412][498]LogOutputDevice:Error: KERNEL32.DLL!0x00000000E12A8364
[2017.04.28-17.28.44:412][498]LogOutputDevice:Error: ntdll.dll!0x00000000E18470D1
[2017.04.28-17.28.44:413][498]LogOutputDevice:Error: 
[2017.04.28-17.28.44:415][498]LogStats:                SubmitErrorReport -  0.000 s
[2017.04.28-17.28.45:070][498]LogStats:                    SendNewReport -  0.655 s
[2017.04.28-17.28.45:071][498]LogStats:             FDebug::EnsureFailed -  1.078 s
[2017.04.28-17.28.45:073][498]LogStats: FPlatformStackWalk::StackWalkAndDump -  0.001 s
[2017.04.28-17.28.45:073][498]LogOutputDevice:Error: === Handled ensure: ===
[2017.04.28-17.28.45:073][498]LogOutputDevice:Error: 
[2017.04.28-17.28.45:073][498]LogOutputDevice:Error: Ensure condition failed: TankAimingComponent [File:C:\Users\Sarah\Documents\Unreal Projects\04_BattleTank\BattleTank\Source\BattleTank\Private\TankAIController.cpp] [Line: 38]
[2017.04.28-17.28.45:074][498]LogOutputDevice:Error: 
[2017.04.28-17.28.45:074][498]LogOutputDevice:Error: Stack: 
[2017.04.28-17.28.45:074][498]LogOutputDevice:Error: UE4Editor-Core.dll!0x00000000A40795D6
[2017.04.28-17.28.45:074][498]LogOutputDevice:Error: UE4Editor-Core.dll!0x00000000A3E29B72
[2017.04.28-17.28.45:074][498]LogOutputDevice:Error: UE4Editor-Core.dll!0x00000000A3E3B656
[2017.04.28-17.28.45:074][498]LogOutputDevice:Error: UE4Editor-BattleTank-2828.dll!ATankAIController::Tick() [c:\users\sarah\documents\unreal projects\04_battletank\battletank\source\battletank\private\tankaicontroller.cpp:38]
[2017.04.28-17.28.45:075][498]LogOutputDevice:Error: UE4Editor-Engine.dll!0x00000000948F302A
[2017.04.28-17.28.45:075][498]LogOutputDevice:Error: UE4Editor-Engine.dll!0x0000000093FFAA2E
[2017.04.28-17.28.45:075][498]LogOutputDevice:Error: UE4Editor-Engine.dll!0x0000000094F7F62D
[2017.04.28-17.28.45:075][498]LogOutputDevice:Error: UE4Editor-Engine.dll!0x0000000094F852FD
[2017.04.28-17.28.45:075][498]LogOutputDevice:Error: UE4Editor-Core.dll!0x00000000A3CFD83D
[2017.04.28-17.28.45:075][498]LogOutputDevice:Error: UE4Editor-Core.dll!0x00000000A3CFDC5D
[2017.04.28-17.28.45:076][498]LogOutputDevice:Error: UE4Editor-Core.dll!0x00000000A3D1CCDB
[2017.04.28-17.28.45:076][498]LogOutputDevice:Error: UE4Editor-Engine.dll!0x0000000094FA9051
[2017.04.28-17.28.45:076][498]LogOutputDevice:Error: UE4Editor-Engine.dll!0x0000000094FB98D2
[2017.04.28-17.28.45:076][498]LogOutputDevice:Error: UE4Editor-Engine.dll!0x00000000948E7B44
[2017.04.28-17.28.45:076][498]LogOutputDevice:Error: UE4Editor-Engine.dll!0x00000000948EFC6B
[2017.04.28-17.28.45:076][498]LogOutputDevice:Error: UE4Editor-UnrealEd.dll!0x00000000A0A66D8E
[2017.04.28-17.28.45:076][498]LogOutputDevice:Error: UE4Editor-UnrealEd.dll!0x00000000A1271AD6
[2017.04.28-17.28.45:076][498]LogOutputDevice:Error: UE4Editor.exe!0x00000000C875DEE3
[2017.04.28-17.28.45:077][498]LogOutputDevice:Error: UE4Editor.exe!0x00000000C874EB40
[2017.04.28-17.28.45:077][498]LogOutputDevice:Error: UE4Editor.exe!0x00000000C874EBBA
[2017.04.28-17.28.45:077][498]LogOutputDevice:Error: UE4Editor.exe!0x00000000C8760A29
[2017.04.28-17.28.45:077][498]LogOutputDevice:Error: UE4Editor.exe!0x00000000C87622B6
[2017.04.28-17.28.45:077][498]LogOutputDevice:Error: KERNEL32.DLL!0x00000000E12A8364
[2017.04.28-17.28.45:077][498]LogOutputDevice:Error: ntdll.dll!0x00000000E18470D1
[2017.04.28-17.28.45:077][498]LogOutputDevice:Error: 
[2017.04.28-17.28.45:080][498]LogStats:                SubmitErrorReport -  0.000 s
