Log file open, 04/28/17 14:32:31
LogInit:Display: Running engine for game: BattleTank
LogPlatformFile: Not using cached read wrapper
LogInit:Display: RandInit(-731846261) SRandInit(-731846261).
LogTaskGraph: Started task graph with 5 named threads and 8 total threads with 1 sets of task threads.
LogStats: Stats thread started at 0.090127
LogInit: Using libcurl 7.47.1
LogInit:  - built for x86_64-pc-win32
LogInit:  - supports SSL with OpenSSL/1.0.2g
LogInit:  - supports HTTP deflate (compression) using libz 1.2.8
LogInit:  - other features:
LogInit:      CURL_VERSION_SSL
LogInit:      CURL_VERSION_LIBZ
LogInit:      CURL_VERSION_IPV6
LogInit:      CURL_VERSION_ASYNCHDNS
LogInit:      CURL_VERSION_LARGEFILE
LogInit:      CURL_VERSION_IDN
LogInit:  CurlRequestOptions (configurable via config and command line):
LogInit:  - bVerifyPeer = false  - Libcurl will NOT verify peer certificate
LogInit:  - bUseHttpProxy = false  - Libcurl will NOT use HTTP proxy
LogInit:  - bDontReuseConnections = false  - Libcurl will reuse connections
LogInit:  - CertBundlePath = nullptr  - Libcurl will use whatever was configured at build time.
LogInit: Build: ++UE4+Release-4.15-CL-3299760
LogInit: Engine Version: 4.15.0-3299760+++UE4+Release-4.15
LogInit: Compatible Engine Version: 4.15.0-3299760+++UE4+Release-4.15
LogInit: Net CL: 3299760
LogDevObjectVersion: Number of dev versions registered: 14
LogDevObjectVersion:   Dev-Blueprints (B0D832E4-1F89-4F0D-ACCF-7EB736FD4AA2): 8
LogDevObjectVersion:   Dev-Build (E1C64328-A22C-4D53-A36C-8E866417BD8C): 0
LogDevObjectVersion:   Dev-Core (375EC13C-06E4-48FB-B500-84F0262A717E): 2
LogDevObjectVersion:   Dev-Editor (E4B068ED-F494-42E9-A231-DA0B2E46BB41): 14
LogDevObjectVersion:   Dev-Framework (CFFC743F-43B0-4480-9391-14DF171D2073): 22
LogDevObjectVersion:   Dev-Mobile (B02B49B5-BB20-44E9-A304-32B752E40360): 0
LogDevObjectVersion:   Dev-Networking (A4E4105C-59A1-49B5-A7C5-40C4547EDFEE): 0
LogDevObjectVersion:   Dev-Online (39C831C9-5AE6-47DC-9A44-9C173E1C8E7C): 0
LogDevObjectVersion:   Dev-Physics (78F01B33-EBEA-4F98-B9B4-84EACCB95AA2): 0
LogDevObjectVersion:   Dev-Platform (6631380F-2D4D-43E0-8009-CF276956A95A): 0
LogDevObjectVersion:   Dev-Rendering (12F88B9F-8875-4AFC-A67C-D90C383ABD29): 12
LogDevObjectVersion:   Dev-Sequencer (7B5AE74C-D270-4C10-A958-57980B212A5A): 3
LogDevObjectVersion:   Dev-VR (D7296918-1DD6-4BDD-9DE2-64A83CC13884): 0
LogDevObjectVersion:   Dev-LoadTimes (C2A15278-BFE7-4AFE-6C17-90FF531DF755): 1
LogInit: Compiled (64-bit): Feb 14 2017 02:04:14
LogInit: Compiled with Visual C++: 19.00.23026.00
LogInit: Build Configuration: Development
LogInit: Branch Name: ++UE4+Release-4.15
LogInit: Command line: -EpicPortal 
LogInit: Base directory: C:/Program Files/Epic Games/UE_4.15/Engine/Binaries/Win64/
LogInit: Installed Engine Build: 1
LogInit: Presizing for max 8388607 objects, including 0 objects not considered by GC, pre-allocating 0 bytes for permanent pool.
LogInit: Object subsystem initialized
[2017.04.28-13.32.32:244][  0]LogInit: Selected Device Profile: [Windows]
[2017.04.28-13.32.32:244][  0]LogInit: Applying CVar settings loaded from the selected device profile: [Windows]
[2017.04.28-13.32.32:259][  0]LogInit: Computer: DESKTOP-0PEK566
[2017.04.28-13.32.32:259][  0]LogInit: User: Sarah
[2017.04.28-13.32.32:259][  0]LogInit: CPU Page size=65536, Cores=4
[2017.04.28-13.32.32:259][  0]LogInit: High frequency timer resolution =2.143576 MHz
[2017.04.28-13.32.32:260][  0]LogMemory: Memory total: Physical=7.9GB (8GB approx)
[2017.04.28-13.32.32:260][  0]LogMemory: Platform Memory Stats for Windows
[2017.04.28-13.32.32:260][  0]LogMemory: Process Physical Memory: 262.89 MB used, 262.89 MB peak
[2017.04.28-13.32.32:260][  0]LogMemory: Process Virtual Memory: 262.53 MB used, 262.53 MB peak
[2017.04.28-13.32.32:260][  0]LogMemory: Physical Memory: 3603.80 MB used,  4480.48 MB free, 8084.27 MB total
[2017.04.28-13.32.32:260][  0]LogMemory: Virtual Memory: 644.18 MB used,  4480.48 MB free, 134217728.00 MB total
[2017.04.28-13.32.32:391][  0]LogTextLocalizationManager: No specific translations for ('en-US') exist, so ('en') translations will be used.
[2017.04.28-13.32.33:170][  0]LogD3D11RHI: D3D11 adapters:
[2017.04.28-13.32.33:228][  0]LogD3D11RHI:    0. 'AMD Radeon HD 7600M Series' (Feature Level 11_0)
[2017.04.28-13.32.33:228][  0]LogD3D11RHI:       1004/0/3840 MB DedicatedVideo/DedicatedSystem/SharedSystem, Outputs:1, VendorId:0x1002
[2017.04.28-13.32.33:232][  0]LogD3D11RHI:    1. 'Intel(R) HD Graphics 4000' (Feature Level 11_0)
[2017.04.28-13.32.33:232][  0]LogD3D11RHI:       32/0/1760 MB DedicatedVideo/DedicatedSystem/SharedSystem, Outputs:0, VendorId:0x8086
[2017.04.28-13.32.33:233][  0]LogD3D11RHI:    2. 'Microsoft Basic Render Driver' (Feature Level 11_0)
[2017.04.28-13.32.33:233][  0]LogD3D11RHI:       0/0/4042 MB DedicatedVideo/DedicatedSystem/SharedSystem, Outputs:0, VendorId:0x1414
[2017.04.28-13.32.33:233][  0]LogD3D11RHI: Chosen D3D11 Adapter: 0
[2017.04.28-13.32.33:249][  0]LogD3D11RHI: Creating new Direct3DDevice
[2017.04.28-13.32.33:249][  0]LogD3D11RHI:     GPU DeviceId: 0x6840 (for the marketing name, search the web for "GPU Device Id")
[2017.04.28-13.32.33:249][  0]LogWindows: EnumDisplayDevices:
[2017.04.28-13.32.33:249][  0]LogWindows:    0. 'Intel(R) HD Graphics 4000' (P:1 D:1)
[2017.04.28-13.32.33:249][  0]LogWindows:    1. 'Intel(R) HD Graphics 4000' (P:0 D:0)
[2017.04.28-13.32.33:249][  0]LogWindows:    2. 'Intel(R) HD Graphics 4000' (P:0 D:0)
[2017.04.28-13.32.33:249][  0]LogWindows: DebugString: PrimaryIsNotTheChoosenAdapter PrimaryIsNotTheChoosenAdapter PrimaryIsNotTheChoosenAdapter FoundDriverCount:0 
[2017.04.28-13.32.33:249][  0]LogD3D11RHI:     Adapter Name: AMD Radeon HD 7600M Series
[2017.04.28-13.32.33:249][  0]LogD3D11RHI:   Driver Version: Unknown (internal:Unknown, unified:Unknown)
[2017.04.28-13.32.33:250][  0]LogD3D11RHI:      Driver Date: Unknown
[2017.04.28-13.32.33:250][  0]LogRHI: Texture pool is 702 MB (70% of 1004 MB)
[2017.04.28-13.32.33:267][  0]LogD3D11RHI: AMD Pre GCN architecture detected, some driver workarounds will be in place
[2017.04.28-13.32.33:275][  0]LogD3D11RHI: Async texture creation enabled
[2017.04.28-13.32.33:286][  0]LogD3D11RHI: GPU Timing Frequency: 27.000000 (Debug: 2 1)
[2017.04.28-13.32.33:287][  0]LogShaderCompilers: Guid format shader working directory is -35 characters bigger than the processId version (../../../../../../Users/Sarah/Documents/Unreal Projects/04_BattleTank/BattleTank/Intermediate/Shaders/WorkingDirectory/95696/).
[2017.04.28-13.32.33:287][  0]LogShaderCompilers: Cleaned the shader compiler working directory 'C:/Users/Sarah/AppData/Local/Temp/UnrealShaderWorkingDir/1D77BC94446ED42DDBB014AB34EDB881/'.
[2017.04.28-13.32.33:287][  0]LogShaderCompilers:Display: Using Local Shader Compiler.
[2017.04.28-13.32.34:717][  0]LogTemp:Display: Loaded TP AllDesktopTargetPlatform
[2017.04.28-13.32.34:824][  0]LogTemp:Display: Loaded TP MacClientTargetPlatform
[2017.04.28-13.32.34:905][  0]LogTemp:Display: Loaded TP MacNoEditorTargetPlatform
[2017.04.28-13.32.34:989][  0]LogTemp:Display: Loaded TP MacServerTargetPlatform
[2017.04.28-13.32.35:067][  0]LogTemp:Display: Loaded TP MacTargetPlatform
[2017.04.28-13.32.35:145][  0]LogTemp:Display: Loaded TP WindowsClientTargetPlatform
[2017.04.28-13.32.35:223][  0]LogTemp:Display: Loaded TP WindowsNoEditorTargetPlatform
[2017.04.28-13.32.35:302][  0]LogTemp:Display: Loaded TP WindowsServerTargetPlatform
[2017.04.28-13.32.35:367][  0]LogTemp:Display: Loaded TP WindowsTargetPlatform
[2017.04.28-13.32.35:443][  0]LogTemp:Display: Loaded TP AndroidTargetPlatform
[2017.04.28-13.32.35:520][  0]LogTemp:Display: Loaded TP Android_ASTCTargetPlatform
[2017.04.28-13.32.35:600][  0]LogTemp:Display: Loaded TP Android_ATCTargetPlatform
[2017.04.28-13.32.35:678][  0]LogTemp:Display: Loaded TP Android_DXTTargetPlatform
[2017.04.28-13.32.35:757][  0]LogTemp:Display: Loaded TP Android_ETC1TargetPlatform
[2017.04.28-13.32.35:833][  0]LogTemp:Display: Loaded TP Android_ETC2TargetPlatform
[2017.04.28-13.32.35:989][  0]LogTemp:Display: Loaded TP Android_MultiTargetPlatform
[2017.04.28-13.32.35:989][  0]LogTemp:Display: Loaded TP Android_PVRTCTargetPlatform
[2017.04.28-13.32.36:044][  0]LogTemp:Display: Loaded TP HTML5TargetPlatform
[2017.04.28-13.32.36:176][  0]LogTemp:Display: Loaded TP IOSTargetPlatform
[2017.04.28-13.32.36:227][  0]LogTemp:Display: Loaded TP TVOSTargetPlatform
[2017.04.28-13.32.36:304][  0]LogTemp:Display: Loaded TP LinuxClientTargetPlatform
[2017.04.28-13.32.36:381][  0]LogTemp:Display: Loaded TP LinuxNoEditorTargetPlatform
[2017.04.28-13.32.36:458][  0]LogTemp:Display: Loaded TP LinuxServerTargetPlatform
[2017.04.28-13.32.36:535][  0]LogTemp:Display: Loaded TP LinuxTargetPlatform
[2017.04.28-13.32.36:535][  0]LogTargetPlatformManager:Display: Building Assets For Windows
[2017.04.28-13.32.37:248][  0]LogDerivedDataCache:Display: Max Cache Size: 512 MB
[2017.04.28-13.32.37:303][  0]LogDerivedDataCache: Loaded boot cache 0.05s 50MB C:/Users/Sarah/AppData/Local/UnrealEngine/4.15/DerivedDataCache/Boot.ddc.
[2017.04.28-13.32.37:303][  0]LogDerivedDataCache:Display: Loaded Boot cache: C:/Users/Sarah/AppData/Local/UnrealEngine/4.15/DerivedDataCache/Boot.ddc
[2017.04.28-13.32.37:303][  0]LogDerivedDataCache: FDerivedDataBackendGraph:  Pak pak cache file ../../../../../../Users/Sarah/Documents/Unreal Projects/04_BattleTank/BattleTank/DerivedDataCache/DDC.ddp not found, will not use a pak cache.
[2017.04.28-13.32.37:303][  0]LogDerivedDataCache: Unable to find inner node Pak for hierarchical cache Hierarchy.
[2017.04.28-13.32.37:303][  0]LogDerivedDataCache: FDerivedDataBackendGraph:  CompressedPak pak cache file ../../../../../../Users/Sarah/Documents/Unreal Projects/04_BattleTank/BattleTank/DerivedDataCache/Compressed.ddp not found, will not use a pak cache.
[2017.04.28-13.32.37:303][  0]LogDerivedDataCache: Unable to find inner node CompressedPak for hierarchical cache Hierarchy.
[2017.04.28-13.32.37:325][  0]LogDerivedDataCache:Display: Pak cache opened for reading ../../../Engine/DerivedDataCache/Compressed.ddp.
[2017.04.28-13.32.37:337][  0]LogDerivedDataCache: Using Local data cache path C:/Users/Sarah/AppData/Local/UnrealEngine/Common/DerivedDataCache: Writable
[2017.04.28-13.32.37:348][  0]LogSlate: Using Freetype 2.6.0
[2017.04.28-13.32.37:349][  0]LogSlate: SlateFontCache - WITH_FREETYPE: 1, WITH_HARFBUZZ: 1
[2017.04.28-13.32.37:349][  0]LogSlate: SlateFontCache - WITH_FREETYPE: 1, WITH_HARFBUZZ: 1
[2017.04.28-13.32.37:954][  0]LogInit: Selected Device Profile: [Windows]
[2017.04.28-13.32.37:958][  0]LogContentStreaming: Texture pool size is 0.00 MB
[2017.04.28-13.32.38:268][  0]LogMeshUtilities: Using QuadricMeshReduction for automatic static mesh reduction
[2017.04.28-13.32.38:330][  0]LogSimplygon: Simplygon DLL not present - disabling.
[2017.04.28-13.32.38:422][  0]LogMeshUtilities: Using SimplygonSwarm for distributed automatic mesh merging
[2017.04.28-13.32.38:422][  0]LogMeshUtilities: No automatic skeletal mesh reduction module available
[2017.04.28-13.32.38:422][  0]LogMeshUtilities: No automatic mesh merging module available
[2017.04.28-13.32.39:185][  0]LogNetVersion: GetLocalNetworkVersion: CL: 3299760, ProjectName: battletank, ProjectVersion: , EngineNetworkVersion: 2, GameNetworkVersion: 0, NetworkChecksum: 2512795372
[2017.04.28-13.32.39:241][  0]LogAssetRegistry: FAssetRegistry took 0.0212 seconds to start up
[2017.04.28-13.32.39:311][  0]LogPackageLocalizationCache: Processed 3 localized package path(s) for 2 prioritized culture(s) in 0.038206 seconds
[2017.04.28-13.32.39:317][  0]LogUObjectArray: 32475 objects as part of root set at end of initial load.
[2017.04.28-13.32.39:317][  0]LogUObjectAllocator: 7073360 out of 0 bytes used by permanent object pool.
[2017.04.28-13.32.39:317][  0]LogUObjectArray: CloseDisregardForGC: 0/0 objects in disregard for GC pool
[2017.04.28-13.32.39:411][  0]LogInit: WinSock: version 1.1 (2.2), MaxSocks=32767, MaxUdp=65467
[2017.04.28-13.32.41:786][  0]LogTcpMessaging: Initializing TcpMessaging bridge
[2017.04.28-13.32.41:865][  0]LogUdpMessaging: Initializing bridge on interface 0.0.0.0:0 to multicast group 230.0.0.1:6666.
[2017.04.28-13.32.42:770][  0]LogMaterial: Uniform references updated for custom material expression Custom.
[2017.04.28-13.32.43:435][  0]SourceControl: Info Source control is disabled
[2017.04.28-13.32.43:470][  0]SourceControl: Info Source control is disabled
[2017.04.28-13.32.43:563][  0]SourceControl: Info Source control is disabled
[2017.04.28-13.32.43:654][  0]SourceControl: Info Source control is disabled
[2017.04.28-13.32.46:079][  0]LogEngine: Initializing Engine...
[2017.04.28-13.32.46:080][  0]LogHMD: Failed to initialize OpenVR with code 110
[2017.04.28-13.32.46:388][  0]LogAIModule: Creating AISystem for world Untitled
[2017.04.28-13.32.46:396][  0]LogInit: XAudio2 using 'Speakers (2- High Definition Audio Device)' : 2 channels at 44.1 kHz using 16 bits per sample (channel mask 0x3)
[2017.04.28-13.32.46:414][  0]LogInit: FAudioDevice initialized.
[2017.04.28-13.32.46:772][  0]LogDerivedDataCache: Saved boot cache 0.36s 50MB C:/Users/Sarah/AppData/Local/UnrealEngine/4.15/DerivedDataCache/Boot.ddc.
[2017.04.28-13.32.46:800][  0]LogInit: Texture streaming: Enabled
[2017.04.28-13.32.46:936][  0]LogEngineSessionManager: EngineSessionManager initialized
[2017.04.28-13.32.47:526][  0]LogInit: Transaction tracking system initialized
[2017.04.28-13.32.48:067][  0]BlueprintLog: New page: Editor Load
[2017.04.28-13.32.49:403][  0]LocalizationService: Info Localization service is disabled
[2017.04.28-13.32.50:683][  0]LogConsoleResponse:Display: 
[2017.04.28-13.32.50:846][  0]LogCook:Display: Max memory allowance for cook 16384mb min free memory 0mb
[2017.04.28-13.32.50:846][  0]LogCook:Display: Mobile HDR setting 1
[2017.04.28-13.32.51:452][  0]LogFileCache: Scanning file cache for directory 'C:/Users/Sarah/Documents/Unreal Projects/04_BattleTank/BattleTank/Content/' took 0.02s
[2017.04.28-13.32.52:877][  0]SourceControl: Info Source control is disabled
[2017.04.28-13.32.52:878][  0]Cmd: MAP LOAD FILE="../../../../../../Users/Sarah/Documents/Unreal Projects/04_BattleTank/BattleTank/Content/Levels/BattleGround.umap" TEMPLATE=0 SHOWPROGRESS=1 FEATURELEVEL=3
[2017.04.28-13.32.52:878][  0]LightingResults: New page: Lighting Build
[2017.04.28-13.32.52:938][  0]MapCheck: New page: Map Check
[2017.04.28-13.32.52:938][  0]LightingResults: New page: Lighting Build
[2017.04.28-13.32.53:546][  0]LogAIModule: Creating AISystem for world BattleGround
[2017.04.28-13.32.53:842][  0]LogEditorServer: Finished looking for orphan Actors (0.000 secs)
[2017.04.28-13.32.53:844][  0]Cmd: MAP CHECKDEP NOCLEARLOG
[2017.04.28-13.32.53:904][  0]MapCheck: Info Map check complete: 0 Error(s), 0 Warning(s), took 59.613ms to complete.
[2017.04.28-13.32.53:904][  0]LogFileHelpers: Loading map 'BattleGround' took 1.026
[2017.04.28-13.32.54:195][  0]LogCollectionManager: Loaded 1 collections in 0.006078 seconds
[2017.04.28-13.32.54:303][  0]LogFileCache: Scanning file cache for directory 'C:/Users/Sarah/Documents/Unreal Projects/04_BattleTank/BattleTank/Saved/Collections/' took 0.01s
[2017.04.28-13.32.54:303][  0]LogFileCache: Scanning file cache for directory 'C:/Users/Sarah/Documents/Unreal Projects/04_BattleTank/BattleTank/Content/Developers/Sarah/Collections/' took 0.01s
[2017.04.28-13.32.54:303][  0]LogFileCache: Scanning file cache for directory 'C:/Users/Sarah/Documents/Unreal Projects/04_BattleTank/BattleTank/Content/Collections/' took 0.01s
[2017.04.28-13.32.54:303][  0]LogCollectionManager: Rebuilt the GUID cache for 1 collections in 0.000005 seconds
[2017.04.28-13.32.54:303][  0]LogCollectionManager: Rebuilt the hierarchy cache for 1 collections in 0.000000 seconds
[2017.04.28-13.32.54:319][  0]LogContentBrowser: Native class hierarchy populated in 0.0155 seconds. Added 2255 classes and 453 folders.
[2017.04.28-13.32.54:323][  0]LogStats: UGameplayTagsManager::ConstructGameplayTagTree: Construct from data asset -  0.000 s
[2017.04.28-13.32.54:323][  0]LogStats: UGameplayTagsManager::ConstructGameplayTagTree: GameplayTagTreeChangedEvent.Broadcast -  0.000 s
[2017.04.28-13.32.54:422][  0]LogContentBrowser: Native class hierarchy updated for 'WidgetCarousel' in 0.0039 seconds. Added 0 classes and 0 folders.
[2017.04.28-13.32.54:820][  0]LogContentBrowser: Native class hierarchy updated for 'AddContentDialog' in 0.0039 seconds. Added 0 classes and 0 folders.
[2017.04.28-13.32.54:889][  0]LogContentBrowser: Native class hierarchy updated for 'SceneOutliner' in 0.0040 seconds. Added 1 classes and 2 folders.
[2017.04.28-13.32.54:963][  0]LogCrashTracker: Crashtracker disabled due to settings.
[2017.04.28-13.32.54:969][  0]LogUObjectGlobals:Warning: Failed to find object 'Class None.'
[2017.04.28-13.32.55:066][  0]LogContentBrowser: Native class hierarchy updated for 'HierarchicalLODOutliner' in 0.0038 seconds. Added 1 classes and 2 folders.
[2017.04.28-13.32.55:066][  0]LogLoad: (Engine Initialization) Total time: 27.43 seconds
[2017.04.28-13.32.55:067][  0]LogLoad: (Engine Initialization) Total Blueprint compile time: 0.18 seconds
[2017.04.28-13.32.55:067][  0]LogExternalProfiler: No external profilers were discovered.  External profiling features will not be available.
[2017.04.28-13.32.55:406][  0]LogOcInput: OculusInput pre-init called
[2017.04.28-13.32.55:428][  0]LogContentStreaming: Texture pool size now 600 MB
[2017.04.28-13.32.55:429][  0]LogSlate: Took 0.000191 seconds to synchronously load lazily loaded font '../../../Engine/Content/Slate/Fonts/Roboto-Regular.ttf' (155K)
[2017.04.28-13.32.55:434][  0]LogSlate: Took 0.000246 seconds to synchronously load lazily loaded font '../../../Engine/Content/Slate/Fonts/Roboto-Bold.ttf' (160K)
[2017.04.28-13.32.55:448][  0]LogSlate: Took 0.006034 seconds to synchronously load lazily loaded font '../../../Engine/Content/Editor/Slate/Fonts/FontAwesome.ttf' (139K)
[2017.04.28-13.32.55:454][  0]LogSlate: Took 0.005690 seconds to synchronously load lazily loaded font '../../../Engine/Content/Editor/Slate/Fonts/DroidSansMono.ttf' (77K)
[2017.04.28-13.32.55:750][  1]LogRenderer: Reallocating scene render targets to support 1044x628 NumSamples 1 (Frame:2).
[2017.04.28-13.32.55:750][  1]LogAssetRegistry: Asset discovery search completed in 16.5302 seconds
[2017.04.28-13.32.55:750][  1]LogCollectionManager: Rebuilt the object cache for 1 collections in 0.000006 seconds (found 0 objects)
[2017.04.28-13.32.55:750][  1]LogCollectionManager: Fixed up redirectors for 1 collections in 0.000146 seconds (updated 0 objects)
[2017.04.28-13.33.56:891][ 72]LogSlate: Took 0.006157 seconds to synchronously load lazily loaded font '../../../Engine/Content/Slate/Fonts/Roboto-Light.ttf' (159K)
[2017.04.28-13.33.57:981][118]Cmd: MAP LOAD FILE="../../../../../../Users/Sarah/Documents/Unreal Projects/04_BattleTank/BattleTank/Content/Levels/MainMenu.umap" TEMPLATE=0 SHOWPROGRESS=1 FEATURELEVEL=3
[2017.04.28-13.33.57:990][118]LogSlate: Took 0.000175 seconds to synchronously load lazily loaded font '../../../Engine/Content/Slate/Fonts/Roboto-Light.ttf' (159K)
[2017.04.28-13.33.58:000][118]LightingResults: New page: Lighting Build
[2017.04.28-13.33.58:003][118]LoadErrors: New page: Loading map: MainMenu.umap
[2017.04.28-13.33.58:006][118]MapCheck: New page: Map Check
[2017.04.28-13.33.58:006][118]LightingResults: New page: Lighting Build
[2017.04.28-13.33.58:136][118]LogAIModule: Creating AISystem for world MainMenu
[2017.04.28-13.33.58:150][118]LogEditorServer: Finished looking for orphan Actors (0.000 secs)
[2017.04.28-13.33.58:195][118]Cmd: MAP CHECKDEP NOCLEARLOG
[2017.04.28-13.33.58:266][118]MapCheck: Info Map check complete: 0 Error(s), 0 Warning(s), took 70.107ms to complete.
[2017.04.28-13.33.58:266][118]LogFileHelpers: Loading map 'MainMenu' took 0.288
[2017.04.28-13.33.59:447][199]LogTemp: Repeting last play command: Selected Viewport
[2017.04.28-13.33.59:476][199]LogBlueprintUserMessages: Early PlayInEditor Detection: Level '/Game/Levels/MainMenu.MainMenu:PersistentLevel' has LevelScriptBlueprint '/Game/Levels/MainMenu.MainMenu:PersistentLevel.MainMenu' with GeneratedClass '/Game/Levels/MainMenu.MainMenu_C' with ClassGeneratedBy '/Game/Levels/MainMenu.MainMenu:PersistentLevel.MainMenu'
[2017.04.28-13.33.59:477][199]LogPlayLevel: PlayLevel: No blueprints needed recompiling
[2017.04.28-13.33.59:480][199]PIE: New page: PIE session: MainMenu (Apr 28, 2017, 3:33:59 PM)
[2017.04.28-13.33.59:481][199]LogPlayLevel: Creating play world package: /Game/Levels/UEDPIE_0_MainMenu
[2017.04.28-13.33.59:485][199]LogPlayLevel: PIE: StaticDuplicateObject took: (0.004361s)
[2017.04.28-13.33.59:486][199]LogAIModule: Creating AISystem for world MainMenu
[2017.04.28-13.33.59:486][199]LogPlayLevel: PIE: World Init took: (0.000958s)
[2017.04.28-13.33.59:487][199]LogPlayLevel: PIE: Created PIE world by copying editor world from /Game/Levels/MainMenu.MainMenu to /Game/Levels/UEDPIE_0_MainMenu.MainMenu (0.006806s)
[2017.04.28-13.33.59:515][199]LogInit: XAudio2 using 'Speakers (2- High Definition Audio Device)' : 2 channels at 44.1 kHz using 16 bits per sample (channel mask 0x3)
[2017.04.28-13.33.59:529][199]LogInit: FAudioDevice initialized.
[2017.04.28-13.33.59:592][199]LogLoad: Game class is 'GameModeBase'
[2017.04.28-13.33.59:602][199]LogWorld: Bringing World /Game/Levels/UEDPIE_0_MainMenu.MainMenu up for play (max tick rate 0) at 2017.04.28-14.33.59
[2017.04.28-13.33.59:604][199]LogWorld: Bringing up level for play took: 0.002451
[2017.04.28-13.33.59:680][199]LogContentBrowser: Native class hierarchy updated for 'MovieSceneCapture' in 0.0038 seconds. Added 11 classes and 0 folders.
[2017.04.28-13.33.59:695][199]PIE: Info Play in editor start time for /Game/Levels/UEDPIE_0_MainMenu -0.713
[2017.04.28-13.33.59:695][199]LogBlueprintUserMessages: Late PlayInEditor Detection: Level '/Game/Levels/MainMenu.MainMenu:PersistentLevel' has LevelScriptBlueprint '/Game/Levels/MainMenu.MainMenu:PersistentLevel.MainMenu' with GeneratedClass '/Game/Levels/MainMenu.MainMenu_C' with ClassGeneratedBy '/Game/Levels/MainMenu.MainMenu:PersistentLevel.MainMenu'
[2017.04.28-13.34.00:827][290]LogNet: Browse: /Game/Levels/BattleGround
[2017.04.28-13.34.00:827][290]LogLoad: LoadMap: /Game/Levels/BattleGround
[2017.04.28-13.34.00:850][290]Cmd: MEM
[2017.04.28-13.34.00:872][290]LogMemory: Platform Memory Stats for Windows
[2017.04.28-13.34.00:872][290]LogMemory: Process Physical Memory: 995.65 MB used, 1002.92 MB peak
[2017.04.28-13.34.00:872][290]LogMemory: Process Virtual Memory: 1238.54 MB used, 1242.48 MB peak
[2017.04.28-13.34.00:872][290]LogMemory: Physical Memory: 4581.34 MB used,  3502.94 MB free, 8084.27 MB total
[2017.04.28-13.34.00:873][290]LogMemory: Virtual Memory: 1939.79 MB used,  3502.94 MB free, 134217728.00 MB total
[2017.04.28-13.34.00:873][290]LogMemory: 
[2017.04.28-13.34.00:873][290]Allocator Stats for TBB: (not implemented)
[2017.04.28-13.34.01:433][290]LogAIModule: Creating AISystem for world BattleGround
[2017.04.28-13.34.01:433][290]LogLoad: Game class is 'BattleTankGameMode_BP_C'
[2017.04.28-13.34.01:453][290]LogWorld: Bringing World /Game/Levels/UEDPIE_0_BattleGround.BattleGround up for play (max tick rate 0) at 2017.04.28-14.34.01
[2017.04.28-13.34.01:457][290]LogWorld: Bringing up level for play took: 0.022312
[2017.04.28-13.34.01:462][290]LogTemp:Warning: Tank_BP_C_48 has been possessed by Player
[2017.04.28-13.34.01:463][290]LogLoad: Took 0.635689 seconds to LoadMap(/Game/Levels/BattleGround)
[2017.04.28-13.34.01:871][290]LogStats: FPlatformStackWalk::StackWalkAndDump -  0.401 s
[2017.04.28-13.34.01:871][290]LogOutputDevice:Error: === Handled ensure: ===
[2017.04.28-13.34.01:871][290]LogOutputDevice:Error: 
[2017.04.28-13.34.01:871][290]LogOutputDevice:Error: Ensure condition failed: Barrel [File:C:\Users\Sarah\Documents\Unreal Projects\04_BattleTank\BattleTank\Source\BattleTank\Private\Tank.cpp] [Line: 69]
[2017.04.28-13.34.01:871][290]LogOutputDevice:Error: 
[2017.04.28-13.34.01:871][290]LogOutputDevice:Error: Stack: 
[2017.04.28-13.34.01:872][290]LogOutputDevice:Error: UE4Editor-Core.dll!0x000000009F3595D6
[2017.04.28-13.34.01:872][290]LogOutputDevice:Error: UE4Editor-Core.dll!0x000000009F109B72
[2017.04.28-13.34.01:872][290]LogOutputDevice:Error: UE4Editor-Core.dll!0x000000009F11B656
[2017.04.28-13.34.01:872][290]LogOutputDevice:Error: UE4Editor-BattleTank-6998.dll!ATank::Fire() [c:\users\sarah\documents\unreal projects\04_battletank\battletank\source\battletank\private\tank.cpp:69]
[2017.04.28-13.34.01:872][290]LogOutputDevice:Error: UE4Editor-BattleTank-6998.dll!ATankAIController::Tick() [c:\users\sarah\documents\unreal projects\04_battletank\battletank\source\battletank\private\tankaicontroller.cpp:64]
[2017.04.28-13.34.01:872][290]LogOutputDevice:Error: UE4Editor-Engine.dll!0x0000000098F9302A
[2017.04.28-13.34.01:872][290]LogOutputDevice:Error: UE4Editor-Engine.dll!0x000000009869AA2E
[2017.04.28-13.34.01:872][290]LogOutputDevice:Error: UE4Editor-Engine.dll!0x000000009961F62D
[2017.04.28-13.34.01:873][290]LogOutputDevice:Error: UE4Editor-Engine.dll!0x00000000996252FD
[2017.04.28-13.34.01:873][290]LogOutputDevice:Error: UE4Editor-Core.dll!0x000000009EFDD83D
[2017.04.28-13.34.01:873][290]LogOutputDevice:Error: UE4Editor-Core.dll!0x000000009EFDDC5D
[2017.04.28-13.34.01:873][290]LogOutputDevice:Error: UE4Editor-Core.dll!0x000000009EFFCCDB
[2017.04.28-13.34.01:873][290]LogOutputDevice:Error: UE4Editor-Engine.dll!0x0000000099649051
[2017.04.28-13.34.01:873][290]LogOutputDevice:Error: UE4Editor-Engine.dll!0x00000000996598D2
[2017.04.28-13.34.01:873][290]LogOutputDevice:Error: UE4Editor-Engine.dll!0x0000000098F87B44
[2017.04.28-13.34.01:873][290]LogOutputDevice:Error: UE4Editor-Engine.dll!0x0000000098F8FC6B
[2017.04.28-13.34.01:873][290]LogOutputDevice:Error: UE4Editor-UnrealEd.dll!0x000000009D596D8E
[2017.04.28-13.34.01:873][290]LogOutputDevice:Error: UE4Editor-UnrealEd.dll!0x000000009DDA1AD6
[2017.04.28-13.34.01:873][290]LogOutputDevice:Error: UE4Editor.exe!0x00000000C875DEE3
[2017.04.28-13.34.01:874][290]LogOutputDevice:Error: UE4Editor.exe!0x00000000C874EB40
[2017.04.28-13.34.01:874][290]LogOutputDevice:Error: UE4Editor.exe!0x00000000C874EBBA
[2017.04.28-13.34.01:874][290]LogOutputDevice:Error: UE4Editor.exe!0x00000000C8760A29
[2017.04.28-13.34.01:874][290]LogOutputDevice:Error: UE4Editor.exe!0x00000000C87622B6
[2017.04.28-13.34.01:874][290]LogOutputDevice:Error: KERNEL32.DLL!0x00000000E12A8364
[2017.04.28-13.34.01:874][290]LogOutputDevice:Error: ntdll.dll!0x00000000E18470D1
[2017.04.28-13.34.01:874][290]LogOutputDevice:Error: 
[2017.04.28-13.34.01:876][290]LogStats:                SubmitErrorReport -  0.000 s
