Log file open, 04/30/17 12:09:32
LogInit:Display: Running engine for game: BattleTank
LogPlatformFile: Not using cached read wrapper
LogInit:Display: RandInit(-873195354) SRandInit(-873195354).
LogTaskGraph: Started task graph with 5 named threads and 8 total threads with 1 sets of task threads.
LogStats: Stats thread started at 0.146103
LogInit: Using libcurl 7.47.1
LogInit:  - built for x86_64-pc-win32
LogInit:  - supports SSL with OpenSSL/1.0.2g
LogInit:  - supports HTTP deflate (compression) using libz 1.2.8
LogInit:  - other features:
LogInit:      CURL_VERSION_SSL
LogInit:      CURL_VERSION_LIBZ
LogInit:      CURL_VERSION_IPV6
LogInit:      CURL_VERSION_ASYNCHDNS
LogInit:      CURL_VERSION_LARGEFILE
LogInit:      CURL_VERSION_IDN
LogInit:  CurlRequestOptions (configurable via config and command line):
LogInit:  - bVerifyPeer = false  - Libcurl will NOT verify peer certificate
LogInit:  - bUseHttpProxy = false  - Libcurl will NOT use HTTP proxy
LogInit:  - bDontReuseConnections = false  - Libcurl will reuse connections
LogInit:  - CertBundlePath = nullptr  - Libcurl will use whatever was configured at build time.
LogInit: Build: ++UE4+Release-4.15-CL-3299760
LogInit: Engine Version: 4.15.0-3299760+++UE4+Release-4.15
LogInit: Compatible Engine Version: 4.15.0-3299760+++UE4+Release-4.15
LogInit: Net CL: 3299760
LogDevObjectVersion: Number of dev versions registered: 14
LogDevObjectVersion:   Dev-Blueprints (B0D832E4-1F89-4F0D-ACCF-7EB736FD4AA2): 8
LogDevObjectVersion:   Dev-Build (E1C64328-A22C-4D53-A36C-8E866417BD8C): 0
LogDevObjectVersion:   Dev-Core (375EC13C-06E4-48FB-B500-84F0262A717E): 2
LogDevObjectVersion:   Dev-Editor (E4B068ED-F494-42E9-A231-DA0B2E46BB41): 14
LogDevObjectVersion:   Dev-Framework (CFFC743F-43B0-4480-9391-14DF171D2073): 22
LogDevObjectVersion:   Dev-Mobile (B02B49B5-BB20-44E9-A304-32B752E40360): 0
LogDevObjectVersion:   Dev-Networking (A4E4105C-59A1-49B5-A7C5-40C4547EDFEE): 0
LogDevObjectVersion:   Dev-Online (39C831C9-5AE6-47DC-9A44-9C173E1C8E7C): 0
LogDevObjectVersion:   Dev-Physics (78F01B33-EBEA-4F98-B9B4-84EACCB95AA2): 0
LogDevObjectVersion:   Dev-Platform (6631380F-2D4D-43E0-8009-CF276956A95A): 0
LogDevObjectVersion:   Dev-Rendering (12F88B9F-8875-4AFC-A67C-D90C383ABD29): 12
LogDevObjectVersion:   Dev-Sequencer (7B5AE74C-D270-4C10-A958-57980B212A5A): 3
LogDevObjectVersion:   Dev-VR (D7296918-1DD6-4BDD-9DE2-64A83CC13884): 0
LogDevObjectVersion:   Dev-LoadTimes (C2A15278-BFE7-4AFE-6C17-90FF531DF755): 1
LogInit: Compiled (64-bit): Feb 14 2017 02:04:14
LogInit: Compiled with Visual C++: 19.00.23026.00
LogInit: Build Configuration: Development
LogInit: Branch Name: ++UE4+Release-4.15
LogInit: Command line: -EpicPortal 
LogInit: Base directory: C:/Program Files/Epic Games/UE_4.15/Engine/Binaries/Win64/
LogInit: Installed Engine Build: 1
LogInit: Presizing for max 8388607 objects, including 0 objects not considered by GC, pre-allocating 0 bytes for permanent pool.
LogInit: Object subsystem initialized
[2017.04.30-11.09.35:003][  0]LogInit: Selected Device Profile: [Windows]
[2017.04.30-11.09.35:003][  0]LogInit: Applying CVar settings loaded from the selected device profile: [Windows]
[2017.04.30-11.09.35:037][  0]LogInit: Computer: DESKTOP-0PEK566
[2017.04.30-11.09.35:037][  0]LogInit: User: Sarah
[2017.04.30-11.09.35:037][  0]LogInit: CPU Page size=65536, Cores=4
[2017.04.30-11.09.35:037][  0]LogInit: High frequency timer resolution =2.143576 MHz
[2017.04.30-11.09.35:038][  0]LogMemory: Memory total: Physical=7.9GB (8GB approx)
[2017.04.30-11.09.35:038][  0]LogMemory: Platform Memory Stats for Windows
[2017.04.30-11.09.35:038][  0]LogMemory: Process Physical Memory: 263.44 MB used, 263.44 MB peak
[2017.04.30-11.09.35:038][  0]LogMemory: Process Virtual Memory: 262.50 MB used, 262.50 MB peak
[2017.04.30-11.09.35:038][  0]LogMemory: Physical Memory: 4295.45 MB used,  3788.82 MB free, 8084.27 MB total
[2017.04.30-11.09.35:038][  0]LogMemory: Virtual Memory: 644.18 MB used,  3788.82 MB free, 134217728.00 MB total
[2017.04.30-11.09.35:277][  0]LogTextLocalizationManager: No specific translations for ('en-US') exist, so ('en') translations will be used.
[2017.04.30-11.09.37:116][  0]LogD3D11RHI: D3D11 adapters:
[2017.04.30-11.09.37:210][  0]LogD3D11RHI:    0. 'AMD Radeon HD 7600M Series' (Feature Level 11_0)
[2017.04.30-11.09.37:211][  0]LogD3D11RHI:       1004/0/3840 MB DedicatedVideo/DedicatedSystem/SharedSystem, Outputs:1, VendorId:0x1002
[2017.04.30-11.09.37:219][  0]LogD3D11RHI:    1. 'Intel(R) HD Graphics 4000' (Feature Level 11_0)
[2017.04.30-11.09.37:219][  0]LogD3D11RHI:       32/0/1760 MB DedicatedVideo/DedicatedSystem/SharedSystem, Outputs:0, VendorId:0x8086
[2017.04.30-11.09.37:223][  0]LogD3D11RHI:    2. 'Microsoft Basic Render Driver' (Feature Level 11_0)
[2017.04.30-11.09.37:223][  0]LogD3D11RHI:       0/0/4042 MB DedicatedVideo/DedicatedSystem/SharedSystem, Outputs:0, VendorId:0x1414
[2017.04.30-11.09.37:223][  0]LogD3D11RHI: Chosen D3D11 Adapter: 0
[2017.04.30-11.09.37:259][  0]LogD3D11RHI: Creating new Direct3DDevice
[2017.04.30-11.09.37:259][  0]LogD3D11RHI:     GPU DeviceId: 0x6840 (for the marketing name, search the web for "GPU Device Id")
[2017.04.30-11.09.37:259][  0]LogWindows: EnumDisplayDevices:
[2017.04.30-11.09.37:259][  0]LogWindows:    0. 'Intel(R) HD Graphics 4000' (P:1 D:1)
[2017.04.30-11.09.37:260][  0]LogWindows:    1. 'Intel(R) HD Graphics 4000' (P:0 D:0)
[2017.04.30-11.09.37:260][  0]LogWindows:    2. 'Intel(R) HD Graphics 4000' (P:0 D:0)
[2017.04.30-11.09.37:261][  0]LogWindows: DebugString: PrimaryIsNotTheChoosenAdapter PrimaryIsNotTheChoosenAdapter PrimaryIsNotTheChoosenAdapter FoundDriverCount:0 
[2017.04.30-11.09.37:261][  0]LogD3D11RHI:     Adapter Name: AMD Radeon HD 7600M Series
[2017.04.30-11.09.37:261][  0]LogD3D11RHI:   Driver Version: Unknown (internal:Unknown, unified:Unknown)
[2017.04.30-11.09.37:261][  0]LogD3D11RHI:      Driver Date: Unknown
[2017.04.30-11.09.37:261][  0]LogRHI: Texture pool is 702 MB (70% of 1004 MB)
[2017.04.30-11.09.37:335][  0]LogD3D11RHI: AMD Pre GCN architecture detected, some driver workarounds will be in place
[2017.04.30-11.09.37:436][  0]LogD3D11RHI: Async texture creation enabled
[2017.04.30-11.09.37:465][  0]LogD3D11RHI: GPU Timing Frequency: 27.000000 (Debug: 2 1)
[2017.04.30-11.09.37:468][  0]LogShaderCompilers: Guid format shader working directory is -36 characters bigger than the processId version (../../../../../../Users/Sarah/Documents/Unreal Projects/04_BattleTank/BattleTank/Intermediate/Shaders/WorkingDirectory/145752/).
[2017.04.30-11.09.37:469][  0]LogShaderCompilers: Cleaned the shader compiler working directory 'C:/Users/Sarah/AppData/Local/Temp/UnrealShaderWorkingDir/29C8840541CAF38A12BFB1BEE5F337F1/'.
[2017.04.30-11.09.37:469][  0]LogShaderCompilers:Display: Using Local Shader Compiler.
[2017.04.30-11.09.40:926][  0]LogTemp:Display: Loaded TP AllDesktopTargetPlatform
[2017.04.30-11.09.41:117][  0]LogTemp:Display: Loaded TP MacClientTargetPlatform
[2017.04.30-11.09.41:334][  0]LogTemp:Display: Loaded TP MacNoEditorTargetPlatform
[2017.04.30-11.09.41:536][  0]LogTemp:Display: Loaded TP MacServerTargetPlatform
[2017.04.30-11.09.41:735][  0]LogTemp:Display: Loaded TP MacTargetPlatform
[2017.04.30-11.09.41:940][  0]LogTemp:Display: Loaded TP WindowsClientTargetPlatform
[2017.04.30-11.09.42:153][  0]LogTemp:Display: Loaded TP WindowsNoEditorTargetPlatform
[2017.04.30-11.09.42:377][  0]LogTemp:Display: Loaded TP WindowsServerTargetPlatform
[2017.04.30-11.09.42:543][  0]LogTemp:Display: Loaded TP WindowsTargetPlatform
[2017.04.30-11.09.42:741][  0]LogTemp:Display: Loaded TP AndroidTargetPlatform
[2017.04.30-11.09.42:933][  0]LogTemp:Display: Loaded TP Android_ASTCTargetPlatform
[2017.04.30-11.09.43:149][  0]LogTemp:Display: Loaded TP Android_ATCTargetPlatform
[2017.04.30-11.09.43:358][  0]LogTemp:Display: Loaded TP Android_DXTTargetPlatform
[2017.04.30-11.09.43:586][  0]LogTemp:Display: Loaded TP Android_ETC1TargetPlatform
[2017.04.30-11.09.43:814][  0]LogTemp:Display: Loaded TP Android_ETC2TargetPlatform
[2017.04.30-11.09.44:263][  0]LogTemp:Display: Loaded TP Android_MultiTargetPlatform
[2017.04.30-11.09.44:263][  0]LogTemp:Display: Loaded TP Android_PVRTCTargetPlatform
[2017.04.30-11.09.44:411][  0]LogTemp:Display: Loaded TP HTML5TargetPlatform
[2017.04.30-11.09.44:707][  0]LogTemp:Display: Loaded TP IOSTargetPlatform
[2017.04.30-11.09.44:849][  0]LogTemp:Display: Loaded TP TVOSTargetPlatform
[2017.04.30-11.09.45:055][  0]LogTemp:Display: Loaded TP LinuxClientTargetPlatform
[2017.04.30-11.09.45:257][  0]LogTemp:Display: Loaded TP LinuxNoEditorTargetPlatform
[2017.04.30-11.09.45:501][  0]LogTemp:Display: Loaded TP LinuxServerTargetPlatform
[2017.04.30-11.09.45:748][  0]LogTemp:Display: Loaded TP LinuxTargetPlatform
[2017.04.30-11.09.45:748][  0]LogTargetPlatformManager:Display: Building Assets For Windows
[2017.04.30-11.09.47:468][  0]LogDerivedDataCache:Display: Max Cache Size: 512 MB
[2017.04.30-11.09.47:595][  0]LogDerivedDataCache: Loaded boot cache 0.13s 50MB C:/Users/Sarah/AppData/Local/UnrealEngine/4.15/DerivedDataCache/Boot.ddc.
[2017.04.30-11.09.47:595][  0]LogDerivedDataCache:Display: Loaded Boot cache: C:/Users/Sarah/AppData/Local/UnrealEngine/4.15/DerivedDataCache/Boot.ddc
[2017.04.30-11.09.47:595][  0]LogDerivedDataCache: FDerivedDataBackendGraph:  Pak pak cache file ../../../../../../Users/Sarah/Documents/Unreal Projects/04_BattleTank/BattleTank/DerivedDataCache/DDC.ddp not found, will not use a pak cache.
[2017.04.30-11.09.47:595][  0]LogDerivedDataCache: Unable to find inner node Pak for hierarchical cache Hierarchy.
[2017.04.30-11.09.47:595][  0]LogDerivedDataCache: FDerivedDataBackendGraph:  CompressedPak pak cache file ../../../../../../Users/Sarah/Documents/Unreal Projects/04_BattleTank/BattleTank/DerivedDataCache/Compressed.ddp not found, will not use a pak cache.
[2017.04.30-11.09.47:595][  0]LogDerivedDataCache: Unable to find inner node CompressedPak for hierarchical cache Hierarchy.
[2017.04.30-11.09.47:650][  0]LogDerivedDataCache:Display: Pak cache opened for reading ../../../Engine/DerivedDataCache/Compressed.ddp.
[2017.04.30-11.09.47:664][  0]LogDerivedDataCache: Using Local data cache path C:/Users/Sarah/AppData/Local/UnrealEngine/Common/DerivedDataCache: Writable
[2017.04.30-11.09.47:692][  0]LogSlate: Using Freetype 2.6.0
[2017.04.30-11.09.47:694][  0]LogSlate: SlateFontCache - WITH_FREETYPE: 1, WITH_HARFBUZZ: 1
[2017.04.30-11.09.47:694][  0]LogSlate: SlateFontCache - WITH_FREETYPE: 1, WITH_HARFBUZZ: 1
[2017.04.30-11.09.50:773][  0]LogInit: Selected Device Profile: [Windows]
[2017.04.30-11.09.50:780][  0]LogContentStreaming: Texture pool size is 0.00 MB
[2017.04.30-11.09.51:468][  0]LogMeshUtilities: Using QuadricMeshReduction for automatic static mesh reduction
[2017.04.30-11.09.51:626][  0]LogSimplygon: Simplygon DLL not present - disabling.
[2017.04.30-11.09.51:798][  0]LogMeshUtilities: Using SimplygonSwarm for distributed automatic mesh merging
[2017.04.30-11.09.51:798][  0]LogMeshUtilities: No automatic skeletal mesh reduction module available
[2017.04.30-11.09.51:798][  0]LogMeshUtilities: No automatic mesh merging module available
[2017.04.30-11.09.53:554][  0]LogNetVersion: GetLocalNetworkVersion: CL: 3299760, ProjectName: battletank, ProjectVersion: , EngineNetworkVersion: 2, GameNetworkVersion: 0, NetworkChecksum: 2512795372
[2017.04.30-11.09.53:662][  0]LogAssetRegistry: FAssetRegistry took 0.0227 seconds to start up
[2017.04.30-11.09.53:824][  0]LogPackageLocalizationCache: Processed 3 localized package path(s) for 2 prioritized culture(s) in 0.075350 seconds
[2017.04.30-11.09.53:842][  0]LogUObjectArray: 32475 objects as part of root set at end of initial load.
[2017.04.30-11.09.53:842][  0]LogUObjectAllocator: 7073360 out of 0 bytes used by permanent object pool.
[2017.04.30-11.09.53:842][  0]LogUObjectArray: CloseDisregardForGC: 0/0 objects in disregard for GC pool
[2017.04.30-11.09.54:077][  0]LogInit: WinSock: version 1.1 (2.2), MaxSocks=32767, MaxUdp=65467
[2017.04.30-11.09.59:443][  0]LogTcpMessaging: Initializing TcpMessaging bridge
[2017.04.30-11.09.59:559][  0]LogUdpMessaging: Initializing bridge on interface 0.0.0.0:0 to multicast group 230.0.0.1:6666.
[2017.04.30-11.10.01:308][  0]LogMaterial: Uniform references updated for custom material expression Custom.
[2017.04.30-11.10.02:646][  0]SourceControl: Info Source control is disabled
[2017.04.30-11.10.02:755][  0]SourceControl: Info Source control is disabled
[2017.04.30-11.10.02:968][  0]SourceControl: Info Source control is disabled
[2017.04.30-11.10.03:138][  0]SourceControl: Info Source control is disabled
[2017.04.30-11.10.07:673][  0]LogEngine: Initializing Engine...
[2017.04.30-11.10.07:675][  0]LogHMD: Failed to initialize OpenVR with code 110
[2017.04.30-11.10.08:448][  0]LogAIModule: Creating AISystem for world Untitled
[2017.04.30-11.10.08:463][  0]LogInit: XAudio2 using 'Speakers (2- High Definition Audio Device)' : 2 channels at 44.1 kHz using 16 bits per sample (channel mask 0x3)
[2017.04.30-11.10.08:512][  0]LogInit: FAudioDevice initialized.
[2017.04.30-11.10.08:564][  0]LogDerivedDataCache: Saved boot cache 0.05s 50MB C:/Users/Sarah/AppData/Local/UnrealEngine/4.15/DerivedDataCache/Boot.ddc.
[2017.04.30-11.10.08:581][  0]LogInit: Texture streaming: Enabled
[2017.04.30-11.10.08:927][  0]LogEngineSessionManager: EngineSessionManager initialized
[2017.04.30-11.10.09:311][  0]LogInit: Transaction tracking system initialized
[2017.04.30-11.10.10:695][  0]BlueprintLog: New page: Editor Load
[2017.04.30-11.10.13:812][  0]LocalizationService: Info Localization service is disabled
[2017.04.30-11.10.16:715][  0]LogConsoleResponse:Display: 
[2017.04.30-11.10.17:134][  0]LogCook:Display: Max memory allowance for cook 16384mb min free memory 0mb
[2017.04.30-11.10.17:134][  0]LogCook:Display: Mobile HDR setting 1
[2017.04.30-11.10.18:228][  0]LogFileCache: Scanning file cache for directory 'C:/Users/Sarah/Documents/Unreal Projects/04_BattleTank/BattleTank/Content/' took 0.02s
[2017.04.30-11.10.20:804][  0]SourceControl: Info Source control is disabled
[2017.04.30-11.10.20:804][  0]Cmd: MAP LOAD FILE="../../../../../../Users/Sarah/Documents/Unreal Projects/04_BattleTank/BattleTank/Content/Levels/BattleGround.umap" TEMPLATE=0 SHOWPROGRESS=1 FEATURELEVEL=3
[2017.04.30-11.10.20:821][  0]LightingResults: New page: Lighting Build
[2017.04.30-11.10.20:954][  0]MapCheck: New page: Map Check
[2017.04.30-11.10.20:954][  0]LightingResults: New page: Lighting Build
[2017.04.30-11.10.22:606][  0]LogAIModule: Creating AISystem for world BattleGround
[2017.04.30-11.10.23:255][  0]LogEditorServer: Finished looking for orphan Actors (0.000 secs)
[2017.04.30-11.10.23:261][  0]Cmd: MAP CHECKDEP NOCLEARLOG
[2017.04.30-11.10.23:388][  0]MapCheck: Info Map check complete: 0 Error(s), 0 Warning(s), took 126.622ms to complete.
[2017.04.30-11.10.23:388][  0]LogFileHelpers: Loading map 'BattleGround' took 2.584
[2017.04.30-11.10.23:468][  0]LogWindowsTextInputMethodSystem:Display: IME system now deactivated.
[2017.04.30-11.10.23:926][  0]LogCollectionManager: Loaded 1 collections in 0.012425 seconds
[2017.04.30-11.10.24:134][  0]LogFileCache: Scanning file cache for directory 'C:/Users/Sarah/Documents/Unreal Projects/04_BattleTank/BattleTank/Saved/Collections/' took 0.01s
[2017.04.30-11.10.24:134][  0]LogFileCache: Scanning file cache for directory 'C:/Users/Sarah/Documents/Unreal Projects/04_BattleTank/BattleTank/Content/Developers/Sarah/Collections/' took 0.01s
[2017.04.30-11.10.24:134][  0]LogFileCache: Scanning file cache for directory 'C:/Users/Sarah/Documents/Unreal Projects/04_BattleTank/BattleTank/Content/Collections/' took 0.01s
[2017.04.30-11.10.24:134][  0]LogCollectionManager: Rebuilt the GUID cache for 1 collections in 0.000011 seconds
[2017.04.30-11.10.24:134][  0]LogCollectionManager: Rebuilt the hierarchy cache for 1 collections in 0.000001 seconds
[2017.04.30-11.10.24:171][  0]LogContentBrowser: Native class hierarchy populated in 0.0338 seconds. Added 2255 classes and 453 folders.
[2017.04.30-11.10.24:186][  0]LogStats: UGameplayTagsManager::ConstructGameplayTagTree: Construct from data asset -  0.000 s
[2017.04.30-11.10.24:186][  0]LogStats: UGameplayTagsManager::ConstructGameplayTagTree: GameplayTagTreeChangedEvent.Broadcast -  0.000 s
[2017.04.30-11.10.24:409][  0]LogContentBrowser: Native class hierarchy updated for 'WidgetCarousel' in 0.0082 seconds. Added 0 classes and 0 folders.
[2017.04.30-11.10.25:286][  0]LogContentBrowser: Native class hierarchy updated for 'AddContentDialog' in 0.0084 seconds. Added 0 classes and 0 folders.
[2017.04.30-11.10.25:451][  0]LogContentBrowser: Native class hierarchy updated for 'SceneOutliner' in 0.0082 seconds. Added 1 classes and 2 folders.
[2017.04.30-11.10.25:653][  0]LogCrashTracker: Crashtracker disabled due to settings.
[2017.04.30-11.10.25:676][  0]LogUObjectGlobals:Warning: Failed to find object 'Class None.'
[2017.04.30-11.10.25:848][  0]LogContentBrowser: Native class hierarchy updated for 'HierarchicalLODOutliner' in 0.0086 seconds. Added 1 classes and 2 folders.
[2017.04.30-11.10.25:849][  0]LogLoad: (Engine Initialization) Total time: 57.18 seconds
[2017.04.30-11.10.25:849][  0]LogLoad: (Engine Initialization) Total Blueprint compile time: 0.44 seconds
[2017.04.30-11.10.25:849][  0]LogExternalProfiler: No external profilers were discovered.  External profiling features will not be available.
[2017.04.30-11.10.25:859][  0]LogOcInput: OculusInput pre-init called
[2017.04.30-11.10.25:899][  0]LogContentStreaming: Texture pool size now 600 MB
[2017.04.30-11.10.25:902][  0]LogSlate: Took 0.000491 seconds to synchronously load lazily loaded font '../../../Engine/Content/Slate/Fonts/Roboto-Regular.ttf' (155K)
[2017.04.30-11.10.25:912][  0]LogSlate: Took 0.000539 seconds to synchronously load lazily loaded font '../../../Engine/Content/Slate/Fonts/Roboto-Bold.ttf' (160K)
[2017.04.30-11.10.25:944][  0]LogSlate: Took 0.012369 seconds to synchronously load lazily loaded font '../../../Engine/Content/Editor/Slate/Fonts/FontAwesome.ttf' (139K)
[2017.04.30-11.10.26:358][  0]LogSlate: Took 0.010812 seconds to synchronously load lazily loaded font '../../../Engine/Content/Slate/Fonts/Roboto-Light.ttf' (159K)
[2017.04.30-11.10.26:539][  2]LogRenderer: Reallocating scene render targets to support 720x404 NumSamples 1 (Frame:2).
[2017.04.30-11.10.27:321][  3]LogAssetRegistry: Asset discovery search completed in 33.6819 seconds
[2017.04.30-11.10.27:321][  3]LogCollectionManager: Rebuilt the object cache for 1 collections in 0.000017 seconds (found 0 objects)
[2017.04.30-11.10.27:321][  3]LogCollectionManager: Fixed up redirectors for 1 collections in 0.000088 seconds (updated 0 objects)
[2017.04.30-11.10.41:627][884]LogRenderer: Reallocating scene render targets to support 724x420 NumSamples 1 (Frame:885).
[2017.04.30-11.10.57:605][495]LogSlate: Took 0.000374 seconds to synchronously load lazily loaded font '../../../Engine/Content/Slate/Fonts/Roboto-Light.ttf' (159K)
[2017.04.30-11.11.46:881][975]LogSlate: Took 0.000501 seconds to synchronously load lazily loaded font '../../../Engine/Content/Slate/Fonts/Roboto-Regular.ttf' (155K)
[2017.04.30-11.11.47:846][975]LogContentBrowser: Native class hierarchy updated for 'BlueprintGraph' in 0.0096 seconds. Added 112 classes and 0 folders.
[2017.04.30-11.11.50:595][975]LogRenderer: Reallocating scene render targets to support 724x448 NumSamples 1 (Frame:3258).
[2017.04.30-11.11.51:323][995]LogSlate: Took 0.014172 seconds to synchronously load lazily loaded font '../../../Engine/Content/Editor/Slate/Fonts/Roboto-Italic.ttf' (157K)
[2017.04.30-11.12.40:662][923]LogRenderer: Reallocating scene render targets to support 724x464 NumSamples 1 (Frame:4828).
[2017.04.30-11.12.47:511][146]LogSlate: Took 0.000433 seconds to synchronously load lazily loaded font '../../../Engine/Content/Slate/Fonts/Roboto-Light.ttf' (159K)
[2017.04.30-11.12.54:003][367]BlueprintLog: New page: Compile Mortar_BP
[2017.04.30-11.12.55:388][381]Cmd: OBJ SAVEPACKAGE PACKAGE="/Game/Tank/Mortar_BP" FILE="../../../../../../Users/Sarah/Documents/Unreal Projects/04_BattleTank/BattleTank/Content/Tank/Mortar_BP.uasset" SILENT=true
[2017.04.30-11.12.55:460][381]LogSavePackage: Save=67.13ms
[2017.04.30-11.12.55:461][381]LogSavePackage: Moving '../../../../../../Users/Sarah/Documents/Unreal Projects/04_BattleTank/BattleTank/Saved/Mortar_BP9FFF0EB349F00403DDAC4AA122EE9A6A.tmp' to '../../../../../../Users/Sarah/Documents/Unreal Projects/04_BattleTank/BattleTank/Content/Tank/Mortar_BP.uasset'
[2017.04.30-11.12.55:477][381]LogSavePackage:Display: Finished SavePackage ../../../../../../Users/Sarah/Documents/Unreal Projects/04_BattleTank/BattleTank/Content/Tank/Mortar_BP.uasset
[2017.04.30-11.13.11:504][891]LogSlate: Took 0.013590 seconds to synchronously load lazily loaded font '../../../Engine/Content/Editor/Slate/Fonts/Roboto-BoldCondensed.ttf' (158K)
[2017.04.30-11.14.30:066][112]Cmd: OBJ SAVEPACKAGE PACKAGE="/Game/Tank/Mortar_BP" FILE="../../../../../../Users/Sarah/Documents/Unreal Projects/04_BattleTank/BattleTank/Content/Tank/Mortar_BP.uasset" SILENT=true
[2017.04.30-11.14.30:257][112]LogSavePackage: Save=81.27ms
[2017.04.30-11.14.30:257][112]LogSavePackage: Moving '../../../../../../Users/Sarah/Documents/Unreal Projects/04_BattleTank/BattleTank/Saved/Mortar_BP110E9DFE485C2A9181259891425A64EF.tmp' to '../../../../../../Users/Sarah/Documents/Unreal Projects/04_BattleTank/BattleTank/Content/Tank/Mortar_BP.uasset'
[2017.04.30-11.14.30:269][112]LogSavePackage:Display: Finished SavePackage ../../../../../../Users/Sarah/Documents/Unreal Projects/04_BattleTank/BattleTank/Content/Tank/Mortar_BP.uasset
[2017.04.30-11.14.30:702][126]BlueprintLog: New page: Compile Mortar_BP
[2017.04.30-11.14.39:627][403]Cmd: OBJ SAVEPACKAGE PACKAGE="/Game/Tank/Mortar_BP" FILE="../../../../../../Users/Sarah/Documents/Unreal Projects/04_BattleTank/BattleTank/Content/Tank/Mortar_BP.uasset" SILENT=true
[2017.04.30-11.14.39:781][403]LogSavePackage: Save=69.73ms
[2017.04.30-11.14.39:781][403]LogSavePackage: Moving '../../../../../../Users/Sarah/Documents/Unreal Projects/04_BattleTank/BattleTank/Saved/Mortar_BP259471C34AF2B38479550594FDE7DF20.tmp' to '../../../../../../Users/Sarah/Documents/Unreal Projects/04_BattleTank/BattleTank/Content/Tank/Mortar_BP.uasset'
[2017.04.30-11.14.39:795][403]LogSavePackage:Display: Finished SavePackage ../../../../../../Users/Sarah/Documents/Unreal Projects/04_BattleTank/BattleTank/Content/Tank/Mortar_BP.uasset
[2017.04.30-11.14.40:239][418]BlueprintLog: New page: Compile Mortar_BP
[2017.04.30-11.14.56:309][974]BlueprintLog: New page: Compile Mortar_BP
[2017.04.30-11.14.57:204][987]Cmd: OBJ SAVEPACKAGE PACKAGE="/Game/Tank/Mortar_BP" FILE="../../../../../../Users/Sarah/Documents/Unreal Projects/04_BattleTank/BattleTank/Content/Tank/Mortar_BP.uasset" SILENT=true
[2017.04.30-11.14.57:369][987]LogSavePackage: Save=71.60ms
[2017.04.30-11.14.57:371][987]LogSavePackage: Moving '../../../../../../Users/Sarah/Documents/Unreal Projects/04_BattleTank/BattleTank/Saved/Mortar_BP766B09CE448BC4998D8653BDC0ED66E4.tmp' to '../../../../../../Users/Sarah/Documents/Unreal Projects/04_BattleTank/BattleTank/Content/Tank/Mortar_BP.uasset'
[2017.04.30-11.14.57:382][987]LogSavePackage:Display: Finished SavePackage ../../../../../../Users/Sarah/Documents/Unreal Projects/04_BattleTank/BattleTank/Content/Tank/Mortar_BP.uasset
[2017.04.30-11.15.10:375][482]Cmd: OBJ SAVEPACKAGE PACKAGE="/Game/Tank/Mortar_BP" FILE="../../../../../../Users/Sarah/Documents/Unreal Projects/04_BattleTank/BattleTank/Content/Tank/Mortar_BP.uasset" SILENT=true
[2017.04.30-11.15.10:531][482]LogSavePackage: Save=69.08ms
[2017.04.30-11.15.10:532][482]LogSavePackage: Moving '../../../../../../Users/Sarah/Documents/Unreal Projects/04_BattleTank/BattleTank/Saved/Mortar_BP3184427A4E9EC9D8A24FE1AEDA62C9EB.tmp' to '../../../../../../Users/Sarah/Documents/Unreal Projects/04_BattleTank/BattleTank/Content/Tank/Mortar_BP.uasset'
[2017.04.30-11.15.10:543][482]LogSavePackage:Display: Finished SavePackage ../../../../../../Users/Sarah/Documents/Unreal Projects/04_BattleTank/BattleTank/Content/Tank/Mortar_BP.uasset
[2017.04.30-11.15.11:037][498]BlueprintLog: New page: Compile Mortar_BP
[2017.04.30-11.15.25:382][ 13]LogSavePackage: Save=780.30ms
[2017.04.30-11.15.25:383][ 13]LogSavePackage: Moving '../../../../../../Users/Sarah/Documents/Unreal Projects/04_BattleTank/BattleTank/Saved/BattleGround62AE34F54020E8384AB78FBB18B52CC6.tmp' to '../../../../../../Users/Sarah/Documents/Unreal Projects/04_BattleTank/BattleTank/Content/Levels/BattleGround.umap'
[2017.04.30-11.15.25:392][ 13]LogSavePackage:Display: Finished SavePackage ../../../../../../Users/Sarah/Documents/Unreal Projects/04_BattleTank/BattleTank/Content/Levels/BattleGround.umap
[2017.04.30-11.15.25:723][ 13]LogSavePackage: Save=129.05ms
[2017.04.30-11.15.25:723][ 13]LogSavePackage: Moving '../../../../../../Users/Sarah/Documents/Unreal Projects/04_BattleTank/BattleTank/Saved/BattleGround_BuiltDataCFFDEECC491A181E5B9BBBB9DA460C32.tmp' to '../../../../../../Users/Sarah/Documents/Unreal Projects/04_BattleTank/BattleTank/Content/Levels/BattleGround_BuiltData.uasset'
[2017.04.30-11.15.25:727][ 13]LogSavePackage:Display: Finished SavePackage ../../../../../../Users/Sarah/Documents/Unreal Projects/04_BattleTank/BattleTank/Content/Levels/BattleGround_BuiltData.uasset
[2017.04.30-11.15.27:326][ 93]LogTemp: Repeting last play command: Selected Viewport
[2017.04.30-11.15.27:400][ 93]LogBlueprintUserMessages: Early PlayInEditor Detection: Level '/Game/Levels/BattleGround.BattleGround:PersistentLevel' has LevelScriptBlueprint '/Game/Levels/BattleGround.BattleGround:PersistentLevel.BattleGround' with GeneratedClass '/Game/Levels/BattleGround.BattleGround_C' with ClassGeneratedBy '/Game/Levels/BattleGround.BattleGround:PersistentLevel.BattleGround'
[2017.04.30-11.15.27:400][ 93]LogPlayLevel: PlayLevel: No blueprints needed recompiling
[2017.04.30-11.15.27:406][ 93]PIE: New page: PIE session: BattleGround (Apr 30, 2017, 1:15:27 PM)
[2017.04.30-11.15.27:406][ 93]LogPlayLevel: Creating play world package: /Game/Levels/UEDPIE_0_BattleGround
[2017.04.30-11.15.27:509][ 93]LogPlayLevel: PIE: StaticDuplicateObject took: (0.102709s)
[2017.04.30-11.15.27:511][ 93]LogAIModule: Creating AISystem for world BattleGround
[2017.04.30-11.15.27:511][ 93]LogPlayLevel: PIE: World Init took: (0.001646s)
[2017.04.30-11.15.27:511][ 93]LogPlayLevel: PIE: Created PIE world by copying editor world from /Game/Levels/BattleGround.BattleGround to /Game/Levels/UEDPIE_0_BattleGround.BattleGround (0.105428s)
[2017.04.30-11.15.27:562][ 93]LogInit: XAudio2 using 'Speakers (2- High Definition Audio Device)' : 2 channels at 44.1 kHz using 16 bits per sample (channel mask 0x3)
[2017.04.30-11.15.27:582][ 93]LogInit: FAudioDevice initialized.
[2017.04.30-11.15.27:676][ 93]LogLoad: Game class is 'BattleTankGameMode_BP_C'
[2017.04.30-11.15.27:703][ 93]LogWorld: Bringing World /Game/Levels/UEDPIE_0_BattleGround.BattleGround up for play (max tick rate 0) at 2017.04.30-12.15.27
[2017.04.30-11.15.27:709][ 93]LogWorld: Bringing up level for play took: 0.025703
[2017.04.30-11.15.27:885][ 93]LogContentBrowser: Native class hierarchy updated for 'MovieSceneCapture' in 0.0090 seconds. Added 11 classes and 0 folders.
[2017.04.30-11.15.27:897][ 93]PIE: Info Play in editor start time for /Game/Levels/UEDPIE_0_BattleGround 1.425
[2017.04.30-11.15.27:899][ 93]LogBlueprintUserMessages: Late PlayInEditor Detection: Level '/Game/Levels/BattleGround.BattleGround:PersistentLevel' has LevelScriptBlueprint '/Game/Levels/BattleGround.BattleGround:PersistentLevel.BattleGround' with GeneratedClass '/Game/Levels/BattleGround.BattleGround_C' with ClassGeneratedBy '/Game/Levels/BattleGround.BattleGround:PersistentLevel.BattleGround'
[2017.04.30-11.15.27:900][ 93]LogTemp:Error: got hit?: 1
[2017.04.30-11.15.28:005][ 94]LogTemp:Error: got hit?: 1
[2017.04.30-11.15.28:063][ 95]LogTemp:Error: got hit?: 1
[2017.04.30-11.15.28:079][ 96]LogTemp:Error: got hit?: 1
[2017.04.30-11.15.28:095][ 97]LogTemp:Error: got hit?: 1
[2017.04.30-11.15.28:110][ 98]LogTemp:Error: got hit?: 1
[2017.04.30-11.15.28:125][ 99]LogTemp:Error: got hit?: 1
[2017.04.30-11.15.28:139][100]LogTemp:Error: got hit?: 1
[2017.04.30-11.15.28:155][101]LogTemp:Error: got hit?: 1
[2017.04.30-11.15.28:170][102]LogTemp:Error: got hit?: 1
[2017.04.30-11.15.28:185][103]LogTemp:Error: got hit?: 1
[2017.04.30-11.15.28:200][104]LogTemp:Error: got hit?: 1
[2017.04.30-11.15.28:217][105]LogTemp:Error: got hit?: 1
[2017.04.30-11.15.28:233][106]LogTemp:Error: got hit?: 1
[2017.04.30-11.15.28:249][107]LogTemp:Error: got hit?: 1
[2017.04.30-11.15.28:265][108]LogTemp:Error: got hit?: 1
[2017.04.30-11.15.28:281][109]LogTemp:Error: got hit?: 1
[2017.04.30-11.15.28:296][110]LogTemp:Error: got hit?: 1
[2017.04.30-11.15.28:313][111]LogTemp:Error: got hit?: 1
[2017.04.30-11.15.28:328][112]LogTemp:Error: got hit?: 1
[2017.04.30-11.15.28:344][113]LogTemp:Error: got hit?: 1
[2017.04.30-11.15.28:360][114]LogTemp:Error: got hit?: 1
[2017.04.30-11.15.28:376][115]LogTemp:Error: got hit?: 1
[2017.04.30-11.15.28:392][116]LogTemp:Error: got hit?: 1
[2017.04.30-11.15.28:412][117]LogTemp:Error: got hit?: 1
[2017.04.30-11.15.28:428][118]LogTemp:Error: got hit?: 1
[2017.04.30-11.15.28:445][119]LogTemp:Error: got hit?: 1
[2017.04.30-11.15.28:460][120]LogTemp:Error: got hit?: 1
[2017.04.30-11.15.28:479][121]LogTemp:Error: got hit?: 1
[2017.04.30-11.15.28:495][122]LogTemp:Error: got hit?: 1
[2017.04.30-11.15.28:511][123]LogTemp:Error: got hit?: 1
[2017.04.30-11.15.28:529][124]LogTemp:Error: got hit?: 1
[2017.04.30-11.15.28:546][125]LogTemp:Error: got hit?: 1
[2017.04.30-11.15.28:562][126]LogTemp:Error: got hit?: 1
[2017.04.30-11.15.28:580][127]LogTemp:Error: got hit?: 1
[2017.04.30-11.15.28:597][128]LogTemp:Error: got hit?: 1
[2017.04.30-11.15.28:614][129]LogTemp:Error: got hit?: 1
[2017.04.30-11.15.28:630][130]LogTemp:Error: got hit?: 1
[2017.04.30-11.15.28:646][131]LogTemp:Error: got hit?: 1
[2017.04.30-11.15.28:661][132]LogTemp:Error: got hit?: 1
[2017.04.30-11.15.28:679][133]LogTemp:Error: got hit?: 1
[2017.04.30-11.15.28:695][134]LogTemp:Error: got hit?: 1
[2017.04.30-11.15.28:711][135]LogTemp:Error: got hit?: 1
[2017.04.30-11.15.28:728][136]LogTemp:Error: got hit?: 1
[2017.04.30-11.15.28:747][137]LogTemp:Error: got hit?: 1
[2017.04.30-11.15.28:764][138]LogTemp:Error: got hit?: 1
[2017.04.30-11.15.28:780][139]LogTemp:Error: got hit?: 1
[2017.04.30-11.15.28:796][140]LogTemp:Error: got hit?: 1
[2017.04.30-11.15.28:812][141]LogTemp:Error: got hit?: 1
[2017.04.30-11.15.28:828][142]LogTemp:Error: got hit?: 1
[2017.04.30-11.15.28:844][143]LogTemp:Error: got hit?: 1
[2017.04.30-11.15.28:860][144]LogTemp:Error: got hit?: 1
[2017.04.30-11.15.28:876][145]LogTemp:Error: got hit?: 1
[2017.04.30-11.15.28:893][146]LogTemp:Error: got hit?: 1
[2017.04.30-11.15.28:909][147]LogTemp:Error: got hit?: 1
[2017.04.30-11.15.28:926][148]LogTemp:Error: got hit?: 1
[2017.04.30-11.15.28:942][149]LogTemp:Error: got hit?: 1
[2017.04.30-11.15.28:958][150]LogTemp:Error: got hit?: 1
[2017.04.30-11.15.28:974][151]LogTemp:Error: got hit?: 1
[2017.04.30-11.15.28:989][152]LogTemp:Error: got hit?: 1
[2017.04.30-11.15.29:005][153]LogTemp:Error: got hit?: 1
[2017.04.30-11.15.29:026][154]LogTemp:Error: got hit?: 1
[2017.04.30-11.15.29:042][155]LogTemp:Error: got hit?: 1
[2017.04.30-11.15.29:060][156]LogTemp:Error: got hit?: 1
[2017.04.30-11.15.29:078][157]LogTemp:Error: got hit?: 1
[2017.04.30-11.15.29:098][158]LogTemp:Error: got hit?: 1
[2017.04.30-11.15.29:115][159]LogTemp:Error: got hit?: 1
[2017.04.30-11.15.29:132][160]LogTemp:Error: got hit?: 1
[2017.04.30-11.15.29:152][161]LogTemp:Error: got hit?: 1
[2017.04.30-11.15.29:168][162]LogTemp:Error: got hit?: 1
[2017.04.30-11.15.29:185][163]LogTemp:Error: got hit?: 1
[2017.04.30-11.15.29:203][164]LogTemp:Error: got hit?: 1
[2017.04.30-11.15.29:226][165]LogTemp:Error: got hit?: 1
[2017.04.30-11.15.29:249][166]LogTemp:Error: got hit?: 1
[2017.04.30-11.15.29:273][167]LogTemp:Error: got hit?: 1
[2017.04.30-11.15.29:297][168]LogTemp:Error: got hit?: 1
[2017.04.30-11.15.29:321][169]LogTemp:Error: got hit?: 1
[2017.04.30-11.15.29:341][170]LogTemp:Error: got hit?: 1
[2017.04.30-11.15.29:362][171]LogTemp:Error: got hit?: 1
[2017.04.30-11.15.29:378][172]LogTemp:Error: got hit?: 1
[2017.04.30-11.15.29:394][173]LogTemp:Error: got hit?: 1
[2017.04.30-11.15.29:411][174]LogTemp:Error: got hit?: 1
[2017.04.30-11.15.29:427][175]LogTemp:Error: got hit?: 1
[2017.04.30-11.15.29:444][176]LogTemp:Error: got hit?: 1
[2017.04.30-11.15.29:465][177]LogTemp:Error: got hit?: 1
[2017.04.30-11.15.29:481][178]LogTemp:Error: got hit?: 1
[2017.04.30-11.15.29:500][179]LogTemp:Error: got hit?: 1
[2017.04.30-11.15.29:516][180]LogTemp:Error: got hit?: 1
[2017.04.30-11.15.29:534][181]LogTemp:Error: got hit?: 1
[2017.04.30-11.15.29:552][182]LogTemp:Error: got hit?: 1
[2017.04.30-11.15.29:574][183]LogTemp:Error: got hit?: 1
[2017.04.30-11.15.29:595][184]LogTemp:Error: got hit?: 1
[2017.04.30-11.15.29:610][185]LogTemp:Error: got hit?: 1
[2017.04.30-11.15.29:626][186]LogTemp:Error: got hit?: 1
[2017.04.30-11.15.29:642][187]LogTemp:Error: got hit?: 1
[2017.04.30-11.15.29:657][188]LogTemp:Error: got hit?: 1
[2017.04.30-11.15.29:673][189]LogTemp:Error: got hit?: 1
[2017.04.30-11.15.29:689][190]LogTemp:Error: got hit?: 1
[2017.04.30-11.15.29:704][191]LogTemp:Error: got hit?: 1
[2017.04.30-11.15.29:719][192]LogTemp:Error: got hit?: 1
[2017.04.30-11.15.29:735][193]LogTemp:Error: got hit?: 1
[2017.04.30-11.15.29:750][194]LogTemp:Error: got hit?: 1
[2017.04.30-11.15.29:766][195]LogTemp:Error: got hit?: 1
[2017.04.30-11.15.29:782][196]LogTemp:Error: got hit?: 1
[2017.04.30-11.15.29:798][197]LogTemp:Error: got hit?: 1
[2017.04.30-11.15.29:814][198]LogTemp:Error: got hit?: 1
[2017.04.30-11.15.29:829][199]LogTemp:Error: got hit?: 1
[2017.04.30-11.15.29:845][200]LogTemp:Error: got hit?: 1
[2017.04.30-11.15.29:860][201]LogTemp:Error: got hit?: 1
[2017.04.30-11.15.29:876][202]LogTemp:Error: got hit?: 1
[2017.04.30-11.15.29:891][203]LogTemp:Error: got hit?: 1
[2017.04.30-11.15.29:907][204]LogTemp:Error: got hit?: 1
[2017.04.30-11.15.29:922][205]LogTemp:Error: got hit?: 1
[2017.04.30-11.15.29:938][206]LogTemp:Error: got hit?: 1
[2017.04.30-11.15.29:954][207]LogTemp:Error: got hit?: 1
[2017.04.30-11.15.29:970][208]LogTemp:Error: got hit?: 1
[2017.04.30-11.15.29:986][209]LogTemp:Error: got hit?: 1
[2017.04.30-11.15.30:002][210]LogTemp:Error: got hit?: 1
[2017.04.30-11.15.30:018][211]LogTemp:Error: got hit?: 1
[2017.04.30-11.15.30:033][212]LogTemp:Error: got hit?: 1
[2017.04.30-11.15.30:049][213]LogTemp:Error: got hit?: 1
[2017.04.30-11.15.30:065][214]LogTemp:Error: got hit?: 1
[2017.04.30-11.15.30:085][215]LogTemp:Error: got hit?: 1
[2017.04.30-11.15.30:101][216]LogTemp:Error: got hit?: 1
[2017.04.30-11.15.30:116][217]LogTemp:Error: got hit?: 1
[2017.04.30-11.15.30:132][218]LogTemp:Error: got hit?: 1
[2017.04.30-11.15.30:148][219]LogTemp:Error: got hit?: 1
[2017.04.30-11.15.30:163][220]LogTemp:Error: got hit?: 1
[2017.04.30-11.15.30:179][221]LogTemp:Error: got hit?: 1
[2017.04.30-11.15.30:194][222]LogTemp:Error: got hit?: 1
[2017.04.30-11.15.30:210][223]LogTemp:Error: got hit?: 1
[2017.04.30-11.15.30:225][224]LogTemp:Error: got hit?: 1
[2017.04.30-11.15.30:241][225]LogTemp:Error: got hit?: 1
[2017.04.30-11.15.30:256][226]LogTemp:Error: got hit?: 1
[2017.04.30-11.15.30:272][227]LogTemp:Error: got hit?: 1
[2017.04.30-11.15.30:287][228]LogTemp:Error: got hit?: 1
[2017.04.30-11.15.30:303][229]LogTemp:Error: got hit?: 1
[2017.04.30-11.15.30:319][230]LogTemp:Error: got hit?: 1
[2017.04.30-11.15.30:335][231]LogTemp:Error: got hit?: 1
[2017.04.30-11.15.30:351][232]LogTemp:Error: got hit?: 1
[2017.04.30-11.15.30:367][233]LogTemp:Error: got hit?: 1
[2017.04.30-11.15.30:384][234]LogTemp:Error: got hit?: 1
[2017.04.30-11.15.30:399][235]LogTemp:Error: got hit?: 1
[2017.04.30-11.15.30:415][236]LogTemp:Error: got hit?: 1
[2017.04.30-11.15.30:431][237]LogTemp:Error: got hit?: 1
[2017.04.30-11.15.30:447][238]LogTemp:Error: got hit?: 1
[2017.04.30-11.15.30:463][239]LogTemp:Error: got hit?: 1
[2017.04.30-11.15.30:479][240]LogTemp:Error: got hit?: 1
[2017.04.30-11.15.30:495][241]LogTemp:Error: got hit?: 1
[2017.04.30-11.15.30:512][242]LogTemp:Error: got hit?: 1
[2017.04.30-11.15.30:528][243]LogTemp:Error: got hit?: 1
[2017.04.30-11.15.30:545][244]LogTemp:Error: got hit?: 1
[2017.04.30-11.15.30:560][245]LogTemp:Error: got hit?: 1
[2017.04.30-11.15.30:576][246]LogTemp:Error: got hit?: 1
[2017.04.30-11.15.30:591][247]LogTemp:Error: got hit?: 1
[2017.04.30-11.15.30:607][248]LogTemp:Error: got hit?: 1
[2017.04.30-11.15.30:626][249]LogTemp:Error: got hit?: 1
[2017.04.30-11.15.30:644][250]LogTemp:Error: got hit?: 1
[2017.04.30-11.15.30:662][251]LogTemp:Error: got hit?: 1
[2017.04.30-11.15.30:680][252]LogTemp:Error: got hit?: 1
[2017.04.30-11.15.30:701][253]LogTemp:Error: got hit?: 1
[2017.04.30-11.15.30:722][254]LogTemp:Error: got hit?: 1
[2017.04.30-11.15.30:741][255]LogTemp:Error: got hit?: 1
[2017.04.30-11.15.30:757][256]LogTemp:Error: got hit?: 1
[2017.04.30-11.15.30:781][257]LogTemp:Error: got hit?: 1
[2017.04.30-11.15.30:805][258]LogTemp:Error: got hit?: 1
[2017.04.30-11.15.30:828][259]LogTemp:Error: got hit?: 1
[2017.04.30-11.15.30:852][260]LogTemp:Error: got hit?: 1
[2017.04.30-11.15.30:876][261]LogTemp:Error: got hit?: 1
[2017.04.30-11.15.30:897][262]LogTemp:Error: got hit?: 1
[2017.04.30-11.15.31:592][262]LogStats: FPlatformStackWalk::StackWalkAndDump -  0.693 s
[2017.04.30-11.15.31:592][262]LogOutputDevice:Error: === Handled ensure: ===
[2017.04.30-11.15.31:592][262]LogOutputDevice:Error: 
[2017.04.30-11.15.31:592][262]LogOutputDevice:Error: Ensure condition failed: Barrel [File:C:\Users\Sarah\Documents\Unreal Projects\04_BattleTank\BattleTank\Source\BattleTank\Private\TankAimingComponent.cpp] [Line: 152]
[2017.04.30-11.15.31:592][262]LogOutputDevice:Error: 
[2017.04.30-11.15.31:592][262]LogOutputDevice:Error: Stack: 
[2017.04.30-11.15.31:592][262]LogOutputDevice:Error: UE4Editor-Core.dll!0x000000009F3595D6
[2017.04.30-11.15.31:592][262]LogOutputDevice:Error: UE4Editor-Core.dll!0x000000009F109B72
[2017.04.30-11.15.31:592][262]LogOutputDevice:Error: UE4Editor-Core.dll!0x000000009F11B656
[2017.04.30-11.15.31:592][262]LogOutputDevice:Error: UE4Editor-BattleTank-6517.dll!UTankAimingComponent::BarrelIsMoving() [c:\users\sarah\documents\unreal projects\04_battletank\battletank\source\battletank\private\tankaimingcomponent.cpp:152]
[2017.04.30-11.15.31:592][262]LogOutputDevice:Error: UE4Editor-BattleTank-6517.dll!UTankAimingComponent::TickComponent() [c:\users\sarah\documents\unreal projects\04_battletank\battletank\source\battletank\private\tankaimingcomponent.cpp:42]
[2017.04.30-11.15.31:592][262]LogOutputDevice:Error: UE4Editor-Engine.dll!0x00000000943CBF6F
[2017.04.30-11.15.31:592][262]LogOutputDevice:Error: UE4Editor-Engine.dll!0x00000000943F1925
[2017.04.30-11.15.31:592][262]LogOutputDevice:Error: UE4Editor-Engine.dll!0x0000000094F7F62D
[2017.04.30-11.15.31:592][262]LogOutputDevice:Error: UE4Editor-Engine.dll!0x0000000094F852FD
[2017.04.30-11.15.31:592][262]LogOutputDevice:Error: UE4Editor-Core.dll!0x000000009EFDD83D
[2017.04.30-11.15.31:592][262]LogOutputDevice:Error: UE4Editor-Core.dll!0x000000009EFDDA05
[2017.04.30-11.15.31:592][262]LogOutputDevice:Error: UE4Editor-Engine.dll!0x0000000094FA8DF7
[2017.04.30-11.15.31:592][262]LogOutputDevice:Error: UE4Editor-Engine.dll!0x0000000094FB98D2
[2017.04.30-11.15.31:592][262]LogOutputDevice:Error: UE4Editor-Engine.dll!0x00000000948E7B44
[2017.04.30-11.15.31:592][262]LogOutputDevice:Error: UE4Editor-Engine.dll!0x00000000948F018D
[2017.04.30-11.15.31:592][262]LogOutputDevice:Error: UE4Editor-UnrealEd.dll!0x0000000092A16D8E
[2017.04.30-11.15.31:593][262]LogOutputDevice:Error: UE4Editor-UnrealEd.dll!0x0000000093221AD6
[2017.04.30-11.15.31:593][262]LogOutputDevice:Error: UE4Editor.exe!0x00000000051BDEE3
[2017.04.30-11.15.31:593][262]LogOutputDevice:Error: UE4Editor.exe!0x00000000051AEB40
[2017.04.30-11.15.31:593][262]LogOutputDevice:Error: UE4Editor.exe!0x00000000051AEBBA
[2017.04.30-11.15.31:593][262]LogOutputDevice:Error: UE4Editor.exe!0x00000000051C0A29
[2017.04.30-11.15.31:593][262]LogOutputDevice:Error: UE4Editor.exe!0x00000000051C22B6
[2017.04.30-11.15.31:593][262]LogOutputDevice:Error: KERNEL32.DLL!0x00000000E12A8364
[2017.04.30-11.15.31:593][262]LogOutputDevice:Error: ntdll.dll!0x00000000E18470D1
[2017.04.30-11.15.31:593][262]LogOutputDevice:Error: 
[2017.04.30-11.15.31:595][262]LogStats:                SubmitErrorReport -  0.000 s
