Log file open, 04/28/17 17:57:55
LogInit:Display: Running engine for game: BattleTank
LogPlatformFile: Not using cached read wrapper
LogInit:Display: RandInit(-78637865) SRandInit(-78637865).
LogTaskGraph: Started task graph with 5 named threads and 8 total threads with 1 sets of task threads.
LogStats: Stats thread started at 0.089578
LogInit: Using libcurl 7.47.1
LogInit:  - built for x86_64-pc-win32
LogInit:  - supports SSL with OpenSSL/1.0.2g
LogInit:  - supports HTTP deflate (compression) using libz 1.2.8
LogInit:  - other features:
LogInit:      CURL_VERSION_SSL
LogInit:      CURL_VERSION_LIBZ
LogInit:      CURL_VERSION_IPV6
LogInit:      CURL_VERSION_ASYNCHDNS
LogInit:      CURL_VERSION_LARGEFILE
LogInit:      CURL_VERSION_IDN
LogInit:  CurlRequestOptions (configurable via config and command line):
LogInit:  - bVerifyPeer = false  - Libcurl will NOT verify peer certificate
LogInit:  - bUseHttpProxy = false  - Libcurl will NOT use HTTP proxy
LogInit:  - bDontReuseConnections = false  - Libcurl will reuse connections
LogInit:  - CertBundlePath = nullptr  - Libcurl will use whatever was configured at build time.
LogInit: Build: ++UE4+Release-4.15-CL-3299760
LogInit: Engine Version: 4.15.0-3299760+++UE4+Release-4.15
LogInit: Compatible Engine Version: 4.15.0-3299760+++UE4+Release-4.15
LogInit: Net CL: 3299760
LogDevObjectVersion: Number of dev versions registered: 14
LogDevObjectVersion:   Dev-Blueprints (B0D832E4-1F89-4F0D-ACCF-7EB736FD4AA2): 8
LogDevObjectVersion:   Dev-Build (E1C64328-A22C-4D53-A36C-8E866417BD8C): 0
LogDevObjectVersion:   Dev-Core (375EC13C-06E4-48FB-B500-84F0262A717E): 2
LogDevObjectVersion:   Dev-Editor (E4B068ED-F494-42E9-A231-DA0B2E46BB41): 14
LogDevObjectVersion:   Dev-Framework (CFFC743F-43B0-4480-9391-14DF171D2073): 22
LogDevObjectVersion:   Dev-Mobile (B02B49B5-BB20-44E9-A304-32B752E40360): 0
LogDevObjectVersion:   Dev-Networking (A4E4105C-59A1-49B5-A7C5-40C4547EDFEE): 0
LogDevObjectVersion:   Dev-Online (39C831C9-5AE6-47DC-9A44-9C173E1C8E7C): 0
LogDevObjectVersion:   Dev-Physics (78F01B33-EBEA-4F98-B9B4-84EACCB95AA2): 0
LogDevObjectVersion:   Dev-Platform (6631380F-2D4D-43E0-8009-CF276956A95A): 0
LogDevObjectVersion:   Dev-Rendering (12F88B9F-8875-4AFC-A67C-D90C383ABD29): 12
LogDevObjectVersion:   Dev-Sequencer (7B5AE74C-D270-4C10-A958-57980B212A5A): 3
LogDevObjectVersion:   Dev-VR (D7296918-1DD6-4BDD-9DE2-64A83CC13884): 0
LogDevObjectVersion:   Dev-LoadTimes (C2A15278-BFE7-4AFE-6C17-90FF531DF755): 1
LogInit: Compiled (64-bit): Feb 14 2017 02:04:14
LogInit: Compiled with Visual C++: 19.00.23026.00
LogInit: Build Configuration: Development
LogInit: Branch Name: ++UE4+Release-4.15
LogInit: Command line: -EpicPortal 
LogInit: Base directory: C:/Program Files/Epic Games/UE_4.15/Engine/Binaries/Win64/
LogInit: Installed Engine Build: 1
LogInit: Presizing for max 8388607 objects, including 0 objects not considered by GC, pre-allocating 0 bytes for permanent pool.
LogInit: Object subsystem initialized
[2017.04.28-16.57.57:124][  0]LogInit: Selected Device Profile: [Windows]
[2017.04.28-16.57.57:124][  0]LogInit: Applying CVar settings loaded from the selected device profile: [Windows]
[2017.04.28-16.57.57:139][  0]LogInit: Computer: DESKTOP-0PEK566
[2017.04.28-16.57.57:140][  0]LogInit: User: Sarah
[2017.04.28-16.57.57:140][  0]LogInit: CPU Page size=65536, Cores=4
[2017.04.28-16.57.57:140][  0]LogInit: High frequency timer resolution =2.143576 MHz
[2017.04.28-16.57.57:140][  0]LogMemory: Memory total: Physical=7.9GB (8GB approx)
[2017.04.28-16.57.57:140][  0]LogMemory: Platform Memory Stats for Windows
[2017.04.28-16.57.57:140][  0]LogMemory: Process Physical Memory: 262.93 MB used, 262.93 MB peak
[2017.04.28-16.57.57:140][  0]LogMemory: Process Virtual Memory: 262.54 MB used, 262.54 MB peak
[2017.04.28-16.57.57:140][  0]LogMemory: Physical Memory: 4329.33 MB used,  3754.94 MB free, 8084.27 MB total
[2017.04.28-16.57.57:140][  0]LogMemory: Virtual Memory: 644.18 MB used,  3754.94 MB free, 134217728.00 MB total
[2017.04.28-16.57.57:251][  0]LogTextLocalizationManager: No specific translations for ('en-US') exist, so ('en') translations will be used.
[2017.04.28-16.57.58:058][  0]LogD3D11RHI: D3D11 adapters:
[2017.04.28-16.57.58:073][  0]LogD3D11RHI:    0. 'AMD Radeon HD 7600M Series' (Feature Level 11_0)
[2017.04.28-16.57.58:073][  0]LogD3D11RHI:       1004/0/3840 MB DedicatedVideo/DedicatedSystem/SharedSystem, Outputs:1, VendorId:0x1002
[2017.04.28-16.57.58:077][  0]LogD3D11RHI:    1. 'Intel(R) HD Graphics 4000' (Feature Level 11_0)
[2017.04.28-16.57.58:077][  0]LogD3D11RHI:       32/0/1760 MB DedicatedVideo/DedicatedSystem/SharedSystem, Outputs:0, VendorId:0x8086
[2017.04.28-16.57.58:079][  0]LogD3D11RHI:    2. 'Microsoft Basic Render Driver' (Feature Level 11_0)
[2017.04.28-16.57.58:079][  0]LogD3D11RHI:       0/0/4042 MB DedicatedVideo/DedicatedSystem/SharedSystem, Outputs:0, VendorId:0x1414
[2017.04.28-16.57.58:079][  0]LogD3D11RHI: Chosen D3D11 Adapter: 0
[2017.04.28-16.57.58:096][  0]LogD3D11RHI: Creating new Direct3DDevice
[2017.04.28-16.57.58:096][  0]LogD3D11RHI:     GPU DeviceId: 0x6840 (for the marketing name, search the web for "GPU Device Id")
[2017.04.28-16.57.58:096][  0]LogWindows: EnumDisplayDevices:
[2017.04.28-16.57.58:096][  0]LogWindows:    0. 'Intel(R) HD Graphics 4000' (P:1 D:1)
[2017.04.28-16.57.58:096][  0]LogWindows:    1. 'Intel(R) HD Graphics 4000' (P:0 D:0)
[2017.04.28-16.57.58:096][  0]LogWindows:    2. 'Intel(R) HD Graphics 4000' (P:0 D:0)
[2017.04.28-16.57.58:096][  0]LogWindows: DebugString: PrimaryIsNotTheChoosenAdapter PrimaryIsNotTheChoosenAdapter PrimaryIsNotTheChoosenAdapter FoundDriverCount:0 
[2017.04.28-16.57.58:096][  0]LogD3D11RHI:     Adapter Name: AMD Radeon HD 7600M Series
[2017.04.28-16.57.58:096][  0]LogD3D11RHI:   Driver Version: Unknown (internal:Unknown, unified:Unknown)
[2017.04.28-16.57.58:096][  0]LogD3D11RHI:      Driver Date: Unknown
[2017.04.28-16.57.58:096][  0]LogRHI: Texture pool is 702 MB (70% of 1004 MB)
[2017.04.28-16.57.58:104][  0]LogD3D11RHI: AMD Pre GCN architecture detected, some driver workarounds will be in place
[2017.04.28-16.57.58:112][  0]LogD3D11RHI: Async texture creation enabled
[2017.04.28-16.57.58:125][  0]LogD3D11RHI: GPU Timing Frequency: 27.000000 (Debug: 2 1)
[2017.04.28-16.57.58:126][  0]LogShaderCompilers: Guid format shader working directory is -36 characters bigger than the processId version (../../../../../../Users/Sarah/Documents/Unreal Projects/04_BattleTank/BattleTank/Intermediate/Shaders/WorkingDirectory/109024/).
[2017.04.28-16.57.58:126][  0]LogShaderCompilers: Cleaned the shader compiler working directory 'C:/Users/Sarah/AppData/Local/Temp/UnrealShaderWorkingDir/C8FDEEE74411BAD99B3A7FB555BD5B6A/'.
[2017.04.28-16.57.58:126][  0]LogShaderCompilers:Display: Using Local Shader Compiler.
[2017.04.28-16.57.59:545][  0]LogTemp:Display: Loaded TP AllDesktopTargetPlatform
[2017.04.28-16.57.59:626][  0]LogTemp:Display: Loaded TP MacClientTargetPlatform
[2017.04.28-16.57.59:706][  0]LogTemp:Display: Loaded TP MacNoEditorTargetPlatform
[2017.04.28-16.57.59:790][  0]LogTemp:Display: Loaded TP MacServerTargetPlatform
[2017.04.28-16.57.59:874][  0]LogTemp:Display: Loaded TP MacTargetPlatform
[2017.04.28-16.57.59:964][  0]LogTemp:Display: Loaded TP WindowsClientTargetPlatform
[2017.04.28-16.58.00:048][  0]LogTemp:Display: Loaded TP WindowsNoEditorTargetPlatform
[2017.04.28-16.58.00:136][  0]LogTemp:Display: Loaded TP WindowsServerTargetPlatform
[2017.04.28-16.58.00:207][  0]LogTemp:Display: Loaded TP WindowsTargetPlatform
[2017.04.28-16.58.00:287][  0]LogTemp:Display: Loaded TP AndroidTargetPlatform
[2017.04.28-16.58.00:377][  0]LogTemp:Display: Loaded TP Android_ASTCTargetPlatform
[2017.04.28-16.58.00:456][  0]LogTemp:Display: Loaded TP Android_ATCTargetPlatform
[2017.04.28-16.58.00:534][  0]LogTemp:Display: Loaded TP Android_DXTTargetPlatform
[2017.04.28-16.58.00:623][  0]LogTemp:Display: Loaded TP Android_ETC1TargetPlatform
[2017.04.28-16.58.00:709][  0]LogTemp:Display: Loaded TP Android_ETC2TargetPlatform
[2017.04.28-16.58.00:890][  0]LogTemp:Display: Loaded TP Android_MultiTargetPlatform
[2017.04.28-16.58.00:890][  0]LogTemp:Display: Loaded TP Android_PVRTCTargetPlatform
[2017.04.28-16.58.00:951][  0]LogTemp:Display: Loaded TP HTML5TargetPlatform
[2017.04.28-16.58.01:084][  0]LogTemp:Display: Loaded TP IOSTargetPlatform
[2017.04.28-16.58.01:139][  0]LogTemp:Display: Loaded TP TVOSTargetPlatform
[2017.04.28-16.58.01:218][  0]LogTemp:Display: Loaded TP LinuxClientTargetPlatform
[2017.04.28-16.58.01:295][  0]LogTemp:Display: Loaded TP LinuxNoEditorTargetPlatform
[2017.04.28-16.58.01:373][  0]LogTemp:Display: Loaded TP LinuxServerTargetPlatform
[2017.04.28-16.58.01:451][  0]LogTemp:Display: Loaded TP LinuxTargetPlatform
[2017.04.28-16.58.01:451][  0]LogTargetPlatformManager:Display: Building Assets For Windows
[2017.04.28-16.58.02:133][  0]LogDerivedDataCache:Display: Max Cache Size: 512 MB
[2017.04.28-16.58.02:193][  0]LogDerivedDataCache: Loaded boot cache 0.06s 50MB C:/Users/Sarah/AppData/Local/UnrealEngine/4.15/DerivedDataCache/Boot.ddc.
[2017.04.28-16.58.02:193][  0]LogDerivedDataCache:Display: Loaded Boot cache: C:/Users/Sarah/AppData/Local/UnrealEngine/4.15/DerivedDataCache/Boot.ddc
[2017.04.28-16.58.02:193][  0]LogDerivedDataCache: FDerivedDataBackendGraph:  Pak pak cache file ../../../../../../Users/Sarah/Documents/Unreal Projects/04_BattleTank/BattleTank/DerivedDataCache/DDC.ddp not found, will not use a pak cache.
[2017.04.28-16.58.02:193][  0]LogDerivedDataCache: Unable to find inner node Pak for hierarchical cache Hierarchy.
[2017.04.28-16.58.02:193][  0]LogDerivedDataCache: FDerivedDataBackendGraph:  CompressedPak pak cache file ../../../../../../Users/Sarah/Documents/Unreal Projects/04_BattleTank/BattleTank/DerivedDataCache/Compressed.ddp not found, will not use a pak cache.
[2017.04.28-16.58.02:193][  0]LogDerivedDataCache: Unable to find inner node CompressedPak for hierarchical cache Hierarchy.
[2017.04.28-16.58.02:216][  0]LogDerivedDataCache:Display: Pak cache opened for reading ../../../Engine/DerivedDataCache/Compressed.ddp.
[2017.04.28-16.58.02:228][  0]LogDerivedDataCache: Using Local data cache path C:/Users/Sarah/AppData/Local/UnrealEngine/Common/DerivedDataCache: Writable
[2017.04.28-16.58.02:239][  0]LogSlate: Using Freetype 2.6.0
[2017.04.28-16.58.02:240][  0]LogSlate: SlateFontCache - WITH_FREETYPE: 1, WITH_HARFBUZZ: 1
[2017.04.28-16.58.02:240][  0]LogSlate: SlateFontCache - WITH_FREETYPE: 1, WITH_HARFBUZZ: 1
[2017.04.28-16.58.02:884][  0]LogInit: Selected Device Profile: [Windows]
[2017.04.28-16.58.02:888][  0]LogContentStreaming: Texture pool size is 0.00 MB
[2017.04.28-16.58.03:178][  0]LogMeshUtilities: Using QuadricMeshReduction for automatic static mesh reduction
[2017.04.28-16.58.03:244][  0]LogSimplygon: Simplygon DLL not present - disabling.
[2017.04.28-16.58.03:314][  0]LogMeshUtilities: Using SimplygonSwarm for distributed automatic mesh merging
[2017.04.28-16.58.03:314][  0]LogMeshUtilities: No automatic skeletal mesh reduction module available
[2017.04.28-16.58.03:314][  0]LogMeshUtilities: No automatic mesh merging module available
[2017.04.28-16.58.04:110][  0]LogNetVersion: GetLocalNetworkVersion: CL: 3299760, ProjectName: battletank, ProjectVersion: , EngineNetworkVersion: 2, GameNetworkVersion: 0, NetworkChecksum: 2512795372
[2017.04.28-16.58.04:167][  0]LogAssetRegistry: FAssetRegistry took 0.0224 seconds to start up
[2017.04.28-16.58.04:238][  0]LogPackageLocalizationCache: Processed 3 localized package path(s) for 2 prioritized culture(s) in 0.032777 seconds
[2017.04.28-16.58.04:245][  0]LogUObjectArray: 32475 objects as part of root set at end of initial load.
[2017.04.28-16.58.04:245][  0]LogUObjectAllocator: 7073360 out of 0 bytes used by permanent object pool.
[2017.04.28-16.58.04:245][  0]LogUObjectArray: CloseDisregardForGC: 0/0 objects in disregard for GC pool
[2017.04.28-16.58.04:347][  0]LogInit: WinSock: version 1.1 (2.2), MaxSocks=32767, MaxUdp=65467
[2017.04.28-16.58.06:674][  0]LogTcpMessaging: Initializing TcpMessaging bridge
[2017.04.28-16.58.06:738][  0]LogUdpMessaging: Initializing bridge on interface 0.0.0.0:0 to multicast group 230.0.0.1:6666.
[2017.04.28-16.58.07:468][  0]LogMaterial: Uniform references updated for custom material expression Custom.
[2017.04.28-16.58.08:023][  0]SourceControl: Info Source control is disabled
[2017.04.28-16.58.08:064][  0]SourceControl: Info Source control is disabled
[2017.04.28-16.58.08:134][  0]SourceControl: Info Source control is disabled
[2017.04.28-16.58.08:210][  0]SourceControl: Info Source control is disabled
[2017.04.28-16.58.10:125][  0]LogEngine: Initializing Engine...
[2017.04.28-16.58.10:126][  0]LogHMD: Failed to initialize OpenVR with code 110
[2017.04.28-16.58.10:453][  0]LogAIModule: Creating AISystem for world Untitled
[2017.04.28-16.58.10:463][  0]LogInit: XAudio2 using 'Speakers (2- High Definition Audio Device)' : 2 channels at 44.1 kHz using 16 bits per sample (channel mask 0x3)
[2017.04.28-16.58.10:475][  0]LogInit: FAudioDevice initialized.
[2017.04.28-16.58.10:512][  0]LogDerivedDataCache: Saved boot cache 0.04s 50MB C:/Users/Sarah/AppData/Local/UnrealEngine/4.15/DerivedDataCache/Boot.ddc.
[2017.04.28-16.58.10:523][  0]LogInit: Texture streaming: Enabled
[2017.04.28-16.58.10:682][  0]LogEngineSessionManager: EngineSessionManager initialized
[2017.04.28-16.58.10:836][  0]LogInit: Transaction tracking system initialized
[2017.04.28-16.58.11:349][  0]BlueprintLog: New page: Editor Load
[2017.04.28-16.58.12:776][  0]LocalizationService: Info Localization service is disabled
[2017.04.28-16.58.14:055][  0]LogConsoleResponse:Display: 
[2017.04.28-16.58.14:243][  0]LogCook:Display: Max memory allowance for cook 16384mb min free memory 0mb
[2017.04.28-16.58.14:243][  0]LogCook:Display: Mobile HDR setting 1
[2017.04.28-16.58.14:747][  0]LogFileCache: Scanning file cache for directory 'C:/Users/Sarah/Documents/Unreal Projects/04_BattleTank/BattleTank/Content/' took 0.02s
[2017.04.28-16.58.15:843][  0]SourceControl: Info Source control is disabled
[2017.04.28-16.58.15:843][  0]Cmd: MAP LOAD FILE="../../../../../../Users/Sarah/Documents/Unreal Projects/04_BattleTank/BattleTank/Content/Levels/BattleGround.umap" TEMPLATE=0 SHOWPROGRESS=1 FEATURELEVEL=3
[2017.04.28-16.58.15:844][  0]LightingResults: New page: Lighting Build
[2017.04.28-16.58.15:905][  0]MapCheck: New page: Map Check
[2017.04.28-16.58.15:905][  0]LightingResults: New page: Lighting Build
[2017.04.28-16.58.16:533][  0]LogAIModule: Creating AISystem for world BattleGround
[2017.04.28-16.58.16:858][  0]LogEditorServer: Finished looking for orphan Actors (0.000 secs)
[2017.04.28-16.58.16:861][  0]Cmd: MAP CHECKDEP NOCLEARLOG
[2017.04.28-16.58.16:923][  0]MapCheck: Info Map check complete: 0 Error(s), 0 Warning(s), took 61.356ms to complete.
[2017.04.28-16.58.16:923][  0]LogFileHelpers: Loading map 'BattleGround' took 1.079
[2017.04.28-16.58.17:176][  0]LogCollectionManager: Loaded 1 collections in 0.005997 seconds
[2017.04.28-16.58.17:277][  0]LogFileCache: Scanning file cache for directory 'C:/Users/Sarah/Documents/Unreal Projects/04_BattleTank/BattleTank/Saved/Collections/' took 0.01s
[2017.04.28-16.58.17:277][  0]LogFileCache: Scanning file cache for directory 'C:/Users/Sarah/Documents/Unreal Projects/04_BattleTank/BattleTank/Content/Developers/Sarah/Collections/' took 0.01s
[2017.04.28-16.58.17:277][  0]LogFileCache: Scanning file cache for directory 'C:/Users/Sarah/Documents/Unreal Projects/04_BattleTank/BattleTank/Content/Collections/' took 0.01s
[2017.04.28-16.58.17:277][  0]LogCollectionManager: Rebuilt the GUID cache for 1 collections in 0.000005 seconds
[2017.04.28-16.58.17:277][  0]LogCollectionManager: Rebuilt the hierarchy cache for 1 collections in 0.000000 seconds
[2017.04.28-16.58.17:292][  0]LogContentBrowser: Native class hierarchy populated in 0.0149 seconds. Added 2255 classes and 453 folders.
[2017.04.28-16.58.17:296][  0]LogStats: UGameplayTagsManager::ConstructGameplayTagTree: Construct from data asset -  0.000 s
[2017.04.28-16.58.17:296][  0]LogStats: UGameplayTagsManager::ConstructGameplayTagTree: GameplayTagTreeChangedEvent.Broadcast -  0.000 s
[2017.04.28-16.58.17:400][  0]LogContentBrowser: Native class hierarchy updated for 'WidgetCarousel' in 0.0044 seconds. Added 0 classes and 0 folders.
[2017.04.28-16.58.17:832][  0]LogContentBrowser: Native class hierarchy updated for 'AddContentDialog' in 0.0043 seconds. Added 0 classes and 0 folders.
[2017.04.28-16.58.17:904][  0]LogContentBrowser: Native class hierarchy updated for 'SceneOutliner' in 0.0039 seconds. Added 1 classes and 2 folders.
[2017.04.28-16.58.17:982][  0]LogCrashTracker: Crashtracker disabled due to settings.
[2017.04.28-16.58.17:989][  0]LogUObjectGlobals:Warning: Failed to find object 'Class None.'
[2017.04.28-16.58.18:083][  0]LogContentBrowser: Native class hierarchy updated for 'HierarchicalLODOutliner' in 0.0043 seconds. Added 1 classes and 2 folders.
[2017.04.28-16.58.18:084][  0]LogLoad: (Engine Initialization) Total time: 23.85 seconds
[2017.04.28-16.58.18:084][  0]LogLoad: (Engine Initialization) Total Blueprint compile time: 0.19 seconds
[2017.04.28-16.58.18:084][  0]LogExternalProfiler: No external profilers were discovered.  External profiling features will not be available.
[2017.04.28-16.58.18:424][  0]LogOcInput: OculusInput pre-init called
[2017.04.28-16.58.18:447][  0]LogContentStreaming: Texture pool size now 600 MB
[2017.04.28-16.58.18:448][  0]LogSlate: Took 0.000245 seconds to synchronously load lazily loaded font '../../../Engine/Content/Slate/Fonts/Roboto-Regular.ttf' (155K)
[2017.04.28-16.58.18:454][  0]LogSlate: Took 0.000345 seconds to synchronously load lazily loaded font '../../../Engine/Content/Slate/Fonts/Roboto-Bold.ttf' (160K)
[2017.04.28-16.58.18:472][  0]LogSlate: Took 0.010654 seconds to synchronously load lazily loaded font '../../../Engine/Content/Editor/Slate/Fonts/FontAwesome.ttf' (139K)
[2017.04.28-16.58.18:673][  0]LogSlate: Took 0.009613 seconds to synchronously load lazily loaded font '../../../Engine/Content/Slate/Fonts/Roboto-Light.ttf' (159K)
[2017.04.28-16.58.18:758][  1]LogRenderer: Reallocating scene render targets to support 1068x628 NumSamples 1 (Frame:2).
[2017.04.28-16.58.18:780][  1]LogAssetRegistry: Asset discovery search completed in 14.6350 seconds
[2017.04.28-16.58.18:780][  1]LogCollectionManager: Rebuilt the object cache for 1 collections in 0.000009 seconds (found 0 objects)
[2017.04.28-16.58.18:780][  1]LogCollectionManager: Fixed up redirectors for 1 collections in 0.000051 seconds (updated 0 objects)
[2017.04.28-17.00.05:848][528]LogSlate: Took 0.000195 seconds to synchronously load lazily loaded font '../../../Engine/Content/Slate/Fonts/Roboto-Light.ttf' (159K)
[2017.04.28-17.00.06:450][528]LogSlate: Took 0.000174 seconds to synchronously load lazily loaded font '../../../Engine/Content/Slate/Fonts/Roboto-Regular.ttf' (155K)
[2017.04.28-17.00.06:618][528]LogContentBrowser: Native class hierarchy updated for 'BlueprintGraph' in 0.0045 seconds. Added 112 classes and 0 folders.
[2017.04.28-17.00.07:742][528]LogSlate: Took 0.005397 seconds to synchronously load lazily loaded font '../../../Engine/Content/Editor/Slate/Fonts/Roboto-BoldCondensed.ttf' (158K)
[2017.04.28-17.00.07:857][529]LogSlate: Took 0.007668 seconds to synchronously load lazily loaded font '../../../Engine/Content/Editor/Slate/Fonts/Roboto-Italic.ttf' (157K)
[2017.04.28-17.00.41:112][346]LogRenderer: Reallocating scene render targets to support 1068x668 NumSamples 1 (Frame:3939).
[2017.04.28-17.08.06:173][375]Recompiling BattleTank...
[2017.04.28-17.08.06:174][375]Launching UnrealBuildTool... [C:/Program Files/Epic Games/UE_4.15/Engine/Binaries/DotNET/UnrealBuildTool.exe BattleTank -ModuleWithSuffix BattleTank 8918 Win64 Development -editorrecompile -canskiplink "C:/Users/Sarah/Documents/Unreal Projects/04_BattleTank/BattleTank/BattleTank.uproject" ]
[2017.04.28-17.08.06:449][375]Warning: Starting HotReload took  0.6s.
[2017.04.28-17.09.04:322][440]CompilerResultsLog: New page: Compilation - Apr 28, 2017, 7:09:04 PM
[2017.04.28-17.09.04:323][440]CompilerResultsLog: Info Compiling game modules for hot reload
[2017.04.28-17.09.04:323][440]CompilerResultsLog: Info Parsing headers for BattleTankEditor
[2017.04.28-17.09.04:323][440]CompilerResultsLog: Info   Running UnrealHeaderTool "C:\Users\Sarah\Documents\Unreal Projects\04_BattleTank\BattleTank\BattleTank.uproject" "C:\Users\Sarah\Documents\Unreal Projects\04_BattleTank\BattleTank\Intermediate\Build\Win64\BattleTankEditor\Development\BattleTankEditor.uhtmanifest" -LogCmds="loginit warning, logexit warning, logdatabase error" -Unattended -WarningsAsErrors -installed
[2017.04.28-17.09.04:323][440]CompilerResultsLog: Info Reflection code generated for BattleTankEditor in 39.4122419 seconds
[2017.04.28-17.09.04:323][440]CompilerResultsLog: Info Performing 7 actions (4 in parallel)
[2017.04.28-17.09.04:323][440]CompilerResultsLog: Info TankAIController.cpp
[2017.04.28-17.09.04:324][440]CompilerResultsLog: Info TankPlayerController.cpp
[2017.04.28-17.09.04:324][440]CompilerResultsLog: Info Tank.cpp
[2017.04.28-17.09.04:324][440]CompilerResultsLog: Info TankAimingComponent.cpp
[2017.04.28-17.09.04:324][440]CompilerResultsLog:Error: Error C:\Users\Sarah\Documents\Unreal Projects\04_BattleTank\BattleTank\Source\BattleTank\Private\TankAimingComponent.cpp(20) : error C2509: 'BeginPlay': member function not declared in 'UTankAimingComponent'
[2017.04.28-17.09.04:324][440]CompilerResultsLog:Error: Error C:\Users\Sarah\Documents\Unreal Projects\04_BattleTank\BattleTank\Source\BattleTank\Public\TankAimingComponent.h(19) : note: see declaration of 'UTankAimingComponent'
[2017.04.28-17.09.04:324][440]CompilerResultsLog:Error: Error C:\Users\Sarah\Documents\Unreal Projects\04_BattleTank\BattleTank\Source\BattleTank\Private\TankAimingComponent.cpp(29) : error C2509: 'TickComponent': member function not declared in 'UTankAimingComponent'
[2017.04.28-17.09.04:324][440]CompilerResultsLog:Error: Error C:\Users\Sarah\Documents\Unreal Projects\04_BattleTank\BattleTank\Source\BattleTank\Public\TankAimingComponent.h(19) : note: see declaration of 'UTankAimingComponent'
[2017.04.28-17.09.04:324][440]CompilerResultsLog: Info BattleTank.generated.cpp
[2017.04.28-17.09.04:324][440]CompilerResultsLog: Info ERROR: UBT ERROR: Failed to produce item: C:\Users\Sarah\Documents\Unreal Projects\04_BattleTank\BattleTank\Binaries\Win64\UE4Editor-BattleTank-8918.dll
[2017.04.28-17.09.04:324][440]CompilerResultsLog: Info Total build time: 56.60 seconds (Local executor: 0.00 seconds)
[2017.04.28-17.09.04:325][440]LogMainFrame: MainFrame: Module compiling took 58.175 seconds
[2017.04.28-17.09.04:325][440]Warning: HotReload failed, recompile failed
[2017.04.28-17.09.38:031][834]Recompiling BattleTank...
[2017.04.28-17.09.38:031][834]Launching UnrealBuildTool... [C:/Program Files/Epic Games/UE_4.15/Engine/Binaries/DotNET/UnrealBuildTool.exe BattleTank -ModuleWithSuffix BattleTank 5253 Win64 Development -editorrecompile -canskiplink "C:/Users/Sarah/Documents/Unreal Projects/04_BattleTank/BattleTank/BattleTank.uproject" ]
[2017.04.28-17.09.38:035][834]Warning: Starting HotReload took  0.0s.
[2017.04.28-17.09.45:964][958]CompilerResultsLog: New page: Compilation - Apr 28, 2017, 7:09:45 PM
[2017.04.28-17.09.45:964][958]CompilerResultsLog: Info Compiling game modules for hot reload
[2017.04.28-17.09.45:964][958]CompilerResultsLog: Info Performing 3 actions (4 in parallel)
[2017.04.28-17.09.45:964][958]CompilerResultsLog: Info TankAimingComponent.cpp
[2017.04.28-17.09.45:964][958]CompilerResultsLog: Info [2/3] Link UE4Editor-BattleTank-5253.dll
[2017.04.28-17.09.45:965][958]CompilerResultsLog: Info [3/3] Link UE4Editor-BattleTank-5253.lib
[2017.04.28-17.09.45:965][958]CompilerResultsLog: Info    Creating library C:\Users\Sarah\Documents\Unreal Projects\04_BattleTank\BattleTank\Intermediate\Build\Win64\UE4Editor\Development\UE4Editor-BattleTank-5253.lib and object C:\Users\Sarah\Documents\Unreal Projects\04_BattleTank\BattleTank\Intermediate\Build\Win64\UE4Editor\Development\UE4Editor-BattleTank-5253.exp
[2017.04.28-17.09.45:965][958]CompilerResultsLog: Info    Creating library C:\Users\Sarah\Documents\Unreal Projects\04_BattleTank\BattleTank\Intermediate\Build\Win64\UE4Editor\Development\UE4Editor-BattleTank-5253.suppressed.lib and object C:\Users\Sarah\Documents\Unreal Projects\04_BattleTank\BattleTank\Intermediate\Build\Win64\UE4Editor\Development\UE4Editor-BattleTank-5253.suppressed.exp
[2017.04.28-17.09.45:965][958]CompilerResultsLog: Info Total build time: 7.05 seconds (Local executor: 4.43 seconds)
[2017.04.28-17.09.45:965][958]LogMainFrame: MainFrame: Module compiling took 7.948 seconds
[2017.04.28-17.09.46:246][958]LogClass: EFiringStatus HotReload.
[2017.04.28-17.09.46:262][958]LogContentBrowser: Native class hierarchy updated for 'BattleTank' in 0.0088 seconds. Added 11 classes and 3 folders.
[2017.04.28-17.09.46:266][958]Display: HotReload successful (5 functions remapped  0 scriptstructs remapped)
[2017.04.28-17.09.47:298][958]LogContentBrowser: Native class hierarchy populated in 0.0467 seconds. Added 2257 classes and 457 folders.
[2017.04.28-17.09.47:299][958]Display: HotReload took  9.3s.
[2017.04.28-17.10.18:617][186]LogSlate: Took 0.018100 seconds to synchronously load lazily loaded font '../../../Engine/Content/Editor/Slate/Fonts/DroidSansMono.ttf' (77K)
[2017.04.28-17.10.22:282][333]Recompiling BattleTank...
[2017.04.28-17.10.22:282][333]Launching UnrealBuildTool... [C:/Program Files/Epic Games/UE_4.15/Engine/Binaries/DotNET/UnrealBuildTool.exe BattleTank -ModuleWithSuffix BattleTank 1922 Win64 Development -editorrecompile -canskiplink "C:/Users/Sarah/Documents/Unreal Projects/04_BattleTank/BattleTank/BattleTank.uproject" ]
[2017.04.28-17.10.22:286][333]Warning: Starting HotReload took  0.0s.
[2017.04.28-17.10.25:430][451]CompilerResultsLog: New page: Compilation - Apr 28, 2017, 7:10:25 PM
[2017.04.28-17.10.25:431][451]CompilerResultsLog: Info Compiling game modules for hot reload
[2017.04.28-17.10.25:431][451]CompilerResultsLog: Info Target is up to date
[2017.04.28-17.10.25:431][451]CompilerResultsLog: Info Total build time: 2.35 seconds (NoActionsToExecute executor: 0.01 seconds)
[2017.04.28-17.10.25:431][451]LogMainFrame: MainFrame: Module compiling took 3.165 seconds
[2017.04.28-17.10.26:425][451]LogContentBrowser: Native class hierarchy populated in 0.0353 seconds. Added 2257 classes and 457 folders.
[2017.04.28-17.10.26:426][451]Display: HotReload took  4.2s.
[2017.04.28-17.10.28:197][505]LogTemp: Repeting last play command: Selected Viewport
[2017.04.28-17.10.28:302][505]LogBlueprintUserMessages: Early PlayInEditor Detection: Level '/Game/Levels/BattleGround.BattleGround:PersistentLevel' has LevelScriptBlueprint '/Game/Levels/BattleGround.BattleGround:PersistentLevel.BattleGround' with GeneratedClass '/Game/Levels/BattleGround.BattleGround_C' with ClassGeneratedBy '/Game/Levels/BattleGround.BattleGround:PersistentLevel.BattleGround'
[2017.04.28-17.10.28:304][505]LogPlayLevel: PlayLevel: No blueprints needed recompiling
[2017.04.28-17.10.28:309][505]PIE: New page: PIE session: BattleGround (Apr 28, 2017, 7:10:28 PM)
[2017.04.28-17.10.28:310][505]LogPlayLevel: Creating play world package: /Game/Levels/UEDPIE_0_BattleGround
[2017.04.28-17.10.28:436][505]LogPlayLevel: PIE: StaticDuplicateObject took: (0.125720s)
[2017.04.28-17.10.28:438][505]LogAIModule: Creating AISystem for world BattleGround
[2017.04.28-17.10.28:439][505]LogPlayLevel: PIE: World Init took: (0.002050s)
[2017.04.28-17.10.28:440][505]LogPlayLevel: PIE: Created PIE world by copying editor world from /Game/Levels/BattleGround.BattleGround to /Game/Levels/UEDPIE_0_BattleGround.BattleGround (0.130634s)
[2017.04.28-17.10.28:610][505]LogInit: XAudio2 using 'Speakers (2- High Definition Audio Device)' : 2 channels at 44.1 kHz using 16 bits per sample (channel mask 0x3)
[2017.04.28-17.10.28:631][505]LogInit: FAudioDevice initialized.
[2017.04.28-17.10.28:718][505]LogLoad: Game class is 'BattleTankGameMode_BP_C'
[2017.04.28-17.10.28:747][505]LogWorld: Bringing World /Game/Levels/UEDPIE_0_BattleGround.BattleGround up for play (max tick rate 0) at 2017.04.28-18.10.28
[2017.04.28-17.10.28:761][505]LogWorld: Bringing up level for play took: 0.027574
[2017.04.28-17.10.28:954][505]LogContentBrowser: Native class hierarchy updated for 'MovieSceneCapture' in 0.0095 seconds. Added 11 classes and 0 folders.
[2017.04.28-17.10.28:982][505]PIE: Info Play in editor start time for /Game/Levels/UEDPIE_0_BattleGround 0.574
[2017.04.28-17.10.28:983][505]LogBlueprintUserMessages: Late PlayInEditor Detection: Level '/Game/Levels/BattleGround.BattleGround:PersistentLevel' has LevelScriptBlueprint '/Game/Levels/BattleGround.BattleGround:PersistentLevel.BattleGround' with GeneratedClass '/Game/Levels/BattleGround.BattleGround_C' with ClassGeneratedBy '/Game/Levels/BattleGround.BattleGround:PersistentLevel.BattleGround'
