Log file open, 04/28/17 16:03:29
LogInit:Display: Running engine for game: BattleTank
LogPlatformFile: Not using cached read wrapper
LogInit:Display: RandInit(-1912916014) SRandInit(-1912916014).
LogTaskGraph: Started task graph with 5 named threads and 8 total threads with 1 sets of task threads.
LogStats: Stats thread started at 0.086315
LogInit: Using libcurl 7.47.1
LogInit:  - built for x86_64-pc-win32
LogInit:  - supports SSL with OpenSSL/1.0.2g
LogInit:  - supports HTTP deflate (compression) using libz 1.2.8
LogInit:  - other features:
LogInit:      CURL_VERSION_SSL
LogInit:      CURL_VERSION_LIBZ
LogInit:      CURL_VERSION_IPV6
LogInit:      CURL_VERSION_ASYNCHDNS
LogInit:      CURL_VERSION_LARGEFILE
LogInit:      CURL_VERSION_IDN
LogInit:  CurlRequestOptions (configurable via config and command line):
LogInit:  - bVerifyPeer = false  - Libcurl will NOT verify peer certificate
LogInit:  - bUseHttpProxy = false  - Libcurl will NOT use HTTP proxy
LogInit:  - bDontReuseConnections = false  - Libcurl will reuse connections
LogInit:  - CertBundlePath = nullptr  - Libcurl will use whatever was configured at build time.
LogInit: Build: ++UE4+Release-4.15-CL-3299760
LogInit: Engine Version: 4.15.0-3299760+++UE4+Release-4.15
LogInit: Compatible Engine Version: 4.15.0-3299760+++UE4+Release-4.15
LogInit: Net CL: 3299760
LogDevObjectVersion: Number of dev versions registered: 14
LogDevObjectVersion:   Dev-Blueprints (B0D832E4-1F89-4F0D-ACCF-7EB736FD4AA2): 8
LogDevObjectVersion:   Dev-Build (E1C64328-A22C-4D53-A36C-8E866417BD8C): 0
LogDevObjectVersion:   Dev-Core (375EC13C-06E4-48FB-B500-84F0262A717E): 2
LogDevObjectVersion:   Dev-Editor (E4B068ED-F494-42E9-A231-DA0B2E46BB41): 14
LogDevObjectVersion:   Dev-Framework (CFFC743F-43B0-4480-9391-14DF171D2073): 22
LogDevObjectVersion:   Dev-Mobile (B02B49B5-BB20-44E9-A304-32B752E40360): 0
LogDevObjectVersion:   Dev-Networking (A4E4105C-59A1-49B5-A7C5-40C4547EDFEE): 0
LogDevObjectVersion:   Dev-Online (39C831C9-5AE6-47DC-9A44-9C173E1C8E7C): 0
LogDevObjectVersion:   Dev-Physics (78F01B33-EBEA-4F98-B9B4-84EACCB95AA2): 0
LogDevObjectVersion:   Dev-Platform (6631380F-2D4D-43E0-8009-CF276956A95A): 0
LogDevObjectVersion:   Dev-Rendering (12F88B9F-8875-4AFC-A67C-D90C383ABD29): 12
LogDevObjectVersion:   Dev-Sequencer (7B5AE74C-D270-4C10-A958-57980B212A5A): 3
LogDevObjectVersion:   Dev-VR (D7296918-1DD6-4BDD-9DE2-64A83CC13884): 0
LogDevObjectVersion:   Dev-LoadTimes (C2A15278-BFE7-4AFE-6C17-90FF531DF755): 1
LogInit: Compiled (64-bit): Feb 14 2017 02:04:14
LogInit: Compiled with Visual C++: 19.00.23026.00
LogInit: Build Configuration: Development
LogInit: Branch Name: ++UE4+Release-4.15
LogInit: Command line: -EpicPortal 
LogInit: Base directory: C:/Program Files/Epic Games/UE_4.15/Engine/Binaries/Win64/
LogInit: Installed Engine Build: 1
LogInit: Presizing for max 8388607 objects, including 0 objects not considered by GC, pre-allocating 0 bytes for permanent pool.
LogInit: Object subsystem initialized
[2017.04.28-15.03.30:300][  0]LogInit: Selected Device Profile: [Windows]
[2017.04.28-15.03.30:300][  0]LogInit: Applying CVar settings loaded from the selected device profile: [Windows]
[2017.04.28-15.03.30:315][  0]LogInit: Computer: DESKTOP-0PEK566
[2017.04.28-15.03.30:315][  0]LogInit: User: Sarah
[2017.04.28-15.03.30:315][  0]LogInit: CPU Page size=65536, Cores=4
[2017.04.28-15.03.30:315][  0]LogInit: High frequency timer resolution =2.143576 MHz
[2017.04.28-15.03.30:315][  0]LogMemory: Memory total: Physical=7.9GB (8GB approx)
[2017.04.28-15.03.30:315][  0]LogMemory: Platform Memory Stats for Windows
[2017.04.28-15.03.30:315][  0]LogMemory: Process Physical Memory: 262.97 MB used, 262.97 MB peak
[2017.04.28-15.03.30:315][  0]LogMemory: Process Virtual Memory: 262.65 MB used, 262.65 MB peak
[2017.04.28-15.03.30:315][  0]LogMemory: Physical Memory: 5168.86 MB used,  2915.41 MB free, 8084.27 MB total
[2017.04.28-15.03.30:315][  0]LogMemory: Virtual Memory: 644.18 MB used,  2915.41 MB free, 134217728.00 MB total
[2017.04.28-15.03.30:423][  0]LogTextLocalizationManager: No specific translations for ('en-US') exist, so ('en') translations will be used.
[2017.04.28-15.03.31:190][  0]LogD3D11RHI: D3D11 adapters:
[2017.04.28-15.03.31:249][  0]LogD3D11RHI:    0. 'AMD Radeon HD 7600M Series' (Feature Level 11_0)
[2017.04.28-15.03.31:249][  0]LogD3D11RHI:       1004/0/3840 MB DedicatedVideo/DedicatedSystem/SharedSystem, Outputs:1, VendorId:0x1002
[2017.04.28-15.03.31:253][  0]LogD3D11RHI:    1. 'Intel(R) HD Graphics 4000' (Feature Level 11_0)
[2017.04.28-15.03.31:253][  0]LogD3D11RHI:       32/0/1760 MB DedicatedVideo/DedicatedSystem/SharedSystem, Outputs:0, VendorId:0x8086
[2017.04.28-15.03.31:254][  0]LogD3D11RHI:    2. 'Microsoft Basic Render Driver' (Feature Level 11_0)
[2017.04.28-15.03.31:254][  0]LogD3D11RHI:       0/0/4042 MB DedicatedVideo/DedicatedSystem/SharedSystem, Outputs:0, VendorId:0x1414
[2017.04.28-15.03.31:254][  0]LogD3D11RHI: Chosen D3D11 Adapter: 0
[2017.04.28-15.03.31:269][  0]LogD3D11RHI: Creating new Direct3DDevice
[2017.04.28-15.03.31:269][  0]LogD3D11RHI:     GPU DeviceId: 0x6840 (for the marketing name, search the web for "GPU Device Id")
[2017.04.28-15.03.31:269][  0]LogWindows: EnumDisplayDevices:
[2017.04.28-15.03.31:270][  0]LogWindows:    0. 'Intel(R) HD Graphics 4000' (P:1 D:1)
[2017.04.28-15.03.31:270][  0]LogWindows:    1. 'Intel(R) HD Graphics 4000' (P:0 D:0)
[2017.04.28-15.03.31:270][  0]LogWindows:    2. 'Intel(R) HD Graphics 4000' (P:0 D:0)
[2017.04.28-15.03.31:270][  0]LogWindows: DebugString: PrimaryIsNotTheChoosenAdapter PrimaryIsNotTheChoosenAdapter PrimaryIsNotTheChoosenAdapter FoundDriverCount:0 
[2017.04.28-15.03.31:270][  0]LogD3D11RHI:     Adapter Name: AMD Radeon HD 7600M Series
[2017.04.28-15.03.31:270][  0]LogD3D11RHI:   Driver Version: Unknown (internal:Unknown, unified:Unknown)
[2017.04.28-15.03.31:270][  0]LogD3D11RHI:      Driver Date: Unknown
[2017.04.28-15.03.31:270][  0]LogRHI: Texture pool is 702 MB (70% of 1004 MB)
[2017.04.28-15.03.31:279][  0]LogD3D11RHI: AMD Pre GCN architecture detected, some driver workarounds will be in place
[2017.04.28-15.03.31:287][  0]LogD3D11RHI: Async texture creation enabled
[2017.04.28-15.03.31:300][  0]LogD3D11RHI: GPU Timing Frequency: 27.000000 (Debug: 2 1)
[2017.04.28-15.03.31:301][  0]LogShaderCompilers: Guid format shader working directory is -36 characters bigger than the processId version (../../../../../../Users/Sarah/Documents/Unreal Projects/04_BattleTank/BattleTank/Intermediate/Shaders/WorkingDirectory/106720/).
[2017.04.28-15.03.31:301][  0]LogShaderCompilers: Cleaned the shader compiler working directory 'C:/Users/Sarah/AppData/Local/Temp/UnrealShaderWorkingDir/48C99E2340128AD633CA009863BB65D9/'.
[2017.04.28-15.03.31:301][  0]LogShaderCompilers:Display: Using Local Shader Compiler.
[2017.04.28-15.03.32:647][  0]LogTemp:Display: Loaded TP AllDesktopTargetPlatform
[2017.04.28-15.03.32:725][  0]LogTemp:Display: Loaded TP MacClientTargetPlatform
[2017.04.28-15.03.32:802][  0]LogTemp:Display: Loaded TP MacNoEditorTargetPlatform
[2017.04.28-15.03.32:880][  0]LogTemp:Display: Loaded TP MacServerTargetPlatform
[2017.04.28-15.03.32:958][  0]LogTemp:Display: Loaded TP MacTargetPlatform
[2017.04.28-15.03.33:034][  0]LogTemp:Display: Loaded TP WindowsClientTargetPlatform
[2017.04.28-15.03.33:122][  0]LogTemp:Display: Loaded TP WindowsNoEditorTargetPlatform
[2017.04.28-15.03.33:207][  0]LogTemp:Display: Loaded TP WindowsServerTargetPlatform
[2017.04.28-15.03.33:275][  0]LogTemp:Display: Loaded TP WindowsTargetPlatform
[2017.04.28-15.03.33:351][  0]LogTemp:Display: Loaded TP AndroidTargetPlatform
[2017.04.28-15.03.33:425][  0]LogTemp:Display: Loaded TP Android_ASTCTargetPlatform
[2017.04.28-15.03.33:500][  0]LogTemp:Display: Loaded TP Android_ATCTargetPlatform
[2017.04.28-15.03.33:574][  0]LogTemp:Display: Loaded TP Android_DXTTargetPlatform
[2017.04.28-15.03.33:648][  0]LogTemp:Display: Loaded TP Android_ETC1TargetPlatform
[2017.04.28-15.03.33:723][  0]LogTemp:Display: Loaded TP Android_ETC2TargetPlatform
[2017.04.28-15.03.33:872][  0]LogTemp:Display: Loaded TP Android_MultiTargetPlatform
[2017.04.28-15.03.33:872][  0]LogTemp:Display: Loaded TP Android_PVRTCTargetPlatform
[2017.04.28-15.03.33:924][  0]LogTemp:Display: Loaded TP HTML5TargetPlatform
[2017.04.28-15.03.34:051][  0]LogTemp:Display: Loaded TP IOSTargetPlatform
[2017.04.28-15.03.34:101][  0]LogTemp:Display: Loaded TP TVOSTargetPlatform
[2017.04.28-15.03.34:176][  0]LogTemp:Display: Loaded TP LinuxClientTargetPlatform
[2017.04.28-15.03.34:251][  0]LogTemp:Display: Loaded TP LinuxNoEditorTargetPlatform
[2017.04.28-15.03.34:327][  0]LogTemp:Display: Loaded TP LinuxServerTargetPlatform
[2017.04.28-15.03.34:418][  0]LogTemp:Display: Loaded TP LinuxTargetPlatform
[2017.04.28-15.03.34:418][  0]LogTargetPlatformManager:Display: Building Assets For Windows
[2017.04.28-15.03.35:048][  0]LogDerivedDataCache:Display: Max Cache Size: 512 MB
[2017.04.28-15.03.35:101][  0]LogDerivedDataCache: Loaded boot cache 0.05s 50MB C:/Users/Sarah/AppData/Local/UnrealEngine/4.15/DerivedDataCache/Boot.ddc.
[2017.04.28-15.03.35:101][  0]LogDerivedDataCache:Display: Loaded Boot cache: C:/Users/Sarah/AppData/Local/UnrealEngine/4.15/DerivedDataCache/Boot.ddc
[2017.04.28-15.03.35:101][  0]LogDerivedDataCache: FDerivedDataBackendGraph:  Pak pak cache file ../../../../../../Users/Sarah/Documents/Unreal Projects/04_BattleTank/BattleTank/DerivedDataCache/DDC.ddp not found, will not use a pak cache.
[2017.04.28-15.03.35:101][  0]LogDerivedDataCache: Unable to find inner node Pak for hierarchical cache Hierarchy.
[2017.04.28-15.03.35:101][  0]LogDerivedDataCache: FDerivedDataBackendGraph:  CompressedPak pak cache file ../../../../../../Users/Sarah/Documents/Unreal Projects/04_BattleTank/BattleTank/DerivedDataCache/Compressed.ddp not found, will not use a pak cache.
[2017.04.28-15.03.35:101][  0]LogDerivedDataCache: Unable to find inner node CompressedPak for hierarchical cache Hierarchy.
[2017.04.28-15.03.35:123][  0]LogDerivedDataCache:Display: Pak cache opened for reading ../../../Engine/DerivedDataCache/Compressed.ddp.
[2017.04.28-15.03.35:135][  0]LogDerivedDataCache: Using Local data cache path C:/Users/Sarah/AppData/Local/UnrealEngine/Common/DerivedDataCache: Writable
[2017.04.28-15.03.35:145][  0]LogSlate: Using Freetype 2.6.0
[2017.04.28-15.03.35:146][  0]LogSlate: SlateFontCache - WITH_FREETYPE: 1, WITH_HARFBUZZ: 1
[2017.04.28-15.03.35:146][  0]LogSlate: SlateFontCache - WITH_FREETYPE: 1, WITH_HARFBUZZ: 1
[2017.04.28-15.03.35:492][  0]LogInit: Selected Device Profile: [Windows]
[2017.04.28-15.03.35:496][  0]LogContentStreaming: Texture pool size is 0.00 MB
[2017.04.28-15.03.35:788][  0]LogMeshUtilities: Using QuadricMeshReduction for automatic static mesh reduction
[2017.04.28-15.03.35:849][  0]LogSimplygon: Simplygon DLL not present - disabling.
[2017.04.28-15.03.35:915][  0]LogMeshUtilities: Using SimplygonSwarm for distributed automatic mesh merging
[2017.04.28-15.03.35:915][  0]LogMeshUtilities: No automatic skeletal mesh reduction module available
[2017.04.28-15.03.35:915][  0]LogMeshUtilities: No automatic mesh merging module available
[2017.04.28-15.03.36:614][  0]LogNetVersion: GetLocalNetworkVersion: CL: 3299760, ProjectName: battletank, ProjectVersion: , EngineNetworkVersion: 2, GameNetworkVersion: 0, NetworkChecksum: 2512795372
[2017.04.28-15.03.36:669][  0]LogAssetRegistry: FAssetRegistry took 0.0216 seconds to start up
[2017.04.28-15.03.36:733][  0]LogPackageLocalizationCache: Processed 3 localized package path(s) for 2 prioritized culture(s) in 0.033198 seconds
[2017.04.28-15.03.36:739][  0]LogUObjectArray: 32475 objects as part of root set at end of initial load.
[2017.04.28-15.03.36:739][  0]LogUObjectAllocator: 7073360 out of 0 bytes used by permanent object pool.
[2017.04.28-15.03.36:739][  0]LogUObjectArray: CloseDisregardForGC: 0/0 objects in disregard for GC pool
[2017.04.28-15.03.36:833][  0]LogInit: WinSock: version 1.1 (2.2), MaxSocks=32767, MaxUdp=65467
[2017.04.28-15.03.39:029][  0]LogTcpMessaging: Initializing TcpMessaging bridge
[2017.04.28-15.03.39:086][  0]LogUdpMessaging: Initializing bridge on interface 0.0.0.0:0 to multicast group 230.0.0.1:6666.
[2017.04.28-15.03.39:811][  0]LogMaterial: Uniform references updated for custom material expression Custom.
[2017.04.28-15.03.40:344][  0]SourceControl: Info Source control is disabled
[2017.04.28-15.03.40:379][  0]SourceControl: Info Source control is disabled
[2017.04.28-15.03.40:446][  0]SourceControl: Info Source control is disabled
[2017.04.28-15.03.40:536][  0]SourceControl: Info Source control is disabled
[2017.04.28-15.03.42:603][  0]LogEngine: Initializing Engine...
[2017.04.28-15.03.42:604][  0]LogHMD: Failed to initialize OpenVR with code 110
[2017.04.28-15.03.42:941][  0]LogAIModule: Creating AISystem for world Untitled
[2017.04.28-15.03.42:950][  0]LogInit: XAudio2 using 'Speakers (2- High Definition Audio Device)' : 2 channels at 44.1 kHz using 16 bits per sample (channel mask 0x3)
[2017.04.28-15.03.42:967][  0]LogInit: FAudioDevice initialized.
[2017.04.28-15.03.42:993][  0]LogDerivedDataCache: Saved boot cache 0.03s 50MB C:/Users/Sarah/AppData/Local/UnrealEngine/4.15/DerivedDataCache/Boot.ddc.
[2017.04.28-15.03.43:001][  0]LogInit: Texture streaming: Enabled
[2017.04.28-15.03.43:150][  0]LogEngineSessionManager: EngineSessionManager initialized
[2017.04.28-15.03.43:291][  0]LogInit: Transaction tracking system initialized
[2017.04.28-15.03.43:788][  0]BlueprintLog: New page: Editor Load
[2017.04.28-15.03.45:053][  0]LocalizationService: Info Localization service is disabled
[2017.04.28-15.03.46:251][  0]LogConsoleResponse:Display: 
[2017.04.28-15.03.46:436][  0]LogCook:Display: Max memory allowance for cook 16384mb min free memory 0mb
[2017.04.28-15.03.46:437][  0]LogCook:Display: Mobile HDR setting 1
[2017.04.28-15.03.46:901][  0]LogFileCache: Scanning file cache for directory 'C:/Users/Sarah/Documents/Unreal Projects/04_BattleTank/BattleTank/Content/' took 0.01s
[2017.04.28-15.03.47:981][  0]SourceControl: Info Source control is disabled
[2017.04.28-15.03.47:981][  0]Cmd: MAP LOAD FILE="../../../../../../Users/Sarah/Documents/Unreal Projects/04_BattleTank/BattleTank/Content/Levels/BattleGround.umap" TEMPLATE=0 SHOWPROGRESS=1 FEATURELEVEL=3
[2017.04.28-15.03.47:982][  0]LightingResults: New page: Lighting Build
[2017.04.28-15.03.48:038][  0]MapCheck: New page: Map Check
[2017.04.28-15.03.48:038][  0]LightingResults: New page: Lighting Build
[2017.04.28-15.03.48:563][  0]LogAIModule: Creating AISystem for world BattleGround
[2017.04.28-15.03.48:602][  0]LogEditorServer: Finished looking for orphan Actors (0.000 secs)
[2017.04.28-15.03.48:604][  0]Cmd: MAP CHECKDEP NOCLEARLOG
[2017.04.28-15.03.48:659][  0]MapCheck: Info Map check complete: 0 Error(s), 0 Warning(s), took 55.162ms to complete.
[2017.04.28-15.03.48:659][  0]LogFileHelpers: Loading map 'BattleGround' took 0.678
[2017.04.28-15.03.48:878][  0]LogCollectionManager: Loaded 1 collections in 0.003149 seconds
[2017.04.28-15.03.48:999][  0]LogFileCache: Scanning file cache for directory 'C:/Users/Sarah/Documents/Unreal Projects/04_BattleTank/BattleTank/Saved/Collections/' took 0.01s
[2017.04.28-15.03.48:999][  0]LogFileCache: Scanning file cache for directory 'C:/Users/Sarah/Documents/Unreal Projects/04_BattleTank/BattleTank/Content/Developers/Sarah/Collections/' took 0.01s
[2017.04.28-15.03.48:999][  0]LogFileCache: Scanning file cache for directory 'C:/Users/Sarah/Documents/Unreal Projects/04_BattleTank/BattleTank/Content/Collections/' took 0.01s
[2017.04.28-15.03.48:999][  0]LogCollectionManager: Rebuilt the GUID cache for 1 collections in 0.000006 seconds
[2017.04.28-15.03.48:999][  0]LogCollectionManager: Rebuilt the hierarchy cache for 1 collections in 0.000000 seconds
[2017.04.28-15.03.49:014][  0]LogContentBrowser: Native class hierarchy populated in 0.0147 seconds. Added 2255 classes and 453 folders.
[2017.04.28-15.03.49:018][  0]LogStats: UGameplayTagsManager::ConstructGameplayTagTree: Construct from data asset -  0.000 s
[2017.04.28-15.03.49:018][  0]LogStats: UGameplayTagsManager::ConstructGameplayTagTree: GameplayTagTreeChangedEvent.Broadcast -  0.000 s
[2017.04.28-15.03.49:115][  0]LogContentBrowser: Native class hierarchy updated for 'WidgetCarousel' in 0.0037 seconds. Added 0 classes and 0 folders.
[2017.04.28-15.03.49:170][  0]LogContentBrowser: Native class hierarchy updated for 'AddContentDialog' in 0.0037 seconds. Added 0 classes and 0 folders.
[2017.04.28-15.03.49:236][  0]LogContentBrowser: Native class hierarchy updated for 'SceneOutliner' in 0.0039 seconds. Added 1 classes and 2 folders.
[2017.04.28-15.03.49:300][  0]LogCrashTracker: Crashtracker disabled due to settings.
[2017.04.28-15.03.49:306][  0]LogUObjectGlobals:Warning: Failed to find object 'Class None.'
[2017.04.28-15.03.49:396][  0]LogContentBrowser: Native class hierarchy updated for 'HierarchicalLODOutliner' in 0.0037 seconds. Added 1 classes and 2 folders.
[2017.04.28-15.03.49:396][  0]LogLoad: (Engine Initialization) Total time: 21.80 seconds
[2017.04.28-15.03.49:396][  0]LogLoad: (Engine Initialization) Total Blueprint compile time: 0.18 seconds
[2017.04.28-15.03.49:396][  0]LogExternalProfiler: No external profilers were discovered.  External profiling features will not be available.
[2017.04.28-15.03.49:736][  0]LogOcInput: OculusInput pre-init called
[2017.04.28-15.03.49:758][  0]LogContentStreaming: Texture pool size now 600 MB
[2017.04.28-15.03.49:759][  0]LogSlate: Took 0.000197 seconds to synchronously load lazily loaded font '../../../Engine/Content/Slate/Fonts/Roboto-Regular.ttf' (155K)
[2017.04.28-15.03.49:763][  0]LogSlate: Took 0.000232 seconds to synchronously load lazily loaded font '../../../Engine/Content/Slate/Fonts/Roboto-Bold.ttf' (160K)
[2017.04.28-15.03.49:771][  0]LogSlate: Took 0.000223 seconds to synchronously load lazily loaded font '../../../Engine/Content/Editor/Slate/Fonts/FontAwesome.ttf' (139K)
[2017.04.28-15.03.49:925][  0]LogSlate: Took 0.000269 seconds to synchronously load lazily loaded font '../../../Engine/Content/Slate/Fonts/Roboto-Light.ttf' (159K)
[2017.04.28-15.03.50:077][  1]LogRenderer: Reallocating scene render targets to support 1064x628 NumSamples 1 (Frame:2).
[2017.04.28-15.03.50:077][  1]LogAssetRegistry: Asset discovery search completed in 13.4298 seconds
[2017.04.28-15.03.50:077][  1]LogCollectionManager: Rebuilt the object cache for 1 collections in 0.000009 seconds (found 0 objects)
[2017.04.28-15.03.50:077][  1]LogCollectionManager: Fixed up redirectors for 1 collections in 0.000032 seconds (updated 0 objects)
[2017.04.28-15.03.55:121][105]Recompiling BattleTank...
[2017.04.28-15.03.55:121][105]Launching UnrealBuildTool... [C:/Program Files/Epic Games/UE_4.15/Engine/Binaries/DotNET/UnrealBuildTool.exe BattleTank -ModuleWithSuffix BattleTank 855 Win64 Development -editorrecompile -canskiplink "C:/Users/Sarah/Documents/Unreal Projects/04_BattleTank/BattleTank/BattleTank.uproject" ]
[2017.04.28-15.03.55:123][105]Warning: Starting HotReload took  0.0s.
[2017.04.28-15.03.56:523][232]CompilerResultsLog: New page: Compilation - Apr 28, 2017, 5:03:56 PM
[2017.04.28-15.03.56:523][232]CompilerResultsLog: Info Compiling game modules for hot reload
[2017.04.28-15.03.56:523][232]CompilerResultsLog: Info Target is up to date
[2017.04.28-15.03.56:523][232]CompilerResultsLog: Info Total build time: 1.02 seconds (NoActionsToExecute executor: 0.00 seconds)
[2017.04.28-15.03.56:524][232]LogMainFrame: MainFrame: Module compiling took 1.409 seconds
[2017.04.28-15.03.56:575][232]LogContentBrowser: Native class hierarchy populated in 0.0215 seconds. Added 2257 classes and 457 folders.
[2017.04.28-15.03.56:575][232]Display: HotReload took  1.5s.
[2017.04.28-15.07.15:232][125]LogSlate: Took 0.012060 seconds to synchronously load lazily loaded font '../../../Engine/Content/Editor/Slate/Fonts/DroidSansMono.ttf' (77K)
[2017.04.28-15.07.18:508][312]Recompiling BattleTank...
[2017.04.28-15.07.18:509][312]Launching UnrealBuildTool... [C:/Program Files/Epic Games/UE_4.15/Engine/Binaries/DotNET/UnrealBuildTool.exe BattleTank -ModuleWithSuffix BattleTank 6981 Win64 Development -editorrecompile -canskiplink "C:/Users/Sarah/Documents/Unreal Projects/04_BattleTank/BattleTank/BattleTank.uproject" ]
[2017.04.28-15.07.18:511][312]Warning: Starting HotReload took  0.0s.
[2017.04.28-15.07.22:413][527]CompilerResultsLog: New page: Compilation - Apr 28, 2017, 5:07:22 PM
[2017.04.28-15.07.22:414][527]CompilerResultsLog: Info Compiling game modules for hot reload
[2017.04.28-15.07.22:414][527]CompilerResultsLog: Info Performing 3 actions (4 in parallel)
[2017.04.28-15.07.22:414][527]CompilerResultsLog: Info TankPlayerController.cpp
[2017.04.28-15.07.22:414][527]CompilerResultsLog: Info [2/3] Link UE4Editor-BattleTank-6981.dll
[2017.04.28-15.07.22:414][527]CompilerResultsLog: Info [3/3] Link UE4Editor-BattleTank-6981.lib
[2017.04.28-15.07.22:414][527]CompilerResultsLog: Info    Creating library C:\Users\Sarah\Documents\Unreal Projects\04_BattleTank\BattleTank\Intermediate\Build\Win64\UE4Editor\Development\UE4Editor-BattleTank-6981.lib and object C:\Users\Sarah\Documents\Unreal Projects\04_BattleTank\BattleTank\Intermediate\Build\Win64\UE4Editor\Development\UE4Editor-BattleTank-6981.exp
[2017.04.28-15.07.22:415][527]CompilerResultsLog: Info    Creating library C:\Users\Sarah\Documents\Unreal Projects\04_BattleTank\BattleTank\Intermediate\Build\Win64\UE4Editor\Development\UE4Editor-BattleTank-6981.suppressed.lib and object C:\Users\Sarah\Documents\Unreal Projects\04_BattleTank\BattleTank\Intermediate\Build\Win64\UE4Editor\Development\UE4Editor-BattleTank-6981.suppressed.exp
[2017.04.28-15.07.22:416][527]CompilerResultsLog: Info Total build time: 3.56 seconds (Local executor: 2.58 seconds)
[2017.04.28-15.07.22:416][527]LogMainFrame: MainFrame: Module compiling took 3.914 seconds
[2017.04.28-15.07.22:526][527]LogClass: EFiringStatus HotReload.
[2017.04.28-15.07.22:534][527]LogContentBrowser: Native class hierarchy updated for 'BattleTank' in 0.0037 seconds. Added 11 classes and 3 folders.
[2017.04.28-15.07.22:536][527]Display: HotReload successful (6 functions remapped  0 scriptstructs remapped)
[2017.04.28-15.07.22:608][527]LogContentBrowser: Native class hierarchy populated in 0.0149 seconds. Added 2257 classes and 457 folders.
[2017.04.28-15.07.22:609][527]Display: HotReload took  4.1s.
[2017.04.28-15.07.27:546][699]LogTemp: Repeting last play command: Selected Viewport
[2017.04.28-15.07.27:568][699]LogBlueprintUserMessages: Early PlayInEditor Detection: Level '/Game/Levels/BattleGround.BattleGround:PersistentLevel' has LevelScriptBlueprint '/Game/Levels/BattleGround.BattleGround:PersistentLevel.BattleGround' with GeneratedClass '/Game/Levels/BattleGround.BattleGround_C' with ClassGeneratedBy '/Game/Levels/BattleGround.BattleGround:PersistentLevel.BattleGround'
[2017.04.28-15.07.27:569][699]LogPlayLevel: PlayLevel: No blueprints needed recompiling
[2017.04.28-15.07.27:569][699]PIE: New page: PIE session: BattleGround (Apr 28, 2017, 5:07:27 PM)
[2017.04.28-15.07.27:570][699]LogPlayLevel: Creating play world package: /Game/Levels/UEDPIE_0_BattleGround
[2017.04.28-15.07.27:624][699]LogPlayLevel: PIE: StaticDuplicateObject took: (0.053979s)
[2017.04.28-15.07.27:625][699]LogAIModule: Creating AISystem for world BattleGround
[2017.04.28-15.07.27:625][699]LogPlayLevel: PIE: World Init took: (0.001303s)
[2017.04.28-15.07.27:626][699]LogPlayLevel: PIE: Created PIE world by copying editor world from /Game/Levels/BattleGround.BattleGround to /Game/Levels/UEDPIE_0_BattleGround.BattleGround (0.056060s)
[2017.04.28-15.07.27:647][699]LogInit: XAudio2 using 'Speakers (2- High Definition Audio Device)' : 2 channels at 44.1 kHz using 16 bits per sample (channel mask 0x3)
[2017.04.28-15.07.27:659][699]LogInit: FAudioDevice initialized.
[2017.04.28-15.07.27:713][699]LogLoad: Game class is 'BattleTankGameMode_BP_C'
[2017.04.28-15.07.27:720][699]LogWorld: Bringing World /Game/Levels/UEDPIE_0_BattleGround.BattleGround up for play (max tick rate 0) at 2017.04.28-16.07.27
[2017.04.28-15.07.27:721][699]LogWorld: Bringing up level for play took: 0.006393
[2017.04.28-15.07.27:799][699]LogContentBrowser: Native class hierarchy updated for 'MovieSceneCapture' in 0.0038 seconds. Added 11 classes and 0 folders.
[2017.04.28-15.07.27:803][699]PIE: Info Play in editor start time for /Game/Levels/UEDPIE_0_BattleGround -0.606
[2017.04.28-15.07.27:803][699]LogBlueprintUserMessages: Late PlayInEditor Detection: Level '/Game/Levels/BattleGround.BattleGround:PersistentLevel' has LevelScriptBlueprint '/Game/Levels/BattleGround.BattleGround:PersistentLevel.BattleGround' with GeneratedClass '/Game/Levels/BattleGround.BattleGround_C' with ClassGeneratedBy '/Game/Levels/BattleGround.BattleGround:PersistentLevel.BattleGround'
