Log file open, 04/28/17 17:45:40
LogInit:Display: Running engine for game: BattleTank
LogPlatformFile: Not using cached read wrapper
LogInit:Display: RandInit(-1655634423) SRandInit(-1655634423).
LogTaskGraph: Started task graph with 5 named threads and 8 total threads with 1 sets of task threads.
LogStats: Stats thread started at 0.087740
LogInit: Using libcurl 7.47.1
LogInit:  - built for x86_64-pc-win32
LogInit:  - supports SSL with OpenSSL/1.0.2g
LogInit:  - supports HTTP deflate (compression) using libz 1.2.8
LogInit:  - other features:
LogInit:      CURL_VERSION_SSL
LogInit:      CURL_VERSION_LIBZ
LogInit:      CURL_VERSION_IPV6
LogInit:      CURL_VERSION_ASYNCHDNS
LogInit:      CURL_VERSION_LARGEFILE
LogInit:      CURL_VERSION_IDN
LogInit:  CurlRequestOptions (configurable via config and command line):
LogInit:  - bVerifyPeer = false  - Libcurl will NOT verify peer certificate
LogInit:  - bUseHttpProxy = false  - Libcurl will NOT use HTTP proxy
LogInit:  - bDontReuseConnections = false  - Libcurl will reuse connections
LogInit:  - CertBundlePath = nullptr  - Libcurl will use whatever was configured at build time.
LogInit: Build: ++UE4+Release-4.15-CL-3299760
LogInit: Engine Version: 4.15.0-3299760+++UE4+Release-4.15
LogInit: Compatible Engine Version: 4.15.0-3299760+++UE4+Release-4.15
LogInit: Net CL: 3299760
LogDevObjectVersion: Number of dev versions registered: 14
LogDevObjectVersion:   Dev-Blueprints (B0D832E4-1F89-4F0D-ACCF-7EB736FD4AA2): 8
LogDevObjectVersion:   Dev-Build (E1C64328-A22C-4D53-A36C-8E866417BD8C): 0
LogDevObjectVersion:   Dev-Core (375EC13C-06E4-48FB-B500-84F0262A717E): 2
LogDevObjectVersion:   Dev-Editor (E4B068ED-F494-42E9-A231-DA0B2E46BB41): 14
LogDevObjectVersion:   Dev-Framework (CFFC743F-43B0-4480-9391-14DF171D2073): 22
LogDevObjectVersion:   Dev-Mobile (B02B49B5-BB20-44E9-A304-32B752E40360): 0
LogDevObjectVersion:   Dev-Networking (A4E4105C-59A1-49B5-A7C5-40C4547EDFEE): 0
LogDevObjectVersion:   Dev-Online (39C831C9-5AE6-47DC-9A44-9C173E1C8E7C): 0
LogDevObjectVersion:   Dev-Physics (78F01B33-EBEA-4F98-B9B4-84EACCB95AA2): 0
LogDevObjectVersion:   Dev-Platform (6631380F-2D4D-43E0-8009-CF276956A95A): 0
LogDevObjectVersion:   Dev-Rendering (12F88B9F-8875-4AFC-A67C-D90C383ABD29): 12
LogDevObjectVersion:   Dev-Sequencer (7B5AE74C-D270-4C10-A958-57980B212A5A): 3
LogDevObjectVersion:   Dev-VR (D7296918-1DD6-4BDD-9DE2-64A83CC13884): 0
LogDevObjectVersion:   Dev-LoadTimes (C2A15278-BFE7-4AFE-6C17-90FF531DF755): 1
LogInit: Compiled (64-bit): Feb 14 2017 02:04:14
LogInit: Compiled with Visual C++: 19.00.23026.00
LogInit: Build Configuration: Development
LogInit: Branch Name: ++UE4+Release-4.15
LogInit: Command line: -EpicPortal 
LogInit: Base directory: C:/Program Files/Epic Games/UE_4.15/Engine/Binaries/Win64/
LogInit: Installed Engine Build: 1
LogInit: Presizing for max 8388607 objects, including 0 objects not considered by GC, pre-allocating 0 bytes for permanent pool.
LogInit: Object subsystem initialized
[2017.04.28-16.45.41:469][  0]LogInit: Selected Device Profile: [Windows]
[2017.04.28-16.45.41:469][  0]LogInit: Applying CVar settings loaded from the selected device profile: [Windows]
[2017.04.28-16.45.41:485][  0]LogInit: Computer: DESKTOP-0PEK566
[2017.04.28-16.45.41:485][  0]LogInit: User: Sarah
[2017.04.28-16.45.41:485][  0]LogInit: CPU Page size=65536, Cores=4
[2017.04.28-16.45.41:485][  0]LogInit: High frequency timer resolution =2.143576 MHz
[2017.04.28-16.45.41:486][  0]LogMemory: Memory total: Physical=7.9GB (8GB approx)
[2017.04.28-16.45.41:486][  0]LogMemory: Platform Memory Stats for Windows
[2017.04.28-16.45.41:486][  0]LogMemory: Process Physical Memory: 262.89 MB used, 262.89 MB peak
[2017.04.28-16.45.41:486][  0]LogMemory: Process Virtual Memory: 262.50 MB used, 262.50 MB peak
[2017.04.28-16.45.41:486][  0]LogMemory: Physical Memory: 5845.38 MB used,  2238.89 MB free, 8084.27 MB total
[2017.04.28-16.45.41:486][  0]LogMemory: Virtual Memory: 644.18 MB used,  2238.89 MB free, 134217728.00 MB total
[2017.04.28-16.45.41:613][  0]LogTextLocalizationManager: No specific translations for ('en-US') exist, so ('en') translations will be used.
[2017.04.28-16.45.42:377][  0]LogD3D11RHI: D3D11 adapters:
[2017.04.28-16.45.42:437][  0]LogD3D11RHI:    0. 'AMD Radeon HD 7600M Series' (Feature Level 11_0)
[2017.04.28-16.45.42:437][  0]LogD3D11RHI:       1004/0/3840 MB DedicatedVideo/DedicatedSystem/SharedSystem, Outputs:1, VendorId:0x1002
[2017.04.28-16.45.42:441][  0]LogD3D11RHI:    1. 'Intel(R) HD Graphics 4000' (Feature Level 11_0)
[2017.04.28-16.45.42:441][  0]LogD3D11RHI:       32/0/1760 MB DedicatedVideo/DedicatedSystem/SharedSystem, Outputs:0, VendorId:0x8086
[2017.04.28-16.45.42:442][  0]LogD3D11RHI:    2. 'Microsoft Basic Render Driver' (Feature Level 11_0)
[2017.04.28-16.45.42:442][  0]LogD3D11RHI:       0/0/4042 MB DedicatedVideo/DedicatedSystem/SharedSystem, Outputs:0, VendorId:0x1414
[2017.04.28-16.45.42:442][  0]LogD3D11RHI: Chosen D3D11 Adapter: 0
[2017.04.28-16.45.42:458][  0]LogD3D11RHI: Creating new Direct3DDevice
[2017.04.28-16.45.42:458][  0]LogD3D11RHI:     GPU DeviceId: 0x6840 (for the marketing name, search the web for "GPU Device Id")
[2017.04.28-16.45.42:458][  0]LogWindows: EnumDisplayDevices:
[2017.04.28-16.45.42:459][  0]LogWindows:    0. 'Intel(R) HD Graphics 4000' (P:1 D:1)
[2017.04.28-16.45.42:459][  0]LogWindows:    1. 'Intel(R) HD Graphics 4000' (P:0 D:0)
[2017.04.28-16.45.42:459][  0]LogWindows:    2. 'Intel(R) HD Graphics 4000' (P:0 D:0)
[2017.04.28-16.45.42:459][  0]LogWindows: DebugString: PrimaryIsNotTheChoosenAdapter PrimaryIsNotTheChoosenAdapter PrimaryIsNotTheChoosenAdapter FoundDriverCount:0 
[2017.04.28-16.45.42:459][  0]LogD3D11RHI:     Adapter Name: AMD Radeon HD 7600M Series
[2017.04.28-16.45.42:459][  0]LogD3D11RHI:   Driver Version: Unknown (internal:Unknown, unified:Unknown)
[2017.04.28-16.45.42:459][  0]LogD3D11RHI:      Driver Date: Unknown
[2017.04.28-16.45.42:459][  0]LogRHI: Texture pool is 702 MB (70% of 1004 MB)
[2017.04.28-16.45.42:467][  0]LogD3D11RHI: AMD Pre GCN architecture detected, some driver workarounds will be in place
[2017.04.28-16.45.42:476][  0]LogD3D11RHI: Async texture creation enabled
[2017.04.28-16.45.42:488][  0]LogD3D11RHI: GPU Timing Frequency: 27.000000 (Debug: 2 1)
[2017.04.28-16.45.42:489][  0]LogShaderCompilers: Guid format shader working directory is -36 characters bigger than the processId version (../../../../../../Users/Sarah/Documents/Unreal Projects/04_BattleTank/BattleTank/Intermediate/Shaders/WorkingDirectory/101676/).
[2017.04.28-16.45.42:489][  0]LogShaderCompilers: Cleaned the shader compiler working directory 'C:/Users/Sarah/AppData/Local/Temp/UnrealShaderWorkingDir/1C1C54614CE790BF2A4D87A73A5FF3CA/'.
[2017.04.28-16.45.42:489][  0]LogShaderCompilers:Display: Using Local Shader Compiler.
[2017.04.28-16.45.43:845][  0]LogTemp:Display: Loaded TP AllDesktopTargetPlatform
[2017.04.28-16.45.43:923][  0]LogTemp:Display: Loaded TP MacClientTargetPlatform
[2017.04.28-16.45.44:001][  0]LogTemp:Display: Loaded TP MacNoEditorTargetPlatform
[2017.04.28-16.45.44:080][  0]LogTemp:Display: Loaded TP MacServerTargetPlatform
[2017.04.28-16.45.44:157][  0]LogTemp:Display: Loaded TP MacTargetPlatform
[2017.04.28-16.45.44:235][  0]LogTemp:Display: Loaded TP WindowsClientTargetPlatform
[2017.04.28-16.45.44:314][  0]LogTemp:Display: Loaded TP WindowsNoEditorTargetPlatform
[2017.04.28-16.45.44:391][  0]LogTemp:Display: Loaded TP WindowsServerTargetPlatform
[2017.04.28-16.45.44:455][  0]LogTemp:Display: Loaded TP WindowsTargetPlatform
[2017.04.28-16.45.44:531][  0]LogTemp:Display: Loaded TP AndroidTargetPlatform
[2017.04.28-16.45.44:606][  0]LogTemp:Display: Loaded TP Android_ASTCTargetPlatform
[2017.04.28-16.45.44:683][  0]LogTemp:Display: Loaded TP Android_ATCTargetPlatform
[2017.04.28-16.45.44:759][  0]LogTemp:Display: Loaded TP Android_DXTTargetPlatform
[2017.04.28-16.45.44:836][  0]LogTemp:Display: Loaded TP Android_ETC1TargetPlatform
[2017.04.28-16.45.44:912][  0]LogTemp:Display: Loaded TP Android_ETC2TargetPlatform
[2017.04.28-16.45.45:063][  0]LogTemp:Display: Loaded TP Android_MultiTargetPlatform
[2017.04.28-16.45.45:063][  0]LogTemp:Display: Loaded TP Android_PVRTCTargetPlatform
[2017.04.28-16.45.45:115][  0]LogTemp:Display: Loaded TP HTML5TargetPlatform
[2017.04.28-16.45.45:243][  0]LogTemp:Display: Loaded TP IOSTargetPlatform
[2017.04.28-16.45.45:293][  0]LogTemp:Display: Loaded TP TVOSTargetPlatform
[2017.04.28-16.45.45:369][  0]LogTemp:Display: Loaded TP LinuxClientTargetPlatform
[2017.04.28-16.45.45:443][  0]LogTemp:Display: Loaded TP LinuxNoEditorTargetPlatform
[2017.04.28-16.45.45:520][  0]LogTemp:Display: Loaded TP LinuxServerTargetPlatform
[2017.04.28-16.45.45:595][  0]LogTemp:Display: Loaded TP LinuxTargetPlatform
[2017.04.28-16.45.45:595][  0]LogTargetPlatformManager:Display: Building Assets For Windows
[2017.04.28-16.45.46:224][  0]LogDerivedDataCache:Display: Max Cache Size: 512 MB
[2017.04.28-16.45.46:280][  0]LogDerivedDataCache: Loaded boot cache 0.06s 50MB C:/Users/Sarah/AppData/Local/UnrealEngine/4.15/DerivedDataCache/Boot.ddc.
[2017.04.28-16.45.46:280][  0]LogDerivedDataCache:Display: Loaded Boot cache: C:/Users/Sarah/AppData/Local/UnrealEngine/4.15/DerivedDataCache/Boot.ddc
[2017.04.28-16.45.46:280][  0]LogDerivedDataCache: FDerivedDataBackendGraph:  Pak pak cache file ../../../../../../Users/Sarah/Documents/Unreal Projects/04_BattleTank/BattleTank/DerivedDataCache/DDC.ddp not found, will not use a pak cache.
[2017.04.28-16.45.46:280][  0]LogDerivedDataCache: Unable to find inner node Pak for hierarchical cache Hierarchy.
[2017.04.28-16.45.46:280][  0]LogDerivedDataCache: FDerivedDataBackendGraph:  CompressedPak pak cache file ../../../../../../Users/Sarah/Documents/Unreal Projects/04_BattleTank/BattleTank/DerivedDataCache/Compressed.ddp not found, will not use a pak cache.
[2017.04.28-16.45.46:280][  0]LogDerivedDataCache: Unable to find inner node CompressedPak for hierarchical cache Hierarchy.
[2017.04.28-16.45.46:302][  0]LogDerivedDataCache:Display: Pak cache opened for reading ../../../Engine/DerivedDataCache/Compressed.ddp.
[2017.04.28-16.45.46:314][  0]LogDerivedDataCache: Using Local data cache path C:/Users/Sarah/AppData/Local/UnrealEngine/Common/DerivedDataCache: Writable
[2017.04.28-16.45.46:324][  0]LogSlate: Using Freetype 2.6.0
[2017.04.28-16.45.46:325][  0]LogSlate: SlateFontCache - WITH_FREETYPE: 1, WITH_HARFBUZZ: 1
[2017.04.28-16.45.46:325][  0]LogSlate: SlateFontCache - WITH_FREETYPE: 1, WITH_HARFBUZZ: 1
[2017.04.28-16.45.46:899][  0]LogInit: Selected Device Profile: [Windows]
[2017.04.28-16.45.46:903][  0]LogContentStreaming: Texture pool size is 0.00 MB
[2017.04.28-16.45.47:178][  0]LogMeshUtilities: Using QuadricMeshReduction for automatic static mesh reduction
[2017.04.28-16.45.47:239][  0]LogSimplygon: Simplygon DLL not present - disabling.
[2017.04.28-16.45.47:306][  0]LogMeshUtilities: Using SimplygonSwarm for distributed automatic mesh merging
[2017.04.28-16.45.47:306][  0]LogMeshUtilities: No automatic skeletal mesh reduction module available
[2017.04.28-16.45.47:306][  0]LogMeshUtilities: No automatic mesh merging module available
[2017.04.28-16.45.48:034][  0]LogNetVersion: GetLocalNetworkVersion: CL: 3299760, ProjectName: battletank, ProjectVersion: , EngineNetworkVersion: 2, GameNetworkVersion: 0, NetworkChecksum: 2512795372
[2017.04.28-16.45.48:091][  0]LogAssetRegistry: FAssetRegistry took 0.0225 seconds to start up
[2017.04.28-16.45.48:157][  0]LogPackageLocalizationCache: Processed 3 localized package path(s) for 2 prioritized culture(s) in 0.034380 seconds
[2017.04.28-16.45.48:163][  0]LogUObjectArray: 32475 objects as part of root set at end of initial load.
[2017.04.28-16.45.48:163][  0]LogUObjectAllocator: 7073360 out of 0 bytes used by permanent object pool.
[2017.04.28-16.45.48:163][  0]LogUObjectArray: CloseDisregardForGC: 0/0 objects in disregard for GC pool
[2017.04.28-16.45.48:256][  0]LogInit: WinSock: version 1.1 (2.2), MaxSocks=32767, MaxUdp=65467
[2017.04.28-16.45.50:469][  0]LogTcpMessaging: Initializing TcpMessaging bridge
[2017.04.28-16.45.50:536][  0]LogUdpMessaging: Initializing bridge on interface 0.0.0.0:0 to multicast group 230.0.0.1:6666.
[2017.04.28-16.45.51:272][  0]LogMaterial: Uniform references updated for custom material expression Custom.
[2017.04.28-16.45.51:862][  0]SourceControl: Info Source control is disabled
[2017.04.28-16.45.51:907][  0]SourceControl: Info Source control is disabled
[2017.04.28-16.45.51:980][  0]SourceControl: Info Source control is disabled
[2017.04.28-16.45.52:054][  0]SourceControl: Info Source control is disabled
[2017.04.28-16.45.53:952][  0]LogEngine: Initializing Engine...
[2017.04.28-16.45.53:953][  0]LogHMD: Failed to initialize OpenVR with code 110
[2017.04.28-16.45.54:281][  0]LogAIModule: Creating AISystem for world Untitled
[2017.04.28-16.45.54:291][  0]LogInit: XAudio2 using 'Speakers (2- High Definition Audio Device)' : 2 channels at 44.1 kHz using 16 bits per sample (channel mask 0x3)
[2017.04.28-16.45.54:310][  0]LogInit: FAudioDevice initialized.
[2017.04.28-16.45.54:354][  0]LogDerivedDataCache: Saved boot cache 0.04s 50MB C:/Users/Sarah/AppData/Local/UnrealEngine/4.15/DerivedDataCache/Boot.ddc.
[2017.04.28-16.45.54:366][  0]LogInit: Texture streaming: Enabled
[2017.04.28-16.45.54:508][  0]LogEngineSessionManager: EngineSessionManager initialized
[2017.04.28-16.45.54:647][  0]LogInit: Transaction tracking system initialized
[2017.04.28-16.45.55:149][  0]BlueprintLog: New page: Editor Load
[2017.04.28-16.45.56:486][  0]LocalizationService: Info Localization service is disabled
[2017.04.28-16.45.57:821][  0]LogConsoleResponse:Display: 
[2017.04.28-16.45.58:030][  0]LogCook:Display: Max memory allowance for cook 16384mb min free memory 0mb
[2017.04.28-16.45.58:030][  0]LogCook:Display: Mobile HDR setting 1
[2017.04.28-16.45.58:465][  0]LogFileCache: Scanning file cache for directory 'C:/Users/Sarah/Documents/Unreal Projects/04_BattleTank/BattleTank/Content/' took 0.01s
[2017.04.28-16.45.59:666][  0]SourceControl: Info Source control is disabled
[2017.04.28-16.45.59:666][  0]Cmd: MAP LOAD FILE="../../../../../../Users/Sarah/Documents/Unreal Projects/04_BattleTank/BattleTank/Content/Levels/BattleGround.umap" TEMPLATE=0 SHOWPROGRESS=1 FEATURELEVEL=3
[2017.04.28-16.45.59:677][  0]LightingResults: New page: Lighting Build
[2017.04.28-16.45.59:736][  0]MapCheck: New page: Map Check
[2017.04.28-16.45.59:736][  0]LightingResults: New page: Lighting Build
[2017.04.28-16.46.00:388][  0]LogAIModule: Creating AISystem for world BattleGround
[2017.04.28-16.46.00:652][  0]LogEditorServer: Finished looking for orphan Actors (0.000 secs)
[2017.04.28-16.46.00:659][  0]Cmd: MAP CHECKDEP NOCLEARLOG
[2017.04.28-16.46.00:714][  0]MapCheck: Info Map check complete: 0 Error(s), 0 Warning(s), took 55.65ms to complete.
[2017.04.28-16.46.00:714][  0]LogFileHelpers: Loading map 'BattleGround' took 1.048
[2017.04.28-16.46.00:939][  0]LogCollectionManager: Loaded 1 collections in 0.005685 seconds
[2017.04.28-16.46.01:038][  0]LogFileCache: Scanning file cache for directory 'C:/Users/Sarah/Documents/Unreal Projects/04_BattleTank/BattleTank/Saved/Collections/' took 0.01s
[2017.04.28-16.46.01:038][  0]LogFileCache: Scanning file cache for directory 'C:/Users/Sarah/Documents/Unreal Projects/04_BattleTank/BattleTank/Content/Developers/Sarah/Collections/' took 0.01s
[2017.04.28-16.46.01:038][  0]LogFileCache: Scanning file cache for directory 'C:/Users/Sarah/Documents/Unreal Projects/04_BattleTank/BattleTank/Content/Collections/' took 0.01s
[2017.04.28-16.46.01:038][  0]LogCollectionManager: Rebuilt the GUID cache for 1 collections in 0.000005 seconds
[2017.04.28-16.46.01:038][  0]LogCollectionManager: Rebuilt the hierarchy cache for 1 collections in 0.000000 seconds
[2017.04.28-16.46.01:054][  0]LogContentBrowser: Native class hierarchy populated in 0.0150 seconds. Added 2255 classes and 453 folders.
[2017.04.28-16.46.01:058][  0]LogStats: UGameplayTagsManager::ConstructGameplayTagTree: Construct from data asset -  0.000 s
[2017.04.28-16.46.01:058][  0]LogStats: UGameplayTagsManager::ConstructGameplayTagTree: GameplayTagTreeChangedEvent.Broadcast -  0.000 s
[2017.04.28-16.46.01:151][  0]LogContentBrowser: Native class hierarchy updated for 'WidgetCarousel' in 0.0039 seconds. Added 0 classes and 0 folders.
[2017.04.28-16.46.01:208][  0]LogContentBrowser: Native class hierarchy updated for 'AddContentDialog' in 0.0040 seconds. Added 0 classes and 0 folders.
[2017.04.28-16.46.01:273][  0]LogContentBrowser: Native class hierarchy updated for 'SceneOutliner' in 0.0038 seconds. Added 1 classes and 2 folders.
[2017.04.28-16.46.01:342][  0]LogCrashTracker: Crashtracker disabled due to settings.
[2017.04.28-16.46.01:349][  0]LogUObjectGlobals:Warning: Failed to find object 'Class None.'
[2017.04.28-16.46.01:462][  0]LogContentBrowser: Native class hierarchy updated for 'HierarchicalLODOutliner' in 0.0043 seconds. Added 1 classes and 2 folders.
[2017.04.28-16.46.01:463][  0]LogLoad: (Engine Initialization) Total time: 22.91 seconds
[2017.04.28-16.46.01:463][  0]LogLoad: (Engine Initialization) Total Blueprint compile time: 0.19 seconds
[2017.04.28-16.46.01:463][  0]LogExternalProfiler: No external profilers were discovered.  External profiling features will not be available.
[2017.04.28-16.46.01:802][  0]LogOcInput: OculusInput pre-init called
[2017.04.28-16.46.01:831][  0]LogContentStreaming: Texture pool size now 600 MB
[2017.04.28-16.46.01:832][  0]LogSlate: Took 0.000294 seconds to synchronously load lazily loaded font '../../../Engine/Content/Slate/Fonts/Roboto-Regular.ttf' (155K)
[2017.04.28-16.46.01:838][  0]LogSlate: Took 0.000398 seconds to synchronously load lazily loaded font '../../../Engine/Content/Slate/Fonts/Roboto-Bold.ttf' (160K)
[2017.04.28-16.46.01:847][  0]LogSlate: Took 0.000558 seconds to synchronously load lazily loaded font '../../../Engine/Content/Editor/Slate/Fonts/FontAwesome.ttf' (139K)
[2017.04.28-16.46.02:026][  0]LogSlate: Took 0.000215 seconds to synchronously load lazily loaded font '../../../Engine/Content/Slate/Fonts/Roboto-Light.ttf' (159K)
[2017.04.28-16.46.02:140][  1]LogRenderer: Reallocating scene render targets to support 1068x628 NumSamples 1 (Frame:2).
[2017.04.28-16.46.02:474][  2]LogAssetRegistry: Asset discovery search completed in 14.4060 seconds
[2017.04.28-16.46.02:474][  2]LogCollectionManager: Rebuilt the object cache for 1 collections in 0.000009 seconds (found 0 objects)
[2017.04.28-16.46.02:474][  2]LogCollectionManager: Fixed up redirectors for 1 collections in 0.000036 seconds (updated 0 objects)
[2017.04.28-16.46.13:460][210]LogSlate: Took 0.000334 seconds to synchronously load lazily loaded font '../../../Engine/Content/Slate/Fonts/Roboto-Light.ttf' (159K)
[2017.04.28-16.46.14:020][210]LogSlate: Took 0.000212 seconds to synchronously load lazily loaded font '../../../Engine/Content/Slate/Fonts/Roboto-Regular.ttf' (155K)
[2017.04.28-16.46.14:161][210]LogContentBrowser: Native class hierarchy updated for 'BlueprintGraph' in 0.0044 seconds. Added 112 classes and 0 folders.
[2017.04.28-16.46.15:238][210]LogSlate: Took 0.000679 seconds to synchronously load lazily loaded font '../../../Engine/Content/Editor/Slate/Fonts/Roboto-BoldCondensed.ttf' (158K)
[2017.04.28-16.46.15:329][211]LogSlate: Took 0.000545 seconds to synchronously load lazily loaded font '../../../Engine/Content/Editor/Slate/Fonts/Roboto-Italic.ttf' (157K)
[2017.04.28-16.49.48:742][995]LogEditorTransaction: Undo Move Node
[2017.04.28-16.49.48:807][995]LogSlate: Took 0.000219 seconds to synchronously load lazily loaded font '../../../Engine/Content/Slate/Fonts/Roboto-Light.ttf' (159K)
[2017.04.28-16.50.25:278][380]BlueprintLog: New page: Compile Tank_BP
[2017.04.28-16.50.26:141][397]Cmd: OBJ SAVEPACKAGE PACKAGE="/Game/Tank/Tank_BP" FILE="../../../../../../Users/Sarah/Documents/Unreal Projects/04_BattleTank/BattleTank/Content/Tank/Tank_BP.uasset" SILENT=true
[2017.04.28-16.50.26:247][397]LogSavePackage: Save=67.55ms
[2017.04.28-16.50.26:247][397]LogSavePackage: Moving '../../../../../../Users/Sarah/Documents/Unreal Projects/04_BattleTank/BattleTank/Saved/Tank_BPD64E59F54BB885DDCE8B40A7DEF5979D.tmp' to '../../../../../../Users/Sarah/Documents/Unreal Projects/04_BattleTank/BattleTank/Content/Tank/Tank_BP.uasset'
[2017.04.28-16.50.26:252][397]LogSavePackage:Display: Finished SavePackage ../../../../../../Users/Sarah/Documents/Unreal Projects/04_BattleTank/BattleTank/Content/Tank/Tank_BP.uasset
[2017.04.28-16.51.15:462][361]LogRenderer: Reallocating scene render targets to support 1068x668 NumSamples 1 (Frame:5599).
[2017.04.28-16.51.41:619][979]BlueprintLog: New page: Compile Tank_BP
[2017.04.28-16.51.42:416][990]Cmd: OBJ SAVEPACKAGE PACKAGE="/Game/Tank/Tank_BP" FILE="../../../../../../Users/Sarah/Documents/Unreal Projects/04_BattleTank/BattleTank/Content/Tank/Tank_BP.uasset" SILENT=true
[2017.04.28-16.51.42:503][990]LogSavePackage: Save=58.11ms
[2017.04.28-16.51.42:503][990]LogSavePackage: Moving '../../../../../../Users/Sarah/Documents/Unreal Projects/04_BattleTank/BattleTank/Saved/Tank_BP29EC120C422E9E7E007B54A4D39D8131.tmp' to '../../../../../../Users/Sarah/Documents/Unreal Projects/04_BattleTank/BattleTank/Content/Tank/Tank_BP.uasset'
[2017.04.28-16.51.42:512][990]LogSavePackage:Display: Finished SavePackage ../../../../../../Users/Sarah/Documents/Unreal Projects/04_BattleTank/BattleTank/Content/Tank/Tank_BP.uasset
[2017.04.28-16.54.00:407][635]Recompiling BattleTank...
[2017.04.28-16.54.00:407][635]Launching UnrealBuildTool... [C:/Program Files/Epic Games/UE_4.15/Engine/Binaries/DotNET/UnrealBuildTool.exe BattleTank -ModuleWithSuffix BattleTank 8380 Win64 Development -editorrecompile -canskiplink "C:/Users/Sarah/Documents/Unreal Projects/04_BattleTank/BattleTank/BattleTank.uproject" ]
[2017.04.28-16.54.00:409][635]Warning: Starting HotReload took  0.1s.
[2017.04.28-16.54.14:586][785]CompilerResultsLog: New page: Compilation - Apr 28, 2017, 6:54:14 PM
[2017.04.28-16.54.14:587][785]CompilerResultsLog: Info Compiling game modules for hot reload
[2017.04.28-16.54.14:587][785]CompilerResultsLog: Info Performing 4 actions (4 in parallel)
[2017.04.28-16.54.14:587][785]CompilerResultsLog: Info TankAimingComponent.cpp
[2017.04.28-16.54.14:587][785]CompilerResultsLog: Info Tank.cpp
[2017.04.28-16.54.14:587][785]CompilerResultsLog: Info [3/4] Link UE4Editor-BattleTank-8380.dll
[2017.04.28-16.54.14:587][785]CompilerResultsLog: Info [4/4] Link UE4Editor-BattleTank-8380.lib
[2017.04.28-16.54.14:587][785]CompilerResultsLog: Info    Creating library C:\Users\Sarah\Documents\Unreal Projects\04_BattleTank\BattleTank\Intermediate\Build\Win64\UE4Editor\Development\UE4Editor-BattleTank-8380.lib and object C:\Users\Sarah\Documents\Unreal Projects\04_BattleTank\BattleTank\Intermediate\Build\Win64\UE4Editor\Development\UE4Editor-BattleTank-8380.exp
[2017.04.28-16.54.14:587][785]CompilerResultsLog: Info    Creating library C:\Users\Sarah\Documents\Unreal Projects\04_BattleTank\BattleTank\Intermediate\Build\Win64\UE4Editor\Development\UE4Editor-BattleTank-8380.suppressed.lib and object C:\Users\Sarah\Documents\Unreal Projects\04_BattleTank\BattleTank\Intermediate\Build\Win64\UE4Editor\Development\UE4Editor-BattleTank-8380.suppressed.exp
[2017.04.28-16.54.14:587][785]CompilerResultsLog: Info Total build time: 13.81 seconds (Local executor: 12.29 seconds)
[2017.04.28-16.54.14:587][785]LogMainFrame: MainFrame: Module compiling took 14.187 seconds
[2017.04.28-16.54.14:763][785]LogClass: EFiringStatus HotReload.
[2017.04.28-16.54.14:774][785]LogContentBrowser: Native class hierarchy updated for 'BattleTank' in 0.0050 seconds. Added 11 classes and 3 folders.
[2017.04.28-16.54.14:777][785]Display: HotReload successful (5 functions remapped  0 scriptstructs remapped)
[2017.04.28-16.54.15:308][785]LogContentBrowser: Native class hierarchy populated in 0.0168 seconds. Added 2257 classes and 457 folders.
[2017.04.28-16.54.15:308][785]Display: HotReload took 15.0s.
[2017.04.28-16.54.19:109][823]LogTemp: Repeting last play command: Selected Viewport
[2017.04.28-16.54.19:155][823]LogBlueprintUserMessages: Early PlayInEditor Detection: Level '/Game/Levels/BattleGround.BattleGround:PersistentLevel' has LevelScriptBlueprint '/Game/Levels/BattleGround.BattleGround:PersistentLevel.BattleGround' with GeneratedClass '/Game/Levels/BattleGround.BattleGround_C' with ClassGeneratedBy '/Game/Levels/BattleGround.BattleGround:PersistentLevel.BattleGround'
[2017.04.28-16.54.19:157][823]LogPlayLevel: PlayLevel: No blueprints needed recompiling
[2017.04.28-16.54.19:160][823]PIE: New page: PIE session: BattleGround (Apr 28, 2017, 6:54:19 PM)
[2017.04.28-16.54.19:161][823]LogPlayLevel: Creating play world package: /Game/Levels/UEDPIE_0_BattleGround
[2017.04.28-16.54.19:233][823]LogPlayLevel: PIE: StaticDuplicateObject took: (0.072456s)
[2017.04.28-16.54.19:234][823]LogAIModule: Creating AISystem for world BattleGround
[2017.04.28-16.54.19:235][823]LogPlayLevel: PIE: World Init took: (0.001434s)
[2017.04.28-16.54.19:236][823]LogPlayLevel: PIE: Created PIE world by copying editor world from /Game/Levels/BattleGround.BattleGround to /Game/Levels/UEDPIE_0_BattleGround.BattleGround (0.075584s)
[2017.04.28-16.54.19:335][823]LogInit: XAudio2 using 'Speakers (2- High Definition Audio Device)' : 2 channels at 44.1 kHz using 16 bits per sample (channel mask 0x3)
[2017.04.28-16.54.19:348][823]LogInit: FAudioDevice initialized.
[2017.04.28-16.54.19:419][823]LogLoad: Game class is 'BattleTankGameMode_BP_C'
[2017.04.28-16.54.19:429][823]LogWorld: Bringing World /Game/Levels/UEDPIE_0_BattleGround.BattleGround up for play (max tick rate 0) at 2017.04.28-17.54.19
[2017.04.28-16.54.19:437][823]LogWorld: Bringing up level for play took: 0.016081
[2017.04.28-16.54.19:543][823]LogContentBrowser: Native class hierarchy updated for 'MovieSceneCapture' in 0.0039 seconds. Added 11 classes and 0 folders.
[2017.04.28-16.54.19:556][823]PIE: Info Play in editor start time for /Game/Levels/UEDPIE_0_BattleGround 1.148
[2017.04.28-16.54.19:557][823]LogBlueprintUserMessages: Late PlayInEditor Detection: Level '/Game/Levels/BattleGround.BattleGround:PersistentLevel' has LevelScriptBlueprint '/Game/Levels/BattleGround.BattleGround:PersistentLevel.BattleGround' with GeneratedClass '/Game/Levels/BattleGround.BattleGround_C' with ClassGeneratedBy '/Game/Levels/BattleGround.BattleGround:PersistentLevel.BattleGround'
