Log file open, 04/19/17 15:48:46
LogInit:Display: Running engine for game: BattleTank
LogPlatformFile: Not using cached read wrapper
LogInit:Display: RandInit(1282022683) SRandInit(1282022683).
LogTaskGraph: Started task graph with 5 named threads and 8 total threads with 1 sets of task threads.
LogStats: Stats thread started at 0.073191
LogInit: Using libcurl 7.47.1
LogInit:  - built for x86_64-pc-win32
LogInit:  - supports SSL with OpenSSL/1.0.2g
LogInit:  - supports HTTP deflate (compression) using libz 1.2.8
LogInit:  - other features:
LogInit:      CURL_VERSION_SSL
LogInit:      CURL_VERSION_LIBZ
LogInit:      CURL_VERSION_IPV6
LogInit:      CURL_VERSION_ASYNCHDNS
LogInit:      CURL_VERSION_LARGEFILE
LogInit:      CURL_VERSION_IDN
LogInit:  CurlRequestOptions (configurable via config and command line):
LogInit:  - bVerifyPeer = false  - Libcurl will NOT verify peer certificate
LogInit:  - bUseHttpProxy = false  - Libcurl will NOT use HTTP proxy
LogInit:  - bDontReuseConnections = false  - Libcurl will reuse connections
LogInit:  - CertBundlePath = nullptr  - Libcurl will use whatever was configured at build time.
LogInit: Build: ++UE4+Release-4.15-CL-3348071
LogInit: Engine Version: 4.15.1-3348071+++UE4+Release-4.15
LogInit: Compatible Engine Version: 4.15.0-3299760+++UE4+Release-4.15
LogInit: Net CL: 3299760
LogDevObjectVersion: Number of dev versions registered: 14
LogDevObjectVersion:   Dev-Blueprints (B0D832E4-1F89-4F0D-ACCF-7EB736FD4AA2): 8
LogDevObjectVersion:   Dev-Build (E1C64328-A22C-4D53-A36C-8E866417BD8C): 0
LogDevObjectVersion:   Dev-Core (375EC13C-06E4-48FB-B500-84F0262A717E): 2
LogDevObjectVersion:   Dev-Editor (E4B068ED-F494-42E9-A231-DA0B2E46BB41): 14
LogDevObjectVersion:   Dev-Framework (CFFC743F-43B0-4480-9391-14DF171D2073): 22
LogDevObjectVersion:   Dev-Mobile (B02B49B5-BB20-44E9-A304-32B752E40360): 0
LogDevObjectVersion:   Dev-Networking (A4E4105C-59A1-49B5-A7C5-40C4547EDFEE): 0
LogDevObjectVersion:   Dev-Online (39C831C9-5AE6-47DC-9A44-9C173E1C8E7C): 0
LogDevObjectVersion:   Dev-Physics (78F01B33-EBEA-4F98-B9B4-84EACCB95AA2): 0
LogDevObjectVersion:   Dev-Platform (6631380F-2D4D-43E0-8009-CF276956A95A): 0
LogDevObjectVersion:   Dev-Rendering (12F88B9F-8875-4AFC-A67C-D90C383ABD29): 12
LogDevObjectVersion:   Dev-Sequencer (7B5AE74C-D270-4C10-A958-57980B212A5A): 3
LogDevObjectVersion:   Dev-VR (D7296918-1DD6-4BDD-9DE2-64A83CC13884): 0
LogDevObjectVersion:   Dev-LoadTimes (C2A15278-BFE7-4AFE-6C17-90FF531DF755): 1
LogInit: Compiled (64-bit): Mar 15 2017 16:52:47
LogInit: Compiled with Visual C++: 19.00.23026.00
LogInit: Build Configuration: Development
LogInit: Branch Name: ++UE4+Release-4.15
LogInit: Command line: 
LogInit: Base directory: C:/Program Files/Epic Games/UE_4.15/Engine/Binaries/Win64/
LogInit: Installed Engine Build: 1
LogInit: Presizing for max 8388607 objects, including 0 objects not considered by GC, pre-allocating 0 bytes for permanent pool.
LogInit: Object subsystem initialized
[2017.04.19-14.48.46:680][  0]LogInit: Selected Device Profile: [Windows]
[2017.04.19-14.48.46:680][  0]LogInit: Applying CVar settings loaded from the selected device profile: [Windows]
[2017.04.19-14.48.46:688][  0]LogInit: Computer: DESKTOP-7RIOMGQ
[2017.04.19-14.48.46:688][  0]LogInit: User: Ed
[2017.04.19-14.48.46:688][  0]LogInit: CPU Page size=65536, Cores=4
[2017.04.19-14.48.46:688][  0]LogInit: High frequency timer resolution =3.421869 MHz
[2017.04.19-14.48.46:688][  0]LogMemory: Memory total: Physical=16.0GB (16GB approx)
[2017.04.19-14.48.46:688][  0]LogMemory: Platform Memory Stats for Windows
[2017.04.19-14.48.46:688][  0]LogMemory: Process Physical Memory: 263.23 MB used, 263.23 MB peak
[2017.04.19-14.48.46:688][  0]LogMemory: Process Virtual Memory: 262.40 MB used, 262.40 MB peak
[2017.04.19-14.48.46:688][  0]LogMemory: Physical Memory: 5241.88 MB used,  11099.10 MB free, 16340.98 MB total
[2017.04.19-14.48.46:688][  0]LogMemory: Virtual Memory: 643.96 MB used,  11099.10 MB free, 134217728.00 MB total
[2017.04.19-14.48.46:742][  0]LogTextLocalizationManager: No specific translations for ('en-GB') exist, so ('en') translations will be used.
[2017.04.19-14.48.47:163][  0]LogD3D11RHI: D3D11 adapters:
[2017.04.19-14.48.47:179][  0]LogD3D11RHI:    0. 'Radeon (TM) RX 480 Graphics' (Feature Level 11_0)
[2017.04.19-14.48.47:179][  0]LogD3D11RHI:       8140/0/8170 MB DedicatedVideo/DedicatedSystem/SharedSystem, Outputs:1, VendorId:0x1002
[2017.04.19-14.48.47:179][  0]LogD3D11RHI:    1. 'Microsoft Basic Render Driver' (Feature Level 11_0)
[2017.04.19-14.48.47:179][  0]LogD3D11RHI:       0/0/8170 MB DedicatedVideo/DedicatedSystem/SharedSystem, Outputs:0, VendorId:0x1414
[2017.04.19-14.48.47:179][  0]LogD3D11RHI: Chosen D3D11 Adapter: 0
[2017.04.19-14.48.47:183][  0]LogD3D11RHI: Creating new Direct3DDevice
[2017.04.19-14.48.47:183][  0]LogD3D11RHI:     GPU DeviceId: 0x67df (for the marketing name, search the web for "GPU Device Id")
[2017.04.19-14.48.47:183][  0]LogWindows: EnumDisplayDevices:
[2017.04.19-14.48.47:183][  0]LogWindows:    0. 'Radeon (TM) RX 480 Graphics' (P:1 D:1)
[2017.04.19-14.48.47:183][  0]LogWindows:    1. 'Radeon (TM) RX 480 Graphics' (P:0 D:0)
[2017.04.19-14.48.47:183][  0]LogWindows:    2. 'Radeon (TM) RX 480 Graphics' (P:0 D:0)
[2017.04.19-14.48.47:183][  0]LogWindows:    3. 'Radeon (TM) RX 480 Graphics' (P:0 D:0)
[2017.04.19-14.48.47:183][  0]LogWindows:    4. 'Radeon (TM) RX 480 Graphics' (P:0 D:0)
[2017.04.19-14.48.47:183][  0]LogWindows:    5. 'Radeon (TM) RX 480 Graphics' (P:0 D:0)
[2017.04.19-14.48.47:184][  0]LogWindows: DebugString: FoundDriverCount:6 
[2017.04.19-14.48.47:184][  0]LogD3D11RHI:     Adapter Name: Radeon (TM) RX 480 Graphics
[2017.04.19-14.48.47:184][  0]LogD3D11RHI:   Driver Version: Crimson 16.7.2 (internal:16.200.1035.1001, unified:16.200.1035.1001)
[2017.04.19-14.48.47:184][  0]LogD3D11RHI:      Driver Date: 7-8-2016
[2017.04.19-14.48.47:184][  0]LogRHI: Texture pool is 1361 MB (70% of 1945 MB)
[2017.04.19-14.48.47:228][  0]LogD3D11RHI: Async texture creation enabled
[2017.04.19-14.48.47:237][  0]LogD3D11RHI: GPU Timing Frequency: 25.000000 (Debug: 2 1)
[2017.04.19-14.48.47:237][  0]LogShaderCompilers: Guid format shader working directory is -35 characters bigger than the processId version (../../../../../../Users/Ed/Documents/Unreal Projects/04_BattleTank/BattleTank/Intermediate/Shaders/WorkingDirectory/15960/).
[2017.04.19-14.48.47:237][  0]LogShaderCompilers: Cleaned the shader compiler working directory 'C:/Users/Ed/AppData/Local/Temp/UnrealShaderWorkingDir/BE305F86477E7612BC528EB5B320FE17/'.
[2017.04.19-14.48.47:237][  0]LogShaderCompilers:Display: Using Local Shader Compiler.
[2017.04.19-14.48.47:978][  0]LogTemp:Display: Loaded TP AllDesktopTargetPlatform
[2017.04.19-14.48.48:016][  0]LogTemp:Display: Loaded TP MacClientTargetPlatform
[2017.04.19-14.48.48:054][  0]LogTemp:Display: Loaded TP MacNoEditorTargetPlatform
[2017.04.19-14.48.48:092][  0]LogTemp:Display: Loaded TP MacServerTargetPlatform
[2017.04.19-14.48.48:130][  0]LogTemp:Display: Loaded TP MacTargetPlatform
[2017.04.19-14.48.48:168][  0]LogTemp:Display: Loaded TP WindowsClientTargetPlatform
[2017.04.19-14.48.48:206][  0]LogTemp:Display: Loaded TP WindowsNoEditorTargetPlatform
[2017.04.19-14.48.48:243][  0]LogTemp:Display: Loaded TP WindowsServerTargetPlatform
[2017.04.19-14.48.48:274][  0]LogTemp:Display: Loaded TP WindowsTargetPlatform
[2017.04.19-14.48.48:312][  0]LogTemp:Display: Loaded TP AndroidTargetPlatform
[2017.04.19-14.48.48:349][  0]LogTemp:Display: Loaded TP Android_ASTCTargetPlatform
[2017.04.19-14.48.48:386][  0]LogTemp:Display: Loaded TP Android_ATCTargetPlatform
[2017.04.19-14.48.48:423][  0]LogTemp:Display: Loaded TP Android_DXTTargetPlatform
[2017.04.19-14.48.48:461][  0]LogTemp:Display: Loaded TP Android_ETC1TargetPlatform
[2017.04.19-14.48.48:498][  0]LogTemp:Display: Loaded TP Android_ETC2TargetPlatform
[2017.04.19-14.48.48:578][  0]LogTemp:Display: Loaded TP Android_MultiTargetPlatform
[2017.04.19-14.48.48:578][  0]LogTemp:Display: Loaded TP Android_PVRTCTargetPlatform
[2017.04.19-14.48.48:604][  0]LogTemp:Display: Loaded TP HTML5TargetPlatform
[2017.04.19-14.48.48:677][  0]LogTemp:Display: Loaded TP IOSTargetPlatform
[2017.04.19-14.48.48:701][  0]LogTemp:Display: Loaded TP TVOSTargetPlatform
[2017.04.19-14.48.48:737][  0]LogTemp:Display: Loaded TP LinuxClientTargetPlatform
[2017.04.19-14.48.48:774][  0]LogTemp:Display: Loaded TP LinuxNoEditorTargetPlatform
[2017.04.19-14.48.48:810][  0]LogTemp:Display: Loaded TP LinuxServerTargetPlatform
[2017.04.19-14.48.48:847][  0]LogTemp:Display: Loaded TP LinuxTargetPlatform
[2017.04.19-14.48.48:847][  0]LogTargetPlatformManager:Display: Building Assets For Windows
[2017.04.19-14.48.49:140][  0]LogDerivedDataCache:Display: Max Cache Size: 512 MB
[2017.04.19-14.48.49:177][  0]LogDerivedDataCache: Loaded boot cache 0.04s 50MB C:/Users/Ed/AppData/Local/UnrealEngine/4.15/DerivedDataCache/Boot.ddc.
[2017.04.19-14.48.49:177][  0]LogDerivedDataCache:Display: Loaded Boot cache: C:/Users/Ed/AppData/Local/UnrealEngine/4.15/DerivedDataCache/Boot.ddc
[2017.04.19-14.48.49:177][  0]LogDerivedDataCache: FDerivedDataBackendGraph:  Pak pak cache file ../../../../../../Users/Ed/Documents/Unreal Projects/04_BattleTank/BattleTank/DerivedDataCache/DDC.ddp not found, will not use a pak cache.
[2017.04.19-14.48.49:177][  0]LogDerivedDataCache: Unable to find inner node Pak for hierarchical cache Hierarchy.
[2017.04.19-14.48.49:177][  0]LogDerivedDataCache: FDerivedDataBackendGraph:  CompressedPak pak cache file ../../../../../../Users/Ed/Documents/Unreal Projects/04_BattleTank/BattleTank/DerivedDataCache/Compressed.ddp not found, will not use a pak cache.
[2017.04.19-14.48.49:177][  0]LogDerivedDataCache: Unable to find inner node CompressedPak for hierarchical cache Hierarchy.
[2017.04.19-14.48.49:190][  0]LogDerivedDataCache:Display: Pak cache opened for reading ../../../Engine/DerivedDataCache/Compressed.ddp.
[2017.04.19-14.48.49:202][  0]LogDerivedDataCache: Using Local data cache path C:/Users/Ed/AppData/Local/UnrealEngine/Common/DerivedDataCache: Writable
[2017.04.19-14.48.49:208][  0]LogSlate: Using Freetype 2.6.0
[2017.04.19-14.48.49:209][  0]LogSlate: SlateFontCache - WITH_FREETYPE: 1, WITH_HARFBUZZ: 1
[2017.04.19-14.48.49:209][  0]LogSlate: SlateFontCache - WITH_FREETYPE: 1, WITH_HARFBUZZ: 1
[2017.04.19-14.48.49:389][  0]LogInit: Selected Device Profile: [Windows]
[2017.04.19-14.48.49:391][  0]LogContentStreaming: Texture pool size is 0.00 MB
[2017.04.19-14.48.49:532][  0]LogMeshUtilities: Using QuadricMeshReduction for automatic static mesh reduction
[2017.04.19-14.48.49:560][  0]LogSimplygon: Simplygon DLL not present - disabling.
[2017.04.19-14.48.49:593][  0]LogMeshUtilities: Using SimplygonSwarm for distributed automatic mesh merging
[2017.04.19-14.48.49:593][  0]LogMeshUtilities: No automatic skeletal mesh reduction module available
[2017.04.19-14.48.49:593][  0]LogMeshUtilities: No automatic mesh merging module available
[2017.04.19-14.48.49:957][  0]LogNetVersion: GetLocalNetworkVersion: CL: 3299760, ProjectName: battletank, ProjectVersion: , EngineNetworkVersion: 2, GameNetworkVersion: 0, NetworkChecksum: 2512795372
[2017.04.19-14.48.49:994][  0]LogAssetRegistry: FAssetRegistry took 0.0213 seconds to start up
[2017.04.19-14.48.50:028][  0]LogPackageLocalizationCache: Processed 3 localized package path(s) for 2 prioritized culture(s) in 0.020456 seconds
[2017.04.19-14.48.50:032][  0]LogUObjectArray: 32493 objects as part of root set at end of initial load.
[2017.04.19-14.48.50:032][  0]LogUObjectAllocator: 7077032 out of 0 bytes used by permanent object pool.
[2017.04.19-14.48.50:032][  0]LogUObjectArray: CloseDisregardForGC: 0/0 objects in disregard for GC pool
[2017.04.19-14.48.50:073][  0]LogInit: WinSock: version 1.1 (2.2), MaxSocks=32767, MaxUdp=65467
[2017.04.19-14.48.51:143][  0]LogTcpMessaging: Initializing TcpMessaging bridge
[2017.04.19-14.48.51:174][  0]LogUdpMessaging: Initializing bridge on interface 0.0.0.0:0 to multicast group 230.0.0.1:6666.
[2017.04.19-14.48.51:527][  0]LogMaterial: Uniform references updated for custom material expression Custom.
[2017.04.19-14.48.51:780][  0]SourceControl: Info Source control is disabled
[2017.04.19-14.48.51:801][  0]SourceControl: Info Source control is disabled
[2017.04.19-14.48.51:839][  0]SourceControl: Info Source control is disabled
[2017.04.19-14.48.51:872][  0]SourceControl: Info Source control is disabled
[2017.04.19-14.48.52:705][  0]LogEngine: Initializing Engine...
[2017.04.19-14.48.52:705][  0]LogHMD: Failed to initialize OpenVR with code 110
[2017.04.19-14.48.52:862][  0]LogAIModule: Creating AISystem for world Untitled
[2017.04.19-14.48.52:869][  0]LogInit: XAudio2 using '1 - Acer XR341CK (AMD High Definition Audio Device)' : 2 channels at 48 kHz using 16 bits per sample (channel mask 0x3)
[2017.04.19-14.48.52:877][  0]LogInit: FAudioDevice initialized.
[2017.04.19-14.48.52:894][  0]LogDerivedDataCache: Saved boot cache 0.02s 50MB C:/Users/Ed/AppData/Local/UnrealEngine/4.15/DerivedDataCache/Boot.ddc.
[2017.04.19-14.48.52:901][  0]LogInit: Texture streaming: Enabled
[2017.04.19-14.48.52:972][  0]LogEngineSessionManager: EngineSessionManager initialized
[2017.04.19-14.48.52:972][  0]LogEngineSessionManager: EngineSessionManager sent abnormal shutdown report. Type=Crashed, SessionId={3A8216EE-4B75-D08A-C061-F0A10CCD3335}
[2017.04.19-14.48.53:028][  0]LogInit: Transaction tracking system initialized
[2017.04.19-14.48.53:250][  0]BlueprintLog: New page: Editor Load
[2017.04.19-14.48.53:813][  0]LocalizationService: Info Localization service is disabled
[2017.04.19-14.48.54:258][  0]LogConsoleResponse:Display: 
[2017.04.19-14.48.54:342][  0]LogCook:Display: Max memory allowance for cook 16384mb min free memory 0mb
[2017.04.19-14.48.54:342][  0]LogCook:Display: Mobile HDR setting 1
[2017.04.19-14.48.54:988][  0]LogFileCache: Scanning file cache for directory 'C:/Users/Ed/Documents/Unreal Projects/04_BattleTank/BattleTank/Content/' took 0.01s
[2017.04.19-14.48.55:017][  0]SourceControl: Info Source control is disabled
[2017.04.19-14.48.55:017][  0]Cmd: MAP LOAD FILE="../../../../../../Users/Ed/Documents/Unreal Projects/04_BattleTank/BattleTank/Content/Levels/BattleGround.umap" TEMPLATE=0 SHOWPROGRESS=1 FEATURELEVEL=3
[2017.04.19-14.48.55:017][  0]LightingResults: New page: Lighting Build
[2017.04.19-14.48.55:043][  0]MapCheck: New page: Map Check
[2017.04.19-14.48.55:043][  0]LightingResults: New page: Lighting Build
[2017.04.19-14.48.55:261][  0]LogAIModule: Creating AISystem for world BattleGround
[2017.04.19-14.48.55:296][  0]LogEditorServer: Finished looking for orphan Actors (0.000 secs)
[2017.04.19-14.48.55:296][  0]Cmd: MAP CHECKDEP NOCLEARLOG
[2017.04.19-14.48.55:323][  0]MapCheck: Info Map check complete: 0 Error(s), 0 Warning(s), took 26.732ms to complete.
[2017.04.19-14.48.55:323][  0]LogFileHelpers: Loading map 'BattleGround' took 0.306
[2017.04.19-14.48.55:471][  0]LogCollectionManager: Loaded 1 collections in 0.001046 seconds
[2017.04.19-14.48.55:534][  0]LogFileCache: Scanning file cache for directory 'C:/Users/Ed/Documents/Unreal Projects/04_BattleTank/BattleTank/Saved/Collections/' took 0.01s
[2017.04.19-14.48.55:534][  0]LogFileCache: Scanning file cache for directory 'C:/Users/Ed/Documents/Unreal Projects/04_BattleTank/BattleTank/Content/Developers/Ed/Collections/' took 0.01s
[2017.04.19-14.48.55:534][  0]LogFileCache: Scanning file cache for directory 'C:/Users/Ed/Documents/Unreal Projects/04_BattleTank/BattleTank/Content/Collections/' took 0.01s
[2017.04.19-14.48.55:534][  0]LogCollectionManager: Rebuilt the GUID cache for 1 collections in 0.000002 seconds
[2017.04.19-14.48.55:534][  0]LogCollectionManager: Rebuilt the hierarchy cache for 1 collections in 0.000000 seconds
[2017.04.19-14.48.55:541][  0]LogContentBrowser: Native class hierarchy populated in 0.0070 seconds. Added 2250 classes and 456 folders.
[2017.04.19-14.48.55:543][  0]LogStats: UGameplayTagsManager::ConstructGameplayTagTree: Construct from data asset -  0.000 s
[2017.04.19-14.48.55:543][  0]LogStats: UGameplayTagsManager::ConstructGameplayTagTree: GameplayTagTreeChangedEvent.Broadcast -  0.000 s
[2017.04.19-14.48.55:584][  0]LogContentBrowser: Native class hierarchy updated for 'WidgetCarousel' in 0.0013 seconds. Added 0 classes and 0 folders.
[2017.04.19-14.48.55:608][  0]LogContentBrowser: Native class hierarchy updated for 'AddContentDialog' in 0.0013 seconds. Added 0 classes and 0 folders.
[2017.04.19-14.48.55:637][  0]LogContentBrowser: Native class hierarchy updated for 'SceneOutliner' in 0.0013 seconds. Added 1 classes and 2 folders.
[2017.04.19-14.48.55:657][  0]LogCrashTracker: Crashtracker disabled due to settings.
[2017.04.19-14.48.55:661][  0]LogUObjectGlobals:Warning: Failed to find object 'Class None.'
[2017.04.19-14.48.55:710][  0]LogContentBrowser: Native class hierarchy updated for 'HierarchicalLODOutliner' in 0.0014 seconds. Added 1 classes and 2 folders.
[2017.04.19-14.48.55:711][  0]LogLoad: (Engine Initialization) Total time: 10.47 seconds
[2017.04.19-14.48.55:711][  0]LogLoad: (Engine Initialization) Total Blueprint compile time: 0.08 seconds
[2017.04.19-14.48.55:711][  0]LogExternalProfiler: No external profilers were discovered.  External profiling features will not be available.
[2017.04.19-14.48.56:050][  0]LogOcInput: OculusInput pre-init called
[2017.04.19-14.48.56:062][  0]LogAssetRegistry: Asset discovery search completed in 6.0898 seconds
[2017.04.19-14.48.56:062][  0]LogCollectionManager: Rebuilt the object cache for 1 collections in 0.000003 seconds (found 0 objects)
[2017.04.19-14.48.56:062][  0]LogCollectionManager: Fixed up redirectors for 1 collections in 0.000016 seconds (updated 0 objects)
[2017.04.19-14.48.56:066][  0]LogContentStreaming: Texture pool size now 1000 MB
[2017.04.19-14.48.56:072][  0]LogSlate: Took 0.000133 seconds to synchronously load lazily loaded font '../../../Engine/Content/Slate/Fonts/Roboto-Regular.ttf' (155K)
[2017.04.19-14.48.56:075][  0]LogSlate: Took 0.000146 seconds to synchronously load lazily loaded font '../../../Engine/Content/Slate/Fonts/Roboto-Bold.ttf' (160K)
[2017.04.19-14.48.56:078][  0]LogSlate: Took 0.000097 seconds to synchronously load lazily loaded font '../../../Engine/Content/Editor/Slate/Fonts/FontAwesome.ttf' (139K)
[2017.04.19-14.48.56:079][  0]LogSlate: Took 0.000072 seconds to synchronously load lazily loaded font '../../../Engine/Content/Editor/Slate/Fonts/DroidSansMono.ttf' (77K)
[2017.04.19-14.48.56:398][  2]LogRenderer: Reallocating scene render targets to support 872x676 NumSamples 1 (Frame:2).
[2017.04.19-14.49.27:397][562]Recompiling BattleTank...
[2017.04.19-14.49.27:397][562]Launching UnrealBuildTool... [C:/Program Files/Epic Games/UE_4.15/Engine/Binaries/DotNET/UnrealBuildTool.exe BattleTank -ModuleWithSuffix BattleTank 74 Win64 Development -editorrecompile -canskiplink "C:/Users/Ed/Documents/Unreal Projects/04_BattleTank/BattleTank/BattleTank.uproject" ]
[2017.04.19-14.49.27:398][562]Warning: Starting HotReload took  0.0s.
[2017.04.19-14.49.32:008][839]CompilerResultsLog: New page: Compilation - 19 Apr 2017 16:49:32
[2017.04.19-14.49.32:009][839]CompilerResultsLog: Info Compiling game modules for hot reload
[2017.04.19-14.49.32:009][839]CompilerResultsLog: Info Performing 3 actions (4 in parallel)
[2017.04.19-14.49.32:009][839]CompilerResultsLog: Info TankAIController.cpp
[2017.04.19-14.49.32:009][839]CompilerResultsLog: Info [2/3] Link UE4Editor-BattleTank-74.dll
[2017.04.19-14.49.32:009][839]CompilerResultsLog: Info [3/3] Link UE4Editor-BattleTank-74.lib
[2017.04.19-14.49.32:009][839]CompilerResultsLog: Info    Creating library C:\Users\Ed\Documents\Unreal Projects\04_BattleTank\BattleTank\Intermediate\Build\Win64\UE4Editor\Development\UE4Editor-BattleTank-74.lib and object C:\Users\Ed\Documents\Unreal Projects\04_BattleTank\BattleTank\Intermediate\Build\Win64\UE4Editor\Development\UE4Editor-BattleTank-74.exp
[2017.04.19-14.49.32:009][839]CompilerResultsLog: Info    Creating library C:\Users\Ed\Documents\Unreal Projects\04_BattleTank\BattleTank\Intermediate\Build\Win64\UE4Editor\Development\UE4Editor-BattleTank-74.suppressed.lib and object C:\Users\Ed\Documents\Unreal Projects\04_BattleTank\BattleTank\Intermediate\Build\Win64\UE4Editor\Development\UE4Editor-BattleTank-74.suppressed.exp
[2017.04.19-14.49.32:009][839]CompilerResultsLog: Info Total build time: 4.30 seconds (Local executor: 2.03 seconds)
[2017.04.19-14.49.32:009][839]LogMainFrame: MainFrame: Module compiling took 4.616 seconds
[2017.04.19-14.49.32:057][839]LogContentBrowser: Native class hierarchy updated for 'BattleTank' in 0.0013 seconds. Added 5 classes and 3 folders.
[2017.04.19-14.49.32:058][839]Display: HotReload successful (0 functions remapped  0 scriptstructs remapped)
[2017.04.19-14.49.32:109][839]LogContentBrowser: Native class hierarchy populated in 0.0074 seconds. Added 2252 classes and 460 folders.
[2017.04.19-14.49.32:112][839]Display: HotReload took  4.7s.
[2017.04.19-14.51.02:011][109]Recompiling BattleTank...
[2017.04.19-14.51.02:011][109]Launching UnrealBuildTool... [C:/Program Files/Epic Games/UE_4.15/Engine/Binaries/DotNET/UnrealBuildTool.exe BattleTank -ModuleWithSuffix BattleTank 2022 Win64 Development -editorrecompile -canskiplink "C:/Users/Ed/Documents/Unreal Projects/04_BattleTank/BattleTank/BattleTank.uproject" ]
[2017.04.19-14.51.02:012][109]Warning: Starting HotReload took  0.0s.
[2017.04.19-14.51.06:600][657]CompilerResultsLog: New page: Compilation - 19 Apr 2017 16:51:06
[2017.04.19-14.51.06:600][657]CompilerResultsLog: Info Compiling game modules for hot reload
[2017.04.19-14.51.06:600][657]CompilerResultsLog: Info Performing 3 actions (4 in parallel)
[2017.04.19-14.51.06:600][657]CompilerResultsLog: Info TankAIController.cpp
[2017.04.19-14.51.06:600][657]CompilerResultsLog: Info [2/3] Link UE4Editor-BattleTank-2022.dll
[2017.04.19-14.51.06:600][657]CompilerResultsLog: Info [3/3] Link UE4Editor-BattleTank-2022.lib
[2017.04.19-14.51.06:600][657]CompilerResultsLog: Info    Creating library C:\Users\Ed\Documents\Unreal Projects\04_BattleTank\BattleTank\Intermediate\Build\Win64\UE4Editor\Development\UE4Editor-BattleTank-2022.lib and object C:\Users\Ed\Documents\Unreal Projects\04_BattleTank\BattleTank\Intermediate\Build\Win64\UE4Editor\Development\UE4Editor-BattleTank-2022.exp
[2017.04.19-14.51.06:601][657]CompilerResultsLog: Info    Creating library C:\Users\Ed\Documents\Unreal Projects\04_BattleTank\BattleTank\Intermediate\Build\Win64\UE4Editor\Development\UE4Editor-BattleTank-2022.suppressed.lib and object C:\Users\Ed\Documents\Unreal Projects\04_BattleTank\BattleTank\Intermediate\Build\Win64\UE4Editor\Development\UE4Editor-BattleTank-2022.suppressed.exp
[2017.04.19-14.51.06:601][657]CompilerResultsLog: Info Total build time: 4.40 seconds (Local executor: 2.20 seconds)
[2017.04.19-14.51.06:601][657]LogMainFrame: MainFrame: Module compiling took 4.594 seconds
[2017.04.19-14.51.06:647][657]LogContentBrowser: Native class hierarchy updated for 'BattleTank' in 0.0014 seconds. Added 5 classes and 3 folders.
[2017.04.19-14.51.06:648][657]Display: HotReload successful (0 functions remapped  0 scriptstructs remapped)
[2017.04.19-14.51.06:668][657]LogContentBrowser: Native class hierarchy populated in 0.0073 seconds. Added 2252 classes and 460 folders.
[2017.04.19-14.51.06:669][657]Display: HotReload took  4.7s.
[2017.04.19-14.51.07:849][799]LogTemp: Repeting last play command: Selected Viewport
[2017.04.19-14.51.07:860][799]LogBlueprintUserMessages: Early PlayInEditor Detection: Level '/Game/Levels/BattleGround.BattleGround:PersistentLevel' has LevelScriptBlueprint '/Game/Levels/BattleGround.BattleGround:PersistentLevel.BattleGround' with GeneratedClass '/Game/Levels/BattleGround.BattleGround_C' with ClassGeneratedBy '/Game/Levels/BattleGround.BattleGround:PersistentLevel.BattleGround'
[2017.04.19-14.51.07:860][799]LogPlayLevel: PlayLevel: No blueprints needed recompiling
[2017.04.19-14.51.07:860][799]PIE: New page: PIE session: BattleGround (19 Apr 2017 16:51:07)
[2017.04.19-14.51.07:860][799]LogPlayLevel: Creating play world package: /Game/Levels/UEDPIE_0_BattleGround
[2017.04.19-14.51.07:868][799]LogPlayLevel: PIE: StaticDuplicateObject took: (0.007824s)
[2017.04.19-14.51.07:869][799]LogAIModule: Creating AISystem for world BattleGround
[2017.04.19-14.51.07:869][799]LogPlayLevel: PIE: World Init took: (0.000537s)
[2017.04.19-14.51.07:869][799]LogPlayLevel: PIE: Created PIE world by copying editor world from /Game/Levels/BattleGround.BattleGround to /Game/Levels/UEDPIE_0_BattleGround.BattleGround (0.008687s)
[2017.04.19-14.51.07:879][799]LogInit: XAudio2 using '1 - Acer XR341CK (AMD High Definition Audio Device)' : 2 channels at 48 kHz using 16 bits per sample (channel mask 0x3)
[2017.04.19-14.51.07:884][799]LogInit: FAudioDevice initialized.
[2017.04.19-14.51.07:924][799]LogLoad: Game class is 'BattleTankGameMode_BP_C'
[2017.04.19-14.51.07:926][799]LogWorld: Bringing World /Game/Levels/UEDPIE_0_BattleGround.BattleGround up for play (max tick rate 0) at 2017.04.19-15.51.07
[2017.04.19-14.51.07:927][799]LogWorld: Bringing up level for play took: 0.002540
[2017.04.19-14.51.07:963][799]LogContentBrowser: Native class hierarchy updated for 'MovieSceneCapture' in 0.0013 seconds. Added 11 classes and 0 folders.
[2017.04.19-14.51.07:964][799]LogTemp:Warning: Tank_BP2 has possessed with AI
[2017.04.19-14.51.07:964][799]LogTemp:Error: THE PLAYER CONTROLLED TANK IS
[2017.04.19-14.51.07:964][799]LogTemp:Error: Tank_BP2 is not targetting player.
[2017.04.19-14.51.07:964][799]LogTemp:Warning: Tank_BP_540 has possessed with AI
[2017.04.19-14.51.07:964][799]LogTemp:Error: THE PLAYER CONTROLLED TANK IS
[2017.04.19-14.51.07:964][799]LogTemp:Error: Tank_BP_540 is not targetting player.
[2017.04.19-14.51.07:964][799]LogTemp:Warning: Tank_BP3 has possessed with AI
[2017.04.19-14.51.07:964][799]LogTemp:Error: THE PLAYER CONTROLLED TANK IS
[2017.04.19-14.51.07:964][799]LogTemp:Error: Tank_BP3 is not targetting player.
[2017.04.19-14.51.07:964][799]LogTemp:Warning: Tank_BP4_1033 has possessed with AI
[2017.04.19-14.51.07:964][799]LogTemp:Error: THE PLAYER CONTROLLED TANK IS
[2017.04.19-14.51.07:964][799]LogTemp:Error: Tank_BP4_1033 is not targetting player.
[2017.04.19-14.51.07:965][799]LogTemp:Warning: Tank_BP_C_0 has possessed by Player
[2017.04.19-14.51.07:965][799]PIE: Info Play in editor start time for /Game/Levels/UEDPIE_0_BattleGround -0.205
[2017.04.19-14.51.07:965][799]LogBlueprintUserMessages: Late PlayInEditor Detection: Level '/Game/Levels/BattleGround.BattleGround:PersistentLevel' has LevelScriptBlueprint '/Game/Levels/BattleGround.BattleGround:PersistentLevel.BattleGround' with GeneratedClass '/Game/Levels/BattleGround.BattleGround_C' with ClassGeneratedBy '/Game/Levels/BattleGround.BattleGround:PersistentLevel.BattleGround'
[2017.04.19-14.51.14:514][581]LogBlueprintUserMessages: Early EndPlayMap Detection: Level '/Game/Levels/BattleGround.BattleGround:PersistentLevel' has LevelScriptBlueprint '/Game/Levels/BattleGround.BattleGround:PersistentLevel.BattleGround' with GeneratedClass '/Game/Levels/BattleGround.BattleGround_C' with ClassGeneratedBy '/Game/Levels/BattleGround.BattleGround:PersistentLevel.BattleGround'
[2017.04.19-14.51.14:543][581]LogBlueprintUserMessages: Late EndPlayMap Detection: Level '/Game/Levels/BattleGround.BattleGround:PersistentLevel' has LevelScriptBlueprint '/Game/Levels/BattleGround.BattleGround:PersistentLevel.BattleGround' with GeneratedClass '/Game/Levels/BattleGround.BattleGround_C' with ClassGeneratedBy '/Game/Levels/BattleGround.BattleGround:PersistentLevel.BattleGround'
[2017.04.19-14.56.12:226][737]Recompiling BattleTank...
[2017.04.19-14.56.12:226][737]Launching UnrealBuildTool... [C:/Program Files/Epic Games/UE_4.15/Engine/Binaries/DotNET/UnrealBuildTool.exe BattleTank -ModuleWithSuffix BattleTank 5845 Win64 Development -editorrecompile -canskiplink "C:/Users/Ed/Documents/Unreal Projects/04_BattleTank/BattleTank/BattleTank.uproject" ]
[2017.04.19-14.56.12:227][737]Warning: Starting HotReload took  0.0s.
[2017.04.19-14.56.16:832][936]CompilerResultsLog: New page: Compilation - 19 Apr 2017 16:56:16
[2017.04.19-14.56.16:832][936]CompilerResultsLog: Info Compiling game modules for hot reload
[2017.04.19-14.56.16:833][936]CompilerResultsLog: Info Performing 3 actions (4 in parallel)
[2017.04.19-14.56.16:833][936]CompilerResultsLog: Info TankAIController.cpp
[2017.04.19-14.56.16:833][936]CompilerResultsLog: Info [2/3] Link UE4Editor-BattleTank-5845.dll
[2017.04.19-14.56.16:833][936]CompilerResultsLog: Info [3/3] Link UE4Editor-BattleTank-5845.lib
[2017.04.19-14.56.16:833][936]CompilerResultsLog: Info    Creating library C:\Users\Ed\Documents\Unreal Projects\04_BattleTank\BattleTank\Intermediate\Build\Win64\UE4Editor\Development\UE4Editor-BattleTank-5845.lib and object C:\Users\Ed\Documents\Unreal Projects\04_BattleTank\BattleTank\Intermediate\Build\Win64\UE4Editor\Development\UE4Editor-BattleTank-5845.exp
[2017.04.19-14.56.16:833][936]CompilerResultsLog: Info    Creating library C:\Users\Ed\Documents\Unreal Projects\04_BattleTank\BattleTank\Intermediate\Build\Win64\UE4Editor\Development\UE4Editor-BattleTank-5845.suppressed.lib and object C:\Users\Ed\Documents\Unreal Projects\04_BattleTank\BattleTank\Intermediate\Build\Win64\UE4Editor\Development\UE4Editor-BattleTank-5845.suppressed.exp
[2017.04.19-14.56.16:833][936]CompilerResultsLog: Info Total build time: 4.34 seconds (Local executor: 2.09 seconds)
[2017.04.19-14.56.16:833][936]LogMainFrame: MainFrame: Module compiling took 4.612 seconds
[2017.04.19-14.56.16:879][936]LogContentBrowser: Native class hierarchy updated for 'BattleTank' in 0.0014 seconds. Added 5 classes and 3 folders.
[2017.04.19-14.56.16:880][936]Display: HotReload successful (0 functions remapped  0 scriptstructs remapped)
[2017.04.19-14.56.16:901][936]LogContentBrowser: Native class hierarchy populated in 0.0074 seconds. Added 2252 classes and 460 folders.
[2017.04.19-14.56.16:902][936]Display: HotReload took  4.7s.
[2017.04.19-14.56.19:178][ 23]LogTemp: Repeting last play command: Selected Viewport
[2017.04.19-14.56.19:189][ 23]LogBlueprintUserMessages: Early PlayInEditor Detection: Level '/Game/Levels/BattleGround.BattleGround:PersistentLevel' has LevelScriptBlueprint '/Game/Levels/BattleGround.BattleGround:PersistentLevel.BattleGround' with GeneratedClass '/Game/Levels/BattleGround.BattleGround_C' with ClassGeneratedBy '/Game/Levels/BattleGround.BattleGround:PersistentLevel.BattleGround'
[2017.04.19-14.56.19:189][ 23]LogPlayLevel: PlayLevel: No blueprints needed recompiling
[2017.04.19-14.56.19:189][ 23]PIE: New page: PIE session: BattleGround (19 Apr 2017 16:56:19)
[2017.04.19-14.56.19:189][ 23]LogPlayLevel: Creating play world package: /Game/Levels/UEDPIE_0_BattleGround
[2017.04.19-14.56.19:196][ 23]LogPlayLevel: PIE: StaticDuplicateObject took: (0.006596s)
[2017.04.19-14.56.19:197][ 23]LogAIModule: Creating AISystem for world BattleGround
[2017.04.19-14.56.19:197][ 23]LogPlayLevel: PIE: World Init took: (0.000719s)
[2017.04.19-14.56.19:197][ 23]LogPlayLevel: PIE: Created PIE world by copying editor world from /Game/Levels/BattleGround.BattleGround to /Game/Levels/UEDPIE_0_BattleGround.BattleGround (0.007685s)
[2017.04.19-14.56.19:208][ 23]LogInit: XAudio2 using '1 - Acer XR341CK (AMD High Definition Audio Device)' : 2 channels at 48 kHz using 16 bits per sample (channel mask 0x3)
[2017.04.19-14.56.19:213][ 23]LogInit: FAudioDevice initialized.
[2017.04.19-14.56.19:242][ 23]LogLoad: Game class is 'BattleTankGameMode_BP_C'
[2017.04.19-14.56.19:245][ 23]LogWorld: Bringing World /Game/Levels/UEDPIE_0_BattleGround.BattleGround up for play (max tick rate 0) at 2017.04.19-15.56.19
[2017.04.19-14.56.19:245][ 23]LogWorld: Bringing up level for play took: 0.002548
[2017.04.19-14.56.19:246][ 23]LogTemp:Warning: Tank_BP3 has possessed with AI
[2017.04.19-14.56.19:246][ 23]LogTemp:Error: Tank_BP3 is not targetting player.
[2017.04.19-14.56.19:246][ 23]LogTemp:Warning: Tank_BP2 has possessed with AI
[2017.04.19-14.56.19:246][ 23]LogTemp:Error: Tank_BP2 is not targetting player.
[2017.04.19-14.56.19:247][ 23]LogTemp:Warning: Tank_BP_540 has possessed with AI
[2017.04.19-14.56.19:247][ 23]LogTemp:Error: Tank_BP_540 is not targetting player.
[2017.04.19-14.56.19:247][ 23]LogTemp:Warning: Tank_BP4_1033 has possessed with AI
[2017.04.19-14.56.19:247][ 23]LogTemp:Error: Tank_BP4_1033 is not targetting player.
[2017.04.19-14.56.19:247][ 23]LogTemp:Warning: Tank_BP_C_0 has possessed by Player
[2017.04.19-14.56.19:247][ 23]PIE: Info Play in editor start time for /Game/Levels/UEDPIE_0_BattleGround -0.923
[2017.04.19-14.56.19:247][ 23]LogBlueprintUserMessages: Late PlayInEditor Detection: Level '/Game/Levels/BattleGround.BattleGround:PersistentLevel' has LevelScriptBlueprint '/Game/Levels/BattleGround.BattleGround:PersistentLevel.BattleGround' with GeneratedClass '/Game/Levels/BattleGround.BattleGround_C' with ClassGeneratedBy '/Game/Levels/BattleGround.BattleGround:PersistentLevel.BattleGround'
[2017.04.19-14.56.29:776][284]LogBlueprintUserMessages: Early EndPlayMap Detection: Level '/Game/Levels/BattleGround.BattleGround:PersistentLevel' has LevelScriptBlueprint '/Game/Levels/BattleGround.BattleGround:PersistentLevel.BattleGround' with GeneratedClass '/Game/Levels/BattleGround.BattleGround_C' with ClassGeneratedBy '/Game/Levels/BattleGround.BattleGround:PersistentLevel.BattleGround'
[2017.04.19-14.56.29:804][284]LogBlueprintUserMessages: Late EndPlayMap Detection: Level '/Game/Levels/BattleGround.BattleGround:PersistentLevel' has LevelScriptBlueprint '/Game/Levels/BattleGround.BattleGround:PersistentLevel.BattleGround' with GeneratedClass '/Game/Levels/BattleGround.BattleGround_C' with ClassGeneratedBy '/Game/Levels/BattleGround.BattleGround:PersistentLevel.BattleGround'
[2017.04.19-14.58.56:309][ 50]Recompiling BattleTank...
[2017.04.19-14.58.56:309][ 50]Launching UnrealBuildTool... [C:/Program Files/Epic Games/UE_4.15/Engine/Binaries/DotNET/UnrealBuildTool.exe BattleTank -ModuleWithSuffix BattleTank 783 Win64 Development -editorrecompile -canskiplink "C:/Users/Ed/Documents/Unreal Projects/04_BattleTank/BattleTank/BattleTank.uproject" ]
[2017.04.19-14.58.56:310][ 50]Warning: Starting HotReload took  0.0s.
[2017.04.19-14.59.00:382][537]CompilerResultsLog: New page: Compilation - 19 Apr 2017 16:59:00
[2017.04.19-14.59.00:382][537]CompilerResultsLog: Info Compiling game modules for hot reload
[2017.04.19-14.59.00:382][537]CompilerResultsLog: Info Performing 3 actions (4 in parallel)
[2017.04.19-14.59.00:383][537]CompilerResultsLog: Info TankAIController.cpp
[2017.04.19-14.59.00:383][537]CompilerResultsLog:Error: Error C:\Users\Ed\Documents\Unreal Projects\04_BattleTank\BattleTank\Source\BattleTank\Private\TankAIController.cpp(60) : error C3867: 'AController::GetPawn': non-standard syntax; use '&' to create a pointer to member
[2017.04.19-14.59.00:383][537]CompilerResultsLog: Info ERROR: UBT ERROR: Failed to produce item: C:\Users\Ed\Documents\Unreal Projects\04_BattleTank\BattleTank\Binaries\Win64\UE4Editor-BattleTank-783.dll
[2017.04.19-14.59.00:383][537]CompilerResultsLog: Info Total build time: 3.86 seconds (Local executor: 0.00 seconds)
[2017.04.19-14.59.00:383][537]LogMainFrame: MainFrame: Module compiling took 4.079 seconds
[2017.04.19-14.59.00:383][537]Warning: HotReload failed, recompile failed
[2017.04.19-15.01.27:559][785]Recompiling BattleTank...
[2017.04.19-15.01.27:559][785]Launching UnrealBuildTool... [C:/Program Files/Epic Games/UE_4.15/Engine/Binaries/DotNET/UnrealBuildTool.exe BattleTank -ModuleWithSuffix BattleTank 878 Win64 Development -editorrecompile -canskiplink "C:/Users/Ed/Documents/Unreal Projects/04_BattleTank/BattleTank/BattleTank.uproject" ]
[2017.04.19-15.01.27:560][785]Warning: Starting HotReload took  0.0s.
[2017.04.19-15.01.32:127][942]CompilerResultsLog: New page: Compilation - 19 Apr 2017 17:01:32
[2017.04.19-15.01.32:127][942]CompilerResultsLog: Info Compiling game modules for hot reload
[2017.04.19-15.01.32:128][942]CompilerResultsLog: Info Performing 3 actions (4 in parallel)
[2017.04.19-15.01.32:128][942]CompilerResultsLog: Info TankAIController.cpp
[2017.04.19-15.01.32:128][942]CompilerResultsLog: Info [2/3] Link UE4Editor-BattleTank-878.dll
[2017.04.19-15.01.32:128][942]CompilerResultsLog: Info [3/3] Link UE4Editor-BattleTank-878.lib
[2017.04.19-15.01.32:128][942]CompilerResultsLog: Info    Creating library C:\Users\Ed\Documents\Unreal Projects\04_BattleTank\BattleTank\Intermediate\Build\Win64\UE4Editor\Development\UE4Editor-BattleTank-878.lib and object C:\Users\Ed\Documents\Unreal Projects\04_BattleTank\BattleTank\Intermediate\Build\Win64\UE4Editor\Development\UE4Editor-BattleTank-878.exp
[2017.04.19-15.01.32:128][942]CompilerResultsLog: Info    Creating library C:\Users\Ed\Documents\Unreal Projects\04_BattleTank\BattleTank\Intermediate\Build\Win64\UE4Editor\Development\UE4Editor-BattleTank-878.suppressed.lib and object C:\Users\Ed\Documents\Unreal Projects\04_BattleTank\BattleTank\Intermediate\Build\Win64\UE4Editor\Development\UE4Editor-BattleTank-878.suppressed.exp
[2017.04.19-15.01.32:128][942]CompilerResultsLog: Info Total build time: 4.31 seconds (Local executor: 2.09 seconds)
[2017.04.19-15.01.32:128][942]LogMainFrame: MainFrame: Module compiling took 4.573 seconds
[2017.04.19-15.01.32:175][942]LogContentBrowser: Native class hierarchy updated for 'BattleTank' in 0.0014 seconds. Added 5 classes and 3 folders.
[2017.04.19-15.01.32:176][942]Display: HotReload successful (0 functions remapped  0 scriptstructs remapped)
[2017.04.19-15.01.32:196][942]LogContentBrowser: Native class hierarchy populated in 0.0075 seconds. Added 2252 classes and 460 folders.
[2017.04.19-15.01.32:198][942]Display: HotReload took  4.6s.
[2017.04.19-15.01.34:456][949]LogTemp: Repeting last play command: Selected Viewport
[2017.04.19-15.01.34:467][949]LogBlueprintUserMessages: Early PlayInEditor Detection: Level '/Game/Levels/BattleGround.BattleGround:PersistentLevel' has LevelScriptBlueprint '/Game/Levels/BattleGround.BattleGround:PersistentLevel.BattleGround' with GeneratedClass '/Game/Levels/BattleGround.BattleGround_C' with ClassGeneratedBy '/Game/Levels/BattleGround.BattleGround:PersistentLevel.BattleGround'
[2017.04.19-15.01.34:467][949]LogPlayLevel: PlayLevel: No blueprints needed recompiling
[2017.04.19-15.01.34:468][949]PIE: New page: PIE session: BattleGround (19 Apr 2017 17:01:34)
[2017.04.19-15.01.34:468][949]LogPlayLevel: Creating play world package: /Game/Levels/UEDPIE_0_BattleGround
[2017.04.19-15.01.34:474][949]LogPlayLevel: PIE: StaticDuplicateObject took: (0.006663s)
[2017.04.19-15.01.34:475][949]LogAIModule: Creating AISystem for world BattleGround
[2017.04.19-15.01.34:475][949]LogPlayLevel: PIE: World Init took: (0.000682s)
[2017.04.19-15.01.34:475][949]LogPlayLevel: PIE: Created PIE world by copying editor world from /Game/Levels/BattleGround.BattleGround to /Game/Levels/UEDPIE_0_BattleGround.BattleGround (0.007713s)
[2017.04.19-15.01.34:485][949]LogInit: XAudio2 using '1 - Acer XR341CK (AMD High Definition Audio Device)' : 2 channels at 48 kHz using 16 bits per sample (channel mask 0x3)
[2017.04.19-15.01.34:490][949]LogInit: FAudioDevice initialized.
[2017.04.19-15.01.34:517][949]LogLoad: Game class is 'BattleTankGameMode_BP_C'
[2017.04.19-15.01.34:520][949]LogWorld: Bringing World /Game/Levels/UEDPIE_0_BattleGround.BattleGround up for play (max tick rate 0) at 2017.04.19-16.01.34
[2017.04.19-15.01.34:521][949]LogWorld: Bringing up level for play took: 0.002487
[2017.04.19-15.01.34:522][949]LogTemp:Warning: Tank_BP4_1033 has possessed with AI
[2017.04.19-15.01.34:522][949]LogTemp:Error: THE PLAYER CONTROLLED TANK IS Tank_BP_C_0
