Log file open, 04/28/17 15:40:55
LogInit:Display: Running engine for game: BattleTank
LogPlatformFile: Not using cached read wrapper
LogInit:Display: RandInit(-519809646) SRandInit(-519809646).
LogTaskGraph: Started task graph with 5 named threads and 8 total threads with 1 sets of task threads.
LogStats: Stats thread started at 0.088131
LogInit: Using libcurl 7.47.1
LogInit:  - built for x86_64-pc-win32
LogInit:  - supports SSL with OpenSSL/1.0.2g
LogInit:  - supports HTTP deflate (compression) using libz 1.2.8
LogInit:  - other features:
LogInit:      CURL_VERSION_SSL
LogInit:      CURL_VERSION_LIBZ
LogInit:      CURL_VERSION_IPV6
LogInit:      CURL_VERSION_ASYNCHDNS
LogInit:      CURL_VERSION_LARGEFILE
LogInit:      CURL_VERSION_IDN
LogInit:  CurlRequestOptions (configurable via config and command line):
LogInit:  - bVerifyPeer = false  - Libcurl will NOT verify peer certificate
LogInit:  - bUseHttpProxy = false  - Libcurl will NOT use HTTP proxy
LogInit:  - bDontReuseConnections = false  - Libcurl will reuse connections
LogInit:  - CertBundlePath = nullptr  - Libcurl will use whatever was configured at build time.
LogInit: Build: ++UE4+Release-4.15-CL-3299760
LogInit: Engine Version: 4.15.0-3299760+++UE4+Release-4.15
LogInit: Compatible Engine Version: 4.15.0-3299760+++UE4+Release-4.15
LogInit: Net CL: 3299760
LogDevObjectVersion: Number of dev versions registered: 14
LogDevObjectVersion:   Dev-Blueprints (B0D832E4-1F89-4F0D-ACCF-7EB736FD4AA2): 8
LogDevObjectVersion:   Dev-Build (E1C64328-A22C-4D53-A36C-8E866417BD8C): 0
LogDevObjectVersion:   Dev-Core (375EC13C-06E4-48FB-B500-84F0262A717E): 2
LogDevObjectVersion:   Dev-Editor (E4B068ED-F494-42E9-A231-DA0B2E46BB41): 14
LogDevObjectVersion:   Dev-Framework (CFFC743F-43B0-4480-9391-14DF171D2073): 22
LogDevObjectVersion:   Dev-Mobile (B02B49B5-BB20-44E9-A304-32B752E40360): 0
LogDevObjectVersion:   Dev-Networking (A4E4105C-59A1-49B5-A7C5-40C4547EDFEE): 0
LogDevObjectVersion:   Dev-Online (39C831C9-5AE6-47DC-9A44-9C173E1C8E7C): 0
LogDevObjectVersion:   Dev-Physics (78F01B33-EBEA-4F98-B9B4-84EACCB95AA2): 0
LogDevObjectVersion:   Dev-Platform (6631380F-2D4D-43E0-8009-CF276956A95A): 0
LogDevObjectVersion:   Dev-Rendering (12F88B9F-8875-4AFC-A67C-D90C383ABD29): 12
LogDevObjectVersion:   Dev-Sequencer (7B5AE74C-D270-4C10-A958-57980B212A5A): 3
LogDevObjectVersion:   Dev-VR (D7296918-1DD6-4BDD-9DE2-64A83CC13884): 0
LogDevObjectVersion:   Dev-LoadTimes (C2A15278-BFE7-4AFE-6C17-90FF531DF755): 1
LogInit: Compiled (64-bit): Feb 14 2017 02:04:14
LogInit: Compiled with Visual C++: 19.00.23026.00
LogInit: Build Configuration: Development
LogInit: Branch Name: ++UE4+Release-4.15
LogInit: Command line: -EpicPortal 
LogInit: Base directory: C:/Program Files/Epic Games/UE_4.15/Engine/Binaries/Win64/
LogInit: Installed Engine Build: 1
LogInit: Presizing for max 8388607 objects, including 0 objects not considered by GC, pre-allocating 0 bytes for permanent pool.
LogInit: Object subsystem initialized
[2017.04.28-14.40.56:704][  0]LogInit: Selected Device Profile: [Windows]
[2017.04.28-14.40.56:704][  0]LogInit: Applying CVar settings loaded from the selected device profile: [Windows]
[2017.04.28-14.40.56:722][  0]LogInit: Computer: DESKTOP-0PEK566
[2017.04.28-14.40.56:722][  0]LogInit: User: Sarah
[2017.04.28-14.40.56:722][  0]LogInit: CPU Page size=65536, Cores=4
[2017.04.28-14.40.56:722][  0]LogInit: High frequency timer resolution =2.143576 MHz
[2017.04.28-14.40.56:722][  0]LogMemory: Memory total: Physical=7.9GB (8GB approx)
[2017.04.28-14.40.56:722][  0]LogMemory: Platform Memory Stats for Windows
[2017.04.28-14.40.56:722][  0]LogMemory: Process Physical Memory: 262.84 MB used, 262.84 MB peak
[2017.04.28-14.40.56:722][  0]LogMemory: Process Virtual Memory: 262.49 MB used, 262.49 MB peak
[2017.04.28-14.40.56:722][  0]LogMemory: Physical Memory: 4762.83 MB used,  3321.45 MB free, 8084.27 MB total
[2017.04.28-14.40.56:722][  0]LogMemory: Virtual Memory: 644.18 MB used,  3321.45 MB free, 134217728.00 MB total
[2017.04.28-14.40.56:851][  0]LogTextLocalizationManager: No specific translations for ('en-US') exist, so ('en') translations will be used.
[2017.04.28-14.40.57:615][  0]LogD3D11RHI: D3D11 adapters:
[2017.04.28-14.40.57:676][  0]LogD3D11RHI:    0. 'AMD Radeon HD 7600M Series' (Feature Level 11_0)
[2017.04.28-14.40.57:676][  0]LogD3D11RHI:       1004/0/3840 MB DedicatedVideo/DedicatedSystem/SharedSystem, Outputs:1, VendorId:0x1002
[2017.04.28-14.40.57:684][  0]LogD3D11RHI:    1. 'Intel(R) HD Graphics 4000' (Feature Level 11_0)
[2017.04.28-14.40.57:684][  0]LogD3D11RHI:       32/0/1760 MB DedicatedVideo/DedicatedSystem/SharedSystem, Outputs:0, VendorId:0x8086
[2017.04.28-14.40.57:685][  0]LogD3D11RHI:    2. 'Microsoft Basic Render Driver' (Feature Level 11_0)
[2017.04.28-14.40.57:685][  0]LogD3D11RHI:       0/0/4042 MB DedicatedVideo/DedicatedSystem/SharedSystem, Outputs:0, VendorId:0x1414
[2017.04.28-14.40.57:685][  0]LogD3D11RHI: Chosen D3D11 Adapter: 0
[2017.04.28-14.40.57:700][  0]LogD3D11RHI: Creating new Direct3DDevice
[2017.04.28-14.40.57:701][  0]LogD3D11RHI:     GPU DeviceId: 0x6840 (for the marketing name, search the web for "GPU Device Id")
[2017.04.28-14.40.57:701][  0]LogWindows: EnumDisplayDevices:
[2017.04.28-14.40.57:701][  0]LogWindows:    0. 'Intel(R) HD Graphics 4000' (P:1 D:1)
[2017.04.28-14.40.57:701][  0]LogWindows:    1. 'Intel(R) HD Graphics 4000' (P:0 D:0)
[2017.04.28-14.40.57:701][  0]LogWindows:    2. 'Intel(R) HD Graphics 4000' (P:0 D:0)
[2017.04.28-14.40.57:701][  0]LogWindows: DebugString: PrimaryIsNotTheChoosenAdapter PrimaryIsNotTheChoosenAdapter PrimaryIsNotTheChoosenAdapter FoundDriverCount:0 
[2017.04.28-14.40.57:701][  0]LogD3D11RHI:     Adapter Name: AMD Radeon HD 7600M Series
[2017.04.28-14.40.57:701][  0]LogD3D11RHI:   Driver Version: Unknown (internal:Unknown, unified:Unknown)
[2017.04.28-14.40.57:701][  0]LogD3D11RHI:      Driver Date: Unknown
[2017.04.28-14.40.57:701][  0]LogRHI: Texture pool is 702 MB (70% of 1004 MB)
[2017.04.28-14.40.57:710][  0]LogD3D11RHI: AMD Pre GCN architecture detected, some driver workarounds will be in place
[2017.04.28-14.40.57:719][  0]LogD3D11RHI: Async texture creation enabled
[2017.04.28-14.40.57:731][  0]LogD3D11RHI: GPU Timing Frequency: 27.000000 (Debug: 2 1)
[2017.04.28-14.40.57:732][  0]LogShaderCompilers: Guid format shader working directory is -36 characters bigger than the processId version (../../../../../../Users/Sarah/Documents/Unreal Projects/04_BattleTank/BattleTank/Intermediate/Shaders/WorkingDirectory/102880/).
[2017.04.28-14.40.57:732][  0]LogShaderCompilers: Cleaned the shader compiler working directory 'C:/Users/Sarah/AppData/Local/Temp/UnrealShaderWorkingDir/16BC2D8A47CA8C94CD0F5B9121F980B8/'.
[2017.04.28-14.40.57:732][  0]LogShaderCompilers:Display: Using Local Shader Compiler.
[2017.04.28-14.40.59:080][  0]LogTemp:Display: Loaded TP AllDesktopTargetPlatform
[2017.04.28-14.40.59:157][  0]LogTemp:Display: Loaded TP MacClientTargetPlatform
[2017.04.28-14.40.59:236][  0]LogTemp:Display: Loaded TP MacNoEditorTargetPlatform
[2017.04.28-14.40.59:315][  0]LogTemp:Display: Loaded TP MacServerTargetPlatform
[2017.04.28-14.40.59:393][  0]LogTemp:Display: Loaded TP MacTargetPlatform
[2017.04.28-14.40.59:472][  0]LogTemp:Display: Loaded TP WindowsClientTargetPlatform
[2017.04.28-14.40.59:551][  0]LogTemp:Display: Loaded TP WindowsNoEditorTargetPlatform
[2017.04.28-14.40.59:634][  0]LogTemp:Display: Loaded TP WindowsServerTargetPlatform
[2017.04.28-14.40.59:700][  0]LogTemp:Display: Loaded TP WindowsTargetPlatform
[2017.04.28-14.40.59:777][  0]LogTemp:Display: Loaded TP AndroidTargetPlatform
[2017.04.28-14.40.59:853][  0]LogTemp:Display: Loaded TP Android_ASTCTargetPlatform
[2017.04.28-14.40.59:932][  0]LogTemp:Display: Loaded TP Android_ATCTargetPlatform
[2017.04.28-14.41.00:010][  0]LogTemp:Display: Loaded TP Android_DXTTargetPlatform
[2017.04.28-14.41.00:087][  0]LogTemp:Display: Loaded TP Android_ETC1TargetPlatform
[2017.04.28-14.41.00:165][  0]LogTemp:Display: Loaded TP Android_ETC2TargetPlatform
[2017.04.28-14.41.00:321][  0]LogTemp:Display: Loaded TP Android_MultiTargetPlatform
[2017.04.28-14.41.00:321][  0]LogTemp:Display: Loaded TP Android_PVRTCTargetPlatform
[2017.04.28-14.41.00:375][  0]LogTemp:Display: Loaded TP HTML5TargetPlatform
[2017.04.28-14.41.00:504][  0]LogTemp:Display: Loaded TP IOSTargetPlatform
[2017.04.28-14.41.00:555][  0]LogTemp:Display: Loaded TP TVOSTargetPlatform
[2017.04.28-14.41.00:630][  0]LogTemp:Display: Loaded TP LinuxClientTargetPlatform
[2017.04.28-14.41.00:707][  0]LogTemp:Display: Loaded TP LinuxNoEditorTargetPlatform
[2017.04.28-14.41.00:785][  0]LogTemp:Display: Loaded TP LinuxServerTargetPlatform
[2017.04.28-14.41.00:862][  0]LogTemp:Display: Loaded TP LinuxTargetPlatform
[2017.04.28-14.41.00:863][  0]LogTargetPlatformManager:Display: Building Assets For Windows
[2017.04.28-14.41.01:512][  0]LogDerivedDataCache:Display: Max Cache Size: 512 MB
[2017.04.28-14.41.01:571][  0]LogDerivedDataCache: Loaded boot cache 0.06s 50MB C:/Users/Sarah/AppData/Local/UnrealEngine/4.15/DerivedDataCache/Boot.ddc.
[2017.04.28-14.41.01:571][  0]LogDerivedDataCache:Display: Loaded Boot cache: C:/Users/Sarah/AppData/Local/UnrealEngine/4.15/DerivedDataCache/Boot.ddc
[2017.04.28-14.41.01:571][  0]LogDerivedDataCache: FDerivedDataBackendGraph:  Pak pak cache file ../../../../../../Users/Sarah/Documents/Unreal Projects/04_BattleTank/BattleTank/DerivedDataCache/DDC.ddp not found, will not use a pak cache.
[2017.04.28-14.41.01:571][  0]LogDerivedDataCache: Unable to find inner node Pak for hierarchical cache Hierarchy.
[2017.04.28-14.41.01:571][  0]LogDerivedDataCache: FDerivedDataBackendGraph:  CompressedPak pak cache file ../../../../../../Users/Sarah/Documents/Unreal Projects/04_BattleTank/BattleTank/DerivedDataCache/Compressed.ddp not found, will not use a pak cache.
[2017.04.28-14.41.01:571][  0]LogDerivedDataCache: Unable to find inner node CompressedPak for hierarchical cache Hierarchy.
[2017.04.28-14.41.01:593][  0]LogDerivedDataCache:Display: Pak cache opened for reading ../../../Engine/DerivedDataCache/Compressed.ddp.
[2017.04.28-14.41.01:606][  0]LogDerivedDataCache: Using Local data cache path C:/Users/Sarah/AppData/Local/UnrealEngine/Common/DerivedDataCache: Writable
[2017.04.28-14.41.01:616][  0]LogSlate: Using Freetype 2.6.0
[2017.04.28-14.41.01:617][  0]LogSlate: SlateFontCache - WITH_FREETYPE: 1, WITH_HARFBUZZ: 1
[2017.04.28-14.41.01:617][  0]LogSlate: SlateFontCache - WITH_FREETYPE: 1, WITH_HARFBUZZ: 1
[2017.04.28-14.41.01:965][  0]LogInit: Selected Device Profile: [Windows]
[2017.04.28-14.41.01:969][  0]LogContentStreaming: Texture pool size is 0.00 MB
[2017.04.28-14.41.02:245][  0]LogMeshUtilities: Using QuadricMeshReduction for automatic static mesh reduction
[2017.04.28-14.41.02:307][  0]LogSimplygon: Simplygon DLL not present - disabling.
[2017.04.28-14.41.02:376][  0]LogMeshUtilities: Using SimplygonSwarm for distributed automatic mesh merging
[2017.04.28-14.41.02:376][  0]LogMeshUtilities: No automatic skeletal mesh reduction module available
[2017.04.28-14.41.02:376][  0]LogMeshUtilities: No automatic mesh merging module available
[2017.04.28-14.41.03:105][  0]LogNetVersion: GetLocalNetworkVersion: CL: 3299760, ProjectName: battletank, ProjectVersion: , EngineNetworkVersion: 2, GameNetworkVersion: 0, NetworkChecksum: 2512795372
[2017.04.28-14.41.03:161][  0]LogAssetRegistry: FAssetRegistry took 0.0225 seconds to start up
[2017.04.28-14.41.03:228][  0]LogPackageLocalizationCache: Processed 3 localized package path(s) for 2 prioritized culture(s) in 0.035531 seconds
[2017.04.28-14.41.03:234][  0]LogUObjectArray: 32475 objects as part of root set at end of initial load.
[2017.04.28-14.41.03:234][  0]LogUObjectAllocator: 7073360 out of 0 bytes used by permanent object pool.
[2017.04.28-14.41.03:234][  0]LogUObjectArray: CloseDisregardForGC: 0/0 objects in disregard for GC pool
[2017.04.28-14.41.03:327][  0]LogInit: WinSock: version 1.1 (2.2), MaxSocks=32767, MaxUdp=65467
[2017.04.28-14.41.05:477][  0]LogTcpMessaging: Initializing TcpMessaging bridge
[2017.04.28-14.41.05:531][  0]LogUdpMessaging: Initializing bridge on interface 0.0.0.0:0 to multicast group 230.0.0.1:6666.
[2017.04.28-14.41.06:240][  0]LogMaterial: Uniform references updated for custom material expression Custom.
[2017.04.28-14.41.06:771][  0]SourceControl: Info Source control is disabled
[2017.04.28-14.41.06:807][  0]SourceControl: Info Source control is disabled
[2017.04.28-14.41.06:876][  0]SourceControl: Info Source control is disabled
[2017.04.28-14.41.06:945][  0]SourceControl: Info Source control is disabled
[2017.04.28-14.41.08:756][  0]LogEngine: Initializing Engine...
[2017.04.28-14.41.08:757][  0]LogHMD: Failed to initialize OpenVR with code 110
[2017.04.28-14.41.09:062][  0]LogAIModule: Creating AISystem for world Untitled
[2017.04.28-14.41.09:070][  0]LogInit: XAudio2 using 'Speakers (2- High Definition Audio Device)' : 2 channels at 44.1 kHz using 16 bits per sample (channel mask 0x3)
[2017.04.28-14.41.09:089][  0]LogInit: FAudioDevice initialized.
[2017.04.28-14.41.09:117][  0]LogDerivedDataCache: Saved boot cache 0.03s 50MB C:/Users/Sarah/AppData/Local/UnrealEngine/4.15/DerivedDataCache/Boot.ddc.
[2017.04.28-14.41.09:126][  0]LogInit: Texture streaming: Enabled
[2017.04.28-14.41.09:263][  0]LogEngineSessionManager: EngineSessionManager initialized
[2017.04.28-14.41.09:397][  0]LogInit: Transaction tracking system initialized
[2017.04.28-14.41.09:890][  0]BlueprintLog: New page: Editor Load
[2017.04.28-14.41.11:142][  0]LocalizationService: Info Localization service is disabled
[2017.04.28-14.41.12:339][  0]LogConsoleResponse:Display: 
[2017.04.28-14.41.12:522][  0]LogCook:Display: Max memory allowance for cook 16384mb min free memory 0mb
[2017.04.28-14.41.12:522][  0]LogCook:Display: Mobile HDR setting 1
[2017.04.28-14.41.13:203][  0]LogFileCache: Scanning file cache for directory 'C:/Users/Sarah/Documents/Unreal Projects/04_BattleTank/BattleTank/Content/' took 0.02s
[2017.04.28-14.41.14:042][  0]SourceControl: Info Source control is disabled
[2017.04.28-14.41.14:134][  0]LogSlate: Took 0.000262 seconds to synchronously load lazily loaded font '../../../Engine/Content/Slate/Fonts/Roboto-Regular.ttf' (155K)
[2017.04.28-14.41.28:479][  0]LogWindowsTextInputMethodSystem:Display: IME system now deactivated.
[2017.04.28-14.41.28:485][  0]LogWindowsTextInputMethodSystem:Display: IME system now deactivated.
[2017.04.28-14.41.28:486][  0]Cmd: MAP LOAD FILE="../../../../../../Users/Sarah/Documents/Unreal Projects/04_BattleTank/BattleTank/Content/Levels/BattleGround.umap" TEMPLATE=0 SHOWPROGRESS=1 FEATURELEVEL=3
[2017.04.28-14.41.28:487][  0]LightingResults: New page: Lighting Build
[2017.04.28-14.41.28:559][  0]MapCheck: New page: Map Check
[2017.04.28-14.41.28:559][  0]LightingResults: New page: Lighting Build
[2017.04.28-14.41.29:159][  0]LogTexture:Display: Building textures: HQ_Lightmap0_1 (AutoDXT)
[2017.04.28-14.41.29:229][  0]LogTexture:Display: Building textures: LQ_Lightmap_0_1 (DXT1)
[2017.04.28-14.41.29:340][  0]LogAIModule: Creating AISystem for world BattleGround
[2017.04.28-14.41.29:606][  0]LogEditorServer: Finished looking for orphan Actors (0.000 secs)
[2017.04.28-14.41.29:611][  0]Cmd: MAP CHECKDEP NOCLEARLOG
[2017.04.28-14.41.29:666][  0]MapCheck: Info Map check complete: 0 Error(s), 0 Warning(s), took 55.006ms to complete.
[2017.04.28-14.41.29:666][  0]LogFileHelpers: Loading map 'BattleGround' took 1.180
[2017.04.28-14.41.29:880][  0]LogStats:Warning: MetaData mismatch. Did you assign a stat to two groups? New //STATGROUP_Threads//SplashScreenThread///Thread_15448_0///####STATCAT_Advanced#### old //STATGROUP_Threads//SplashScreenThread///Thread_1987c_0///####STATCAT_Advanced####
[2017.04.28-14.41.29:880][  0]LogCollectionManager: Loaded 1 collections in 0.006197 seconds
[2017.04.28-14.41.29:983][  0]LogFileCache: Scanning file cache for directory 'C:/Users/Sarah/Documents/Unreal Projects/04_BattleTank/BattleTank/Saved/Collections/' took 0.01s
[2017.04.28-14.41.29:983][  0]LogFileCache: Scanning file cache for directory 'C:/Users/Sarah/Documents/Unreal Projects/04_BattleTank/BattleTank/Content/Developers/Sarah/Collections/' took 0.01s
[2017.04.28-14.41.29:983][  0]LogFileCache: Scanning file cache for directory 'C:/Users/Sarah/Documents/Unreal Projects/04_BattleTank/BattleTank/Content/Collections/' took 0.01s
[2017.04.28-14.41.29:983][  0]LogCollectionManager: Rebuilt the GUID cache for 1 collections in 0.000006 seconds
[2017.04.28-14.41.29:983][  0]LogCollectionManager: Rebuilt the hierarchy cache for 1 collections in 0.000000 seconds
[2017.04.28-14.41.29:997][  0]LogContentBrowser: Native class hierarchy populated in 0.0140 seconds. Added 2255 classes and 453 folders.
[2017.04.28-14.41.30:001][  0]LogStats: UGameplayTagsManager::ConstructGameplayTagTree: Construct from data asset -  0.000 s
[2017.04.28-14.41.30:001][  0]LogStats: UGameplayTagsManager::ConstructGameplayTagTree: GameplayTagTreeChangedEvent.Broadcast -  0.000 s
[2017.04.28-14.41.30:095][  0]LogContentBrowser: Native class hierarchy updated for 'WidgetCarousel' in 0.0037 seconds. Added 0 classes and 0 folders.
[2017.04.28-14.41.30:523][  0]LogContentBrowser: Native class hierarchy updated for 'AddContentDialog' in 0.0036 seconds. Added 0 classes and 0 folders.
[2017.04.28-14.41.30:590][  0]LogContentBrowser: Native class hierarchy updated for 'SceneOutliner' in 0.0044 seconds. Added 1 classes and 2 folders.
[2017.04.28-14.41.30:657][  0]LogCrashTracker: Crashtracker disabled due to settings.
[2017.04.28-14.41.30:664][  0]LogUObjectGlobals:Warning: Failed to find object 'Class None.'
[2017.04.28-14.41.30:753][  0]LogContentBrowser: Native class hierarchy updated for 'HierarchicalLODOutliner' in 0.0038 seconds. Added 1 classes and 2 folders.
[2017.04.28-14.41.30:753][  0]LogLoad: (Engine Initialization) Total time: 36.91 seconds
[2017.04.28-14.41.30:753][  0]LogLoad: (Engine Initialization) Total Blueprint compile time: 0.19 seconds
[2017.04.28-14.41.30:753][  0]LogExternalProfiler: No external profilers were discovered.  External profiling features will not be available.
[2017.04.28-14.41.30:763][  0]LogOcInput: OculusInput pre-init called
[2017.04.28-14.41.30:784][  0]LogContentStreaming: Texture pool size now 600 MB
[2017.04.28-14.41.30:786][  0]LogSlate: Took 0.000251 seconds to synchronously load lazily loaded font '../../../Engine/Content/Slate/Fonts/Roboto-Bold.ttf' (160K)
[2017.04.28-14.41.30:803][  0]LogSlate: Took 0.010389 seconds to synchronously load lazily loaded font '../../../Engine/Content/Editor/Slate/Fonts/FontAwesome.ttf' (139K)
[2017.04.28-14.41.30:991][  0]LogSlate: Took 0.000256 seconds to synchronously load lazily loaded font '../../../Engine/Content/Slate/Fonts/Roboto-Light.ttf' (159K)
[2017.04.28-14.41.31:053][  1]LogAssetRegistry: Asset discovery search completed in 27.9137 seconds
[2017.04.28-14.41.31:053][  1]LogCollectionManager: Rebuilt the object cache for 1 collections in 0.000018 seconds (found 0 objects)
[2017.04.28-14.41.31:053][  1]LogCollectionManager: Fixed up redirectors for 1 collections in 0.000064 seconds (updated 0 objects)
[2017.04.28-14.41.31:102][  2]LogRenderer: Reallocating scene render targets to support 1056x628 NumSamples 1 (Frame:2).
[2017.04.28-14.41.34:456][112]LogSlate: Took 0.000235 seconds to synchronously load lazily loaded font '../../../Engine/Content/Editor/Slate/Fonts/DroidSansMono.ttf' (77K)
[2017.04.28-14.41.45:699][470]LogRenderer: Reallocating scene render targets to support 1220x644 NumSamples 1 (Frame:420).
[2017.04.28-14.41.52:641][674]Recompiling BattleTank...
[2017.04.28-14.41.52:641][674]Launching UnrealBuildTool... [C:/Program Files/Epic Games/UE_4.15/Engine/Binaries/DotNET/UnrealBuildTool.exe BattleTank -ModuleWithSuffix BattleTank 5401 Win64 Development -editorrecompile -canskiplink "C:/Users/Sarah/Documents/Unreal Projects/04_BattleTank/BattleTank/BattleTank.uproject" ]
[2017.04.28-14.41.52:643][674]Warning: Starting HotReload took  0.0s.
[2017.04.28-14.41.56:836][868]CompilerResultsLog: New page: Compilation - Apr 28, 2017, 4:41:56 PM
[2017.04.28-14.41.56:837][868]CompilerResultsLog: Info Compiling game modules for hot reload
[2017.04.28-14.41.56:837][868]CompilerResultsLog: Info Performing 3 actions (4 in parallel)
[2017.04.28-14.41.56:837][868]CompilerResultsLog: Info TankAIController.cpp
[2017.04.28-14.41.56:837][868]CompilerResultsLog: Info [2/3] Link UE4Editor-BattleTank-5401.dll
[2017.04.28-14.41.56:837][868]CompilerResultsLog: Info [3/3] Link UE4Editor-BattleTank-5401.lib
[2017.04.28-14.41.56:837][868]CompilerResultsLog: Info    Creating library C:\Users\Sarah\Documents\Unreal Projects\04_BattleTank\BattleTank\Intermediate\Build\Win64\UE4Editor\Development\UE4Editor-BattleTank-5401.lib and object C:\Users\Sarah\Documents\Unreal Projects\04_BattleTank\BattleTank\Intermediate\Build\Win64\UE4Editor\Development\UE4Editor-BattleTank-5401.exp
[2017.04.28-14.41.56:837][868]CompilerResultsLog: Info    Creating library C:\Users\Sarah\Documents\Unreal Projects\04_BattleTank\BattleTank\Intermediate\Build\Win64\UE4Editor\Development\UE4Editor-BattleTank-5401.suppressed.lib and object C:\Users\Sarah\Documents\Unreal Projects\04_BattleTank\BattleTank\Intermediate\Build\Win64\UE4Editor\Development\UE4Editor-BattleTank-5401.suppressed.exp
[2017.04.28-14.41.56:838][868]CompilerResultsLog: Info Total build time: 3.83 seconds (Local executor: 2.88 seconds)
[2017.04.28-14.41.56:838][868]LogMainFrame: MainFrame: Module compiling took 4.203 seconds
[2017.04.28-14.41.56:957][868]LogClass: EFiringStatus HotReload.
[2017.04.28-14.41.56:964][868]LogContentBrowser: Native class hierarchy updated for 'BattleTank' in 0.0036 seconds. Added 11 classes and 3 folders.
[2017.04.28-14.41.56:966][868]Display: HotReload successful (6 functions remapped  0 scriptstructs remapped)
[2017.04.28-14.41.57:037][868]LogContentBrowser: Native class hierarchy populated in 0.0145 seconds. Added 2257 classes and 457 folders.
[2017.04.28-14.41.57:037][868]Display: HotReload took  4.4s.
[2017.04.28-14.42.15:013][122]LogTemp: Repeting last play command: Selected Viewport
[2017.04.28-14.42.15:034][122]LogBlueprintUserMessages: Early PlayInEditor Detection: Level '/Game/Levels/BattleGround.BattleGround:PersistentLevel' has LevelScriptBlueprint '/Game/Levels/BattleGround.BattleGround:PersistentLevel.BattleGround' with GeneratedClass '/Game/Levels/BattleGround.BattleGround_C' with ClassGeneratedBy '/Game/Levels/BattleGround.BattleGround:PersistentLevel.BattleGround'
[2017.04.28-14.42.15:035][122]LogPlayLevel: PlayLevel: No blueprints needed recompiling
[2017.04.28-14.42.15:035][122]PIE: New page: PIE session: BattleGround (Apr 28, 2017, 4:42:15 PM)
[2017.04.28-14.42.15:035][122]LogPlayLevel: Creating play world package: /Game/Levels/UEDPIE_0_BattleGround
[2017.04.28-14.42.15:084][122]LogPlayLevel: PIE: StaticDuplicateObject took: (0.048682s)
[2017.04.28-14.42.15:085][122]LogAIModule: Creating AISystem for world BattleGround
[2017.04.28-14.42.15:085][122]LogPlayLevel: PIE: World Init took: (0.000875s)
[2017.04.28-14.42.15:085][122]LogPlayLevel: PIE: Created PIE world by copying editor world from /Game/Levels/BattleGround.BattleGround to /Game/Levels/UEDPIE_0_BattleGround.BattleGround (0.050124s)
[2017.04.28-14.42.15:111][122]LogInit: XAudio2 using 'Speakers (2- High Definition Audio Device)' : 2 channels at 44.1 kHz using 16 bits per sample (channel mask 0x3)
[2017.04.28-14.42.15:124][122]LogInit: FAudioDevice initialized.
[2017.04.28-14.42.15:181][122]LogLoad: Game class is 'BattleTankGameMode_BP_C'
[2017.04.28-14.42.15:188][122]LogWorld: Bringing World /Game/Levels/UEDPIE_0_BattleGround.BattleGround up for play (max tick rate 0) at 2017.04.28-15.42.15
[2017.04.28-14.42.15:189][122]LogWorld: Bringing up level for play took: 0.006387
[2017.04.28-14.42.15:270][122]LogContentBrowser: Native class hierarchy updated for 'MovieSceneCapture' in 0.0037 seconds. Added 11 classes and 0 folders.
[2017.04.28-14.42.15:273][122]LogTemp:Warning: Tank_BP_C_0 has been possessed by Player
[2017.04.28-14.42.15:274][122]PIE: Info Play in editor start time for /Game/Levels/UEDPIE_0_BattleGround 0.865
[2017.04.28-14.42.15:274][122]LogBlueprintUserMessages: Late PlayInEditor Detection: Level '/Game/Levels/BattleGround.BattleGround:PersistentLevel' has LevelScriptBlueprint '/Game/Levels/BattleGround.BattleGround:PersistentLevel.BattleGround' with GeneratedClass '/Game/Levels/BattleGround.BattleGround_C' with ClassGeneratedBy '/Game/Levels/BattleGround.BattleGround:PersistentLevel.BattleGround'
