Log file open, 05/02/17 16:14:59
LogInit:Display: Running engine for game: BattleTank
LogPlatformFile: Not using cached read wrapper
LogInit:Display: RandInit(-770571818) SRandInit(-770571818).
LogTaskGraph: Started task graph with 5 named threads and 8 total threads with 1 sets of task threads.
LogStats: Stats thread started at 0.067545
LogInit: Using libcurl 7.47.1
LogInit:  - built for x86_64-pc-win32
LogInit:  - supports SSL with OpenSSL/1.0.2g
LogInit:  - supports HTTP deflate (compression) using libz 1.2.8
LogInit:  - other features:
LogInit:      CURL_VERSION_SSL
LogInit:      CURL_VERSION_LIBZ
LogInit:      CURL_VERSION_IPV6
LogInit:      CURL_VERSION_ASYNCHDNS
LogInit:      CURL_VERSION_LARGEFILE
LogInit:      CURL_VERSION_IDN
LogInit:  CurlRequestOptions (configurable via config and command line):
LogInit:  - bVerifyPeer = false  - Libcurl will NOT verify peer certificate
LogInit:  - bUseHttpProxy = false  - Libcurl will NOT use HTTP proxy
LogInit:  - bDontReuseConnections = false  - Libcurl will reuse connections
LogInit:  - CertBundlePath = nullptr  - Libcurl will use whatever was configured at build time.
LogInit: Build: ++UE4+Release-4.15-CL-3348071
LogInit: Engine Version: 4.15.1-3348071+++UE4+Release-4.15
LogInit: Compatible Engine Version: 4.15.0-3299760+++UE4+Release-4.15
LogInit: Net CL: 3299760
LogDevObjectVersion: Number of dev versions registered: 14
LogDevObjectVersion:   Dev-Blueprints (B0D832E4-1F89-4F0D-ACCF-7EB736FD4AA2): 8
LogDevObjectVersion:   Dev-Build (E1C64328-A22C-4D53-A36C-8E866417BD8C): 0
LogDevObjectVersion:   Dev-Core (375EC13C-06E4-48FB-B500-84F0262A717E): 2
LogDevObjectVersion:   Dev-Editor (E4B068ED-F494-42E9-A231-DA0B2E46BB41): 14
LogDevObjectVersion:   Dev-Framework (CFFC743F-43B0-4480-9391-14DF171D2073): 22
LogDevObjectVersion:   Dev-Mobile (B02B49B5-BB20-44E9-A304-32B752E40360): 0
LogDevObjectVersion:   Dev-Networking (A4E4105C-59A1-49B5-A7C5-40C4547EDFEE): 0
LogDevObjectVersion:   Dev-Online (39C831C9-5AE6-47DC-9A44-9C173E1C8E7C): 0
LogDevObjectVersion:   Dev-Physics (78F01B33-EBEA-4F98-B9B4-84EACCB95AA2): 0
LogDevObjectVersion:   Dev-Platform (6631380F-2D4D-43E0-8009-CF276956A95A): 0
LogDevObjectVersion:   Dev-Rendering (12F88B9F-8875-4AFC-A67C-D90C383ABD29): 12
LogDevObjectVersion:   Dev-Sequencer (7B5AE74C-D270-4C10-A958-57980B212A5A): 3
LogDevObjectVersion:   Dev-VR (D7296918-1DD6-4BDD-9DE2-64A83CC13884): 0
LogDevObjectVersion:   Dev-LoadTimes (C2A15278-BFE7-4AFE-6C17-90FF531DF755): 1
LogInit: Compiled (64-bit): Mar 15 2017 16:52:47
LogInit: Compiled with Visual C++: 19.00.23026.00
LogInit: Build Configuration: Development
LogInit: Branch Name: ++UE4+Release-4.15
LogInit: Command line: -EpicPortal 
LogInit: Base directory: C:/Program Files/Epic Games/UE_4.15/Engine/Binaries/Win64/
LogInit: Installed Engine Build: 1
LogInit: Presizing for max 8388607 objects, including 0 objects not considered by GC, pre-allocating 0 bytes for permanent pool.
LogInit: Object subsystem initialized
[2017.05.02-15.15.00:086][  0]LogInit: Selected Device Profile: [Windows]
[2017.05.02-15.15.00:086][  0]LogInit: Applying CVar settings loaded from the selected device profile: [Windows]
[2017.05.02-15.15.00:102][  0]LogInit: Computer: DESKTOP-7RIOMGQ
[2017.05.02-15.15.00:102][  0]LogInit: User: Ed
[2017.05.02-15.15.00:102][  0]LogInit: CPU Page size=65536, Cores=4
[2017.05.02-15.15.00:102][  0]LogInit: High frequency timer resolution =3.421878 MHz
[2017.05.02-15.15.00:102][  0]LogMemory: Memory total: Physical=16.0GB (16GB approx)
[2017.05.02-15.15.00:102][  0]LogMemory: Platform Memory Stats for Windows
[2017.05.02-15.15.00:102][  0]LogMemory: Process Physical Memory: 263.64 MB used, 263.64 MB peak
[2017.05.02-15.15.00:102][  0]LogMemory: Process Virtual Memory: 259.41 MB used, 259.41 MB peak
[2017.05.02-15.15.00:102][  0]LogMemory: Physical Memory: 7309.04 MB used,  9031.94 MB free, 16340.98 MB total
[2017.05.02-15.15.00:102][  0]LogMemory: Virtual Memory: 640.96 MB used,  9031.94 MB free, 134217728.00 MB total
[2017.05.02-15.15.00:172][  0]LogTextLocalizationManager: No specific translations for ('en-GB') exist, so ('en') translations will be used.
[2017.05.02-15.15.00:619][  0]LogD3D11RHI: D3D11 adapters:
[2017.05.02-15.15.00:634][  0]LogD3D11RHI:    0. 'Radeon (TM) RX 480 Graphics' (Feature Level 11_0)
[2017.05.02-15.15.00:634][  0]LogD3D11RHI:       8140/0/8170 MB DedicatedVideo/DedicatedSystem/SharedSystem, Outputs:1, VendorId:0x1002
[2017.05.02-15.15.00:635][  0]LogD3D11RHI:    1. 'Microsoft Basic Render Driver' (Feature Level 11_0)
[2017.05.02-15.15.00:635][  0]LogD3D11RHI:       0/0/8170 MB DedicatedVideo/DedicatedSystem/SharedSystem, Outputs:0, VendorId:0x1414
[2017.05.02-15.15.00:635][  0]LogD3D11RHI: Chosen D3D11 Adapter: 0
[2017.05.02-15.15.00:640][  0]LogD3D11RHI: Creating new Direct3DDevice
[2017.05.02-15.15.00:640][  0]LogD3D11RHI:     GPU DeviceId: 0x67df (for the marketing name, search the web for "GPU Device Id")
[2017.05.02-15.15.00:640][  0]LogWindows: EnumDisplayDevices:
[2017.05.02-15.15.00:640][  0]LogWindows:    0. 'Radeon (TM) RX 480 Graphics' (P:1 D:1)
[2017.05.02-15.15.00:640][  0]LogWindows:    1. 'Radeon (TM) RX 480 Graphics' (P:0 D:0)
[2017.05.02-15.15.00:640][  0]LogWindows:    2. 'Radeon (TM) RX 480 Graphics' (P:0 D:0)
[2017.05.02-15.15.00:640][  0]LogWindows:    3. 'Radeon (TM) RX 480 Graphics' (P:0 D:0)
[2017.05.02-15.15.00:641][  0]LogWindows:    4. 'Radeon (TM) RX 480 Graphics' (P:0 D:0)
[2017.05.02-15.15.00:641][  0]LogWindows:    5. 'Radeon (TM) RX 480 Graphics' (P:0 D:0)
[2017.05.02-15.15.00:641][  0]LogWindows: DebugString: FoundDriverCount:6 
[2017.05.02-15.15.00:641][  0]LogD3D11RHI:     Adapter Name: Radeon (TM) RX 480 Graphics
[2017.05.02-15.15.00:641][  0]LogD3D11RHI:   Driver Version: Crimson 16.7.2 (internal:16.200.1035.1001, unified:16.200.1035.1001)
[2017.05.02-15.15.00:641][  0]LogD3D11RHI:      Driver Date: 7-8-2016
[2017.05.02-15.15.00:641][  0]LogRHI: Texture pool is 1361 MB (70% of 1945 MB)
[2017.05.02-15.15.01:088][  0]LogD3D11RHI: Async texture creation enabled
[2017.05.02-15.15.01:097][  0]LogD3D11RHI: GPU Timing Frequency: 25.000000 (Debug: 2 1)
[2017.05.02-15.15.01:097][  0]LogShaderCompilers: Guid format shader working directory is -35 characters bigger than the processId version (../../../../../../Users/Ed/Documents/Unreal Projects/04_BattleTank/BattleTank/Intermediate/Shaders/WorkingDirectory/31000/).
[2017.05.02-15.15.01:097][  0]LogShaderCompilers: Cleaned the shader compiler working directory 'C:/Users/Ed/AppData/Local/Temp/UnrealShaderWorkingDir/C08C458E44F19567003D99A49BD36DAA/'.
[2017.05.02-15.15.01:097][  0]LogShaderCompilers:Display: Using Local Shader Compiler.
[2017.05.02-15.15.01:865][  0]LogTemp:Display: Loaded TP AllDesktopTargetPlatform
[2017.05.02-15.15.01:905][  0]LogTemp:Display: Loaded TP MacClientTargetPlatform
[2017.05.02-15.15.01:948][  0]LogTemp:Display: Loaded TP MacNoEditorTargetPlatform
[2017.05.02-15.15.01:997][  0]LogTemp:Display: Loaded TP MacServerTargetPlatform
[2017.05.02-15.15.02:042][  0]LogTemp:Display: Loaded TP MacTargetPlatform
[2017.05.02-15.15.02:086][  0]LogTemp:Display: Loaded TP WindowsClientTargetPlatform
[2017.05.02-15.15.02:130][  0]LogTemp:Display: Loaded TP WindowsNoEditorTargetPlatform
[2017.05.02-15.15.02:173][  0]LogTemp:Display: Loaded TP WindowsServerTargetPlatform
[2017.05.02-15.15.02:206][  0]LogTemp:Display: Loaded TP WindowsTargetPlatform
[2017.05.02-15.15.02:249][  0]LogTemp:Display: Loaded TP AndroidTargetPlatform
[2017.05.02-15.15.02:291][  0]LogTemp:Display: Loaded TP Android_ASTCTargetPlatform
[2017.05.02-15.15.02:331][  0]LogTemp:Display: Loaded TP Android_ATCTargetPlatform
[2017.05.02-15.15.02:375][  0]LogTemp:Display: Loaded TP Android_DXTTargetPlatform
[2017.05.02-15.15.02:419][  0]LogTemp:Display: Loaded TP Android_ETC1TargetPlatform
[2017.05.02-15.15.02:458][  0]LogTemp:Display: Loaded TP Android_ETC2TargetPlatform
[2017.05.02-15.15.02:537][  0]LogTemp:Display: Loaded TP Android_MultiTargetPlatform
[2017.05.02-15.15.02:537][  0]LogTemp:Display: Loaded TP Android_PVRTCTargetPlatform
[2017.05.02-15.15.02:564][  0]LogTemp:Display: Loaded TP HTML5TargetPlatform
[2017.05.02-15.15.02:640][  0]LogTemp:Display: Loaded TP IOSTargetPlatform
[2017.05.02-15.15.02:666][  0]LogTemp:Display: Loaded TP TVOSTargetPlatform
[2017.05.02-15.15.02:705][  0]LogTemp:Display: Loaded TP LinuxClientTargetPlatform
[2017.05.02-15.15.02:743][  0]LogTemp:Display: Loaded TP LinuxNoEditorTargetPlatform
[2017.05.02-15.15.02:783][  0]LogTemp:Display: Loaded TP LinuxServerTargetPlatform
[2017.05.02-15.15.02:822][  0]LogTemp:Display: Loaded TP LinuxTargetPlatform
[2017.05.02-15.15.02:822][  0]LogTargetPlatformManager:Display: Building Assets For Windows
[2017.05.02-15.15.03:137][  0]LogDerivedDataCache:Display: Max Cache Size: 512 MB
[2017.05.02-15.15.03:174][  0]LogDerivedDataCache: Loaded boot cache 0.04s 50MB C:/Users/Ed/AppData/Local/UnrealEngine/4.15/DerivedDataCache/Boot.ddc.
[2017.05.02-15.15.03:174][  0]LogDerivedDataCache:Display: Loaded Boot cache: C:/Users/Ed/AppData/Local/UnrealEngine/4.15/DerivedDataCache/Boot.ddc
[2017.05.02-15.15.03:174][  0]LogDerivedDataCache: FDerivedDataBackendGraph:  Pak pak cache file ../../../../../../Users/Ed/Documents/Unreal Projects/04_BattleTank/BattleTank/DerivedDataCache/DDC.ddp not found, will not use a pak cache.
[2017.05.02-15.15.03:174][  0]LogDerivedDataCache: Unable to find inner node Pak for hierarchical cache Hierarchy.
[2017.05.02-15.15.03:174][  0]LogDerivedDataCache: FDerivedDataBackendGraph:  CompressedPak pak cache file ../../../../../../Users/Ed/Documents/Unreal Projects/04_BattleTank/BattleTank/DerivedDataCache/Compressed.ddp not found, will not use a pak cache.
[2017.05.02-15.15.03:174][  0]LogDerivedDataCache: Unable to find inner node CompressedPak for hierarchical cache Hierarchy.
[2017.05.02-15.15.03:188][  0]LogDerivedDataCache:Display: Pak cache opened for reading ../../../Engine/DerivedDataCache/Compressed.ddp.
[2017.05.02-15.15.03:200][  0]LogDerivedDataCache: Using Local data cache path C:/Users/Ed/AppData/Local/UnrealEngine/Common/DerivedDataCache: Writable
[2017.05.02-15.15.03:207][  0]LogSlate: Using Freetype 2.6.0
[2017.05.02-15.15.03:207][  0]LogSlate: SlateFontCache - WITH_FREETYPE: 1, WITH_HARFBUZZ: 1
[2017.05.02-15.15.03:207][  0]LogSlate: SlateFontCache - WITH_FREETYPE: 1, WITH_HARFBUZZ: 1
[2017.05.02-15.15.03:398][  0]LogInit: Selected Device Profile: [Windows]
[2017.05.02-15.15.03:400][  0]LogContentStreaming: Texture pool size is 0.00 MB
[2017.05.02-15.15.03:565][  0]LogMeshUtilities: Using QuadricMeshReduction for automatic static mesh reduction
[2017.05.02-15.15.03:596][  0]LogSimplygon: Simplygon DLL not present - disabling.
[2017.05.02-15.15.03:630][  0]LogMeshUtilities: Using SimplygonSwarm for distributed automatic mesh merging
[2017.05.02-15.15.03:630][  0]LogMeshUtilities: No automatic skeletal mesh reduction module available
[2017.05.02-15.15.03:630][  0]LogMeshUtilities: No automatic mesh merging module available
[2017.05.02-15.15.04:009][  0]LogNetVersion: GetLocalNetworkVersion: CL: 3299760, ProjectName: battletank, ProjectVersion: , EngineNetworkVersion: 2, GameNetworkVersion: 0, NetworkChecksum: 2512795372
[2017.05.02-15.15.04:048][  0]LogAssetRegistry: FAssetRegistry took 0.0219 seconds to start up
[2017.05.02-15.15.04:083][  0]LogPackageLocalizationCache: Processed 3 localized package path(s) for 2 prioritized culture(s) in 0.020340 seconds
[2017.05.02-15.15.04:087][  0]LogUObjectArray: 32493 objects as part of root set at end of initial load.
[2017.05.02-15.15.04:087][  0]LogUObjectAllocator: 7077024 out of 0 bytes used by permanent object pool.
[2017.05.02-15.15.04:087][  0]LogUObjectArray: CloseDisregardForGC: 0/0 objects in disregard for GC pool
[2017.05.02-15.15.04:139][  0]LogInit: WinSock: version 1.1 (2.2), MaxSocks=32767, MaxUdp=65467
[2017.05.02-15.15.05:292][  0]LogTcpMessaging: Initializing TcpMessaging bridge
[2017.05.02-15.15.05:323][  0]LogUdpMessaging: Initializing bridge on interface 0.0.0.0:0 to multicast group 230.0.0.1:6666.
[2017.05.02-15.15.05:688][  0]LogMaterial: Uniform references updated for custom material expression Custom.
[2017.05.02-15.15.05:968][  0]SourceControl: Info Source control is disabled
[2017.05.02-15.15.05:987][  0]SourceControl: Info Source control is disabled
[2017.05.02-15.15.06:020][  0]SourceControl: Info Source control is disabled
[2017.05.02-15.15.06:052][  0]SourceControl: Info Source control is disabled
[2017.05.02-15.15.06:912][  0]LogEngine: Initializing Engine...
[2017.05.02-15.15.06:912][  0]LogHMD: Failed to initialize OpenVR with code 110
[2017.05.02-15.15.07:099][  0]LogAIModule: Creating AISystem for world Untitled
[2017.05.02-15.15.07:107][  0]LogInit: XAudio2 using '1 - Acer XR341CK (AMD High Definition Audio Device)' : 2 channels at 48 kHz using 16 bits per sample (channel mask 0x3)
[2017.05.02-15.15.07:120][  0]LogInit: FAudioDevice initialized.
[2017.05.02-15.15.07:138][  0]LogDerivedDataCache: Saved boot cache 0.02s 50MB C:/Users/Ed/AppData/Local/UnrealEngine/4.15/DerivedDataCache/Boot.ddc.
[2017.05.02-15.15.07:141][  0]LogInit: Texture streaming: Enabled
[2017.05.02-15.15.07:206][  0]LogEngineSessionManager: EngineSessionManager initialized
[2017.05.02-15.15.07:268][  0]LogInit: Transaction tracking system initialized
[2017.05.02-15.15.07:503][  0]BlueprintLog: New page: Editor Load
[2017.05.02-15.15.08:154][  0]LocalizationService: Info Localization service is disabled
[2017.05.02-15.15.08:627][  0]LogConsoleResponse:Display: 
[2017.05.02-15.15.08:723][  0]LogCook:Display: Max memory allowance for cook 16384mb min free memory 0mb
[2017.05.02-15.15.08:723][  0]LogCook:Display: Mobile HDR setting 1
[2017.05.02-15.15.09:038][  0]LogFileCache: Scanning file cache for directory 'C:/Users/Ed/Documents/Unreal Projects/04_BattleTank/BattleTank/Content/' took 0.01s
[2017.05.02-15.15.09:437][  0]SourceControl: Info Source control is disabled
[2017.05.02-15.15.09:482][  0]LogWindowsTextInputMethodSystem:Display: IME system now deactivated.
[2017.05.02-15.15.09:504][  0]LogSlate: Took 0.000147 seconds to synchronously load lazily loaded font '../../../Engine/Content/Slate/Fonts/Roboto-Regular.ttf' (155K)
[2017.05.02-15.17.13:431][  0]LogWindowsTextInputMethodSystem:Display: IME system now deactivated.
[2017.05.02-15.17.13:432][  0]LogWindowsTextInputMethodSystem:Display: IME system now deactivated.
[2017.05.02-15.17.15:149][  0]LogWindowsTextInputMethodSystem:Display: IME system now deactivated.
[2017.05.02-15.17.15:150][  0]LogWindowsTextInputMethodSystem:Display: IME system now deactivated.
[2017.05.02-15.17.15:157][  0]Cmd: MAP LOAD FILE="../../../../../../Users/Ed/Documents/Unreal Projects/04_BattleTank/BattleTank/Content/Levels/BattleGround.umap" TEMPLATE=0 SHOWPROGRESS=1 FEATURELEVEL=3
[2017.05.02-15.17.15:157][  0]LightingResults: New page: Lighting Build
[2017.05.02-15.17.15:191][  0]MapCheck: New page: Map Check
[2017.05.02-15.17.15:191][  0]LightingResults: New page: Lighting Build
[2017.05.02-15.17.15:574][  0]LogAIModule: Creating AISystem for world BattleGround
[2017.05.02-15.17.15:612][  0]LogEditorServer: Finished looking for orphan Actors (0.000 secs)
[2017.05.02-15.17.15:613][  0]Cmd: MAP CHECKDEP NOCLEARLOG
[2017.05.02-15.17.15:648][  0]MapCheck: Info Map check complete: 0 Error(s), 0 Warning(s), took 35.377ms to complete.
[2017.05.02-15.17.15:648][  0]LogFileHelpers: Loading map 'BattleGround' took 0.491
[2017.05.02-15.17.15:745][  0]LogStats:Warning: MetaData mismatch. Did you assign a stat to two groups? New //STATGROUP_Threads//SplashScreenThread///Thread_2ca0_0///####STATCAT_Advanced#### old //STATGROUP_Threads//SplashScreenThread///Thread_7af4_0///####STATCAT_Advanced####
[2017.05.02-15.17.15:745][  0]LogCollectionManager: Loaded 1 collections in 0.001107 seconds
[2017.05.02-15.17.15:812][  0]LogFileCache: Scanning file cache for directory 'C:/Users/Ed/Documents/Unreal Projects/04_BattleTank/BattleTank/Saved/Collections/' took 0.01s
[2017.05.02-15.17.15:812][  0]LogFileCache: Scanning file cache for directory 'C:/Users/Ed/Documents/Unreal Projects/04_BattleTank/BattleTank/Content/Developers/Ed/Collections/' took 0.01s
[2017.05.02-15.17.15:812][  0]LogFileCache: Scanning file cache for directory 'C:/Users/Ed/Documents/Unreal Projects/04_BattleTank/BattleTank/Content/Collections/' took 0.01s
[2017.05.02-15.17.15:812][  0]LogCollectionManager: Rebuilt the GUID cache for 1 collections in 0.000003 seconds
[2017.05.02-15.17.15:812][  0]LogCollectionManager: Rebuilt the hierarchy cache for 1 collections in 0.000000 seconds
[2017.05.02-15.17.15:820][  0]LogContentBrowser: Native class hierarchy populated in 0.0076 seconds. Added 2256 classes and 456 folders.
[2017.05.02-15.17.15:822][  0]LogStats: UGameplayTagsManager::ConstructGameplayTagTree: Construct from data asset -  0.000 s
[2017.05.02-15.17.15:822][  0]LogStats: UGameplayTagsManager::ConstructGameplayTagTree: GameplayTagTreeChangedEvent.Broadcast -  0.000 s
[2017.05.02-15.17.15:866][  0]LogContentBrowser: Native class hierarchy updated for 'WidgetCarousel' in 0.0015 seconds. Added 0 classes and 0 folders.
[2017.05.02-15.17.15:893][  0]LogContentBrowser: Native class hierarchy updated for 'AddContentDialog' in 0.0015 seconds. Added 0 classes and 0 folders.
[2017.05.02-15.17.15:927][  0]LogContentBrowser: Native class hierarchy updated for 'SceneOutliner' in 0.0015 seconds. Added 1 classes and 2 folders.
[2017.05.02-15.17.15:963][  0]LogCrashTracker: Crashtracker disabled due to settings.
[2017.05.02-15.17.15:966][  0]LogUObjectGlobals:Warning: Failed to find object 'Class None.'
[2017.05.02-15.17.16:018][  0]LogContentBrowser: Native class hierarchy updated for 'HierarchicalLODOutliner' in 0.0015 seconds. Added 1 classes and 2 folders.
[2017.05.02-15.17.16:018][  0]LogLoad: (Engine Initialization) Total time: 137.38 seconds
[2017.05.02-15.17.16:018][  0]LogLoad: (Engine Initialization) Total Blueprint compile time: 0.09 seconds
[2017.05.02-15.17.16:018][  0]LogExternalProfiler: No external profilers were discovered.  External profiling features will not be available.
[2017.05.02-15.17.16:027][  0]LogOcInput: OculusInput pre-init called
[2017.05.02-15.17.16:040][  0]LogAssetRegistry: Asset discovery search completed in 132.0139 seconds
[2017.05.02-15.17.16:040][  0]LogCollectionManager: Rebuilt the object cache for 1 collections in 0.000003 seconds (found 0 objects)
[2017.05.02-15.17.16:040][  0]LogCollectionManager: Fixed up redirectors for 1 collections in 0.000016 seconds (updated 0 objects)
[2017.05.02-15.17.16:043][  0]LogContentStreaming: Texture pool size now 1000 MB
[2017.05.02-15.17.16:051][  0]LogSlate: Took 0.000126 seconds to synchronously load lazily loaded font '../../../Engine/Content/Slate/Fonts/Roboto-Bold.ttf' (160K)
[2017.05.02-15.17.16:054][  0]LogSlate: Took 0.000143 seconds to synchronously load lazily loaded font '../../../Engine/Content/Editor/Slate/Fonts/FontAwesome.ttf' (139K)
[2017.05.02-15.17.16:182][  1]LogRenderer: Reallocating scene render targets to support 1140x736 NumSamples 1 (Frame:2).
[2017.05.02-15.17.22:645][736]Recompiling BattleTank...
[2017.05.02-15.17.22:645][736]Launching UnrealBuildTool... [C:/Program Files/Epic Games/UE_4.15/Engine/Binaries/DotNET/UnrealBuildTool.exe BattleTank -ModuleWithSuffix BattleTank 2918 Win64 Development -editorrecompile -canskiplink "C:/Users/Ed/Documents/Unreal Projects/04_BattleTank/BattleTank/BattleTank.uproject" ]
[2017.05.02-15.17.22:646][736]Warning: Starting HotReload took  0.0s.
[2017.05.02-15.17.25:414][ 56]CompilerResultsLog: New page: Compilation - 2 May 2017 17:17:25
[2017.05.02-15.17.25:414][ 56]CompilerResultsLog: Info Compiling game modules for hot reload
[2017.05.02-15.17.25:414][ 56]CompilerResultsLog: Info Target is up to date
[2017.05.02-15.17.25:414][ 56]CompilerResultsLog: Info Total build time: 2.57 seconds (NoActionsToExecute executor: 0.00 seconds)
[2017.05.02-15.17.25:414][ 56]LogMainFrame: MainFrame: Module compiling took 2.773 seconds
[2017.05.02-15.17.25:434][ 56]LogContentBrowser: Native class hierarchy populated in 0.0081 seconds. Added 2258 classes and 460 folders.
[2017.05.02-15.17.25:434][ 56]Display: HotReload took  2.8s.
[2017.05.02-15.17.27:055][245]LogTemp: Repeting last play command: Selected Viewport
[2017.05.02-15.17.27:069][245]LogBlueprintUserMessages: Early PlayInEditor Detection: Level '/Game/Levels/BattleGround.BattleGround:PersistentLevel' has LevelScriptBlueprint '/Game/Levels/BattleGround.BattleGround:PersistentLevel.BattleGround' with GeneratedClass '/Game/Levels/BattleGround.BattleGround_C' with ClassGeneratedBy '/Game/Levels/BattleGround.BattleGround:PersistentLevel.BattleGround'
[2017.05.02-15.17.27:069][245]LogPlayLevel: PlayLevel: No blueprints needed recompiling
[2017.05.02-15.17.27:069][245]PIE: New page: PIE session: BattleGround (2 May 2017 17:17:27)
[2017.05.02-15.17.27:069][245]LogPlayLevel: Creating play world package: /Game/Levels/UEDPIE_0_BattleGround
[2017.05.02-15.17.27:096][245]LogPlayLevel: PIE: StaticDuplicateObject took: (0.026889s)
[2017.05.02-15.17.27:096][245]LogAIModule: Creating AISystem for world BattleGround
[2017.05.02-15.17.27:097][245]LogPlayLevel: PIE: World Init took: (0.000518s)
[2017.05.02-15.17.27:097][245]LogPlayLevel: PIE: Created PIE world by copying editor world from /Game/Levels/BattleGround.BattleGround to /Game/Levels/UEDPIE_0_BattleGround.BattleGround (0.027587s)
[2017.05.02-15.17.27:107][245]LogInit: XAudio2 using '1 - Acer XR341CK (AMD High Definition Audio Device)' : 2 channels at 48 kHz using 16 bits per sample (channel mask 0x3)
[2017.05.02-15.17.27:112][245]LogInit: FAudioDevice initialized.
[2017.05.02-15.17.27:150][245]LogLoad: Game class is 'BattleTankGameMode_BP_C'
[2017.05.02-15.17.27:154][245]LogWorld: Bringing World /Game/Levels/UEDPIE_0_BattleGround.BattleGround up for play (max tick rate 0) at 2017.05.02-16.17.27
[2017.05.02-15.17.27:155][245]LogWorld: Bringing up level for play took: 0.003511
[2017.05.02-15.17.27:190][245]LogContentBrowser: Native class hierarchy updated for 'MovieSceneCapture' in 0.0015 seconds. Added 11 classes and 0 folders.
[2017.05.02-15.17.27:192][245]PIE: Info Play in editor start time for /Game/Levels/UEDPIE_0_BattleGround 0.022
[2017.05.02-15.17.27:192][245]LogBlueprintUserMessages: Late PlayInEditor Detection: Level '/Game/Levels/BattleGround.BattleGround:PersistentLevel' has LevelScriptBlueprint '/Game/Levels/BattleGround.BattleGround:PersistentLevel.BattleGround' with GeneratedClass '/Game/Levels/BattleGround.BattleGround_C' with ClassGeneratedBy '/Game/Levels/BattleGround.BattleGround:PersistentLevel.BattleGround'
[2017.05.02-15.18.29:847][739]LogBlueprintUserMessages: Early EndPlayMap Detection: Level '/Game/Levels/BattleGround.BattleGround:PersistentLevel' has LevelScriptBlueprint '/Game/Levels/BattleGround.BattleGround:PersistentLevel.BattleGround' with GeneratedClass '/Game/Levels/BattleGround.BattleGround_C' with ClassGeneratedBy '/Game/Levels/BattleGround.BattleGround:PersistentLevel.BattleGround'
[2017.05.02-15.18.29:880][739]LogBlueprintUserMessages: Late EndPlayMap Detection: Level '/Game/Levels/BattleGround.BattleGround:PersistentLevel' has LevelScriptBlueprint '/Game/Levels/BattleGround.BattleGround:PersistentLevel.BattleGround' with GeneratedClass '/Game/Levels/BattleGround.BattleGround_C' with ClassGeneratedBy '/Game/Levels/BattleGround.BattleGround:PersistentLevel.BattleGround'
[2017.05.02-15.25.27:731][ 81]LogSlate: Took 0.000115 seconds to synchronously load lazily loaded font '../../../Engine/Content/Slate/Fonts/Roboto-Light.ttf' (159K)
[2017.05.02-15.25.28:063][ 81]LogContentBrowser: Native class hierarchy updated for 'BlueprintGraph' in 0.0017 seconds. Added 112 classes and 0 folders.
[2017.05.02-15.25.28:501][ 81]LogSlate: Took 0.000169 seconds to synchronously load lazily loaded font '../../../Engine/Content/Slate/Fonts/Roboto-Regular.ttf' (155K)
[2017.05.02-15.25.30:457][226]LogSlate: Took 0.000143 seconds to synchronously load lazily loaded font '../../../Engine/Content/Editor/Slate/Fonts/Roboto-BoldCondensed.ttf' (158K)
[2017.05.02-15.25.34:185][647]LogSlate: Took 0.000144 seconds to synchronously load lazily loaded font '../../../Engine/Content/Editor/Slate/Fonts/Roboto-Italic.ttf' (157K)
[2017.05.02-15.25.55:777][971]LogTemp: Repeting last play command: Selected Viewport
[2017.05.02-15.25.55:797][971]LogBlueprintUserMessages: Early PlayInEditor Detection: Level '/Game/Levels/BattleGround.BattleGround:PersistentLevel' has LevelScriptBlueprint '/Game/Levels/BattleGround.BattleGround:PersistentLevel.BattleGround' with GeneratedClass '/Game/Levels/BattleGround.BattleGround_C' with ClassGeneratedBy '/Game/Levels/BattleGround.BattleGround:PersistentLevel.BattleGround'
[2017.05.02-15.25.55:797][971]LogPlayLevel: PlayLevel: No blueprints needed recompiling
[2017.05.02-15.25.55:797][971]PIE: New page: PIE session: BattleGround (2 May 2017 17:25:55)
[2017.05.02-15.25.55:797][971]LogPlayLevel: Creating play world package: /Game/Levels/UEDPIE_0_BattleGround
[2017.05.02-15.25.55:822][971]LogPlayLevel: PIE: StaticDuplicateObject took: (0.025351s)
[2017.05.02-15.25.55:823][971]LogAIModule: Creating AISystem for world BattleGround
[2017.05.02-15.25.55:823][971]LogPlayLevel: PIE: World Init took: (0.000638s)
[2017.05.02-15.25.55:823][971]LogPlayLevel: PIE: Created PIE world by copying editor world from /Game/Levels/BattleGround.BattleGround to /Game/Levels/UEDPIE_0_BattleGround.BattleGround (0.026201s)
[2017.05.02-15.25.55:842][971]LogInit: XAudio2 using '1 - Acer XR341CK (AMD High Definition Audio Device)' : 2 channels at 48 kHz using 16 bits per sample (channel mask 0x3)
[2017.05.02-15.25.55:848][971]LogInit: FAudioDevice initialized.
[2017.05.02-15.25.55:878][971]LogLoad: Game class is 'BattleTankGameMode_BP_C'
[2017.05.02-15.25.55:881][971]LogWorld: Bringing World /Game/Levels/UEDPIE_0_BattleGround.BattleGround up for play (max tick rate 0) at 2017.05.02-16.25.55
[2017.05.02-15.25.55:882][971]LogWorld: Bringing up level for play took: 0.003411
[2017.05.02-15.25.55:884][971]PIE: Info Play in editor start time for /Game/Levels/UEDPIE_0_BattleGround 0.714
[2017.05.02-15.25.55:884][971]LogBlueprintUserMessages: Late PlayInEditor Detection: Level '/Game/Levels/BattleGround.BattleGround:PersistentLevel' has LevelScriptBlueprint '/Game/Levels/BattleGround.BattleGround:PersistentLevel.BattleGround' with GeneratedClass '/Game/Levels/BattleGround.BattleGround_C' with ClassGeneratedBy '/Game/Levels/BattleGround.BattleGround:PersistentLevel.BattleGround'
[2017.05.02-15.26.12:652][969]Cmd: SELECT NONE
[2017.05.02-15.35.08:027][940]LogBlueprintUserMessages: Early EndPlayMap Detection: Level '/Game/Levels/BattleGround.BattleGround:PersistentLevel' has LevelScriptBlueprint '/Game/Levels/BattleGround.BattleGround:PersistentLevel.BattleGround' with GeneratedClass '/Game/Levels/BattleGround.BattleGround_C' with ClassGeneratedBy '/Game/Levels/BattleGround.BattleGround:PersistentLevel.BattleGround'
[2017.05.02-15.35.08:063][940]LogBlueprintUserMessages: Late EndPlayMap Detection: Level '/Game/Levels/BattleGround.BattleGround:PersistentLevel' has LevelScriptBlueprint '/Game/Levels/BattleGround.BattleGround:PersistentLevel.BattleGround' with GeneratedClass '/Game/Levels/BattleGround.BattleGround_C' with ClassGeneratedBy '/Game/Levels/BattleGround.BattleGround:PersistentLevel.BattleGround'
[2017.05.02-15.35.49:073][216]Recompiling BattleTank...
[2017.05.02-15.35.49:073][216]Launching UnrealBuildTool... [C:/Program Files/Epic Games/UE_4.15/Engine/Binaries/DotNET/UnrealBuildTool.exe BattleTank -ModuleWithSuffix BattleTank 9115 Win64 Development -editorrecompile -canskiplink "C:/Users/Ed/Documents/Unreal Projects/04_BattleTank/BattleTank/BattleTank.uproject" ]
[2017.05.02-15.35.49:074][216]Warning: Starting HotReload took  0.1s.
[2017.05.02-15.36.01:713][770]CompilerResultsLog: New page: Compilation - 2 May 2017 17:36:01
[2017.05.02-15.36.01:714][770]CompilerResultsLog: Info Compiling game modules for hot reload
[2017.05.02-15.36.01:714][770]CompilerResultsLog: Info Parsing headers for BattleTankEditor
[2017.05.02-15.36.01:714][770]CompilerResultsLog: Info   Running UnrealHeaderTool "C:\Users\Ed\Documents\Unreal Projects\04_BattleTank\BattleTank\BattleTank.uproject" "C:\Users\Ed\Documents\Unreal Projects\04_BattleTank\BattleTank\Intermediate\Build\Win64\BattleTankEditor\Development\BattleTankEditor.uhtmanifest" -LogCmds="loginit warning, logexit warning, logdatabase error" -Unattended -WarningsAsErrors -installed
[2017.05.02-15.36.01:714][770]CompilerResultsLog: Info Reflection code generated for BattleTankEditor in 6.3952429 seconds
[2017.05.02-15.36.01:714][770]CompilerResultsLog: Info Performing 5 actions (4 in parallel)
[2017.05.02-15.36.01:714][770]CompilerResultsLog: Info Projectile.cpp
[2017.05.02-15.36.01:714][770]CompilerResultsLog: Info BattleTank.generated.cpp
[2017.05.02-15.36.01:714][770]CompilerResultsLog: Info TankAimingComponent.cpp
[2017.05.02-15.36.01:714][770]CompilerResultsLog:Error: Error C:\Users\Ed\Documents\Unreal Projects\04_BattleTank\BattleTank\Source\BattleTank\Private\TankAimingComponent.cpp(104) : warning C4458: declaration of 'AimDirection' hides class member
[2017.05.02-15.36.01:714][770]CompilerResultsLog:Error: Error C:\Users\Ed\Documents\Unreal Projects\04_BattleTank\BattleTank\Source\BattleTank\Public\TankAimingComponent.h(49) : note: see declaration of 'UTankAimingComponent::AimDirection'
[2017.05.02-15.36.01:714][770]CompilerResultsLog:Error: Error C:\Users\Ed\Documents\Unreal Projects\04_BattleTank\BattleTank\Source\BattleTank\Private\TankAimingComponent.cpp(115) : warning C4458: declaration of 'AimDirection' hides class member
[2017.05.02-15.36.01:714][770]CompilerResultsLog:Error: Error C:\Users\Ed\Documents\Unreal Projects\04_BattleTank\BattleTank\Source\BattleTank\Public\TankAimingComponent.h(49) : note: see declaration of 'UTankAimingComponent::AimDirection'
[2017.05.02-15.36.01:714][770]CompilerResultsLog: Info [4/5] Link UE4Editor-BattleTank-9115.dll
[2017.05.02-15.36.01:714][770]CompilerResultsLog: Info [5/5] Link UE4Editor-BattleTank-9115.lib
[2017.05.02-15.36.01:714][770]CompilerResultsLog: Info    Creating library C:\Users\Ed\Documents\Unreal Projects\04_BattleTank\BattleTank\Intermediate\Build\Win64\UE4Editor\Development\UE4Editor-BattleTank-9115.lib and object C:\Users\Ed\Documents\Unreal Projects\04_BattleTank\BattleTank\Intermediate\Build\Win64\UE4Editor\Development\UE4Editor-BattleTank-9115.exp
[2017.05.02-15.36.01:714][770]CompilerResultsLog: Info    Creating library C:\Users\Ed\Documents\Unreal Projects\04_BattleTank\BattleTank\Intermediate\Build\Win64\UE4Editor\Development\UE4Editor-BattleTank-9115.suppressed.lib and object C:\Users\Ed\Documents\Unreal Projects\04_BattleTank\BattleTank\Intermediate\Build\Win64\UE4Editor\Development\UE4Editor-BattleTank-9115.suppressed.exp
[2017.05.02-15.36.01:714][770]CompilerResultsLog: Info Total build time: 12.28 seconds (Local executor: 2.71 seconds)
[2017.05.02-15.36.01:714][770]LogMainFrame: MainFrame: Module compiling took 12.645 seconds
[2017.05.02-15.36.01:778][770]LogClass: Could not find existing class Projectile in package /Script/BattleTank for HotReload, assuming new class
[2017.05.02-15.36.01:778][770]LogClass: Function OnHit is new.
[2017.05.02-15.36.01:784][770]LogClass: EFiringStatus HotReload.
[2017.05.02-15.36.01:788][770]LogHotReload: Re-instancing Projectile after hot-reload.
[2017.05.02-15.36.02:068][770]LogContentBrowser: Native class hierarchy updated for 'BattleTank' in 0.0017 seconds. Added 11 classes and 3 folders.
[2017.05.02-15.36.02:070][770]Display: HotReload successful (8 functions remapped  0 scriptstructs remapped)
[2017.05.02-15.36.02:333][770]LogContentBrowser: Native class hierarchy populated in 0.0083 seconds. Added 2258 classes and 460 folders.
[2017.05.02-15.36.02:333][770]Display: HotReload took 13.3s.
[2017.05.02-15.36.18:981][429]BlueprintLog: New page: Compile Projectile_BP
[2017.05.02-15.36.19:689][468]Cmd: OBJ SAVEPACKAGE PACKAGE="/Game/Tank/Projectile_BP" FILE="../../../../../../Users/Ed/Documents/Unreal Projects/04_BattleTank/BattleTank/Content/Tank/Projectile_BP.uasset" SILENT=true
[2017.05.02-15.36.19:747][468]LogSavePackage: Save=34.51ms
[2017.05.02-15.36.19:747][468]LogSavePackage: Moving '../../../../../../Users/Ed/Documents/Unreal Projects/04_BattleTank/BattleTank/Saved/Projectile_BP5CC692D241ADA5BD26D2DE9F6D30B7E2.tmp' to '../../../../../../Users/Ed/Documents/Unreal Projects/04_BattleTank/BattleTank/Content/Tank/Projectile_BP.uasset'
[2017.05.02-15.36.19:751][468]LogSavePackage:Display: Finished SavePackage ../../../../../../Users/Ed/Documents/Unreal Projects/04_BattleTank/BattleTank/Content/Tank/Projectile_BP.uasset
[2017.05.02-15.36.21:730][695]LogTemp: Repeting last play command: Selected Viewport
[2017.05.02-15.36.21:745][695]LogBlueprintUserMessages: Early PlayInEditor Detection: Level '/Game/Levels/BattleGround.BattleGround:PersistentLevel' has LevelScriptBlueprint '/Game/Levels/BattleGround.BattleGround:PersistentLevel.BattleGround' with GeneratedClass '/Game/Levels/BattleGround.BattleGround_C' with ClassGeneratedBy '/Game/Levels/BattleGround.BattleGround:PersistentLevel.BattleGround'
[2017.05.02-15.36.21:745][695]LogPlayLevel: PlayLevel: No blueprints needed recompiling
[2017.05.02-15.36.21:745][695]PIE: New page: PIE session: BattleGround (2 May 2017 17:36:21)
[2017.05.02-15.36.21:745][695]LogPlayLevel: Creating play world package: /Game/Levels/UEDPIE_0_BattleGround
[2017.05.02-15.36.21:769][695]LogPlayLevel: PIE: StaticDuplicateObject took: (0.023756s)
[2017.05.02-15.36.21:769][695]LogAIModule: Creating AISystem for world BattleGround
[2017.05.02-15.36.21:769][695]LogPlayLevel: PIE: World Init took: (0.000580s)
[2017.05.02-15.36.21:769][695]LogPlayLevel: PIE: Created PIE world by copying editor world from /Game/Levels/BattleGround.BattleGround to /Game/Levels/UEDPIE_0_BattleGround.BattleGround (0.024525s)
[2017.05.02-15.36.21:796][695]LogInit: XAudio2 using '1 - Acer XR341CK (AMD High Definition Audio Device)' : 2 channels at 48 kHz using 16 bits per sample (channel mask 0x3)
[2017.05.02-15.36.21:801][695]LogInit: FAudioDevice initialized.
[2017.05.02-15.36.21:829][695]LogLoad: Game class is 'BattleTankGameMode_BP_C'
[2017.05.02-15.36.21:832][695]LogWorld: Bringing World /Game/Levels/UEDPIE_0_BattleGround.BattleGround up for play (max tick rate 0) at 2017.05.02-16.36.21
[2017.05.02-15.36.21:833][695]LogWorld: Bringing up level for play took: 0.003569
[2017.05.02-15.36.21:835][695]PIE: Info Play in editor start time for /Game/Levels/UEDPIE_0_BattleGround 0.664
[2017.05.02-15.36.21:835][695]LogBlueprintUserMessages: Late PlayInEditor Detection: Level '/Game/Levels/BattleGround.BattleGround:PersistentLevel' has LevelScriptBlueprint '/Game/Levels/BattleGround.BattleGround:PersistentLevel.BattleGround' with GeneratedClass '/Game/Levels/BattleGround.BattleGround_C' with ClassGeneratedBy '/Game/Levels/BattleGround.BattleGround:PersistentLevel.BattleGround'
[2017.05.02-15.36.42:903][212]Cmd: SELECT NONE
[2017.05.02-15.36.44:132][355]LogBlueprintUserMessages: Early EndPlayMap Detection: Level '/Game/Levels/BattleGround.BattleGround:PersistentLevel' has LevelScriptBlueprint '/Game/Levels/BattleGround.BattleGround:PersistentLevel.BattleGround' with GeneratedClass '/Game/Levels/BattleGround.BattleGround_C' with ClassGeneratedBy '/Game/Levels/BattleGround.BattleGround:PersistentLevel.BattleGround'
[2017.05.02-15.36.44:166][355]LogBlueprintUserMessages: Late EndPlayMap Detection: Level '/Game/Levels/BattleGround.BattleGround:PersistentLevel' has LevelScriptBlueprint '/Game/Levels/BattleGround.BattleGround:PersistentLevel.BattleGround' with GeneratedClass '/Game/Levels/BattleGround.BattleGround_C' with ClassGeneratedBy '/Game/Levels/BattleGround.BattleGround:PersistentLevel.BattleGround'
[2017.05.02-15.36.53:153][427]LogTemp: Repeting last play command: Selected Viewport
[2017.05.02-15.36.53:168][427]LogBlueprintUserMessages: Early PlayInEditor Detection: Level '/Game/Levels/BattleGround.BattleGround:PersistentLevel' has LevelScriptBlueprint '/Game/Levels/BattleGround.BattleGround:PersistentLevel.BattleGround' with GeneratedClass '/Game/Levels/BattleGround.BattleGround_C' with ClassGeneratedBy '/Game/Levels/BattleGround.BattleGround:PersistentLevel.BattleGround'
[2017.05.02-15.36.53:168][427]LogPlayLevel: PlayLevel: No blueprints needed recompiling
[2017.05.02-15.36.53:168][427]PIE: New page: PIE session: BattleGround (2 May 2017 17:36:53)
[2017.05.02-15.36.53:168][427]LogPlayLevel: Creating play world package: /Game/Levels/UEDPIE_0_BattleGround
[2017.05.02-15.36.53:191][427]LogPlayLevel: PIE: StaticDuplicateObject took: (0.023747s)
[2017.05.02-15.36.53:192][427]LogAIModule: Creating AISystem for world BattleGround
[2017.05.02-15.36.53:192][427]LogPlayLevel: PIE: World Init took: (0.000550s)
[2017.05.02-15.36.53:192][427]LogPlayLevel: PIE: Created PIE world by copying editor world from /Game/Levels/BattleGround.BattleGround to /Game/Levels/UEDPIE_0_BattleGround.BattleGround (0.024475s)
[2017.05.02-15.36.53:207][427]LogInit: XAudio2 using '1 - Acer XR341CK (AMD High Definition Audio Device)' : 2 channels at 48 kHz using 16 bits per sample (channel mask 0x3)
[2017.05.02-15.36.53:235][427]LogInit: FAudioDevice initialized.
[2017.05.02-15.36.53:261][427]LogLoad: Game class is 'BattleTankGameMode_BP_C'
[2017.05.02-15.36.53:264][427]LogWorld: Bringing World /Game/Levels/UEDPIE_0_BattleGround.BattleGround up for play (max tick rate 0) at 2017.05.02-16.36.53
[2017.05.02-15.36.53:265][427]LogWorld: Bringing up level for play took: 0.003425
[2017.05.02-15.36.53:266][427]PIE: Info Play in editor start time for /Game/Levels/UEDPIE_0_BattleGround 0.096
[2017.05.02-15.36.53:267][427]LogBlueprintUserMessages: Late PlayInEditor Detection: Level '/Game/Levels/BattleGround.BattleGround:PersistentLevel' has LevelScriptBlueprint '/Game/Levels/BattleGround.BattleGround:PersistentLevel.BattleGround' with GeneratedClass '/Game/Levels/BattleGround.BattleGround_C' with ClassGeneratedBy '/Game/Levels/BattleGround.BattleGround:PersistentLevel.BattleGround'
[2017.05.02-15.37.57:413][117]LogBlueprintUserMessages: Early EndPlayMap Detection: Level '/Game/Levels/BattleGround.BattleGround:PersistentLevel' has LevelScriptBlueprint '/Game/Levels/BattleGround.BattleGround:PersistentLevel.BattleGround' with GeneratedClass '/Game/Levels/BattleGround.BattleGround_C' with ClassGeneratedBy '/Game/Levels/BattleGround.BattleGround:PersistentLevel.BattleGround'
[2017.05.02-15.37.57:441][117]LogBlueprintUserMessages: Late EndPlayMap Detection: Level '/Game/Levels/BattleGround.BattleGround:PersistentLevel' has LevelScriptBlueprint '/Game/Levels/BattleGround.BattleGround:PersistentLevel.BattleGround' with GeneratedClass '/Game/Levels/BattleGround.BattleGround_C' with ClassGeneratedBy '/Game/Levels/BattleGround.BattleGround:PersistentLevel.BattleGround'
[2017.05.02-15.38.29:964][565]BlueprintLog: New page: Compile Projectile_BP
[2017.05.02-15.38.30:569][612]Cmd: OBJ SAVEPACKAGE PACKAGE="/Game/Tank/Projectile_BP" FILE="../../../../../../Users/Ed/Documents/Unreal Projects/04_BattleTank/BattleTank/Content/Tank/Projectile_BP.uasset" SILENT=true
[2017.05.02-15.38.30:599][612]LogSavePackage: Save=10.66ms
[2017.05.02-15.38.30:599][612]LogSavePackage: Moving '../../../../../../Users/Ed/Documents/Unreal Projects/04_BattleTank/BattleTank/Saved/Projectile_BPFC8A02B6400B50C2F29DF6B8CB66DA59.tmp' to '../../../../../../Users/Ed/Documents/Unreal Projects/04_BattleTank/BattleTank/Content/Tank/Projectile_BP.uasset'
[2017.05.02-15.38.30:601][612]LogSavePackage:Display: Finished SavePackage ../../../../../../Users/Ed/Documents/Unreal Projects/04_BattleTank/BattleTank/Content/Tank/Projectile_BP.uasset
[2017.05.02-15.38.47:003][552]BlueprintLog: New page: Compile Projectile_BP
[2017.05.02-15.38.47:517][587]Cmd: OBJ SAVEPACKAGE PACKAGE="/Game/Tank/Projectile_BP" FILE="../../../../../../Users/Ed/Documents/Unreal Projects/04_BattleTank/BattleTank/Content/Tank/Projectile_BP.uasset" SILENT=true
[2017.05.02-15.38.47:547][587]LogSavePackage: Save=10.89ms
[2017.05.02-15.38.47:547][587]LogSavePackage: Moving '../../../../../../Users/Ed/Documents/Unreal Projects/04_BattleTank/BattleTank/Saved/Projectile_BP27448D324DF8A14BB7434F87AE150A6F.tmp' to '../../../../../../Users/Ed/Documents/Unreal Projects/04_BattleTank/BattleTank/Content/Tank/Projectile_BP.uasset'
[2017.05.02-15.38.47:549][587]LogSavePackage:Display: Finished SavePackage ../../../../../../Users/Ed/Documents/Unreal Projects/04_BattleTank/BattleTank/Content/Tank/Projectile_BP.uasset
[2017.05.02-15.38.49:225][777]LogTemp: Repeting last play command: Selected Viewport
[2017.05.02-15.38.49:239][777]LogBlueprintUserMessages: Early PlayInEditor Detection: Level '/Game/Levels/BattleGround.BattleGround:PersistentLevel' has LevelScriptBlueprint '/Game/Levels/BattleGround.BattleGround:PersistentLevel.BattleGround' with GeneratedClass '/Game/Levels/BattleGround.BattleGround_C' with ClassGeneratedBy '/Game/Levels/BattleGround.BattleGround:PersistentLevel.BattleGround'
[2017.05.02-15.38.49:240][777]LogPlayLevel: PlayLevel: No blueprints needed recompiling
[2017.05.02-15.38.49:240][777]PIE: New page: PIE session: BattleGround (2 May 2017 17:38:49)
[2017.05.02-15.38.49:240][777]LogPlayLevel: Creating play world package: /Game/Levels/UEDPIE_0_BattleGround
[2017.05.02-15.38.49:263][777]LogPlayLevel: PIE: StaticDuplicateObject took: (0.022899s)
[2017.05.02-15.38.49:263][777]LogAIModule: Creating AISystem for world BattleGround
[2017.05.02-15.38.49:264][777]LogPlayLevel: PIE: World Init took: (0.000540s)
[2017.05.02-15.38.49:264][777]LogPlayLevel: PIE: Created PIE world by copying editor world from /Game/Levels/BattleGround.BattleGround to /Game/Levels/UEDPIE_0_BattleGround.BattleGround (0.023701s)
[2017.05.02-15.38.49:280][777]LogInit: XAudio2 using '1 - Acer XR341CK (AMD High Definition Audio Device)' : 2 channels at 48 kHz using 16 bits per sample (channel mask 0x3)
[2017.05.02-15.38.49:284][777]LogInit: FAudioDevice initialized.
[2017.05.02-15.38.49:313][777]LogLoad: Game class is 'BattleTankGameMode_BP_C'
[2017.05.02-15.38.49:317][777]LogWorld: Bringing World /Game/Levels/UEDPIE_0_BattleGround.BattleGround up for play (max tick rate 0) at 2017.05.02-16.38.49
[2017.05.02-15.38.49:317][777]LogWorld: Bringing up level for play took: 0.003379
[2017.05.02-15.38.49:319][777]PIE: Info Play in editor start time for /Game/Levels/UEDPIE_0_BattleGround 0.148
[2017.05.02-15.38.49:319][777]LogBlueprintUserMessages: Late PlayInEditor Detection: Level '/Game/Levels/BattleGround.BattleGround:PersistentLevel' has LevelScriptBlueprint '/Game/Levels/BattleGround.BattleGround:PersistentLevel.BattleGround' with GeneratedClass '/Game/Levels/BattleGround.BattleGround_C' with ClassGeneratedBy '/Game/Levels/BattleGround.BattleGround:PersistentLevel.BattleGround'
[2017.05.02-15.39.02:824][389]LogBlueprintUserMessages: Early EndPlayMap Detection: Level '/Game/Levels/BattleGround.BattleGround:PersistentLevel' has LevelScriptBlueprint '/Game/Levels/BattleGround.BattleGround:PersistentLevel.BattleGround' with GeneratedClass '/Game/Levels/BattleGround.BattleGround_C' with ClassGeneratedBy '/Game/Levels/BattleGround.BattleGround:PersistentLevel.BattleGround'
[2017.05.02-15.39.02:855][389]LogBlueprintUserMessages: Late EndPlayMap Detection: Level '/Game/Levels/BattleGround.BattleGround:PersistentLevel' has LevelScriptBlueprint '/Game/Levels/BattleGround.BattleGround:PersistentLevel.BattleGround' with GeneratedClass '/Game/Levels/BattleGround.BattleGround_C' with ClassGeneratedBy '/Game/Levels/BattleGround.BattleGround:PersistentLevel.BattleGround'
[2017.05.02-15.39.51:253][936]BlueprintLog: New page: Compile Projectile_BP
[2017.05.02-15.39.51:975][998]BlueprintLog: New page: Compile Projectile_BP
[2017.05.02-15.39.52:495][ 49]Cmd: OBJ SAVEPACKAGE PACKAGE="/Game/Tank/Projectile_BP" FILE="../../../../../../Users/Ed/Documents/Unreal Projects/04_BattleTank/BattleTank/Content/Tank/Projectile_BP.uasset" SILENT=true
[2017.05.02-15.39.52:526][ 49]LogSavePackage: Save=11.02ms
[2017.05.02-15.39.52:526][ 49]LogSavePackage: Moving '../../../../../../Users/Ed/Documents/Unreal Projects/04_BattleTank/BattleTank/Saved/Projectile_BP22CA7E564DC49DF3E103578E96D281B6.tmp' to '../../../../../../Users/Ed/Documents/Unreal Projects/04_BattleTank/BattleTank/Content/Tank/Projectile_BP.uasset'
[2017.05.02-15.39.52:528][ 49]LogSavePackage:Display: Finished SavePackage ../../../../../../Users/Ed/Documents/Unreal Projects/04_BattleTank/BattleTank/Content/Tank/Projectile_BP.uasset
[2017.05.02-16.19.03:630][ 20]Recompiling BattleTank...
[2017.05.02-16.19.03:631][ 20]Launching UnrealBuildTool... [C:/Program Files/Epic Games/UE_4.15/Engine/Binaries/DotNET/UnrealBuildTool.exe BattleTank -ModuleWithSuffix BattleTank 5294 Win64 Development -editorrecompile -canskiplink "C:/Users/Ed/Documents/Unreal Projects/04_BattleTank/BattleTank/BattleTank.uproject" ]
[2017.05.02-16.19.03:632][ 20]Warning: Starting HotReload took  0.0s.
[2017.05.02-16.19.14:011][195]CompilerResultsLog: New page: Compilation - 2 May 2017 18:19:14
[2017.05.02-16.19.14:012][195]CompilerResultsLog: Info Compiling game modules for hot reload
[2017.05.02-16.19.14:012][195]CompilerResultsLog: Info Parsing headers for BattleTankEditor
[2017.05.02-16.19.14:012][195]CompilerResultsLog: Info   Running UnrealHeaderTool "C:\Users\Ed\Documents\Unreal Projects\04_BattleTank\BattleTank\BattleTank.uproject" "C:\Users\Ed\Documents\Unreal Projects\04_BattleTank\BattleTank\Intermediate\Build\Win64\BattleTankEditor\Development\BattleTankEditor.uhtmanifest" -LogCmds="loginit warning, logexit warning, logdatabase error" -Unattended -WarningsAsErrors -installed
[2017.05.02-16.19.14:012][195]CompilerResultsLog: Info Reflection code generated for BattleTankEditor in 4.730554 seconds
[2017.05.02-16.19.14:012][195]CompilerResultsLog: Info Performing 6 actions (4 in parallel)
[2017.05.02-16.19.14:012][195]CompilerResultsLog: Info TankAimingComponent.cpp
[2017.05.02-16.19.14:012][195]CompilerResultsLog: Info Tank.cpp
[2017.05.02-16.19.14:012][195]CompilerResultsLog: Info Projectile.cpp
[2017.05.02-16.19.14:012][195]CompilerResultsLog: Info BattleTank.generated.cpp
[2017.05.02-16.19.14:012][195]CompilerResultsLog:Error: Error C:\Users\Ed\Documents\Unreal Projects\04_BattleTank\BattleTank\Source\BattleTank\Private\TankAimingComponent.cpp(104) : warning C4458: declaration of 'AimDirection' hides class member
[2017.05.02-16.19.14:012][195]CompilerResultsLog:Error: Error C:\Users\Ed\Documents\Unreal Projects\04_BattleTank\BattleTank\Source\BattleTank\Public\TankAimingComponent.h(49) : note: see declaration of 'UTankAimingComponent::AimDirection'
[2017.05.02-16.19.14:012][195]CompilerResultsLog:Error: Error C:\Users\Ed\Documents\Unreal Projects\04_BattleTank\BattleTank\Source\BattleTank\Private\TankAimingComponent.cpp(115) : warning C4458: declaration of 'AimDirection' hides class member
[2017.05.02-16.19.14:012][195]CompilerResultsLog:Error: Error C:\Users\Ed\Documents\Unreal Projects\04_BattleTank\BattleTank\Source\BattleTank\Public\TankAimingComponent.h(49) : note: see declaration of 'UTankAimingComponent::AimDirection'
[2017.05.02-16.19.14:012][195]CompilerResultsLog: Info [5/6] Link UE4Editor-BattleTank-5294.dll
[2017.05.02-16.19.14:012][195]CompilerResultsLog: Info [6/6] Link UE4Editor-BattleTank-5294.lib
[2017.05.02-16.19.14:012][195]CompilerResultsLog: Info    Creating library C:\Users\Ed\Documents\Unreal Projects\04_BattleTank\BattleTank\Intermediate\Build\Win64\UE4Editor\Development\UE4Editor-BattleTank-5294.lib and object C:\Users\Ed\Documents\Unreal Projects\04_BattleTank\BattleTank\Intermediate\Build\Win64\UE4Editor\Development\UE4Editor-BattleTank-5294.exp
[2017.05.02-16.19.14:012][195]CompilerResultsLog: Info    Creating library C:\Users\Ed\Documents\Unreal Projects\04_BattleTank\BattleTank\Intermediate\Build\Win64\UE4Editor\Development\UE4Editor-BattleTank-5294.suppressed.lib and object C:\Users\Ed\Documents\Unreal Projects\04_BattleTank\BattleTank\Intermediate\Build\Win64\UE4Editor\Development\UE4Editor-BattleTank-5294.suppressed.exp
[2017.05.02-16.19.14:012][195]CompilerResultsLog: Info Total build time: 9.84 seconds (Local executor: 2.42 seconds)
[2017.05.02-16.19.14:012][195]LogMainFrame: MainFrame: Module compiling took 10.388 seconds
[2017.05.02-16.19.14:151][195]LogClass: Could not find existing class Projectile in package /Script/BattleTank for HotReload, assuming new class
[2017.05.02-16.19.14:151][195]LogClass: Function OnHit is new.
[2017.05.02-16.19.14:151][195]LogClass: Could not find existing class Tank in package /Script/BattleTank for HotReload, assuming new class
[2017.05.02-16.19.14:156][195]LogClass: EFiringStatus HotReload.
[2017.05.02-16.19.14:163][195]LogHotReload: Re-instancing Projectile after hot-reload.
[2017.05.02-16.19.14:425][195]LogHotReload: Re-instancing Tank after hot-reload.
[2017.05.02-16.19.14:975][195]LogContentBrowser: Native class hierarchy updated for 'BattleTank' in 0.0022 seconds. Added 11 classes and 3 folders.
[2017.05.02-16.19.14:977][195]Display: HotReload successful (8 functions remapped  0 scriptstructs remapped)
[2017.05.02-16.19.15:315][195]LogContentBrowser: Native class hierarchy populated in 0.0091 seconds. Added 2258 classes and 460 folders.
[2017.05.02-16.19.15:315][195]Display: HotReload took 11.7s.
[2017.05.02-16.19.33:725][374]LogTemp: Repeting last play command: Selected Viewport
[2017.05.02-16.19.33:747][374]LogBlueprintUserMessages: Early PlayInEditor Detection: Level '/Game/Levels/BattleGround.BattleGround:PersistentLevel' has LevelScriptBlueprint '/Game/Levels/BattleGround.BattleGround:PersistentLevel.BattleGround' with GeneratedClass '/Game/Levels/BattleGround.BattleGround_C' with ClassGeneratedBy '/Game/Levels/BattleGround.BattleGround:PersistentLevel.BattleGround'
[2017.05.02-16.19.33:747][374]LogPlayLevel: PlayLevel: No blueprints needed recompiling
[2017.05.02-16.19.33:747][374]PIE: New page: PIE session: BattleGround (2 May 2017 18:19:33)
[2017.05.02-16.19.33:747][374]LogPlayLevel: Creating play world package: /Game/Levels/UEDPIE_0_BattleGround
[2017.05.02-16.19.33:790][374]LogPlayLevel: PIE: StaticDuplicateObject took: (0.042641s)
[2017.05.02-16.19.33:791][374]LogAIModule: Creating AISystem for world BattleGround
[2017.05.02-16.19.33:792][374]LogPlayLevel: PIE: World Init took: (0.002021s)
[2017.05.02-16.19.33:792][374]LogPlayLevel: PIE: Created PIE world by copying editor world from /Game/Levels/BattleGround.BattleGround to /Game/Levels/UEDPIE_0_BattleGround.BattleGround (0.044898s)
[2017.05.02-16.19.33:842][374]LogInit: XAudio2 using '1 - Acer XR341CK (AMD High Definition Audio Device)' : 2 channels at 48 kHz using 16 bits per sample (channel mask 0x3)
[2017.05.02-16.19.33:848][374]LogInit: FAudioDevice initialized.
[2017.05.02-16.19.33:875][374]LogLoad: Game class is 'BattleTankGameMode_BP_C'
[2017.05.02-16.19.33:879][374]LogWorld: Bringing World /Game/Levels/UEDPIE_0_BattleGround.BattleGround up for play (max tick rate 0) at 2017.05.02-17.19.33
[2017.05.02-16.19.33:880][374]LogWorld: Bringing up level for play took: 0.004347
[2017.05.02-16.19.33:882][374]PIE: Info Play in editor start time for /Game/Levels/UEDPIE_0_BattleGround 0.712
[2017.05.02-16.19.33:882][374]LogBlueprintUserMessages: Late PlayInEditor Detection: Level '/Game/Levels/BattleGround.BattleGround:PersistentLevel' has LevelScriptBlueprint '/Game/Levels/BattleGround.BattleGround:PersistentLevel.BattleGround' with GeneratedClass '/Game/Levels/BattleGround.BattleGround_C' with ClassGeneratedBy '/Game/Levels/BattleGround.BattleGround:PersistentLevel.BattleGround'
[2017.05.02-16.19.34:986][502]LogBlueprintUserMessages: Early EndPlayMap Detection: Level '/Game/Levels/BattleGround.BattleGround:PersistentLevel' has LevelScriptBlueprint '/Game/Levels/BattleGround.BattleGround:PersistentLevel.BattleGround' with GeneratedClass '/Game/Levels/BattleGround.BattleGround_C' with ClassGeneratedBy '/Game/Levels/BattleGround.BattleGround:PersistentLevel.BattleGround'
[2017.05.02-16.19.35:019][502]LogBlueprintUserMessages: Late EndPlayMap Detection: Level '/Game/Levels/BattleGround.BattleGround:PersistentLevel' has LevelScriptBlueprint '/Game/Levels/BattleGround.BattleGround:PersistentLevel.BattleGround' with GeneratedClass '/Game/Levels/BattleGround.BattleGround_C' with ClassGeneratedBy '/Game/Levels/BattleGround.BattleGround:PersistentLevel.BattleGround'
[2017.05.02-16.19.36:085][607]LogSlate: Took 0.000103 seconds to synchronously load lazily loaded font '../../../Engine/Content/Editor/Slate/Fonts/DroidSansMono.ttf' (77K)
[2017.05.02-16.19.39:083][959]LogTemp: Repeting last play command: Selected Viewport
[2017.05.02-16.19.39:098][959]LogBlueprintUserMessages: Early PlayInEditor Detection: Level '/Game/Levels/BattleGround.BattleGround:PersistentLevel' has LevelScriptBlueprint '/Game/Levels/BattleGround.BattleGround:PersistentLevel.BattleGround' with GeneratedClass '/Game/Levels/BattleGround.BattleGround_C' with ClassGeneratedBy '/Game/Levels/BattleGround.BattleGround:PersistentLevel.BattleGround'
[2017.05.02-16.19.39:098][959]LogPlayLevel: PlayLevel: No blueprints needed recompiling
[2017.05.02-16.19.39:098][959]PIE: New page: PIE session: BattleGround (2 May 2017 18:19:39)
[2017.05.02-16.19.39:098][959]LogPlayLevel: Creating play world package: /Game/Levels/UEDPIE_0_BattleGround
[2017.05.02-16.19.39:123][959]LogPlayLevel: PIE: StaticDuplicateObject took: (0.024893s)
[2017.05.02-16.19.39:124][959]LogAIModule: Creating AISystem for world BattleGround
[2017.05.02-16.19.39:124][959]LogPlayLevel: PIE: World Init took: (0.000707s)
[2017.05.02-16.19.39:124][959]LogPlayLevel: PIE: Created PIE world by copying editor world from /Game/Levels/BattleGround.BattleGround to /Game/Levels/UEDPIE_0_BattleGround.BattleGround (0.025803s)
[2017.05.02-16.19.39:140][959]LogInit: XAudio2 using '1 - Acer XR341CK (AMD High Definition Audio Device)' : 2 channels at 48 kHz using 16 bits per sample (channel mask 0x3)
[2017.05.02-16.19.39:157][959]LogInit: FAudioDevice initialized.
[2017.05.02-16.19.39:182][959]LogLoad: Game class is 'BattleTankGameMode_BP_C'
[2017.05.02-16.19.39:186][959]LogWorld: Bringing World /Game/Levels/UEDPIE_0_BattleGround.BattleGround up for play (max tick rate 0) at 2017.05.02-17.19.39
[2017.05.02-16.19.39:187][959]LogWorld: Bringing up level for play took: 0.003492
[2017.05.02-16.19.39:188][959]PIE: Info Play in editor start time for /Game/Levels/UEDPIE_0_BattleGround 0.018
[2017.05.02-16.19.39:189][959]LogBlueprintUserMessages: Late PlayInEditor Detection: Level '/Game/Levels/BattleGround.BattleGround:PersistentLevel' has LevelScriptBlueprint '/Game/Levels/BattleGround.BattleGround:PersistentLevel.BattleGround' with GeneratedClass '/Game/Levels/BattleGround.BattleGround_C' with ClassGeneratedBy '/Game/Levels/BattleGround.BattleGround:PersistentLevel.BattleGround'
[2017.05.02-16.19.44:885][634]LogTemp:Warning: DamageAmount=20.000000, DamageToApply=0.000000
[2017.05.02-16.19.46:335][808]LogTemp:Warning: DamageAmount=20.000000, DamageToApply=0.000000
[2017.05.02-16.19.46:644][845]LogTemp:Warning: DamageAmount=20.000000, DamageToApply=0.000000
[2017.05.02-16.19.47:610][961]LogTemp:Warning: DamageAmount=20.000000, DamageToApply=0.000000
[2017.05.02-16.19.48:468][ 64]LogTemp:Warning: DamageAmount=20.000000, DamageToApply=0.000000
[2017.05.02-16.19.48:668][ 88]LogTemp:Warning: DamageAmount=20.000000, DamageToApply=0.000000
[2017.05.02-16.19.49:485][186]LogTemp:Warning: DamageAmount=20.000000, DamageToApply=0.000000
[2017.05.02-16.19.49:869][232]LogTemp:Warning: DamageAmount=20.000000, DamageToApply=0.000000
[2017.05.02-16.19.54:160][747]LogTemp:Warning: DamageAmount=20.000000, DamageToApply=0.000000
[2017.05.02-16.19.54:527][791]LogTemp:Warning: DamageAmount=20.000000, DamageToApply=0.000000
[2017.05.02-16.19.56:228][995]LogBlueprintUserMessages: Early EndPlayMap Detection: Level '/Game/Levels/BattleGround.BattleGround:PersistentLevel' has LevelScriptBlueprint '/Game/Levels/BattleGround.BattleGround:PersistentLevel.BattleGround' with GeneratedClass '/Game/Levels/BattleGround.BattleGround_C' with ClassGeneratedBy '/Game/Levels/BattleGround.BattleGround:PersistentLevel.BattleGround'
[2017.05.02-16.19.56:258][995]LogBlueprintUserMessages: Late EndPlayMap Detection: Level '/Game/Levels/BattleGround.BattleGround:PersistentLevel' has LevelScriptBlueprint '/Game/Levels/BattleGround.BattleGround:PersistentLevel.BattleGround' with GeneratedClass '/Game/Levels/BattleGround.BattleGround_C' with ClassGeneratedBy '/Game/Levels/BattleGround.BattleGround:PersistentLevel.BattleGround'
[2017.05.02-16.20.24:313][272]Recompiling BattleTank...
[2017.05.02-16.20.24:314][272]Launching UnrealBuildTool... [C:/Program Files/Epic Games/UE_4.15/Engine/Binaries/DotNET/UnrealBuildTool.exe BattleTank -ModuleWithSuffix BattleTank 3602 Win64 Development -editorrecompile -canskiplink "C:/Users/Ed/Documents/Unreal Projects/04_BattleTank/BattleTank/BattleTank.uproject" ]
[2017.05.02-16.20.24:315][272]Warning: Starting HotReload took  0.0s.
[2017.05.02-16.20.29:093][826]CompilerResultsLog: New page: Compilation - 2 May 2017 18:20:29
[2017.05.02-16.20.29:093][826]CompilerResultsLog: Info Compiling game modules for hot reload
[2017.05.02-16.20.29:093][826]CompilerResultsLog: Info Performing 3 actions (4 in parallel)
[2017.05.02-16.20.29:093][826]CompilerResultsLog: Info Tank.cpp
[2017.05.02-16.20.29:093][826]CompilerResultsLog: Info [2/3] Link UE4Editor-BattleTank-3602.dll
[2017.05.02-16.20.29:093][826]CompilerResultsLog: Info [3/3] Link UE4Editor-BattleTank-3602.lib
[2017.05.02-16.20.29:093][826]CompilerResultsLog: Info    Creating library C:\Users\Ed\Documents\Unreal Projects\04_BattleTank\BattleTank\Intermediate\Build\Win64\UE4Editor\Development\UE4Editor-BattleTank-3602.lib and object C:\Users\Ed\Documents\Unreal Projects\04_BattleTank\BattleTank\Intermediate\Build\Win64\UE4Editor\Development\UE4Editor-BattleTank-3602.exp
[2017.05.02-16.20.29:094][826]CompilerResultsLog: Info    Creating library C:\Users\Ed\Documents\Unreal Projects\04_BattleTank\BattleTank\Intermediate\Build\Win64\UE4Editor\Development\UE4Editor-BattleTank-3602.suppressed.lib and object C:\Users\Ed\Documents\Unreal Projects\04_BattleTank\BattleTank\Intermediate\Build\Win64\UE4Editor\Development\UE4Editor-BattleTank-3602.suppressed.exp
[2017.05.02-16.20.29:094][826]CompilerResultsLog: Info Total build time: 4.57 seconds (Local executor: 2.01 seconds)
[2017.05.02-16.20.29:094][826]LogMainFrame: MainFrame: Module compiling took 4.785 seconds
[2017.05.02-16.20.29:153][826]LogClass: EFiringStatus HotReload.
[2017.05.02-16.20.29:157][826]LogContentBrowser: Native class hierarchy updated for 'BattleTank' in 0.0015 seconds. Added 11 classes and 3 folders.
[2017.05.02-16.20.29:159][826]Display: HotReload successful (9 functions remapped  0 scriptstructs remapped)
[2017.05.02-16.20.29:363][826]LogContentBrowser: Native class hierarchy populated in 0.0081 seconds. Added 2258 classes and 460 folders.
[2017.05.02-16.20.29:363][826]Display: HotReload took  5.1s.
[2017.05.02-16.20.30:627][975]LogTemp: Repeting last play command: Selected Viewport
[2017.05.02-16.20.30:643][975]LogBlueprintUserMessages: Early PlayInEditor Detection: Level '/Game/Levels/BattleGround.BattleGround:PersistentLevel' has LevelScriptBlueprint '/Game/Levels/BattleGround.BattleGround:PersistentLevel.BattleGround' with GeneratedClass '/Game/Levels/BattleGround.BattleGround_C' with ClassGeneratedBy '/Game/Levels/BattleGround.BattleGround:PersistentLevel.BattleGround'
[2017.05.02-16.20.30:643][975]LogPlayLevel: PlayLevel: No blueprints needed recompiling
[2017.05.02-16.20.30:643][975]PIE: New page: PIE session: BattleGround (2 May 2017 18:20:30)
[2017.05.02-16.20.30:643][975]LogPlayLevel: Creating play world package: /Game/Levels/UEDPIE_0_BattleGround
[2017.05.02-16.20.30:669][975]LogPlayLevel: PIE: StaticDuplicateObject took: (0.025492s)
[2017.05.02-16.20.30:670][975]LogAIModule: Creating AISystem for world BattleGround
[2017.05.02-16.20.30:670][975]LogPlayLevel: PIE: World Init took: (0.000896s)
[2017.05.02-16.20.30:670][975]LogPlayLevel: PIE: Created PIE world by copying editor world from /Game/Levels/BattleGround.BattleGround to /Game/Levels/UEDPIE_0_BattleGround.BattleGround (0.026753s)
[2017.05.02-16.20.30:703][975]LogInit: XAudio2 using '1 - Acer XR341CK (AMD High Definition Audio Device)' : 2 channels at 48 kHz using 16 bits per sample (channel mask 0x3)
[2017.05.02-16.20.30:708][975]LogInit: FAudioDevice initialized.
[2017.05.02-16.20.30:735][975]LogLoad: Game class is 'BattleTankGameMode_BP_C'
[2017.05.02-16.20.30:739][975]LogWorld: Bringing World /Game/Levels/UEDPIE_0_BattleGround.BattleGround up for play (max tick rate 0) at 2017.05.02-17.20.30
[2017.05.02-16.20.30:739][975]LogWorld: Bringing up level for play took: 0.003500
[2017.05.02-16.20.30:741][975]PIE: Info Play in editor start time for /Game/Levels/UEDPIE_0_BattleGround -0.429
[2017.05.02-16.20.30:741][975]LogBlueprintUserMessages: Late PlayInEditor Detection: Level '/Game/Levels/BattleGround.BattleGround:PersistentLevel' has LevelScriptBlueprint '/Game/Levels/BattleGround.BattleGround:PersistentLevel.BattleGround' with GeneratedClass '/Game/Levels/BattleGround.BattleGround_C' with ClassGeneratedBy '/Game/Levels/BattleGround.BattleGround:PersistentLevel.BattleGround'
[2017.05.02-16.20.37:586][786]LogTemp:Warning: DamageAmount=20.000000, DamageToApply=0.000000
[2017.05.02-16.20.37:678][797]LogTemp:Warning: DamageAmount=20.000000, DamageToApply=0.000000
[2017.05.02-16.20.39:837][ 56]LogTemp:Warning: DamageAmount=20.000000, DamageToApply=0.000000
[2017.05.02-16.20.39:995][ 75]LogTemp:Warning: DamageAmount=20.000000, DamageToApply=0.000000
[2017.05.02-16.20.40:512][137]LogTemp:Warning: DamageAmount=20.000000, DamageToApply=0.000000
[2017.05.02-16.20.42:462][371]LogTemp:Warning: DamageAmount=20.000000, DamageToApply=0.000000
[2017.05.02-16.20.42:987][434]LogTemp:Warning: DamageAmount=20.000000, DamageToApply=0.000000
[2017.05.02-16.20.44:313][593]LogBlueprintUserMessages: Early EndPlayMap Detection: Level '/Game/Levels/BattleGround.BattleGround:PersistentLevel' has LevelScriptBlueprint '/Game/Levels/BattleGround.BattleGround:PersistentLevel.BattleGround' with GeneratedClass '/Game/Levels/BattleGround.BattleGround_C' with ClassGeneratedBy '/Game/Levels/BattleGround.BattleGround:PersistentLevel.BattleGround'
[2017.05.02-16.20.44:347][593]LogBlueprintUserMessages: Late EndPlayMap Detection: Level '/Game/Levels/BattleGround.BattleGround:PersistentLevel' has LevelScriptBlueprint '/Game/Levels/BattleGround.BattleGround:PersistentLevel.BattleGround' with GeneratedClass '/Game/Levels/BattleGround.BattleGround_C' with ClassGeneratedBy '/Game/Levels/BattleGround.BattleGround:PersistentLevel.BattleGround'
[2017.05.02-16.21.31:949][ 33]Recompiling BattleTank...
[2017.05.02-16.21.31:949][ 33]Launching UnrealBuildTool... [C:/Program Files/Epic Games/UE_4.15/Engine/Binaries/DotNET/UnrealBuildTool.exe BattleTank -ModuleWithSuffix BattleTank 4125 Win64 Development -editorrecompile -canskiplink "C:/Users/Ed/Documents/Unreal Projects/04_BattleTank/BattleTank/BattleTank.uproject" ]
[2017.05.02-16.21.31:950][ 33]Warning: Starting HotReload took  0.0s.
[2017.05.02-16.21.36:733][587]CompilerResultsLog: New page: Compilation - 2 May 2017 18:21:36
[2017.05.02-16.21.36:733][587]CompilerResultsLog: Info Compiling game modules for hot reload
[2017.05.02-16.21.36:733][587]CompilerResultsLog: Info Performing 3 actions (4 in parallel)
[2017.05.02-16.21.36:733][587]CompilerResultsLog: Info Tank.cpp
[2017.05.02-16.21.36:733][587]CompilerResultsLog: Info [2/3] Link UE4Editor-BattleTank-4125.dll
[2017.05.02-16.21.36:733][587]CompilerResultsLog: Info [3/3] Link UE4Editor-BattleTank-4125.lib
[2017.05.02-16.21.36:733][587]CompilerResultsLog: Info    Creating library C:\Users\Ed\Documents\Unreal Projects\04_BattleTank\BattleTank\Intermediate\Build\Win64\UE4Editor\Development\UE4Editor-BattleTank-4125.lib and object C:\Users\Ed\Documents\Unreal Projects\04_BattleTank\BattleTank\Intermediate\Build\Win64\UE4Editor\Development\UE4Editor-BattleTank-4125.exp
[2017.05.02-16.21.36:734][587]CompilerResultsLog: Info    Creating library C:\Users\Ed\Documents\Unreal Projects\04_BattleTank\BattleTank\Intermediate\Build\Win64\UE4Editor\Development\UE4Editor-BattleTank-4125.suppressed.lib and object C:\Users\Ed\Documents\Unreal Projects\04_BattleTank\BattleTank\Intermediate\Build\Win64\UE4Editor\Development\UE4Editor-BattleTank-4125.suppressed.exp
[2017.05.02-16.21.36:734][587]CompilerResultsLog: Info Total build time: 4.57 seconds (Local executor: 1.99 seconds)
[2017.05.02-16.21.36:734][587]LogMainFrame: MainFrame: Module compiling took 4.789 seconds
[2017.05.02-16.21.36:790][587]LogClass: EFiringStatus HotReload.
[2017.05.02-16.21.36:794][587]LogContentBrowser: Native class hierarchy updated for 'BattleTank' in 0.0015 seconds. Added 11 classes and 3 folders.
[2017.05.02-16.21.36:796][587]Display: HotReload successful (9 functions remapped  0 scriptstructs remapped)
[2017.05.02-16.21.36:994][587]LogContentBrowser: Native class hierarchy populated in 0.0078 seconds. Added 2258 classes and 460 folders.
[2017.05.02-16.21.36:994][587]Display: HotReload took  5.1s.
[2017.05.02-16.21.38:045][711]LogTemp: Repeting last play command: Selected Viewport
[2017.05.02-16.21.38:060][711]LogBlueprintUserMessages: Early PlayInEditor Detection: Level '/Game/Levels/BattleGround.BattleGround:PersistentLevel' has LevelScriptBlueprint '/Game/Levels/BattleGround.BattleGround:PersistentLevel.BattleGround' with GeneratedClass '/Game/Levels/BattleGround.BattleGround_C' with ClassGeneratedBy '/Game/Levels/BattleGround.BattleGround:PersistentLevel.BattleGround'
[2017.05.02-16.21.38:060][711]LogPlayLevel: PlayLevel: No blueprints needed recompiling
[2017.05.02-16.21.38:060][711]PIE: New page: PIE session: BattleGround (2 May 2017 18:21:38)
[2017.05.02-16.21.38:060][711]LogPlayLevel: Creating play world package: /Game/Levels/UEDPIE_0_BattleGround
[2017.05.02-16.21.38:084][711]LogPlayLevel: PIE: StaticDuplicateObject took: (0.023875s)
[2017.05.02-16.21.38:085][711]LogAIModule: Creating AISystem for world BattleGround
[2017.05.02-16.21.38:085][711]LogPlayLevel: PIE: World Init took: (0.000648s)
[2017.05.02-16.21.38:085][711]LogPlayLevel: PIE: Created PIE world by copying editor world from /Game/Levels/BattleGround.BattleGround to /Game/Levels/UEDPIE_0_BattleGround.BattleGround (0.024876s)
[2017.05.02-16.21.38:117][711]LogInit: XAudio2 using '1 - Acer XR341CK (AMD High Definition Audio Device)' : 2 channels at 48 kHz using 16 bits per sample (channel mask 0x3)
[2017.05.02-16.21.38:122][711]LogInit: FAudioDevice initialized.
[2017.05.02-16.21.38:147][711]LogLoad: Game class is 'BattleTankGameMode_BP_C'
[2017.05.02-16.21.38:152][711]LogWorld: Bringing World /Game/Levels/UEDPIE_0_BattleGround.BattleGround up for play (max tick rate 0) at 2017.05.02-17.21.38
[2017.05.02-16.21.38:152][711]LogWorld: Bringing up level for play took: 0.003508
[2017.05.02-16.21.38:154][711]PIE: Info Play in editor start time for /Game/Levels/UEDPIE_0_BattleGround 0.983
[2017.05.02-16.21.38:154][711]LogBlueprintUserMessages: Late PlayInEditor Detection: Level '/Game/Levels/BattleGround.BattleGround:PersistentLevel' has LevelScriptBlueprint '/Game/Levels/BattleGround.BattleGround:PersistentLevel.BattleGround' with GeneratedClass '/Game/Levels/BattleGround.BattleGround_C' with ClassGeneratedBy '/Game/Levels/BattleGround.BattleGround:PersistentLevel.BattleGround'
[2017.05.02-16.21.40:176][944]LogTemp:Warning: DamageAmount=20.000000, DamageToApply=20
[2017.05.02-16.21.44:637][478]LogTemp:Warning: DamageAmount=20.000000, DamageToApply=20
[2017.05.02-16.21.45:412][571]LogTemp:Warning: DamageAmount=20.000000, DamageToApply=20
[2017.05.02-16.21.46:196][665]LogTemp:Warning: DamageAmount=20.000000, DamageToApply=20
[2017.05.02-16.21.48:579][951]LogTemp:Warning: DamageAmount=20.000000, DamageToApply=20
[2017.05.02-16.21.51:613][315]LogBlueprintUserMessages: Early EndPlayMap Detection: Level '/Game/Levels/BattleGround.BattleGround:PersistentLevel' has LevelScriptBlueprint '/Game/Levels/BattleGround.BattleGround:PersistentLevel.BattleGround' with GeneratedClass '/Game/Levels/BattleGround.BattleGround_C' with ClassGeneratedBy '/Game/Levels/BattleGround.BattleGround:PersistentLevel.BattleGround'
[2017.05.02-16.21.51:647][315]LogBlueprintUserMessages: Late EndPlayMap Detection: Level '/Game/Levels/BattleGround.BattleGround:PersistentLevel' has LevelScriptBlueprint '/Game/Levels/BattleGround.BattleGround:PersistentLevel.BattleGround' with GeneratedClass '/Game/Levels/BattleGround.BattleGround_C' with ClassGeneratedBy '/Game/Levels/BattleGround.BattleGround:PersistentLevel.BattleGround'
[2017.05.02-16.23.59:703][970]Recompiling BattleTank...
[2017.05.02-16.23.59:703][970]Launching UnrealBuildTool... [C:/Program Files/Epic Games/UE_4.15/Engine/Binaries/DotNET/UnrealBuildTool.exe BattleTank -ModuleWithSuffix BattleTank 1266 Win64 Development -editorrecompile -canskiplink "C:/Users/Ed/Documents/Unreal Projects/04_BattleTank/BattleTank/BattleTank.uproject" ]
[2017.05.02-16.23.59:704][970]Warning: Starting HotReload took  0.0s.
[2017.05.02-16.24.04:766][544]CompilerResultsLog: New page: Compilation - 2 May 2017 18:24:04
[2017.05.02-16.24.04:766][544]CompilerResultsLog: Info Compiling game modules for hot reload
[2017.05.02-16.24.04:766][544]CompilerResultsLog: Info Performing 3 actions (4 in parallel)
[2017.05.02-16.24.04:766][544]CompilerResultsLog: Info Tank.cpp
[2017.05.02-16.24.04:767][544]CompilerResultsLog: Info [2/3] Link UE4Editor-BattleTank-1266.dll
[2017.05.02-16.24.04:767][544]CompilerResultsLog: Info [3/3] Link UE4Editor-BattleTank-1266.lib
[2017.05.02-16.24.04:767][544]CompilerResultsLog: Info    Creating library C:\Users\Ed\Documents\Unreal Projects\04_BattleTank\BattleTank\Intermediate\Build\Win64\UE4Editor\Development\UE4Editor-BattleTank-1266.lib and object C:\Users\Ed\Documents\Unreal Projects\04_BattleTank\BattleTank\Intermediate\Build\Win64\UE4Editor\Development\UE4Editor-BattleTank-1266.exp
[2017.05.02-16.24.04:767][544]CompilerResultsLog: Info    Creating library C:\Users\Ed\Documents\Unreal Projects\04_BattleTank\BattleTank\Intermediate\Build\Win64\UE4Editor\Development\UE4Editor-BattleTank-1266.suppressed.lib and object C:\Users\Ed\Documents\Unreal Projects\04_BattleTank\BattleTank\Intermediate\Build\Win64\UE4Editor\Development\UE4Editor-BattleTank-1266.suppressed.exp
[2017.05.02-16.24.04:767][544]CompilerResultsLog: Info Total build time: 4.84 seconds (Local executor: 2.08 seconds)
[2017.05.02-16.24.04:767][544]LogMainFrame: MainFrame: Module compiling took 5.069 seconds
[2017.05.02-16.24.04:826][544]LogClass: EFiringStatus HotReload.
[2017.05.02-16.24.04:831][544]LogContentBrowser: Native class hierarchy updated for 'BattleTank' in 0.0016 seconds. Added 11 classes and 3 folders.
[2017.05.02-16.24.04:832][544]Display: HotReload successful (9 functions remapped  0 scriptstructs remapped)
[2017.05.02-16.24.05:039][544]LogContentBrowser: Native class hierarchy populated in 0.0079 seconds. Added 2258 classes and 460 folders.
[2017.05.02-16.24.05:039][544]Display: HotReload took  5.3s.
[2017.05.02-16.24.05:727][627]LogTemp: Repeting last play command: Selected Viewport
[2017.05.02-16.24.05:742][627]LogBlueprintUserMessages: Early PlayInEditor Detection: Level '/Game/Levels/BattleGround.BattleGround:PersistentLevel' has LevelScriptBlueprint '/Game/Levels/BattleGround.BattleGround:PersistentLevel.BattleGround' with GeneratedClass '/Game/Levels/BattleGround.BattleGround_C' with ClassGeneratedBy '/Game/Levels/BattleGround.BattleGround:PersistentLevel.BattleGround'
[2017.05.02-16.24.05:742][627]LogPlayLevel: PlayLevel: No blueprints needed recompiling
[2017.05.02-16.24.05:743][627]PIE: New page: PIE session: BattleGround (2 May 2017 18:24:05)
[2017.05.02-16.24.05:743][627]LogPlayLevel: Creating play world package: /Game/Levels/UEDPIE_0_BattleGround
[2017.05.02-16.24.05:767][627]LogPlayLevel: PIE: StaticDuplicateObject took: (0.024717s)
[2017.05.02-16.24.05:768][627]LogAIModule: Creating AISystem for world BattleGround
[2017.05.02-16.24.05:768][627]LogPlayLevel: PIE: World Init took: (0.000783s)
[2017.05.02-16.24.05:768][627]LogPlayLevel: PIE: Created PIE world by copying editor world from /Game/Levels/BattleGround.BattleGround to /Game/Levels/UEDPIE_0_BattleGround.BattleGround (0.025875s)
[2017.05.02-16.24.05:802][627]LogInit: XAudio2 using '1 - Acer XR341CK (AMD High Definition Audio Device)' : 2 channels at 48 kHz using 16 bits per sample (channel mask 0x3)
[2017.05.02-16.24.05:807][627]LogInit: FAudioDevice initialized.
[2017.05.02-16.24.05:835][627]LogLoad: Game class is 'BattleTankGameMode_BP_C'
[2017.05.02-16.24.05:839][627]LogWorld: Bringing World /Game/Levels/UEDPIE_0_BattleGround.BattleGround up for play (max tick rate 0) at 2017.05.02-17.24.05
[2017.05.02-16.24.05:840][627]LogWorld: Bringing up level for play took: 0.003624
[2017.05.02-16.24.05:842][627]PIE: Info Play in editor start time for /Game/Levels/UEDPIE_0_BattleGround 0.671
[2017.05.02-16.24.05:842][627]LogBlueprintUserMessages: Late PlayInEditor Detection: Level '/Game/Levels/BattleGround.BattleGround:PersistentLevel' has LevelScriptBlueprint '/Game/Levels/BattleGround.BattleGround:PersistentLevel.BattleGround' with GeneratedClass '/Game/Levels/BattleGround.BattleGround_C' with ClassGeneratedBy '/Game/Levels/BattleGround.BattleGround:PersistentLevel.BattleGround'
[2017.05.02-16.24.08:226][902]LogTemp:Warning: DamageAmount=20.000000, DamageToApply=20
[2017.05.02-16.24.08:226][902]LogTemp:Warning: Current Health=80
[2017.05.02-16.24.11:452][288]LogTemp:Warning: DamageAmount=20.000000, DamageToApply=20
[2017.05.02-16.24.11:452][288]LogTemp:Warning: Current Health=60
[2017.05.02-16.24.12:736][442]LogTemp:Warning: DamageAmount=20.000000, DamageToApply=20
[2017.05.02-16.24.12:736][442]LogTemp:Warning: Current Health=80
[2017.05.02-16.24.12:844][455]LogTemp:Warning: DamageAmount=20.000000, DamageToApply=20
[2017.05.02-16.24.12:844][455]LogTemp:Warning: Current Health=60
[2017.05.02-16.24.13:211][499]LogTemp:Warning: DamageAmount=20.000000, DamageToApply=20
[2017.05.02-16.24.13:211][499]LogTemp:Warning: Current Health=40
[2017.05.02-16.24.13:719][560]LogTemp:Warning: DamageAmount=20.000000, DamageToApply=20
[2017.05.02-16.24.13:719][560]LogTemp:Warning: Current Health=40
[2017.05.02-16.24.14:177][615]LogTemp:Warning: DamageAmount=20.000000, DamageToApply=20
[2017.05.02-16.24.14:177][615]LogTemp:Warning: Current Health=80
[2017.05.02-16.24.14:794][689]LogTemp:Warning: DamageAmount=20.000000, DamageToApply=20
[2017.05.02-16.24.14:794][689]LogTemp:Warning: Current Health=20
[2017.05.02-16.24.16:769][926]LogTemp:Warning: DamageAmount=20.000000, DamageToApply=20
[2017.05.02-16.24.16:769][926]LogTemp:Warning: Current Health=0
[2017.05.02-16.24.17:702][ 38]LogTemp:Warning: DamageAmount=20.000000, DamageToApply=0
[2017.05.02-16.24.17:703][ 38]LogTemp:Warning: Current Health=0
[2017.05.02-16.24.19:277][227]LogTemp:Warning: DamageAmount=20.000000, DamageToApply=0
[2017.05.02-16.24.19:278][227]LogTemp:Warning: Current Health=0
[2017.05.02-16.24.19:703][278]LogTemp:Warning: DamageAmount=20.000000, DamageToApply=0
[2017.05.02-16.24.19:703][278]LogTemp:Warning: Current Health=0
[2017.05.02-16.24.23:636][750]LogTemp:Warning: DamageAmount=20.000000, DamageToApply=0
[2017.05.02-16.24.23:636][750]LogTemp:Warning: Current Health=0
[2017.05.02-16.24.24:303][830]LogTemp:Warning: DamageAmount=20.000000, DamageToApply=0
[2017.05.02-16.24.24:303][830]LogTemp:Warning: Current Health=0
[2017.05.02-16.24.24:469][850]LogTemp:Warning: DamageAmount=20.000000, DamageToApply=0
[2017.05.02-16.24.24:470][850]LogTemp:Warning: Current Health=0
[2017.05.02-16.24.28:203][298]LogTemp:Warning: DamageAmount=20.000000, DamageToApply=20
[2017.05.02-16.24.28:203][298]LogTemp:Warning: Current Health=20
[2017.05.02-16.24.29:403][442]LogTemp:Warning: DamageAmount=20.000000, DamageToApply=0
[2017.05.02-16.24.29:403][442]LogTemp:Warning: Current Health=0
[2017.05.02-16.24.30:736][602]LogTemp:Warning: DamageAmount=20.000000, DamageToApply=20
[2017.05.02-16.24.30:736][602]LogTemp:Warning: Current Health=80
[2017.05.02-16.24.33:069][882]LogTemp:Warning: DamageAmount=20.000000, DamageToApply=20
[2017.05.02-16.24.33:070][882]LogTemp:Warning: Current Health=0
[2017.05.02-16.24.37:419][404]LogTemp:Warning: DamageAmount=20.000000, DamageToApply=0
[2017.05.02-16.24.37:420][404]LogTemp:Warning: Current Health=0
[2017.05.02-16.24.45:228][341]LogTemp:Warning: DamageAmount=20.000000, DamageToApply=20
[2017.05.02-16.24.45:228][341]LogTemp:Warning: Current Health=80
[2017.05.02-16.24.47:245][583]LogTemp:Warning: DamageAmount=20.000000, DamageToApply=0
[2017.05.02-16.24.47:245][583]LogTemp:Warning: Current Health=0
[2017.05.02-16.24.52:461][209]LogTemp:Warning: DamageAmount=20.000000, DamageToApply=0
[2017.05.02-16.24.52:461][209]LogTemp:Warning: Current Health=0
[2017.05.02-16.24.52:961][269]LogTemp:Warning: DamageAmount=20.000000, DamageToApply=20
[2017.05.02-16.24.52:961][269]LogTemp:Warning: Current Health=60
[2017.05.02-16.24.58:911][983]LogTemp:Warning: DamageAmount=20.000000, DamageToApply=20
[2017.05.02-16.24.58:911][983]LogTemp:Warning: Current Health=40
[2017.05.02-16.24.59:411][ 43]LogTemp:Warning: DamageAmount=20.000000, DamageToApply=0
[2017.05.02-16.24.59:412][ 43]LogTemp:Warning: Current Health=0
[2017.05.02-16.25.02:587][424]LogTemp:Warning: DamageAmount=20.000000, DamageToApply=0
[2017.05.02-16.25.02:587][424]LogTemp:Warning: Current Health=0
[2017.05.02-16.25.05:370][758]LogTemp:Warning: DamageAmount=20.000000, DamageToApply=0
[2017.05.02-16.25.05:370][758]LogTemp:Warning: Current Health=0
[2017.05.02-16.25.17:861][255]LogTemp:Warning: DamageAmount=20.000000, DamageToApply=0
[2017.05.02-16.25.17:861][255]LogTemp:Warning: Current Health=0
[2017.05.02-16.25.24:112][  5]LogBlueprintUserMessages: Early EndPlayMap Detection: Level '/Game/Levels/BattleGround.BattleGround:PersistentLevel' has LevelScriptBlueprint '/Game/Levels/BattleGround.BattleGround:PersistentLevel.BattleGround' with GeneratedClass '/Game/Levels/BattleGround.BattleGround_C' with ClassGeneratedBy '/Game/Levels/BattleGround.BattleGround:PersistentLevel.BattleGround'
[2017.05.02-16.25.24:145][  5]LogBlueprintUserMessages: Late EndPlayMap Detection: Level '/Game/Levels/BattleGround.BattleGround:PersistentLevel' has LevelScriptBlueprint '/Game/Levels/BattleGround.BattleGround:PersistentLevel.BattleGround' with GeneratedClass '/Game/Levels/BattleGround.BattleGround_C' with ClassGeneratedBy '/Game/Levels/BattleGround.BattleGround:PersistentLevel.BattleGround'
[2017.05.02-16.27.17:585][970]LogTemp: Repeting last play command: Selected Viewport
[2017.05.02-16.27.17:601][970]LogBlueprintUserMessages: Early PlayInEditor Detection: Level '/Game/Levels/BattleGround.BattleGround:PersistentLevel' has LevelScriptBlueprint '/Game/Levels/BattleGround.BattleGround:PersistentLevel.BattleGround' with GeneratedClass '/Game/Levels/BattleGround.BattleGround_C' with ClassGeneratedBy '/Game/Levels/BattleGround.BattleGround:PersistentLevel.BattleGround'
[2017.05.02-16.27.17:602][970]LogPlayLevel: PlayLevel: No blueprints needed recompiling
[2017.05.02-16.27.17:602][970]PIE: New page: PIE session: BattleGround (2 May 2017 18:27:17)
[2017.05.02-16.27.17:602][970]LogPlayLevel: Creating play world package: /Game/Levels/UEDPIE_0_BattleGround
[2017.05.02-16.27.17:629][970]LogPlayLevel: PIE: StaticDuplicateObject took: (0.026982s)
[2017.05.02-16.27.17:629][970]LogAIModule: Creating AISystem for world BattleGround
[2017.05.02-16.27.17:630][970]LogPlayLevel: PIE: World Init took: (0.000643s)
[2017.05.02-16.27.17:630][970]LogPlayLevel: PIE: Created PIE world by copying editor world from /Game/Levels/BattleGround.BattleGround to /Game/Levels/UEDPIE_0_BattleGround.BattleGround (0.028006s)
[2017.05.02-16.27.17:645][970]LogInit: XAudio2 using '1 - Acer XR341CK (AMD High Definition Audio Device)' : 2 channels at 48 kHz using 16 bits per sample (channel mask 0x3)
[2017.05.02-16.27.17:679][970]LogInit: FAudioDevice initialized.
[2017.05.02-16.27.17:706][970]LogLoad: Game class is 'BattleTankGameMode_BP_C'
[2017.05.02-16.27.17:710][970]LogWorld: Bringing World /Game/Levels/UEDPIE_0_BattleGround.BattleGround up for play (max tick rate 0) at 2017.05.02-17.27.17
[2017.05.02-16.27.17:711][970]LogWorld: Bringing up level for play took: 0.003680
[2017.05.02-16.27.17:712][970]PIE: Info Play in editor start time for /Game/Levels/UEDPIE_0_BattleGround 0.542
[2017.05.02-16.27.17:713][970]LogBlueprintUserMessages: Late PlayInEditor Detection: Level '/Game/Levels/BattleGround.BattleGround:PersistentLevel' has LevelScriptBlueprint '/Game/Levels/BattleGround.BattleGround:PersistentLevel.BattleGround' with GeneratedClass '/Game/Levels/BattleGround.BattleGround_C' with ClassGeneratedBy '/Game/Levels/BattleGround.BattleGround:PersistentLevel.BattleGround'
[2017.05.02-16.27.22:584][537]LogTemp:Warning: DamageAmount=20.000000, DamageToApply=20
[2017.05.02-16.27.22:585][537]LogTemp:Warning: Current Health=80
[2017.05.02-16.27.23:770][677]LogTemp:Warning: DamageAmount=20.000000, DamageToApply=20
[2017.05.02-16.27.23:770][677]LogTemp:Warning: Current Health=80
[2017.05.02-16.27.27:194][ 81]LogTemp:Warning: DamageAmount=20.000000, DamageToApply=20
[2017.05.02-16.27.27:194][ 81]LogTemp:Warning: Current Health=60
[2017.05.02-16.27.29:727][380]LogBlueprintUserMessages: Early EndPlayMap Detection: Level '/Game/Levels/BattleGround.BattleGround:PersistentLevel' has LevelScriptBlueprint '/Game/Levels/BattleGround.BattleGround:PersistentLevel.BattleGround' with GeneratedClass '/Game/Levels/BattleGround.BattleGround_C' with ClassGeneratedBy '/Game/Levels/BattleGround.BattleGround:PersistentLevel.BattleGround'
[2017.05.02-16.27.29:757][380]LogBlueprintUserMessages: Late EndPlayMap Detection: Level '/Game/Levels/BattleGround.BattleGround:PersistentLevel' has LevelScriptBlueprint '/Game/Levels/BattleGround.BattleGround:PersistentLevel.BattleGround' with GeneratedClass '/Game/Levels/BattleGround.BattleGround_C' with ClassGeneratedBy '/Game/Levels/BattleGround.BattleGround:PersistentLevel.BattleGround'
[2017.05.02-16.27.31:193][546]LogTemp: Repeting last play command: Selected Viewport
[2017.05.02-16.27.31:208][546]LogBlueprintUserMessages: Early PlayInEditor Detection: Level '/Game/Levels/BattleGround.BattleGround:PersistentLevel' has LevelScriptBlueprint '/Game/Levels/BattleGround.BattleGround:PersistentLevel.BattleGround' with GeneratedClass '/Game/Levels/BattleGround.BattleGround_C' with ClassGeneratedBy '/Game/Levels/BattleGround.BattleGround:PersistentLevel.BattleGround'
[2017.05.02-16.27.31:208][546]LogPlayLevel: PlayLevel: No blueprints needed recompiling
[2017.05.02-16.27.31:208][546]PIE: New page: PIE session: BattleGround (2 May 2017 18:27:31)
[2017.05.02-16.27.31:208][546]LogPlayLevel: Creating play world package: /Game/Levels/UEDPIE_0_BattleGround
[2017.05.02-16.27.31:253][546]LogPlayLevel: PIE: StaticDuplicateObject took: (0.044564s)
[2017.05.02-16.27.31:254][546]LogAIModule: Creating AISystem for world BattleGround
[2017.05.02-16.27.31:254][546]LogPlayLevel: PIE: World Init took: (0.001407s)
[2017.05.02-16.27.31:257][546]LogPlayLevel: PIE: Created PIE world by copying editor world from /Game/Levels/BattleGround.BattleGround to /Game/Levels/UEDPIE_0_BattleGround.BattleGround (0.049231s)
[2017.05.02-16.27.31:278][546]LogInit: XAudio2 using '1 - Acer XR341CK (AMD High Definition Audio Device)' : 2 channels at 48 kHz using 16 bits per sample (channel mask 0x3)
[2017.05.02-16.27.31:290][546]LogInit: FAudioDevice initialized.
[2017.05.02-16.27.31:316][546]LogLoad: Game class is 'BattleTankGameMode_BP_C'
[2017.05.02-16.27.31:320][546]LogWorld: Bringing World /Game/Levels/UEDPIE_0_BattleGround.BattleGround up for play (max tick rate 0) at 2017.05.02-17.27.31
[2017.05.02-16.27.31:320][546]LogWorld: Bringing up level for play took: 0.003710
[2017.05.02-16.27.31:322][546]PIE: Info Play in editor start time for /Game/Levels/UEDPIE_0_BattleGround 0.152
[2017.05.02-16.27.31:322][546]LogBlueprintUserMessages: Late PlayInEditor Detection: Level '/Game/Levels/BattleGround.BattleGround:PersistentLevel' has LevelScriptBlueprint '/Game/Levels/BattleGround.BattleGround:PersistentLevel.BattleGround' with GeneratedClass '/Game/Levels/BattleGround.BattleGround_C' with ClassGeneratedBy '/Game/Levels/BattleGround.BattleGround:PersistentLevel.BattleGround'
[2017.05.02-16.27.37:034][208]LogTemp:Warning: DamageAmount=20.000000, DamageToApply=20
[2017.05.02-16.27.37:034][208]LogTemp:Warning: Current Health=80
[2017.05.02-16.27.41:961][792]LogTemp:Warning: DamageAmount=20.000000, DamageToApply=20
[2017.05.02-16.27.41:961][792]LogTemp:Warning: Current Health=80
[2017.05.02-16.27.53:494][159]LogTemp:Warning: DamageAmount=20.000000, DamageToApply=20
[2017.05.02-16.27.53:495][159]LogTemp:Warning: Current Health=80
[2017.05.02-16.27.56:144][474]LogTemp:Warning: DamageAmount=20.000000, DamageToApply=20
[2017.05.02-16.27.56:144][474]LogTemp:Warning: Current Health=60
[2017.05.02-16.28.04:570][474]LogTemp:Warning: DamageAmount=20.000000, DamageToApply=20
[2017.05.02-16.28.04:570][474]LogTemp:Warning: Current Health=60
[2017.05.02-16.28.07:099][773]LogTemp:Warning: DamageAmount=20.000000, DamageToApply=20
[2017.05.02-16.28.07:099][773]LogTemp:Warning: Current Health=40
[2017.05.02-16.28.13:906][581]LogTemp:Warning: DamageAmount=20.000000, DamageToApply=20
[2017.05.02-16.28.13:906][581]LogTemp:Warning: Current Health=40
[2017.05.02-16.28.15:712][795]LogBlueprintUserMessages: Early EndPlayMap Detection: Level '/Game/Levels/BattleGround.BattleGround:PersistentLevel' has LevelScriptBlueprint '/Game/Levels/BattleGround.BattleGround:PersistentLevel.BattleGround' with GeneratedClass '/Game/Levels/BattleGround.BattleGround_C' with ClassGeneratedBy '/Game/Levels/BattleGround.BattleGround:PersistentLevel.BattleGround'
[2017.05.02-16.28.15:745][795]LogBlueprintUserMessages: Late EndPlayMap Detection: Level '/Game/Levels/BattleGround.BattleGround:PersistentLevel' has LevelScriptBlueprint '/Game/Levels/BattleGround.BattleGround:PersistentLevel.BattleGround' with GeneratedClass '/Game/Levels/BattleGround.BattleGround_C' with ClassGeneratedBy '/Game/Levels/BattleGround.BattleGround:PersistentLevel.BattleGround'
[2017.05.02-16.31.32:512][545]Recompiling BattleTank...
[2017.05.02-16.31.32:512][545]Launching UnrealBuildTool... [C:/Program Files/Epic Games/UE_4.15/Engine/Binaries/DotNET/UnrealBuildTool.exe BattleTank -ModuleWithSuffix BattleTank 2775 Win64 Development -editorrecompile -canskiplink "C:/Users/Ed/Documents/Unreal Projects/04_BattleTank/BattleTank/BattleTank.uproject" ]
[2017.05.02-16.31.32:514][545]Warning: Starting HotReload took  0.0s.
[2017.05.02-16.31.37:356][106]CompilerResultsLog: New page: Compilation - 2 May 2017 18:31:37
[2017.05.02-16.31.37:356][106]CompilerResultsLog: Info Compiling game modules for hot reload
[2017.05.02-16.31.37:356][106]CompilerResultsLog: Info Performing 3 actions (4 in parallel)
[2017.05.02-16.31.37:356][106]CompilerResultsLog: Info Tank.cpp
[2017.05.02-16.31.37:356][106]CompilerResultsLog: Info [2/3] Link UE4Editor-BattleTank-2775.dll
[2017.05.02-16.31.37:356][106]CompilerResultsLog: Info [3/3] Link UE4Editor-BattleTank-2775.lib
[2017.05.02-16.31.37:356][106]CompilerResultsLog: Info    Creating library C:\Users\Ed\Documents\Unreal Projects\04_BattleTank\BattleTank\Intermediate\Build\Win64\UE4Editor\Development\UE4Editor-BattleTank-2775.lib and object C:\Users\Ed\Documents\Unreal Projects\04_BattleTank\BattleTank\Intermediate\Build\Win64\UE4Editor\Development\UE4Editor-BattleTank-2775.exp
[2017.05.02-16.31.37:356][106]CompilerResultsLog: Info    Creating library C:\Users\Ed\Documents\Unreal Projects\04_BattleTank\BattleTank\Intermediate\Build\Win64\UE4Editor\Development\UE4Editor-BattleTank-2775.suppressed.lib and object C:\Users\Ed\Documents\Unreal Projects\04_BattleTank\BattleTank\Intermediate\Build\Win64\UE4Editor\Development\UE4Editor-BattleTank-2775.suppressed.exp
[2017.05.02-16.31.37:356][106]CompilerResultsLog: Info Total build time: 4.64 seconds (Local executor: 2.14 seconds)
[2017.05.02-16.31.37:356][106]LogMainFrame: MainFrame: Module compiling took 4.848 seconds
[2017.05.02-16.31.37:422][106]LogClass: EFiringStatus HotReload.
[2017.05.02-16.31.37:426][106]LogContentBrowser: Native class hierarchy updated for 'BattleTank' in 0.0016 seconds. Added 11 classes and 3 folders.
[2017.05.02-16.31.37:427][106]Display: HotReload successful (9 functions remapped  0 scriptstructs remapped)
[2017.05.02-16.31.37:632][106]LogContentBrowser: Native class hierarchy populated in 0.0084 seconds. Added 2258 classes and 460 folders.
[2017.05.02-16.31.37:632][106]Display: HotReload took  5.1s.
[2017.05.02-16.31.38:272][183]LogTemp: Repeting last play command: Selected Viewport
[2017.05.02-16.31.38:287][183]LogBlueprintUserMessages: Early PlayInEditor Detection: Level '/Game/Levels/BattleGround.BattleGround:PersistentLevel' has LevelScriptBlueprint '/Game/Levels/BattleGround.BattleGround:PersistentLevel.BattleGround' with GeneratedClass '/Game/Levels/BattleGround.BattleGround_C' with ClassGeneratedBy '/Game/Levels/BattleGround.BattleGround:PersistentLevel.BattleGround'
[2017.05.02-16.31.38:288][183]LogPlayLevel: PlayLevel: No blueprints needed recompiling
[2017.05.02-16.31.38:288][183]PIE: New page: PIE session: BattleGround (2 May 2017 18:31:38)
[2017.05.02-16.31.38:288][183]LogPlayLevel: Creating play world package: /Game/Levels/UEDPIE_0_BattleGround
[2017.05.02-16.31.38:312][183]LogPlayLevel: PIE: StaticDuplicateObject took: (0.024232s)
[2017.05.02-16.31.38:313][183]LogAIModule: Creating AISystem for world BattleGround
[2017.05.02-16.31.38:313][183]LogPlayLevel: PIE: World Init took: (0.000665s)
[2017.05.02-16.31.38:313][183]LogPlayLevel: PIE: Created PIE world by copying editor world from /Game/Levels/BattleGround.BattleGround to /Game/Levels/UEDPIE_0_BattleGround.BattleGround (0.025276s)
[2017.05.02-16.31.38:347][183]LogInit: XAudio2 using '1 - Acer XR341CK (AMD High Definition Audio Device)' : 2 channels at 48 kHz using 16 bits per sample (channel mask 0x3)
[2017.05.02-16.31.38:353][183]LogInit: FAudioDevice initialized.
[2017.05.02-16.31.38:382][183]LogLoad: Game class is 'BattleTankGameMode_BP_C'
[2017.05.02-16.31.38:385][183]LogWorld: Bringing World /Game/Levels/UEDPIE_0_BattleGround.BattleGround up for play (max tick rate 0) at 2017.05.02-17.31.38
[2017.05.02-16.31.38:386][183]LogWorld: Bringing up level for play took: 0.003602
[2017.05.02-16.31.38:388][183]PIE: Info Play in editor start time for /Game/Levels/UEDPIE_0_BattleGround -0.782
[2017.05.02-16.31.38:388][183]LogBlueprintUserMessages: Late PlayInEditor Detection: Level '/Game/Levels/BattleGround.BattleGround:PersistentLevel' has LevelScriptBlueprint '/Game/Levels/BattleGround.BattleGround:PersistentLevel.BattleGround' with GeneratedClass '/Game/Levels/BattleGround.BattleGround_C' with ClassGeneratedBy '/Game/Levels/BattleGround.BattleGround:PersistentLevel.BattleGround'
[2017.05.02-16.31.40:629][444]LogTemp:Warning: DamageAmount=20.000000, DamageToApply=20
