Log file open, 04/19/17 12:47:50
LogInit:Display: Running engine for game: BattleTank
LogPlatformFile: Not using cached read wrapper
LogInit:Display: RandInit(-1504875770) SRandInit(-1504875770).
LogTaskGraph: Started task graph with 5 named threads and 8 total threads with 1 sets of task threads.
LogStats: Stats thread started at 0.074015
LogInit: Using libcurl 7.47.1
LogInit:  - built for x86_64-pc-win32
LogInit:  - supports SSL with OpenSSL/1.0.2g
LogInit:  - supports HTTP deflate (compression) using libz 1.2.8
LogInit:  - other features:
LogInit:      CURL_VERSION_SSL
LogInit:      CURL_VERSION_LIBZ
LogInit:      CURL_VERSION_IPV6
LogInit:      CURL_VERSION_ASYNCHDNS
LogInit:      CURL_VERSION_LARGEFILE
LogInit:      CURL_VERSION_IDN
LogInit:  CurlRequestOptions (configurable via config and command line):
LogInit:  - bVerifyPeer = false  - Libcurl will NOT verify peer certificate
LogInit:  - bUseHttpProxy = false  - Libcurl will NOT use HTTP proxy
LogInit:  - bDontReuseConnections = false  - Libcurl will reuse connections
LogInit:  - CertBundlePath = nullptr  - Libcurl will use whatever was configured at build time.
LogInit: Build: ++UE4+Release-4.15-CL-3348071
LogInit: Engine Version: 4.15.1-3348071+++UE4+Release-4.15
LogInit: Compatible Engine Version: 4.15.0-3299760+++UE4+Release-4.15
LogInit: Net CL: 3299760
LogDevObjectVersion: Number of dev versions registered: 14
LogDevObjectVersion:   Dev-Blueprints (B0D832E4-1F89-4F0D-ACCF-7EB736FD4AA2): 8
LogDevObjectVersion:   Dev-Build (E1C64328-A22C-4D53-A36C-8E866417BD8C): 0
LogDevObjectVersion:   Dev-Core (375EC13C-06E4-48FB-B500-84F0262A717E): 2
LogDevObjectVersion:   Dev-Editor (E4B068ED-F494-42E9-A231-DA0B2E46BB41): 14
LogDevObjectVersion:   Dev-Framework (CFFC743F-43B0-4480-9391-14DF171D2073): 22
LogDevObjectVersion:   Dev-Mobile (B02B49B5-BB20-44E9-A304-32B752E40360): 0
LogDevObjectVersion:   Dev-Networking (A4E4105C-59A1-49B5-A7C5-40C4547EDFEE): 0
LogDevObjectVersion:   Dev-Online (39C831C9-5AE6-47DC-9A44-9C173E1C8E7C): 0
LogDevObjectVersion:   Dev-Physics (78F01B33-EBEA-4F98-B9B4-84EACCB95AA2): 0
LogDevObjectVersion:   Dev-Platform (6631380F-2D4D-43E0-8009-CF276956A95A): 0
LogDevObjectVersion:   Dev-Rendering (12F88B9F-8875-4AFC-A67C-D90C383ABD29): 12
LogDevObjectVersion:   Dev-Sequencer (7B5AE74C-D270-4C10-A958-57980B212A5A): 3
LogDevObjectVersion:   Dev-VR (D7296918-1DD6-4BDD-9DE2-64A83CC13884): 0
LogDevObjectVersion:   Dev-LoadTimes (C2A15278-BFE7-4AFE-6C17-90FF531DF755): 1
LogInit: Compiled (64-bit): Mar 15 2017 16:52:47
LogInit: Compiled with Visual C++: 19.00.23026.00
LogInit: Build Configuration: Development
LogInit: Branch Name: ++UE4+Release-4.15
LogInit: Command line: -EpicPortal
LogInit: Base directory: C:/Program Files/Epic Games/UE_4.15/Engine/Binaries/Win64/
LogInit: Installed Engine Build: 1
LogInit: Presizing for max 8388607 objects, including 0 objects not considered by GC, pre-allocating 0 bytes for permanent pool.
LogInit: Object subsystem initialized
[2017.04.19-11.47.51:016][  0]LogInit: Selected Device Profile: [Windows]
[2017.04.19-11.47.51:016][  0]LogInit: Applying CVar settings loaded from the selected device profile: [Windows]
[2017.04.19-11.47.51:030][  0]LogInit: Computer: DESKTOP-7RIOMGQ
[2017.04.19-11.47.51:030][  0]LogInit: User: Ed
[2017.04.19-11.47.51:030][  0]LogInit: CPU Page size=65536, Cores=4
[2017.04.19-11.47.51:030][  0]LogInit: High frequency timer resolution =3.421869 MHz
[2017.04.19-11.47.51:030][  0]LogMemory: Memory total: Physical=16.0GB (16GB approx)
[2017.04.19-11.47.51:030][  0]LogMemory: Platform Memory Stats for Windows
[2017.04.19-11.47.51:030][  0]LogMemory: Process Physical Memory: 263.95 MB used, 263.95 MB peak
[2017.04.19-11.47.51:030][  0]LogMemory: Process Virtual Memory: 262.45 MB used, 262.45 MB peak
[2017.04.19-11.47.51:030][  0]LogMemory: Physical Memory: 5273.94 MB used,  11067.04 MB free, 16340.98 MB total
[2017.04.19-11.47.51:030][  0]LogMemory: Virtual Memory: 643.96 MB used,  11067.04 MB free, 134217728.00 MB total
[2017.04.19-11.47.51:101][  0]LogTextLocalizationManager: No specific translations for ('en-GB') exist, so ('en') translations will be used.
[2017.04.19-11.47.52:855][  0]LogD3D11RHI: D3D11 adapters:
[2017.04.19-11.47.52:870][  0]LogD3D11RHI:    0. 'Radeon (TM) RX 480 Graphics' (Feature Level 11_0)
[2017.04.19-11.47.52:870][  0]LogD3D11RHI:       8140/0/8170 MB DedicatedVideo/DedicatedSystem/SharedSystem, Outputs:1, VendorId:0x1002
[2017.04.19-11.47.52:871][  0]LogD3D11RHI:    1. 'Microsoft Basic Render Driver' (Feature Level 11_0)
[2017.04.19-11.47.52:871][  0]LogD3D11RHI:       0/0/8170 MB DedicatedVideo/DedicatedSystem/SharedSystem, Outputs:0, VendorId:0x1414
[2017.04.19-11.47.52:871][  0]LogD3D11RHI: Chosen D3D11 Adapter: 0
[2017.04.19-11.47.52:874][  0]LogD3D11RHI: Creating new Direct3DDevice
[2017.04.19-11.47.52:874][  0]LogD3D11RHI:     GPU DeviceId: 0x67df (for the marketing name, search the web for "GPU Device Id")
[2017.04.19-11.47.52:874][  0]LogWindows: EnumDisplayDevices:
[2017.04.19-11.47.52:874][  0]LogWindows:    0. 'Radeon (TM) RX 480 Graphics' (P:1 D:1)
[2017.04.19-11.47.52:874][  0]LogWindows:    1. 'Radeon (TM) RX 480 Graphics' (P:0 D:0)
[2017.04.19-11.47.52:875][  0]LogWindows:    2. 'Radeon (TM) RX 480 Graphics' (P:0 D:0)
[2017.04.19-11.47.52:875][  0]LogWindows:    3. 'Radeon (TM) RX 480 Graphics' (P:0 D:0)
[2017.04.19-11.47.52:875][  0]LogWindows:    4. 'Radeon (TM) RX 480 Graphics' (P:0 D:0)
[2017.04.19-11.47.52:875][  0]LogWindows:    5. 'Radeon (TM) RX 480 Graphics' (P:0 D:0)
[2017.04.19-11.47.52:875][  0]LogWindows: DebugString: FoundDriverCount:6 
[2017.04.19-11.47.52:875][  0]LogD3D11RHI:     Adapter Name: Radeon (TM) RX 480 Graphics
[2017.04.19-11.47.52:875][  0]LogD3D11RHI:   Driver Version: Crimson 16.7.2 (internal:16.200.1035.1001, unified:16.200.1035.1001)
[2017.04.19-11.47.52:875][  0]LogD3D11RHI:      Driver Date: 7-8-2016
[2017.04.19-11.47.52:875][  0]LogRHI: Texture pool is 1361 MB (70% of 1945 MB)
[2017.04.19-11.47.53:328][  0]LogD3D11RHI: Async texture creation enabled
[2017.04.19-11.47.53:337][  0]LogD3D11RHI: GPU Timing Frequency: 25.000000 (Debug: 2 1)
[2017.04.19-11.47.53:337][  0]LogShaderCompilers: Guid format shader working directory is -35 characters bigger than the processId version (../../../../../../Users/Ed/Documents/Unreal Projects/04_BattleTank/BattleTank/Intermediate/Shaders/WorkingDirectory/10532/).
[2017.04.19-11.47.53:337][  0]LogShaderCompilers: Cleaned the shader compiler working directory 'C:/Users/Ed/AppData/Local/Temp/UnrealShaderWorkingDir/F520E7EB49E7550187E99BA010B6B614/'.
[2017.04.19-11.47.53:337][  0]LogShaderCompilers:Display: Using Local Shader Compiler.
[2017.04.19-11.47.54:671][  0]LogTemp:Display: Loaded TP AllDesktopTargetPlatform
[2017.04.19-11.47.54:711][  0]LogTemp:Display: Loaded TP MacClientTargetPlatform
[2017.04.19-11.47.54:749][  0]LogTemp:Display: Loaded TP MacNoEditorTargetPlatform
[2017.04.19-11.47.54:788][  0]LogTemp:Display: Loaded TP MacServerTargetPlatform
[2017.04.19-11.47.54:829][  0]LogTemp:Display: Loaded TP MacTargetPlatform
[2017.04.19-11.47.54:869][  0]LogTemp:Display: Loaded TP WindowsClientTargetPlatform
[2017.04.19-11.47.54:907][  0]LogTemp:Display: Loaded TP WindowsNoEditorTargetPlatform
[2017.04.19-11.47.54:945][  0]LogTemp:Display: Loaded TP WindowsServerTargetPlatform
[2017.04.19-11.47.54:977][  0]LogTemp:Display: Loaded TP WindowsTargetPlatform
[2017.04.19-11.47.55:017][  0]LogTemp:Display: Loaded TP AndroidTargetPlatform
[2017.04.19-11.47.55:055][  0]LogTemp:Display: Loaded TP Android_ASTCTargetPlatform
[2017.04.19-11.47.55:093][  0]LogTemp:Display: Loaded TP Android_ATCTargetPlatform
[2017.04.19-11.47.55:130][  0]LogTemp:Display: Loaded TP Android_DXTTargetPlatform
[2017.04.19-11.47.55:168][  0]LogTemp:Display: Loaded TP Android_ETC1TargetPlatform
[2017.04.19-11.47.55:206][  0]LogTemp:Display: Loaded TP Android_ETC2TargetPlatform
[2017.04.19-11.47.55:282][  0]LogTemp:Display: Loaded TP Android_MultiTargetPlatform
[2017.04.19-11.47.55:282][  0]LogTemp:Display: Loaded TP Android_PVRTCTargetPlatform
[2017.04.19-11.47.55:308][  0]LogTemp:Display: Loaded TP HTML5TargetPlatform
[2017.04.19-11.47.55:384][  0]LogTemp:Display: Loaded TP IOSTargetPlatform
[2017.04.19-11.47.55:410][  0]LogTemp:Display: Loaded TP TVOSTargetPlatform
[2017.04.19-11.47.55:448][  0]LogTemp:Display: Loaded TP LinuxClientTargetPlatform
[2017.04.19-11.47.55:486][  0]LogTemp:Display: Loaded TP LinuxNoEditorTargetPlatform
[2017.04.19-11.47.55:524][  0]LogTemp:Display: Loaded TP LinuxServerTargetPlatform
[2017.04.19-11.47.55:564][  0]LogTemp:Display: Loaded TP LinuxTargetPlatform
[2017.04.19-11.47.55:564][  0]LogTargetPlatformManager:Display: Building Assets For Windows
[2017.04.19-11.47.55:866][  0]LogDerivedDataCache:Display: Max Cache Size: 512 MB
[2017.04.19-11.47.55:904][  0]LogDerivedDataCache: Loaded boot cache 0.04s 50MB C:/Users/Ed/AppData/Local/UnrealEngine/4.15/DerivedDataCache/Boot.ddc.
[2017.04.19-11.47.55:904][  0]LogDerivedDataCache:Display: Loaded Boot cache: C:/Users/Ed/AppData/Local/UnrealEngine/4.15/DerivedDataCache/Boot.ddc
[2017.04.19-11.47.55:904][  0]LogDerivedDataCache: FDerivedDataBackendGraph:  Pak pak cache file ../../../../../../Users/Ed/Documents/Unreal Projects/04_BattleTank/BattleTank/DerivedDataCache/DDC.ddp not found, will not use a pak cache.
[2017.04.19-11.47.55:904][  0]LogDerivedDataCache: Unable to find inner node Pak for hierarchical cache Hierarchy.
[2017.04.19-11.47.55:904][  0]LogDerivedDataCache: FDerivedDataBackendGraph:  CompressedPak pak cache file ../../../../../../Users/Ed/Documents/Unreal Projects/04_BattleTank/BattleTank/DerivedDataCache/Compressed.ddp not found, will not use a pak cache.
[2017.04.19-11.47.55:904][  0]LogDerivedDataCache: Unable to find inner node CompressedPak for hierarchical cache Hierarchy.
[2017.04.19-11.47.55:921][  0]LogDerivedDataCache:Display: Pak cache opened for reading ../../../Engine/DerivedDataCache/Compressed.ddp.
[2017.04.19-11.47.55:933][  0]LogDerivedDataCache: Using Local data cache path C:/Users/Ed/AppData/Local/UnrealEngine/Common/DerivedDataCache: Writable
[2017.04.19-11.47.55:939][  0]LogSlate: Using Freetype 2.6.0
[2017.04.19-11.47.55:940][  0]LogSlate: SlateFontCache - WITH_FREETYPE: 1, WITH_HARFBUZZ: 1
[2017.04.19-11.47.55:940][  0]LogSlate: SlateFontCache - WITH_FREETYPE: 1, WITH_HARFBUZZ: 1
[2017.04.19-11.47.56:790][  0]LogInit: Selected Device Profile: [Windows]
[2017.04.19-11.47.56:791][  0]LogContentStreaming: Texture pool size is 0.00 MB
[2017.04.19-11.47.56:954][  0]LogMeshUtilities: Using QuadricMeshReduction for automatic static mesh reduction
[2017.04.19-11.47.56:983][  0]LogSimplygon: Simplygon DLL not present - disabling.
[2017.04.19-11.47.57:014][  0]LogMeshUtilities: Using SimplygonSwarm for distributed automatic mesh merging
[2017.04.19-11.47.57:014][  0]LogMeshUtilities: No automatic skeletal mesh reduction module available
[2017.04.19-11.47.57:014][  0]LogMeshUtilities: No automatic mesh merging module available
[2017.04.19-11.47.57:735][  0]LogNetVersion: GetLocalNetworkVersion: CL: 3299760, ProjectName: battletank, ProjectVersion: , EngineNetworkVersion: 2, GameNetworkVersion: 0, NetworkChecksum: 2512795372
[2017.04.19-11.47.57:774][  0]LogAssetRegistry: FAssetRegistry took 0.0222 seconds to start up
[2017.04.19-11.47.57:808][  0]LogPackageLocalizationCache: Processed 3 localized package path(s) for 2 prioritized culture(s) in 0.019240 seconds
[2017.04.19-11.47.57:812][  0]LogUObjectArray: 32493 objects as part of root set at end of initial load.
[2017.04.19-11.47.57:812][  0]LogUObjectAllocator: 7077032 out of 0 bytes used by permanent object pool.
[2017.04.19-11.47.57:812][  0]LogUObjectArray: CloseDisregardForGC: 0/0 objects in disregard for GC pool
[2017.04.19-11.47.57:854][  0]LogInit: WinSock: version 1.1 (2.2), MaxSocks=32767, MaxUdp=65467
[2017.04.19-11.47.59:401][  0]LogTcpMessaging: Initializing TcpMessaging bridge
[2017.04.19-11.47.59:431][  0]LogUdpMessaging: Initializing bridge on interface 0.0.0.0:0 to multicast group 230.0.0.1:6666.
[2017.04.19-11.47.59:847][  0]LogMaterial: Uniform references updated for custom material expression Custom.
[2017.04.19-11.48.00:155][  0]SourceControl: Info Source control is disabled
[2017.04.19-11.48.00:255][  0]SourceControl: Info Source control is disabled
[2017.04.19-11.48.00:286][  0]SourceControl: Info Source control is disabled
[2017.04.19-11.48.00:317][  0]SourceControl: Info Source control is disabled
[2017.04.19-11.48.01:167][  0]LogEngine: Initializing Engine...
[2017.04.19-11.48.01:167][  0]LogHMD: Failed to initialize OpenVR with code 110
[2017.04.19-11.48.01:402][  0]LogAIModule: Creating AISystem for world Untitled
[2017.04.19-11.48.01:411][  0]LogInit: XAudio2 using '1 - Acer XR341CK (AMD High Definition Audio Device)' : 2 channels at 48 kHz using 16 bits per sample (channel mask 0x3)
[2017.04.19-11.48.01:418][  0]LogInit: FAudioDevice initialized.
[2017.04.19-11.48.01:435][  0]LogDerivedDataCache: Saved boot cache 0.02s 50MB C:/Users/Ed/AppData/Local/UnrealEngine/4.15/DerivedDataCache/Boot.ddc.
[2017.04.19-11.48.01:442][  0]LogInit: Texture streaming: Enabled
[2017.04.19-11.48.01:506][  0]LogEngineSessionManager: EngineSessionManager initialized
[2017.04.19-11.48.01:506][  0]LogEngineSessionManager: EngineSessionManager sent abnormal shutdown report. Type=Crashed, SessionId={CB1162E9-4323-B5DD-95BC-068C9CAA7912}
[2017.04.19-11.48.01:564][  0]LogInit: Transaction tracking system initialized
[2017.04.19-11.48.01:793][  0]BlueprintLog: New page: Editor Load
[2017.04.19-11.48.02:385][  0]LocalizationService: Info Localization service is disabled
[2017.04.19-11.48.02:831][  0]LogConsoleResponse:Display: 
[2017.04.19-11.48.03:025][  0]LogCook:Display: Max memory allowance for cook 16384mb min free memory 0mb
[2017.04.19-11.48.03:025][  0]LogCook:Display: Mobile HDR setting 1
[2017.04.19-11.48.03:176][  0]LogFileCache: Scanning file cache for directory 'C:/Users/Ed/Documents/Unreal Projects/04_BattleTank/BattleTank/Content/' took 0.01s
[2017.04.19-11.48.03:732][  0]SourceControl: Info Source control is disabled
[2017.04.19-11.48.03:788][  0]LogWindowsTextInputMethodSystem:Display: IME system now deactivated.
[2017.04.19-11.48.03:810][  0]LogSlate: Took 0.000158 seconds to synchronously load lazily loaded font '../../../Engine/Content/Slate/Fonts/Roboto-Regular.ttf' (155K)
[2017.04.19-11.48.12:216][  0]LogWindowsTextInputMethodSystem:Display: IME system now deactivated.
[2017.04.19-11.48.12:217][  0]LogWindowsTextInputMethodSystem:Display: IME system now deactivated.
[2017.04.19-11.48.14:844][  0]LogWindowsTextInputMethodSystem:Display: IME system now deactivated.
[2017.04.19-11.48.14:845][  0]LogWindowsTextInputMethodSystem:Display: IME system now deactivated.
[2017.04.19-11.48.14:857][  0]Cmd: MAP LOAD FILE="../../../../../../Users/Ed/Documents/Unreal Projects/04_BattleTank/BattleTank/Content/Levels/BattleGround.umap" TEMPLATE=0 SHOWPROGRESS=1 FEATURELEVEL=3
[2017.04.19-11.48.14:857][  0]LightingResults: New page: Lighting Build
[2017.04.19-11.48.14:889][  0]MapCheck: New page: Map Check
[2017.04.19-11.48.14:889][  0]LightingResults: New page: Lighting Build
[2017.04.19-11.48.15:224][  0]LogAIModule: Creating AISystem for world BattleGround
[2017.04.19-11.48.15:375][  0]LogEditorServer: Finished looking for orphan Actors (0.000 secs)
[2017.04.19-11.48.15:376][  0]Cmd: MAP CHECKDEP NOCLEARLOG
[2017.04.19-11.48.15:412][  0]MapCheck: Info Map check complete: 0 Error(s), 0 Warning(s), took 36.248ms to complete.
[2017.04.19-11.48.15:412][  0]LogFileHelpers: Loading map 'BattleGround' took 0.555
[2017.04.19-11.48.15:528][  0]LogStats:Warning: MetaData mismatch. Did you assign a stat to two groups? New //STATGROUP_Threads//SplashScreenThread///Thread_2164_0///####STATCAT_Advanced#### old //STATGROUP_Threads//SplashScreenThread///Thread_29d8_0///####STATCAT_Advanced####
[2017.04.19-11.48.15:529][  0]LogCollectionManager: Loaded 1 collections in 0.002828 seconds
[2017.04.19-11.48.15:591][  0]LogFileCache: Scanning file cache for directory 'C:/Users/Ed/Documents/Unreal Projects/04_BattleTank/BattleTank/Saved/Collections/' took 0.01s
[2017.04.19-11.48.15:591][  0]LogFileCache: Scanning file cache for directory 'C:/Users/Ed/Documents/Unreal Projects/04_BattleTank/BattleTank/Content/Developers/Ed/Collections/' took 0.01s
[2017.04.19-11.48.15:591][  0]LogFileCache: Scanning file cache for directory 'C:/Users/Ed/Documents/Unreal Projects/04_BattleTank/BattleTank/Content/Collections/' took 0.01s
[2017.04.19-11.48.15:591][  0]LogCollectionManager: Rebuilt the GUID cache for 1 collections in 0.000003 seconds
[2017.04.19-11.48.15:591][  0]LogCollectionManager: Rebuilt the hierarchy cache for 1 collections in 0.000000 seconds
[2017.04.19-11.48.15:599][  0]LogContentBrowser: Native class hierarchy populated in 0.0071 seconds. Added 2248 classes and 456 folders.
[2017.04.19-11.48.15:601][  0]LogStats: UGameplayTagsManager::ConstructGameplayTagTree: Construct from data asset -  0.000 s
[2017.04.19-11.48.15:601][  0]LogStats: UGameplayTagsManager::ConstructGameplayTagTree: GameplayTagTreeChangedEvent.Broadcast -  0.000 s
[2017.04.19-11.48.15:643][  0]LogContentBrowser: Native class hierarchy updated for 'WidgetCarousel' in 0.0013 seconds. Added 0 classes and 0 folders.
[2017.04.19-11.48.15:815][  0]LogContentBrowser: Native class hierarchy updated for 'AddContentDialog' in 0.0013 seconds. Added 0 classes and 0 folders.
[2017.04.19-11.48.15:845][  0]LogContentBrowser: Native class hierarchy updated for 'SceneOutliner' in 0.0013 seconds. Added 1 classes and 2 folders.
[2017.04.19-11.48.15:866][  0]LogCrashTracker: Crashtracker disabled due to settings.
[2017.04.19-11.48.15:870][  0]LogUObjectGlobals:Warning: Failed to find object 'Class None.'
[2017.04.19-11.48.15:920][  0]LogContentBrowser: Native class hierarchy updated for 'HierarchicalLODOutliner' in 0.0013 seconds. Added 1 classes and 2 folders.
[2017.04.19-11.48.15:920][  0]LogLoad: (Engine Initialization) Total time: 26.34 seconds
[2017.04.19-11.48.15:920][  0]LogLoad: (Engine Initialization) Total Blueprint compile time: 0.09 seconds
[2017.04.19-11.48.15:920][  0]LogExternalProfiler: No external profilers were discovered.  External profiling features will not be available.
[2017.04.19-11.48.15:929][  0]LogOcInput: OculusInput pre-init called
[2017.04.19-11.48.15:940][  0]LogAssetRegistry: Asset discovery search completed in 18.1889 seconds
[2017.04.19-11.48.15:940][  0]LogCollectionManager: Rebuilt the object cache for 1 collections in 0.000003 seconds (found 0 objects)
[2017.04.19-11.48.15:941][  0]LogCollectionManager: Fixed up redirectors for 1 collections in 0.000020 seconds (updated 0 objects)
[2017.04.19-11.48.15:944][  0]LogContentStreaming: Texture pool size now 1000 MB
[2017.04.19-11.48.15:950][  0]LogSlate: Took 0.000136 seconds to synchronously load lazily loaded font '../../../Engine/Content/Slate/Fonts/Roboto-Bold.ttf' (160K)
[2017.04.19-11.48.15:956][  0]LogSlate: Took 0.002557 seconds to synchronously load lazily loaded font '../../../Engine/Content/Editor/Slate/Fonts/FontAwesome.ttf' (139K)
[2017.04.19-11.48.16:110][  2]LogRenderer: Reallocating scene render targets to support 856x828 NumSamples 1 (Frame:2).
[2017.04.19-11.48.16:945][ 78]LogSlate: Took 0.000139 seconds to synchronously load lazily loaded font '../../../Engine/Content/Slate/Fonts/Roboto-Light.ttf' (159K)
[2017.04.19-11.48.18:444][257]LogTemp: Repeting last play command: Selected Viewport
[2017.04.19-11.48.18:454][257]LogBlueprintUserMessages: Early PlayInEditor Detection: Level '/Game/Levels/BattleGround.BattleGround:PersistentLevel' has LevelScriptBlueprint '/Game/Levels/BattleGround.BattleGround:PersistentLevel.BattleGround' with GeneratedClass '/Game/Levels/BattleGround.BattleGround_C' with ClassGeneratedBy '/Game/Levels/BattleGround.BattleGround:PersistentLevel.BattleGround'
[2017.04.19-11.48.18:454][257]LogPlayLevel: PlayLevel: No blueprints needed recompiling
[2017.04.19-11.48.18:454][257]PIE: New page: PIE session: BattleGround (19 Apr 2017 13:48:18)
[2017.04.19-11.48.18:454][257]LogPlayLevel: Creating play world package: /Game/Levels/UEDPIE_0_BattleGround
[2017.04.19-11.48.18:462][257]LogPlayLevel: PIE: StaticDuplicateObject took: (0.007591s)
[2017.04.19-11.48.18:463][257]LogAIModule: Creating AISystem for world BattleGround
[2017.04.19-11.48.18:463][257]LogPlayLevel: PIE: World Init took: (0.000689s)
[2017.04.19-11.48.18:463][257]LogPlayLevel: PIE: Created PIE world by copying editor world from /Game/Levels/BattleGround.BattleGround to /Game/Levels/UEDPIE_0_BattleGround.BattleGround (0.008487s)
[2017.04.19-11.48.18:477][257]LogInit: XAudio2 using '1 - Acer XR341CK (AMD High Definition Audio Device)' : 2 channels at 48 kHz using 16 bits per sample (channel mask 0x3)
[2017.04.19-11.48.18:483][257]LogInit: FAudioDevice initialized.
[2017.04.19-11.48.18:523][257]LogLoad: Game class is 'BattleTankGameMode_BP_C'
[2017.04.19-11.48.18:526][257]LogWorld: Bringing World /Game/Levels/UEDPIE_0_BattleGround.BattleGround up for play (max tick rate 0) at 2017.04.19-12.48.18
[2017.04.19-11.48.18:526][257]LogWorld: Bringing up level for play took: 0.002243
[2017.04.19-11.48.18:555][257]LogContentBrowser: Native class hierarchy updated for 'MovieSceneCapture' in 0.0013 seconds. Added 11 classes and 0 folders.
[2017.04.19-11.48.18:557][257]LogTemp:Warning: PlayerController Begin Play
