Log file open, 05/02/17 23:15:02
LogInit:Display: Running engine for game: BattleTank
LogPlatformFile: Not using cached read wrapper
LogInit:Display: RandInit(-429462567) SRandInit(-429462567).
LogTaskGraph: Started task graph with 5 named threads and 8 total threads with 1 sets of task threads.
LogStats: Stats thread started at 0.066602
LogInit: Using libcurl 7.47.1
LogInit:  - built for x86_64-pc-win32
LogInit:  - supports SSL with OpenSSL/1.0.2g
LogInit:  - supports HTTP deflate (compression) using libz 1.2.8
LogInit:  - other features:
LogInit:      CURL_VERSION_SSL
LogInit:      CURL_VERSION_LIBZ
LogInit:      CURL_VERSION_IPV6
LogInit:      CURL_VERSION_ASYNCHDNS
LogInit:      CURL_VERSION_LARGEFILE
LogInit:      CURL_VERSION_IDN
LogInit:  CurlRequestOptions (configurable via config and command line):
LogInit:  - bVerifyPeer = false  - Libcurl will NOT verify peer certificate
LogInit:  - bUseHttpProxy = false  - Libcurl will NOT use HTTP proxy
LogInit:  - bDontReuseConnections = false  - Libcurl will reuse connections
LogInit:  - CertBundlePath = nullptr  - Libcurl will use whatever was configured at build time.
LogInit: Build: ++UE4+Release-4.15-CL-3348071
LogInit: Engine Version: 4.15.1-3348071+++UE4+Release-4.15
LogInit: Compatible Engine Version: 4.15.0-3299760+++UE4+Release-4.15
LogInit: Net CL: 3299760
LogDevObjectVersion: Number of dev versions registered: 14
LogDevObjectVersion:   Dev-Blueprints (B0D832E4-1F89-4F0D-ACCF-7EB736FD4AA2): 8
LogDevObjectVersion:   Dev-Build (E1C64328-A22C-4D53-A36C-8E866417BD8C): 0
LogDevObjectVersion:   Dev-Core (375EC13C-06E4-48FB-B500-84F0262A717E): 2
LogDevObjectVersion:   Dev-Editor (E4B068ED-F494-42E9-A231-DA0B2E46BB41): 14
LogDevObjectVersion:   Dev-Framework (CFFC743F-43B0-4480-9391-14DF171D2073): 22
LogDevObjectVersion:   Dev-Mobile (B02B49B5-BB20-44E9-A304-32B752E40360): 0
LogDevObjectVersion:   Dev-Networking (A4E4105C-59A1-49B5-A7C5-40C4547EDFEE): 0
LogDevObjectVersion:   Dev-Online (39C831C9-5AE6-47DC-9A44-9C173E1C8E7C): 0
LogDevObjectVersion:   Dev-Physics (78F01B33-EBEA-4F98-B9B4-84EACCB95AA2): 0
LogDevObjectVersion:   Dev-Platform (6631380F-2D4D-43E0-8009-CF276956A95A): 0
LogDevObjectVersion:   Dev-Rendering (12F88B9F-8875-4AFC-A67C-D90C383ABD29): 12
LogDevObjectVersion:   Dev-Sequencer (7B5AE74C-D270-4C10-A958-57980B212A5A): 3
LogDevObjectVersion:   Dev-VR (D7296918-1DD6-4BDD-9DE2-64A83CC13884): 0
LogDevObjectVersion:   Dev-LoadTimes (C2A15278-BFE7-4AFE-6C17-90FF531DF755): 1
LogInit: Compiled (64-bit): Mar 15 2017 16:52:47
LogInit: Compiled with Visual C++: 19.00.23026.00
LogInit: Build Configuration: Development
LogInit: Branch Name: ++UE4+Release-4.15
LogInit: Command line: -EpicPortal 
LogInit: Base directory: C:/Program Files/Epic Games/UE_4.15/Engine/Binaries/Win64/
LogInit: Installed Engine Build: 1
LogInit: Presizing for max 8388607 objects, including 0 objects not considered by GC, pre-allocating 0 bytes for permanent pool.
LogInit: Object subsystem initialized
[2017.05.02-22.15.02:829][  0]LogInit: Selected Device Profile: [Windows]
[2017.05.02-22.15.02:829][  0]LogInit: Applying CVar settings loaded from the selected device profile: [Windows]
[2017.05.02-22.15.02:837][  0]LogInit: Computer: DESKTOP-7RIOMGQ
[2017.05.02-22.15.02:837][  0]LogInit: User: Ed
[2017.05.02-22.15.02:837][  0]LogInit: CPU Page size=65536, Cores=4
[2017.05.02-22.15.02:837][  0]LogInit: High frequency timer resolution =3.421878 MHz
[2017.05.02-22.15.02:838][  0]LogMemory: Memory total: Physical=16.0GB (16GB approx)
[2017.05.02-22.15.02:838][  0]LogMemory: Platform Memory Stats for Windows
[2017.05.02-22.15.02:838][  0]LogMemory: Process Physical Memory: 264.33 MB used, 264.33 MB peak
[2017.05.02-22.15.02:838][  0]LogMemory: Process Virtual Memory: 262.40 MB used, 262.40 MB peak
[2017.05.02-22.15.02:838][  0]LogMemory: Physical Memory: 7922.78 MB used,  8418.20 MB free, 16340.98 MB total
[2017.05.02-22.15.02:838][  0]LogMemory: Virtual Memory: 643.96 MB used,  8418.20 MB free, 134217728.00 MB total
[2017.05.02-22.15.02:906][  0]LogTextLocalizationManager: No specific translations for ('en-GB') exist, so ('en') translations will be used.
[2017.05.02-22.15.03:361][  0]LogD3D11RHI: D3D11 adapters:
[2017.05.02-22.15.03:377][  0]LogD3D11RHI:    0. 'Radeon (TM) RX 480 Graphics' (Feature Level 11_0)
[2017.05.02-22.15.03:377][  0]LogD3D11RHI:       8140/0/8170 MB DedicatedVideo/DedicatedSystem/SharedSystem, Outputs:1, VendorId:0x1002
[2017.05.02-22.15.03:378][  0]LogD3D11RHI:    1. 'Microsoft Basic Render Driver' (Feature Level 11_0)
[2017.05.02-22.15.03:378][  0]LogD3D11RHI:       0/0/8170 MB DedicatedVideo/DedicatedSystem/SharedSystem, Outputs:0, VendorId:0x1414
[2017.05.02-22.15.03:378][  0]LogD3D11RHI: Chosen D3D11 Adapter: 0
[2017.05.02-22.15.03:383][  0]LogD3D11RHI: Creating new Direct3DDevice
[2017.05.02-22.15.03:383][  0]LogD3D11RHI:     GPU DeviceId: 0x67df (for the marketing name, search the web for "GPU Device Id")
[2017.05.02-22.15.03:383][  0]LogWindows: EnumDisplayDevices:
[2017.05.02-22.15.03:383][  0]LogWindows:    0. 'Radeon (TM) RX 480 Graphics' (P:1 D:1)
[2017.05.02-22.15.03:384][  0]LogWindows:    1. 'Radeon (TM) RX 480 Graphics' (P:0 D:0)
[2017.05.02-22.15.03:384][  0]LogWindows:    2. 'Radeon (TM) RX 480 Graphics' (P:0 D:0)
[2017.05.02-22.15.03:384][  0]LogWindows:    3. 'Radeon (TM) RX 480 Graphics' (P:0 D:0)
[2017.05.02-22.15.03:384][  0]LogWindows:    4. 'Radeon (TM) RX 480 Graphics' (P:0 D:0)
[2017.05.02-22.15.03:384][  0]LogWindows:    5. 'Radeon (TM) RX 480 Graphics' (P:0 D:0)
[2017.05.02-22.15.03:384][  0]LogWindows: DebugString: FoundDriverCount:6 
[2017.05.02-22.15.03:384][  0]LogD3D11RHI:     Adapter Name: Radeon (TM) RX 480 Graphics
[2017.05.02-22.15.03:384][  0]LogD3D11RHI:   Driver Version: Crimson 16.7.2 (internal:16.200.1035.1001, unified:16.200.1035.1001)
[2017.05.02-22.15.03:384][  0]LogD3D11RHI:      Driver Date: 7-8-2016
[2017.05.02-22.15.03:384][  0]LogRHI: Texture pool is 1361 MB (70% of 1945 MB)
[2017.05.02-22.15.03:832][  0]LogD3D11RHI: Async texture creation enabled
[2017.05.02-22.15.03:841][  0]LogD3D11RHI: GPU Timing Frequency: 25.000000 (Debug: 2 1)
[2017.05.02-22.15.03:841][  0]LogShaderCompilers: Guid format shader working directory is -35 characters bigger than the processId version (../../../../../../Users/Ed/Documents/Unreal Projects/04_BattleTank/BattleTank/Intermediate/Shaders/WorkingDirectory/34796/).
[2017.05.02-22.15.03:841][  0]LogShaderCompilers: Cleaned the shader compiler working directory 'C:/Users/Ed/AppData/Local/Temp/UnrealShaderWorkingDir/B032778E45B1D512D07E83B3805FAE64/'.
[2017.05.02-22.15.03:841][  0]LogShaderCompilers:Display: Using Local Shader Compiler.
[2017.05.02-22.15.04:623][  0]LogTemp:Display: Loaded TP AllDesktopTargetPlatform
[2017.05.02-22.15.04:668][  0]LogTemp:Display: Loaded TP MacClientTargetPlatform
[2017.05.02-22.15.04:718][  0]LogTemp:Display: Loaded TP MacNoEditorTargetPlatform
[2017.05.02-22.15.04:760][  0]LogTemp:Display: Loaded TP MacServerTargetPlatform
[2017.05.02-22.15.04:805][  0]LogTemp:Display: Loaded TP MacTargetPlatform
[2017.05.02-22.15.04:849][  0]LogTemp:Display: Loaded TP WindowsClientTargetPlatform
[2017.05.02-22.15.04:893][  0]LogTemp:Display: Loaded TP WindowsNoEditorTargetPlatform
[2017.05.02-22.15.04:938][  0]LogTemp:Display: Loaded TP WindowsServerTargetPlatform
[2017.05.02-22.15.04:971][  0]LogTemp:Display: Loaded TP WindowsTargetPlatform
[2017.05.02-22.15.05:012][  0]LogTemp:Display: Loaded TP AndroidTargetPlatform
[2017.05.02-22.15.05:054][  0]LogTemp:Display: Loaded TP Android_ASTCTargetPlatform
[2017.05.02-22.15.05:095][  0]LogTemp:Display: Loaded TP Android_ATCTargetPlatform
[2017.05.02-22.15.05:137][  0]LogTemp:Display: Loaded TP Android_DXTTargetPlatform
[2017.05.02-22.15.05:180][  0]LogTemp:Display: Loaded TP Android_ETC1TargetPlatform
[2017.05.02-22.15.05:221][  0]LogTemp:Display: Loaded TP Android_ETC2TargetPlatform
[2017.05.02-22.15.05:299][  0]LogTemp:Display: Loaded TP Android_MultiTargetPlatform
[2017.05.02-22.15.05:299][  0]LogTemp:Display: Loaded TP Android_PVRTCTargetPlatform
[2017.05.02-22.15.05:327][  0]LogTemp:Display: Loaded TP HTML5TargetPlatform
[2017.05.02-22.15.05:404][  0]LogTemp:Display: Loaded TP IOSTargetPlatform
[2017.05.02-22.15.05:430][  0]LogTemp:Display: Loaded TP TVOSTargetPlatform
[2017.05.02-22.15.05:469][  0]LogTemp:Display: Loaded TP LinuxClientTargetPlatform
[2017.05.02-22.15.05:510][  0]LogTemp:Display: Loaded TP LinuxNoEditorTargetPlatform
[2017.05.02-22.15.05:550][  0]LogTemp:Display: Loaded TP LinuxServerTargetPlatform
[2017.05.02-22.15.05:589][  0]LogTemp:Display: Loaded TP LinuxTargetPlatform
[2017.05.02-22.15.05:589][  0]LogTargetPlatformManager:Display: Building Assets For Windows
[2017.05.02-22.15.05:925][  0]LogDerivedDataCache:Display: Max Cache Size: 512 MB
[2017.05.02-22.15.05:962][  0]LogDerivedDataCache: Loaded boot cache 0.04s 50MB C:/Users/Ed/AppData/Local/UnrealEngine/4.15/DerivedDataCache/Boot.ddc.
[2017.05.02-22.15.05:962][  0]LogDerivedDataCache:Display: Loaded Boot cache: C:/Users/Ed/AppData/Local/UnrealEngine/4.15/DerivedDataCache/Boot.ddc
[2017.05.02-22.15.05:963][  0]LogDerivedDataCache: FDerivedDataBackendGraph:  Pak pak cache file ../../../../../../Users/Ed/Documents/Unreal Projects/04_BattleTank/BattleTank/DerivedDataCache/DDC.ddp not found, will not use a pak cache.
[2017.05.02-22.15.05:963][  0]LogDerivedDataCache: Unable to find inner node Pak for hierarchical cache Hierarchy.
[2017.05.02-22.15.05:963][  0]LogDerivedDataCache: FDerivedDataBackendGraph:  CompressedPak pak cache file ../../../../../../Users/Ed/Documents/Unreal Projects/04_BattleTank/BattleTank/DerivedDataCache/Compressed.ddp not found, will not use a pak cache.
[2017.05.02-22.15.05:963][  0]LogDerivedDataCache: Unable to find inner node CompressedPak for hierarchical cache Hierarchy.
[2017.05.02-22.15.05:977][  0]LogDerivedDataCache:Display: Pak cache opened for reading ../../../Engine/DerivedDataCache/Compressed.ddp.
[2017.05.02-22.15.05:989][  0]LogDerivedDataCache: Using Local data cache path C:/Users/Ed/AppData/Local/UnrealEngine/Common/DerivedDataCache: Writable
[2017.05.02-22.15.05:996][  0]LogSlate: Using Freetype 2.6.0
[2017.05.02-22.15.05:997][  0]LogSlate: SlateFontCache - WITH_FREETYPE: 1, WITH_HARFBUZZ: 1
[2017.05.02-22.15.05:997][  0]LogSlate: SlateFontCache - WITH_FREETYPE: 1, WITH_HARFBUZZ: 1
[2017.05.02-22.15.06:193][  0]LogInit: Selected Device Profile: [Windows]
[2017.05.02-22.15.06:195][  0]LogContentStreaming: Texture pool size is 0.00 MB
[2017.05.02-22.15.06:369][  0]LogMeshUtilities: Using QuadricMeshReduction for automatic static mesh reduction
[2017.05.02-22.15.06:404][  0]LogSimplygon: Simplygon DLL not present - disabling.
[2017.05.02-22.15.06:444][  0]LogMeshUtilities: Using SimplygonSwarm for distributed automatic mesh merging
[2017.05.02-22.15.06:444][  0]LogMeshUtilities: No automatic skeletal mesh reduction module available
[2017.05.02-22.15.06:444][  0]LogMeshUtilities: No automatic mesh merging module available
[2017.05.02-22.15.06:844][  0]LogNetVersion: GetLocalNetworkVersion: CL: 3299760, ProjectName: battletank, ProjectVersion: , EngineNetworkVersion: 2, GameNetworkVersion: 0, NetworkChecksum: 2512795372
[2017.05.02-22.15.06:883][  0]LogAssetRegistry: FAssetRegistry took 0.0216 seconds to start up
[2017.05.02-22.15.06:915][  0]LogPackageLocalizationCache: Processed 3 localized package path(s) for 2 prioritized culture(s) in 0.017773 seconds
[2017.05.02-22.15.06:919][  0]LogUObjectArray: 32493 objects as part of root set at end of initial load.
[2017.05.02-22.15.06:919][  0]LogUObjectAllocator: 7077024 out of 0 bytes used by permanent object pool.
[2017.05.02-22.15.06:919][  0]LogUObjectArray: CloseDisregardForGC: 0/0 objects in disregard for GC pool
[2017.05.02-22.15.06:962][  0]LogInit: WinSock: version 1.1 (2.2), MaxSocks=32767, MaxUdp=65467
[2017.05.02-22.15.08:099][  0]LogTcpMessaging: Initializing TcpMessaging bridge
[2017.05.02-22.15.08:130][  0]LogUdpMessaging: Initializing bridge on interface 0.0.0.0:0 to multicast group 230.0.0.1:6666.
[2017.05.02-22.15.08:499][  0]LogMaterial: Uniform references updated for custom material expression Custom.
[2017.05.02-22.15.08:785][  0]SourceControl: Info Source control is disabled
[2017.05.02-22.15.08:805][  0]SourceControl: Info Source control is disabled
[2017.05.02-22.15.08:839][  0]SourceControl: Info Source control is disabled
[2017.05.02-22.15.08:871][  0]SourceControl: Info Source control is disabled
[2017.05.02-22.15.09:774][  0]LogEngine: Initializing Engine...
[2017.05.02-22.15.09:774][  0]LogHMD: Failed to initialize OpenVR with code 110
[2017.05.02-22.15.09:950][  0]LogAIModule: Creating AISystem for world Untitled
[2017.05.02-22.15.09:958][  0]LogInit: XAudio2 using '1 - Acer XR341CK (AMD High Definition Audio Device)' : 2 channels at 48 kHz using 16 bits per sample (channel mask 0x3)
[2017.05.02-22.15.09:971][  0]LogInit: FAudioDevice initialized.
[2017.05.02-22.15.09:989][  0]LogDerivedDataCache: Saved boot cache 0.02s 50MB C:/Users/Ed/AppData/Local/UnrealEngine/4.15/DerivedDataCache/Boot.ddc.
[2017.05.02-22.15.09:992][  0]LogInit: Texture streaming: Enabled
[2017.05.02-22.15.10:059][  0]LogEngineSessionManager: EngineSessionManager initialized
[2017.05.02-22.15.10:122][  0]LogInit: Transaction tracking system initialized
[2017.05.02-22.15.10:364][  0]BlueprintLog: New page: Editor Load
[2017.05.02-22.15.11:134][  0]LocalizationService: Info Localization service is disabled
[2017.05.02-22.15.11:606][  0]LogConsoleResponse:Display: 
[2017.05.02-22.15.11:698][  0]LogCook:Display: Max memory allowance for cook 16384mb min free memory 0mb
[2017.05.02-22.15.11:698][  0]LogCook:Display: Mobile HDR setting 1
[2017.05.02-22.15.12:461][  0]LogFileCache: Scanning file cache for directory 'C:/Users/Ed/Documents/Unreal Projects/04_BattleTank/BattleTank/Content/' took 0.01s
[2017.05.02-22.15.12:461][  0]SourceControl: Info Source control is disabled
[2017.05.02-22.15.12:462][  0]Cmd: MAP LOAD FILE="../../../../../../Users/Ed/Documents/Unreal Projects/04_BattleTank/BattleTank/Content/Levels/BattleGround.umap" TEMPLATE=0 SHOWPROGRESS=1 FEATURELEVEL=3
[2017.05.02-22.15.12:462][  0]LightingResults: New page: Lighting Build
[2017.05.02-22.15.12:491][  0]MapCheck: New page: Map Check
[2017.05.02-22.15.12:491][  0]LightingResults: New page: Lighting Build
[2017.05.02-22.15.12:893][  0]LogAIModule: Creating AISystem for world BattleGround
[2017.05.02-22.15.12:953][  0]LogEditorServer: Finished looking for orphan Actors (0.000 secs)
[2017.05.02-22.15.12:954][  0]Cmd: MAP CHECKDEP NOCLEARLOG
[2017.05.02-22.15.12:995][  0]MapCheck: Info Map check complete: 0 Error(s), 0 Warning(s), took 40.426ms to complete.
[2017.05.02-22.15.12:995][  0]LogFileHelpers: Loading map 'BattleGround' took 0.533
[2017.05.02-22.15.13:055][  0]LogWindowsTextInputMethodSystem:Display: IME system now deactivated.
[2017.05.02-22.15.13:147][  0]LogCollectionManager: Loaded 1 collections in 0.001235 seconds
[2017.05.02-22.15.13:216][  0]LogFileCache: Scanning file cache for directory 'C:/Users/Ed/Documents/Unreal Projects/04_BattleTank/BattleTank/Saved/Collections/' took 0.01s
[2017.05.02-22.15.13:216][  0]LogFileCache: Scanning file cache for directory 'C:/Users/Ed/Documents/Unreal Projects/04_BattleTank/BattleTank/Content/Developers/Ed/Collections/' took 0.01s
[2017.05.02-22.15.13:216][  0]LogFileCache: Scanning file cache for directory 'C:/Users/Ed/Documents/Unreal Projects/04_BattleTank/BattleTank/Content/Collections/' took 0.01s
[2017.05.02-22.15.13:216][  0]LogCollectionManager: Rebuilt the GUID cache for 1 collections in 0.000003 seconds
[2017.05.02-22.15.13:216][  0]LogCollectionManager: Rebuilt the hierarchy cache for 1 collections in 0.000000 seconds
[2017.05.02-22.15.13:225][  0]LogContentBrowser: Native class hierarchy populated in 0.0079 seconds. Added 2256 classes and 456 folders.
[2017.05.02-22.15.13:227][  0]LogStats: UGameplayTagsManager::ConstructGameplayTagTree: Construct from data asset -  0.000 s
[2017.05.02-22.15.13:227][  0]LogStats: UGameplayTagsManager::ConstructGameplayTagTree: GameplayTagTreeChangedEvent.Broadcast -  0.000 s
[2017.05.02-22.15.13:279][  0]LogContentBrowser: Native class hierarchy updated for 'WidgetCarousel' in 0.0016 seconds. Added 0 classes and 0 folders.
[2017.05.02-22.15.13:305][  0]LogContentBrowser: Native class hierarchy updated for 'AddContentDialog' in 0.0015 seconds. Added 0 classes and 0 folders.
[2017.05.02-22.15.13:342][  0]LogContentBrowser: Native class hierarchy updated for 'SceneOutliner' in 0.0015 seconds. Added 1 classes and 2 folders.
[2017.05.02-22.15.13:377][  0]LogCrashTracker: Crashtracker disabled due to settings.
[2017.05.02-22.15.13:381][  0]LogUObjectGlobals:Warning: Failed to find object 'Class None.'
[2017.05.02-22.15.13:433][  0]LogContentBrowser: Native class hierarchy updated for 'HierarchicalLODOutliner' in 0.0015 seconds. Added 1 classes and 2 folders.
[2017.05.02-22.15.13:433][  0]LogLoad: (Engine Initialization) Total time: 12.12 seconds
[2017.05.02-22.15.13:433][  0]LogLoad: (Engine Initialization) Total Blueprint compile time: 0.10 seconds
[2017.05.02-22.15.13:433][  0]LogExternalProfiler: No external profilers were discovered.  External profiling features will not be available.
[2017.05.02-22.15.13:442][  0]LogOcInput: OculusInput pre-init called
[2017.05.02-22.15.13:455][  0]LogAssetRegistry: Asset discovery search completed in 6.5939 seconds
[2017.05.02-22.15.13:455][  0]LogCollectionManager: Rebuilt the object cache for 1 collections in 0.000003 seconds (found 0 objects)
[2017.05.02-22.15.13:455][  0]LogCollectionManager: Fixed up redirectors for 1 collections in 0.000016 seconds (updated 0 objects)
[2017.05.02-22.15.13:459][  0]LogContentStreaming: Texture pool size now 1000 MB
[2017.05.02-22.15.13:465][  0]LogSlate: Took 0.000122 seconds to synchronously load lazily loaded font '../../../Engine/Content/Slate/Fonts/Roboto-Regular.ttf' (155K)
[2017.05.02-22.15.13:468][  0]LogSlate: Took 0.000145 seconds to synchronously load lazily loaded font '../../../Engine/Content/Slate/Fonts/Roboto-Bold.ttf' (160K)
[2017.05.02-22.15.13:472][  0]LogSlate: Took 0.000105 seconds to synchronously load lazily loaded font '../../../Engine/Content/Editor/Slate/Fonts/FontAwesome.ttf' (139K)
[2017.05.02-22.15.13:627][  1]LogRenderer: Reallocating scene render targets to support 1140x736 NumSamples 1 (Frame:2).
[2017.05.02-22.15.13:632][  1]LogActor:Warning: Tank_BP_C /Engine/Transient.World_1:PersistentLevel.Tank_BP_C_0 has natively added scene component(s), but none of them were set as the actor's RootComponent - picking one arbitrarily
[2017.05.02-22.15.18:623][564]Recompiling BattleTank...
[2017.05.02-22.15.18:623][564]Launching UnrealBuildTool... [C:/Program Files/Epic Games/UE_4.15/Engine/Binaries/DotNET/UnrealBuildTool.exe BattleTank -ModuleWithSuffix BattleTank 5275 Win64 Development -editorrecompile -canskiplink "C:/Users/Ed/Documents/Unreal Projects/04_BattleTank/BattleTank/BattleTank.uproject" ]
[2017.05.02-22.15.18:624][564]Warning: Starting HotReload took  0.0s.
[2017.05.02-22.15.29:809][836]CompilerResultsLog: New page: Compilation - 3 May 2017 00:15:29
[2017.05.02-22.15.29:809][836]CompilerResultsLog: Info Compiling game modules for hot reload
[2017.05.02-22.15.29:809][836]CompilerResultsLog: Info Parsing headers for BattleTankEditor
[2017.05.02-22.15.29:809][836]CompilerResultsLog: Info   Running UnrealHeaderTool "C:\Users\Ed\Documents\Unreal Projects\04_BattleTank\BattleTank\BattleTank.uproject" "C:\Users\Ed\Documents\Unreal Projects\04_BattleTank\BattleTank\Intermediate\Build\Win64\BattleTankEditor\Development\BattleTankEditor.uhtmanifest" -LogCmds="loginit warning, logexit warning, logdatabase error" -Unattended -WarningsAsErrors -installed
[2017.05.02-22.15.29:809][836]CompilerResultsLog: Info Reflection code generated for BattleTankEditor in 5.5076645 seconds
[2017.05.02-22.15.29:809][836]CompilerResultsLog: Info Performing 5 actions (4 in parallel)
[2017.05.02-22.15.29:809][836]CompilerResultsLog: Info Tank.cpp
[2017.05.02-22.15.29:809][836]CompilerResultsLog: Info BattleTank.generated.cpp
[2017.05.02-22.15.29:809][836]CompilerResultsLog: Info TankAIController.cpp
[2017.05.02-22.15.29:809][836]CompilerResultsLog: Info [4/5] Link UE4Editor-BattleTank-5275.dll
[2017.05.02-22.15.29:809][836]CompilerResultsLog: Info [5/5] Link UE4Editor-BattleTank-5275.lib
[2017.05.02-22.15.29:809][836]CompilerResultsLog: Info    Creating library C:\Users\Ed\Documents\Unreal Projects\04_BattleTank\BattleTank\Intermediate\Build\Win64\UE4Editor\Development\UE4Editor-BattleTank-5275.lib and object C:\Users\Ed\Documents\Unreal Projects\04_BattleTank\BattleTank\Intermediate\Build\Win64\UE4Editor\Development\UE4Editor-BattleTank-5275.exp
[2017.05.02-22.15.29:809][836]CompilerResultsLog: Info    Creating library C:\Users\Ed\Documents\Unreal Projects\04_BattleTank\BattleTank\Intermediate\Build\Win64\UE4Editor\Development\UE4Editor-BattleTank-5275.suppressed.lib and object C:\Users\Ed\Documents\Unreal Projects\04_BattleTank\BattleTank\Intermediate\Build\Win64\UE4Editor\Development\UE4Editor-BattleTank-5275.suppressed.exp
[2017.05.02-22.15.29:809][836]CompilerResultsLog: Info Total build time: 10.98 seconds (Local executor: 2.72 seconds)
[2017.05.02-22.15.29:809][836]LogMainFrame: MainFrame: Module compiling took 11.191 seconds
[2017.05.02-22.15.29:862][836]LogClass: Could not find existing class Tank in package /Script/BattleTank for HotReload, assuming new class
[2017.05.02-22.15.29:862][836]LogClass: Function GetHealthPercent is new.
[2017.05.02-22.15.29:864][836]LogClass: EFiringStatus HotReload.
[2017.05.02-22.15.29:867][836]LogHotReload: Re-instancing Tank after hot-reload.
[2017.05.02-22.15.29:882][836]LogBlueprint:Warning: USimpleConstructionScript::FixupRootNodeParentReferences() - Couldn't find native parent component 'Seriously Damaged Particle Effect' for 'Tank' in BlueprintGeneratedClass 'Tank_BP_C' (it may have been removed)
[2017.05.02-22.15.30:162][836]LogContentBrowser: Native class hierarchy updated for 'BattleTank' in 0.0015 seconds. Added 11 classes and 3 folders.
[2017.05.02-22.15.30:163][836]Display: HotReload successful (10 functions remapped  0 scriptstructs remapped)
[2017.05.02-22.15.30:218][836]LogContentBrowser: Native class hierarchy populated in 0.0078 seconds. Added 2258 classes and 460 folders.
[2017.05.02-22.15.30:218][836]Display: HotReload took 11.6s.
[2017.05.02-22.15.33:744][209]LogSlate: Took 0.000108 seconds to synchronously load lazily loaded font '../../../Engine/Content/Slate/Fonts/Roboto-Light.ttf' (159K)
[2017.05.02-22.15.34:083][209]LogContentBrowser: Native class hierarchy updated for 'BlueprintGraph' in 0.0018 seconds. Added 112 classes and 0 folders.
[2017.05.02-22.15.34:536][209]LogSlate: Took 0.000105 seconds to synchronously load lazily loaded font '../../../Engine/Content/Slate/Fonts/Roboto-Regular.ttf' (155K)
[2017.05.02-22.15.34:602][209]LogSlate: Took 0.000185 seconds to synchronously load lazily loaded font '../../../Engine/Content/Editor/Slate/Fonts/Roboto-BoldCondensed.ttf' (158K)
[2017.05.02-22.15.34:662][210]LogSlate: Took 0.000170 seconds to synchronously load lazily loaded font '../../../Engine/Content/Editor/Slate/Fonts/Roboto-Italic.ttf' (157K)
[2017.05.02-22.15.39:577][735]LogTemp: Repeting last play command: Selected Viewport
[2017.05.02-22.15.39:596][735]LogBlueprintUserMessages: Early PlayInEditor Detection: Level '/Game/Levels/BattleGround.BattleGround:PersistentLevel' has LevelScriptBlueprint '/Game/Levels/BattleGround.BattleGround:PersistentLevel.BattleGround' with GeneratedClass '/Game/Levels/BattleGround.BattleGround_C' with ClassGeneratedBy '/Game/Levels/BattleGround.BattleGround:PersistentLevel.BattleGround'
[2017.05.02-22.15.39:596][735]LogPlayLevel: PlayLevel: No blueprints needed recompiling
[2017.05.02-22.15.39:596][735]PIE: New page: PIE session: BattleGround (3 May 2017 00:15:39)
[2017.05.02-22.15.39:596][735]LogPlayLevel: Creating play world package: /Game/Levels/UEDPIE_0_BattleGround
[2017.05.02-22.15.39:622][735]LogPlayLevel: PIE: StaticDuplicateObject took: (0.025275s)
[2017.05.02-22.15.39:622][735]LogAIModule: Creating AISystem for world BattleGround
[2017.05.02-22.15.39:622][735]LogPlayLevel: PIE: World Init took: (0.000514s)
[2017.05.02-22.15.39:622][735]LogPlayLevel: PIE: Created PIE world by copying editor world from /Game/Levels/BattleGround.BattleGround to /Game/Levels/UEDPIE_0_BattleGround.BattleGround (0.025984s)
[2017.05.02-22.15.39:641][735]LogInit: XAudio2 using '1 - Acer XR341CK (AMD High Definition Audio Device)' : 2 channels at 48 kHz using 16 bits per sample (channel mask 0x3)
[2017.05.02-22.15.39:646][735]LogInit: FAudioDevice initialized.
[2017.05.02-22.15.39:686][735]LogLoad: Game class is 'BattleTankGameMode_BP_C'
[2017.05.02-22.15.39:690][735]LogWorld: Bringing World /Game/Levels/UEDPIE_0_BattleGround.BattleGround up for play (max tick rate 0) at 2017.05.02-23.15.39
[2017.05.02-22.15.39:785][735]LogStats: FPlatformStackWalk::StackWalkAndDump -  0.094 s
[2017.05.02-22.15.39:785][735]LogOutputDevice:Error: === Handled ensure: ===
[2017.05.02-22.15.39:785][735]LogOutputDevice:Error: 
[2017.05.02-22.15.39:785][735]LogOutputDevice:Error: Ensure condition failed: PossessedTank [File:C:\Users\Ed\Documents\Unreal Projects\04_BattleTank\BattleTank\Source\BattleTank\Private\TankAIController.cpp] [Line: 66]
[2017.05.02-22.15.39:785][735]LogOutputDevice:Error: 
[2017.05.02-22.15.39:785][735]LogOutputDevice:Error: Stack: 
[2017.05.02-22.15.39:785][735]LogOutputDevice:Error: UE4Editor-Core.dll!0x0000000000F295E6
[2017.05.02-22.15.39:785][735]LogOutputDevice:Error: UE4Editor-Core.dll!0x0000000000CD9B82
[2017.05.02-22.15.39:785][735]LogOutputDevice:Error: UE4Editor-Core.dll!0x0000000000CEB666
[2017.05.02-22.15.39:785][735]LogOutputDevice:Error: UE4Editor-BattleTank-5275.dll!ATankAIController::SetPawn() [c:\users\ed\documents\unreal projects\04_battletank\battletank\source\battletank\private\tankaicontroller.cpp:66]
[2017.05.02-22.15.39:785][735]LogOutputDevice:Error: UE4Editor-Engine.dll!0x00000000F8B3CD74
[2017.05.02-22.15.39:785][735]LogOutputDevice:Error: UE4Editor-AIModule.dll!0x00000000F5B960DF
[2017.05.02-22.15.39:785][735]LogOutputDevice:Error: UE4Editor-Engine.dll!0x00000000F917D6D8
[2017.05.02-22.15.39:785][735]LogOutputDevice:Error: UE4Editor-Engine.dll!0x00000000F9171511
[2017.05.02-22.15.39:785][735]LogOutputDevice:Error: UE4Editor-Engine.dll!0x00000000F8E07DC1
[2017.05.02-22.15.39:785][735]LogOutputDevice:Error: UE4Editor-Engine.dll!0x00000000F96D28EF
[2017.05.02-22.15.39:785][735]LogOutputDevice:Error: UE4Editor-Engine.dll!0x00000000F8CABF77
[2017.05.02-22.15.39:785][735]LogOutputDevice:Error: UE4Editor-UnrealEd.dll!0x00000000F7498AD7
[2017.05.02-22.15.39:785][735]LogOutputDevice:Error: UE4Editor-UnrealEd.dll!0x00000000F74C52DD
[2017.05.02-22.15.39:785][735]LogOutputDevice:Error: UE4Editor-UnrealEd.dll!0x00000000F74E1764
[2017.05.02-22.15.39:785][735]LogOutputDevice:Error: UE4Editor-UnrealEd.dll!0x00000000F6FC626B
[2017.05.02-22.15.39:785][735]LogOutputDevice:Error: UE4Editor-UnrealEd.dll!0x00000000F77D2086
[2017.05.02-22.15.39:785][735]LogOutputDevice:Error: UE4Editor.exe!0x00000000E4E6DEE3
[2017.05.02-22.15.39:785][735]LogOutputDevice:Error: UE4Editor.exe!0x00000000E4E5EB40
[2017.05.02-22.15.39:785][735]LogOutputDevice:Error: UE4Editor.exe!0x00000000E4E5EBBA
[2017.05.02-22.15.39:785][735]LogOutputDevice:Error: UE4Editor.exe!0x00000000E4E70A29
[2017.05.02-22.15.39:785][735]LogOutputDevice:Error: UE4Editor.exe!0x00000000E4E722B6
[2017.05.02-22.15.39:785][735]LogOutputDevice:Error: KERNEL32.DLL!0x000000003ABD8364
[2017.05.02-22.15.39:785][735]LogOutputDevice:Error: ntdll.dll!0x000000003AEF70D1
[2017.05.02-22.15.39:785][735]LogOutputDevice:Error: 
[2017.05.02-22.15.39:789][735]LogStats:                SubmitErrorReport -  0.000 s
