Log file open, 04/28/17 15:53:27
LogInit:Display: Running engine for game: BattleTank
LogPlatformFile: Not using cached read wrapper
LogInit:Display: RandInit(1091765174) SRandInit(1091765174).
LogTaskGraph: Started task graph with 5 named threads and 8 total threads with 1 sets of task threads.
LogStats: Stats thread started at 0.088499
LogInit: Using libcurl 7.47.1
LogInit:  - built for x86_64-pc-win32
LogInit:  - supports SSL with OpenSSL/1.0.2g
LogInit:  - supports HTTP deflate (compression) using libz 1.2.8
LogInit:  - other features:
LogInit:      CURL_VERSION_SSL
LogInit:      CURL_VERSION_LIBZ
LogInit:      CURL_VERSION_IPV6
LogInit:      CURL_VERSION_ASYNCHDNS
LogInit:      CURL_VERSION_LARGEFILE
LogInit:      CURL_VERSION_IDN
LogInit:  CurlRequestOptions (configurable via config and command line):
LogInit:  - bVerifyPeer = false  - Libcurl will NOT verify peer certificate
LogInit:  - bUseHttpProxy = false  - Libcurl will NOT use HTTP proxy
LogInit:  - bDontReuseConnections = false  - Libcurl will reuse connections
LogInit:  - CertBundlePath = nullptr  - Libcurl will use whatever was configured at build time.
LogInit: Build: ++UE4+Release-4.15-CL-3299760
LogInit: Engine Version: 4.15.0-3299760+++UE4+Release-4.15
LogInit: Compatible Engine Version: 4.15.0-3299760+++UE4+Release-4.15
LogInit: Net CL: 3299760
LogDevObjectVersion: Number of dev versions registered: 14
LogDevObjectVersion:   Dev-Blueprints (B0D832E4-1F89-4F0D-ACCF-7EB736FD4AA2): 8
LogDevObjectVersion:   Dev-Build (E1C64328-A22C-4D53-A36C-8E866417BD8C): 0
LogDevObjectVersion:   Dev-Core (375EC13C-06E4-48FB-B500-84F0262A717E): 2
LogDevObjectVersion:   Dev-Editor (E4B068ED-F494-42E9-A231-DA0B2E46BB41): 14
LogDevObjectVersion:   Dev-Framework (CFFC743F-43B0-4480-9391-14DF171D2073): 22
LogDevObjectVersion:   Dev-Mobile (B02B49B5-BB20-44E9-A304-32B752E40360): 0
LogDevObjectVersion:   Dev-Networking (A4E4105C-59A1-49B5-A7C5-40C4547EDFEE): 0
LogDevObjectVersion:   Dev-Online (39C831C9-5AE6-47DC-9A44-9C173E1C8E7C): 0
LogDevObjectVersion:   Dev-Physics (78F01B33-EBEA-4F98-B9B4-84EACCB95AA2): 0
LogDevObjectVersion:   Dev-Platform (6631380F-2D4D-43E0-8009-CF276956A95A): 0
LogDevObjectVersion:   Dev-Rendering (12F88B9F-8875-4AFC-A67C-D90C383ABD29): 12
LogDevObjectVersion:   Dev-Sequencer (7B5AE74C-D270-4C10-A958-57980B212A5A): 3
LogDevObjectVersion:   Dev-VR (D7296918-1DD6-4BDD-9DE2-64A83CC13884): 0
LogDevObjectVersion:   Dev-LoadTimes (C2A15278-BFE7-4AFE-6C17-90FF531DF755): 1
LogInit: Compiled (64-bit): Feb 14 2017 02:04:14
LogInit: Compiled with Visual C++: 19.00.23026.00
LogInit: Build Configuration: Development
LogInit: Branch Name: ++UE4+Release-4.15
LogInit: Command line: -EpicPortal 
LogInit: Base directory: C:/Program Files/Epic Games/UE_4.15/Engine/Binaries/Win64/
LogInit: Installed Engine Build: 1
LogInit: Presizing for max 8388607 objects, including 0 objects not considered by GC, pre-allocating 0 bytes for permanent pool.
LogInit: Object subsystem initialized
[2017.04.28-14.53.28:460][  0]LogInit: Selected Device Profile: [Windows]
[2017.04.28-14.53.28:460][  0]LogInit: Applying CVar settings loaded from the selected device profile: [Windows]
[2017.04.28-14.53.28:475][  0]LogInit: Computer: DESKTOP-0PEK566
[2017.04.28-14.53.28:475][  0]LogInit: User: Sarah
[2017.04.28-14.53.28:475][  0]LogInit: CPU Page size=65536, Cores=4
[2017.04.28-14.53.28:475][  0]LogInit: High frequency timer resolution =2.143576 MHz
[2017.04.28-14.53.28:476][  0]LogMemory: Memory total: Physical=7.9GB (8GB approx)
[2017.04.28-14.53.28:476][  0]LogMemory: Platform Memory Stats for Windows
[2017.04.28-14.53.28:476][  0]LogMemory: Process Physical Memory: 262.97 MB used, 262.97 MB peak
[2017.04.28-14.53.28:476][  0]LogMemory: Process Virtual Memory: 262.63 MB used, 262.63 MB peak
[2017.04.28-14.53.28:476][  0]LogMemory: Physical Memory: 4486.43 MB used,  3597.84 MB free, 8084.27 MB total
[2017.04.28-14.53.28:476][  0]LogMemory: Virtual Memory: 644.18 MB used,  3597.84 MB free, 134217728.00 MB total
[2017.04.28-14.53.28:590][  0]LogTextLocalizationManager: No specific translations for ('en-US') exist, so ('en') translations will be used.
[2017.04.28-14.53.29:355][  0]LogD3D11RHI: D3D11 adapters:
[2017.04.28-14.53.29:415][  0]LogD3D11RHI:    0. 'AMD Radeon HD 7600M Series' (Feature Level 11_0)
[2017.04.28-14.53.29:415][  0]LogD3D11RHI:       1004/0/3840 MB DedicatedVideo/DedicatedSystem/SharedSystem, Outputs:1, VendorId:0x1002
[2017.04.28-14.53.29:418][  0]LogD3D11RHI:    1. 'Intel(R) HD Graphics 4000' (Feature Level 11_0)
[2017.04.28-14.53.29:418][  0]LogD3D11RHI:       32/0/1760 MB DedicatedVideo/DedicatedSystem/SharedSystem, Outputs:0, VendorId:0x8086
[2017.04.28-14.53.29:420][  0]LogD3D11RHI:    2. 'Microsoft Basic Render Driver' (Feature Level 11_0)
[2017.04.28-14.53.29:420][  0]LogD3D11RHI:       0/0/4042 MB DedicatedVideo/DedicatedSystem/SharedSystem, Outputs:0, VendorId:0x1414
[2017.04.28-14.53.29:420][  0]LogD3D11RHI: Chosen D3D11 Adapter: 0
[2017.04.28-14.53.29:436][  0]LogD3D11RHI: Creating new Direct3DDevice
[2017.04.28-14.53.29:436][  0]LogD3D11RHI:     GPU DeviceId: 0x6840 (for the marketing name, search the web for "GPU Device Id")
[2017.04.28-14.53.29:436][  0]LogWindows: EnumDisplayDevices:
[2017.04.28-14.53.29:436][  0]LogWindows:    0. 'Intel(R) HD Graphics 4000' (P:1 D:1)
[2017.04.28-14.53.29:436][  0]LogWindows:    1. 'Intel(R) HD Graphics 4000' (P:0 D:0)
[2017.04.28-14.53.29:436][  0]LogWindows:    2. 'Intel(R) HD Graphics 4000' (P:0 D:0)
[2017.04.28-14.53.29:436][  0]LogWindows: DebugString: PrimaryIsNotTheChoosenAdapter PrimaryIsNotTheChoosenAdapter PrimaryIsNotTheChoosenAdapter FoundDriverCount:0 
[2017.04.28-14.53.29:436][  0]LogD3D11RHI:     Adapter Name: AMD Radeon HD 7600M Series
[2017.04.28-14.53.29:436][  0]LogD3D11RHI:   Driver Version: Unknown (internal:Unknown, unified:Unknown)
[2017.04.28-14.53.29:436][  0]LogD3D11RHI:      Driver Date: Unknown
[2017.04.28-14.53.29:436][  0]LogRHI: Texture pool is 702 MB (70% of 1004 MB)
[2017.04.28-14.53.29:445][  0]LogD3D11RHI: AMD Pre GCN architecture detected, some driver workarounds will be in place
[2017.04.28-14.53.29:453][  0]LogD3D11RHI: Async texture creation enabled
[2017.04.28-14.53.29:465][  0]LogD3D11RHI: GPU Timing Frequency: 27.000000 (Debug: 2 1)
[2017.04.28-14.53.29:466][  0]LogShaderCompilers: Guid format shader working directory is -36 characters bigger than the processId version (../../../../../../Users/Sarah/Documents/Unreal Projects/04_BattleTank/BattleTank/Intermediate/Shaders/WorkingDirectory/104844/).
[2017.04.28-14.53.29:466][  0]LogShaderCompilers: Cleaned the shader compiler working directory 'C:/Users/Sarah/AppData/Local/Temp/UnrealShaderWorkingDir/D779FF22405ED1D8218D1CB0E95FE39C/'.
[2017.04.28-14.53.29:466][  0]LogShaderCompilers:Display: Using Local Shader Compiler.
[2017.04.28-14.53.30:831][  0]LogTemp:Display: Loaded TP AllDesktopTargetPlatform
[2017.04.28-14.53.30:909][  0]LogTemp:Display: Loaded TP MacClientTargetPlatform
[2017.04.28-14.53.30:987][  0]LogTemp:Display: Loaded TP MacNoEditorTargetPlatform
[2017.04.28-14.53.31:065][  0]LogTemp:Display: Loaded TP MacServerTargetPlatform
[2017.04.28-14.53.31:144][  0]LogTemp:Display: Loaded TP MacTargetPlatform
[2017.04.28-14.53.31:223][  0]LogTemp:Display: Loaded TP WindowsClientTargetPlatform
[2017.04.28-14.53.31:302][  0]LogTemp:Display: Loaded TP WindowsNoEditorTargetPlatform
[2017.04.28-14.53.31:381][  0]LogTemp:Display: Loaded TP WindowsServerTargetPlatform
[2017.04.28-14.53.31:445][  0]LogTemp:Display: Loaded TP WindowsTargetPlatform
[2017.04.28-14.53.31:523][  0]LogTemp:Display: Loaded TP AndroidTargetPlatform
[2017.04.28-14.53.31:600][  0]LogTemp:Display: Loaded TP Android_ASTCTargetPlatform
[2017.04.28-14.53.31:677][  0]LogTemp:Display: Loaded TP Android_ATCTargetPlatform
[2017.04.28-14.53.31:754][  0]LogTemp:Display: Loaded TP Android_DXTTargetPlatform
[2017.04.28-14.53.31:831][  0]LogTemp:Display: Loaded TP Android_ETC1TargetPlatform
[2017.04.28-14.53.31:909][  0]LogTemp:Display: Loaded TP Android_ETC2TargetPlatform
[2017.04.28-14.53.32:062][  0]LogTemp:Display: Loaded TP Android_MultiTargetPlatform
[2017.04.28-14.53.32:062][  0]LogTemp:Display: Loaded TP Android_PVRTCTargetPlatform
[2017.04.28-14.53.32:116][  0]LogTemp:Display: Loaded TP HTML5TargetPlatform
[2017.04.28-14.53.32:246][  0]LogTemp:Display: Loaded TP IOSTargetPlatform
[2017.04.28-14.53.32:297][  0]LogTemp:Display: Loaded TP TVOSTargetPlatform
[2017.04.28-14.53.32:376][  0]LogTemp:Display: Loaded TP LinuxClientTargetPlatform
[2017.04.28-14.53.32:452][  0]LogTemp:Display: Loaded TP LinuxNoEditorTargetPlatform
[2017.04.28-14.53.32:529][  0]LogTemp:Display: Loaded TP LinuxServerTargetPlatform
[2017.04.28-14.53.32:605][  0]LogTemp:Display: Loaded TP LinuxTargetPlatform
[2017.04.28-14.53.32:605][  0]LogTargetPlatformManager:Display: Building Assets For Windows
[2017.04.28-14.53.33:246][  0]LogDerivedDataCache:Display: Max Cache Size: 512 MB
[2017.04.28-14.53.33:303][  0]LogDerivedDataCache: Loaded boot cache 0.06s 50MB C:/Users/Sarah/AppData/Local/UnrealEngine/4.15/DerivedDataCache/Boot.ddc.
[2017.04.28-14.53.33:304][  0]LogDerivedDataCache:Display: Loaded Boot cache: C:/Users/Sarah/AppData/Local/UnrealEngine/4.15/DerivedDataCache/Boot.ddc
[2017.04.28-14.53.33:304][  0]LogDerivedDataCache: FDerivedDataBackendGraph:  Pak pak cache file ../../../../../../Users/Sarah/Documents/Unreal Projects/04_BattleTank/BattleTank/DerivedDataCache/DDC.ddp not found, will not use a pak cache.
[2017.04.28-14.53.33:304][  0]LogDerivedDataCache: Unable to find inner node Pak for hierarchical cache Hierarchy.
[2017.04.28-14.53.33:304][  0]LogDerivedDataCache: FDerivedDataBackendGraph:  CompressedPak pak cache file ../../../../../../Users/Sarah/Documents/Unreal Projects/04_BattleTank/BattleTank/DerivedDataCache/Compressed.ddp not found, will not use a pak cache.
[2017.04.28-14.53.33:304][  0]LogDerivedDataCache: Unable to find inner node CompressedPak for hierarchical cache Hierarchy.
[2017.04.28-14.53.33:326][  0]LogDerivedDataCache:Display: Pak cache opened for reading ../../../Engine/DerivedDataCache/Compressed.ddp.
[2017.04.28-14.53.33:338][  0]LogDerivedDataCache: Using Local data cache path C:/Users/Sarah/AppData/Local/UnrealEngine/Common/DerivedDataCache: Writable
[2017.04.28-14.53.33:349][  0]LogSlate: Using Freetype 2.6.0
[2017.04.28-14.53.33:350][  0]LogSlate: SlateFontCache - WITH_FREETYPE: 1, WITH_HARFBUZZ: 1
[2017.04.28-14.53.33:350][  0]LogSlate: SlateFontCache - WITH_FREETYPE: 1, WITH_HARFBUZZ: 1
[2017.04.28-14.53.33:698][  0]LogInit: Selected Device Profile: [Windows]
[2017.04.28-14.53.33:702][  0]LogContentStreaming: Texture pool size is 0.00 MB
[2017.04.28-14.53.33:982][  0]LogMeshUtilities: Using QuadricMeshReduction for automatic static mesh reduction
[2017.04.28-14.53.34:044][  0]LogSimplygon: Simplygon DLL not present - disabling.
[2017.04.28-14.53.34:113][  0]LogMeshUtilities: Using SimplygonSwarm for distributed automatic mesh merging
[2017.04.28-14.53.34:113][  0]LogMeshUtilities: No automatic skeletal mesh reduction module available
[2017.04.28-14.53.34:113][  0]LogMeshUtilities: No automatic mesh merging module available
[2017.04.28-14.53.34:854][  0]LogNetVersion: GetLocalNetworkVersion: CL: 3299760, ProjectName: battletank, ProjectVersion: , EngineNetworkVersion: 2, GameNetworkVersion: 0, NetworkChecksum: 2512795372
[2017.04.28-14.53.34:909][  0]LogAssetRegistry: FAssetRegistry took 0.0215 seconds to start up
[2017.04.28-14.53.34:972][  0]LogPackageLocalizationCache: Processed 3 localized package path(s) for 2 prioritized culture(s) in 0.031361 seconds
[2017.04.28-14.53.34:978][  0]LogUObjectArray: 32475 objects as part of root set at end of initial load.
[2017.04.28-14.53.34:978][  0]LogUObjectAllocator: 7073360 out of 0 bytes used by permanent object pool.
[2017.04.28-14.53.34:978][  0]LogUObjectArray: CloseDisregardForGC: 0/0 objects in disregard for GC pool
[2017.04.28-14.53.35:072][  0]LogInit: WinSock: version 1.1 (2.2), MaxSocks=32767, MaxUdp=65467
[2017.04.28-14.53.37:231][  0]LogTcpMessaging: Initializing TcpMessaging bridge
[2017.04.28-14.53.37:286][  0]LogUdpMessaging: Initializing bridge on interface 0.0.0.0:0 to multicast group 230.0.0.1:6666.
[2017.04.28-14.53.37:984][  0]LogMaterial: Uniform references updated for custom material expression Custom.
[2017.04.28-14.53.38:517][  0]SourceControl: Info Source control is disabled
[2017.04.28-14.53.38:552][  0]SourceControl: Info Source control is disabled
[2017.04.28-14.53.38:620][  0]SourceControl: Info Source control is disabled
[2017.04.28-14.53.38:686][  0]SourceControl: Info Source control is disabled
[2017.04.28-14.53.40:481][  0]LogEngine: Initializing Engine...
[2017.04.28-14.53.40:481][  0]LogHMD: Failed to initialize OpenVR with code 110
[2017.04.28-14.53.40:794][  0]LogAIModule: Creating AISystem for world Untitled
[2017.04.28-14.53.40:802][  0]LogInit: XAudio2 using 'Speakers (2- High Definition Audio Device)' : 2 channels at 44.1 kHz using 16 bits per sample (channel mask 0x3)
[2017.04.28-14.53.40:822][  0]LogInit: FAudioDevice initialized.
[2017.04.28-14.53.40:853][  0]LogDerivedDataCache: Saved boot cache 0.03s 50MB C:/Users/Sarah/AppData/Local/UnrealEngine/4.15/DerivedDataCache/Boot.ddc.
[2017.04.28-14.53.40:862][  0]LogInit: Texture streaming: Enabled
[2017.04.28-14.53.40:999][  0]LogEngineSessionManager: EngineSessionManager initialized
[2017.04.28-14.53.41:135][  0]LogInit: Transaction tracking system initialized
[2017.04.28-14.53.41:625][  0]BlueprintLog: New page: Editor Load
[2017.04.28-14.53.42:883][  0]LocalizationService: Info Localization service is disabled
[2017.04.28-14.53.44:084][  0]LogConsoleResponse:Display: 
[2017.04.28-14.53.44:272][  0]LogCook:Display: Max memory allowance for cook 16384mb min free memory 0mb
[2017.04.28-14.53.44:272][  0]LogCook:Display: Mobile HDR setting 1
[2017.04.28-14.53.44:733][  0]LogFileCache: Scanning file cache for directory 'C:/Users/Sarah/Documents/Unreal Projects/04_BattleTank/BattleTank/Content/' took 0.01s
[2017.04.28-14.53.45:788][  0]SourceControl: Info Source control is disabled
[2017.04.28-14.53.45:788][  0]Cmd: MAP LOAD FILE="../../../../../../Users/Sarah/Documents/Unreal Projects/04_BattleTank/BattleTank/Content/Levels/BattleGround.umap" TEMPLATE=0 SHOWPROGRESS=1 FEATURELEVEL=3
[2017.04.28-14.53.45:788][  0]LightingResults: New page: Lighting Build
[2017.04.28-14.53.45:845][  0]MapCheck: New page: Map Check
[2017.04.28-14.53.45:845][  0]LightingResults: New page: Lighting Build
[2017.04.28-14.53.46:370][  0]LogAIModule: Creating AISystem for world BattleGround
[2017.04.28-14.53.46:406][  0]LogEditorServer: Finished looking for orphan Actors (0.000 secs)
[2017.04.28-14.53.46:408][  0]Cmd: MAP CHECKDEP NOCLEARLOG
[2017.04.28-14.53.46:462][  0]MapCheck: Info Map check complete: 0 Error(s), 0 Warning(s), took 54.52ms to complete.
[2017.04.28-14.53.46:462][  0]LogFileHelpers: Loading map 'BattleGround' took 0.675
[2017.04.28-14.53.46:685][  0]LogCollectionManager: Loaded 1 collections in 0.002331 seconds
[2017.04.28-14.53.46:793][  0]LogFileCache: Scanning file cache for directory 'C:/Users/Sarah/Documents/Unreal Projects/04_BattleTank/BattleTank/Saved/Collections/' took 0.01s
[2017.04.28-14.53.46:793][  0]LogFileCache: Scanning file cache for directory 'C:/Users/Sarah/Documents/Unreal Projects/04_BattleTank/BattleTank/Content/Developers/Sarah/Collections/' took 0.01s
[2017.04.28-14.53.46:793][  0]LogFileCache: Scanning file cache for directory 'C:/Users/Sarah/Documents/Unreal Projects/04_BattleTank/BattleTank/Content/Collections/' took 0.01s
[2017.04.28-14.53.46:793][  0]LogCollectionManager: Rebuilt the GUID cache for 1 collections in 0.000007 seconds
[2017.04.28-14.53.46:793][  0]LogCollectionManager: Rebuilt the hierarchy cache for 1 collections in 0.000000 seconds
[2017.04.28-14.53.46:808][  0]LogContentBrowser: Native class hierarchy populated in 0.0147 seconds. Added 2255 classes and 453 folders.
[2017.04.28-14.53.46:812][  0]LogStats: UGameplayTagsManager::ConstructGameplayTagTree: Construct from data asset -  0.000 s
[2017.04.28-14.53.46:812][  0]LogStats: UGameplayTagsManager::ConstructGameplayTagTree: GameplayTagTreeChangedEvent.Broadcast -  0.000 s
[2017.04.28-14.53.46:908][  0]LogContentBrowser: Native class hierarchy updated for 'WidgetCarousel' in 0.0036 seconds. Added 0 classes and 0 folders.
[2017.04.28-14.53.46:961][  0]LogContentBrowser: Native class hierarchy updated for 'AddContentDialog' in 0.0035 seconds. Added 0 classes and 0 folders.
[2017.04.28-14.53.47:027][  0]LogContentBrowser: Native class hierarchy updated for 'SceneOutliner' in 0.0036 seconds. Added 1 classes and 2 folders.
[2017.04.28-14.53.47:093][  0]LogCrashTracker: Crashtracker disabled due to settings.
[2017.04.28-14.53.47:099][  0]LogUObjectGlobals:Warning: Failed to find object 'Class None.'
[2017.04.28-14.53.47:185][  0]LogContentBrowser: Native class hierarchy updated for 'HierarchicalLODOutliner' in 0.0036 seconds. Added 1 classes and 2 folders.
[2017.04.28-14.53.47:185][  0]LogLoad: (Engine Initialization) Total time: 21.52 seconds
[2017.04.28-14.53.47:185][  0]LogLoad: (Engine Initialization) Total Blueprint compile time: 0.19 seconds
[2017.04.28-14.53.47:185][  0]LogExternalProfiler: No external profilers were discovered.  External profiling features will not be available.
[2017.04.28-14.53.47:524][  0]LogOcInput: OculusInput pre-init called
[2017.04.28-14.53.47:546][  0]LogContentStreaming: Texture pool size now 600 MB
[2017.04.28-14.53.47:548][  0]LogSlate: Took 0.000279 seconds to synchronously load lazily loaded font '../../../Engine/Content/Slate/Fonts/Roboto-Regular.ttf' (155K)
[2017.04.28-14.53.47:553][  0]LogSlate: Took 0.000288 seconds to synchronously load lazily loaded font '../../../Engine/Content/Slate/Fonts/Roboto-Bold.ttf' (160K)
[2017.04.28-14.53.47:561][  0]LogSlate: Took 0.000263 seconds to synchronously load lazily loaded font '../../../Engine/Content/Editor/Slate/Fonts/FontAwesome.ttf' (139K)
[2017.04.28-14.53.47:706][  0]LogSlate: Took 0.000272 seconds to synchronously load lazily loaded font '../../../Engine/Content/Slate/Fonts/Roboto-Light.ttf' (159K)
[2017.04.28-14.53.47:867][  1]LogRenderer: Reallocating scene render targets to support 1056x628 NumSamples 1 (Frame:2).
[2017.04.28-14.53.47:867][  1]LogAssetRegistry: Asset discovery search completed in 12.9793 seconds
[2017.04.28-14.53.47:867][  1]LogCollectionManager: Rebuilt the object cache for 1 collections in 0.000011 seconds (found 0 objects)
[2017.04.28-14.53.47:867][  1]LogCollectionManager: Fixed up redirectors for 1 collections in 0.000046 seconds (updated 0 objects)
[2017.04.28-14.53.55:961][288]Recompiling BattleTank...
[2017.04.28-14.53.55:962][288]Launching UnrealBuildTool... [C:/Program Files/Epic Games/UE_4.15/Engine/Binaries/DotNET/UnrealBuildTool.exe BattleTank -ModuleWithSuffix BattleTank 1185 Win64 Development -editorrecompile -canskiplink "C:/Users/Sarah/Documents/Unreal Projects/04_BattleTank/BattleTank/BattleTank.uproject" ]
[2017.04.28-14.53.55:964][288]Warning: Starting HotReload took  0.0s.
[2017.04.28-14.54.00:016][440]CompilerResultsLog: New page: Compilation - Apr 28, 2017, 4:54:00 PM
[2017.04.28-14.54.00:016][440]CompilerResultsLog: Info Compiling game modules for hot reload
[2017.04.28-14.54.00:016][440]CompilerResultsLog: Info Performing 3 actions (4 in parallel)
[2017.04.28-14.54.00:016][440]CompilerResultsLog: Info TankAimingComponent.cpp
[2017.04.28-14.54.00:016][440]CompilerResultsLog: Info [2/3] Link UE4Editor-BattleTank-1185.dll
[2017.04.28-14.54.00:017][440]CompilerResultsLog: Info [3/3] Link UE4Editor-BattleTank-1185.lib
[2017.04.28-14.54.00:017][440]CompilerResultsLog: Info    Creating library C:\Users\Sarah\Documents\Unreal Projects\04_BattleTank\BattleTank\Intermediate\Build\Win64\UE4Editor\Development\UE4Editor-BattleTank-1185.lib and object C:\Users\Sarah\Documents\Unreal Projects\04_BattleTank\BattleTank\Intermediate\Build\Win64\UE4Editor\Development\UE4Editor-BattleTank-1185.exp
[2017.04.28-14.54.00:017][440]CompilerResultsLog: Info    Creating library C:\Users\Sarah\Documents\Unreal Projects\04_BattleTank\BattleTank\Intermediate\Build\Win64\UE4Editor\Development\UE4Editor-BattleTank-1185.suppressed.lib and object C:\Users\Sarah\Documents\Unreal Projects\04_BattleTank\BattleTank\Intermediate\Build\Win64\UE4Editor\Development\UE4Editor-BattleTank-1185.suppressed.exp
[2017.04.28-14.54.00:017][440]CompilerResultsLog: Info Total build time: 3.59 seconds (Local executor: 2.57 seconds)
[2017.04.28-14.54.00:017][440]LogMainFrame: MainFrame: Module compiling took 4.062 seconds
[2017.04.28-14.54.00:112][440]LogClass: EFiringStatus HotReload.
[2017.04.28-14.54.00:119][440]LogContentBrowser: Native class hierarchy updated for 'BattleTank' in 0.0037 seconds. Added 11 classes and 3 folders.
[2017.04.28-14.54.00:121][440]Display: HotReload successful (6 functions remapped  0 scriptstructs remapped)
[2017.04.28-14.54.00:194][440]LogContentBrowser: Native class hierarchy populated in 0.0145 seconds. Added 2257 classes and 457 folders.
[2017.04.28-14.54.00:194][440]Display: HotReload took  4.2s.
[2017.04.28-14.55.17:197][718]LogSlate: Took 0.000244 seconds to synchronously load lazily loaded font '../../../Engine/Content/Editor/Slate/Fonts/DroidSansMono.ttf' (77K)
[2017.04.28-14.55.20:638][905]Recompiling BattleTank...
[2017.04.28-14.55.20:638][905]Launching UnrealBuildTool... [C:/Program Files/Epic Games/UE_4.15/Engine/Binaries/DotNET/UnrealBuildTool.exe BattleTank -ModuleWithSuffix BattleTank 3490 Win64 Development -editorrecompile -canskiplink "C:/Users/Sarah/Documents/Unreal Projects/04_BattleTank/BattleTank/BattleTank.uproject" ]
[2017.04.28-14.55.20:640][905]Warning: Starting HotReload took  0.0s.
[2017.04.28-14.55.24:498][ 66]CompilerResultsLog: New page: Compilation - Apr 28, 2017, 4:55:24 PM
[2017.04.28-14.55.24:498][ 66]CompilerResultsLog: Info Compiling game modules for hot reload
[2017.04.28-14.55.24:498][ 66]CompilerResultsLog: Info Performing 3 actions (4 in parallel)
[2017.04.28-14.55.24:499][ 66]CompilerResultsLog: Info TankAimingComponent.cpp
[2017.04.28-14.55.24:499][ 66]CompilerResultsLog: Info [2/3] Link UE4Editor-BattleTank-3490.dll
[2017.04.28-14.55.24:499][ 66]CompilerResultsLog: Info [3/3] Link UE4Editor-BattleTank-3490.lib
[2017.04.28-14.55.24:499][ 66]CompilerResultsLog: Info    Creating library C:\Users\Sarah\Documents\Unreal Projects\04_BattleTank\BattleTank\Intermediate\Build\Win64\UE4Editor\Development\UE4Editor-BattleTank-3490.lib and object C:\Users\Sarah\Documents\Unreal Projects\04_BattleTank\BattleTank\Intermediate\Build\Win64\UE4Editor\Development\UE4Editor-BattleTank-3490.exp
[2017.04.28-14.55.24:499][ 66]CompilerResultsLog: Info    Creating library C:\Users\Sarah\Documents\Unreal Projects\04_BattleTank\BattleTank\Intermediate\Build\Win64\UE4Editor\Development\UE4Editor-BattleTank-3490.suppressed.lib and object C:\Users\Sarah\Documents\Unreal Projects\04_BattleTank\BattleTank\Intermediate\Build\Win64\UE4Editor\Development\UE4Editor-BattleTank-3490.suppressed.exp
[2017.04.28-14.55.24:500][ 66]CompilerResultsLog: Info Total build time: 3.39 seconds (Local executor: 2.37 seconds)
[2017.04.28-14.55.24:500][ 66]LogMainFrame: MainFrame: Module compiling took 3.869 seconds
[2017.04.28-14.55.24:613][ 66]LogClass: EFiringStatus HotReload.
[2017.04.28-14.55.24:621][ 66]LogContentBrowser: Native class hierarchy updated for 'BattleTank' in 0.0037 seconds. Added 11 classes and 3 folders.
[2017.04.28-14.55.24:622][ 66]Display: HotReload successful (6 functions remapped  0 scriptstructs remapped)
[2017.04.28-14.55.24:663][ 66]LogContentBrowser: Native class hierarchy populated in 0.0149 seconds. Added 2257 classes and 457 folders.
[2017.04.28-14.55.24:664][ 66]Display: HotReload took  4.0s.
[2017.04.28-14.58.15:472][677]Recompiling BattleTank...
[2017.04.28-14.58.15:472][677]Launching UnrealBuildTool... [C:/Program Files/Epic Games/UE_4.15/Engine/Binaries/DotNET/UnrealBuildTool.exe BattleTank -ModuleWithSuffix BattleTank 8097 Win64 Development -editorrecompile -canskiplink "C:/Users/Sarah/Documents/Unreal Projects/04_BattleTank/BattleTank/BattleTank.uproject" ]
[2017.04.28-14.58.15:474][677]Warning: Starting HotReload took  0.0s.
[2017.04.28-14.58.19:847][859]CompilerResultsLog: New page: Compilation - Apr 28, 2017, 4:58:19 PM
[2017.04.28-14.58.19:847][859]CompilerResultsLog: Info Compiling game modules for hot reload
[2017.04.28-14.58.19:848][859]CompilerResultsLog: Info Performing 3 actions (4 in parallel)
[2017.04.28-14.58.19:848][859]CompilerResultsLog: Info TankAimingComponent.cpp
[2017.04.28-14.58.19:848][859]CompilerResultsLog: Info [2/3] Link UE4Editor-BattleTank-8097.dll
[2017.04.28-14.58.19:848][859]CompilerResultsLog: Info [3/3] Link UE4Editor-BattleTank-8097.lib
[2017.04.28-14.58.19:848][859]CompilerResultsLog: Info    Creating library C:\Users\Sarah\Documents\Unreal Projects\04_BattleTank\BattleTank\Intermediate\Build\Win64\UE4Editor\Development\UE4Editor-BattleTank-8097.lib and object C:\Users\Sarah\Documents\Unreal Projects\04_BattleTank\BattleTank\Intermediate\Build\Win64\UE4Editor\Development\UE4Editor-BattleTank-8097.exp
[2017.04.28-14.58.19:848][859]CompilerResultsLog: Info    Creating library C:\Users\Sarah\Documents\Unreal Projects\04_BattleTank\BattleTank\Intermediate\Build\Win64\UE4Editor\Development\UE4Editor-BattleTank-8097.suppressed.lib and object C:\Users\Sarah\Documents\Unreal Projects\04_BattleTank\BattleTank\Intermediate\Build\Win64\UE4Editor\Development\UE4Editor-BattleTank-8097.suppressed.exp
[2017.04.28-14.58.19:849][859]CompilerResultsLog: Info Total build time: 3.80 seconds (Local executor: 2.69 seconds)
[2017.04.28-14.58.19:849][859]LogMainFrame: MainFrame: Module compiling took 4.383 seconds
[2017.04.28-14.58.19:948][859]LogClass: EFiringStatus HotReload.
[2017.04.28-14.58.19:956][859]LogContentBrowser: Native class hierarchy updated for 'BattleTank' in 0.0038 seconds. Added 11 classes and 3 folders.
[2017.04.28-14.58.19:958][859]Display: HotReload successful (6 functions remapped  0 scriptstructs remapped)
[2017.04.28-14.58.20:005][859]LogContentBrowser: Native class hierarchy populated in 0.0159 seconds. Added 2257 classes and 457 folders.
[2017.04.28-14.58.20:005][859]Display: HotReload took  4.5s.
[2017.04.28-14.59.13:812][206]LogTemp: Repeting last play command: Selected Viewport
[2017.04.28-14.59.13:835][206]LogBlueprintUserMessages: Early PlayInEditor Detection: Level '/Game/Levels/BattleGround.BattleGround:PersistentLevel' has LevelScriptBlueprint '/Game/Levels/BattleGround.BattleGround:PersistentLevel.BattleGround' with GeneratedClass '/Game/Levels/BattleGround.BattleGround_C' with ClassGeneratedBy '/Game/Levels/BattleGround.BattleGround:PersistentLevel.BattleGround'
[2017.04.28-14.59.13:836][206]LogPlayLevel: PlayLevel: No blueprints needed recompiling
[2017.04.28-14.59.13:836][206]PIE: New page: PIE session: BattleGround (Apr 28, 2017, 4:59:13 PM)
[2017.04.28-14.59.13:836][206]LogPlayLevel: Creating play world package: /Game/Levels/UEDPIE_0_BattleGround
[2017.04.28-14.59.13:887][206]LogPlayLevel: PIE: StaticDuplicateObject took: (0.050958s)
[2017.04.28-14.59.13:888][206]LogAIModule: Creating AISystem for world BattleGround
[2017.04.28-14.59.13:888][206]LogPlayLevel: PIE: World Init took: (0.000865s)
[2017.04.28-14.59.13:888][206]LogPlayLevel: PIE: Created PIE world by copying editor world from /Game/Levels/BattleGround.BattleGround to /Game/Levels/UEDPIE_0_BattleGround.BattleGround (0.052110s)
[2017.04.28-14.59.13:913][206]LogInit: XAudio2 using 'Speakers (2- High Definition Audio Device)' : 2 channels at 44.1 kHz using 16 bits per sample (channel mask 0x3)
[2017.04.28-14.59.13:924][206]LogInit: FAudioDevice initialized.
[2017.04.28-14.59.13:981][206]LogLoad: Game class is 'BattleTankGameMode_BP_C'
[2017.04.28-14.59.13:989][206]LogWorld: Bringing World /Game/Levels/UEDPIE_0_BattleGround.BattleGround up for play (max tick rate 0) at 2017.04.28-15.59.13
[2017.04.28-14.59.13:989][206]LogWorld: Bringing up level for play took: 0.006213
[2017.04.28-14.59.14:077][206]LogContentBrowser: Native class hierarchy updated for 'MovieSceneCapture' in 0.0037 seconds. Added 11 classes and 0 folders.
[2017.04.28-14.59.14:080][206]LogTemp:Warning: Tank_BP_C_0 has been possessed by Player
[2017.04.28-14.59.14:081][206]PIE: Info Play in editor start time for /Game/Levels/UEDPIE_0_BattleGround -0.327
[2017.04.28-14.59.14:082][206]LogBlueprintUserMessages: Late PlayInEditor Detection: Level '/Game/Levels/BattleGround.BattleGround:PersistentLevel' has LevelScriptBlueprint '/Game/Levels/BattleGround.BattleGround:PersistentLevel.BattleGround' with GeneratedClass '/Game/Levels/BattleGround.BattleGround_C' with ClassGeneratedBy '/Game/Levels/BattleGround.BattleGround:PersistentLevel.BattleGround'
