Log file open, 04/28/17 17:19:19
LogInit:Display: Running engine for game: BattleTank
LogPlatformFile: Not using cached read wrapper
LogInit:Display: RandInit(-750226461) SRandInit(-750226461).
LogTaskGraph: Started task graph with 5 named threads and 8 total threads with 1 sets of task threads.
LogStats: Stats thread started at 0.087944
LogInit: Using libcurl 7.47.1
LogInit:  - built for x86_64-pc-win32
LogInit:  - supports SSL with OpenSSL/1.0.2g
LogInit:  - supports HTTP deflate (compression) using libz 1.2.8
LogInit:  - other features:
LogInit:      CURL_VERSION_SSL
LogInit:      CURL_VERSION_LIBZ
LogInit:      CURL_VERSION_IPV6
LogInit:      CURL_VERSION_ASYNCHDNS
LogInit:      CURL_VERSION_LARGEFILE
LogInit:      CURL_VERSION_IDN
LogInit:  CurlRequestOptions (configurable via config and command line):
LogInit:  - bVerifyPeer = false  - Libcurl will NOT verify peer certificate
LogInit:  - bUseHttpProxy = false  - Libcurl will NOT use HTTP proxy
LogInit:  - bDontReuseConnections = false  - Libcurl will reuse connections
LogInit:  - CertBundlePath = nullptr  - Libcurl will use whatever was configured at build time.
LogInit: Build: ++UE4+Release-4.15-CL-3299760
LogInit: Engine Version: 4.15.0-3299760+++UE4+Release-4.15
LogInit: Compatible Engine Version: 4.15.0-3299760+++UE4+Release-4.15
LogInit: Net CL: 3299760
LogDevObjectVersion: Number of dev versions registered: 14
LogDevObjectVersion:   Dev-Blueprints (B0D832E4-1F89-4F0D-ACCF-7EB736FD4AA2): 8
LogDevObjectVersion:   Dev-Build (E1C64328-A22C-4D53-A36C-8E866417BD8C): 0
LogDevObjectVersion:   Dev-Core (375EC13C-06E4-48FB-B500-84F0262A717E): 2
LogDevObjectVersion:   Dev-Editor (E4B068ED-F494-42E9-A231-DA0B2E46BB41): 14
LogDevObjectVersion:   Dev-Framework (CFFC743F-43B0-4480-9391-14DF171D2073): 22
LogDevObjectVersion:   Dev-Mobile (B02B49B5-BB20-44E9-A304-32B752E40360): 0
LogDevObjectVersion:   Dev-Networking (A4E4105C-59A1-49B5-A7C5-40C4547EDFEE): 0
LogDevObjectVersion:   Dev-Online (39C831C9-5AE6-47DC-9A44-9C173E1C8E7C): 0
LogDevObjectVersion:   Dev-Physics (78F01B33-EBEA-4F98-B9B4-84EACCB95AA2): 0
LogDevObjectVersion:   Dev-Platform (6631380F-2D4D-43E0-8009-CF276956A95A): 0
LogDevObjectVersion:   Dev-Rendering (12F88B9F-8875-4AFC-A67C-D90C383ABD29): 12
LogDevObjectVersion:   Dev-Sequencer (7B5AE74C-D270-4C10-A958-57980B212A5A): 3
LogDevObjectVersion:   Dev-VR (D7296918-1DD6-4BDD-9DE2-64A83CC13884): 0
LogDevObjectVersion:   Dev-LoadTimes (C2A15278-BFE7-4AFE-6C17-90FF531DF755): 1
LogInit: Compiled (64-bit): Feb 14 2017 02:04:14
LogInit: Compiled with Visual C++: 19.00.23026.00
LogInit: Build Configuration: Development
LogInit: Branch Name: ++UE4+Release-4.15
LogInit: Command line: -EpicPortal 
LogInit: Base directory: C:/Program Files/Epic Games/UE_4.15/Engine/Binaries/Win64/
LogInit: Installed Engine Build: 1
LogInit: Presizing for max 8388607 objects, including 0 objects not considered by GC, pre-allocating 0 bytes for permanent pool.
LogInit: Object subsystem initialized
[2017.04.28-16.19.20:732][  0]LogInit: Selected Device Profile: [Windows]
[2017.04.28-16.19.20:732][  0]LogInit: Applying CVar settings loaded from the selected device profile: [Windows]
[2017.04.28-16.19.20:754][  0]LogInit: Computer: DESKTOP-0PEK566
[2017.04.28-16.19.20:754][  0]LogInit: User: Sarah
[2017.04.28-16.19.20:754][  0]LogInit: CPU Page size=65536, Cores=4
[2017.04.28-16.19.20:754][  0]LogInit: High frequency timer resolution =2.143576 MHz
[2017.04.28-16.19.20:754][  0]LogMemory: Memory total: Physical=7.9GB (8GB approx)
[2017.04.28-16.19.20:754][  0]LogMemory: Platform Memory Stats for Windows
[2017.04.28-16.19.20:754][  0]LogMemory: Process Physical Memory: 262.91 MB used, 262.91 MB peak
[2017.04.28-16.19.20:754][  0]LogMemory: Process Virtual Memory: 262.52 MB used, 262.52 MB peak
[2017.04.28-16.19.20:754][  0]LogMemory: Physical Memory: 6305.17 MB used,  1779.11 MB free, 8084.27 MB total
[2017.04.28-16.19.20:754][  0]LogMemory: Virtual Memory: 644.18 MB used,  1779.11 MB free, 134217728.00 MB total
[2017.04.28-16.19.20:885][  0]LogTextLocalizationManager: No specific translations for ('en-US') exist, so ('en') translations will be used.
[2017.04.28-16.19.21:670][  0]LogD3D11RHI: D3D11 adapters:
[2017.04.28-16.19.21:730][  0]LogD3D11RHI:    0. 'AMD Radeon HD 7600M Series' (Feature Level 11_0)
[2017.04.28-16.19.21:730][  0]LogD3D11RHI:       1004/0/3840 MB DedicatedVideo/DedicatedSystem/SharedSystem, Outputs:1, VendorId:0x1002
[2017.04.28-16.19.21:734][  0]LogD3D11RHI:    1. 'Intel(R) HD Graphics 4000' (Feature Level 11_0)
[2017.04.28-16.19.21:734][  0]LogD3D11RHI:       32/0/1760 MB DedicatedVideo/DedicatedSystem/SharedSystem, Outputs:0, VendorId:0x8086
[2017.04.28-16.19.21:736][  0]LogD3D11RHI:    2. 'Microsoft Basic Render Driver' (Feature Level 11_0)
[2017.04.28-16.19.21:736][  0]LogD3D11RHI:       0/0/4042 MB DedicatedVideo/DedicatedSystem/SharedSystem, Outputs:0, VendorId:0x1414
[2017.04.28-16.19.21:736][  0]LogD3D11RHI: Chosen D3D11 Adapter: 0
[2017.04.28-16.19.21:752][  0]LogD3D11RHI: Creating new Direct3DDevice
[2017.04.28-16.19.21:752][  0]LogD3D11RHI:     GPU DeviceId: 0x6840 (for the marketing name, search the web for "GPU Device Id")
[2017.04.28-16.19.21:752][  0]LogWindows: EnumDisplayDevices:
[2017.04.28-16.19.21:752][  0]LogWindows:    0. 'Intel(R) HD Graphics 4000' (P:1 D:1)
[2017.04.28-16.19.21:752][  0]LogWindows:    1. 'Intel(R) HD Graphics 4000' (P:0 D:0)
[2017.04.28-16.19.21:752][  0]LogWindows:    2. 'Intel(R) HD Graphics 4000' (P:0 D:0)
[2017.04.28-16.19.21:752][  0]LogWindows: DebugString: PrimaryIsNotTheChoosenAdapter PrimaryIsNotTheChoosenAdapter PrimaryIsNotTheChoosenAdapter FoundDriverCount:0 
[2017.04.28-16.19.21:752][  0]LogD3D11RHI:     Adapter Name: AMD Radeon HD 7600M Series
[2017.04.28-16.19.21:752][  0]LogD3D11RHI:   Driver Version: Unknown (internal:Unknown, unified:Unknown)
[2017.04.28-16.19.21:752][  0]LogD3D11RHI:      Driver Date: Unknown
[2017.04.28-16.19.21:752][  0]LogRHI: Texture pool is 702 MB (70% of 1004 MB)
[2017.04.28-16.19.21:762][  0]LogD3D11RHI: AMD Pre GCN architecture detected, some driver workarounds will be in place
[2017.04.28-16.19.21:771][  0]LogD3D11RHI: Async texture creation enabled
[2017.04.28-16.19.21:783][  0]LogD3D11RHI: GPU Timing Frequency: 27.000000 (Debug: 2 1)
[2017.04.28-16.19.21:784][  0]LogShaderCompilers: Guid format shader working directory is -36 characters bigger than the processId version (../../../../../../Users/Sarah/Documents/Unreal Projects/04_BattleTank/BattleTank/Intermediate/Shaders/WorkingDirectory/108432/).
[2017.04.28-16.19.21:784][  0]LogShaderCompilers: Cleaned the shader compiler working directory 'C:/Users/Sarah/AppData/Local/Temp/UnrealShaderWorkingDir/4FDDCBEE4698FCA8488722878BA97861/'.
[2017.04.28-16.19.21:784][  0]LogShaderCompilers:Display: Using Local Shader Compiler.
[2017.04.28-16.19.23:150][  0]LogTemp:Display: Loaded TP AllDesktopTargetPlatform
[2017.04.28-16.19.23:231][  0]LogTemp:Display: Loaded TP MacClientTargetPlatform
[2017.04.28-16.19.23:310][  0]LogTemp:Display: Loaded TP MacNoEditorTargetPlatform
[2017.04.28-16.19.23:388][  0]LogTemp:Display: Loaded TP MacServerTargetPlatform
[2017.04.28-16.19.23:466][  0]LogTemp:Display: Loaded TP MacTargetPlatform
[2017.04.28-16.19.23:545][  0]LogTemp:Display: Loaded TP WindowsClientTargetPlatform
[2017.04.28-16.19.23:630][  0]LogTemp:Display: Loaded TP WindowsNoEditorTargetPlatform
[2017.04.28-16.19.23:709][  0]LogTemp:Display: Loaded TP WindowsServerTargetPlatform
[2017.04.28-16.19.23:773][  0]LogTemp:Display: Loaded TP WindowsTargetPlatform
[2017.04.28-16.19.23:850][  0]LogTemp:Display: Loaded TP AndroidTargetPlatform
[2017.04.28-16.19.23:927][  0]LogTemp:Display: Loaded TP Android_ASTCTargetPlatform
[2017.04.28-16.19.24:009][  0]LogTemp:Display: Loaded TP Android_ATCTargetPlatform
[2017.04.28-16.19.24:088][  0]LogTemp:Display: Loaded TP Android_DXTTargetPlatform
[2017.04.28-16.19.24:168][  0]LogTemp:Display: Loaded TP Android_ETC1TargetPlatform
[2017.04.28-16.19.24:249][  0]LogTemp:Display: Loaded TP Android_ETC2TargetPlatform
[2017.04.28-16.19.24:405][  0]LogTemp:Display: Loaded TP Android_MultiTargetPlatform
[2017.04.28-16.19.24:405][  0]LogTemp:Display: Loaded TP Android_PVRTCTargetPlatform
[2017.04.28-16.19.24:461][  0]LogTemp:Display: Loaded TP HTML5TargetPlatform
[2017.04.28-16.19.24:592][  0]LogTemp:Display: Loaded TP IOSTargetPlatform
[2017.04.28-16.19.24:642][  0]LogTemp:Display: Loaded TP TVOSTargetPlatform
[2017.04.28-16.19.24:718][  0]LogTemp:Display: Loaded TP LinuxClientTargetPlatform
[2017.04.28-16.19.24:799][  0]LogTemp:Display: Loaded TP LinuxNoEditorTargetPlatform
[2017.04.28-16.19.24:876][  0]LogTemp:Display: Loaded TP LinuxServerTargetPlatform
[2017.04.28-16.19.24:954][  0]LogTemp:Display: Loaded TP LinuxTargetPlatform
[2017.04.28-16.19.24:954][  0]LogTargetPlatformManager:Display: Building Assets For Windows
[2017.04.28-16.19.25:614][  0]LogDerivedDataCache:Display: Max Cache Size: 512 MB
[2017.04.28-16.19.25:674][  0]LogDerivedDataCache: Loaded boot cache 0.06s 50MB C:/Users/Sarah/AppData/Local/UnrealEngine/4.15/DerivedDataCache/Boot.ddc.
[2017.04.28-16.19.25:674][  0]LogDerivedDataCache:Display: Loaded Boot cache: C:/Users/Sarah/AppData/Local/UnrealEngine/4.15/DerivedDataCache/Boot.ddc
[2017.04.28-16.19.25:674][  0]LogDerivedDataCache: FDerivedDataBackendGraph:  Pak pak cache file ../../../../../../Users/Sarah/Documents/Unreal Projects/04_BattleTank/BattleTank/DerivedDataCache/DDC.ddp not found, will not use a pak cache.
[2017.04.28-16.19.25:674][  0]LogDerivedDataCache: Unable to find inner node Pak for hierarchical cache Hierarchy.
[2017.04.28-16.19.25:674][  0]LogDerivedDataCache: FDerivedDataBackendGraph:  CompressedPak pak cache file ../../../../../../Users/Sarah/Documents/Unreal Projects/04_BattleTank/BattleTank/DerivedDataCache/Compressed.ddp not found, will not use a pak cache.
[2017.04.28-16.19.25:674][  0]LogDerivedDataCache: Unable to find inner node CompressedPak for hierarchical cache Hierarchy.
[2017.04.28-16.19.25:697][  0]LogDerivedDataCache:Display: Pak cache opened for reading ../../../Engine/DerivedDataCache/Compressed.ddp.
[2017.04.28-16.19.25:709][  0]LogDerivedDataCache: Using Local data cache path C:/Users/Sarah/AppData/Local/UnrealEngine/Common/DerivedDataCache: Writable
[2017.04.28-16.19.25:720][  0]LogSlate: Using Freetype 2.6.0
[2017.04.28-16.19.25:721][  0]LogSlate: SlateFontCache - WITH_FREETYPE: 1, WITH_HARFBUZZ: 1
[2017.04.28-16.19.25:721][  0]LogSlate: SlateFontCache - WITH_FREETYPE: 1, WITH_HARFBUZZ: 1
[2017.04.28-16.19.26:256][  0]LogInit: Selected Device Profile: [Windows]
[2017.04.28-16.19.26:260][  0]LogContentStreaming: Texture pool size is 0.00 MB
[2017.04.28-16.19.26:540][  0]LogMeshUtilities: Using QuadricMeshReduction for automatic static mesh reduction
[2017.04.28-16.19.26:605][  0]LogSimplygon: Simplygon DLL not present - disabling.
[2017.04.28-16.19.26:675][  0]LogMeshUtilities: Using SimplygonSwarm for distributed automatic mesh merging
[2017.04.28-16.19.26:675][  0]LogMeshUtilities: No automatic skeletal mesh reduction module available
[2017.04.28-16.19.26:675][  0]LogMeshUtilities: No automatic mesh merging module available
[2017.04.28-16.19.27:421][  0]LogNetVersion: GetLocalNetworkVersion: CL: 3299760, ProjectName: battletank, ProjectVersion: , EngineNetworkVersion: 2, GameNetworkVersion: 0, NetworkChecksum: 2512795372
[2017.04.28-16.19.27:477][  0]LogAssetRegistry: FAssetRegistry took 0.0223 seconds to start up
[2017.04.28-16.19.27:544][  0]LogPackageLocalizationCache: Processed 3 localized package path(s) for 2 prioritized culture(s) in 0.033747 seconds
[2017.04.28-16.19.27:551][  0]LogUObjectArray: 32475 objects as part of root set at end of initial load.
[2017.04.28-16.19.27:551][  0]LogUObjectAllocator: 7073360 out of 0 bytes used by permanent object pool.
[2017.04.28-16.19.27:551][  0]LogUObjectArray: CloseDisregardForGC: 0/0 objects in disregard for GC pool
[2017.04.28-16.19.27:645][  0]LogInit: WinSock: version 1.1 (2.2), MaxSocks=32767, MaxUdp=65467
[2017.04.28-16.19.29:827][  0]LogTcpMessaging: Initializing TcpMessaging bridge
[2017.04.28-16.19.29:880][  0]LogUdpMessaging: Initializing bridge on interface 0.0.0.0:0 to multicast group 230.0.0.1:6666.
[2017.04.28-16.19.30:582][  0]LogMaterial: Uniform references updated for custom material expression Custom.
[2017.04.28-16.19.31:116][  0]SourceControl: Info Source control is disabled
[2017.04.28-16.19.31:152][  0]SourceControl: Info Source control is disabled
[2017.04.28-16.19.31:219][  0]SourceControl: Info Source control is disabled
[2017.04.28-16.19.31:287][  0]SourceControl: Info Source control is disabled
[2017.04.28-16.19.33:099][  0]LogEngine: Initializing Engine...
[2017.04.28-16.19.33:100][  0]LogHMD: Failed to initialize OpenVR with code 110
[2017.04.28-16.19.33:413][  0]LogAIModule: Creating AISystem for world Untitled
[2017.04.28-16.19.33:422][  0]LogInit: XAudio2 using 'Speakers (2- High Definition Audio Device)' : 2 channels at 44.1 kHz using 16 bits per sample (channel mask 0x3)
[2017.04.28-16.19.33:441][  0]LogInit: FAudioDevice initialized.
[2017.04.28-16.19.33:470][  0]LogDerivedDataCache: Saved boot cache 0.03s 50MB C:/Users/Sarah/AppData/Local/UnrealEngine/4.15/DerivedDataCache/Boot.ddc.
[2017.04.28-16.19.33:479][  0]LogInit: Texture streaming: Enabled
[2017.04.28-16.19.33:624][  0]LogEngineSessionManager: EngineSessionManager initialized
[2017.04.28-16.19.33:770][  0]LogInit: Transaction tracking system initialized
[2017.04.28-16.19.34:283][  0]BlueprintLog: New page: Editor Load
[2017.04.28-16.19.35:597][  0]LocalizationService: Info Localization service is disabled
[2017.04.28-16.19.36:850][  0]LogConsoleResponse:Display: 
[2017.04.28-16.19.37:049][  0]LogCook:Display: Max memory allowance for cook 16384mb min free memory 0mb
[2017.04.28-16.19.37:049][  0]LogCook:Display: Mobile HDR setting 1
[2017.04.28-16.19.37:504][  0]LogFileCache: Scanning file cache for directory 'C:/Users/Sarah/Documents/Unreal Projects/04_BattleTank/BattleTank/Content/' took 0.02s
[2017.04.28-16.19.38:594][  0]SourceControl: Info Source control is disabled
[2017.04.28-16.19.38:679][  0]LogSlate: Took 0.000298 seconds to synchronously load lazily loaded font '../../../Engine/Content/Slate/Fonts/Roboto-Regular.ttf' (155K)
[2017.04.28-16.19.54:912][  0]LogWindowsTextInputMethodSystem:Display: IME system now deactivated.
[2017.04.28-16.19.54:922][  0]LogWindowsTextInputMethodSystem:Display: IME system now deactivated.
[2017.04.28-16.19.54:923][  0]Cmd: MAP LOAD FILE="../../../../../../Users/Sarah/Documents/Unreal Projects/04_BattleTank/BattleTank/Content/Levels/BattleGround.umap" TEMPLATE=0 SHOWPROGRESS=1 FEATURELEVEL=3
[2017.04.28-16.19.54:934][  0]LightingResults: New page: Lighting Build
[2017.04.28-16.19.55:007][  0]MapCheck: New page: Map Check
[2017.04.28-16.19.55:007][  0]LightingResults: New page: Lighting Build
[2017.04.28-16.19.55:760][  0]LogAIModule: Creating AISystem for world BattleGround
[2017.04.28-16.19.56:117][  0]LogEditorServer: Finished looking for orphan Actors (0.000 secs)
[2017.04.28-16.19.56:126][  0]Cmd: MAP CHECKDEP NOCLEARLOG
[2017.04.28-16.19.56:190][  0]MapCheck: Info Map check complete: 0 Error(s), 0 Warning(s), took 63.198ms to complete.
[2017.04.28-16.19.56:190][  0]LogFileHelpers: Loading map 'BattleGround' took 1.266
[2017.04.28-16.19.56:438][  0]LogStats:Warning: MetaData mismatch. Did you assign a stat to two groups? New //STATGROUP_Threads//SplashScreenThread///Thread_1919c_0///####STATCAT_Advanced#### old //STATGROUP_Threads//SplashScreenThread///Thread_182e8_0///####STATCAT_Advanced####
[2017.04.28-16.19.56:438][  0]LogCollectionManager: Loaded 1 collections in 0.007081 seconds
[2017.04.28-16.19.56:540][  0]LogFileCache: Scanning file cache for directory 'C:/Users/Sarah/Documents/Unreal Projects/04_BattleTank/BattleTank/Saved/Collections/' took 0.01s
[2017.04.28-16.19.56:540][  0]LogFileCache: Scanning file cache for directory 'C:/Users/Sarah/Documents/Unreal Projects/04_BattleTank/BattleTank/Content/Developers/Sarah/Collections/' took 0.01s
[2017.04.28-16.19.56:540][  0]LogFileCache: Scanning file cache for directory 'C:/Users/Sarah/Documents/Unreal Projects/04_BattleTank/BattleTank/Content/Collections/' took 0.01s
[2017.04.28-16.19.56:540][  0]LogCollectionManager: Rebuilt the GUID cache for 1 collections in 0.000009 seconds
[2017.04.28-16.19.56:540][  0]LogCollectionManager: Rebuilt the hierarchy cache for 1 collections in 0.000000 seconds
[2017.04.28-16.19.56:555][  0]LogContentBrowser: Native class hierarchy populated in 0.0147 seconds. Added 2255 classes and 453 folders.
[2017.04.28-16.19.56:560][  0]LogStats: UGameplayTagsManager::ConstructGameplayTagTree: Construct from data asset -  0.000 s
[2017.04.28-16.19.56:560][  0]LogStats: UGameplayTagsManager::ConstructGameplayTagTree: GameplayTagTreeChangedEvent.Broadcast -  0.000 s
[2017.04.28-16.19.56:651][  0]LogContentBrowser: Native class hierarchy updated for 'WidgetCarousel' in 0.0036 seconds. Added 0 classes and 0 folders.
[2017.04.28-16.19.57:088][  0]LogContentBrowser: Native class hierarchy updated for 'AddContentDialog' in 0.0039 seconds. Added 0 classes and 0 folders.
[2017.04.28-16.19.57:170][  0]LogContentBrowser: Native class hierarchy updated for 'SceneOutliner' in 0.0036 seconds. Added 1 classes and 2 folders.
[2017.04.28-16.19.57:254][  0]LogCrashTracker: Crashtracker disabled due to settings.
[2017.04.28-16.19.57:275][  0]LogUObjectGlobals:Warning: Failed to find object 'Class None.'
[2017.04.28-16.19.57:368][  0]LogContentBrowser: Native class hierarchy updated for 'HierarchicalLODOutliner' in 0.0043 seconds. Added 1 classes and 2 folders.
[2017.04.28-16.19.57:369][  0]LogLoad: (Engine Initialization) Total time: 40.08 seconds
[2017.04.28-16.19.57:369][  0]LogLoad: (Engine Initialization) Total Blueprint compile time: 0.18 seconds
[2017.04.28-16.19.57:369][  0]LogExternalProfiler: No external profilers were discovered.  External profiling features will not be available.
[2017.04.28-16.19.57:378][  0]LogOcInput: OculusInput pre-init called
[2017.04.28-16.19.57:409][  0]LogContentStreaming: Texture pool size now 600 MB
[2017.04.28-16.19.57:412][  0]LogSlate: Took 0.000301 seconds to synchronously load lazily loaded font '../../../Engine/Content/Slate/Fonts/Roboto-Bold.ttf' (160K)
[2017.04.28-16.19.57:430][  0]LogSlate: Took 0.006373 seconds to synchronously load lazily loaded font '../../../Engine/Content/Editor/Slate/Fonts/FontAwesome.ttf' (139K)
[2017.04.28-16.19.57:440][  0]LogSlate: Took 0.008975 seconds to synchronously load lazily loaded font '../../../Engine/Content/Editor/Slate/Fonts/DroidSansMono.ttf' (77K)
[2017.04.28-16.19.57:745][  1]LogAssetRegistry: Asset discovery search completed in 30.2900 seconds
[2017.04.28-16.19.57:745][  1]LogCollectionManager: Rebuilt the object cache for 1 collections in 0.000009 seconds (found 0 objects)
[2017.04.28-16.19.57:745][  1]LogCollectionManager: Fixed up redirectors for 1 collections in 0.000178 seconds (updated 0 objects)
[2017.04.28-16.19.57:775][  2]LogRenderer: Reallocating scene render targets to support 1068x628 NumSamples 1 (Frame:2).
[2017.04.28-16.20.00:982][104]Recompiling BattleTank...
[2017.04.28-16.20.00:983][104]Launching UnrealBuildTool... [C:/Program Files/Epic Games/UE_4.15/Engine/Binaries/DotNET/UnrealBuildTool.exe BattleTank -ModuleWithSuffix BattleTank 7193 Win64 Development -editorrecompile -canskiplink "C:/Users/Sarah/Documents/Unreal Projects/04_BattleTank/BattleTank/BattleTank.uproject" ]
[2017.04.28-16.20.00:985][104]Warning: Starting HotReload took  0.1s.
[2017.04.28-16.20.32:072][348]CompilerResultsLog: New page: Compilation - Apr 28, 2017, 6:20:32 PM
[2017.04.28-16.20.32:073][348]CompilerResultsLog: Info Compiling game modules for hot reload
[2017.04.28-16.20.32:073][348]CompilerResultsLog: Info Parsing headers for BattleTankEditor
[2017.04.28-16.20.32:073][348]CompilerResultsLog: Info   Running UnrealHeaderTool "C:\Users\Sarah\Documents\Unreal Projects\04_BattleTank\BattleTank\BattleTank.uproject" "C:\Users\Sarah\Documents\Unreal Projects\04_BattleTank\BattleTank\Intermediate\Build\Win64\BattleTankEditor\Development\BattleTankEditor.uhtmanifest" -LogCmds="loginit warning, logexit warning, logdatabase error" -Unattended -WarningsAsErrors -installed
[2017.04.28-16.20.32:074][348]CompilerResultsLog: Info Reflection code generated for BattleTankEditor in 16.2397153 seconds
[2017.04.28-16.20.32:074][348]CompilerResultsLog: Info Performing 6 actions (4 in parallel)
[2017.04.28-16.20.32:074][348]CompilerResultsLog: Info TankAimingComponent.cpp
[2017.04.28-16.20.32:074][348]CompilerResultsLog: Info TankPlayerController.cpp
[2017.04.28-16.20.32:074][348]CompilerResultsLog: Info BattleTank.generated.cpp
[2017.04.28-16.20.32:075][348]CompilerResultsLog: Info TankAIController.cpp
[2017.04.28-16.20.32:075][348]CompilerResultsLog:Error: Error C:\Users\Sarah\Documents\Unreal Projects\04_BattleTank\BattleTank\Source\BattleTank\Private\TankAimingComponent.cpp(15) : warning C4996: 'UActorComponent::bWantsBeginPlay': bWantsBeginPlay was inconsistently enforced and is now unused. BeginPlay will now always be called for Actor Components. Please update your code to the new API before upgrading to the next release, otherwise your project will no longer compile.
[2017.04.28-16.20.32:075][348]CompilerResultsLog:Error: Error C:\Program Files\Epic Games\UE_4.15\Engine\Source\Runtime\Engine\Classes\Components/ActorComponent.h(203) : note: see declaration of 'UActorComponent::bWantsBeginPlay'
[2017.04.28-16.20.32:075][348]CompilerResultsLog: Info [5/6] Link UE4Editor-BattleTank-7193.dll
[2017.04.28-16.20.32:075][348]CompilerResultsLog: Info [6/6] Link UE4Editor-BattleTank-7193.lib
[2017.04.28-16.20.32:076][348]CompilerResultsLog: Info    Creating library C:\Users\Sarah\Documents\Unreal Projects\04_BattleTank\BattleTank\Intermediate\Build\Win64\UE4Editor\Development\UE4Editor-BattleTank-7193.lib and object C:\Users\Sarah\Documents\Unreal Projects\04_BattleTank\BattleTank\Intermediate\Build\Win64\UE4Editor\Development\UE4Editor-BattleTank-7193.exp
[2017.04.28-16.20.32:076][348]CompilerResultsLog: Info    Creating library C:\Users\Sarah\Documents\Unreal Projects\04_BattleTank\BattleTank\Intermediate\Build\Win64\UE4Editor\Development\UE4Editor-BattleTank-7193.suppressed.lib and object C:\Users\Sarah\Documents\Unreal Projects\04_BattleTank\BattleTank\Intermediate\Build\Win64\UE4Editor\Development\UE4Editor-BattleTank-7193.suppressed.exp
[2017.04.28-16.20.32:076][348]CompilerResultsLog: Info Total build time: 30.56 seconds (Local executor: 12.47 seconds)
[2017.04.28-16.20.32:077][348]LogMainFrame: MainFrame: Module compiling took 31.107 seconds
[2017.04.28-16.20.32:183][348]LogClass: Could not find existing class TankAimingComponent in package /Script/BattleTank for HotReload, assuming new class
[2017.04.28-16.20.32:183][348]LogClass: Function Fire is new.
[2017.04.28-16.20.32:183][348]LogClass: Function Initialise is new.
[2017.04.28-16.20.32:193][348]LogHotReload: Re-instancing TankAimingComponent after hot-reload.
[2017.04.28-16.20.32:292][348]LogContentBrowser: Native class hierarchy updated for 'BattleTank' in 0.0038 seconds. Added 11 classes and 3 folders.
[2017.04.28-16.20.32:294][348]Display: HotReload successful (4 functions remapped  0 scriptstructs remapped)
[2017.04.28-16.20.32:370][348]LogContentBrowser: Native class hierarchy populated in 0.0147 seconds. Added 2257 classes and 457 folders.
[2017.04.28-16.20.32:371][348]Display: HotReload took 31.4s.
[2017.04.28-16.20.35:584][389]LogTemp: Repeting last play command: Selected Viewport
[2017.04.28-16.20.35:607][389]LogBlueprintUserMessages: Early PlayInEditor Detection: Level '/Game/Levels/BattleGround.BattleGround:PersistentLevel' has LevelScriptBlueprint '/Game/Levels/BattleGround.BattleGround:PersistentLevel.BattleGround' with GeneratedClass '/Game/Levels/BattleGround.BattleGround_C' with ClassGeneratedBy '/Game/Levels/BattleGround.BattleGround:PersistentLevel.BattleGround'
[2017.04.28-16.20.35:608][389]LogPlayLevel: PlayLevel: No blueprints needed recompiling
[2017.04.28-16.20.35:612][389]PIE: New page: PIE session: BattleGround (Apr 28, 2017, 6:20:35 PM)
[2017.04.28-16.20.35:613][389]LogPlayLevel: Creating play world package: /Game/Levels/UEDPIE_0_BattleGround
[2017.04.28-16.20.35:667][389]LogPlayLevel: PIE: StaticDuplicateObject took: (0.053947s)
[2017.04.28-16.20.35:668][389]LogAIModule: Creating AISystem for world BattleGround
[2017.04.28-16.20.35:670][389]LogPlayLevel: PIE: World Init took: (0.002041s)
[2017.04.28-16.20.35:670][389]LogPlayLevel: PIE: Created PIE world by copying editor world from /Game/Levels/BattleGround.BattleGround to /Game/Levels/UEDPIE_0_BattleGround.BattleGround (0.057030s)
[2017.04.28-16.20.35:693][389]LogInit: XAudio2 using 'Speakers (2- High Definition Audio Device)' : 2 channels at 44.1 kHz using 16 bits per sample (channel mask 0x3)
[2017.04.28-16.20.35:705][389]LogInit: FAudioDevice initialized.
[2017.04.28-16.20.35:776][389]LogLoad: Game class is 'BattleTankGameMode_BP_C'
[2017.04.28-16.20.35:795][389]LogWorld: Bringing World /Game/Levels/UEDPIE_0_BattleGround.BattleGround up for play (max tick rate 0) at 2017.04.28-17.20.35
[2017.04.28-16.20.35:808][389]LogWorld: Bringing up level for play took: 0.021051
[2017.04.28-16.20.35:893][389]LogContentBrowser: Native class hierarchy updated for 'MovieSceneCapture' in 0.0039 seconds. Added 11 classes and 0 folders.
[2017.04.28-16.20.35:917][389]PIE: Info Play in editor start time for /Game/Levels/UEDPIE_0_BattleGround -0.492
[2017.04.28-16.20.35:917][389]LogBlueprintUserMessages: Late PlayInEditor Detection: Level '/Game/Levels/BattleGround.BattleGround:PersistentLevel' has LevelScriptBlueprint '/Game/Levels/BattleGround.BattleGround:PersistentLevel.BattleGround' with GeneratedClass '/Game/Levels/BattleGround.BattleGround_C' with ClassGeneratedBy '/Game/Levels/BattleGround.BattleGround:PersistentLevel.BattleGround'
[2017.04.28-16.20.35:920][389]LogOutputDevice:Warning: 

Script Stack:
Tank_BP_C.ExecuteUbergraph_Tank_BP
Tank_BP_C.InpAxisEvt_Turn Right_K2Node_InputAxisEvent_27

[2017.04.28-16.20.36:394][389]LogStats: FPlatformStackWalk::StackWalkAndDump -  0.473 s
[2017.04.28-16.20.36:395][389]LogOutputDevice:Error: === Handled ensure: ===
[2017.04.28-16.20.36:395][389]LogOutputDevice:Error: 
[2017.04.28-16.20.36:395][389]LogOutputDevice:Error: Ensure condition failed: LeftTrack && RightTrack [File:C:\Users\Sarah\Documents\Unreal Projects\04_BattleTank\BattleTank\Source\BattleTank\Private\TankMovementComponent.cpp] [Line: 25]
[2017.04.28-16.20.36:395][389]LogOutputDevice:Error: 
[2017.04.28-16.20.36:395][389]LogOutputDevice:Error: Stack: 
[2017.04.28-16.20.36:395][389]LogOutputDevice:Error: UE4Editor-Core.dll!0x000000009F3595D6
[2017.04.28-16.20.36:395][389]LogOutputDevice:Error: UE4Editor-Core.dll!0x000000009F109B72
[2017.04.28-16.20.36:395][389]LogOutputDevice:Error: UE4Editor-Core.dll!0x000000009F11B656
[2017.04.28-16.20.36:396][389]LogOutputDevice:Error: UE4Editor-BattleTank-7193.dll!UTankMovementComponent::IntendTurnRight() [c:\users\sarah\documents\unreal projects\04_battletank\battletank\source\battletank\private\tankmovementcomponent.cpp:25]
[2017.04.28-16.20.36:396][389]LogOutputDevice:Error: UE4Editor-BattleTank-7193.dll!UTankMovementComponent::execIntendTurnRight() [c:\users\sarah\documents\unreal projects\04_battletank\battletank\source\battletank\public\tankmovementcomponent.h:16]
[2017.04.28-16.20.36:396][389]LogOutputDevice:Error: UE4Editor-CoreUObject.dll!0x00000000A4424C1A
[2017.04.28-16.20.36:396][389]LogOutputDevice:Error: UE4Editor-CoreUObject.dll!0x00000000A4557A1E
[2017.04.28-16.20.36:396][389]LogOutputDevice:Error: UE4Editor-CoreUObject.dll!0x00000000A4579A71
[2017.04.28-16.20.36:396][389]LogOutputDevice:Error: UE4Editor-CoreUObject.dll!0x00000000A457BC72
[2017.04.28-16.20.36:396][389]LogOutputDevice:Error: UE4Editor-CoreUObject.dll!0x00000000A455842E
[2017.04.28-16.20.36:397][389]LogOutputDevice:Error: UE4Editor-CoreUObject.dll!0x00000000A45A1BC3
[2017.04.28-16.20.36:397][389]LogOutputDevice:Error: UE4Editor-CoreUObject.dll!0x00000000A457BC72
[2017.04.28-16.20.36:397][389]LogOutputDevice:Error: UE4Editor-CoreUObject.dll!0x00000000A4424C1A
[2017.04.28-16.20.36:397][389]LogOutputDevice:Error: UE4Editor-CoreUObject.dll!0x00000000A457AFEB
[2017.04.28-16.20.36:397][389]LogOutputDevice:Error: UE4Editor-Engine.dll!0x00000000986C3922
[2017.04.28-16.20.36:397][389]LogOutputDevice:Error: UE4Editor-Engine.dll!0x000000009974F45A
[2017.04.28-16.20.36:397][389]LogOutputDevice:Error: UE4Editor-Engine.dll!0x000000009978251A
[2017.04.28-16.20.36:397][389]LogOutputDevice:Error: UE4Editor-Engine.dll!0x00000000993102DC
[2017.04.28-16.20.36:400][389]LogOutputDevice:Error: UE4Editor-Engine.dll!0x0000000099323F15
[2017.04.28-16.20.36:401][389]LogOutputDevice:Error: UE4Editor-Engine.dll!0x000000009930D6BB
[2017.04.28-16.20.36:401][389]LogOutputDevice:Error: UE4Editor-Engine.dll!0x00000000993230CA
[2017.04.28-16.20.36:401][389]LogOutputDevice:Error: UE4Editor-Engine.dll!0x000000009869AA2E
[2017.04.28-16.20.36:401][389]LogOutputDevice:Error: UE4Editor-Engine.dll!0x000000009961F62D
[2017.04.28-16.20.36:401][389]LogOutputDevice:Error: UE4Editor-Engine.dll!0x00000000996252FD
[2017.04.28-16.20.36:401][389]LogOutputDevice:Error: UE4Editor-Core.dll!0x000000009EFDD83D
[2017.04.28-16.20.36:401][389]LogOutputDevice:Error: UE4Editor-Core.dll!0x000000009EFDDC5D
[2017.04.28-16.20.36:401][389]LogOutputDevice:Error: UE4Editor-Core.dll!0x000000009EFFCCDB
[2017.04.28-16.20.36:401][389]LogOutputDevice:Error: UE4Editor-Engine.dll!0x0000000099649051
[2017.04.28-16.20.36:402][389]LogOutputDevice:Error: UE4Editor-Engine.dll!0x00000000996598D2
[2017.04.28-16.20.36:402][389]LogOutputDevice:Error: UE4Editor-Engine.dll!0x0000000098F87B44
[2017.04.28-16.20.36:402][389]LogOutputDevice:Error: UE4Editor-Engine.dll!0x0000000098F8FC6B
[2017.04.28-16.20.36:402][389]LogOutputDevice:Error: UE4Editor-UnrealEd.dll!0x000000009D596D8E
[2017.04.28-16.20.36:402][389]LogOutputDevice:Error: UE4Editor-UnrealEd.dll!0x000000009DDA1AD6
[2017.04.28-16.20.36:402][389]LogOutputDevice:Error: UE4Editor.exe!0x00000000C875DEE3
[2017.04.28-16.20.36:402][389]LogOutputDevice:Error: UE4Editor.exe!0x00000000C874EB40
[2017.04.28-16.20.36:402][389]LogOutputDevice:Error: UE4Editor.exe!0x00000000C874EBBA
[2017.04.28-16.20.36:402][389]LogOutputDevice:Error: UE4Editor.exe!0x00000000C8760A29
[2017.04.28-16.20.36:402][389]LogOutputDevice:Error: UE4Editor.exe!0x00000000C87622B6
[2017.04.28-16.20.36:402][389]LogOutputDevice:Error: KERNEL32.DLL!0x00000000E12A8364
[2017.04.28-16.20.36:403][389]LogOutputDevice:Error: ntdll.dll!0x00000000E18470D1
[2017.04.28-16.20.36:403][389]LogOutputDevice:Error: 
[2017.04.28-16.20.36:411][389]LogStats:                SubmitErrorReport -  0.000 s
[2017.04.28-16.20.37:083][389]LogStats:                    SendNewReport -  0.672 s
[2017.04.28-16.20.37:083][389]LogStats:             FDebug::EnsureFailed -  1.163 s
[2017.04.28-16.20.37:083][389]LogOutputDevice:Warning: 

Script Stack:
Tank_BP_C.ExecuteUbergraph_Tank_BP
Tank_BP_C.InpAxisEvt_Forwards_K2Node_InputAxisEvent_70

[2017.04.28-16.20.37:085][389]LogStats: FPlatformStackWalk::StackWalkAndDump -  0.001 s
[2017.04.28-16.20.37:085][389]LogOutputDevice:Error: === Handled ensure: ===
[2017.04.28-16.20.37:085][389]LogOutputDevice:Error: 
[2017.04.28-16.20.37:085][389]LogOutputDevice:Error: Ensure condition failed: LeftTrack && RightTrack [File:C:\Users\Sarah\Documents\Unreal Projects\04_BattleTank\BattleTank\Source\BattleTank\Private\TankMovementComponent.cpp] [Line: 14]
[2017.04.28-16.20.37:085][389]LogOutputDevice:Error: 
[2017.04.28-16.20.37:085][389]LogOutputDevice:Error: Stack: 
[2017.04.28-16.20.37:085][389]LogOutputDevice:Error: UE4Editor-Core.dll!0x000000009F3595D6
[2017.04.28-16.20.37:086][389]LogOutputDevice:Error: UE4Editor-Core.dll!0x000000009F109B72
[2017.04.28-16.20.37:086][389]LogOutputDevice:Error: UE4Editor-Core.dll!0x000000009F11B656
[2017.04.28-16.20.37:086][389]LogOutputDevice:Error: UE4Editor-BattleTank-7193.dll!UTankMovementComponent::IntendMoveForward() [c:\users\sarah\documents\unreal projects\04_battletank\battletank\source\battletank\private\tankmovementcomponent.cpp:14]
[2017.04.28-16.20.37:086][389]LogOutputDevice:Error: UE4Editor-BattleTank-7193.dll!UTankMovementComponent::execIntendMoveForward() [c:\users\sarah\documents\unreal projects\04_battletank\battletank\source\battletank\public\tankmovementcomponent.h:16]
[2017.04.28-16.20.37:087][389]LogOutputDevice:Error: UE4Editor-CoreUObject.dll!0x00000000A4424C1A
[2017.04.28-16.20.37:087][389]LogOutputDevice:Error: UE4Editor-CoreUObject.dll!0x00000000A4557A1E
[2017.04.28-16.20.37:087][389]LogOutputDevice:Error: UE4Editor-CoreUObject.dll!0x00000000A4579A71
[2017.04.28-16.20.37:088][389]LogOutputDevice:Error: UE4Editor-CoreUObject.dll!0x00000000A457BC72
[2017.04.28-16.20.37:088][389]LogOutputDevice:Error: UE4Editor-CoreUObject.dll!0x00000000A455842E
[2017.04.28-16.20.37:088][389]LogOutputDevice:Error: UE4Editor-CoreUObject.dll!0x00000000A45A1BC3
[2017.04.28-16.20.37:088][389]LogOutputDevice:Error: UE4Editor-CoreUObject.dll!0x00000000A457BC72
[2017.04.28-16.20.37:088][389]LogOutputDevice:Error: UE4Editor-CoreUObject.dll!0x00000000A4424C1A
[2017.04.28-16.20.37:088][389]LogOutputDevice:Error: UE4Editor-CoreUObject.dll!0x00000000A457AFEB
[2017.04.28-16.20.37:089][389]LogOutputDevice:Error: UE4Editor-Engine.dll!0x00000000986C3922
[2017.04.28-16.20.37:089][389]LogOutputDevice:Error: UE4Editor-Engine.dll!0x000000009974F45A
[2017.04.28-16.20.37:089][389]LogOutputDevice:Error: UE4Editor-Engine.dll!0x000000009978251A
[2017.04.28-16.20.37:089][389]LogOutputDevice:Error: UE4Editor-Engine.dll!0x00000000993102DC
[2017.04.28-16.20.37:089][389]LogOutputDevice:Error: UE4Editor-Engine.dll!0x0000000099323F15
[2017.04.28-16.20.37:089][389]LogOutputDevice:Error: UE4Editor-Engine.dll!0x000000009930D6BB
[2017.04.28-16.20.37:090][389]LogOutputDevice:Error: UE4Editor-Engine.dll!0x00000000993230CA
[2017.04.28-16.20.37:090][389]LogOutputDevice:Error: UE4Editor-Engine.dll!0x000000009869AA2E
[2017.04.28-16.20.37:090][389]LogOutputDevice:Error: UE4Editor-Engine.dll!0x000000009961F62D
[2017.04.28-16.20.37:090][389]LogOutputDevice:Error: UE4Editor-Engine.dll!0x00000000996252FD
[2017.04.28-16.20.37:090][389]LogOutputDevice:Error: UE4Editor-Core.dll!0x000000009EFDD83D
[2017.04.28-16.20.37:090][389]LogOutputDevice:Error: UE4Editor-Core.dll!0x000000009EFDDC5D
[2017.04.28-16.20.37:091][389]LogOutputDevice:Error: UE4Editor-Core.dll!0x000000009EFFCCDB
[2017.04.28-16.20.37:091][389]LogOutputDevice:Error: UE4Editor-Engine.dll!0x0000000099649051
[2017.04.28-16.20.37:091][389]LogOutputDevice:Error: UE4Editor-Engine.dll!0x00000000996598D2
[2017.04.28-16.20.37:091][389]LogOutputDevice:Error: UE4Editor-Engine.dll!0x0000000098F87B44
[2017.04.28-16.20.37:091][389]LogOutputDevice:Error: UE4Editor-Engine.dll!0x0000000098F8FC6B
[2017.04.28-16.20.37:091][389]LogOutputDevice:Error: UE4Editor-UnrealEd.dll!0x000000009D596D8E
[2017.04.28-16.20.37:091][389]LogOutputDevice:Error: UE4Editor-UnrealEd.dll!0x000000009DDA1AD6
[2017.04.28-16.20.37:091][389]LogOutputDevice:Error: UE4Editor.exe!0x00000000C875DEE3
[2017.04.28-16.20.37:092][389]LogOutputDevice:Error: UE4Editor.exe!0x00000000C874EB40
[2017.04.28-16.20.37:092][389]LogOutputDevice:Error: UE4Editor.exe!0x00000000C874EBBA
[2017.04.28-16.20.37:092][389]LogOutputDevice:Error: UE4Editor.exe!0x00000000C8760A29
[2017.04.28-16.20.37:092][389]LogOutputDevice:Error: UE4Editor.exe!0x00000000C87622B6
[2017.04.28-16.20.37:092][389]LogOutputDevice:Error: KERNEL32.DLL!0x00000000E12A8364
[2017.04.28-16.20.37:092][389]LogOutputDevice:Error: ntdll.dll!0x00000000E18470D1
[2017.04.28-16.20.37:092][389]LogOutputDevice:Error: 
[2017.04.28-16.20.37:099][389]LogStats:                SubmitErrorReport -  0.000 s
