Log file open, 04/23/17 12:46:34
LogInit:Display: Running engine for game: BattleTank
LogPlatformFile: Not using cached read wrapper
LogInit:Display: RandInit(139782335) SRandInit(139782335).
LogTaskGraph: Started task graph with 5 named threads and 8 total threads with 1 sets of task threads.
LogStats: Stats thread started at 0.089140
LogInit: Using libcurl 7.47.1
LogInit:  - built for x86_64-pc-win32
LogInit:  - supports SSL with OpenSSL/1.0.2g
LogInit:  - supports HTTP deflate (compression) using libz 1.2.8
LogInit:  - other features:
LogInit:      CURL_VERSION_SSL
LogInit:      CURL_VERSION_LIBZ
LogInit:      CURL_VERSION_IPV6
LogInit:      CURL_VERSION_ASYNCHDNS
LogInit:      CURL_VERSION_LARGEFILE
LogInit:      CURL_VERSION_IDN
LogInit:  CurlRequestOptions (configurable via config and command line):
LogInit:  - bVerifyPeer = false  - Libcurl will NOT verify peer certificate
LogInit:  - bUseHttpProxy = false  - Libcurl will NOT use HTTP proxy
LogInit:  - bDontReuseConnections = false  - Libcurl will reuse connections
LogInit:  - CertBundlePath = nullptr  - Libcurl will use whatever was configured at build time.
LogInit: Build: ++UE4+Release-4.15-CL-3299760
LogInit: Engine Version: 4.15.0-3299760+++UE4+Release-4.15
LogInit: Compatible Engine Version: 4.15.0-3299760+++UE4+Release-4.15
LogInit: Net CL: 3299760
LogDevObjectVersion: Number of dev versions registered: 14
LogDevObjectVersion:   Dev-Blueprints (B0D832E4-1F89-4F0D-ACCF-7EB736FD4AA2): 8
LogDevObjectVersion:   Dev-Build (E1C64328-A22C-4D53-A36C-8E866417BD8C): 0
LogDevObjectVersion:   Dev-Core (375EC13C-06E4-48FB-B500-84F0262A717E): 2
LogDevObjectVersion:   Dev-Editor (E4B068ED-F494-42E9-A231-DA0B2E46BB41): 14
LogDevObjectVersion:   Dev-Framework (CFFC743F-43B0-4480-9391-14DF171D2073): 22
LogDevObjectVersion:   Dev-Mobile (B02B49B5-BB20-44E9-A304-32B752E40360): 0
LogDevObjectVersion:   Dev-Networking (A4E4105C-59A1-49B5-A7C5-40C4547EDFEE): 0
LogDevObjectVersion:   Dev-Online (39C831C9-5AE6-47DC-9A44-9C173E1C8E7C): 0
LogDevObjectVersion:   Dev-Physics (78F01B33-EBEA-4F98-B9B4-84EACCB95AA2): 0
LogDevObjectVersion:   Dev-Platform (6631380F-2D4D-43E0-8009-CF276956A95A): 0
LogDevObjectVersion:   Dev-Rendering (12F88B9F-8875-4AFC-A67C-D90C383ABD29): 12
LogDevObjectVersion:   Dev-Sequencer (7B5AE74C-D270-4C10-A958-57980B212A5A): 3
LogDevObjectVersion:   Dev-VR (D7296918-1DD6-4BDD-9DE2-64A83CC13884): 0
LogDevObjectVersion:   Dev-LoadTimes (C2A15278-BFE7-4AFE-6C17-90FF531DF755): 1
LogInit: Compiled (64-bit): Feb 14 2017 02:04:14
LogInit: Compiled with Visual C++: 19.00.23026.00
LogInit: Build Configuration: Development
LogInit: Branch Name: ++UE4+Release-4.15
LogInit: Command line: -EpicPortal 
LogInit: Base directory: C:/Program Files/Epic Games/UE_4.15/Engine/Binaries/Win64/
LogInit: Installed Engine Build: 1
LogInit: Presizing for max 8388607 objects, including 0 objects not considered by GC, pre-allocating 0 bytes for permanent pool.
LogInit: Object subsystem initialized
[2017.04.23-11.46.36:047][  0]LogInit: Selected Device Profile: [Windows]
[2017.04.23-11.46.36:047][  0]LogInit: Applying CVar settings loaded from the selected device profile: [Windows]
[2017.04.23-11.46.36:063][  0]LogInit: Computer: DESKTOP-0PEK566
[2017.04.23-11.46.36:063][  0]LogInit: User: Sarah
[2017.04.23-11.46.36:063][  0]LogInit: CPU Page size=65536, Cores=4
[2017.04.23-11.46.36:063][  0]LogInit: High frequency timer resolution =2.143576 MHz
[2017.04.23-11.46.36:063][  0]LogMemory: Memory total: Physical=7.9GB (8GB approx)
[2017.04.23-11.46.36:063][  0]LogMemory: Platform Memory Stats for Windows
[2017.04.23-11.46.36:063][  0]LogMemory: Process Physical Memory: 263.26 MB used, 263.26 MB peak
[2017.04.23-11.46.36:063][  0]LogMemory: Process Virtual Memory: 262.55 MB used, 262.55 MB peak
[2017.04.23-11.46.36:063][  0]LogMemory: Physical Memory: 3021.70 MB used,  5062.57 MB free, 8084.27 MB total
[2017.04.23-11.46.36:063][  0]LogMemory: Virtual Memory: 644.18 MB used,  5062.57 MB free, 134217728.00 MB total
[2017.04.23-11.46.36:171][  0]LogTextLocalizationManager: No specific translations for ('en-US') exist, so ('en') translations will be used.
[2017.04.23-11.46.36:930][  0]LogD3D11RHI: D3D11 adapters:
[2017.04.23-11.46.36:989][  0]LogD3D11RHI:    0. 'AMD Radeon HD 7600M Series' (Feature Level 11_0)
[2017.04.23-11.46.36:989][  0]LogD3D11RHI:       1004/0/3840 MB DedicatedVideo/DedicatedSystem/SharedSystem, Outputs:1, VendorId:0x1002
[2017.04.23-11.46.36:993][  0]LogD3D11RHI:    1. 'Intel(R) HD Graphics 4000' (Feature Level 11_0)
[2017.04.23-11.46.36:993][  0]LogD3D11RHI:       32/0/1760 MB DedicatedVideo/DedicatedSystem/SharedSystem, Outputs:0, VendorId:0x8086
[2017.04.23-11.46.36:994][  0]LogD3D11RHI:    2. 'Microsoft Basic Render Driver' (Feature Level 11_0)
[2017.04.23-11.46.36:994][  0]LogD3D11RHI:       0/0/4042 MB DedicatedVideo/DedicatedSystem/SharedSystem, Outputs:0, VendorId:0x1414
[2017.04.23-11.46.36:994][  0]LogD3D11RHI: Chosen D3D11 Adapter: 0
[2017.04.23-11.46.36:998][  0]LogD3D11RHI: Creating new Direct3DDevice
[2017.04.23-11.46.36:998][  0]LogD3D11RHI:     GPU DeviceId: 0x6840 (for the marketing name, search the web for "GPU Device Id")
[2017.04.23-11.46.36:998][  0]LogWindows: EnumDisplayDevices:
[2017.04.23-11.46.36:998][  0]LogWindows:    0. 'Intel(R) HD Graphics 4000' (P:1 D:1)
[2017.04.23-11.46.36:999][  0]LogWindows:    1. 'Intel(R) HD Graphics 4000' (P:0 D:0)
[2017.04.23-11.46.36:999][  0]LogWindows:    2. 'Intel(R) HD Graphics 4000' (P:0 D:0)
[2017.04.23-11.46.36:999][  0]LogWindows: DebugString: PrimaryIsNotTheChoosenAdapter PrimaryIsNotTheChoosenAdapter PrimaryIsNotTheChoosenAdapter FoundDriverCount:0 
[2017.04.23-11.46.36:999][  0]LogD3D11RHI:     Adapter Name: AMD Radeon HD 7600M Series
[2017.04.23-11.46.36:999][  0]LogD3D11RHI:   Driver Version: Unknown (internal:Unknown, unified:Unknown)
[2017.04.23-11.46.36:999][  0]LogD3D11RHI:      Driver Date: Unknown
[2017.04.23-11.46.36:999][  0]LogRHI: Texture pool is 702 MB (70% of 1004 MB)
[2017.04.23-11.46.37:007][  0]LogD3D11RHI: AMD Pre GCN architecture detected, some driver workarounds will be in place
[2017.04.23-11.46.37:014][  0]LogD3D11RHI: Async texture creation enabled
[2017.04.23-11.46.37:027][  0]LogD3D11RHI: GPU Timing Frequency: 27.000000 (Debug: 2 1)
[2017.04.23-11.46.37:028][  0]LogShaderCompilers: Guid format shader working directory is -35 characters bigger than the processId version (../../../../../../Users/Sarah/Documents/Unreal Projects/04_BattleTank/BattleTank/Intermediate/Shaders/WorkingDirectory/12788/).
[2017.04.23-11.46.37:028][  0]LogShaderCompilers: Cleaned the shader compiler working directory 'C:/Users/Sarah/AppData/Local/Temp/UnrealShaderWorkingDir/94D26E9E4B957931283B27B87B02FC17/'.
[2017.04.23-11.46.37:028][  0]LogShaderCompilers:Display: Using Local Shader Compiler.
[2017.04.23-11.46.38:567][  0]LogTemp:Display: Loaded TP AllDesktopTargetPlatform
[2017.04.23-11.46.38:655][  0]LogTemp:Display: Loaded TP MacClientTargetPlatform
[2017.04.23-11.46.38:755][  0]LogTemp:Display: Loaded TP MacNoEditorTargetPlatform
[2017.04.23-11.46.38:870][  0]LogTemp:Display: Loaded TP MacServerTargetPlatform
[2017.04.23-11.46.38:970][  0]LogTemp:Display: Loaded TP MacTargetPlatform
[2017.04.23-11.46.39:068][  0]LogTemp:Display: Loaded TP WindowsClientTargetPlatform
[2017.04.23-11.46.39:160][  0]LogTemp:Display: Loaded TP WindowsNoEditorTargetPlatform
[2017.04.23-11.46.39:254][  0]LogTemp:Display: Loaded TP WindowsServerTargetPlatform
[2017.04.23-11.46.39:319][  0]LogTemp:Display: Loaded TP WindowsTargetPlatform
[2017.04.23-11.46.39:398][  0]LogTemp:Display: Loaded TP AndroidTargetPlatform
[2017.04.23-11.46.39:477][  0]LogTemp:Display: Loaded TP Android_ASTCTargetPlatform
[2017.04.23-11.46.39:556][  0]LogTemp:Display: Loaded TP Android_ATCTargetPlatform
[2017.04.23-11.46.39:634][  0]LogTemp:Display: Loaded TP Android_DXTTargetPlatform
[2017.04.23-11.46.39:752][  0]LogTemp:Display: Loaded TP Android_ETC1TargetPlatform
[2017.04.23-11.46.39:924][  0]LogTemp:Display: Loaded TP Android_ETC2TargetPlatform
[2017.04.23-11.46.40:119][  0]LogTemp:Display: Loaded TP Android_MultiTargetPlatform
[2017.04.23-11.46.40:119][  0]LogTemp:Display: Loaded TP Android_PVRTCTargetPlatform
[2017.04.23-11.46.40:192][  0]LogTemp:Display: Loaded TP HTML5TargetPlatform
[2017.04.23-11.46.40:357][  0]LogTemp:Display: Loaded TP IOSTargetPlatform
[2017.04.23-11.46.40:427][  0]LogTemp:Display: Loaded TP TVOSTargetPlatform
[2017.04.23-11.46.40:540][  0]LogTemp:Display: Loaded TP LinuxClientTargetPlatform
[2017.04.23-11.46.40:634][  0]LogTemp:Display: Loaded TP LinuxNoEditorTargetPlatform
[2017.04.23-11.46.40:722][  0]LogTemp:Display: Loaded TP LinuxServerTargetPlatform
[2017.04.23-11.46.40:820][  0]LogTemp:Display: Loaded TP LinuxTargetPlatform
[2017.04.23-11.46.40:820][  0]LogTargetPlatformManager:Display: Building Assets For Windows
[2017.04.23-11.46.41:516][  0]LogDerivedDataCache:Display: Max Cache Size: 512 MB
[2017.04.23-11.46.41:574][  0]LogDerivedDataCache: Loaded boot cache 0.06s 50MB C:/Users/Sarah/AppData/Local/UnrealEngine/4.15/DerivedDataCache/Boot.ddc.
[2017.04.23-11.46.41:574][  0]LogDerivedDataCache:Display: Loaded Boot cache: C:/Users/Sarah/AppData/Local/UnrealEngine/4.15/DerivedDataCache/Boot.ddc
[2017.04.23-11.46.41:574][  0]LogDerivedDataCache: FDerivedDataBackendGraph:  Pak pak cache file ../../../../../../Users/Sarah/Documents/Unreal Projects/04_BattleTank/BattleTank/DerivedDataCache/DDC.ddp not found, will not use a pak cache.
[2017.04.23-11.46.41:574][  0]LogDerivedDataCache: Unable to find inner node Pak for hierarchical cache Hierarchy.
[2017.04.23-11.46.41:574][  0]LogDerivedDataCache: FDerivedDataBackendGraph:  CompressedPak pak cache file ../../../../../../Users/Sarah/Documents/Unreal Projects/04_BattleTank/BattleTank/DerivedDataCache/Compressed.ddp not found, will not use a pak cache.
[2017.04.23-11.46.41:574][  0]LogDerivedDataCache: Unable to find inner node CompressedPak for hierarchical cache Hierarchy.
[2017.04.23-11.46.41:598][  0]LogDerivedDataCache:Display: Pak cache opened for reading ../../../Engine/DerivedDataCache/Compressed.ddp.
[2017.04.23-11.46.41:610][  0]LogDerivedDataCache: Using Local data cache path C:/Users/Sarah/AppData/Local/UnrealEngine/Common/DerivedDataCache: Writable
[2017.04.23-11.46.41:621][  0]LogSlate: Using Freetype 2.6.0
[2017.04.23-11.46.41:621][  0]LogSlate: SlateFontCache - WITH_FREETYPE: 1, WITH_HARFBUZZ: 1
[2017.04.23-11.46.41:621][  0]LogSlate: SlateFontCache - WITH_FREETYPE: 1, WITH_HARFBUZZ: 1
[2017.04.23-11.46.41:967][  0]LogInit: Selected Device Profile: [Windows]
[2017.04.23-11.46.41:970][  0]LogContentStreaming: Texture pool size is 0.00 MB
[2017.04.23-11.46.42:241][  0]LogMeshUtilities: Using QuadricMeshReduction for automatic static mesh reduction
[2017.04.23-11.46.42:302][  0]LogSimplygon: Simplygon DLL not present - disabling.
[2017.04.23-11.46.42:368][  0]LogMeshUtilities: Using SimplygonSwarm for distributed automatic mesh merging
[2017.04.23-11.46.42:368][  0]LogMeshUtilities: No automatic skeletal mesh reduction module available
[2017.04.23-11.46.42:368][  0]LogMeshUtilities: No automatic mesh merging module available
[2017.04.23-11.46.43:078][  0]LogNetVersion: GetLocalNetworkVersion: CL: 3299760, ProjectName: battletank, ProjectVersion: , EngineNetworkVersion: 2, GameNetworkVersion: 0, NetworkChecksum: 2512795372
[2017.04.23-11.46.43:133][  0]LogAssetRegistry: FAssetRegistry took 0.0216 seconds to start up
[2017.04.23-11.46.43:201][  0]LogPackageLocalizationCache: Processed 3 localized package path(s) for 2 prioritized culture(s) in 0.035401 seconds
[2017.04.23-11.46.43:207][  0]LogUObjectArray: 32475 objects as part of root set at end of initial load.
[2017.04.23-11.46.43:207][  0]LogUObjectAllocator: 7073368 out of 0 bytes used by permanent object pool.
[2017.04.23-11.46.43:207][  0]LogUObjectArray: CloseDisregardForGC: 0/0 objects in disregard for GC pool
[2017.04.23-11.46.43:297][  0]LogInit: WinSock: version 1.1 (2.2), MaxSocks=32767, MaxUdp=65467
[2017.04.23-11.46.45:826][  0]LogTcpMessaging: Initializing TcpMessaging bridge
[2017.04.23-11.46.45:936][  0]LogUdpMessaging: Initializing bridge on interface 0.0.0.0:0 to multicast group 230.0.0.1:6666.
[2017.04.23-11.46.46:655][  0]LogMaterial: Uniform references updated for custom material expression Custom.
[2017.04.23-11.46.47:192][  0]SourceControl: Info Source control is disabled
[2017.04.23-11.46.47:229][  0]SourceControl: Info Source control is disabled
[2017.04.23-11.46.47:298][  0]SourceControl: Info Source control is disabled
[2017.04.23-11.46.47:366][  0]SourceControl: Info Source control is disabled
[2017.04.23-11.46.49:434][  0]LogEngine: Initializing Engine...
[2017.04.23-11.46.49:435][  0]LogHMD: Failed to initialize OpenVR with code 110
[2017.04.23-11.46.49:818][  0]LogAIModule: Creating AISystem for world Untitled
[2017.04.23-11.46.49:829][  0]LogInit: XAudio2 using 'Speakers (2- High Definition Audio Device)' : 2 channels at 44.1 kHz using 16 bits per sample (channel mask 0x3)
[2017.04.23-11.46.49:849][  0]LogInit: FAudioDevice initialized.
[2017.04.23-11.46.49:878][  0]LogDerivedDataCache: Saved boot cache 0.03s 50MB C:/Users/Sarah/AppData/Local/UnrealEngine/4.15/DerivedDataCache/Boot.ddc.
[2017.04.23-11.46.49:890][  0]LogInit: Texture streaming: Enabled
[2017.04.23-11.46.50:039][  0]LogEngineSessionManager: EngineSessionManager initialized
[2017.04.23-11.46.50:183][  0]LogInit: Transaction tracking system initialized
[2017.04.23-11.46.50:920][  0]BlueprintLog: New page: Editor Load
[2017.04.23-11.46.52:389][  0]LocalizationService: Info Localization service is disabled
[2017.04.23-11.46.53:589][  0]LogConsoleResponse:Display: 
[2017.04.23-11.46.53:747][  0]LogCook:Display: Max memory allowance for cook 16384mb min free memory 0mb
[2017.04.23-11.46.53:747][  0]LogCook:Display: Mobile HDR setting 1
[2017.04.23-11.46.54:778][  0]LogFileCache: Scanning file cache for directory 'C:/Users/Sarah/Documents/Unreal Projects/04_BattleTank/BattleTank/Content/' took 0.01s
[2017.04.23-11.46.55:200][  0]SourceControl: Info Source control is disabled
[2017.04.23-11.46.55:200][  0]Cmd: MAP LOAD FILE="../../../../../../Users/Sarah/Documents/Unreal Projects/04_BattleTank/BattleTank/Content/Levels/BattleGround.umap" TEMPLATE=0 SHOWPROGRESS=1 FEATURELEVEL=3
[2017.04.23-11.46.55:201][  0]LightingResults: New page: Lighting Build
[2017.04.23-11.46.55:257][  0]MapCheck: New page: Map Check
[2017.04.23-11.46.55:257][  0]LightingResults: New page: Lighting Build
[2017.04.23-11.46.55:697][  0]LogAIModule: Creating AISystem for world BattleGround
[2017.04.23-11.46.55:730][  0]LogEditorServer: Finished looking for orphan Actors (0.000 secs)
[2017.04.23-11.46.55:731][  0]Cmd: MAP CHECKDEP NOCLEARLOG
[2017.04.23-11.46.55:786][  0]MapCheck: Info Map check complete: 0 Error(s), 0 Warning(s), took 54.873ms to complete.
[2017.04.23-11.46.55:786][  0]LogFileHelpers: Loading map 'BattleGround' took 0.586
[2017.04.23-11.46.55:855][  0]LogWindowsTextInputMethodSystem:Display: IME system now deactivated.
[2017.04.23-11.46.56:010][  0]LogCollectionManager: Loaded 0 collections in 0.001964 seconds
[2017.04.23-11.46.56:109][  0]LogFileCache: Scanning file cache for directory 'C:/Users/Sarah/Documents/Unreal Projects/04_BattleTank/BattleTank/Saved/Collections/' took 0.01s
[2017.04.23-11.46.56:109][  0]LogFileCache: Scanning file cache for directory 'C:/Users/Sarah/Documents/Unreal Projects/04_BattleTank/BattleTank/Content/Developers/Sarah/Collections/' took 0.01s
[2017.04.23-11.46.56:109][  0]LogFileCache: Scanning file cache for directory 'C:/Users/Sarah/Documents/Unreal Projects/04_BattleTank/BattleTank/Content/Collections/' took 0.01s
[2017.04.23-11.46.56:109][  0]LogCollectionManager: Rebuilt the GUID cache for 0 collections in 0.000002 seconds
[2017.04.23-11.46.56:123][  0]LogContentBrowser: Native class hierarchy populated in 0.0140 seconds. Added 2251 classes and 453 folders.
[2017.04.23-11.46.56:127][  0]LogStats: UGameplayTagsManager::ConstructGameplayTagTree: Construct from data asset -  0.000 s
[2017.04.23-11.46.56:127][  0]LogStats: UGameplayTagsManager::ConstructGameplayTagTree: GameplayTagTreeChangedEvent.Broadcast -  0.000 s
[2017.04.23-11.46.56:219][  0]LogContentBrowser: Native class hierarchy updated for 'WidgetCarousel' in 0.0036 seconds. Added 0 classes and 0 folders.
[2017.04.23-11.46.56:274][  0]LogContentBrowser: Native class hierarchy updated for 'AddContentDialog' in 0.0035 seconds. Added 0 classes and 0 folders.
[2017.04.23-11.46.56:338][  0]LogContentBrowser: Native class hierarchy updated for 'SceneOutliner' in 0.0034 seconds. Added 1 classes and 2 folders.
[2017.04.23-11.46.56:403][  0]LogCrashTracker: Crashtracker disabled due to settings.
[2017.04.23-11.46.56:410][  0]LogUObjectGlobals:Warning: Failed to find object 'Class None.'
[2017.04.23-11.46.56:494][  0]LogContentBrowser: Native class hierarchy updated for 'HierarchicalLODOutliner' in 0.0036 seconds. Added 1 classes and 2 folders.
[2017.04.23-11.46.56:494][  0]LogLoad: (Engine Initialization) Total time: 23.10 seconds
[2017.04.23-11.46.56:494][  0]LogLoad: (Engine Initialization) Total Blueprint compile time: 0.16 seconds
[2017.04.23-11.46.56:494][  0]LogExternalProfiler: No external profilers were discovered.  External profiling features will not be available.
[2017.04.23-11.46.56:503][  0]LogOcInput: OculusInput pre-init called
[2017.04.23-11.46.56:528][  0]LogContentStreaming: Texture pool size now 600 MB
[2017.04.23-11.46.56:530][  0]LogSlate: Took 0.000281 seconds to synchronously load lazily loaded font '../../../Engine/Content/Slate/Fonts/Roboto-Regular.ttf' (155K)
[2017.04.23-11.46.56:535][  0]LogSlate: Took 0.000322 seconds to synchronously load lazily loaded font '../../../Engine/Content/Slate/Fonts/Roboto-Bold.ttf' (160K)
[2017.04.23-11.46.56:542][  0]LogSlate: Took 0.000226 seconds to synchronously load lazily loaded font '../../../Engine/Content/Editor/Slate/Fonts/FontAwesome.ttf' (139K)
[2017.04.23-11.46.56:542][  0]LogSlate: Took 0.000147 seconds to synchronously load lazily loaded font '../../../Engine/Content/Editor/Slate/Fonts/DroidSansMono.ttf' (77K)
[2017.04.23-11.46.56:778][  0]LogRenderer: Reallocating scene render targets to support 1028x592 NumSamples 1 (Frame:2).
[2017.04.23-11.46.57:001][  1]LogAssetRegistry: Asset discovery search completed in 13.8899 seconds
[2017.04.23-11.46.57:001][  1]LogCollectionManager: Rebuilt the object cache for 0 collections in 0.000007 seconds (found 0 objects)
[2017.04.23-11.46.57:001][  1]LogCollectionManager: Fixed up redirectors for 0 collections in 0.000156 seconds (updated 0 objects)
[2017.04.23-11.47.00:054][101]LogSlate: Took 0.005134 seconds to synchronously load lazily loaded font '../../../Engine/Content/Slate/Fonts/Roboto-Light.ttf' (159K)
[2017.04.23-11.47.00:753][101]LogContentBrowser: Native class hierarchy updated for 'BlueprintGraph' in 0.0042 seconds. Added 112 classes and 0 folders.
[2017.04.23-11.47.02:019][101]LogSlate: Took 0.004833 seconds to synchronously load lazily loaded font '../../../Engine/Content/Editor/Slate/Fonts/Roboto-BoldCondensed.ttf' (158K)
[2017.04.23-11.47.02:132][102]LogSlate: Took 0.009958 seconds to synchronously load lazily loaded font '../../../Engine/Content/Editor/Slate/Fonts/Roboto-Italic.ttf' (157K)
[2017.04.23-11.47.14:896][501]LogSlate: Only BGRA pngs, bmps or icos are supported in by External Image Picker
[2017.04.23-11.47.14:978][501]LogTemp:Display: Executing iPhonePackager certificates Engine -bundlename com.YourCompany.BattleTank

[2017.04.23-11.47.14:978][501]LogTemp:Display: CWD: C:\Program Files\Epic Games\UE_4.15\Engine\Binaries\DotNET\IOS

[2017.04.23-11.47.14:978][501]LogTemp:Display: Initial Dir: C:\Program Files\Epic Games\UE_4.15

[2017.04.23-11.47.14:978][501]LogTemp:Display: Env CWD: C:\Program Files\Epic Games\UE_4.15\Engine\Binaries\DotNET\IOS

[2017.04.23-11.47.14:978][501]LogTemp:Display: BranchPath = DESKTOP-0PEK566/C/Program Files/Epic Games/UE_4.15/Engine/Binaries --- GameBranchPath = DESKTOP-0PEK566/C/Program Files/Epic Games/UE_4.15/Engine/Binaries

[2017.04.23-11.47.14:997][501]LogTemp:Display: IPP ERROR: Application exception: System.IO.DirectoryNotFoundException: Could not find a part of the path 'C:\Users\Sarah\AppData\Local\Apple Computer\MobileDevice\Provisioning Profiles'.

[2017.04.23-11.47.14:997][501]LogTemp:Display:    at System.IO.__Error.WinIOError(Int32 errorCode, String maybeFullPath)

[2017.04.23-11.47.14:998][501]LogTemp:Display:    at System.IO.FileSystemEnumerableIterator`1.CommonInit()

[2017.04.23-11.47.14:998][501]LogTemp:Display:    at System.IO.Directory.EnumerateFiles(String path, String searchPattern)

[2017.04.23-11.47.14:998][501]LogTemp:Display:    at iPhonePackager.CodeSignatureBuilder.FindProvisions(String CFBundleIdentifier)

[2017.04.23-11.47.14:998][501]LogTemp:Display:    at iPhonePackager.Program.Main(String[] args)

[2017.04.23-11.47.39:914][150]LogTemp: Repeting last play command: Selected Viewport
[2017.04.23-11.47.39:939][150]LogBlueprintUserMessages: Early PlayInEditor Detection: Level '/Game/Levels/BattleGround.BattleGround:PersistentLevel' has LevelScriptBlueprint '/Game/Levels/BattleGround.BattleGround:PersistentLevel.BattleGround' with GeneratedClass '/Game/Levels/BattleGround.BattleGround_C' with ClassGeneratedBy '/Game/Levels/BattleGround.BattleGround:PersistentLevel.BattleGround'
[2017.04.23-11.47.39:940][150]LogPlayLevel: PlayLevel: No blueprints needed recompiling
[2017.04.23-11.47.39:940][150]PIE: New page: PIE session: BattleGround (Apr 23, 2017, 1:47:39 PM)
[2017.04.23-11.47.39:941][150]LogPlayLevel: Creating play world package: /Game/Levels/UEDPIE_0_BattleGround
[2017.04.23-11.47.39:956][150]LogPlayLevel: PIE: StaticDuplicateObject took: (0.015568s)
[2017.04.23-11.47.39:957][150]LogAIModule: Creating AISystem for world BattleGround
[2017.04.23-11.47.39:958][150]LogPlayLevel: PIE: World Init took: (0.001030s)
[2017.04.23-11.47.39:958][150]LogPlayLevel: PIE: Created PIE world by copying editor world from /Game/Levels/BattleGround.BattleGround to /Game/Levels/UEDPIE_0_BattleGround.BattleGround (0.017287s)
[2017.04.23-11.47.39:992][150]LogInit: XAudio2 using 'Speakers (2- High Definition Audio Device)' : 2 channels at 44.1 kHz using 16 bits per sample (channel mask 0x3)
[2017.04.23-11.47.40:002][150]LogInit: FAudioDevice initialized.
[2017.04.23-11.47.40:051][150]LogLoad: Game class is 'BattleTankGameMode_BP_C'
[2017.04.23-11.47.40:058][150]LogWorld: Bringing World /Game/Levels/UEDPIE_0_BattleGround.BattleGround up for play (max tick rate 0) at 2017.04.23-12.47.40
[2017.04.23-11.47.40:059][150]LogWorld: Bringing up level for play took: 0.006090
[2017.04.23-11.47.40:120][150]LogContentBrowser: Native class hierarchy updated for 'MovieSceneCapture' in 0.0035 seconds. Added 11 classes and 0 folders.
[2017.04.23-11.47.40:122][150]LogTemp:Warning: AI Tank name: Tank_BP2 is targetting player tank: Tank_BP_C_0
[2017.04.23-11.47.40:122][150]LogTemp:Warning: AI Tank name: Tank_BP3 is targetting player tank: Tank_BP_C_0
[2017.04.23-11.47.40:123][150]LogTemp:Warning: AI Tank name: Tank_BP4_1033 is targetting player tank: Tank_BP_C_0
[2017.04.23-11.47.40:123][150]LogTemp:Warning: AI Tank name: Tank_BP_540 is targetting player tank: Tank_BP_C_0
[2017.04.23-11.47.40:123][150]LogTemp:Warning: Tank_BP_C_0 has possessed by Player
[2017.04.23-11.47.40:124][150]PIE: Info Play in editor start time for /Game/Levels/UEDPIE_0_BattleGround 0.12
[2017.04.23-11.47.40:124][150]LogBlueprintUserMessages: Late PlayInEditor Detection: Level '/Game/Levels/BattleGround.BattleGround:PersistentLevel' has LevelScriptBlueprint '/Game/Levels/BattleGround.BattleGround:PersistentLevel.BattleGround' with GeneratedClass '/Game/Levels/BattleGround.BattleGround_C' with ClassGeneratedBy '/Game/Levels/BattleGround.BattleGround:PersistentLevel.BattleGround'
[2017.04.23-11.47.40:125][150]LogTemp:Warning: Tank_BP_C_0 is aiming at X=0.558 Y=-0.675 Z=0.483
[2017.04.23-11.47.40:717][150]LogCrashTracker: 


[2017.04.23-11.47.40:717][150]LogCrashTracker: 


[2017.04.23-11.47.40:717][150]LogWindows:Error: === Critical error: ===
[2017.04.23-11.47.40:717][150]LogWindows:Error: 
[2017.04.23-11.47.40:717][150]LogWindows:Error: Fatal error!
[2017.04.23-11.47.40:717][150]LogWindows:Error: 
[2017.04.23-11.47.40:717][150]LogWindows:Error: Unhandled Exception: EXCEPTION_ACCESS_VIOLATION reading address 0xffffffff
[2017.04.23-11.47.40:717][150]LogWindows:Error: 
[2017.04.23-11.47.40:717][150]LogWindows:Error: ucrtbase.dll!0x00000000DEC902B7
[2017.04.23-11.47.40:717][150]LogWindows:Error: ucrtbase.dll!0x00000000DEC7CFD2
[2017.04.23-11.47.40:718][150]LogWindows:Error: ucrtbase.dll!0x00000000DEC7C853
[2017.04.23-11.47.40:718][150]LogWindows:Error: UE4Editor-Core.dll!0x00000000A813E5FB
[2017.04.23-11.47.40:718][150]LogWindows:Error: UE4Editor-BattleTank.dll!UTankBarrel::Elevate() [c:\users\sarah\documents\unreal projects\04_battletank\battletank\source\battletank\private\tankbarrel.cpp:26]
[2017.04.23-11.47.40:718][150]LogWindows:Error: UE4Editor-BattleTank.dll!UTankAimingComponent::AimAt() [c:\users\sarah\documents\unreal projects\04_battletank\battletank\source\battletank\private\tankaimingcomponent.cpp:59]
[2017.04.23-11.47.40:719][150]LogWindows:Error: UE4Editor-BattleTank.dll!ATank::AimAt() [c:\users\sarah\documents\unreal projects\04_battletank\battletank\source\battletank\private\tank.cpp:47]
[2017.04.23-11.47.40:719][150]LogWindows:Error: UE4Editor-BattleTank.dll!ATankPlayerController::AimTowardsCrosshair() [c:\users\sarah\documents\unreal projects\04_battletank\battletank\source\battletank\private\tankplayercontroller.cpp:57]
[2017.04.23-11.47.40:719][150]LogWindows:Error: UE4Editor-Engine.dll!0x000000009F3533CC
[2017.04.23-11.47.40:719][150]LogWindows:Error: UE4Editor-Engine.dll!0x000000009E6CAA2E
[2017.04.23-11.47.40:719][150]LogWindows:Error: UE4Editor-Engine.dll!0x000000009F64F62D
[2017.04.23-11.47.40:720][150]LogWindows:Error: UE4Editor-Engine.dll!0x000000009F6552FD
[2017.04.23-11.47.40:720][150]LogWindows:Error: UE4Editor-Core.dll!0x00000000A804D83D
[2017.04.23-11.47.40:720][150]LogWindows:Error: UE4Editor-Core.dll!0x00000000A804DC5D
[2017.04.23-11.47.40:720][150]LogWindows:Error: UE4Editor-Core.dll!0x00000000A806CCDB
[2017.04.23-11.47.40:720][150]LogWindows:Error: UE4Editor-Engine.dll!0x000000009F679051
[2017.04.23-11.47.40:720][150]LogWindows:Error: UE4Editor-Engine.dll!0x000000009F6898D2
[2017.04.23-11.47.40:720][150]LogWindows:Error: UE4Editor-Engine.dll!0x000000009EFB7B44
[2017.04.23-11.47.40:720][150]LogWindows:Error: UE4Editor-Engine.dll!0x000000009EFBFC6B
[2017.04.23-11.47.40:720][150]LogWindows:Error: UE4Editor-UnrealEd.dll!0x00000000A4B66D8E
[2017.04.23-11.47.40:720][150]LogWindows:Error: UE4Editor-UnrealEd.dll!0x00000000A5371AD6
[2017.04.23-11.47.40:721][150]LogWindows:Error: UE4Editor.exe!0x00000000C6A4DEE3
[2017.04.23-11.47.40:721][150]LogWindows:Error: UE4Editor.exe!0x00000000C6A3EB40
[2017.04.23-11.47.40:721][150]LogWindows:Error: UE4Editor.exe!0x00000000C6A3EBBA
[2017.04.23-11.47.40:721][150]LogWindows:Error: UE4Editor.exe!0x00000000C6A50A29
[2017.04.23-11.47.40:721][150]LogWindows:Error: UE4Editor.exe!0x00000000C6A522B6
[2017.04.23-11.47.40:721][150]LogWindows:Error: KERNEL32.DLL!0x00000000E12A8364
[2017.04.23-11.47.40:721][150]LogWindows:Error: ntdll.dll!0x00000000E18470D1
[2017.04.23-11.47.40:721][150]LogWindows:Error: ntdll.dll!0x00000000E18470D1
[2017.04.23-11.47.40:721][150]LogWindows:Error: 
[2017.04.23-11.47.40:753][150]LogExit: Executing StaticShutdownAfterError
[2017.04.23-11.47.40:757][150]LogWindows: FPlatformMisc::RequestExit(1)
[2017.04.23-11.47.40:757][150]Log file closed, 04/23/17 12:47:40
