Log file open, 04/23/17 12:43:13
LogInit:Display: Running engine for game: BattleTank
LogPlatformFile: Not using cached read wrapper
LogInit:Display: RandInit(-291437297) SRandInit(-291437297).
LogTaskGraph: Started task graph with 5 named threads and 8 total threads with 1 sets of task threads.
LogStats: Stats thread started at 0.086513
LogInit:Warning: Incompatible or missing module: UE4Editor-BattleTank.dll
Running C:/Program Files/Epic Games/UE_4.15/Engine/Binaries/DotNET/UnrealBuildTool.exe BattleTank Development Win64 -project="C:/Users/Sarah/Documents/Unreal Projects/04_BattleTank/BattleTank/BattleTank.uproject" -editorrecompile -progress -NoHotReloadFromIDE
Creating makefile for BattleTank (no existing makefile)
Performing full C++ include scan (no include cache file)
@progress push 5%
Parsing headers for BattleTankEditor
  Running UnrealHeaderTool "C:\Users\Sarah\Documents\Unreal Projects\04_BattleTank\BattleTank\BattleTank.uproject" "C:\Users\Sarah\Documents\Unreal Projects\04_BattleTank\BattleTank\Intermediate\Build\Win64\BattleTankEditor\Development\BattleTankEditor.uhtmanifest" -LogCmds="loginit warning, logexit warning, logdatabase error" -Unattended -WarningsAsErrors -installed
Reflection code generated for BattleTankEditor in 8.1369263 seconds
@progress pop
Performing 14 actions (4 in parallel)
[2/14] Resource ModuleVersionResource.rc.inl
[3/14] Resource PCLaunch.rc
PCH.BattleTank.cpp
Tank.cpp
BattleTankGameModeBase.cpp
BattleTank.cpp
MyAIController.cpp
TankAimingComponent.cpp
TankAIController.cpp
TankBarrel.cpp
TankPlayerController.cpp
BattleTank.generated.cpp
[13/14] Link UE4Editor-BattleTank.dll
[14/14] Link UE4Editor-BattleTank.lib
   Creating library C:\Users\Sarah\Documents\Unreal Projects\04_BattleTank\BattleTank\Intermediate\Build\Win64\UE4Editor\Development\UE4Editor-BattleTank.lib and object C:\Users\Sarah\Documents\Unreal Projects\04_BattleTank\BattleTank\Intermediate\Build\Win64\UE4Editor\Development\UE4Editor-BattleTank.exp
   Creating library C:\Users\Sarah\Documents\Unreal Projects\04_BattleTank\BattleTank\Intermediate\Build\Win64\UE4Editor\Development\UE4Editor-BattleTank.suppressed.lib and object C:\Users\Sarah\Documents\Unreal Projects\04_BattleTank\BattleTank\Intermediate\Build\Win64\UE4Editor\Development\UE4Editor-BattleTank.suppressed.exp
Total build time: 60.37 seconds (Local executor: 46.22 seconds)
LogInit: Using libcurl 7.47.1
LogInit:  - built for x86_64-pc-win32
LogInit:  - supports SSL with OpenSSL/1.0.2g
LogInit:  - supports HTTP deflate (compression) using libz 1.2.8
LogInit:  - other features:
LogInit:      CURL_VERSION_SSL
LogInit:      CURL_VERSION_LIBZ
LogInit:      CURL_VERSION_IPV6
LogInit:      CURL_VERSION_ASYNCHDNS
LogInit:      CURL_VERSION_LARGEFILE
LogInit:      CURL_VERSION_IDN
LogInit:  CurlRequestOptions (configurable via config and command line):
LogInit:  - bVerifyPeer = false  - Libcurl will NOT verify peer certificate
LogInit:  - bUseHttpProxy = false  - Libcurl will NOT use HTTP proxy
LogInit:  - bDontReuseConnections = false  - Libcurl will reuse connections
LogInit:  - CertBundlePath = nullptr  - Libcurl will use whatever was configured at build time.
LogInit: Build: ++UE4+Release-4.15-CL-3299760
LogInit: Engine Version: 4.15.0-3299760+++UE4+Release-4.15
LogInit: Compatible Engine Version: 4.15.0-3299760+++UE4+Release-4.15
LogInit: Net CL: 3299760
LogDevObjectVersion: Number of dev versions registered: 14
LogDevObjectVersion:   Dev-Blueprints (B0D832E4-1F89-4F0D-ACCF-7EB736FD4AA2): 8
LogDevObjectVersion:   Dev-Build (E1C64328-A22C-4D53-A36C-8E866417BD8C): 0
LogDevObjectVersion:   Dev-Core (375EC13C-06E4-48FB-B500-84F0262A717E): 2
LogDevObjectVersion:   Dev-Editor (E4B068ED-F494-42E9-A231-DA0B2E46BB41): 14
LogDevObjectVersion:   Dev-Framework (CFFC743F-43B0-4480-9391-14DF171D2073): 22
LogDevObjectVersion:   Dev-Mobile (B02B49B5-BB20-44E9-A304-32B752E40360): 0
LogDevObjectVersion:   Dev-Networking (A4E4105C-59A1-49B5-A7C5-40C4547EDFEE): 0
LogDevObjectVersion:   Dev-Online (39C831C9-5AE6-47DC-9A44-9C173E1C8E7C): 0
LogDevObjectVersion:   Dev-Physics (78F01B33-EBEA-4F98-B9B4-84EACCB95AA2): 0
LogDevObjectVersion:   Dev-Platform (6631380F-2D4D-43E0-8009-CF276956A95A): 0
LogDevObjectVersion:   Dev-Rendering (12F88B9F-8875-4AFC-A67C-D90C383ABD29): 12
LogDevObjectVersion:   Dev-Sequencer (7B5AE74C-D270-4C10-A958-57980B212A5A): 3
LogDevObjectVersion:   Dev-VR (D7296918-1DD6-4BDD-9DE2-64A83CC13884): 0
LogDevObjectVersion:   Dev-LoadTimes (C2A15278-BFE7-4AFE-6C17-90FF531DF755): 1
LogInit: Compiled (64-bit): Feb 14 2017 02:04:14
LogInit: Compiled with Visual C++: 19.00.23026.00
LogInit: Build Configuration: Development
LogInit: Branch Name: ++UE4+Release-4.15
LogInit: Command line:  -game
LogInit: Base directory: C:/Program Files/Epic Games/UE_4.15/Engine/Binaries/Win64/
LogInit: Installed Engine Build: 1
LogInit: Presizing for max 8388607 objects, including 0 objects not considered by GC, pre-allocating 0 bytes for permanent pool.
LogInit: Object subsystem initialized
[2017.04.23-11.44.18:412][  0]LogInit: Selected Device Profile: [Windows]
[2017.04.23-11.44.18:412][  0]LogInit: Applying CVar settings loaded from the selected device profile: [Windows]
[2017.04.23-11.44.18:430][  0]LogInit: Computer: DESKTOP-0PEK566
[2017.04.23-11.44.18:430][  0]LogInit: User: Sarah
[2017.04.23-11.44.18:430][  0]LogInit: CPU Page size=65536, Cores=4
[2017.04.23-11.44.18:430][  0]LogInit: High frequency timer resolution =2.143576 MHz
[2017.04.23-11.44.18:430][  0]LogMemory: Memory total: Physical=7.9GB (8GB approx)
[2017.04.23-11.44.18:430][  0]LogMemory: Platform Memory Stats for Windows
[2017.04.23-11.44.18:430][  0]LogMemory: Process Physical Memory: 266.45 MB used, 266.45 MB peak
[2017.04.23-11.44.18:430][  0]LogMemory: Process Virtual Memory: 262.75 MB used, 262.75 MB peak
[2017.04.23-11.44.18:430][  0]LogMemory: Physical Memory: 3233.26 MB used,  4851.02 MB free, 8084.27 MB total
[2017.04.23-11.44.18:430][  0]LogMemory: Virtual Memory: 666.00 MB used,  4851.02 MB free, 134217728.00 MB total
[2017.04.23-11.44.18:545][  0]LogTextLocalizationManager: No specific translations for ('en-US') exist, so ('en') translations will be used.
[2017.04.23-11.44.19:157][  0]LogD3D11RHI: D3D11 adapters:
[2017.04.23-11.44.19:217][  0]LogD3D11RHI:    0. 'AMD Radeon HD 7600M Series' (Feature Level 11_0)
[2017.04.23-11.44.19:217][  0]LogD3D11RHI:       1004/0/3840 MB DedicatedVideo/DedicatedSystem/SharedSystem, Outputs:1, VendorId:0x1002
[2017.04.23-11.44.19:231][  0]LogD3D11RHI:    1. 'Intel(R) HD Graphics 4000' (Feature Level 11_0)
[2017.04.23-11.44.19:231][  0]LogD3D11RHI:       32/0/1760 MB DedicatedVideo/DedicatedSystem/SharedSystem, Outputs:0, VendorId:0x8086
[2017.04.23-11.44.19:233][  0]LogD3D11RHI:    2. 'Microsoft Basic Render Driver' (Feature Level 11_0)
[2017.04.23-11.44.19:233][  0]LogD3D11RHI:       0/0/4042 MB DedicatedVideo/DedicatedSystem/SharedSystem, Outputs:0, VendorId:0x1414
[2017.04.23-11.44.19:233][  0]LogD3D11RHI: Chosen D3D11 Adapter: 0
[2017.04.23-11.44.19:238][  0]LogD3D11RHI: Creating new Direct3DDevice
[2017.04.23-11.44.19:238][  0]LogD3D11RHI:     GPU DeviceId: 0x6840 (for the marketing name, search the web for "GPU Device Id")
[2017.04.23-11.44.19:238][  0]LogWindows: EnumDisplayDevices:
[2017.04.23-11.44.19:239][  0]LogWindows:    0. 'Intel(R) HD Graphics 4000' (P:1 D:1)
[2017.04.23-11.44.19:239][  0]LogWindows:    1. 'Intel(R) HD Graphics 4000' (P:0 D:0)
[2017.04.23-11.44.19:239][  0]LogWindows:    2. 'Intel(R) HD Graphics 4000' (P:0 D:0)
[2017.04.23-11.44.19:239][  0]LogWindows: DebugString: PrimaryIsNotTheChoosenAdapter PrimaryIsNotTheChoosenAdapter PrimaryIsNotTheChoosenAdapter FoundDriverCount:0 
[2017.04.23-11.44.19:239][  0]LogD3D11RHI:     Adapter Name: AMD Radeon HD 7600M Series
[2017.04.23-11.44.19:239][  0]LogD3D11RHI:   Driver Version: Unknown (internal:Unknown, unified:Unknown)
[2017.04.23-11.44.19:239][  0]LogD3D11RHI:      Driver Date: Unknown
[2017.04.23-11.44.19:239][  0]LogRHI: Texture pool is 702 MB (70% of 1004 MB)
[2017.04.23-11.44.19:250][  0]LogD3D11RHI: AMD Pre GCN architecture detected, some driver workarounds will be in place
[2017.04.23-11.44.19:260][  0]LogD3D11RHI: Async texture creation enabled
[2017.04.23-11.44.19:272][  0]LogD3D11RHI: GPU Timing Frequency: 27.000000 (Debug: 2 1)
[2017.04.23-11.44.19:273][  0]LogShaderCompilers: Guid format shader working directory is -35 characters bigger than the processId version (../../../../../../Users/Sarah/Documents/Unreal Projects/04_BattleTank/BattleTank/Intermediate/Shaders/WorkingDirectory/11700/).
[2017.04.23-11.44.19:273][  0]LogShaderCompilers: Cleaned the shader compiler working directory 'C:/Users/Sarah/AppData/Local/Temp/UnrealShaderWorkingDir/8A05DBA64761D1DFB222F4AC3ED26B15/'.
[2017.04.23-11.44.19:273][  0]LogShaderCompilers:Display: Using Local Shader Compiler.
[2017.04.23-11.44.21:136][  0]LogTemp:Display: Loaded TP WindowsClientTargetPlatform
[2017.04.23-11.44.21:262][  0]LogTemp:Display: Loaded TP WindowsNoEditorTargetPlatform
[2017.04.23-11.44.21:376][  0]LogTemp:Display: Loaded TP WindowsServerTargetPlatform
[2017.04.23-11.44.21:481][  0]LogTemp:Display: Loaded TP WindowsTargetPlatform
[2017.04.23-11.44.21:481][  0]LogTargetPlatformManager:Display: Building Assets For Windows
[2017.04.23-11.44.22:309][  0]LogDerivedDataCache:Display: Max Cache Size: 512 MB
[2017.04.23-11.44.22:381][  0]LogDerivedDataCache: Loaded boot cache 0.07s 50MB C:/Users/Sarah/AppData/Local/UnrealEngine/4.15/DerivedDataCache/Boot.ddc.
[2017.04.23-11.44.22:381][  0]LogDerivedDataCache:Display: Loaded Boot cache: C:/Users/Sarah/AppData/Local/UnrealEngine/4.15/DerivedDataCache/Boot.ddc
[2017.04.23-11.44.22:381][  0]LogDerivedDataCache: FDerivedDataBackendGraph:  Pak pak cache file ../../../../../../Users/Sarah/Documents/Unreal Projects/04_BattleTank/BattleTank/DerivedDataCache/DDC.ddp not found, will not use a pak cache.
[2017.04.23-11.44.22:381][  0]LogDerivedDataCache: Unable to find inner node Pak for hierarchical cache Hierarchy.
[2017.04.23-11.44.22:381][  0]LogDerivedDataCache: FDerivedDataBackendGraph:  CompressedPak pak cache file ../../../../../../Users/Sarah/Documents/Unreal Projects/04_BattleTank/BattleTank/DerivedDataCache/Compressed.ddp not found, will not use a pak cache.
[2017.04.23-11.44.22:381][  0]LogDerivedDataCache: Unable to find inner node CompressedPak for hierarchical cache Hierarchy.
[2017.04.23-11.44.22:407][  0]LogDerivedDataCache:Display: Pak cache opened for reading ../../../Engine/DerivedDataCache/Compressed.ddp.
[2017.04.23-11.44.22:420][  0]LogDerivedDataCache: Using Local data cache path C:/Users/Sarah/AppData/Local/UnrealEngine/Common/DerivedDataCache: Writable
[2017.04.23-11.44.22:436][  0]LogSlate: Using Freetype 2.6.0
[2017.04.23-11.44.22:436][  0]LogSlate: SlateFontCache - WITH_FREETYPE: 1, WITH_HARFBUZZ: 1
[2017.04.23-11.44.22:436][  0]LogSlate: SlateFontCache - WITH_FREETYPE: 1, WITH_HARFBUZZ: 1
[2017.04.23-11.44.23:099][  0]LogAssetRegistry: FAssetRegistry took 0.0002 seconds to start up
[2017.04.23-11.44.23:138][  0]LogPackageLocalizationCache: Processed 3 localized package path(s) for 2 prioritized culture(s) in 0.039327 seconds
[2017.04.23-11.44.23:194][  0]LogInit: Selected Device Profile: [Windows]
[2017.04.23-11.44.23:197][  0]LogContentStreaming: Texture pool size is 1000.00 MB
[2017.04.23-11.44.23:636][  0]LogMeshUtilities: Using QuadricMeshReduction for automatic static mesh reduction
[2017.04.23-11.44.23:719][  0]LogSimplygon: Simplygon DLL not present - disabling.
[2017.04.23-11.44.23:810][  0]LogMeshUtilities: Using SimplygonSwarm for distributed automatic mesh merging
[2017.04.23-11.44.23:811][  0]LogMeshUtilities: No automatic skeletal mesh reduction module available
[2017.04.23-11.44.23:811][  0]LogMeshUtilities: No automatic mesh merging module available
[2017.04.23-11.44.24:554][  0]LogNetVersion: GetLocalNetworkVersion: CL: 3299760, ProjectName: battletank, ProjectVersion: , EngineNetworkVersion: 2, GameNetworkVersion: 0, NetworkChecksum: 2512795372
[2017.04.23-11.44.24:664][  0]LogInit: WinSock: version 1.1 (2.2), MaxSocks=32767, MaxUdp=65467
[2017.04.23-11.44.25:828][  0]LogMoviePlayer: Initializing movie player
[2017.04.23-11.44.25:897][  0]LogWindowsTextInputMethodSystem:Display: IME system now deactivated.
[2017.04.23-11.44.26:974][  0]SourceControl: Info Source control is disabled
[2017.04.23-11.44.26:974][  0]SourceControl: Info Source control is disabled
[2017.04.23-11.44.27:053][  0]SourceControl: Info Source control is disabled
[2017.04.23-11.44.27:991][  0]LogUObjectArray: 34423 objects as part of root set at end of initial load.
[2017.04.23-11.44.27:991][  0]LogUObjectAllocator: 7657128 out of 0 bytes used by permanent object pool.
[2017.04.23-11.44.27:991][  0]LogUObjectArray: CloseDisregardForGC: 0/0 objects in disregard for GC pool
[2017.04.23-11.44.28:134][  0]LogEngine: Initializing Engine...
[2017.04.23-11.44.28:135][  0]LogHMD: Failed to initialize OpenVR with code 110
[2017.04.23-11.44.28:269][  0]LogInit: XAudio2 using 'Speakers (2- High Definition Audio Device)' : 2 channels at 44.1 kHz using 16 bits per sample (channel mask 0x3)
[2017.04.23-11.44.28:290][  0]LogInit: FAudioDevice initialized.
[2017.04.23-11.44.28:335][  0]LogDerivedDataCache: Saved boot cache 0.03s 50MB C:/Users/Sarah/AppData/Local/UnrealEngine/4.15/DerivedDataCache/Boot.ddc.
[2017.04.23-11.44.28:346][  0]LogInit: Texture streaming: Enabled
[2017.04.23-11.44.28:363][  0]LogMaterial: Uniform references updated for custom material expression Custom.
[2017.04.23-11.44.28:830][  0]LogInit:Display: Game Engine Initialized.
[2017.04.23-11.44.29:097][  0]LogInit:Display: Starting Game.
[2017.04.23-11.44.29:101][  0]LogNet: Browse: /Game/Levels/MainMenu?Name=Player
[2017.04.23-11.44.29:102][  0]LogLoad: LoadMap: /Game/Levels/MainMenu?Name=Player
[2017.04.23-11.44.29:128][  0]LogMemory: Platform Memory Stats for Windows
[2017.04.23-11.44.29:128][  0]LogMemory: Process Physical Memory: 615.38 MB used, 644.06 MB peak
[2017.04.23-11.44.29:128][  0]LogMemory: Process Virtual Memory: 696.61 MB used, 696.62 MB peak
[2017.04.23-11.44.29:128][  0]LogMemory: Physical Memory: 3496.63 MB used,  4587.64 MB free, 8084.27 MB total
[2017.04.23-11.44.29:128][  0]LogMemory: Virtual Memory: 1272.74 MB used,  4587.64 MB free, 134217728.00 MB total
[2017.04.23-11.44.29:128][  0]LogMemory: 
[2017.04.23-11.44.29:128][  0]Allocator Stats for TBB: (not implemented)
[2017.04.23-11.44.29:491][  0]LogAIModule: Creating AISystem for world MainMenu
[2017.04.23-11.44.29:492][  0]LogLoad: Game class is 'GameModeBase'
[2017.04.23-11.44.29:497][  0]LogWorld: Bringing World /Game/Levels/MainMenu.MainMenu up for play (max tick rate 0) at 2017.04.23-12.44.29
[2017.04.23-11.44.29:497][  0]LogWorld: Bringing up level for play took: 0.000787
[2017.04.23-11.44.29:498][  0]LogGameMode: FindPlayerStart: PATHS NOT DEFINED or NO PLAYERSTART with positive rating
[2017.04.23-11.44.29:505][  0]LogLoad: Took 0.403305 seconds to LoadMap(/Game/Levels/MainMenu)
[2017.04.23-11.44.29:805][  0]LogRenderer: Reallocating scene render targets to support 1600x900 NumSamples 1 (Frame:2).
[2017.04.23-11.44.29:805][  0]LogLoad: (Engine Initialization) Total time: 77.57 seconds
[2017.04.23-11.44.29:805][  0]LogLoad: (Engine Initialization) Total Blueprint compile time: 0.08 seconds
[2017.04.23-11.44.29:805][  0]LogExternalProfiler: No external profilers were discovered.  External profiling features will not be available.
[2017.04.23-11.44.29:825][  0]LogOcInput: OculusInput pre-init called
[2017.04.23-11.44.33:130][105]LogPackageName:Warning: Found ambiguous long package name for 'BattleGround.umap'. Returning '/Game/BattleGround2_sharedassets/BattleGround', but could also be '/Game/Levels/BattleGround'.
[2017.04.23-11.44.33:130][105]LogPackageName: SearchForPackageOnDisk took   0.104s to resolve BattleGround.umap.
[2017.04.23-11.44.33:230][105]LogPackageName:Warning: Found ambiguous long package name for 'BattleGround.umap'. Returning '/Game/BattleGround2_sharedassets/BattleGround', but could also be '/Game/Levels/BattleGround'.
[2017.04.23-11.44.33:230][105]LogPackageName: SearchForPackageOnDisk took   0.099s to resolve BattleGround.umap.
[2017.04.23-11.44.33:230][105]LogNet: Browse: /Game/BattleGround2_sharedassets/BattleGround
[2017.04.23-11.44.33:230][105]LogLoad: LoadMap: /Game/BattleGround2_sharedassets/BattleGround
[2017.04.23-11.44.33:257][105]LogMemory: Platform Memory Stats for Windows
[2017.04.23-11.44.33:257][105]LogMemory: Process Physical Memory: 652.39 MB used, 653.09 MB peak
[2017.04.23-11.44.33:257][105]LogMemory: Process Virtual Memory: 914.70 MB used, 914.70 MB peak
[2017.04.23-11.44.33:257][105]LogMemory: Physical Memory: 3524.11 MB used,  4560.16 MB free, 8084.27 MB total
[2017.04.23-11.44.33:257][105]LogMemory: Virtual Memory: 1512.04 MB used,  4560.16 MB free, 134217728.00 MB total
[2017.04.23-11.44.33:257][105]LogMemory: 
[2017.04.23-11.44.33:257][105]Allocator Stats for TBB: (not implemented)
[2017.04.23-11.44.33:336][105]LogWindows: Windows GetLastError: The operation completed successfully. (0)
[2017.04.23-11.44.33:851][105]LogWindows:Error: === Critical error: ===
[2017.04.23-11.44.33:851][105]LogWindows:Error: 
[2017.04.23-11.44.33:851][105]LogWindows:Error: Assertion failed: NewWorld [File:D:\Build\++UE4+Release-4.15+Compile\Sync\Engine\Source\Runtime\Engine\Private\UnrealEngine.cpp] [Line: 10044] 
[2017.04.23-11.44.33:851][105]LogWindows:Error: 
[2017.04.23-11.44.33:851][105]LogWindows:Error: 
[2017.04.23-11.44.33:851][105]LogWindows:Error: 
[2017.04.23-11.44.33:851][105]LogWindows:Error: KERNELBASE.dll!0x00000000DE5F3C58
[2017.04.23-11.44.33:851][105]LogWindows:Error: UE4Editor-Core.dll!0x00000000C16464DE
[2017.04.23-11.44.33:851][105]LogWindows:Error: UE4Editor-Core.dll!0x00000000C146CEDE
[2017.04.23-11.44.33:851][105]LogWindows:Error: UE4Editor-Core.dll!0x00000000C13F2719
[2017.04.23-11.44.33:851][105]LogWindows:Error: UE4Editor-Engine.dll!0x000000009F707E9E
[2017.04.23-11.44.33:851][105]LogWindows:Error: UE4Editor-Engine.dll!0x000000009F6BD43E
[2017.04.23-11.44.33:851][105]LogWindows:Error: UE4Editor-Engine.dll!0x000000009F72BC30
[2017.04.23-11.44.33:851][105]LogWindows:Error: UE4Editor-Engine.dll!0x000000009ED756D5
[2017.04.23-11.44.33:851][105]LogWindows:Error: UE4Editor.exe!0x00000000C6A4DEE3
[2017.04.23-11.44.33:851][105]LogWindows:Error: UE4Editor.exe!0x00000000C6A3EB40
[2017.04.23-11.44.33:851][105]LogWindows:Error: UE4Editor.exe!0x00000000C6A3EBBA
[2017.04.23-11.44.33:851][105]LogWindows:Error: UE4Editor.exe!0x00000000C6A50A29
[2017.04.23-11.44.33:851][105]LogWindows:Error: UE4Editor.exe!0x00000000C6A522B6
[2017.04.23-11.44.33:851][105]LogWindows:Error: KERNEL32.DLL!0x00000000E12A8364
[2017.04.23-11.44.33:851][105]LogWindows:Error: ntdll.dll!0x00000000E18470D1
[2017.04.23-11.44.33:851][105]LogWindows:Error: ntdll.dll!0x00000000E18470D1
[2017.04.23-11.44.33:851][105]LogWindows:Error: 
[2017.04.23-11.44.33:894][105]LogExit: Executing StaticShutdownAfterError
[2017.04.23-11.44.33:896][105]LogWindows: FPlatformMisc::RequestExit(1)
[2017.04.23-11.44.33:896][105]Log file closed, 04/23/17 12:44:33
