Log file open, 04/28/17 17:26:56
LogInit:Display: Running engine for game: BattleTank
LogPlatformFile: Not using cached read wrapper
LogInit:Display: RandInit(229772678) SRandInit(229772678).
LogTaskGraph: Started task graph with 5 named threads and 8 total threads with 1 sets of task threads.
LogStats: Stats thread started at 0.091394
LogInit: Using libcurl 7.47.1
LogInit:  - built for x86_64-pc-win32
LogInit:  - supports SSL with OpenSSL/1.0.2g
LogInit:  - supports HTTP deflate (compression) using libz 1.2.8
LogInit:  - other features:
LogInit:      CURL_VERSION_SSL
LogInit:      CURL_VERSION_LIBZ
LogInit:      CURL_VERSION_IPV6
LogInit:      CURL_VERSION_ASYNCHDNS
LogInit:      CURL_VERSION_LARGEFILE
LogInit:      CURL_VERSION_IDN
LogInit:  CurlRequestOptions (configurable via config and command line):
LogInit:  - bVerifyPeer = false  - Libcurl will NOT verify peer certificate
LogInit:  - bUseHttpProxy = false  - Libcurl will NOT use HTTP proxy
LogInit:  - bDontReuseConnections = false  - Libcurl will reuse connections
LogInit:  - CertBundlePath = nullptr  - Libcurl will use whatever was configured at build time.
LogInit: Build: ++UE4+Release-4.15-CL-3299760
LogInit: Engine Version: 4.15.0-3299760+++UE4+Release-4.15
LogInit: Compatible Engine Version: 4.15.0-3299760+++UE4+Release-4.15
LogInit: Net CL: 3299760
LogDevObjectVersion: Number of dev versions registered: 14
LogDevObjectVersion:   Dev-Blueprints (B0D832E4-1F89-4F0D-ACCF-7EB736FD4AA2): 8
LogDevObjectVersion:   Dev-Build (E1C64328-A22C-4D53-A36C-8E866417BD8C): 0
LogDevObjectVersion:   Dev-Core (375EC13C-06E4-48FB-B500-84F0262A717E): 2
LogDevObjectVersion:   Dev-Editor (E4B068ED-F494-42E9-A231-DA0B2E46BB41): 14
LogDevObjectVersion:   Dev-Framework (CFFC743F-43B0-4480-9391-14DF171D2073): 22
LogDevObjectVersion:   Dev-Mobile (B02B49B5-BB20-44E9-A304-32B752E40360): 0
LogDevObjectVersion:   Dev-Networking (A4E4105C-59A1-49B5-A7C5-40C4547EDFEE): 0
LogDevObjectVersion:   Dev-Online (39C831C9-5AE6-47DC-9A44-9C173E1C8E7C): 0
LogDevObjectVersion:   Dev-Physics (78F01B33-EBEA-4F98-B9B4-84EACCB95AA2): 0
LogDevObjectVersion:   Dev-Platform (6631380F-2D4D-43E0-8009-CF276956A95A): 0
LogDevObjectVersion:   Dev-Rendering (12F88B9F-8875-4AFC-A67C-D90C383ABD29): 12
LogDevObjectVersion:   Dev-Sequencer (7B5AE74C-D270-4C10-A958-57980B212A5A): 3
LogDevObjectVersion:   Dev-VR (D7296918-1DD6-4BDD-9DE2-64A83CC13884): 0
LogDevObjectVersion:   Dev-LoadTimes (C2A15278-BFE7-4AFE-6C17-90FF531DF755): 1
LogInit: Compiled (64-bit): Feb 14 2017 02:04:14
LogInit: Compiled with Visual C++: 19.00.23026.00
LogInit: Build Configuration: Development
LogInit: Branch Name: ++UE4+Release-4.15
LogInit: Command line: -EpicPortal 
LogInit: Base directory: C:/Program Files/Epic Games/UE_4.15/Engine/Binaries/Win64/
LogInit: Installed Engine Build: 1
LogInit: Presizing for max 8388607 objects, including 0 objects not considered by GC, pre-allocating 0 bytes for permanent pool.
LogInit: Object subsystem initialized
[2017.04.28-16.26.57:437][  0]LogInit: Selected Device Profile: [Windows]
[2017.04.28-16.26.57:437][  0]LogInit: Applying CVar settings loaded from the selected device profile: [Windows]
[2017.04.28-16.26.57:459][  0]LogInit: Computer: DESKTOP-0PEK566
[2017.04.28-16.26.57:459][  0]LogInit: User: Sarah
[2017.04.28-16.26.57:459][  0]LogInit: CPU Page size=65536, Cores=4
[2017.04.28-16.26.57:459][  0]LogInit: High frequency timer resolution =2.143576 MHz
[2017.04.28-16.26.57:459][  0]LogMemory: Memory total: Physical=7.9GB (8GB approx)
[2017.04.28-16.26.57:459][  0]LogMemory: Platform Memory Stats for Windows
[2017.04.28-16.26.57:459][  0]LogMemory: Process Physical Memory: 262.92 MB used, 262.92 MB peak
[2017.04.28-16.26.57:459][  0]LogMemory: Process Virtual Memory: 262.51 MB used, 262.51 MB peak
[2017.04.28-16.26.57:459][  0]LogMemory: Physical Memory: 6271.56 MB used,  1812.71 MB free, 8084.27 MB total
[2017.04.28-16.26.57:459][  0]LogMemory: Virtual Memory: 644.18 MB used,  1812.71 MB free, 134217728.00 MB total
[2017.04.28-16.26.57:582][  0]LogTextLocalizationManager: No specific translations for ('en-US') exist, so ('en') translations will be used.
[2017.04.28-16.26.58:337][  0]LogD3D11RHI: D3D11 adapters:
[2017.04.28-16.26.58:399][  0]LogD3D11RHI:    0. 'AMD Radeon HD 7600M Series' (Feature Level 11_0)
[2017.04.28-16.26.58:399][  0]LogD3D11RHI:       1004/0/3840 MB DedicatedVideo/DedicatedSystem/SharedSystem, Outputs:1, VendorId:0x1002
[2017.04.28-16.26.58:403][  0]LogD3D11RHI:    1. 'Intel(R) HD Graphics 4000' (Feature Level 11_0)
[2017.04.28-16.26.58:403][  0]LogD3D11RHI:       32/0/1760 MB DedicatedVideo/DedicatedSystem/SharedSystem, Outputs:0, VendorId:0x8086
[2017.04.28-16.26.58:404][  0]LogD3D11RHI:    2. 'Microsoft Basic Render Driver' (Feature Level 11_0)
[2017.04.28-16.26.58:404][  0]LogD3D11RHI:       0/0/4042 MB DedicatedVideo/DedicatedSystem/SharedSystem, Outputs:0, VendorId:0x1414
[2017.04.28-16.26.58:404][  0]LogD3D11RHI: Chosen D3D11 Adapter: 0
[2017.04.28-16.26.58:421][  0]LogD3D11RHI: Creating new Direct3DDevice
[2017.04.28-16.26.58:421][  0]LogD3D11RHI:     GPU DeviceId: 0x6840 (for the marketing name, search the web for "GPU Device Id")
[2017.04.28-16.26.58:421][  0]LogWindows: EnumDisplayDevices:
[2017.04.28-16.26.58:421][  0]LogWindows:    0. 'Intel(R) HD Graphics 4000' (P:1 D:1)
[2017.04.28-16.26.58:421][  0]LogWindows:    1. 'Intel(R) HD Graphics 4000' (P:0 D:0)
[2017.04.28-16.26.58:421][  0]LogWindows:    2. 'Intel(R) HD Graphics 4000' (P:0 D:0)
[2017.04.28-16.26.58:421][  0]LogWindows: DebugString: PrimaryIsNotTheChoosenAdapter PrimaryIsNotTheChoosenAdapter PrimaryIsNotTheChoosenAdapter FoundDriverCount:0 
[2017.04.28-16.26.58:421][  0]LogD3D11RHI:     Adapter Name: AMD Radeon HD 7600M Series
[2017.04.28-16.26.58:421][  0]LogD3D11RHI:   Driver Version: Unknown (internal:Unknown, unified:Unknown)
[2017.04.28-16.26.58:421][  0]LogD3D11RHI:      Driver Date: Unknown
[2017.04.28-16.26.58:421][  0]LogRHI: Texture pool is 702 MB (70% of 1004 MB)
[2017.04.28-16.26.58:431][  0]LogD3D11RHI: AMD Pre GCN architecture detected, some driver workarounds will be in place
[2017.04.28-16.26.58:439][  0]LogD3D11RHI: Async texture creation enabled
[2017.04.28-16.26.58:452][  0]LogD3D11RHI: GPU Timing Frequency: 27.000000 (Debug: 2 1)
[2017.04.28-16.26.58:453][  0]LogShaderCompilers: Guid format shader working directory is -36 characters bigger than the processId version (../../../../../../Users/Sarah/Documents/Unreal Projects/04_BattleTank/BattleTank/Intermediate/Shaders/WorkingDirectory/107304/).
[2017.04.28-16.26.58:453][  0]LogShaderCompilers: Cleaned the shader compiler working directory 'C:/Users/Sarah/AppData/Local/Temp/UnrealShaderWorkingDir/8B0E487042D00D0FE8C59D92B84E0153/'.
[2017.04.28-16.26.58:453][  0]LogShaderCompilers:Display: Using Local Shader Compiler.
[2017.04.28-16.26.59:843][  0]LogTemp:Display: Loaded TP AllDesktopTargetPlatform
[2017.04.28-16.26.59:926][  0]LogTemp:Display: Loaded TP MacClientTargetPlatform
[2017.04.28-16.27.00:006][  0]LogTemp:Display: Loaded TP MacNoEditorTargetPlatform
[2017.04.28-16.27.00:086][  0]LogTemp:Display: Loaded TP MacServerTargetPlatform
[2017.04.28-16.27.00:166][  0]LogTemp:Display: Loaded TP MacTargetPlatform
[2017.04.28-16.27.00:244][  0]LogTemp:Display: Loaded TP WindowsClientTargetPlatform
[2017.04.28-16.27.00:322][  0]LogTemp:Display: Loaded TP WindowsNoEditorTargetPlatform
[2017.04.28-16.27.00:400][  0]LogTemp:Display: Loaded TP WindowsServerTargetPlatform
[2017.04.28-16.27.00:464][  0]LogTemp:Display: Loaded TP WindowsTargetPlatform
[2017.04.28-16.27.00:542][  0]LogTemp:Display: Loaded TP AndroidTargetPlatform
[2017.04.28-16.27.00:623][  0]LogTemp:Display: Loaded TP Android_ASTCTargetPlatform
[2017.04.28-16.27.00:702][  0]LogTemp:Display: Loaded TP Android_ATCTargetPlatform
[2017.04.28-16.27.00:782][  0]LogTemp:Display: Loaded TP Android_DXTTargetPlatform
[2017.04.28-16.27.00:862][  0]LogTemp:Display: Loaded TP Android_ETC1TargetPlatform
[2017.04.28-16.27.00:942][  0]LogTemp:Display: Loaded TP Android_ETC2TargetPlatform
[2017.04.28-16.27.01:103][  0]LogTemp:Display: Loaded TP Android_MultiTargetPlatform
[2017.04.28-16.27.01:103][  0]LogTemp:Display: Loaded TP Android_PVRTCTargetPlatform
[2017.04.28-16.27.01:160][  0]LogTemp:Display: Loaded TP HTML5TargetPlatform
[2017.04.28-16.27.01:291][  0]LogTemp:Display: Loaded TP IOSTargetPlatform
[2017.04.28-16.27.01:343][  0]LogTemp:Display: Loaded TP TVOSTargetPlatform
[2017.04.28-16.27.01:421][  0]LogTemp:Display: Loaded TP LinuxClientTargetPlatform
[2017.04.28-16.27.01:498][  0]LogTemp:Display: Loaded TP LinuxNoEditorTargetPlatform
[2017.04.28-16.27.01:578][  0]LogTemp:Display: Loaded TP LinuxServerTargetPlatform
[2017.04.28-16.27.01:655][  0]LogTemp:Display: Loaded TP LinuxTargetPlatform
[2017.04.28-16.27.01:655][  0]LogTargetPlatformManager:Display: Building Assets For Windows
[2017.04.28-16.27.02:311][  0]LogDerivedDataCache:Display: Max Cache Size: 512 MB
[2017.04.28-16.27.02:371][  0]LogDerivedDataCache: Loaded boot cache 0.06s 50MB C:/Users/Sarah/AppData/Local/UnrealEngine/4.15/DerivedDataCache/Boot.ddc.
[2017.04.28-16.27.02:371][  0]LogDerivedDataCache:Display: Loaded Boot cache: C:/Users/Sarah/AppData/Local/UnrealEngine/4.15/DerivedDataCache/Boot.ddc
[2017.04.28-16.27.02:372][  0]LogDerivedDataCache: FDerivedDataBackendGraph:  Pak pak cache file ../../../../../../Users/Sarah/Documents/Unreal Projects/04_BattleTank/BattleTank/DerivedDataCache/DDC.ddp not found, will not use a pak cache.
[2017.04.28-16.27.02:372][  0]LogDerivedDataCache: Unable to find inner node Pak for hierarchical cache Hierarchy.
[2017.04.28-16.27.02:372][  0]LogDerivedDataCache: FDerivedDataBackendGraph:  CompressedPak pak cache file ../../../../../../Users/Sarah/Documents/Unreal Projects/04_BattleTank/BattleTank/DerivedDataCache/Compressed.ddp not found, will not use a pak cache.
[2017.04.28-16.27.02:372][  0]LogDerivedDataCache: Unable to find inner node CompressedPak for hierarchical cache Hierarchy.
[2017.04.28-16.27.02:395][  0]LogDerivedDataCache:Display: Pak cache opened for reading ../../../Engine/DerivedDataCache/Compressed.ddp.
[2017.04.28-16.27.02:406][  0]LogDerivedDataCache: Using Local data cache path C:/Users/Sarah/AppData/Local/UnrealEngine/Common/DerivedDataCache: Writable
[2017.04.28-16.27.02:417][  0]LogSlate: Using Freetype 2.6.0
[2017.04.28-16.27.02:418][  0]LogSlate: SlateFontCache - WITH_FREETYPE: 1, WITH_HARFBUZZ: 1
[2017.04.28-16.27.02:418][  0]LogSlate: SlateFontCache - WITH_FREETYPE: 1, WITH_HARFBUZZ: 1
[2017.04.28-16.27.02:951][  0]LogInit: Selected Device Profile: [Windows]
[2017.04.28-16.27.02:955][  0]LogContentStreaming: Texture pool size is 0.00 MB
[2017.04.28-16.27.03:250][  0]LogMeshUtilities: Using QuadricMeshReduction for automatic static mesh reduction
[2017.04.28-16.27.03:311][  0]LogSimplygon: Simplygon DLL not present - disabling.
[2017.04.28-16.27.03:379][  0]LogMeshUtilities: Using SimplygonSwarm for distributed automatic mesh merging
[2017.04.28-16.27.03:379][  0]LogMeshUtilities: No automatic skeletal mesh reduction module available
[2017.04.28-16.27.03:379][  0]LogMeshUtilities: No automatic mesh merging module available
[2017.04.28-16.27.04:114][  0]LogNetVersion: GetLocalNetworkVersion: CL: 3299760, ProjectName: battletank, ProjectVersion: , EngineNetworkVersion: 2, GameNetworkVersion: 0, NetworkChecksum: 2512795372
[2017.04.28-16.27.04:169][  0]LogAssetRegistry: FAssetRegistry took 0.0214 seconds to start up
[2017.04.28-16.27.04:238][  0]LogPackageLocalizationCache: Processed 3 localized package path(s) for 2 prioritized culture(s) in 0.035984 seconds
[2017.04.28-16.27.04:245][  0]LogUObjectArray: 32475 objects as part of root set at end of initial load.
[2017.04.28-16.27.04:245][  0]LogUObjectAllocator: 7073360 out of 0 bytes used by permanent object pool.
[2017.04.28-16.27.04:245][  0]LogUObjectArray: CloseDisregardForGC: 0/0 objects in disregard for GC pool
[2017.04.28-16.27.04:340][  0]LogInit: WinSock: version 1.1 (2.2), MaxSocks=32767, MaxUdp=65467
[2017.04.28-16.27.06:556][  0]LogTcpMessaging: Initializing TcpMessaging bridge
[2017.04.28-16.27.06:614][  0]LogUdpMessaging: Initializing bridge on interface 0.0.0.0:0 to multicast group 230.0.0.1:6666.
[2017.04.28-16.27.07:343][  0]LogMaterial: Uniform references updated for custom material expression Custom.
[2017.04.28-16.27.07:904][  0]SourceControl: Info Source control is disabled
[2017.04.28-16.27.07:940][  0]SourceControl: Info Source control is disabled
[2017.04.28-16.27.08:008][  0]SourceControl: Info Source control is disabled
[2017.04.28-16.27.08:076][  0]SourceControl: Info Source control is disabled
[2017.04.28-16.27.09:985][  0]LogEngine: Initializing Engine...
[2017.04.28-16.27.09:986][  0]LogHMD: Failed to initialize OpenVR with code 110
[2017.04.28-16.27.10:312][  0]LogAIModule: Creating AISystem for world Untitled
[2017.04.28-16.27.10:321][  0]LogInit: XAudio2 using 'Speakers (2- High Definition Audio Device)' : 2 channels at 44.1 kHz using 16 bits per sample (channel mask 0x3)
[2017.04.28-16.27.10:341][  0]LogInit: FAudioDevice initialized.
[2017.04.28-16.27.10:375][  0]LogDerivedDataCache: Saved boot cache 0.03s 50MB C:/Users/Sarah/AppData/Local/UnrealEngine/4.15/DerivedDataCache/Boot.ddc.
[2017.04.28-16.27.10:384][  0]LogInit: Texture streaming: Enabled
[2017.04.28-16.27.10:533][  0]LogEngineSessionManager: EngineSessionManager initialized
[2017.04.28-16.27.10:678][  0]LogInit: Transaction tracking system initialized
[2017.04.28-16.27.11:187][  0]BlueprintLog: New page: Editor Load
[2017.04.28-16.27.12:455][  0]LocalizationService: Info Localization service is disabled
[2017.04.28-16.27.13:656][  0]LogConsoleResponse:Display: 
[2017.04.28-16.27.13:854][  0]LogCook:Display: Max memory allowance for cook 16384mb min free memory 0mb
[2017.04.28-16.27.13:854][  0]LogCook:Display: Mobile HDR setting 1
[2017.04.28-16.27.14:533][  0]LogFileCache: Scanning file cache for directory 'C:/Users/Sarah/Documents/Unreal Projects/04_BattleTank/BattleTank/Content/' took 0.02s
[2017.04.28-16.27.15:380][  0]SourceControl: Info Source control is disabled
[2017.04.28-16.27.15:380][  0]Cmd: MAP LOAD FILE="../../../../../../Users/Sarah/Documents/Unreal Projects/04_BattleTank/BattleTank/Content/Levels/BattleGround.umap" TEMPLATE=0 SHOWPROGRESS=1 FEATURELEVEL=3
[2017.04.28-16.27.15:391][  0]LightingResults: New page: Lighting Build
[2017.04.28-16.27.15:457][  0]MapCheck: New page: Map Check
[2017.04.28-16.27.15:457][  0]LightingResults: New page: Lighting Build
[2017.04.28-16.27.15:770][  0]LogBlueprint:Warning: [PlayerUI] 'FiringStatus' variable not found. Base class was probably changed.
[2017.04.28-16.27.15:771][  0]LogBlueprint:Warning: [PlayerUI] 'FiringStatus' variable not found. Base class was probably changed.
[2017.04.28-16.27.15:775][  0]LogBlueprint:Warning: [Compiler PlayerUI] Warning Could not find a variable named "FiringStatus" in 'TankAimingComponent'.
Make sure 'TankAimingComponent' has been compiled for  Get FiringStatus
[2017.04.28-16.27.15:776][  0]LogBlueprint:Warning: [Compiler PlayerUI] Warning Could not find a variable named "FiringStatus" in 'TankAimingComponent'.
Make sure 'TankAimingComponent' has been compiled for  Get FiringStatus
[2017.04.28-16.27.15:776][  0]LogBlueprint:Error: [Compiler PlayerUI] Error The property associated with  Firing Status  could not be found
[2017.04.28-16.27.15:777][  0]LogBlueprint:Error: [Compiler PlayerUI] Error The property associated with  Firing Status  could not be found
[2017.04.28-16.27.15:779][  0]LogBlueprint:Warning: [Compiler PlayerUI] Warning [0021.31] Compile of PlayerUI failed. 2 Fatal Issue(s) 2 Warning(s) [in 7 ms] (/Game/UI/PlayerUI.PlayerUI)
[2017.04.28-16.27.15:779][  0]LogBlueprint:Warning: [Compiler PlayerUI] Warning [0021.31] Compile of PlayerUI failed. 2 Fatal Issue(s) 3 Warning(s) [in 0 ms] (/Game/UI/PlayerUI.PlayerUI)
[2017.04.28-16.27.15:779][  0]LogBlueprint:Warning: [Compiler PlayerUI] Warning [0021.31] Compile of PlayerUI failed. 2 Fatal Issue(s) 4 Warning(s) [in 0 ms] (/Game/UI/PlayerUI.PlayerUI)
[2017.04.28-16.27.15:780][  0]LogBlueprint:Warning: [PlayerUI] 'FiringStatus' variable not found. Base class was probably changed.
[2017.04.28-16.27.15:780][  0]LogBlueprint:Warning: [PlayerUI] 'FiringStatus' variable not found. Base class was probably changed.
[2017.04.28-16.27.16:249][  0]LogAIModule: Creating AISystem for world BattleGround
[2017.04.28-16.27.16:654][  0]LogEditorServer: Finished looking for orphan Actors (0.000 secs)
[2017.04.28-16.27.16:664][  0]Cmd: MAP CHECKDEP NOCLEARLOG
[2017.04.28-16.27.16:719][  0]MapCheck: Info Map check complete: 0 Error(s), 0 Warning(s), took 55.511ms to complete.
[2017.04.28-16.27.16:719][  0]LogFileHelpers: Loading map 'BattleGround' took 1.339
[2017.04.28-16.27.17:030][  0]LogCollectionManager: Loaded 1 collections in 0.007071 seconds
[2017.04.28-16.27.17:132][  0]LogFileCache: Scanning file cache for directory 'C:/Users/Sarah/Documents/Unreal Projects/04_BattleTank/BattleTank/Saved/Collections/' took 0.01s
[2017.04.28-16.27.17:132][  0]LogFileCache: Scanning file cache for directory 'C:/Users/Sarah/Documents/Unreal Projects/04_BattleTank/BattleTank/Content/Developers/Sarah/Collections/' took 0.01s
[2017.04.28-16.27.17:132][  0]LogFileCache: Scanning file cache for directory 'C:/Users/Sarah/Documents/Unreal Projects/04_BattleTank/BattleTank/Content/Collections/' took 0.01s
[2017.04.28-16.27.17:132][  0]LogCollectionManager: Rebuilt the GUID cache for 1 collections in 0.000005 seconds
[2017.04.28-16.27.17:132][  0]LogCollectionManager: Rebuilt the hierarchy cache for 1 collections in 0.000000 seconds
[2017.04.28-16.27.17:148][  0]LogContentBrowser: Native class hierarchy populated in 0.0156 seconds. Added 2255 classes and 453 folders.
[2017.04.28-16.27.17:152][  0]LogStats: UGameplayTagsManager::ConstructGameplayTagTree: Construct from data asset -  0.000 s
[2017.04.28-16.27.17:152][  0]LogStats: UGameplayTagsManager::ConstructGameplayTagTree: GameplayTagTreeChangedEvent.Broadcast -  0.000 s
[2017.04.28-16.27.17:246][  0]LogContentBrowser: Native class hierarchy updated for 'WidgetCarousel' in 0.0036 seconds. Added 0 classes and 0 folders.
[2017.04.28-16.27.17:707][  0]LogContentBrowser: Native class hierarchy updated for 'AddContentDialog' in 0.0039 seconds. Added 0 classes and 0 folders.
[2017.04.28-16.27.17:789][  0]LogContentBrowser: Native class hierarchy updated for 'SceneOutliner' in 0.0038 seconds. Added 1 classes and 2 folders.
[2017.04.28-16.27.17:872][  0]LogCrashTracker: Crashtracker disabled due to settings.
[2017.04.28-16.27.17:883][  0]LogUObjectGlobals:Warning: Failed to find object 'Class None.'
[2017.04.28-16.27.17:972][  0]LogContentBrowser: Native class hierarchy updated for 'HierarchicalLODOutliner' in 0.0040 seconds. Added 1 classes and 2 folders.
[2017.04.28-16.27.17:973][  0]LogLoad: (Engine Initialization) Total time: 23.50 seconds
[2017.04.28-16.27.17:973][  0]LogLoad: (Engine Initialization) Total Blueprint compile time: 0.19 seconds
[2017.04.28-16.27.17:973][  0]LogExternalProfiler: No external profilers were discovered.  External profiling features will not be available.
[2017.04.28-16.27.18:312][  0]LogOcInput: OculusInput pre-init called
[2017.04.28-16.27.18:341][  0]LogContentStreaming: Texture pool size now 600 MB
[2017.04.28-16.27.18:344][  0]LogSlate: Took 0.000357 seconds to synchronously load lazily loaded font '../../../Engine/Content/Slate/Fonts/Roboto-Regular.ttf' (155K)
[2017.04.28-16.27.18:349][  0]LogSlate: Took 0.000293 seconds to synchronously load lazily loaded font '../../../Engine/Content/Slate/Fonts/Roboto-Bold.ttf' (160K)
[2017.04.28-16.27.18:367][  0]LogSlate: Took 0.007805 seconds to synchronously load lazily loaded font '../../../Engine/Content/Editor/Slate/Fonts/FontAwesome.ttf' (139K)
[2017.04.28-16.27.18:375][  0]LogSlate: Took 0.007080 seconds to synchronously load lazily loaded font '../../../Engine/Content/Editor/Slate/Fonts/DroidSansMono.ttf' (77K)
[2017.04.28-16.27.18:715][  1]LogAssetRegistry: Asset discovery search completed in 14.5675 seconds
[2017.04.28-16.27.18:715][  1]LogCollectionManager: Rebuilt the object cache for 1 collections in 0.000009 seconds (found 0 objects)
[2017.04.28-16.27.18:715][  1]LogCollectionManager: Fixed up redirectors for 1 collections in 0.000156 seconds (updated 0 objects)
[2017.04.28-16.27.18:748][  2]LogRenderer: Reallocating scene render targets to support 1068x628 NumSamples 1 (Frame:2).
[2017.04.28-16.27.21:857][ 64]LogSlate: Took 0.009486 seconds to synchronously load lazily loaded font '../../../Engine/Content/Slate/Fonts/Roboto-Light.ttf' (159K)
[2017.04.28-16.27.26:721][191]LogSlate: Took 0.000207 seconds to synchronously load lazily loaded font '../../../Engine/Content/Slate/Fonts/Roboto-Light.ttf' (159K)
[2017.04.28-16.27.27:376][191]LogSlate: Took 0.000221 seconds to synchronously load lazily loaded font '../../../Engine/Content/Slate/Fonts/Roboto-Regular.ttf' (155K)
[2017.04.28-16.27.27:572][191]LogContentBrowser: Native class hierarchy updated for 'BlueprintGraph' in 0.0041 seconds. Added 112 classes and 0 folders.
[2017.04.28-16.27.28:745][191]LogSlate: Took 0.004923 seconds to synchronously load lazily loaded font '../../../Engine/Content/Editor/Slate/Fonts/Roboto-BoldCondensed.ttf' (158K)
[2017.04.28-16.27.31:962][267]LogSlate: Took 0.168429 seconds to synchronously load lazily loaded font '../../../Engine/Content/Editor/Slate/Fonts/Roboto-Italic.ttf' (157K)
[2017.04.28-16.28.05:358][278]Recompiling BattleTank...
[2017.04.28-16.28.05:358][278]Launching UnrealBuildTool... [C:/Program Files/Epic Games/UE_4.15/Engine/Binaries/DotNET/UnrealBuildTool.exe BattleTank -ModuleWithSuffix BattleTank 1943 Win64 Development -editorrecompile -canskiplink "C:/Users/Sarah/Documents/Unreal Projects/04_BattleTank/BattleTank/BattleTank.uproject" ]
[2017.04.28-16.28.05:361][278]Warning: Starting HotReload took  0.1s.
[2017.04.28-16.28.38:286][298]CompilerResultsLog: New page: Compilation - Apr 28, 2017, 6:28:38 PM
[2017.04.28-16.28.38:287][298]CompilerResultsLog: Info Compiling game modules for hot reload
[2017.04.28-16.28.38:287][298]CompilerResultsLog: Info Parsing headers for BattleTankEditor
[2017.04.28-16.28.38:287][298]CompilerResultsLog: Info   Running UnrealHeaderTool "C:\Users\Sarah\Documents\Unreal Projects\04_BattleTank\BattleTank\BattleTank.uproject" "C:\Users\Sarah\Documents\Unreal Projects\04_BattleTank\BattleTank\Intermediate\Build\Win64\BattleTankEditor\Development\BattleTankEditor.uhtmanifest" -LogCmds="loginit warning, logexit warning, logdatabase error" -Unattended -WarningsAsErrors -installed
[2017.04.28-16.28.38:288][298]CompilerResultsLog: Info Reflection code generated for BattleTankEditor in 16.6399292 seconds
[2017.04.28-16.28.38:288][298]CompilerResultsLog: Info Performing 6 actions (4 in parallel)
[2017.04.28-16.28.38:288][298]CompilerResultsLog: Info BattleTank.generated.cpp
[2017.04.28-16.28.38:288][298]CompilerResultsLog: Info TankPlayerController.cpp
[2017.04.28-16.28.38:288][298]CompilerResultsLog: Info TankAIController.cpp
[2017.04.28-16.28.38:288][298]CompilerResultsLog: Info TankAimingComponent.cpp
[2017.04.28-16.28.38:288][298]CompilerResultsLog: Info [5/6] Link UE4Editor-BattleTank-1943.dll
[2017.04.28-16.28.38:288][298]CompilerResultsLog: Info [6/6] Link UE4Editor-BattleTank-1943.lib
[2017.04.28-16.28.38:289][298]CompilerResultsLog: Info    Creating library C:\Users\Sarah\Documents\Unreal Projects\04_BattleTank\BattleTank\Intermediate\Build\Win64\UE4Editor\Development\UE4Editor-BattleTank-1943.lib and object C:\Users\Sarah\Documents\Unreal Projects\04_BattleTank\BattleTank\Intermediate\Build\Win64\UE4Editor\Development\UE4Editor-BattleTank-1943.exp
[2017.04.28-16.28.38:289][298]CompilerResultsLog: Info    Creating library C:\Users\Sarah\Documents\Unreal Projects\04_BattleTank\BattleTank\Intermediate\Build\Win64\UE4Editor\Development\UE4Editor-BattleTank-1943.suppressed.lib and object C:\Users\Sarah\Documents\Unreal Projects\04_BattleTank\BattleTank\Intermediate\Build\Win64\UE4Editor\Development\UE4Editor-BattleTank-1943.suppressed.exp
[2017.04.28-16.28.38:289][298]CompilerResultsLog: Info Total build time: 32.55 seconds (Local executor: 14.04 seconds)
[2017.04.28-16.28.38:290][298]LogMainFrame: MainFrame: Module compiling took 32.942 seconds
[2017.04.28-16.28.38:547][298]LogClass: Could not find existing class TankAimingComponent in package /Script/BattleTank for HotReload, assuming new class
[2017.04.28-16.28.38:547][298]LogClass: Function Initialise is new.
[2017.04.28-16.28.38:559][298]LogHotReload: Re-instancing TankAimingComponent after hot-reload.
[2017.04.28-16.28.38:696][298]LogContentBrowser: Native class hierarchy updated for 'BattleTank' in 0.0038 seconds. Added 11 classes and 3 folders.
[2017.04.28-16.28.38:698][298]Display: HotReload successful (4 functions remapped  0 scriptstructs remapped)
[2017.04.28-16.28.39:124][298]LogContentBrowser: Native class hierarchy populated in 0.0143 seconds. Added 2257 classes and 457 folders.
[2017.04.28-16.28.39:125][298]Display: HotReload took 33.8s.
[2017.04.28-16.28.40:995][356]LogAIModule: Creating AISystem for world MainMenu
[2017.04.28-16.28.41:055][356]Cmd: MAP LOAD FILE="../../../../../../Users/Sarah/Documents/Unreal Projects/04_BattleTank/BattleTank/Content/Levels/MainMenu.umap" TEMPLATE=0 SHOWPROGRESS=1 FEATURELEVEL=3
[2017.04.28-16.28.41:056][356]LightingResults: New page: Lighting Build
[2017.04.28-16.28.41:058][356]LoadErrors: New page: Loading map: MainMenu.umap
[2017.04.28-16.28.41:061][356]MapCheck: New page: Map Check
[2017.04.28-16.28.41:061][356]LightingResults: New page: Lighting Build
[2017.04.28-16.28.41:113][356]LogEditorServer: Finished looking for orphan Actors (0.000 secs)
[2017.04.28-16.28.41:156][356]Cmd: MAP CHECKDEP NOCLEARLOG
[2017.04.28-16.28.41:224][356]MapCheck: Info Map check complete: 0 Error(s), 0 Warning(s), took 68.408ms to complete.
[2017.04.28-16.28.41:226][356]LogFileHelpers: Loading map 'MainMenu' took 0.174
[2017.04.28-16.28.42:050][394]LogTemp: Repeting last play command: Selected Viewport
[2017.04.28-16.28.42:089][394]LogBlueprintUserMessages: Early PlayInEditor Detection: Level '/Game/Levels/MainMenu.MainMenu:PersistentLevel' has LevelScriptBlueprint '/Game/Levels/MainMenu.MainMenu:PersistentLevel.MainMenu' with GeneratedClass '/Game/Levels/MainMenu.MainMenu_C' with ClassGeneratedBy '/Game/Levels/MainMenu.MainMenu:PersistentLevel.MainMenu'
[2017.04.28-16.28.42:091][394]LogPlayLevel: PlayLevel: No blueprints needed recompiling
[2017.04.28-16.28.47:593][492]LogSlate: Took 0.004800 seconds to synchronously load lazily loaded font '../../../Engine/Content/Slate/Fonts/Roboto-Light.ttf' (159K)
[2017.04.28-16.29.01:357][987]BlueprintLog: New page: Compile PlayerUI
[2017.04.28-16.29.01:381][987]LogBlueprint:Error: [Compiler PlayerUI] Error Default value 'Locked' for  Index  is invalid: 'Expected a valid unsigned number for a byte property'
[2017.04.28-16.29.01:594][987]BlueprintEditorCompileResults:Error: Error Default value 'Locked' for  Index  is invalid: 'Expected a valid unsigned number for a byte property'
[2017.04.28-16.29.01:595][987]LogBlueprint:Warning: [Compiler PlayerUI] Warning [0127.13] Compile of PlayerUI failed. 1 Fatal Issue(s) 0 Warning(s) [in 238 ms] (/Game/UI/PlayerUI.PlayerUI)
[2017.04.28-16.29.06:320][159]LogEditorTransaction: Undo Delete current selection
[2017.04.28-16.29.40:877][460]Cmd: OBJ SAVEPACKAGE PACKAGE="/Game/UI/PlayerUI" FILE="../../../../../../Users/Sarah/Documents/Unreal Projects/04_BattleTank/BattleTank/Content/UI/PlayerUI.uasset" SILENT=true
[2017.04.28-16.29.40:958][460]LogSavePackage: Save=40.19ms
[2017.04.28-16.29.40:958][460]LogSavePackage: Moving '../../../../../../Users/Sarah/Documents/Unreal Projects/04_BattleTank/BattleTank/Saved/PlayerUIDAAD87AB4854B94DC9D1A99543B91B41.tmp' to '../../../../../../Users/Sarah/Documents/Unreal Projects/04_BattleTank/BattleTank/Content/UI/PlayerUI.uasset'
[2017.04.28-16.29.40:965][460]LogSavePackage:Display: Finished SavePackage ../../../../../../Users/Sarah/Documents/Unreal Projects/04_BattleTank/BattleTank/Content/UI/PlayerUI.uasset
[2017.04.28-16.29.42:095][500]BlueprintLog: New page: Compile PlayerUI
[2017.04.28-16.29.49:530][809]LogTemp: Repeting last play command: Selected Viewport
[2017.04.28-16.29.49:565][809]LogBlueprintUserMessages: Early PlayInEditor Detection: Level '/Game/Levels/MainMenu.MainMenu:PersistentLevel' has LevelScriptBlueprint '/Game/Levels/MainMenu.MainMenu:PersistentLevel.MainMenu' with GeneratedClass '/Game/Levels/MainMenu.MainMenu_C' with ClassGeneratedBy '/Game/Levels/MainMenu.MainMenu:PersistentLevel.MainMenu'
[2017.04.28-16.29.49:565][809]LogPlayLevel: PlayLevel: No blueprints needed recompiling
[2017.04.28-16.29.49:572][809]PIE: New page: PIE session: MainMenu (Apr 28, 2017, 6:29:49 PM)
[2017.04.28-16.29.49:573][809]LogPlayLevel: Creating play world package: /Game/Levels/UEDPIE_0_MainMenu
[2017.04.28-16.29.49:577][809]LogPlayLevel: PIE: StaticDuplicateObject took: (0.003546s)
[2017.04.28-16.29.49:577][809]LogAIModule: Creating AISystem for world MainMenu
[2017.04.28-16.29.49:578][809]LogPlayLevel: PIE: World Init took: (0.000935s)
[2017.04.28-16.29.49:578][809]LogPlayLevel: PIE: Created PIE world by copying editor world from /Game/Levels/MainMenu.MainMenu to /Game/Levels/UEDPIE_0_MainMenu.MainMenu (0.005387s)
[2017.04.28-16.29.49:605][809]LogInit: XAudio2 using 'Speakers (2- High Definition Audio Device)' : 2 channels at 44.1 kHz using 16 bits per sample (channel mask 0x3)
[2017.04.28-16.29.49:615][809]LogInit: FAudioDevice initialized.
[2017.04.28-16.29.49:681][809]LogLoad: Game class is 'GameModeBase'
[2017.04.28-16.29.49:683][809]LogWorld: Bringing World /Game/Levels/UEDPIE_0_MainMenu.MainMenu up for play (max tick rate 0) at 2017.04.28-17.29.49
[2017.04.28-16.29.49:684][809]LogWorld: Bringing up level for play took: 0.002243
[2017.04.28-16.29.49:765][809]LogContentBrowser: Native class hierarchy updated for 'MovieSceneCapture' in 0.0036 seconds. Added 11 classes and 0 folders.
[2017.04.28-16.29.49:776][809]PIE: Info Play in editor start time for /Game/Levels/UEDPIE_0_MainMenu -0.633
[2017.04.28-16.29.49:776][809]LogBlueprintUserMessages: Late PlayInEditor Detection: Level '/Game/Levels/MainMenu.MainMenu:PersistentLevel' has LevelScriptBlueprint '/Game/Levels/MainMenu.MainMenu:PersistentLevel.MainMenu' with GeneratedClass '/Game/Levels/MainMenu.MainMenu_C' with ClassGeneratedBy '/Game/Levels/MainMenu.MainMenu:PersistentLevel.MainMenu'
[2017.04.28-16.29.51:347][914]LogBlueprintUserMessages: Early EndPlayMap Detection: Level '/Game/Levels/MainMenu.MainMenu:PersistentLevel' has LevelScriptBlueprint '/Game/Levels/MainMenu.MainMenu:PersistentLevel.MainMenu' with GeneratedClass '/Game/Levels/MainMenu.MainMenu_C' with ClassGeneratedBy '/Game/Levels/MainMenu.MainMenu:PersistentLevel.MainMenu'
[2017.04.28-16.29.51:401][914]LogBlueprintUserMessages: Late EndPlayMap Detection: Level '/Game/Levels/MainMenu.MainMenu:PersistentLevel' has LevelScriptBlueprint '/Game/Levels/MainMenu.MainMenu:PersistentLevel.MainMenu' with GeneratedClass '/Game/Levels/MainMenu.MainMenu_C' with ClassGeneratedBy '/Game/Levels/MainMenu.MainMenu:PersistentLevel.MainMenu'
[2017.04.28-16.29.57:103][170]LogAIModule: Creating AISystem for world BattleGround
[2017.04.28-16.29.57:139][170]Cmd: MAP LOAD FILE="../../../../../../Users/Sarah/Documents/Unreal Projects/04_BattleTank/BattleTank/Content/Levels/BattleGround.umap" TEMPLATE=0 SHOWPROGRESS=1 FEATURELEVEL=3
[2017.04.28-16.29.57:139][170]LightingResults: New page: Lighting Build
[2017.04.28-16.29.57:142][170]LoadErrors: New page: Loading map: BattleGround.umap
[2017.04.28-16.29.57:143][170]MapCheck: New page: Map Check
[2017.04.28-16.29.57:143][170]LightingResults: New page: Lighting Build
[2017.04.28-16.29.57:465][170]LogEditorServer: Finished looking for orphan Actors (0.000 secs)
[2017.04.28-16.29.57:506][170]Cmd: MAP CHECKDEP NOCLEARLOG
[2017.04.28-16.29.57:575][170]MapCheck: Info Map check complete: 0 Error(s), 0 Warning(s), took 68.23ms to complete.
[2017.04.28-16.29.57:575][170]LogFileHelpers: Loading map 'BattleGround' took 0.438
[2017.04.28-16.30.13:557][630]LogStats: FPlatformStackWalk::StackWalkAndDump -  0.414 s
[2017.04.28-16.30.13:557][630]LogOutputDevice:Error: === Handled ensure: ===
[2017.04.28-16.30.13:557][630]LogOutputDevice:Error: 
[2017.04.28-16.30.13:557][630]LogOutputDevice:Error: Ensure condition failed: GetPawn() [File:C:\Users\Sarah\Documents\Unreal Projects\04_BattleTank\BattleTank\Source\BattleTank\Private\TankPlayerController.cpp] [Line: 33]
[2017.04.28-16.30.13:558][630]LogOutputDevice:Error: 
[2017.04.28-16.30.13:558][630]LogOutputDevice:Error: Stack: 
[2017.04.28-16.30.13:558][630]LogOutputDevice:Error: UE4Editor-Core.dll!0x000000009F3595D6
[2017.04.28-16.30.13:558][630]LogOutputDevice:Error: UE4Editor-Core.dll!0x000000009F109B72
[2017.04.28-16.30.13:558][630]LogOutputDevice:Error: UE4Editor-Core.dll!0x000000009F11B656
[2017.04.28-16.30.13:558][630]LogOutputDevice:Error: UE4Editor-BattleTank-1943.dll!ATankPlayerController::AimTowardsCrosshair() [c:\users\sarah\documents\unreal projects\04_battletank\battletank\source\battletank\private\tankplayercontroller.cpp:33]
[2017.04.28-16.30.13:559][630]LogOutputDevice:Error: UE4Editor-Engine.dll!0x00000000993233CC
[2017.04.28-16.30.13:559][630]LogOutputDevice:Error: UE4Editor-Engine.dll!0x000000009869AA2E
[2017.04.28-16.30.13:559][630]LogOutputDevice:Error: UE4Editor-Engine.dll!0x000000009961F62D
[2017.04.28-16.30.13:559][630]LogOutputDevice:Error: UE4Editor-Engine.dll!0x00000000996252FD
[2017.04.28-16.30.13:559][630]LogOutputDevice:Error: UE4Editor-Core.dll!0x000000009EFDD83D
[2017.04.28-16.30.13:559][630]LogOutputDevice:Error: UE4Editor-Core.dll!0x000000009EFDDC5D
[2017.04.28-16.30.13:559][630]LogOutputDevice:Error: UE4Editor-Core.dll!0x000000009EFFCCDB
[2017.04.28-16.30.13:559][630]LogOutputDevice:Error: UE4Editor-Engine.dll!0x0000000099649051
[2017.04.28-16.30.13:559][630]LogOutputDevice:Error: UE4Editor-Engine.dll!0x00000000996598D2
[2017.04.28-16.30.13:559][630]LogOutputDevice:Error: UE4Editor-Engine.dll!0x0000000098F87B44
[2017.04.28-16.30.13:559][630]LogOutputDevice:Error: UE4Editor-Engine.dll!0x0000000098F8FC6B
[2017.04.28-16.30.13:560][630]LogOutputDevice:Error: UE4Editor-Kismet.dll!0x0000000096CB53A9
[2017.04.28-16.30.13:560][630]LogOutputDevice:Error: UE4Editor-UnrealEd.dll!0x000000009D597095
[2017.04.28-16.30.13:560][630]LogOutputDevice:Error: UE4Editor-UnrealEd.dll!0x000000009DDA1AD6
[2017.04.28-16.30.13:560][630]LogOutputDevice:Error: UE4Editor.exe!0x00000000C875DEE3
[2017.04.28-16.30.13:560][630]LogOutputDevice:Error: UE4Editor.exe!0x00000000C874EB40
[2017.04.28-16.30.13:560][630]LogOutputDevice:Error: UE4Editor.exe!0x00000000C874EBBA
[2017.04.28-16.30.13:560][630]LogOutputDevice:Error: UE4Editor.exe!0x00000000C8760A29
[2017.04.28-16.30.13:560][630]LogOutputDevice:Error: UE4Editor.exe!0x00000000C87622B6
[2017.04.28-16.30.13:560][630]LogOutputDevice:Error: KERNEL32.DLL!0x00000000E12A8364
[2017.04.28-16.30.13:560][630]LogOutputDevice:Error: ntdll.dll!0x00000000E18470D1
[2017.04.28-16.30.13:560][630]LogOutputDevice:Error: 
[2017.04.28-16.30.13:567][630]LogStats:                SubmitErrorReport -  0.000 s
[2017.04.28-16.30.14:222][630]LogStats:                    SendNewReport -  0.655 s
[2017.04.28-16.30.14:222][630]LogStats:             FDebug::EnsureFailed -  1.083 s
[2017.04.28-16.31.07:778][  6]BlueprintLog: New page: Compile Tank_BP
[2017.04.28-16.31.08:670][ 22]Cmd: OBJ SAVEPACKAGE PACKAGE="/Game/Tank/Tank_BP" FILE="../../../../../../Users/Sarah/Documents/Unreal Projects/04_BattleTank/BattleTank/Content/Tank/Tank_BP.uasset" SILENT=true
[2017.04.28-16.31.08:761][ 22]LogSavePackage: Save=57.81ms
[2017.04.28-16.31.08:761][ 22]LogSavePackage: Moving '../../../../../../Users/Sarah/Documents/Unreal Projects/04_BattleTank/BattleTank/Saved/Tank_BP961B421B494273E0BEE7D886C293B6BA.tmp' to '../../../../../../Users/Sarah/Documents/Unreal Projects/04_BattleTank/BattleTank/Content/Tank/Tank_BP.uasset'
[2017.04.28-16.31.08:765][ 22]LogSavePackage:Display: Finished SavePackage ../../../../../../Users/Sarah/Documents/Unreal Projects/04_BattleTank/BattleTank/Content/Tank/Tank_BP.uasset
[2017.04.28-16.31.34:482][686]BlueprintLog: New page: Compile Tank_BP
[2017.04.28-16.31.35:163][698]Cmd: OBJ SAVEPACKAGE PACKAGE="/Game/Tank/Tank_BP" FILE="../../../../../../Users/Sarah/Documents/Unreal Projects/04_BattleTank/BattleTank/Content/Tank/Tank_BP.uasset" SILENT=true
[2017.04.28-16.31.35:252][698]LogSavePackage: Save=59.41ms
[2017.04.28-16.31.35:252][698]LogSavePackage: Moving '../../../../../../Users/Sarah/Documents/Unreal Projects/04_BattleTank/BattleTank/Saved/Tank_BPBF9BD62F4D3D82C67BF3568F08CA8A15.tmp' to '../../../../../../Users/Sarah/Documents/Unreal Projects/04_BattleTank/BattleTank/Content/Tank/Tank_BP.uasset'
[2017.04.28-16.31.35:258][698]LogSavePackage:Display: Finished SavePackage ../../../../../../Users/Sarah/Documents/Unreal Projects/04_BattleTank/BattleTank/Content/Tank/Tank_BP.uasset
[2017.04.28-16.35.53:763][110]Recompiling BattleTank...
[2017.04.28-16.35.53:763][110]Launching UnrealBuildTool... [C:/Program Files/Epic Games/UE_4.15/Engine/Binaries/DotNET/UnrealBuildTool.exe BattleTank -ModuleWithSuffix BattleTank 1390 Win64 Development -editorrecompile -canskiplink "C:/Users/Sarah/Documents/Unreal Projects/04_BattleTank/BattleTank/BattleTank.uproject" ]
[2017.04.28-16.35.53:769][110]Warning: Starting HotReload took  0.1s.
[2017.04.28-16.35.55:959][180]CompilerResultsLog: New page: Compilation - Apr 28, 2017, 6:35:55 PM
[2017.04.28-16.35.55:959][180]CompilerResultsLog: Info Compiling game modules for hot reload
[2017.04.28-16.35.55:959][180]CompilerResultsLog: Info Target is up to date
[2017.04.28-16.35.55:959][180]CompilerResultsLog: Info Total build time: 1.79 seconds (NoActionsToExecute executor: 0.00 seconds)
[2017.04.28-16.35.55:960][180]LogMainFrame: MainFrame: Module compiling took 2.203 seconds
[2017.04.28-16.35.56:353][180]LogContentBrowser: Native class hierarchy populated in 0.0141 seconds. Added 2257 classes and 457 folders.
[2017.04.28-16.35.56:354][180]Display: HotReload took  2.7s.
[2017.04.28-16.35.58:837][262]LogTemp: Repeting last play command: Selected Viewport
[2017.04.28-16.35.58:859][262]LogBlueprintUserMessages: Early PlayInEditor Detection: Level '/Game/Levels/BattleGround.BattleGround:PersistentLevel' has LevelScriptBlueprint '/Game/Levels/BattleGround.BattleGround:PersistentLevel.BattleGround' with GeneratedClass '/Game/Levels/BattleGround.BattleGround_C' with ClassGeneratedBy '/Game/Levels/BattleGround.BattleGround:PersistentLevel.BattleGround'
[2017.04.28-16.35.58:859][262]LogPlayLevel: PlayLevel: No blueprints needed recompiling
[2017.04.28-16.35.58:859][262]PIE: New page: PIE session: BattleGround (Apr 28, 2017, 6:35:58 PM)
[2017.04.28-16.35.58:859][262]LogPlayLevel: Creating play world package: /Game/Levels/UEDPIE_0_BattleGround
[2017.04.28-16.35.58:908][262]LogPlayLevel: PIE: StaticDuplicateObject took: (0.049018s)
[2017.04.28-16.35.58:909][262]LogAIModule: Creating AISystem for world BattleGround
[2017.04.28-16.35.58:909][262]LogPlayLevel: PIE: World Init took: (0.000864s)
[2017.04.28-16.35.58:909][262]LogPlayLevel: PIE: Created PIE world by copying editor world from /Game/Levels/BattleGround.BattleGround to /Game/Levels/UEDPIE_0_BattleGround.BattleGround (0.050166s)
[2017.04.28-16.35.58:966][262]LogInit: XAudio2 using 'Speakers (2- High Definition Audio Device)' : 2 channels at 44.1 kHz using 16 bits per sample (channel mask 0x3)
[2017.04.28-16.35.58:974][262]LogInit: FAudioDevice initialized.
[2017.04.28-16.35.59:008][262]LogLoad: Game class is 'BattleTankGameMode_BP_C'
[2017.04.28-16.35.59:015][262]LogWorld: Bringing World /Game/Levels/UEDPIE_0_BattleGround.BattleGround up for play (max tick rate 0) at 2017.04.28-17.35.59
[2017.04.28-16.35.59:022][262]LogWorld: Bringing up level for play took: 0.012374
[2017.04.28-16.35.59:029][262]PIE: Info Play in editor start time for /Game/Levels/UEDPIE_0_BattleGround 0.62
[2017.04.28-16.35.59:029][262]LogBlueprintUserMessages: Late PlayInEditor Detection: Level '/Game/Levels/BattleGround.BattleGround:PersistentLevel' has LevelScriptBlueprint '/Game/Levels/BattleGround.BattleGround:PersistentLevel.BattleGround' with GeneratedClass '/Game/Levels/BattleGround.BattleGround_C' with ClassGeneratedBy '/Game/Levels/BattleGround.BattleGround:PersistentLevel.BattleGround'
