Log file open, 04/27/17 21:42:40
LogInit:Display: Running engine for game: BattleTank
LogPlatformFile: Not using cached read wrapper
LogInit:Display: RandInit(-1773340393) SRandInit(-1773340392).
LogTaskGraph: Started task graph with 5 named threads and 8 total threads with 1 sets of task threads.
LogStats: Stats thread started at 0.087318
LogInit: Using libcurl 7.47.1
LogInit:  - built for x86_64-pc-win32
LogInit:  - supports SSL with OpenSSL/1.0.2g
LogInit:  - supports HTTP deflate (compression) using libz 1.2.8
LogInit:  - other features:
LogInit:      CURL_VERSION_SSL
LogInit:      CURL_VERSION_LIBZ
LogInit:      CURL_VERSION_IPV6
LogInit:      CURL_VERSION_ASYNCHDNS
LogInit:      CURL_VERSION_LARGEFILE
LogInit:      CURL_VERSION_IDN
LogInit:  CurlRequestOptions (configurable via config and command line):
LogInit:  - bVerifyPeer = false  - Libcurl will NOT verify peer certificate
LogInit:  - bUseHttpProxy = false  - Libcurl will NOT use HTTP proxy
LogInit:  - bDontReuseConnections = false  - Libcurl will reuse connections
LogInit:  - CertBundlePath = nullptr  - Libcurl will use whatever was configured at build time.
LogInit: Build: ++UE4+Release-4.15-CL-3299760
LogInit: Engine Version: 4.15.0-3299760+++UE4+Release-4.15
LogInit: Compatible Engine Version: 4.15.0-3299760+++UE4+Release-4.15
LogInit: Net CL: 3299760
LogDevObjectVersion: Number of dev versions registered: 14
LogDevObjectVersion:   Dev-Blueprints (B0D832E4-1F89-4F0D-ACCF-7EB736FD4AA2): 8
LogDevObjectVersion:   Dev-Build (E1C64328-A22C-4D53-A36C-8E866417BD8C): 0
LogDevObjectVersion:   Dev-Core (375EC13C-06E4-48FB-B500-84F0262A717E): 2
LogDevObjectVersion:   Dev-Editor (E4B068ED-F494-42E9-A231-DA0B2E46BB41): 14
LogDevObjectVersion:   Dev-Framework (CFFC743F-43B0-4480-9391-14DF171D2073): 22
LogDevObjectVersion:   Dev-Mobile (B02B49B5-BB20-44E9-A304-32B752E40360): 0
LogDevObjectVersion:   Dev-Networking (A4E4105C-59A1-49B5-A7C5-40C4547EDFEE): 0
LogDevObjectVersion:   Dev-Online (39C831C9-5AE6-47DC-9A44-9C173E1C8E7C): 0
LogDevObjectVersion:   Dev-Physics (78F01B33-EBEA-4F98-B9B4-84EACCB95AA2): 0
LogDevObjectVersion:   Dev-Platform (6631380F-2D4D-43E0-8009-CF276956A95A): 0
LogDevObjectVersion:   Dev-Rendering (12F88B9F-8875-4AFC-A67C-D90C383ABD29): 12
LogDevObjectVersion:   Dev-Sequencer (7B5AE74C-D270-4C10-A958-57980B212A5A): 3
LogDevObjectVersion:   Dev-VR (D7296918-1DD6-4BDD-9DE2-64A83CC13884): 0
LogDevObjectVersion:   Dev-LoadTimes (C2A15278-BFE7-4AFE-6C17-90FF531DF755): 1
LogInit: Compiled (64-bit): Feb 14 2017 02:04:14
LogInit: Compiled with Visual C++: 19.00.23026.00
LogInit: Build Configuration: Development
LogInit: Branch Name: ++UE4+Release-4.15
LogInit: Command line: -EpicPortal 
LogInit: Base directory: C:/Program Files/Epic Games/UE_4.15/Engine/Binaries/Win64/
LogInit: Installed Engine Build: 1
LogInit: Presizing for max 8388607 objects, including 0 objects not considered by GC, pre-allocating 0 bytes for permanent pool.
LogInit: Object subsystem initialized
[2017.04.27-20.42.42:134][  0]LogInit: Selected Device Profile: [Windows]
[2017.04.27-20.42.42:134][  0]LogInit: Applying CVar settings loaded from the selected device profile: [Windows]
[2017.04.27-20.42.42:149][  0]LogInit: Computer: DESKTOP-0PEK566
[2017.04.27-20.42.42:149][  0]LogInit: User: Sarah
[2017.04.27-20.42.42:149][  0]LogInit: CPU Page size=65536, Cores=4
[2017.04.27-20.42.42:149][  0]LogInit: High frequency timer resolution =2.143576 MHz
[2017.04.27-20.42.42:149][  0]LogMemory: Memory total: Physical=7.9GB (8GB approx)
[2017.04.27-20.42.42:149][  0]LogMemory: Platform Memory Stats for Windows
[2017.04.27-20.42.42:149][  0]LogMemory: Process Physical Memory: 263.82 MB used, 263.82 MB peak
[2017.04.27-20.42.42:149][  0]LogMemory: Process Virtual Memory: 262.50 MB used, 262.50 MB peak
[2017.04.27-20.42.42:149][  0]LogMemory: Physical Memory: 4122.64 MB used,  3961.64 MB free, 8084.27 MB total
[2017.04.27-20.42.42:149][  0]LogMemory: Virtual Memory: 644.18 MB used,  3961.64 MB free, 134217728.00 MB total
[2017.04.27-20.42.42:274][  0]LogTextLocalizationManager: No specific translations for ('en-US') exist, so ('en') translations will be used.
[2017.04.27-20.42.43:004][  0]LogD3D11RHI: D3D11 adapters:
[2017.04.27-20.42.43:062][  0]LogD3D11RHI:    0. 'AMD Radeon HD 7600M Series' (Feature Level 11_0)
[2017.04.27-20.42.43:062][  0]LogD3D11RHI:       1004/0/3840 MB DedicatedVideo/DedicatedSystem/SharedSystem, Outputs:1, VendorId:0x1002
[2017.04.27-20.42.43:066][  0]LogD3D11RHI:    1. 'Intel(R) HD Graphics 4000' (Feature Level 11_0)
[2017.04.27-20.42.43:066][  0]LogD3D11RHI:       32/0/1760 MB DedicatedVideo/DedicatedSystem/SharedSystem, Outputs:0, VendorId:0x8086
[2017.04.27-20.42.43:067][  0]LogD3D11RHI:    2. 'Microsoft Basic Render Driver' (Feature Level 11_0)
[2017.04.27-20.42.43:067][  0]LogD3D11RHI:       0/0/4042 MB DedicatedVideo/DedicatedSystem/SharedSystem, Outputs:0, VendorId:0x1414
[2017.04.27-20.42.43:067][  0]LogD3D11RHI: Chosen D3D11 Adapter: 0
[2017.04.27-20.42.43:081][  0]LogD3D11RHI: Creating new Direct3DDevice
[2017.04.27-20.42.43:081][  0]LogD3D11RHI:     GPU DeviceId: 0x6840 (for the marketing name, search the web for "GPU Device Id")
[2017.04.27-20.42.43:081][  0]LogWindows: EnumDisplayDevices:
[2017.04.27-20.42.43:082][  0]LogWindows:    0. 'Intel(R) HD Graphics 4000' (P:1 D:1)
[2017.04.27-20.42.43:082][  0]LogWindows:    1. 'Intel(R) HD Graphics 4000' (P:0 D:0)
[2017.04.27-20.42.43:082][  0]LogWindows:    2. 'Intel(R) HD Graphics 4000' (P:0 D:0)
[2017.04.27-20.42.43:082][  0]LogWindows: DebugString: PrimaryIsNotTheChoosenAdapter PrimaryIsNotTheChoosenAdapter PrimaryIsNotTheChoosenAdapter FoundDriverCount:0 
[2017.04.27-20.42.43:082][  0]LogD3D11RHI:     Adapter Name: AMD Radeon HD 7600M Series
[2017.04.27-20.42.43:082][  0]LogD3D11RHI:   Driver Version: Unknown (internal:Unknown, unified:Unknown)
[2017.04.27-20.42.43:082][  0]LogD3D11RHI:      Driver Date: Unknown
[2017.04.27-20.42.43:082][  0]LogRHI: Texture pool is 702 MB (70% of 1004 MB)
[2017.04.27-20.42.43:091][  0]LogD3D11RHI: AMD Pre GCN architecture detected, some driver workarounds will be in place
[2017.04.27-20.42.43:098][  0]LogD3D11RHI: Async texture creation enabled
[2017.04.27-20.42.43:110][  0]LogD3D11RHI: GPU Timing Frequency: 27.000000 (Debug: 2 1)
[2017.04.27-20.42.43:111][  0]LogShaderCompilers: Guid format shader working directory is -35 characters bigger than the processId version (../../../../../../Users/Sarah/Documents/Unreal Projects/04_BattleTank/BattleTank/Intermediate/Shaders/WorkingDirectory/96968/).
[2017.04.27-20.42.43:111][  0]LogShaderCompilers: Cleaned the shader compiler working directory 'C:/Users/Sarah/AppData/Local/Temp/UnrealShaderWorkingDir/F6CDCB6C491EFD32325F61965C5F0E58/'.
[2017.04.27-20.42.43:111][  0]LogShaderCompilers:Display: Using Local Shader Compiler.
[2017.04.27-20.42.44:449][  0]LogTemp:Display: Loaded TP AllDesktopTargetPlatform
[2017.04.27-20.42.44:525][  0]LogTemp:Display: Loaded TP MacClientTargetPlatform
[2017.04.27-20.42.44:603][  0]LogTemp:Display: Loaded TP MacNoEditorTargetPlatform
[2017.04.27-20.42.44:699][  0]LogTemp:Display: Loaded TP MacServerTargetPlatform
[2017.04.27-20.42.44:778][  0]LogTemp:Display: Loaded TP MacTargetPlatform
[2017.04.27-20.42.44:852][  0]LogTemp:Display: Loaded TP WindowsClientTargetPlatform
[2017.04.27-20.42.44:928][  0]LogTemp:Display: Loaded TP WindowsNoEditorTargetPlatform
[2017.04.27-20.42.45:006][  0]LogTemp:Display: Loaded TP WindowsServerTargetPlatform
[2017.04.27-20.42.45:068][  0]LogTemp:Display: Loaded TP WindowsTargetPlatform
[2017.04.27-20.42.45:143][  0]LogTemp:Display: Loaded TP AndroidTargetPlatform
[2017.04.27-20.42.45:217][  0]LogTemp:Display: Loaded TP Android_ASTCTargetPlatform
[2017.04.27-20.42.45:291][  0]LogTemp:Display: Loaded TP Android_ATCTargetPlatform
[2017.04.27-20.42.45:366][  0]LogTemp:Display: Loaded TP Android_DXTTargetPlatform
[2017.04.27-20.42.45:441][  0]LogTemp:Display: Loaded TP Android_ETC1TargetPlatform
[2017.04.27-20.42.45:514][  0]LogTemp:Display: Loaded TP Android_ETC2TargetPlatform
[2017.04.27-20.42.45:663][  0]LogTemp:Display: Loaded TP Android_MultiTargetPlatform
[2017.04.27-20.42.45:663][  0]LogTemp:Display: Loaded TP Android_PVRTCTargetPlatform
[2017.04.27-20.42.45:716][  0]LogTemp:Display: Loaded TP HTML5TargetPlatform
[2017.04.27-20.42.45:865][  0]LogTemp:Display: Loaded TP IOSTargetPlatform
[2017.04.27-20.42.45:922][  0]LogTemp:Display: Loaded TP TVOSTargetPlatform
[2017.04.27-20.42.46:003][  0]LogTemp:Display: Loaded TP LinuxClientTargetPlatform
[2017.04.27-20.42.46:079][  0]LogTemp:Display: Loaded TP LinuxNoEditorTargetPlatform
[2017.04.27-20.42.46:155][  0]LogTemp:Display: Loaded TP LinuxServerTargetPlatform
[2017.04.27-20.42.46:231][  0]LogTemp:Display: Loaded TP LinuxTargetPlatform
[2017.04.27-20.42.46:231][  0]LogTargetPlatformManager:Display: Building Assets For Windows
[2017.04.27-20.42.46:915][  0]LogDerivedDataCache:Display: Max Cache Size: 512 MB
[2017.04.27-20.42.46:972][  0]LogDerivedDataCache: Loaded boot cache 0.06s 50MB C:/Users/Sarah/AppData/Local/UnrealEngine/4.15/DerivedDataCache/Boot.ddc.
[2017.04.27-20.42.46:972][  0]LogDerivedDataCache:Display: Loaded Boot cache: C:/Users/Sarah/AppData/Local/UnrealEngine/4.15/DerivedDataCache/Boot.ddc
[2017.04.27-20.42.46:972][  0]LogDerivedDataCache: FDerivedDataBackendGraph:  Pak pak cache file ../../../../../../Users/Sarah/Documents/Unreal Projects/04_BattleTank/BattleTank/DerivedDataCache/DDC.ddp not found, will not use a pak cache.
[2017.04.27-20.42.46:972][  0]LogDerivedDataCache: Unable to find inner node Pak for hierarchical cache Hierarchy.
[2017.04.27-20.42.46:972][  0]LogDerivedDataCache: FDerivedDataBackendGraph:  CompressedPak pak cache file ../../../../../../Users/Sarah/Documents/Unreal Projects/04_BattleTank/BattleTank/DerivedDataCache/Compressed.ddp not found, will not use a pak cache.
[2017.04.27-20.42.46:972][  0]LogDerivedDataCache: Unable to find inner node CompressedPak for hierarchical cache Hierarchy.
[2017.04.27-20.42.46:997][  0]LogDerivedDataCache:Display: Pak cache opened for reading ../../../Engine/DerivedDataCache/Compressed.ddp.
[2017.04.27-20.42.47:010][  0]LogDerivedDataCache: Using Local data cache path C:/Users/Sarah/AppData/Local/UnrealEngine/Common/DerivedDataCache: Writable
[2017.04.27-20.42.47:021][  0]LogSlate: Using Freetype 2.6.0
[2017.04.27-20.42.47:022][  0]LogSlate: SlateFontCache - WITH_FREETYPE: 1, WITH_HARFBUZZ: 1
[2017.04.27-20.42.47:022][  0]LogSlate: SlateFontCache - WITH_FREETYPE: 1, WITH_HARFBUZZ: 1
[2017.04.27-20.42.47:417][  0]LogInit: Selected Device Profile: [Windows]
[2017.04.27-20.42.47:421][  0]LogContentStreaming: Texture pool size is 0.00 MB
[2017.04.27-20.42.47:720][  0]LogMeshUtilities: Using QuadricMeshReduction for automatic static mesh reduction
[2017.04.27-20.42.47:782][  0]LogSimplygon: Simplygon DLL not present - disabling.
[2017.04.27-20.42.47:870][  0]LogMeshUtilities: Using SimplygonSwarm for distributed automatic mesh merging
[2017.04.27-20.42.47:870][  0]LogMeshUtilities: No automatic skeletal mesh reduction module available
[2017.04.27-20.42.47:870][  0]LogMeshUtilities: No automatic mesh merging module available
[2017.04.27-20.42.48:604][  0]LogNetVersion: GetLocalNetworkVersion: CL: 3299760, ProjectName: battletank, ProjectVersion: , EngineNetworkVersion: 2, GameNetworkVersion: 0, NetworkChecksum: 2512795372
[2017.04.27-20.42.48:660][  0]LogAssetRegistry: FAssetRegistry took 0.0219 seconds to start up
[2017.04.27-20.42.48:730][  0]LogPackageLocalizationCache: Processed 3 localized package path(s) for 2 prioritized culture(s) in 0.039069 seconds
[2017.04.27-20.42.48:736][  0]LogUObjectArray: 32475 objects as part of root set at end of initial load.
[2017.04.27-20.42.48:736][  0]LogUObjectAllocator: 7073360 out of 0 bytes used by permanent object pool.
[2017.04.27-20.42.48:736][  0]LogUObjectArray: CloseDisregardForGC: 0/0 objects in disregard for GC pool
[2017.04.27-20.42.48:825][  0]LogInit: WinSock: version 1.1 (2.2), MaxSocks=32767, MaxUdp=65467
[2017.04.27-20.42.51:122][  0]LogTcpMessaging: Initializing TcpMessaging bridge
[2017.04.27-20.42.51:196][  0]LogUdpMessaging: Initializing bridge on interface 0.0.0.0:0 to multicast group 230.0.0.1:6666.
[2017.04.27-20.42.51:981][  0]LogMaterial: Uniform references updated for custom material expression Custom.
[2017.04.27-20.42.52:572][  0]SourceControl: Info Source control is disabled
[2017.04.27-20.42.52:607][  0]SourceControl: Info Source control is disabled
[2017.04.27-20.42.52:692][  0]SourceControl: Info Source control is disabled
[2017.04.27-20.42.52:776][  0]SourceControl: Info Source control is disabled
[2017.04.27-20.42.54:910][  0]LogEngine: Initializing Engine...
[2017.04.27-20.42.54:911][  0]LogHMD: Failed to initialize OpenVR with code 110
[2017.04.27-20.42.55:205][  0]LogAIModule: Creating AISystem for world Untitled
[2017.04.27-20.42.55:214][  0]LogInit: XAudio2 using 'Speakers (2- High Definition Audio Device)' : 2 channels at 44.1 kHz using 16 bits per sample (channel mask 0x3)
[2017.04.27-20.42.55:231][  0]LogInit: FAudioDevice initialized.
[2017.04.27-20.42.55:258][  0]LogDerivedDataCache: Saved boot cache 0.03s 50MB C:/Users/Sarah/AppData/Local/UnrealEngine/4.15/DerivedDataCache/Boot.ddc.
[2017.04.27-20.42.55:266][  0]LogInit: Texture streaming: Enabled
[2017.04.27-20.42.55:396][  0]LogEngineSessionManager: EngineSessionManager initialized
[2017.04.27-20.42.55:519][  0]LogInit: Transaction tracking system initialized
[2017.04.27-20.42.55:984][  0]BlueprintLog: New page: Editor Load
[2017.04.27-20.42.57:164][  0]LocalizationService: Info Localization service is disabled
[2017.04.27-20.42.58:354][  0]LogConsoleResponse:Display: 
[2017.04.27-20.42.58:535][  0]LogCook:Display: Max memory allowance for cook 16384mb min free memory 0mb
[2017.04.27-20.42.58:535][  0]LogCook:Display: Mobile HDR setting 1
[2017.04.27-20.42.59:233][  0]LogFileCache: Scanning file cache for directory 'C:/Users/Sarah/Documents/Unreal Projects/04_BattleTank/BattleTank/Content/' took 0.01s
[2017.04.27-20.43.00:235][  0]SourceControl: Info Source control is disabled
[2017.04.27-20.43.00:328][  0]LogSlate: Took 0.000293 seconds to synchronously load lazily loaded font '../../../Engine/Content/Slate/Fonts/Roboto-Regular.ttf' (155K)
[2017.04.27-20.43.10:047][  0]LogWindowsTextInputMethodSystem:Display: IME system now deactivated.
[2017.04.27-20.43.10:052][  0]LogWindowsTextInputMethodSystem:Display: IME system now deactivated.
[2017.04.27-20.43.10:053][  0]Cmd: MAP LOAD FILE="../../../../../../Users/Sarah/Documents/Unreal Projects/04_BattleTank/BattleTank/Content/Levels/BattleGround.umap" TEMPLATE=0 SHOWPROGRESS=1 FEATURELEVEL=3
[2017.04.27-20.43.10:054][  0]LightingResults: New page: Lighting Build
[2017.04.27-20.43.10:125][  0]MapCheck: New page: Map Check
[2017.04.27-20.43.10:125][  0]LightingResults: New page: Lighting Build
[2017.04.27-20.43.10:672][  0]LogAIModule: Creating AISystem for world BattleGround
[2017.04.27-20.43.10:715][  0]LogEditorServer: Finished looking for orphan Actors (0.000 secs)
[2017.04.27-20.43.10:717][  0]Cmd: MAP CHECKDEP NOCLEARLOG
[2017.04.27-20.43.10:778][  0]MapCheck: Info Map check complete: 0 Error(s), 0 Warning(s), took 60.953ms to complete.
[2017.04.27-20.43.10:778][  0]LogFileHelpers: Loading map 'BattleGround' took 0.725
[2017.04.27-20.43.10:949][  0]LogStats:Warning: MetaData mismatch. Did you assign a stat to two groups? New //STATGROUP_Threads//SplashScreenThread///Thread_16bc4_0///####STATCAT_Advanced#### old //STATGROUP_Threads//SplashScreenThread///Thread_15c58_0///####STATCAT_Advanced####
[2017.04.27-20.43.10:949][  0]LogCollectionManager: Loaded 1 collections in 0.002247 seconds
[2017.04.27-20.43.11:047][  0]LogFileCache: Scanning file cache for directory 'C:/Users/Sarah/Documents/Unreal Projects/04_BattleTank/BattleTank/Saved/Collections/' took 0.01s
[2017.04.27-20.43.11:047][  0]LogFileCache: Scanning file cache for directory 'C:/Users/Sarah/Documents/Unreal Projects/04_BattleTank/BattleTank/Content/Developers/Sarah/Collections/' took 0.01s
[2017.04.27-20.43.11:047][  0]LogFileCache: Scanning file cache for directory 'C:/Users/Sarah/Documents/Unreal Projects/04_BattleTank/BattleTank/Content/Collections/' took 0.01s
[2017.04.27-20.43.11:047][  0]LogCollectionManager: Rebuilt the GUID cache for 1 collections in 0.000005 seconds
[2017.04.27-20.43.11:047][  0]LogCollectionManager: Rebuilt the hierarchy cache for 1 collections in 0.000000 seconds
[2017.04.27-20.43.11:062][  0]LogContentBrowser: Native class hierarchy populated in 0.0146 seconds. Added 2255 classes and 453 folders.
[2017.04.27-20.43.11:066][  0]LogStats: UGameplayTagsManager::ConstructGameplayTagTree: Construct from data asset -  0.000 s
[2017.04.27-20.43.11:066][  0]LogStats: UGameplayTagsManager::ConstructGameplayTagTree: GameplayTagTreeChangedEvent.Broadcast -  0.000 s
[2017.04.27-20.43.11:153][  0]LogContentBrowser: Native class hierarchy updated for 'WidgetCarousel' in 0.0035 seconds. Added 0 classes and 0 folders.
[2017.04.27-20.43.11:207][  0]LogContentBrowser: Native class hierarchy updated for 'AddContentDialog' in 0.0037 seconds. Added 0 classes and 0 folders.
[2017.04.27-20.43.11:270][  0]LogContentBrowser: Native class hierarchy updated for 'SceneOutliner' in 0.0039 seconds. Added 1 classes and 2 folders.
[2017.04.27-20.43.11:337][  0]LogCrashTracker: Crashtracker disabled due to settings.
[2017.04.27-20.43.11:346][  0]LogUObjectGlobals:Warning: Failed to find object 'Class None.'
[2017.04.27-20.43.11:445][  0]LogContentBrowser: Native class hierarchy updated for 'HierarchicalLODOutliner' in 0.0041 seconds. Added 1 classes and 2 folders.
[2017.04.27-20.43.11:445][  0]LogLoad: (Engine Initialization) Total time: 33.46 seconds
[2017.04.27-20.43.11:445][  0]LogLoad: (Engine Initialization) Total Blueprint compile time: 0.18 seconds
[2017.04.27-20.43.11:445][  0]LogExternalProfiler: No external profilers were discovered.  External profiling features will not be available.
[2017.04.27-20.43.11:454][  0]LogOcInput: OculusInput pre-init called
[2017.04.27-20.43.11:475][  0]LogContentStreaming: Texture pool size now 600 MB
[2017.04.27-20.43.11:477][  0]LogSlate: Took 0.000198 seconds to synchronously load lazily loaded font '../../../Engine/Content/Slate/Fonts/Roboto-Bold.ttf' (160K)
[2017.04.27-20.43.11:485][  0]LogSlate: Took 0.000230 seconds to synchronously load lazily loaded font '../../../Engine/Content/Editor/Slate/Fonts/FontAwesome.ttf' (139K)
[2017.04.27-20.43.11:638][  0]LogSlate: Took 0.000230 seconds to synchronously load lazily loaded font '../../../Engine/Content/Slate/Fonts/Roboto-Light.ttf' (159K)
[2017.04.27-20.43.11:699][  0]LogRenderer: Reallocating scene render targets to support 1220x644 NumSamples 1 (Frame:2).
[2017.04.27-20.43.11:918][  1]LogAssetRegistry: Asset discovery search completed in 23.2800 seconds
[2017.04.27-20.43.11:918][  1]LogCollectionManager: Rebuilt the object cache for 1 collections in 0.000009 seconds (found 0 objects)
[2017.04.27-20.43.11:918][  1]LogCollectionManager: Fixed up redirectors for 1 collections in 0.000035 seconds (updated 0 objects)
[2017.04.27-20.43.12:523][ 19]LogSlate: Took 0.000282 seconds to synchronously load lazily loaded font '../../../Engine/Content/Slate/Fonts/Roboto-Light.ttf' (159K)
[2017.04.27-20.43.19:806][301]LogSlate: Took 0.000264 seconds to synchronously load lazily loaded font '../../../Engine/Content/Slate/Fonts/Roboto-Light.ttf' (159K)
[2017.04.27-20.43.20:355][301]LogSlate: Took 0.000223 seconds to synchronously load lazily loaded font '../../../Engine/Content/Slate/Fonts/Roboto-Regular.ttf' (155K)
[2017.04.27-20.43.20:498][301]LogContentBrowser: Native class hierarchy updated for 'BlueprintGraph' in 0.0040 seconds. Added 112 classes and 0 folders.
[2017.04.27-20.43.21:483][301]LogSlate: Took 0.000288 seconds to synchronously load lazily loaded font '../../../Engine/Content/Editor/Slate/Fonts/Roboto-BoldCondensed.ttf' (158K)
[2017.04.27-20.43.21:574][302]LogSlate: Took 0.000318 seconds to synchronously load lazily loaded font '../../../Engine/Content/Editor/Slate/Fonts/Roboto-Italic.ttf' (157K)
[2017.04.27-20.44.36:666][983]BlueprintLog: New page: Compile TankPlayerController_BP
[2017.04.27-20.44.38:478][ 24]LogSavePackage: Save=22.25ms
[2017.04.27-20.44.38:478][ 24]LogSavePackage: Moving '../../../../../../Users/Sarah/Documents/Unreal Projects/04_BattleTank/BattleTank/Saved/TankPlayerController_BPEE4B64854C0B55C98410C0A33F6E9086.tmp' to '../../../../../../Users/Sarah/Documents/Unreal Projects/04_BattleTank/BattleTank/Content/Tank/TankPlayerController_BP.uasset'
[2017.04.27-20.44.38:485][ 24]LogSavePackage:Display: Finished SavePackage ../../../../../../Users/Sarah/Documents/Unreal Projects/04_BattleTank/BattleTank/Content/Tank/TankPlayerController_BP.uasset
[2017.04.27-20.44.42:555][143]LogTemp: Repeting last play command: Selected Viewport
[2017.04.27-20.44.42:588][143]LogBlueprintUserMessages: Early PlayInEditor Detection: Level '/Game/Levels/BattleGround.BattleGround:PersistentLevel' has LevelScriptBlueprint '/Game/Levels/BattleGround.BattleGround:PersistentLevel.BattleGround' with GeneratedClass '/Game/Levels/BattleGround.BattleGround_C' with ClassGeneratedBy '/Game/Levels/BattleGround.BattleGround:PersistentLevel.BattleGround'
[2017.04.27-20.44.42:588][143]LogPlayLevel: PlayLevel: No blueprints needed recompiling
[2017.04.27-20.44.42:588][143]PIE: New page: PIE session: BattleGround (Apr 27, 2017, 10:44:42 PM)
[2017.04.27-20.44.42:588][143]LogPlayLevel: Creating play world package: /Game/Levels/UEDPIE_0_BattleGround
[2017.04.27-20.44.42:631][143]LogPlayLevel: PIE: StaticDuplicateObject took: (0.042305s)
[2017.04.27-20.44.42:631][143]LogAIModule: Creating AISystem for world BattleGround
[2017.04.27-20.44.42:632][143]LogPlayLevel: PIE: World Init took: (0.000844s)
[2017.04.27-20.44.42:632][143]LogPlayLevel: PIE: Created PIE world by copying editor world from /Game/Levels/BattleGround.BattleGround to /Game/Levels/UEDPIE_0_BattleGround.BattleGround (0.043436s)
[2017.04.27-20.44.42:651][143]LogInit: XAudio2 using 'Speakers (2- High Definition Audio Device)' : 2 channels at 44.1 kHz using 16 bits per sample (channel mask 0x3)
[2017.04.27-20.44.42:659][143]LogInit: FAudioDevice initialized.
[2017.04.27-20.44.42:705][143]LogLoad: Game class is 'BattleTankGameMode_BP_C'
[2017.04.27-20.44.42:712][143]LogWorld: Bringing World /Game/Levels/UEDPIE_0_BattleGround.BattleGround up for play (max tick rate 0) at 2017.04.27-21.44.42
[2017.04.27-20.44.42:713][143]LogWorld: Bringing up level for play took: 0.006185
[2017.04.27-20.44.42:775][143]LogContentBrowser: Native class hierarchy updated for 'MovieSceneCapture' in 0.0039 seconds. Added 11 classes and 0 folders.
[2017.04.27-20.44.42:777][143]LogTemp:Warning: Tank_BP_C_0 has possessed by Player
[2017.04.27-20.44.42:778][143]PIE: Info Play in editor start time for /Game/Levels/UEDPIE_0_BattleGround 0.772
[2017.04.27-20.44.42:779][143]LogBlueprintUserMessages: Late PlayInEditor Detection: Level '/Game/Levels/BattleGround.BattleGround:PersistentLevel' has LevelScriptBlueprint '/Game/Levels/BattleGround.BattleGround:PersistentLevel.BattleGround' with GeneratedClass '/Game/Levels/BattleGround.BattleGround_C' with ClassGeneratedBy '/Game/Levels/BattleGround.BattleGround:PersistentLevel.BattleGround'
[2017.04.27-20.44.44:750][227]LogBlueprintUserMessages: Early EndPlayMap Detection: Level '/Game/Levels/BattleGround.BattleGround:PersistentLevel' has LevelScriptBlueprint '/Game/Levels/BattleGround.BattleGround:PersistentLevel.BattleGround' with GeneratedClass '/Game/Levels/BattleGround.BattleGround_C' with ClassGeneratedBy '/Game/Levels/BattleGround.BattleGround:PersistentLevel.BattleGround'
[2017.04.27-20.44.44:809][227]LogBlueprintUserMessages: Late EndPlayMap Detection: Level '/Game/Levels/BattleGround.BattleGround:PersistentLevel' has LevelScriptBlueprint '/Game/Levels/BattleGround.BattleGround:PersistentLevel.BattleGround' with GeneratedClass '/Game/Levels/BattleGround.BattleGround_C' with ClassGeneratedBy '/Game/Levels/BattleGround.BattleGround:PersistentLevel.BattleGround'
[2017.04.27-20.45.25:623][667]Recompiling BattleTank...
[2017.04.27-20.45.25:623][667]Launching UnrealBuildTool... [C:/Program Files/Epic Games/UE_4.15/Engine/Binaries/DotNET/UnrealBuildTool.exe BattleTank -ModuleWithSuffix BattleTank 170 Win64 Development -editorrecompile -canskiplink "C:/Users/Sarah/Documents/Unreal Projects/04_BattleTank/BattleTank/BattleTank.uproject" ]
[2017.04.27-20.45.25:625][667]Warning: Starting HotReload took  0.0s.
[2017.04.27-20.45.38:096][ 12]CompilerResultsLog: New page: Compilation - Apr 27, 2017, 10:45:38 PM
[2017.04.27-20.45.38:097][ 12]CompilerResultsLog: Info Compiling game modules for hot reload
[2017.04.27-20.45.38:097][ 12]CompilerResultsLog: Info Parsing headers for BattleTankEditor
[2017.04.27-20.45.38:097][ 12]CompilerResultsLog: Info   Running UnrealHeaderTool "C:\Users\Sarah\Documents\Unreal Projects\04_BattleTank\BattleTank\BattleTank.uproject" "C:\Users\Sarah\Documents\Unreal Projects\04_BattleTank\BattleTank\Intermediate\Build\Win64\BattleTankEditor\Development\BattleTankEditor.uhtmanifest" -LogCmds="loginit warning, logexit warning, logdatabase error" -Unattended -WarningsAsErrors -installed
[2017.04.27-20.45.38:097][ 12]CompilerResultsLog: Info Reflection code generated for BattleTankEditor in 7.5163633 seconds
[2017.04.27-20.45.38:097][ 12]CompilerResultsLog: Info Performing 6 actions (4 in parallel)
[2017.04.27-20.45.38:097][ 12]CompilerResultsLog: Info BattleTank.generated.cpp
[2017.04.27-20.45.38:097][ 12]CompilerResultsLog: Info TankAimingComponent.cpp
[2017.04.27-20.45.38:097][ 12]CompilerResultsLog: Info Tank.cpp
[2017.04.27-20.45.38:097][ 12]CompilerResultsLog: Info TankPlayerController.cpp
[2017.04.27-20.45.38:097][ 12]CompilerResultsLog: Info [5/6] Link UE4Editor-BattleTank-170.dll
[2017.04.27-20.45.38:097][ 12]CompilerResultsLog: Info [6/6] Link UE4Editor-BattleTank-170.lib
[2017.04.27-20.45.38:097][ 12]CompilerResultsLog: Info    Creating library C:\Users\Sarah\Documents\Unreal Projects\04_BattleTank\BattleTank\Intermediate\Build\Win64\UE4Editor\Development\UE4Editor-BattleTank-170.lib and object C:\Users\Sarah\Documents\Unreal Projects\04_BattleTank\BattleTank\Intermediate\Build\Win64\UE4Editor\Development\UE4Editor-BattleTank-170.exp
[2017.04.27-20.45.38:097][ 12]CompilerResultsLog: Info    Creating library C:\Users\Sarah\Documents\Unreal Projects\04_BattleTank\BattleTank\Intermediate\Build\Win64\UE4Editor\Development\UE4Editor-BattleTank-170.suppressed.lib and object C:\Users\Sarah\Documents\Unreal Projects\04_BattleTank\BattleTank\Intermediate\Build\Win64\UE4Editor\Development\UE4Editor-BattleTank-170.suppressed.exp
[2017.04.27-20.45.38:097][ 12]CompilerResultsLog: Info Total build time: 11.91 seconds (Local executor: 3.27 seconds)
[2017.04.27-20.45.38:097][ 12]LogMainFrame: MainFrame: Module compiling took 12.500 seconds
[2017.04.27-20.45.38:248][ 12]LogClass: EFiringStatus HotReload.
[2017.04.27-20.45.38:252][ 12]LogHotReload: Re-instancing TankAimingComponent after hot-reload.
[2017.04.27-20.45.38:367][ 12]LogContentBrowser: Native class hierarchy updated for 'BattleTank' in 0.0039 seconds. Added 11 classes and 3 folders.
[2017.04.27-20.45.38:370][ 12]Display: HotReload successful (7 functions remapped  0 scriptstructs remapped)
[2017.04.27-20.45.38:812][ 12]LogContentBrowser: Native class hierarchy populated in 0.0155 seconds. Added 2257 classes and 457 folders.
[2017.04.27-20.45.38:812][ 12]Display: HotReload took 13.2s.
[2017.04.27-20.45.40:955][ 40]LogTemp: Repeting last play command: Selected Viewport
[2017.04.27-20.45.40:987][ 40]LogBlueprintUserMessages: Early PlayInEditor Detection: Level '/Game/Levels/BattleGround.BattleGround:PersistentLevel' has LevelScriptBlueprint '/Game/Levels/BattleGround.BattleGround:PersistentLevel.BattleGround' with GeneratedClass '/Game/Levels/BattleGround.BattleGround_C' with ClassGeneratedBy '/Game/Levels/BattleGround.BattleGround:PersistentLevel.BattleGround'
[2017.04.27-20.45.40:987][ 40]LogPlayLevel: PlayLevel: No blueprints needed recompiling
[2017.04.27-20.45.40:987][ 40]PIE: New page: PIE session: BattleGround (Apr 27, 2017, 10:45:40 PM)
[2017.04.27-20.45.40:987][ 40]LogPlayLevel: Creating play world package: /Game/Levels/UEDPIE_0_BattleGround
[2017.04.27-20.45.41:036][ 40]LogPlayLevel: PIE: StaticDuplicateObject took: (0.048877s)
[2017.04.27-20.45.41:037][ 40]LogAIModule: Creating AISystem for world BattleGround
[2017.04.27-20.45.41:037][ 40]LogPlayLevel: PIE: World Init took: (0.000962s)
[2017.04.27-20.45.41:037][ 40]LogPlayLevel: PIE: Created PIE world by copying editor world from /Game/Levels/BattleGround.BattleGround to /Game/Levels/UEDPIE_0_BattleGround.BattleGround (0.050185s)
[2017.04.27-20.45.41:104][ 40]LogInit: XAudio2 using 'Speakers (2- High Definition Audio Device)' : 2 channels at 44.1 kHz using 16 bits per sample (channel mask 0x3)
[2017.04.27-20.45.41:111][ 40]LogInit: FAudioDevice initialized.
[2017.04.27-20.45.41:145][ 40]LogLoad: Game class is 'BattleTankGameMode_BP_C'
[2017.04.27-20.45.41:151][ 40]LogWorld: Bringing World /Game/Levels/UEDPIE_0_BattleGround.BattleGround up for play (max tick rate 0) at 2017.04.27-21.45.41
[2017.04.27-20.45.41:152][ 40]LogWorld: Bringing up level for play took: 0.006459
[2017.04.27-20.45.41:154][ 40]LogTemp:Warning: Tank_BP_C_0 has possessed by Player
[2017.04.27-20.45.41:155][ 40]PIE: Info Play in editor start time for /Game/Levels/UEDPIE_0_BattleGround 1.149
[2017.04.27-20.45.41:155][ 40]LogBlueprintUserMessages: Late PlayInEditor Detection: Level '/Game/Levels/BattleGround.BattleGround:PersistentLevel' has LevelScriptBlueprint '/Game/Levels/BattleGround.BattleGround:PersistentLevel.BattleGround' with GeneratedClass '/Game/Levels/BattleGround.BattleGround_C' with ClassGeneratedBy '/Game/Levels/BattleGround.BattleGround:PersistentLevel.BattleGround'
[2017.04.27-20.45.43:608][140]LogBlueprintUserMessages: Early EndPlayMap Detection: Level '/Game/Levels/BattleGround.BattleGround:PersistentLevel' has LevelScriptBlueprint '/Game/Levels/BattleGround.BattleGround:PersistentLevel.BattleGround' with GeneratedClass '/Game/Levels/BattleGround.BattleGround_C' with ClassGeneratedBy '/Game/Levels/BattleGround.BattleGround:PersistentLevel.BattleGround'
[2017.04.27-20.45.43:658][140]LogBlueprintUserMessages: Late EndPlayMap Detection: Level '/Game/Levels/BattleGround.BattleGround:PersistentLevel' has LevelScriptBlueprint '/Game/Levels/BattleGround.BattleGround:PersistentLevel.BattleGround' with GeneratedClass '/Game/Levels/BattleGround.BattleGround_C' with ClassGeneratedBy '/Game/Levels/BattleGround.BattleGround:PersistentLevel.BattleGround'
[2017.04.27-21.07.42:027][482]Recompiling BattleTank...
[2017.04.27-21.07.42:028][482]Launching UnrealBuildTool... [C:/Program Files/Epic Games/UE_4.15/Engine/Binaries/DotNET/UnrealBuildTool.exe BattleTank -ModuleWithSuffix BattleTank 6036 Win64 Development -editorrecompile -canskiplink "C:/Users/Sarah/Documents/Unreal Projects/04_BattleTank/BattleTank/BattleTank.uproject" ]
[2017.04.27-21.07.42:146][482]Warning: Starting HotReload took  0.2s.
[2017.04.27-21.07.55:813][564]CompilerResultsLog: New page: Compilation - Apr 27, 2017, 11:07:55 PM
[2017.04.27-21.07.55:813][564]CompilerResultsLog: Info Compiling game modules for hot reload
[2017.04.27-21.07.55:813][564]CompilerResultsLog: Info Performing 7 actions (4 in parallel)
[2017.04.27-21.07.55:813][564]CompilerResultsLog: Info TankAimingComponent.cpp
[2017.04.27-21.07.55:813][564]CompilerResultsLog: Info Tank.cpp
[2017.04.27-21.07.55:813][564]CompilerResultsLog: Info TankMovementComponent.cpp
[2017.04.27-21.07.55:813][564]CompilerResultsLog: Info TankAIController.cpp
[2017.04.27-21.07.55:813][564]CompilerResultsLog: Info TankPlayerController.cpp
[2017.04.27-21.07.55:813][564]CompilerResultsLog: Info [6/7] Link UE4Editor-BattleTank-6036.dll
[2017.04.27-21.07.55:813][564]CompilerResultsLog: Info [7/7] Link UE4Editor-BattleTank-6036.lib
[2017.04.27-21.07.55:813][564]CompilerResultsLog: Info    Creating library C:\Users\Sarah\Documents\Unreal Projects\04_BattleTank\BattleTank\Intermediate\Build\Win64\UE4Editor\Development\UE4Editor-BattleTank-6036.lib and object C:\Users\Sarah\Documents\Unreal Projects\04_BattleTank\BattleTank\Intermediate\Build\Win64\UE4Editor\Development\UE4Editor-BattleTank-6036.exp
[2017.04.27-21.07.55:813][564]CompilerResultsLog: Info    Creating library C:\Users\Sarah\Documents\Unreal Projects\04_BattleTank\BattleTank\Intermediate\Build\Win64\UE4Editor\Development\UE4Editor-BattleTank-6036.suppressed.lib and object C:\Users\Sarah\Documents\Unreal Projects\04_BattleTank\BattleTank\Intermediate\Build\Win64\UE4Editor\Development\UE4Editor-BattleTank-6036.suppressed.exp
[2017.04.27-21.07.55:813][564]CompilerResultsLog: Info Total build time: 13.08 seconds (Local executor: 11.62 seconds)
[2017.04.27-21.07.55:813][564]LogMainFrame: MainFrame: Module compiling took 13.791 seconds
[2017.04.27-21.07.56:133][564]LogClass: EFiringStatus HotReload.
[2017.04.27-21.07.56:145][564]LogContentBrowser: Native class hierarchy updated for 'BattleTank' in 0.0051 seconds. Added 11 classes and 3 folders.
[2017.04.27-21.07.56:148][564]Display: HotReload successful (7 functions remapped  0 scriptstructs remapped)
[2017.04.27-21.07.56:677][564]LogContentBrowser: Native class hierarchy populated in 0.0153 seconds. Added 2257 classes and 457 folders.
[2017.04.27-21.07.56:678][564]Display: HotReload took 14.7s.
[2017.04.27-21.07.59:032][572]LogTemp: Repeting last play command: Selected Viewport
[2017.04.27-21.07.59:060][572]LogBlueprintUserMessages: Early PlayInEditor Detection: Level '/Game/Levels/BattleGround.BattleGround:PersistentLevel' has LevelScriptBlueprint '/Game/Levels/BattleGround.BattleGround:PersistentLevel.BattleGround' with GeneratedClass '/Game/Levels/BattleGround.BattleGround_C' with ClassGeneratedBy '/Game/Levels/BattleGround.BattleGround:PersistentLevel.BattleGround'
[2017.04.27-21.07.59:060][572]LogPlayLevel: PlayLevel: No blueprints needed recompiling
[2017.04.27-21.07.59:060][572]PIE: New page: PIE session: BattleGround (Apr 27, 2017, 11:07:59 PM)
[2017.04.27-21.07.59:060][572]LogPlayLevel: Creating play world package: /Game/Levels/UEDPIE_0_BattleGround
[2017.04.27-21.07.59:126][572]LogPlayLevel: PIE: StaticDuplicateObject took: (0.065514s)
[2017.04.27-21.07.59:127][572]LogAIModule: Creating AISystem for world BattleGround
[2017.04.27-21.07.59:128][572]LogPlayLevel: PIE: World Init took: (0.001741s)
[2017.04.27-21.07.59:128][572]LogPlayLevel: PIE: Created PIE world by copying editor world from /Game/Levels/BattleGround.BattleGround to /Game/Levels/UEDPIE_0_BattleGround.BattleGround (0.067703s)
[2017.04.27-21.07.59:221][572]LogInit: XAudio2 using 'Speakers (2- High Definition Audio Device)' : 2 channels at 44.1 kHz using 16 bits per sample (channel mask 0x3)
[2017.04.27-21.07.59:231][572]LogInit: FAudioDevice initialized.
[2017.04.27-21.07.59:266][572]LogLoad: Game class is 'BattleTankGameMode_BP_C'
[2017.04.27-21.07.59:274][572]LogWorld: Bringing World /Game/Levels/UEDPIE_0_BattleGround.BattleGround up for play (max tick rate 60) at 2017.04.27-22.07.59
[2017.04.27-21.07.59:275][572]LogWorld: Bringing up level for play took: 0.007108
[2017.04.27-21.07.59:278][572]LogTemp:Error: Tank_BP_C_0 has not possessed by Player
[2017.04.27-21.07.59:279][572]PIE: Info Play in editor start time for /Game/Levels/UEDPIE_0_BattleGround -0.726
[2017.04.27-21.07.59:280][572]LogBlueprintUserMessages: Late PlayInEditor Detection: Level '/Game/Levels/BattleGround.BattleGround:PersistentLevel' has LevelScriptBlueprint '/Game/Levels/BattleGround.BattleGround:PersistentLevel.BattleGround' with GeneratedClass '/Game/Levels/BattleGround.BattleGround_C' with ClassGeneratedBy '/Game/Levels/BattleGround.BattleGround:PersistentLevel.BattleGround'
[2017.04.27-21.07.59:775][572]LogStats: FPlatformStackWalk::StackWalkAndDump -  0.494 s
[2017.04.27-21.07.59:775][572]LogOutputDevice:Error: === Handled ensure: ===
[2017.04.27-21.07.59:775][572]LogOutputDevice:Error: 
[2017.04.27-21.07.59:775][572]LogOutputDevice:Error: Ensure condition failed: TankAimingComponent [File:C:\Users\Sarah\Documents\Unreal Projects\04_BattleTank\BattleTank\Source\BattleTank\Private\Tank.cpp] [Line: 42]
[2017.04.27-21.07.59:775][572]LogOutputDevice:Error: 
[2017.04.27-21.07.59:775][572]LogOutputDevice:Error: Stack: 
[2017.04.27-21.07.59:775][572]LogOutputDevice:Error: UE4Editor-Core.dll!0x00000000ABDC95D6
[2017.04.27-21.07.59:775][572]LogOutputDevice:Error: UE4Editor-Core.dll!0x00000000ABB79B72
[2017.04.27-21.07.59:775][572]LogOutputDevice:Error: UE4Editor-Core.dll!0x00000000ABB8B656
[2017.04.27-21.07.59:775][572]LogOutputDevice:Error: UE4Editor-BattleTank-6036.dll!ATank::AimAt() [c:\users\sarah\documents\unreal projects\04_battletank\battletank\source\battletank\private\tank.cpp:42]
[2017.04.27-21.07.59:775][572]LogOutputDevice:Error: UE4Editor-BattleTank-6036.dll!ATankPlayerController::AimTowardsCrosshair() [c:\users\sarah\documents\unreal projects\04_battletank\battletank\source\battletank\private\tankplayercontroller.cpp:65]
[2017.04.27-21.07.59:775][572]LogOutputDevice:Error: UE4Editor-Engine.dll!0x00000000993233CC
[2017.04.27-21.07.59:775][572]LogOutputDevice:Error: UE4Editor-Engine.dll!0x000000009869AA2E
[2017.04.27-21.07.59:775][572]LogOutputDevice:Error: UE4Editor-Engine.dll!0x000000009961F62D
[2017.04.27-21.07.59:775][572]LogOutputDevice:Error: UE4Editor-Engine.dll!0x00000000996252FD
[2017.04.27-21.07.59:775][572]LogOutputDevice:Error: UE4Editor-Core.dll!0x00000000ABA4D83D
[2017.04.27-21.07.59:775][572]LogOutputDevice:Error: UE4Editor-Core.dll!0x00000000ABA4DC5D
[2017.04.27-21.07.59:775][572]LogOutputDevice:Error: UE4Editor-Core.dll!0x00000000ABA6CCDB
[2017.04.27-21.07.59:775][572]LogOutputDevice:Error: UE4Editor-Engine.dll!0x0000000099649051
[2017.04.27-21.07.59:775][572]LogOutputDevice:Error: UE4Editor-Engine.dll!0x00000000996598D2
[2017.04.27-21.07.59:775][572]LogOutputDevice:Error: UE4Editor-Engine.dll!0x0000000098F87B44
[2017.04.27-21.07.59:775][572]LogOutputDevice:Error: UE4Editor-Engine.dll!0x0000000098F8FC6B
[2017.04.27-21.07.59:775][572]LogOutputDevice:Error: UE4Editor-UnrealEd.dll!0x00000000A6306D8E
[2017.04.27-21.07.59:775][572]LogOutputDevice:Error: UE4Editor-UnrealEd.dll!0x00000000A6B11AD6
[2017.04.27-21.07.59:775][572]LogOutputDevice:Error: UE4Editor.exe!0x000000004BF4DEE3
[2017.04.27-21.07.59:775][572]LogOutputDevice:Error: UE4Editor.exe!0x000000004BF3EB40
[2017.04.27-21.07.59:775][572]LogOutputDevice:Error: UE4Editor.exe!0x000000004BF3EBBA
[2017.04.27-21.07.59:775][572]LogOutputDevice:Error: UE4Editor.exe!0x000000004BF50A29
[2017.04.27-21.07.59:775][572]LogOutputDevice:Error: UE4Editor.exe!0x000000004BF522B6
[2017.04.27-21.07.59:775][572]LogOutputDevice:Error: KERNEL32.DLL!0x00000000E12A8364
[2017.04.27-21.07.59:776][572]LogOutputDevice:Error: ntdll.dll!0x00000000E18470D1
[2017.04.27-21.07.59:776][572]LogOutputDevice:Error: 
[2017.04.27-21.07.59:780][572]LogStats:                SubmitErrorReport -  0.000 s
[2017.04.27-21.08.00:511][572]LogStats:                    SendNewReport -  0.731 s
[2017.04.27-21.08.00:511][572]LogStats:             FDebug::EnsureFailed -  1.231 s
[2017.04.27-21.08.04:633][736]LogBlueprintUserMessages: Early EndPlayMap Detection: Level '/Game/Levels/BattleGround.BattleGround:PersistentLevel' has LevelScriptBlueprint '/Game/Levels/BattleGround.BattleGround:PersistentLevel.BattleGround' with GeneratedClass '/Game/Levels/BattleGround.BattleGround_C' with ClassGeneratedBy '/Game/Levels/BattleGround.BattleGround:PersistentLevel.BattleGround'
[2017.04.27-21.08.04:686][736]LogBlueprintUserMessages: Late EndPlayMap Detection: Level '/Game/Levels/BattleGround.BattleGround:PersistentLevel' has LevelScriptBlueprint '/Game/Levels/BattleGround.BattleGround:PersistentLevel.BattleGround' with GeneratedClass '/Game/Levels/BattleGround.BattleGround_C' with ClassGeneratedBy '/Game/Levels/BattleGround.BattleGround:PersistentLevel.BattleGround'
[2017.04.27-21.08.06:231][779]LogSlate: Took 0.007341 seconds to synchronously load lazily loaded font '../../../Engine/Content/Editor/Slate/Fonts/DroidSansMono.ttf' (77K)
[2017.04.27-21.08.24:254][ 63]LogTemp: Repeting last play command: Selected Viewport
[2017.04.27-21.08.24:278][ 63]LogBlueprintUserMessages: Early PlayInEditor Detection: Level '/Game/Levels/BattleGround.BattleGround:PersistentLevel' has LevelScriptBlueprint '/Game/Levels/BattleGround.BattleGround:PersistentLevel.BattleGround' with GeneratedClass '/Game/Levels/BattleGround.BattleGround_C' with ClassGeneratedBy '/Game/Levels/BattleGround.BattleGround:PersistentLevel.BattleGround'
[2017.04.27-21.08.24:279][ 63]LogPlayLevel: PlayLevel: No blueprints needed recompiling
[2017.04.27-21.08.24:279][ 63]PIE: New page: PIE session: BattleGround (Apr 27, 2017, 11:08:24 PM)
[2017.04.27-21.08.24:279][ 63]LogPlayLevel: Creating play world package: /Game/Levels/UEDPIE_0_BattleGround
[2017.04.27-21.08.24:338][ 63]LogPlayLevel: PIE: StaticDuplicateObject took: (0.058435s)
[2017.04.27-21.08.24:339][ 63]LogAIModule: Creating AISystem for world BattleGround
[2017.04.27-21.08.24:339][ 63]LogPlayLevel: PIE: World Init took: (0.001378s)
[2017.04.27-21.08.24:340][ 63]LogPlayLevel: PIE: Created PIE world by copying editor world from /Game/Levels/BattleGround.BattleGround to /Game/Levels/UEDPIE_0_BattleGround.BattleGround (0.060546s)
[2017.04.27-21.08.24:369][ 63]LogInit: XAudio2 using 'Speakers (2- High Definition Audio Device)' : 2 channels at 44.1 kHz using 16 bits per sample (channel mask 0x3)
[2017.04.27-21.08.24:379][ 63]LogInit: FAudioDevice initialized.
[2017.04.27-21.08.24:410][ 63]LogLoad: Game class is 'BattleTankGameMode_BP_C'
[2017.04.27-21.08.24:422][ 63]LogWorld: Bringing World /Game/Levels/UEDPIE_0_BattleGround.BattleGround up for play (max tick rate 60) at 2017.04.27-22.08.24
[2017.04.27-21.08.24:423][ 63]LogWorld: Bringing up level for play took: 0.011675
[2017.04.27-21.08.24:428][ 63]LogTemp:Error: Tank_BP_C_0 has not possessed by Player
[2017.04.27-21.08.24:429][ 63]PIE: Info Play in editor start time for /Game/Levels/UEDPIE_0_BattleGround 0.423
[2017.04.27-21.08.24:430][ 63]LogBlueprintUserMessages: Late PlayInEditor Detection: Level '/Game/Levels/BattleGround.BattleGround:PersistentLevel' has LevelScriptBlueprint '/Game/Levels/BattleGround.BattleGround:PersistentLevel.BattleGround' with GeneratedClass '/Game/Levels/BattleGround.BattleGround_C' with ClassGeneratedBy '/Game/Levels/BattleGround.BattleGround:PersistentLevel.BattleGround'
[2017.04.27-21.08.30:161][304]LogBlueprintUserMessages: Early EndPlayMap Detection: Level '/Game/Levels/BattleGround.BattleGround:PersistentLevel' has LevelScriptBlueprint '/Game/Levels/BattleGround.BattleGround:PersistentLevel.BattleGround' with GeneratedClass '/Game/Levels/BattleGround.BattleGround_C' with ClassGeneratedBy '/Game/Levels/BattleGround.BattleGround:PersistentLevel.BattleGround'
[2017.04.27-21.08.30:212][304]LogBlueprintUserMessages: Late EndPlayMap Detection: Level '/Game/Levels/BattleGround.BattleGround:PersistentLevel' has LevelScriptBlueprint '/Game/Levels/BattleGround.BattleGround:PersistentLevel.BattleGround' with GeneratedClass '/Game/Levels/BattleGround.BattleGround_C' with ClassGeneratedBy '/Game/Levels/BattleGround.BattleGround:PersistentLevel.BattleGround'
[2017.04.27-21.09.04:164][450]Recompiling BattleTank...
[2017.04.27-21.09.04:165][450]Launching UnrealBuildTool... [C:/Program Files/Epic Games/UE_4.15/Engine/Binaries/DotNET/UnrealBuildTool.exe BattleTank -ModuleWithSuffix BattleTank 1923 Win64 Development -editorrecompile -canskiplink "C:/Users/Sarah/Documents/Unreal Projects/04_BattleTank/BattleTank/BattleTank.uproject" ]
[2017.04.27-21.09.04:168][450]Warning: Starting HotReload took  0.0s.
[2017.04.27-21.09.17:755][498]CompilerResultsLog: New page: Compilation - Apr 27, 2017, 11:09:17 PM
[2017.04.27-21.09.17:755][498]CompilerResultsLog: Info Compiling game modules for hot reload
[2017.04.27-21.09.17:755][498]CompilerResultsLog: Info Performing 3 actions (4 in parallel)
[2017.04.27-21.09.17:756][498]CompilerResultsLog: Info TankPlayerController.cpp
[2017.04.27-21.09.17:756][498]CompilerResultsLog: Info [2/3] Link UE4Editor-BattleTank-1923.dll
[2017.04.27-21.09.17:756][498]CompilerResultsLog: Info [3/3] Link UE4Editor-BattleTank-1923.lib
[2017.04.27-21.09.17:756][498]CompilerResultsLog: Info    Creating library C:\Users\Sarah\Documents\Unreal Projects\04_BattleTank\BattleTank\Intermediate\Build\Win64\UE4Editor\Development\UE4Editor-BattleTank-1923.lib and object C:\Users\Sarah\Documents\Unreal Projects\04_BattleTank\BattleTank\Intermediate\Build\Win64\UE4Editor\Development\UE4Editor-BattleTank-1923.exp
[2017.04.27-21.09.17:757][498]CompilerResultsLog: Info    Creating library C:\Users\Sarah\Documents\Unreal Projects\04_BattleTank\BattleTank\Intermediate\Build\Win64\UE4Editor\Development\UE4Editor-BattleTank-1923.suppressed.lib and object C:\Users\Sarah\Documents\Unreal Projects\04_BattleTank\BattleTank\Intermediate\Build\Win64\UE4Editor\Development\UE4Editor-BattleTank-1923.suppressed.exp
[2017.04.27-21.09.17:757][498]CompilerResultsLog: Info Total build time: 12.89 seconds (Local executor: 11.11 seconds)
[2017.04.27-21.09.17:757][498]LogMainFrame: MainFrame: Module compiling took 13.600 seconds
[2017.04.27-21.09.17:970][498]LogClass: EFiringStatus HotReload.
[2017.04.27-21.09.17:978][498]LogContentBrowser: Native class hierarchy updated for 'BattleTank' in 0.0038 seconds. Added 11 classes and 3 folders.
[2017.04.27-21.09.17:982][498]Display: HotReload successful (7 functions remapped  0 scriptstructs remapped)
[2017.04.27-21.09.18:439][498]LogContentBrowser: Native class hierarchy populated in 0.0156 seconds. Added 2257 classes and 457 folders.
[2017.04.27-21.09.18:439][498]Display: HotReload took 14.3s.
[2017.04.27-21.10.16:198][702]Recompiling BattleTank...
[2017.04.27-21.10.16:198][702]Launching UnrealBuildTool... [C:/Program Files/Epic Games/UE_4.15/Engine/Binaries/DotNET/UnrealBuildTool.exe BattleTank -ModuleWithSuffix BattleTank 8477 Win64 Development -editorrecompile -canskiplink "C:/Users/Sarah/Documents/Unreal Projects/04_BattleTank/BattleTank/BattleTank.uproject" ]
[2017.04.27-21.10.16:200][702]Warning: Starting HotReload took  0.0s.
[2017.04.27-21.10.21:419][784]CompilerResultsLog: New page: Compilation - Apr 27, 2017, 11:10:21 PM
[2017.04.27-21.10.21:419][784]CompilerResultsLog: Info Compiling game modules for hot reload
[2017.04.27-21.10.21:419][784]CompilerResultsLog: Info Performing 3 actions (4 in parallel)
[2017.04.27-21.10.21:419][784]CompilerResultsLog: Info Tank.cpp
[2017.04.27-21.10.21:419][784]CompilerResultsLog: Info [2/3] Link UE4Editor-BattleTank-8477.dll
[2017.04.27-21.10.21:419][784]CompilerResultsLog: Info [3/3] Link UE4Editor-BattleTank-8477.lib
[2017.04.27-21.10.21:419][784]CompilerResultsLog: Info    Creating library C:\Users\Sarah\Documents\Unreal Projects\04_BattleTank\BattleTank\Intermediate\Build\Win64\UE4Editor\Development\UE4Editor-BattleTank-8477.lib and object C:\Users\Sarah\Documents\Unreal Projects\04_BattleTank\BattleTank\Intermediate\Build\Win64\UE4Editor\Development\UE4Editor-BattleTank-8477.exp
[2017.04.27-21.10.21:419][784]CompilerResultsLog: Info    Creating library C:\Users\Sarah\Documents\Unreal Projects\04_BattleTank\BattleTank\Intermediate\Build\Win64\UE4Editor\Development\UE4Editor-BattleTank-8477.suppressed.lib and object C:\Users\Sarah\Documents\Unreal Projects\04_BattleTank\BattleTank\Intermediate\Build\Win64\UE4Editor\Development\UE4Editor-BattleTank-8477.suppressed.exp
[2017.04.27-21.10.21:419][784]CompilerResultsLog: Info Total build time: 4.80 seconds (Local executor: 3.57 seconds)
[2017.04.27-21.10.21:419][784]LogMainFrame: MainFrame: Module compiling took 5.250 seconds
[2017.04.27-21.10.21:635][784]LogClass: EFiringStatus HotReload.
[2017.04.27-21.10.21:644][784]LogContentBrowser: Native class hierarchy updated for 'BattleTank' in 0.0040 seconds. Added 11 classes and 3 folders.
[2017.04.27-21.10.21:646][784]Display: HotReload successful (7 functions remapped  0 scriptstructs remapped)
[2017.04.27-21.10.22:145][784]LogContentBrowser: Native class hierarchy populated in 0.0154 seconds. Added 2257 classes and 457 folders.
[2017.04.27-21.10.22:145][784]Display: HotReload took  6.0s.
[2017.04.27-21.13.13:962][ 39]Recompiling BattleTank...
[2017.04.27-21.13.13:962][ 39]Launching UnrealBuildTool... [C:/Program Files/Epic Games/UE_4.15/Engine/Binaries/DotNET/UnrealBuildTool.exe BattleTank -ModuleWithSuffix BattleTank 9282 Win64 Development -editorrecompile -canskiplink "C:/Users/Sarah/Documents/Unreal Projects/04_BattleTank/BattleTank/BattleTank.uproject" ]
[2017.04.27-21.13.14:109][ 39]Warning: Starting HotReload took  0.3s.
[2017.04.27-21.13.16:583][139]CompilerResultsLog: New page: Compilation - Apr 27, 2017, 11:13:16 PM
[2017.04.27-21.13.16:583][139]CompilerResultsLog: Info Compiling game modules for hot reload
[2017.04.27-21.13.16:584][139]CompilerResultsLog: Info Target is up to date
[2017.04.27-21.13.16:584][139]CompilerResultsLog: Info Total build time: 1.91 seconds (NoActionsToExecute executor: 0.00 seconds)
[2017.04.27-21.13.16:584][139]LogMainFrame: MainFrame: Module compiling took 2.629 seconds
[2017.04.27-21.13.17:080][139]LogContentBrowser: Native class hierarchy populated in 0.0203 seconds. Added 2257 classes and 457 folders.
[2017.04.27-21.13.17:080][139]Display: HotReload took  3.3s.
[2017.04.27-21.13.23:645][394]LogTemp: Repeting last play command: Selected Viewport
[2017.04.27-21.13.23:673][394]LogBlueprintUserMessages: Early PlayInEditor Detection: Level '/Game/Levels/BattleGround.BattleGround:PersistentLevel' has LevelScriptBlueprint '/Game/Levels/BattleGround.BattleGround:PersistentLevel.BattleGround' with GeneratedClass '/Game/Levels/BattleGround.BattleGround_C' with ClassGeneratedBy '/Game/Levels/BattleGround.BattleGround:PersistentLevel.BattleGround'
[2017.04.27-21.13.23:673][394]LogPlayLevel: PlayLevel: No blueprints needed recompiling
[2017.04.27-21.13.23:673][394]PIE: New page: PIE session: BattleGround (Apr 27, 2017, 11:13:23 PM)
[2017.04.27-21.13.23:673][394]LogPlayLevel: Creating play world package: /Game/Levels/UEDPIE_0_BattleGround
[2017.04.27-21.13.23:724][394]LogPlayLevel: PIE: StaticDuplicateObject took: (0.050117s)
[2017.04.27-21.13.23:724][394]LogAIModule: Creating AISystem for world BattleGround
[2017.04.27-21.13.23:725][394]LogPlayLevel: PIE: World Init took: (0.001127s)
[2017.04.27-21.13.23:725][394]LogPlayLevel: PIE: Created PIE world by copying editor world from /Game/Levels/BattleGround.BattleGround to /Game/Levels/UEDPIE_0_BattleGround.BattleGround (0.051590s)
[2017.04.27-21.13.23:826][394]LogInit: XAudio2 using 'Speakers (2- High Definition Audio Device)' : 2 channels at 44.1 kHz using 16 bits per sample (channel mask 0x3)
[2017.04.27-21.13.23:839][394]LogInit: FAudioDevice initialized.
[2017.04.27-21.13.23:875][394]LogLoad: Game class is 'BattleTankGameMode_BP_C'
[2017.04.27-21.13.23:882][394]LogWorld: Bringing World /Game/Levels/UEDPIE_0_BattleGround.BattleGround up for play (max tick rate 60) at 2017.04.27-22.13.23
[2017.04.27-21.13.23:883][394]LogWorld: Bringing up level for play took: 0.006839
[2017.04.27-21.13.23:885][394]LogTemp:Warning: Tank_BP_C_0 has been possessed by Player
[2017.04.27-21.13.23:886][394]PIE: Info Play in editor start time for /Game/Levels/UEDPIE_0_BattleGround -0.12
[2017.04.27-21.13.23:886][394]LogBlueprintUserMessages: Late PlayInEditor Detection: Level '/Game/Levels/BattleGround.BattleGround:PersistentLevel' has LevelScriptBlueprint '/Game/Levels/BattleGround.BattleGround:PersistentLevel.BattleGround' with GeneratedClass '/Game/Levels/BattleGround.BattleGround_C' with ClassGeneratedBy '/Game/Levels/BattleGround.BattleGround:PersistentLevel.BattleGround'
[2017.04.27-21.13.23:889][394]LogWindows:Warning: SymLoadModuleExW. Error: 0
[2017.04.27-21.13.23:889][394]LogWindows:Warning: SymLoadModuleExW. Error: 0
[2017.04.27-21.13.23:890][394]LogWindows:Warning: SymLoadModuleExW. Error: 0
[2017.04.27-21.13.23:890][394]LogWindows:Warning: SymLoadModuleExW. Error: 0
[2017.04.27-21.13.23:890][394]LogWindows:Warning: SymLoadModuleExW. Error: 0
[2017.04.27-21.13.23:890][394]LogWindows:Warning: SymLoadModuleExW. Error: 0
[2017.04.27-21.13.23:890][394]LogWindows:Warning: SymLoadModuleExW. Error: 0
[2017.04.27-21.13.23:890][394]LogWindows:Warning: SymLoadModuleExW. Error: 0
[2017.04.27-21.13.23:890][394]LogWindows:Warning: SymLoadModuleExW. Error: 0
[2017.04.27-21.13.23:890][394]LogWindows:Warning: SymLoadModuleExW. Error: 0
[2017.04.27-21.13.23:890][394]LogWindows:Warning: SymLoadModuleExW. Error: 0
[2017.04.27-21.13.23:890][394]LogWindows:Warning: SymLoadModuleExW. Error: 0
[2017.04.27-21.13.23:890][394]LogWindows:Warning: SymLoadModuleExW. Error: 0
[2017.04.27-21.13.23:890][394]LogWindows:Warning: SymLoadModuleExW. Error: 0
[2017.04.27-21.13.23:890][394]LogWindows:Warning: SymLoadModuleExW. Error: 0
[2017.04.27-21.13.23:890][394]LogWindows:Warning: SymLoadModuleExW. Error: 0
[2017.04.27-21.13.23:890][394]LogWindows:Warning: SymLoadModuleExW. Error: 0
[2017.04.27-21.13.23:890][394]LogWindows:Warning: SymLoadModuleExW. Error: 0
[2017.04.27-21.13.23:890][394]LogWindows:Warning: SymLoadModuleExW. Error: 0
[2017.04.27-21.13.23:890][394]LogWindows:Warning: SymLoadModuleExW. Error: 0
[2017.04.27-21.13.23:890][394]LogWindows:Warning: SymLoadModuleExW. Error: 0
[2017.04.27-21.13.23:890][394]LogWindows:Warning: SymLoadModuleExW. Error: 0
[2017.04.27-21.13.23:890][394]LogWindows:Warning: SymLoadModuleExW. Error: 0
[2017.04.27-21.13.23:890][394]LogWindows:Warning: SymLoadModuleExW. Error: 0
[2017.04.27-21.13.23:890][394]LogWindows:Warning: SymLoadModuleExW. Error: 0
[2017.04.27-21.13.23:890][394]LogWindows:Warning: SymLoadModuleExW. Error: 0
[2017.04.27-21.13.23:890][394]LogWindows:Warning: SymLoadModuleExW. Error: 0
[2017.04.27-21.13.23:890][394]LogWindows:Warning: SymLoadModuleExW. Error: 0
[2017.04.27-21.13.23:890][394]LogWindows:Warning: SymLoadModuleExW. Error: 0
[2017.04.27-21.13.23:890][394]LogWindows:Warning: SymLoadModuleExW. Error: 0
[2017.04.27-21.13.23:890][394]LogWindows:Warning: SymLoadModuleExW. Error: 0
[2017.04.27-21.13.23:890][394]LogWindows:Warning: SymLoadModuleExW. Error: 0
[2017.04.27-21.13.23:890][394]LogWindows:Warning: SymLoadModuleExW. Error: 0
[2017.04.27-21.13.23:890][394]LogWindows:Warning: SymLoadModuleExW. Error: 0
[2017.04.27-21.13.23:890][394]LogWindows:Warning: SymLoadModuleExW. Error: 0
[2017.04.27-21.13.23:890][394]LogWindows:Warning: SymLoadModuleExW. Error: 0
[2017.04.27-21.13.23:890][394]LogWindows:Warning: SymLoadModuleExW. Error: 0
[2017.04.27-21.13.23:891][394]LogWindows:Warning: SymLoadModuleExW. Error: 0
[2017.04.27-21.13.23:891][394]LogWindows:Warning: SymLoadModuleExW. Error: 0
[2017.04.27-21.13.23:891][394]LogWindows:Warning: SymLoadModuleExW. Error: 0
[2017.04.27-21.13.23:891][394]LogWindows:Warning: SymLoadModuleExW. Error: 0
[2017.04.27-21.13.23:891][394]LogWindows:Warning: SymLoadModuleExW. Error: 0
[2017.04.27-21.13.23:891][394]LogWindows:Warning: SymLoadModuleExW. Error: 0
[2017.04.27-21.13.23:891][394]LogWindows:Warning: SymLoadModuleExW. Error: 0
[2017.04.27-21.13.23:891][394]LogWindows:Warning: SymLoadModuleExW. Error: 0
[2017.04.27-21.13.23:891][394]LogWindows:Warning: SymLoadModuleExW. Error: 0
[2017.04.27-21.13.23:891][394]LogWindows:Warning: SymLoadModuleExW. Error: 0
[2017.04.27-21.13.23:891][394]LogWindows:Warning: SymLoadModuleExW. Error: 0
[2017.04.27-21.13.23:891][394]LogWindows:Warning: SymLoadModuleExW. Error: 0
[2017.04.27-21.13.23:891][394]LogWindows:Warning: SymLoadModuleExW. Error: 0
[2017.04.27-21.13.23:891][394]LogWindows:Warning: SymLoadModuleExW. Error: 0
[2017.04.27-21.13.23:891][394]LogWindows:Warning: SymLoadModuleExW. Error: 0
[2017.04.27-21.13.23:891][394]LogWindows:Warning: SymLoadModuleExW. Error: 0
[2017.04.27-21.13.23:891][394]LogWindows:Warning: SymLoadModuleExW. Error: 0
[2017.04.27-21.13.23:891][394]LogWindows:Warning: SymLoadModuleExW. Error: 0
[2017.04.27-21.13.23:891][394]LogWindows:Warning: SymLoadModuleExW. Error: 0
[2017.04.27-21.13.23:891][394]LogWindows:Warning: SymLoadModuleExW. Error: 0
[2017.04.27-21.13.23:891][394]LogWindows:Warning: SymLoadModuleExW. Error: 0
[2017.04.27-21.13.23:891][394]LogWindows:Warning: SymLoadModuleExW. Error: 0
[2017.04.27-21.13.23:891][394]LogWindows:Warning: SymLoadModuleExW. Error: 0
[2017.04.27-21.13.23:892][394]LogWindows:Warning: SymLoadModuleExW. Error: 0
[2017.04.27-21.13.23:892][394]LogWindows:Warning: SymLoadModuleExW. Error: 0
[2017.04.27-21.13.23:892][394]LogWindows:Warning: SymLoadModuleExW. Error: 0
[2017.04.27-21.13.23:892][394]LogWindows:Warning: SymLoadModuleExW. Error: 0
[2017.04.27-21.13.23:892][394]LogWindows:Warning: SymLoadModuleExW. Error: 0
[2017.04.27-21.13.23:892][394]LogWindows:Warning: SymLoadModuleExW. Error: 0
[2017.04.27-21.13.23:892][394]LogWindows:Warning: SymLoadModuleExW. Error: 0
[2017.04.27-21.13.23:892][394]LogWindows:Warning: SymLoadModuleExW. Error: 0
[2017.04.27-21.13.23:892][394]LogWindows:Warning: SymLoadModuleExW. Error: 0
[2017.04.27-21.13.23:892][394]LogWindows:Warning: SymLoadModuleExW. Error: 0
[2017.04.27-21.13.23:892][394]LogWindows:Warning: SymLoadModuleExW. Error: 0
[2017.04.27-21.13.23:892][394]LogWindows:Warning: SymLoadModuleExW. Error: 0
[2017.04.27-21.13.23:892][394]LogWindows:Warning: SymLoadModuleExW. Error: 0
[2017.04.27-21.13.23:892][394]LogWindows:Warning: SymLoadModuleExW. Error: 0
[2017.04.27-21.13.23:892][394]LogWindows:Warning: SymLoadModuleExW. Error: 0
[2017.04.27-21.13.23:892][394]LogWindows:Warning: SymLoadModuleExW. Error: 0
[2017.04.27-21.13.23:892][394]LogWindows:Warning: SymLoadModuleExW. Error: 0
[2017.04.27-21.13.23:892][394]LogWindows:Warning: SymLoadModuleExW. Error: 0
[2017.04.27-21.13.23:892][394]LogWindows:Warning: SymLoadModuleExW. Error: 0
[2017.04.27-21.13.23:893][394]LogWindows:Warning: SymLoadModuleExW. Error: 0
[2017.04.27-21.13.23:893][394]LogWindows:Warning: SymLoadModuleExW. Error: 0
[2017.04.27-21.13.23:893][394]LogWindows:Warning: SymLoadModuleExW. Error: 0
[2017.04.27-21.13.23:893][394]LogWindows:Warning: SymLoadModuleExW. Error: 0
[2017.04.27-21.13.23:893][394]LogWindows:Warning: SymLoadModuleExW. Error: 0
[2017.04.27-21.13.23:893][394]LogWindows:Warning: SymLoadModuleExW. Error: 0
[2017.04.27-21.13.23:893][394]LogWindows:Warning: SymLoadModuleExW. Error: 0
[2017.04.27-21.13.23:893][394]LogWindows:Warning: SymLoadModuleExW. Error: 0
[2017.04.27-21.13.23:893][394]LogWindows:Warning: SymLoadModuleExW. Error: 0
[2017.04.27-21.13.23:893][394]LogWindows:Warning: SymLoadModuleExW. Error: 0
[2017.04.27-21.13.23:893][394]LogWindows:Warning: SymLoadModuleExW. Error: 0
[2017.04.27-21.13.23:893][394]LogWindows:Warning: SymLoadModuleExW. Error: 0
[2017.04.27-21.13.23:893][394]LogWindows:Warning: SymLoadModuleExW. Error: 0
[2017.04.27-21.13.23:893][394]LogWindows:Warning: SymLoadModuleExW. Error: 0
[2017.04.27-21.13.23:893][394]LogWindows:Warning: SymLoadModuleExW. Error: 0
[2017.04.27-21.13.23:894][394]LogWindows:Warning: SymLoadModuleExW. Error: 0
[2017.04.27-21.13.23:894][394]LogWindows:Warning: SymLoadModuleExW. Error: 0
[2017.04.27-21.13.23:894][394]LogWindows:Warning: SymLoadModuleExW. Error: 0
[2017.04.27-21.13.23:894][394]LogWindows:Warning: SymLoadModuleExW. Error: 0
[2017.04.27-21.13.23:894][394]LogWindows:Warning: SymLoadModuleExW. Error: 0
[2017.04.27-21.13.23:894][394]LogWindows:Warning: SymLoadModuleExW. Error: 0
[2017.04.27-21.13.23:894][394]LogWindows:Warning: SymLoadModuleExW. Error: 0
[2017.04.27-21.13.23:894][394]LogWindows:Warning: SymLoadModuleExW. Error: 0
[2017.04.27-21.13.23:894][394]LogWindows:Warning: SymLoadModuleExW. Error: 0
[2017.04.27-21.13.23:894][394]LogWindows:Warning: SymLoadModuleExW. Error: 0
[2017.04.27-21.13.23:894][394]LogWindows:Warning: SymLoadModuleExW. Error: 0
[2017.04.27-21.13.23:894][394]LogWindows:Warning: SymLoadModuleExW. Error: 0
[2017.04.27-21.13.23:894][394]LogWindows:Warning: SymLoadModuleExW. Error: 0
[2017.04.27-21.13.23:894][394]LogWindows:Warning: SymLoadModuleExW. Error: 0
[2017.04.27-21.13.23:894][394]LogWindows:Warning: SymLoadModuleExW. Error: 0
[2017.04.27-21.13.23:895][394]LogWindows:Warning: SymLoadModuleExW. Error: 0
[2017.04.27-21.13.23:895][394]LogWindows:Warning: SymLoadModuleExW. Error: 0
[2017.04.27-21.13.23:895][394]LogWindows:Warning: SymLoadModuleExW. Error: 0
[2017.04.27-21.13.23:895][394]LogWindows:Warning: SymLoadModuleExW. Error: 0
[2017.04.27-21.13.23:895][394]LogWindows:Warning: SymLoadModuleExW. Error: 0
[2017.04.27-21.13.23:895][394]LogWindows:Warning: SymLoadModuleExW. Error: 0
[2017.04.27-21.13.23:895][394]LogWindows:Warning: SymLoadModuleExW. Error: 0
[2017.04.27-21.13.23:895][394]LogWindows:Warning: SymLoadModuleExW. Error: 0
[2017.04.27-21.13.23:895][394]LogWindows:Warning: SymLoadModuleExW. Error: 0
[2017.04.27-21.13.23:895][394]LogWindows:Warning: SymLoadModuleExW. Error: 0
[2017.04.27-21.13.23:895][394]LogWindows:Warning: SymLoadModuleExW. Error: 0
[2017.04.27-21.13.23:895][394]LogWindows:Warning: SymLoadModuleExW. Error: 0
[2017.04.27-21.13.23:895][394]LogWindows:Warning: SymLoadModuleExW. Error: 0
[2017.04.27-21.13.23:895][394]LogWindows:Warning: SymLoadModuleExW. Error: 0
[2017.04.27-21.13.23:896][394]LogWindows:Warning: SymLoadModuleExW. Error: 0
[2017.04.27-21.13.23:896][394]LogWindows:Warning: SymLoadModuleExW. Error: 0
[2017.04.27-21.13.23:896][394]LogWindows:Warning: SymLoadModuleExW. Error: 0
[2017.04.27-21.13.23:896][394]LogWindows:Warning: SymLoadModuleExW. Error: 0
[2017.04.27-21.13.23:896][394]LogWindows:Warning: SymLoadModuleExW. Error: 0
[2017.04.27-21.13.23:896][394]LogWindows:Warning: SymLoadModuleExW. Error: 0
[2017.04.27-21.13.23:896][394]LogWindows:Warning: SymLoadModuleExW. Error: 0
[2017.04.27-21.13.23:896][394]LogWindows:Warning: SymLoadModuleExW. Error: 0
[2017.04.27-21.13.23:896][394]LogWindows:Warning: SymLoadModuleExW. Error: 0
[2017.04.27-21.13.23:896][394]LogWindows:Warning: SymLoadModuleExW. Error: 0
[2017.04.27-21.13.23:896][394]LogWindows:Warning: SymLoadModuleExW. Error: 0
[2017.04.27-21.13.23:896][394]LogWindows:Warning: SymLoadModuleExW. Error: 0
[2017.04.27-21.13.23:897][394]LogWindows:Warning: SymLoadModuleExW. Error: 0
[2017.04.27-21.13.23:897][394]LogWindows:Warning: SymLoadModuleExW. Error: 0
[2017.04.27-21.13.23:897][394]LogWindows:Warning: SymLoadModuleExW. Error: 0
[2017.04.27-21.13.23:897][394]LogWindows:Warning: SymLoadModuleExW. Error: 0
[2017.04.27-21.13.23:897][394]LogWindows:Warning: SymLoadModuleExW. Error: 0
[2017.04.27-21.13.23:897][394]LogWindows:Warning: SymLoadModuleExW. Error: 0
[2017.04.27-21.13.23:897][394]LogWindows:Warning: SymLoadModuleExW. Error: 0
[2017.04.27-21.13.23:897][394]LogWindows:Warning: SymLoadModuleExW. Error: 0
[2017.04.27-21.13.23:897][394]LogWindows:Warning: SymLoadModuleExW. Error: 0
[2017.04.27-21.13.23:897][394]LogWindows:Warning: SymLoadModuleExW. Error: 0
[2017.04.27-21.13.23:898][394]LogWindows:Warning: SymLoadModuleExW. Error: 0
[2017.04.27-21.13.23:898][394]LogWindows:Warning: SymLoadModuleExW. Error: 0
[2017.04.27-21.13.23:898][394]LogWindows:Warning: SymLoadModuleExW. Error: 0
[2017.04.27-21.13.23:898][394]LogWindows:Warning: SymLoadModuleExW. Error: 0
[2017.04.27-21.13.23:898][394]LogWindows:Warning: SymLoadModuleExW. Error: 0
[2017.04.27-21.13.23:898][394]LogWindows:Warning: SymLoadModuleExW. Error: 0
[2017.04.27-21.13.23:898][394]LogWindows:Warning: SymLoadModuleExW. Error: 0
[2017.04.27-21.13.23:899][394]LogWindows:Warning: SymLoadModuleExW. Error: 0
[2017.04.27-21.13.23:899][394]LogWindows:Warning: SymLoadModuleExW. Error: 0
[2017.04.27-21.13.23:899][394]LogWindows:Warning: SymLoadModuleExW. Error: 0
[2017.04.27-21.13.23:899][394]LogWindows:Warning: SymLoadModuleExW. Error: 0
[2017.04.27-21.13.23:899][394]LogWindows:Warning: SymLoadModuleExW. Error: 0
[2017.04.27-21.13.23:899][394]LogWindows:Warning: SymLoadModuleExW. Error: 0
[2017.04.27-21.13.23:899][394]LogWindows:Warning: SymLoadModuleExW. Error: 0
[2017.04.27-21.13.23:899][394]LogWindows:Warning: SymLoadModuleExW. Error: 0
[2017.04.27-21.13.23:900][394]LogWindows:Warning: SymLoadModuleExW. Error: 0
[2017.04.27-21.13.23:900][394]LogWindows:Warning: SymLoadModuleExW. Error: 0
[2017.04.27-21.13.23:900][394]LogWindows:Warning: SymLoadModuleExW. Error: 0
[2017.04.27-21.13.23:900][394]LogWindows:Warning: SymLoadModuleExW. Error: 0
[2017.04.27-21.13.23:900][394]LogWindows:Warning: SymLoadModuleExW. Error: 0
[2017.04.27-21.13.23:900][394]LogWindows:Warning: SymLoadModuleExW. Error: 0
[2017.04.27-21.13.23:900][394]LogWindows:Warning: SymLoadModuleExW. Error: 0
[2017.04.27-21.13.23:900][394]LogWindows:Warning: SymLoadModuleExW. Error: 0
[2017.04.27-21.13.23:900][394]LogWindows:Warning: SymLoadModuleExW. Error: 0
[2017.04.27-21.13.23:900][394]LogWindows:Warning: SymLoadModuleExW. Error: 0
[2017.04.27-21.13.23:901][394]LogWindows:Warning: SymLoadModuleExW. Error: 0
[2017.04.27-21.13.23:901][394]LogWindows:Warning: SymLoadModuleExW. Error: 0
[2017.04.27-21.13.23:901][394]LogWindows:Warning: SymLoadModuleExW. Error: 0
[2017.04.27-21.13.23:901][394]LogWindows:Warning: SymLoadModuleExW. Error: 0
[2017.04.27-21.13.23:901][394]LogWindows:Warning: SymLoadModuleExW. Error: 0
[2017.04.27-21.13.23:901][394]LogWindows:Warning: SymLoadModuleExW. Error: 0
[2017.04.27-21.13.23:901][394]LogWindows:Warning: SymLoadModuleExW. Error: 0
[2017.04.27-21.13.23:902][394]LogWindows:Warning: SymLoadModuleExW. Error: 0
[2017.04.27-21.13.23:902][394]LogWindows:Warning: SymLoadModuleExW. Error: 0
[2017.04.27-21.13.23:902][394]LogWindows:Warning: SymLoadModuleExW. Error: 0
[2017.04.27-21.13.23:902][394]LogWindows:Warning: SymLoadModuleExW. Error: 0
[2017.04.27-21.13.23:902][394]LogWindows:Warning: SymLoadModuleExW. Error: 0
[2017.04.27-21.13.23:902][394]LogWindows:Warning: SymLoadModuleExW. Error: 0
[2017.04.27-21.13.23:902][394]LogWindows:Warning: SymLoadModuleExW. Error: 0
[2017.04.27-21.13.23:902][394]LogWindows:Warning: SymLoadModuleExW. Error: 0
[2017.04.27-21.13.23:902][394]LogWindows:Warning: SymLoadModuleExW. Error: 0
[2017.04.27-21.13.23:902][394]LogWindows:Warning: SymLoadModuleExW. Error: 0
[2017.04.27-21.13.23:903][394]LogWindows:Warning: SymLoadModuleExW. Error: 0
[2017.04.27-21.13.23:903][394]LogWindows:Warning: SymLoadModuleExW. Error: 0
[2017.04.27-21.13.23:903][394]LogWindows:Warning: SymLoadModuleExW. Error: 0
[2017.04.27-21.13.23:903][394]LogWindows:Warning: SymLoadModuleExW. Error: 0
[2017.04.27-21.13.23:903][394]LogWindows:Warning: SymLoadModuleExW. Error: 0
[2017.04.27-21.13.23:903][394]LogWindows:Warning: SymLoadModuleExW. Error: 0
[2017.04.27-21.13.23:903][394]LogWindows:Warning: SymLoadModuleExW. Error: 0
[2017.04.27-21.13.23:903][394]LogWindows:Warning: SymLoadModuleExW. Error: 0
[2017.04.27-21.13.23:903][394]LogWindows:Warning: SymLoadModuleExW. Error: 0
[2017.04.27-21.13.23:904][394]LogWindows:Warning: SymLoadModuleExW. Error: 0
[2017.04.27-21.13.23:904][394]LogWindows:Warning: SymLoadModuleExW. Error: 0
[2017.04.27-21.13.23:904][394]LogWindows:Warning: SymLoadModuleExW. Error: 0
[2017.04.27-21.13.23:904][394]LogWindows:Warning: SymLoadModuleExW. Error: 0
[2017.04.27-21.13.23:904][394]LogWindows:Warning: SymLoadModuleExW. Error: 0
[2017.04.27-21.13.23:904][394]LogWindows:Warning: SymLoadModuleExW. Error: 0
[2017.04.27-21.13.23:904][394]LogWindows:Warning: SymLoadModuleExW. Error: 0
[2017.04.27-21.13.23:904][394]LogWindows:Warning: SymLoadModuleExW. Error: 0
[2017.04.27-21.13.23:905][394]LogWindows:Warning: SymLoadModuleExW. Error: 0
[2017.04.27-21.13.23:905][394]LogWindows:Warning: SymLoadModuleExW. Error: 0
[2017.04.27-21.13.23:905][394]LogWindows:Warning: SymLoadModuleExW. Error: 0
[2017.04.27-21.13.23:905][394]LogWindows:Warning: SymLoadModuleExW. Error: 0
[2017.04.27-21.13.23:905][394]LogWindows:Warning: SymLoadModuleExW. Error: 0
[2017.04.27-21.13.23:905][394]LogWindows:Warning: SymLoadModuleExW. Error: 0
[2017.04.27-21.13.23:905][394]LogWindows:Warning: SymLoadModuleExW. Error: 0
[2017.04.27-21.13.23:905][394]LogWindows:Warning: SymLoadModuleExW. Error: 0
[2017.04.27-21.13.23:905][394]LogWindows:Warning: SymLoadModuleExW. Error: 0
[2017.04.27-21.13.23:906][394]LogWindows:Warning: SymLoadModuleExW. Error: 0
[2017.04.27-21.13.23:906][394]LogWindows:Warning: SymLoadModuleExW. Error: 0
[2017.04.27-21.13.23:906][394]LogWindows:Warning: SymLoadModuleExW. Error: 0
[2017.04.27-21.13.23:906][394]LogWindows:Warning: SymLoadModuleExW. Error: 0
[2017.04.27-21.13.23:906][394]LogWindows:Warning: SymLoadModuleExW. Error: 0
[2017.04.27-21.13.23:906][394]LogWindows:Warning: SymLoadModuleExW. Error: 0
[2017.04.27-21.13.23:906][394]LogWindows:Warning: SymLoadModuleExW. Error: 0
[2017.04.27-21.13.23:906][394]LogWindows:Warning: SymLoadModuleExW. Error: 0
[2017.04.27-21.13.23:907][394]LogWindows:Warning: SymLoadModuleExW. Error: 0
[2017.04.27-21.13.23:907][394]LogWindows:Warning: SymLoadModuleExW. Error: 0
[2017.04.27-21.13.23:907][394]LogWindows:Warning: SymLoadModuleExW. Error: 0
[2017.04.27-21.13.23:907][394]LogWindows:Warning: SymLoadModuleExW. Error: 0
[2017.04.27-21.13.23:907][394]LogWindows:Warning: SymLoadModuleExW. Error: 0
[2017.04.27-21.13.23:907][394]LogWindows:Warning: SymLoadModuleExW. Error: 0
[2017.04.27-21.13.23:907][394]LogWindows:Warning: SymLoadModuleExW. Error: 0
[2017.04.27-21.13.23:907][394]LogWindows:Warning: SymLoadModuleExW. Error: 0
[2017.04.27-21.13.23:908][394]LogWindows:Warning: SymLoadModuleExW. Error: 0
[2017.04.27-21.13.23:908][394]LogWindows:Warning: SymLoadModuleExW. Error: 0
[2017.04.27-21.13.23:908][394]LogWindows:Warning: SymLoadModuleExW. Error: 0
[2017.04.27-21.13.23:908][394]LogWindows:Warning: SymLoadModuleExW. Error: 0
[2017.04.27-21.13.23:908][394]LogWindows:Warning: SymLoadModuleExW. Error: 0
[2017.04.27-21.13.23:908][394]LogWindows:Warning: SymLoadModuleExW. Error: 0
[2017.04.27-21.13.23:908][394]LogWindows:Warning: SymLoadModuleExW. Error: 0
[2017.04.27-21.13.23:908][394]LogWindows:Warning: SymLoadModuleExW. Error: 0
[2017.04.27-21.13.23:909][394]LogWindows:Warning: SymLoadModuleExW. Error: 0
[2017.04.27-21.13.23:909][394]LogWindows:Warning: SymLoadModuleExW. Error: 0
[2017.04.27-21.13.23:909][394]LogWindows:Warning: SymLoadModuleExW. Error: 0
[2017.04.27-21.13.23:909][394]LogWindows:Warning: SymLoadModuleExW. Error: 0
[2017.04.27-21.13.23:909][394]LogWindows:Warning: SymLoadModuleExW. Error: 0
[2017.04.27-21.13.23:909][394]LogWindows:Warning: SymLoadModuleExW. Error: 0
[2017.04.27-21.13.23:909][394]LogWindows:Warning: SymLoadModuleExW. Error: 0
[2017.04.27-21.13.23:909][394]LogWindows:Warning: SymLoadModuleExW. Error: 0
[2017.04.27-21.13.23:910][394]LogWindows:Warning: SymLoadModuleExW. Error: 0
[2017.04.27-21.13.23:910][394]LogWindows:Warning: SymLoadModuleExW. Error: 0
[2017.04.27-21.13.23:910][394]LogWindows:Warning: SymLoadModuleExW. Error: 0
[2017.04.27-21.13.23:910][394]LogWindows:Warning: SymLoadModuleExW. Error: 0
[2017.04.27-21.13.23:910][394]LogWindows:Warning: SymLoadModuleExW. Error: 0
[2017.04.27-21.13.23:910][394]LogWindows:Warning: SymLoadModuleExW. Error: 0
[2017.04.27-21.13.23:910][394]LogWindows:Warning: SymLoadModuleExW. Error: 0
[2017.04.27-21.13.23:911][394]LogWindows:Warning: SymLoadModuleExW. Error: 0
[2017.04.27-21.13.23:911][394]LogWindows:Warning: SymLoadModuleExW. Error: 0
[2017.04.27-21.13.23:911][394]LogWindows:Warning: SymLoadModuleExW. Error: 0
[2017.04.27-21.13.23:911][394]LogWindows:Warning: SymLoadModuleExW. Error: 0
[2017.04.27-21.13.23:911][394]LogWindows:Warning: SymLoadModuleExW. Error: 0
[2017.04.27-21.13.23:911][394]LogWindows:Warning: SymLoadModuleExW. Error: 0
[2017.04.27-21.13.23:911][394]LogWindows:Warning: SymLoadModuleExW. Error: 0
[2017.04.27-21.13.23:912][394]LogWindows:Warning: SymLoadModuleExW. Error: 0
[2017.04.27-21.13.23:912][394]LogWindows:Warning: SymLoadModuleExW. Error: 0
[2017.04.27-21.13.23:912][394]LogWindows:Warning: SymLoadModuleExW. Error: 0
[2017.04.27-21.13.23:912][394]LogWindows:Warning: SymLoadModuleExW. Error: 0
[2017.04.27-21.13.23:912][394]LogWindows:Warning: SymLoadModuleExW. Error: 0
[2017.04.27-21.13.23:912][394]LogWindows:Warning: SymLoadModuleExW. Error: 0
[2017.04.27-21.13.23:912][394]LogWindows:Warning: SymLoadModuleExW. Error: 0
[2017.04.27-21.13.23:913][394]LogWindows:Warning: SymLoadModuleExW. Error: 0
[2017.04.27-21.13.23:913][394]LogWindows:Warning: SymLoadModuleExW. Error: 0
[2017.04.27-21.13.23:913][394]LogWindows:Warning: SymLoadModuleExW. Error: 0
[2017.04.27-21.13.23:913][394]LogWindows:Warning: SymLoadModuleExW. Error: 0
[2017.04.27-21.13.23:913][394]LogWindows:Warning: SymLoadModuleExW. Error: 0
[2017.04.27-21.13.23:913][394]LogWindows:Warning: SymLoadModuleExW. Error: 0
[2017.04.27-21.13.23:913][394]LogWindows:Warning: SymLoadModuleExW. Error: 0
[2017.04.27-21.13.23:914][394]LogWindows:Warning: SymLoadModuleExW. Error: 0
[2017.04.27-21.13.23:914][394]LogWindows:Warning: SymLoadModuleExW. Error: 0
[2017.04.27-21.13.23:914][394]LogWindows:Warning: SymLoadModuleExW. Error: 0
[2017.04.27-21.13.23:914][394]LogWindows:Warning: SymLoadModuleExW. Error: 0
[2017.04.27-21.13.23:914][394]LogWindows:Warning: SymLoadModuleExW. Error: 0
[2017.04.27-21.13.23:914][394]LogWindows:Warning: SymLoadModuleExW. Error: 0
[2017.04.27-21.13.23:914][394]LogWindows:Warning: SymLoadModuleExW. Error: 0
[2017.04.27-21.13.23:915][394]LogWindows:Warning: SymLoadModuleExW. Error: 0
[2017.04.27-21.13.23:915][394]LogWindows:Warning: SymLoadModuleExW. Error: 0
[2017.04.27-21.13.23:915][394]LogWindows:Warning: SymLoadModuleExW. Error: 0
[2017.04.27-21.13.23:915][394]LogWindows:Warning: SymLoadModuleExW. Error: 0
[2017.04.27-21.13.23:915][394]LogWindows:Warning: SymLoadModuleExW. Error: 0
[2017.04.27-21.13.23:915][394]LogWindows:Warning: SymLoadModuleExW. Error: 0
[2017.04.27-21.13.23:916][394]LogWindows:Warning: SymLoadModuleExW. Error: 0
[2017.04.27-21.13.23:916][394]LogWindows:Warning: SymLoadModuleExW. Error: 0
[2017.04.27-21.13.23:916][394]LogWindows:Warning: SymLoadModuleExW. Error: 0
[2017.04.27-21.13.23:916][394]LogWindows:Warning: SymLoadModuleExW. Error: 0
[2017.04.27-21.13.23:916][394]LogWindows:Warning: SymLoadModuleExW. Error: 0
[2017.04.27-21.13.23:916][394]LogWindows:Warning: SymLoadModuleExW. Error: 0
[2017.04.27-21.13.23:916][394]LogWindows:Warning: SymLoadModuleExW. Error: 0
[2017.04.27-21.13.23:917][394]LogWindows:Warning: SymLoadModuleExW. Error: 0
[2017.04.27-21.13.23:917][394]LogWindows:Warning: SymLoadModuleExW. Error: 0
[2017.04.27-21.13.23:917][394]LogWindows:Warning: SymLoadModuleExW. Error: 0
[2017.04.27-21.13.23:917][394]LogWindows:Warning: SymLoadModuleExW. Error: 0
[2017.04.27-21.13.23:917][394]LogWindows:Warning: SymLoadModuleExW. Error: 0
[2017.04.27-21.13.23:917][394]LogWindows:Warning: SymLoadModuleExW. Error: 0
[2017.04.27-21.13.23:918][394]LogWindows:Warning: SymLoadModuleExW. Error: 0
[2017.04.27-21.13.23:918][394]LogWindows:Warning: SymLoadModuleExW. Error: 0
[2017.04.27-21.13.23:918][394]LogWindows:Warning: SymLoadModuleExW. Error: 0
[2017.04.27-21.13.23:918][394]LogWindows:Warning: SymLoadModuleExW. Error: 0
[2017.04.27-21.13.23:918][394]LogWindows:Warning: SymLoadModuleExW. Error: 0
[2017.04.27-21.13.23:918][394]LogWindows:Warning: SymLoadModuleExW. Error: 0
[2017.04.27-21.13.23:918][394]LogWindows:Warning: SymLoadModuleExW. Error: 0
[2017.04.27-21.13.23:919][394]LogWindows:Warning: SymLoadModuleExW. Error: 0
[2017.04.27-21.13.23:919][394]LogWindows:Warning: SymLoadModuleExW. Error: 0
[2017.04.27-21.13.23:919][394]LogWindows:Warning: SymLoadModuleExW. Error: 0
[2017.04.27-21.13.23:919][394]LogWindows:Warning: SymLoadModuleExW. Error: 0
[2017.04.27-21.13.23:919][394]LogWindows:Warning: SymLoadModuleExW. Error: 0
[2017.04.27-21.13.23:919][394]LogWindows:Warning: SymLoadModuleExW. Error: 0
[2017.04.27-21.13.23:920][394]LogWindows:Warning: SymLoadModuleExW. Error: 0
[2017.04.27-21.13.23:920][394]LogWindows:Warning: SymLoadModuleExW. Error: 0
[2017.04.27-21.13.23:920][394]LogWindows:Warning: SymLoadModuleExW. Error: 0
[2017.04.27-21.13.23:920][394]LogWindows:Warning: SymLoadModuleExW. Error: 0
[2017.04.27-21.13.23:920][394]LogWindows:Warning: SymLoadModuleExW. Error: 0
[2017.04.27-21.13.23:920][394]LogWindows:Warning: SymLoadModuleExW. Error: 0
[2017.04.27-21.13.23:921][394]LogWindows:Warning: SymLoadModuleExW. Error: 0
[2017.04.27-21.13.23:921][394]LogWindows:Warning: SymLoadModuleExW. Error: 0
[2017.04.27-21.13.23:921][394]LogWindows:Warning: SymLoadModuleExW. Error: 0
[2017.04.27-21.13.23:921][394]LogWindows:Warning: SymLoadModuleExW. Error: 0
[2017.04.27-21.13.23:921][394]LogWindows:Warning: SymLoadModuleExW. Error: 0
[2017.04.27-21.13.23:921][394]LogWindows:Warning: SymLoadModuleExW. Error: 0
[2017.04.27-21.13.23:922][394]LogWindows:Warning: SymLoadModuleExW. Error: 0
[2017.04.27-21.13.23:922][394]LogWindows:Warning: SymLoadModuleExW. Error: 0
[2017.04.27-21.13.23:922][394]LogWindows:Warning: SymLoadModuleExW. Error: 0
[2017.04.27-21.13.23:922][394]LogWindows:Warning: SymLoadModuleExW. Error: 0
[2017.04.27-21.13.23:922][394]LogWindows:Warning: SymLoadModuleExW. Error: 0
[2017.04.27-21.13.23:923][394]LogWindows:Warning: SymLoadModuleExW. Error: 0
[2017.04.27-21.13.23:923][394]LogWindows:Warning: SymLoadModuleExW. Error: 0
[2017.04.27-21.13.23:923][394]LogWindows:Warning: SymLoadModuleExW. Error: 0
[2017.04.27-21.13.23:923][394]LogWindows:Warning: SymLoadModuleExW. Error: 0
[2017.04.27-21.13.23:923][394]LogWindows:Warning: SymLoadModuleExW. Error: 0
[2017.04.27-21.13.23:923][394]LogWindows:Warning: SymLoadModuleExW. Error: 0
[2017.04.27-21.13.23:924][394]LogWindows:Warning: SymLoadModuleExW. Error: 0
[2017.04.27-21.13.23:924][394]LogWindows:Warning: SymLoadModuleExW. Error: 0
[2017.04.27-21.13.23:924][394]LogWindows:Warning: SymLoadModuleExW. Error: 0
[2017.04.27-21.13.23:924][394]LogWindows:Warning: SymLoadModuleExW. Error: 0
[2017.04.27-21.13.23:924][394]LogWindows:Warning: SymLoadModuleExW. Error: 0
[2017.04.27-21.13.23:924][394]LogWindows:Warning: SymLoadModuleExW. Error: 0
[2017.04.27-21.13.23:925][394]LogWindows:Warning: SymLoadModuleExW. Error: 0
[2017.04.27-21.13.23:925][394]LogWindows:Warning: SymLoadModuleExW. Error: 0
[2017.04.27-21.13.23:925][394]LogWindows:Warning: SymLoadModuleExW. Error: 0
[2017.04.27-21.13.23:925][394]LogWindows:Warning: SymLoadModuleExW. Error: 0
[2017.04.27-21.13.23:925][394]LogWindows:Warning: SymLoadModuleExW. Error: 0
[2017.04.27-21.13.23:925][394]LogWindows:Warning: SymLoadModuleExW. Error: 0
[2017.04.27-21.13.23:926][394]LogWindows:Warning: SymLoadModuleExW. Error: 0
[2017.04.27-21.13.23:926][394]LogWindows:Warning: SymLoadModuleExW. Error: 0
[2017.04.27-21.13.23:926][394]LogWindows:Warning: SymLoadModuleExW. Error: 0
[2017.04.27-21.13.23:926][394]LogWindows:Warning: SymLoadModuleExW. Error: 0
[2017.04.27-21.13.23:926][394]LogWindows:Warning: SymLoadModuleExW. Error: 0
[2017.04.27-21.13.23:926][394]LogWindows:Warning: SymLoadModuleExW. Error: 0
[2017.04.27-21.13.23:927][394]LogWindows:Warning: SymLoadModuleExW. Error: 0
[2017.04.27-21.13.23:927][394]LogWindows:Warning: SymLoadModuleExW. Error: 0
[2017.04.27-21.13.23:927][394]LogWindows:Warning: SymLoadModuleExW. Error: 0
[2017.04.27-21.13.23:927][394]LogWindows:Warning: SymLoadModuleExW. Error: 0
[2017.04.27-21.13.23:927][394]LogWindows:Warning: SymLoadModuleExW. Error: 0
[2017.04.27-21.13.23:928][394]LogWindows:Warning: SymLoadModuleExW. Error: 0
[2017.04.27-21.13.23:928][394]LogWindows:Warning: SymLoadModuleExW. Error: 0
[2017.04.27-21.13.23:928][394]LogWindows:Warning: SymLoadModuleExW. Error: 0
[2017.04.27-21.13.23:928][394]LogWindows:Warning: SymLoadModuleExW. Error: 0
[2017.04.27-21.13.23:928][394]LogWindows:Warning: SymLoadModuleExW. Error: 0
[2017.04.27-21.13.23:928][394]LogWindows:Warning: SymLoadModuleExW. Error: 0
[2017.04.27-21.13.23:929][394]LogWindows:Warning: SymLoadModuleExW. Error: 0
[2017.04.27-21.13.23:929][394]LogWindows:Warning: SymLoadModuleExW. Error: 0
[2017.04.27-21.13.23:929][394]LogWindows:Warning: SymLoadModuleExW. Error: 0
[2017.04.27-21.13.23:929][394]LogWindows:Warning: SymLoadModuleExW. Error: 0
[2017.04.27-21.13.23:929][394]LogWindows:Warning: SymLoadModuleExW. Error: 0
[2017.04.27-21.13.23:930][394]LogWindows:Warning: SymLoadModuleExW. Error: 0
[2017.04.27-21.13.23:930][394]LogWindows:Warning: SymLoadModuleExW. Error: 0
[2017.04.27-21.13.23:930][394]LogWindows:Warning: SymLoadModuleExW. Error: 0
[2017.04.27-21.13.23:930][394]LogWindows:Warning: SymLoadModuleExW. Error: 0
[2017.04.27-21.13.23:930][394]LogWindows:Warning: SymLoadModuleExW. Error: 0
[2017.04.27-21.13.23:931][394]LogWindows:Warning: SymLoadModuleExW. Error: 0
[2017.04.27-21.13.23:931][394]LogWindows:Warning: SymLoadModuleExW. Error: 0
[2017.04.27-21.13.23:931][394]LogWindows:Warning: SymLoadModuleExW. Error: 0
[2017.04.27-21.13.23:932][394]LogWindows:Warning: SymLoadModuleExW. Error: 0
[2017.04.27-21.13.23:932][394]LogWindows:Warning: SymLoadModuleExW. Error: 0
[2017.04.27-21.13.23:932][394]LogWindows:Warning: SymLoadModuleExW. Error: 0
[2017.04.27-21.13.23:933][394]LogWindows:Warning: SymLoadModuleExW. Error: 0
[2017.04.27-21.13.23:933][394]LogWindows:Warning: SymLoadModuleExW. Error: 0
[2017.04.27-21.13.23:933][394]LogWindows:Warning: SymLoadModuleExW. Error: 0
[2017.04.27-21.13.23:934][394]LogWindows:Warning: SymLoadModuleExW. Error: 0
[2017.04.27-21.13.23:934][394]LogWindows:Warning: SymLoadModuleExW. Error: 0
[2017.04.27-21.13.23:934][394]LogWindows:Warning: SymLoadModuleExW. Error: 0
[2017.04.27-21.13.23:934][394]LogWindows:Warning: SymLoadModuleExW. Error: 0
[2017.04.27-21.13.23:934][394]LogWindows:Warning: SymLoadModuleExW. Error: 0
[2017.04.27-21.13.23:935][394]LogWindows:Warning: SymLoadModuleExW. Error: 0
[2017.04.27-21.13.23:935][394]LogWindows:Warning: SymLoadModuleExW. Error: 0
[2017.04.27-21.13.23:935][394]LogWindows:Warning: SymLoadModuleExW. Error: 0
[2017.04.27-21.13.23:935][394]LogWindows:Warning: SymLoadModuleExW. Error: 0
[2017.04.27-21.13.23:935][394]LogWindows:Warning: SymLoadModuleExW. Error: 0
[2017.04.27-21.13.23:936][394]LogWindows:Warning: SymLoadModuleExW. Error: 0
[2017.04.27-21.13.23:936][394]LogWindows:Warning: SymLoadModuleExW. Error: 0
[2017.04.27-21.13.23:936][394]LogWindows:Warning: SymLoadModuleExW. Error: 0
[2017.04.27-21.13.23:937][394]LogWindows:Warning: SymLoadModuleExW. Error: 0
[2017.04.27-21.13.23:937][394]LogWindows:Warning: SymLoadModuleExW. Error: 0
[2017.04.27-21.13.23:937][394]LogWindows:Warning: SymLoadModuleExW. Error: 0
[2017.04.27-21.13.23:938][394]LogWindows:Warning: SymLoadModuleExW. Error: 0
[2017.04.27-21.13.23:938][394]LogWindows:Warning: SymLoadModuleExW. Error: 0
[2017.04.27-21.13.23:938][394]LogWindows:Warning: SymLoadModuleExW. Error: 0
[2017.04.27-21.13.23:938][394]LogWindows:Warning: SymLoadModuleExW. Error: 0
[2017.04.27-21.13.23:939][394]LogWindows:Warning: SymLoadModuleExW. Error: 0
[2017.04.27-21.13.23:939][394]LogWindows:Warning: SymLoadModuleExW. Error: 0
[2017.04.27-21.13.23:939][394]LogWindows:Warning: SymLoadModuleExW. Error: 0
[2017.04.27-21.13.23:939][394]LogWindows:Warning: SymLoadModuleExW. Error: 0
[2017.04.27-21.13.23:939][394]LogWindows:Warning: SymLoadModuleExW. Error: 0
[2017.04.27-21.13.23:940][394]LogWindows:Warning: SymLoadModuleExW. Error: 0
[2017.04.27-21.13.23:940][394]LogWindows:Warning: SymLoadModuleExW. Error: 0
[2017.04.27-21.13.23:940][394]LogWindows:Warning: SymLoadModuleExW. Error: 0
[2017.04.27-21.13.23:940][394]LogWindows:Warning: SymLoadModuleExW. Error: 0
[2017.04.27-21.13.23:941][394]LogWindows:Warning: SymLoadModuleExW. Error: 0
[2017.04.27-21.13.23:941][394]LogWindows:Warning: SymLoadModuleExW. Error: 0
[2017.04.27-21.13.23:941][394]LogWindows:Warning: SymLoadModuleExW. Error: 0
[2017.04.27-21.13.23:941][394]LogWindows:Warning: SymLoadModuleExW. Error: 0
[2017.04.27-21.13.23:941][394]LogWindows:Warning: SymLoadModuleExW. Error: 0
[2017.04.27-21.13.23:942][394]LogWindows:Warning: SymLoadModuleExW. Error: 0
[2017.04.27-21.13.23:942][394]LogWindows:Warning: SymLoadModuleExW. Error: 0
[2017.04.27-21.13.23:942][394]LogWindows:Warning: SymLoadModuleExW. Error: 0
[2017.04.27-21.13.23:942][394]LogWindows:Warning: SymLoadModuleExW. Error: 0
[2017.04.27-21.13.23:942][394]LogWindows:Warning: SymLoadModuleExW. Error: 0
[2017.04.27-21.13.23:943][394]LogWindows:Warning: SymLoadModuleExW. Error: 0
[2017.04.27-21.13.23:943][394]LogWindows:Warning: SymLoadModuleExW. Error: 0
[2017.04.27-21.13.23:943][394]LogWindows:Warning: SymLoadModuleExW. Error: 0
[2017.04.27-21.13.23:943][394]LogWindows:Warning: SymLoadModuleExW. Error: 0
[2017.04.27-21.13.23:943][394]LogWindows:Warning: SymLoadModuleExW. Error: 0
[2017.04.27-21.13.23:944][394]LogWindows:Warning: SymLoadModuleExW. Error: 0
[2017.04.27-21.13.23:944][394]LogWindows:Warning: SymLoadModuleExW. Error: 0
[2017.04.27-21.13.23:944][394]LogWindows:Warning: SymLoadModuleExW. Error: 0
[2017.04.27-21.13.23:944][394]LogWindows:Warning: SymLoadModuleExW. Error: 0
[2017.04.27-21.13.23:944][394]LogWindows:Warning: SymLoadModuleExW. Error: 0
[2017.04.27-21.13.23:945][394]LogWindows:Warning: SymLoadModuleExW. Error: 0
[2017.04.27-21.13.23:945][394]LogWindows:Warning: SymLoadModuleExW. Error: 0
[2017.04.27-21.13.23:945][394]LogWindows:Warning: SymLoadModuleExW. Error: 0
[2017.04.27-21.13.23:945][394]LogWindows:Warning: SymLoadModuleExW. Error: 0
[2017.04.27-21.13.23:946][394]LogWindows:Warning: SymLoadModuleExW. Error: 0
[2017.04.27-21.13.23:946][394]LogWindows:Warning: SymLoadModuleExW. Error: 0
[2017.04.27-21.13.23:946][394]LogWindows:Warning: SymLoadModuleExW. Error: 0
[2017.04.27-21.13.23:946][394]LogWindows:Warning: SymLoadModuleExW. Error: 0
[2017.04.27-21.13.23:946][394]LogWindows:Warning: SymLoadModuleExW. Error: 0
[2017.04.27-21.13.23:947][394]LogWindows:Warning: SymLoadModuleExW. Error: 0
[2017.04.27-21.13.23:947][394]LogWindows:Warning: SymLoadModuleExW. Error: 0
[2017.04.27-21.13.24:035][394]LogStats: FPlatformStackWalk::StackWalkAndDump -  0.148 s
[2017.04.27-21.13.24:035][394]LogOutputDevice:Error: === Handled ensure: ===
[2017.04.27-21.13.24:035][394]LogOutputDevice:Error: 
[2017.04.27-21.13.24:035][394]LogOutputDevice:Error: Ensure condition failed: TankAimingComponent [File:C:\Users\Sarah\Documents\Unreal Projects\04_BattleTank\BattleTank\Source\BattleTank\Private\Tank.cpp] [Line: 42]
[2017.04.27-21.13.24:035][394]LogOutputDevice:Error: 
[2017.04.27-21.13.24:035][394]LogOutputDevice:Error: Stack: 
[2017.04.27-21.13.24:035][394]LogOutputDevice:Error: UE4Editor-Core.dll!0x00000000ABDC95D6
[2017.04.27-21.13.24:035][394]LogOutputDevice:Error: UE4Editor-Core.dll!0x00000000ABB79B72
[2017.04.27-21.13.24:035][394]LogOutputDevice:Error: UE4Editor-Core.dll!0x00000000ABB8B656
[2017.04.27-21.13.24:035][394]LogOutputDevice:Error: UE4Editor-BattleTank-8477.dll!ATank::AimAt() [c:\users\sarah\documents\unreal projects\04_battletank\battletank\source\battletank\private\tank.cpp:42]
[2017.04.27-21.13.24:035][394]LogOutputDevice:Error: UE4Editor-BattleTank-8477.dll!ATankPlayerController::AimTowardsCrosshair() [c:\users\sarah\documents\unreal projects\04_battletank\battletank\source\battletank\private\tankplayercontroller.cpp:65]
[2017.04.27-21.13.24:035][394]LogOutputDevice:Error: UE4Editor-Engine.dll!0x00000000993233CC
[2017.04.27-21.13.24:035][394]LogOutputDevice:Error: UE4Editor-Engine.dll!0x000000009869AA2E
[2017.04.27-21.13.24:035][394]LogOutputDevice:Error: UE4Editor-Engine.dll!0x000000009961F62D
[2017.04.27-21.13.24:035][394]LogOutputDevice:Error: UE4Editor-Engine.dll!0x00000000996252FD
[2017.04.27-21.13.24:035][394]LogOutputDevice:Error: UE4Editor-Core.dll!0x00000000ABA4D83D
[2017.04.27-21.13.24:035][394]LogOutputDevice:Error: UE4Editor-Core.dll!0x00000000ABA4DC5D
[2017.04.27-21.13.24:035][394]LogOutputDevice:Error: UE4Editor-Core.dll!0x00000000ABA6CCDB
[2017.04.27-21.13.24:035][394]LogOutputDevice:Error: UE4Editor-Engine.dll!0x0000000099649051
[2017.04.27-21.13.24:035][394]LogOutputDevice:Error: UE4Editor-Engine.dll!0x00000000996598D2
[2017.04.27-21.13.24:035][394]LogOutputDevice:Error: UE4Editor-Engine.dll!0x0000000098F87B44
[2017.04.27-21.13.24:035][394]LogOutputDevice:Error: UE4Editor-Engine.dll!0x0000000098F8FC6B
[2017.04.27-21.13.24:035][394]LogOutputDevice:Error: UE4Editor-UnrealEd.dll!0x00000000A6306D8E
[2017.04.27-21.13.24:035][394]LogOutputDevice:Error: UE4Editor-UnrealEd.dll!0x00000000A6B11AD6
[2017.04.27-21.13.24:035][394]LogOutputDevice:Error: UE4Editor.exe!0x000000004BF4DEE3
[2017.04.27-21.13.24:035][394]LogOutputDevice:Error: UE4Editor.exe!0x000000004BF3EB40
[2017.04.27-21.13.24:035][394]LogOutputDevice:Error: UE4Editor.exe!0x000000004BF3EBBA
[2017.04.27-21.13.24:035][394]LogOutputDevice:Error: UE4Editor.exe!0x000000004BF50A29
[2017.04.27-21.13.24:035][394]LogOutputDevice:Error: UE4Editor.exe!0x000000004BF522B6
[2017.04.27-21.13.24:035][394]LogOutputDevice:Error: KERNEL32.DLL!0x00000000E12A8364
[2017.04.27-21.13.24:036][394]LogOutputDevice:Error: ntdll.dll!0x00000000E18470D1
[2017.04.27-21.13.24:036][394]LogOutputDevice:Error: 
[2017.04.27-21.13.24:036][394]LogStats:                SubmitErrorReport -  0.000 s
