Log file open, 04/23/17 17:44:23
LogInit:Display: Running engine for game: BattleTank
LogPlatformFile: Not using cached read wrapper
LogInit:Display: RandInit(-214855192) SRandInit(-214855191).
LogTaskGraph: Started task graph with 5 named threads and 8 total threads with 1 sets of task threads.
LogStats: Stats thread started at 0.090347
LogInit: Using libcurl 7.47.1
LogInit:  - built for x86_64-pc-win32
LogInit:  - supports SSL with OpenSSL/1.0.2g
LogInit:  - supports HTTP deflate (compression) using libz 1.2.8
LogInit:  - other features:
LogInit:      CURL_VERSION_SSL
LogInit:      CURL_VERSION_LIBZ
LogInit:      CURL_VERSION_IPV6
LogInit:      CURL_VERSION_ASYNCHDNS
LogInit:      CURL_VERSION_LARGEFILE
LogInit:      CURL_VERSION_IDN
LogInit:  CurlRequestOptions (configurable via config and command line):
LogInit:  - bVerifyPeer = false  - Libcurl will NOT verify peer certificate
LogInit:  - bUseHttpProxy = false  - Libcurl will NOT use HTTP proxy
LogInit:  - bDontReuseConnections = false  - Libcurl will reuse connections
LogInit:  - CertBundlePath = nullptr  - Libcurl will use whatever was configured at build time.
LogInit: Build: ++UE4+Release-4.15-CL-3299760
LogInit: Engine Version: 4.15.0-3299760+++UE4+Release-4.15
LogInit: Compatible Engine Version: 4.15.0-3299760+++UE4+Release-4.15
LogInit: Net CL: 3299760
LogDevObjectVersion: Number of dev versions registered: 14
LogDevObjectVersion:   Dev-Blueprints (B0D832E4-1F89-4F0D-ACCF-7EB736FD4AA2): 8
LogDevObjectVersion:   Dev-Build (E1C64328-A22C-4D53-A36C-8E866417BD8C): 0
LogDevObjectVersion:   Dev-Core (375EC13C-06E4-48FB-B500-84F0262A717E): 2
LogDevObjectVersion:   Dev-Editor (E4B068ED-F494-42E9-A231-DA0B2E46BB41): 14
LogDevObjectVersion:   Dev-Framework (CFFC743F-43B0-4480-9391-14DF171D2073): 22
LogDevObjectVersion:   Dev-Mobile (B02B49B5-BB20-44E9-A304-32B752E40360): 0
LogDevObjectVersion:   Dev-Networking (A4E4105C-59A1-49B5-A7C5-40C4547EDFEE): 0
LogDevObjectVersion:   Dev-Online (39C831C9-5AE6-47DC-9A44-9C173E1C8E7C): 0
LogDevObjectVersion:   Dev-Physics (78F01B33-EBEA-4F98-B9B4-84EACCB95AA2): 0
LogDevObjectVersion:   Dev-Platform (6631380F-2D4D-43E0-8009-CF276956A95A): 0
LogDevObjectVersion:   Dev-Rendering (12F88B9F-8875-4AFC-A67C-D90C383ABD29): 12
LogDevObjectVersion:   Dev-Sequencer (7B5AE74C-D270-4C10-A958-57980B212A5A): 3
LogDevObjectVersion:   Dev-VR (D7296918-1DD6-4BDD-9DE2-64A83CC13884): 0
LogDevObjectVersion:   Dev-LoadTimes (C2A15278-BFE7-4AFE-6C17-90FF531DF755): 1
LogInit: Compiled (64-bit): Feb 14 2017 02:04:14
LogInit: Compiled with Visual C++: 19.00.23026.00
LogInit: Build Configuration: Development
LogInit: Branch Name: ++UE4+Release-4.15
LogInit: Command line: -EpicPortal 
LogInit: Base directory: C:/Program Files/Epic Games/UE_4.15/Engine/Binaries/Win64/
LogInit: Installed Engine Build: 1
LogInit: Presizing for max 8388607 objects, including 0 objects not considered by GC, pre-allocating 0 bytes for permanent pool.
LogInit: Object subsystem initialized
[2017.04.23-16.44.24:414][  0]LogInit: Selected Device Profile: [Windows]
[2017.04.23-16.44.24:414][  0]LogInit: Applying CVar settings loaded from the selected device profile: [Windows]
[2017.04.23-16.44.24:429][  0]LogInit: Computer: DESKTOP-0PEK566
[2017.04.23-16.44.24:429][  0]LogInit: User: Sarah
[2017.04.23-16.44.24:429][  0]LogInit: CPU Page size=65536, Cores=4
[2017.04.23-16.44.24:429][  0]LogInit: High frequency timer resolution =2.143576 MHz
[2017.04.23-16.44.24:429][  0]LogMemory: Memory total: Physical=7.9GB (8GB approx)
[2017.04.23-16.44.24:430][  0]LogMemory: Platform Memory Stats for Windows
[2017.04.23-16.44.24:430][  0]LogMemory: Process Physical Memory: 262.95 MB used, 262.95 MB peak
[2017.04.23-16.44.24:430][  0]LogMemory: Process Virtual Memory: 262.70 MB used, 262.70 MB peak
[2017.04.23-16.44.24:430][  0]LogMemory: Physical Memory: 3165.88 MB used,  4918.40 MB free, 8084.27 MB total
[2017.04.23-16.44.24:430][  0]LogMemory: Virtual Memory: 644.18 MB used,  4918.40 MB free, 134217728.00 MB total
[2017.04.23-16.44.24:533][  0]LogTextLocalizationManager: No specific translations for ('en-US') exist, so ('en') translations will be used.
[2017.04.23-16.44.25:305][  0]LogD3D11RHI: D3D11 adapters:
[2017.04.23-16.44.25:365][  0]LogD3D11RHI:    0. 'AMD Radeon HD 7600M Series' (Feature Level 11_0)
[2017.04.23-16.44.25:365][  0]LogD3D11RHI:       1004/0/3840 MB DedicatedVideo/DedicatedSystem/SharedSystem, Outputs:1, VendorId:0x1002
[2017.04.23-16.44.25:369][  0]LogD3D11RHI:    1. 'Intel(R) HD Graphics 4000' (Feature Level 11_0)
[2017.04.23-16.44.25:369][  0]LogD3D11RHI:       32/0/1760 MB DedicatedVideo/DedicatedSystem/SharedSystem, Outputs:0, VendorId:0x8086
[2017.04.23-16.44.25:370][  0]LogD3D11RHI:    2. 'Microsoft Basic Render Driver' (Feature Level 11_0)
[2017.04.23-16.44.25:370][  0]LogD3D11RHI:       0/0/4042 MB DedicatedVideo/DedicatedSystem/SharedSystem, Outputs:0, VendorId:0x1414
[2017.04.23-16.44.25:370][  0]LogD3D11RHI: Chosen D3D11 Adapter: 0
[2017.04.23-16.44.25:377][  0]LogD3D11RHI: Creating new Direct3DDevice
[2017.04.23-16.44.25:377][  0]LogD3D11RHI:     GPU DeviceId: 0x6840 (for the marketing name, search the web for "GPU Device Id")
[2017.04.23-16.44.25:377][  0]LogWindows: EnumDisplayDevices:
[2017.04.23-16.44.25:377][  0]LogWindows:    0. 'Intel(R) HD Graphics 4000' (P:1 D:1)
[2017.04.23-16.44.25:377][  0]LogWindows:    1. 'Intel(R) HD Graphics 4000' (P:0 D:0)
[2017.04.23-16.44.25:378][  0]LogWindows:    2. 'Intel(R) HD Graphics 4000' (P:0 D:0)
[2017.04.23-16.44.25:378][  0]LogWindows: DebugString: PrimaryIsNotTheChoosenAdapter PrimaryIsNotTheChoosenAdapter PrimaryIsNotTheChoosenAdapter FoundDriverCount:0 
[2017.04.23-16.44.25:378][  0]LogD3D11RHI:     Adapter Name: AMD Radeon HD 7600M Series
[2017.04.23-16.44.25:378][  0]LogD3D11RHI:   Driver Version: Unknown (internal:Unknown, unified:Unknown)
[2017.04.23-16.44.25:378][  0]LogD3D11RHI:      Driver Date: Unknown
[2017.04.23-16.44.25:378][  0]LogRHI: Texture pool is 702 MB (70% of 1004 MB)
[2017.04.23-16.44.25:386][  0]LogD3D11RHI: AMD Pre GCN architecture detected, some driver workarounds will be in place
[2017.04.23-16.44.25:393][  0]LogD3D11RHI: Async texture creation enabled
[2017.04.23-16.44.25:406][  0]LogD3D11RHI: GPU Timing Frequency: 27.000000 (Debug: 2 1)
[2017.04.23-16.44.25:407][  0]LogShaderCompilers: Guid format shader working directory is -35 characters bigger than the processId version (../../../../../../Users/Sarah/Documents/Unreal Projects/04_BattleTank/BattleTank/Intermediate/Shaders/WorkingDirectory/35600/).
[2017.04.23-16.44.25:407][  0]LogShaderCompilers: Cleaned the shader compiler working directory 'C:/Users/Sarah/AppData/Local/Temp/UnrealShaderWorkingDir/3DF176ED424D410333239891D58F93AE/'.
[2017.04.23-16.44.25:407][  0]LogShaderCompilers:Display: Using Local Shader Compiler.
[2017.04.23-16.44.26:797][  0]LogTemp:Display: Loaded TP AllDesktopTargetPlatform
[2017.04.23-16.44.26:875][  0]LogTemp:Display: Loaded TP MacClientTargetPlatform
[2017.04.23-16.44.26:954][  0]LogTemp:Display: Loaded TP MacNoEditorTargetPlatform
[2017.04.23-16.44.27:033][  0]LogTemp:Display: Loaded TP MacServerTargetPlatform
[2017.04.23-16.44.27:112][  0]LogTemp:Display: Loaded TP MacTargetPlatform
[2017.04.23-16.44.27:192][  0]LogTemp:Display: Loaded TP WindowsClientTargetPlatform
[2017.04.23-16.44.27:271][  0]LogTemp:Display: Loaded TP WindowsNoEditorTargetPlatform
[2017.04.23-16.44.27:349][  0]LogTemp:Display: Loaded TP WindowsServerTargetPlatform
[2017.04.23-16.44.27:414][  0]LogTemp:Display: Loaded TP WindowsTargetPlatform
[2017.04.23-16.44.27:493][  0]LogTemp:Display: Loaded TP AndroidTargetPlatform
[2017.04.23-16.44.27:570][  0]LogTemp:Display: Loaded TP Android_ASTCTargetPlatform
[2017.04.23-16.44.27:660][  0]LogTemp:Display: Loaded TP Android_ATCTargetPlatform
[2017.04.23-16.44.27:739][  0]LogTemp:Display: Loaded TP Android_DXTTargetPlatform
[2017.04.23-16.44.27:819][  0]LogTemp:Display: Loaded TP Android_ETC1TargetPlatform
[2017.04.23-16.44.27:896][  0]LogTemp:Display: Loaded TP Android_ETC2TargetPlatform
[2017.04.23-16.44.28:048][  0]LogTemp:Display: Loaded TP Android_MultiTargetPlatform
[2017.04.23-16.44.28:048][  0]LogTemp:Display: Loaded TP Android_PVRTCTargetPlatform
[2017.04.23-16.44.28:100][  0]LogTemp:Display: Loaded TP HTML5TargetPlatform
[2017.04.23-16.44.28:229][  0]LogTemp:Display: Loaded TP IOSTargetPlatform
[2017.04.23-16.44.28:281][  0]LogTemp:Display: Loaded TP TVOSTargetPlatform
[2017.04.23-16.44.28:357][  0]LogTemp:Display: Loaded TP LinuxClientTargetPlatform
[2017.04.23-16.44.28:432][  0]LogTemp:Display: Loaded TP LinuxNoEditorTargetPlatform
[2017.04.23-16.44.28:509][  0]LogTemp:Display: Loaded TP LinuxServerTargetPlatform
[2017.04.23-16.44.28:585][  0]LogTemp:Display: Loaded TP LinuxTargetPlatform
[2017.04.23-16.44.28:585][  0]LogTargetPlatformManager:Display: Building Assets For Windows
[2017.04.23-16.44.29:277][  0]LogDerivedDataCache:Display: Max Cache Size: 512 MB
[2017.04.23-16.44.29:334][  0]LogDerivedDataCache: Loaded boot cache 0.06s 50MB C:/Users/Sarah/AppData/Local/UnrealEngine/4.15/DerivedDataCache/Boot.ddc.
[2017.04.23-16.44.29:334][  0]LogDerivedDataCache:Display: Loaded Boot cache: C:/Users/Sarah/AppData/Local/UnrealEngine/4.15/DerivedDataCache/Boot.ddc
[2017.04.23-16.44.29:334][  0]LogDerivedDataCache: FDerivedDataBackendGraph:  Pak pak cache file ../../../../../../Users/Sarah/Documents/Unreal Projects/04_BattleTank/BattleTank/DerivedDataCache/DDC.ddp not found, will not use a pak cache.
[2017.04.23-16.44.29:334][  0]LogDerivedDataCache: Unable to find inner node Pak for hierarchical cache Hierarchy.
[2017.04.23-16.44.29:334][  0]LogDerivedDataCache: FDerivedDataBackendGraph:  CompressedPak pak cache file ../../../../../../Users/Sarah/Documents/Unreal Projects/04_BattleTank/BattleTank/DerivedDataCache/Compressed.ddp not found, will not use a pak cache.
[2017.04.23-16.44.29:334][  0]LogDerivedDataCache: Unable to find inner node CompressedPak for hierarchical cache Hierarchy.
[2017.04.23-16.44.29:358][  0]LogDerivedDataCache:Display: Pak cache opened for reading ../../../Engine/DerivedDataCache/Compressed.ddp.
[2017.04.23-16.44.29:370][  0]LogDerivedDataCache: Using Local data cache path C:/Users/Sarah/AppData/Local/UnrealEngine/Common/DerivedDataCache: Writable
[2017.04.23-16.44.29:381][  0]LogSlate: Using Freetype 2.6.0
[2017.04.23-16.44.29:382][  0]LogSlate: SlateFontCache - WITH_FREETYPE: 1, WITH_HARFBUZZ: 1
[2017.04.23-16.44.29:382][  0]LogSlate: SlateFontCache - WITH_FREETYPE: 1, WITH_HARFBUZZ: 1
[2017.04.23-16.44.29:979][  0]LogInit: Selected Device Profile: [Windows]
[2017.04.23-16.44.29:984][  0]LogContentStreaming: Texture pool size is 0.00 MB
[2017.04.23-16.44.30:306][  0]LogMeshUtilities: Using QuadricMeshReduction for automatic static mesh reduction
[2017.04.23-16.44.30:372][  0]LogSimplygon: Simplygon DLL not present - disabling.
[2017.04.23-16.44.30:456][  0]LogMeshUtilities: Using SimplygonSwarm for distributed automatic mesh merging
[2017.04.23-16.44.30:456][  0]LogMeshUtilities: No automatic skeletal mesh reduction module available
[2017.04.23-16.44.30:456][  0]LogMeshUtilities: No automatic mesh merging module available
[2017.04.23-16.44.31:214][  0]LogNetVersion: GetLocalNetworkVersion: CL: 3299760, ProjectName: battletank, ProjectVersion: , EngineNetworkVersion: 2, GameNetworkVersion: 0, NetworkChecksum: 2512795372
[2017.04.23-16.44.31:271][  0]LogAssetRegistry: FAssetRegistry took 0.0222 seconds to start up
[2017.04.23-16.44.31:342][  0]LogPackageLocalizationCache: Processed 3 localized package path(s) for 2 prioritized culture(s) in 0.038896 seconds
[2017.04.23-16.44.31:350][  0]LogUObjectArray: 32475 objects as part of root set at end of initial load.
[2017.04.23-16.44.31:350][  0]LogUObjectAllocator: 7073360 out of 0 bytes used by permanent object pool.
[2017.04.23-16.44.31:350][  0]LogUObjectArray: CloseDisregardForGC: 0/0 objects in disregard for GC pool
[2017.04.23-16.44.31:468][  0]LogInit: WinSock: version 1.1 (2.2), MaxSocks=32767, MaxUdp=65467
[2017.04.23-16.44.33:776][  0]LogTcpMessaging: Initializing TcpMessaging bridge
[2017.04.23-16.44.33:842][  0]LogUdpMessaging: Initializing bridge on interface 0.0.0.0:0 to multicast group 230.0.0.1:6666.
[2017.04.23-16.44.34:608][  0]LogMaterial: Uniform references updated for custom material expression Custom.
[2017.04.23-16.44.35:180][  0]SourceControl: Info Source control is disabled
[2017.04.23-16.44.35:217][  0]SourceControl: Info Source control is disabled
[2017.04.23-16.44.35:295][  0]SourceControl: Info Source control is disabled
[2017.04.23-16.44.35:374][  0]SourceControl: Info Source control is disabled
[2017.04.23-16.44.37:520][  0]LogEngine: Initializing Engine...
[2017.04.23-16.44.37:520][  0]LogHMD: Failed to initialize OpenVR with code 110
[2017.04.23-16.44.37:824][  0]LogAIModule: Creating AISystem for world Untitled
[2017.04.23-16.44.37:833][  0]LogInit: XAudio2 using 'Speakers (2- High Definition Audio Device)' : 2 channels at 44.1 kHz using 16 bits per sample (channel mask 0x3)
[2017.04.23-16.44.37:851][  0]LogInit: FAudioDevice initialized.
[2017.04.23-16.44.37:879][  0]LogDerivedDataCache: Saved boot cache 0.03s 50MB C:/Users/Sarah/AppData/Local/UnrealEngine/4.15/DerivedDataCache/Boot.ddc.
[2017.04.23-16.44.37:889][  0]LogInit: Texture streaming: Enabled
[2017.04.23-16.44.38:026][  0]LogEngineSessionManager: EngineSessionManager initialized
[2017.04.23-16.44.38:153][  0]LogInit: Transaction tracking system initialized
[2017.04.23-16.44.38:664][  0]BlueprintLog: New page: Editor Load
[2017.04.23-16.44.39:942][  0]LocalizationService: Info Localization service is disabled
[2017.04.23-16.44.41:138][  0]LogConsoleResponse:Display: 
[2017.04.23-16.44.41:328][  0]LogCook:Display: Max memory allowance for cook 16384mb min free memory 0mb
[2017.04.23-16.44.41:328][  0]LogCook:Display: Mobile HDR setting 1
[2017.04.23-16.44.42:309][  0]LogFileCache: Scanning file cache for directory 'C:/Users/Sarah/Documents/Unreal Projects/04_BattleTank/BattleTank/Content/' took 0.02s
[2017.04.23-16.44.42:992][  0]SourceControl: Info Source control is disabled
[2017.04.23-16.44.43:078][  0]LogSlate: Took 0.000288 seconds to synchronously load lazily loaded font '../../../Engine/Content/Slate/Fonts/Roboto-Regular.ttf' (155K)
[2017.04.23-16.45.17:275][  0]LogWindowsTextInputMethodSystem:Display: IME system now deactivated.
[2017.04.23-16.45.17:291][  0]LogWindowsTextInputMethodSystem:Display: IME system now deactivated.
[2017.04.23-16.45.18:689][  0]LogWindowsTextInputMethodSystem:Display: IME system now deactivated.
[2017.04.23-16.45.18:716][  0]LogWindowsTextInputMethodSystem:Display: IME system now deactivated.
[2017.04.23-16.45.18:717][  0]Cmd: MAP LOAD FILE="../../../../../../Users/Sarah/Documents/Unreal Projects/04_BattleTank/BattleTank/Content/Levels/BattleGround.umap" TEMPLATE=0 SHOWPROGRESS=1 FEATURELEVEL=3
[2017.04.23-16.45.18:718][  0]LightingResults: New page: Lighting Build
[2017.04.23-16.45.18:800][  0]MapCheck: New page: Map Check
[2017.04.23-16.45.18:800][  0]LightingResults: New page: Lighting Build
[2017.04.23-16.45.19:377][  0]LogAIModule: Creating AISystem for world BattleGround
[2017.04.23-16.45.19:650][  0]LogEditorServer: Finished looking for orphan Actors (0.000 secs)
[2017.04.23-16.45.19:651][  0]Cmd: MAP CHECKDEP NOCLEARLOG
[2017.04.23-16.45.19:709][  0]MapCheck: Info Map check complete: 0 Error(s), 0 Warning(s), took 58.259ms to complete.
[2017.04.23-16.45.19:709][  0]LogFileHelpers: Loading map 'BattleGround' took 0.992
[2017.04.23-16.45.19:904][  0]LogStats:Warning: MetaData mismatch. Did you assign a stat to two groups? New //STATGROUP_Threads//SplashScreenThread///Thread_6d70_0///####STATCAT_Advanced#### old //STATGROUP_Threads//SplashScreenThread///Thread_8890_0///####STATCAT_Advanced####
[2017.04.23-16.45.19:904][  0]LogCollectionManager: Loaded 1 collections in 0.006043 seconds
[2017.04.23-16.45.20:009][  0]LogFileCache: Scanning file cache for directory 'C:/Users/Sarah/Documents/Unreal Projects/04_BattleTank/BattleTank/Saved/Collections/' took 0.01s
[2017.04.23-16.45.20:009][  0]LogFileCache: Scanning file cache for directory 'C:/Users/Sarah/Documents/Unreal Projects/04_BattleTank/BattleTank/Content/Developers/Sarah/Collections/' took 0.01s
[2017.04.23-16.45.20:009][  0]LogFileCache: Scanning file cache for directory 'C:/Users/Sarah/Documents/Unreal Projects/04_BattleTank/BattleTank/Content/Collections/' took 0.01s
[2017.04.23-16.45.20:009][  0]LogCollectionManager: Rebuilt the GUID cache for 1 collections in 0.000005 seconds
[2017.04.23-16.45.20:009][  0]LogCollectionManager: Rebuilt the hierarchy cache for 1 collections in 0.000000 seconds
[2017.04.23-16.45.20:027][  0]LogContentBrowser: Native class hierarchy populated in 0.0173 seconds. Added 2252 classes and 453 folders.
[2017.04.23-16.45.20:032][  0]LogStats: UGameplayTagsManager::ConstructGameplayTagTree: Construct from data asset -  0.000 s
[2017.04.23-16.45.20:032][  0]LogStats: UGameplayTagsManager::ConstructGameplayTagTree: GameplayTagTreeChangedEvent.Broadcast -  0.000 s
[2017.04.23-16.45.20:133][  0]LogContentBrowser: Native class hierarchy updated for 'WidgetCarousel' in 0.0036 seconds. Added 0 classes and 0 folders.
[2017.04.23-16.45.20:545][  0]LogContentBrowser: Native class hierarchy updated for 'AddContentDialog' in 0.0036 seconds. Added 0 classes and 0 folders.
[2017.04.23-16.45.20:613][  0]LogContentBrowser: Native class hierarchy updated for 'SceneOutliner' in 0.0034 seconds. Added 1 classes and 2 folders.
[2017.04.23-16.45.20:678][  0]LogCrashTracker: Crashtracker disabled due to settings.
[2017.04.23-16.45.20:685][  0]LogUObjectGlobals:Warning: Failed to find object 'Class None.'
[2017.04.23-16.45.20:772][  0]LogContentBrowser: Native class hierarchy updated for 'HierarchicalLODOutliner' in 0.0036 seconds. Added 1 classes and 2 folders.
[2017.04.23-16.45.20:772][  0]LogLoad: (Engine Initialization) Total time: 60.00 seconds
[2017.04.23-16.45.20:773][  0]LogLoad: (Engine Initialization) Total Blueprint compile time: 0.17 seconds
[2017.04.23-16.45.20:773][  0]LogExternalProfiler: No external profilers were discovered.  External profiling features will not be available.
[2017.04.23-16.45.20:790][  0]LogOcInput: OculusInput pre-init called
[2017.04.23-16.45.20:811][  0]LogContentStreaming: Texture pool size now 600 MB
[2017.04.23-16.45.20:814][  0]LogSlate: Took 0.000267 seconds to synchronously load lazily loaded font '../../../Engine/Content/Slate/Fonts/Roboto-Bold.ttf' (160K)
[2017.04.23-16.45.20:829][  0]LogSlate: Took 0.008051 seconds to synchronously load lazily loaded font '../../../Engine/Content/Editor/Slate/Fonts/FontAwesome.ttf' (139K)
[2017.04.23-16.45.20:836][  0]LogSlate: Took 0.006400 seconds to synchronously load lazily loaded font '../../../Engine/Content/Editor/Slate/Fonts/DroidSansMono.ttf' (77K)
[2017.04.23-16.45.21:091][  0]LogRenderer: Reallocating scene render targets to support 1028x592 NumSamples 1 (Frame:2).
[2017.04.23-16.45.21:314][  1]LogAssetRegistry: Asset discovery search completed in 50.0652 seconds
[2017.04.23-16.45.21:314][  1]LogCollectionManager: Rebuilt the object cache for 1 collections in 0.000008 seconds (found 0 objects)
[2017.04.23-16.45.21:314][  1]LogCollectionManager: Fixed up redirectors for 1 collections in 0.000150 seconds (updated 0 objects)
[2017.04.23-16.45.25:094][148]LogSlate: Took 0.010565 seconds to synchronously load lazily loaded font '../../../Engine/Content/Slate/Fonts/Roboto-Light.ttf' (159K)
[2017.04.23-16.45.25:773][148]LogContentBrowser: Native class hierarchy updated for 'BlueprintGraph' in 0.0040 seconds. Added 112 classes and 0 folders.
[2017.04.23-16.45.26:801][148]LogSlate: Took 0.009005 seconds to synchronously load lazily loaded font '../../../Engine/Content/Editor/Slate/Fonts/Roboto-BoldCondensed.ttf' (158K)
[2017.04.23-16.45.32:078][310]LogSlate: Took 0.007031 seconds to synchronously load lazily loaded font '../../../Engine/Content/Editor/Slate/Fonts/Roboto-Italic.ttf' (157K)
[2017.04.23-16.45.45:807][743]Cmd: OBJ SAVEPACKAGE PACKAGE="/Game/Tank/Tank_BP" FILE="../../../../../../Users/Sarah/Documents/Unreal Projects/04_BattleTank/BattleTank/Content/Tank/Tank_BP.uasset" SILENT=true
[2017.04.23-16.45.45:872][743]LogSavePackage: Save=42.71ms
[2017.04.23-16.45.45:873][743]LogSavePackage: Moving '../../../../../../Users/Sarah/Documents/Unreal Projects/04_BattleTank/BattleTank/Saved/Tank_BPDEDD3B9C44BA7514D1085E8D484B9D87.tmp' to '../../../../../../Users/Sarah/Documents/Unreal Projects/04_BattleTank/BattleTank/Content/Tank/Tank_BP.uasset'
[2017.04.23-16.45.45:879][743]LogSavePackage:Display: Finished SavePackage ../../../../../../Users/Sarah/Documents/Unreal Projects/04_BattleTank/BattleTank/Content/Tank/Tank_BP.uasset
[2017.04.23-16.45.46:372][759]BlueprintLog: New page: Compile Tank_BP
[2017.04.23-16.45.51:447][937]LogSavePackage: Save=293.35ms
[2017.04.23-16.45.51:447][937]LogSavePackage: Moving '../../../../../../Users/Sarah/Documents/Unreal Projects/04_BattleTank/BattleTank/Saved/BattleGround3FF53F3E4ECC29921779CC823D22DE34.tmp' to '../../../../../../Users/Sarah/Documents/Unreal Projects/04_BattleTank/BattleTank/Content/Levels/BattleGround.umap'
[2017.04.23-16.45.51:451][937]LogSavePackage:Display: Finished SavePackage ../../../../../../Users/Sarah/Documents/Unreal Projects/04_BattleTank/BattleTank/Content/Levels/BattleGround.umap
[2017.04.23-16.45.51:493][937]LogFileHelpers: Saving map 'BattleGround' took 0.436
[2017.04.23-16.45.52:302][967]Recompiling BattleTank...
[2017.04.23-16.45.52:302][967]Launching UnrealBuildTool... [C:/Program Files/Epic Games/UE_4.15/Engine/Binaries/DotNET/UnrealBuildTool.exe BattleTank -ModuleWithSuffix BattleTank 5108 Win64 Development -editorrecompile -canskiplink "C:/Users/Sarah/Documents/Unreal Projects/04_BattleTank/BattleTank/BattleTank.uproject" ]
[2017.04.23-16.45.52:305][967]Warning: Starting HotReload took  0.1s.
[2017.04.23-16.46.00:606][253]CompilerResultsLog: New page: Compilation - Apr 23, 2017, 6:46:00 PM
[2017.04.23-16.46.00:607][253]CompilerResultsLog: Info Compiling game modules for hot reload
[2017.04.23-16.46.00:607][253]CompilerResultsLog: Info Performing 4 actions (4 in parallel)
[2017.04.23-16.46.00:607][253]CompilerResultsLog: Info TankAimingComponent.cpp
[2017.04.23-16.46.00:607][253]CompilerResultsLog: Info Tank.cpp
[2017.04.23-16.46.00:608][253]CompilerResultsLog:Error: Error C:\Users\Sarah\Documents\Unreal Projects\04_BattleTank\BattleTank\Source\BattleTank\Private\TankAimingComponent.cpp(84) : error C3867: 'FVector::Rotation': non-standard syntax; use '&' to create a pointer to member
[2017.04.23-16.46.00:608][253]CompilerResultsLog:Error: Error C:\Users\Sarah\Documents\Unreal Projects\04_BattleTank\BattleTank\Source\BattleTank\Private\TankAimingComponent.cpp(86) : error C3536: 'TurretRotator': cannot be used before it is initialized
[2017.04.23-16.46.00:608][253]CompilerResultsLog:Error: Error C:\Users\Sarah\Documents\Unreal Projects\04_BattleTank\BattleTank\Source\BattleTank\Private\TankAimingComponent.cpp(86) : error C2679: binary '-': no operator found which takes a right-hand operand of type 'int' (or there is no acceptable conversion)
[2017.04.23-16.46.00:609][253]CompilerResultsLog:Error: Error c:\program files\epic games\ue_4.15\engine\source\runtime\core\public\Math/Rotator.h(470) : note: could be 'FRotator FRotator::operator -(const FRotator &) const'
[2017.04.23-16.46.00:609][253]CompilerResultsLog:Error: Error C:\Users\Sarah\Documents\Unreal Projects\04_BattleTank\BattleTank\Source\BattleTank\Private\TankAimingComponent.cpp(86) : note: while trying to match the argument list '(FRotator, int)'
[2017.04.23-16.46.00:609][253]CompilerResultsLog:Error: Error C:\Users\Sarah\Documents\Unreal Projects\04_BattleTank\BattleTank\Source\BattleTank\Private\TankAimingComponent.cpp(88) : error C3536: 'DeltaRotator': cannot be used before it is initialized
[2017.04.23-16.46.00:610][253]CompilerResultsLog:Error: Error C:\Users\Sarah\Documents\Unreal Projects\04_BattleTank\BattleTank\Source\BattleTank\Private\TankAimingComponent.cpp(88) : error C2228: left of '.Yaw' must have class/struct/union
[2017.04.23-16.46.00:610][253]CompilerResultsLog:Error: Error C:\Users\Sarah\Documents\Unreal Projects\04_BattleTank\BattleTank\Source\BattleTank\Private\TankAimingComponent.cpp(88) : note: type is 'int'
[2017.04.23-16.46.00:610][253]CompilerResultsLog: Info ERROR: UBT ERROR: Failed to produce item: C:\Users\Sarah\Documents\Unreal Projects\04_BattleTank\BattleTank\Binaries\Win64\UE4Editor-BattleTank-5108.dll
[2017.04.23-16.46.00:610][253]CompilerResultsLog: Info Total build time: 7.93 seconds (Local executor: 0.00 seconds)
[2017.04.23-16.46.00:611][253]LogMainFrame: MainFrame: Module compiling took 8.315 seconds
[2017.04.23-16.46.00:611][253]Warning: HotReload failed, recompile failed
[2017.04.23-16.47.31:536][614]Recompiling BattleTank...
[2017.04.23-16.47.31:536][614]Launching UnrealBuildTool... [C:/Program Files/Epic Games/UE_4.15/Engine/Binaries/DotNET/UnrealBuildTool.exe BattleTank -ModuleWithSuffix BattleTank 7084 Win64 Development -editorrecompile -canskiplink "C:/Users/Sarah/Documents/Unreal Projects/04_BattleTank/BattleTank/BattleTank.uproject" ]
[2017.04.23-16.47.31:538][614]Warning: Starting HotReload took  0.0s.
[2017.04.23-16.47.35:673][766]CompilerResultsLog: New page: Compilation - Apr 23, 2017, 6:47:35 PM
[2017.04.23-16.47.35:673][766]CompilerResultsLog: Info Compiling game modules for hot reload
[2017.04.23-16.47.35:674][766]CompilerResultsLog: Info Performing 3 actions (4 in parallel)
[2017.04.23-16.47.35:674][766]CompilerResultsLog: Info TankAimingComponent.cpp
[2017.04.23-16.47.35:674][766]CompilerResultsLog: Info [2/3] Link UE4Editor-BattleTank-7084.dll
[2017.04.23-16.47.35:674][766]CompilerResultsLog: Info [3/3] Link UE4Editor-BattleTank-7084.lib
[2017.04.23-16.47.35:674][766]CompilerResultsLog: Info    Creating library C:\Users\Sarah\Documents\Unreal Projects\04_BattleTank\BattleTank\Intermediate\Build\Win64\UE4Editor\Development\UE4Editor-BattleTank-7084.lib and object C:\Users\Sarah\Documents\Unreal Projects\04_BattleTank\BattleTank\Intermediate\Build\Win64\UE4Editor\Development\UE4Editor-BattleTank-7084.exp
[2017.04.23-16.47.35:675][766]CompilerResultsLog: Info    Creating library C:\Users\Sarah\Documents\Unreal Projects\04_BattleTank\BattleTank\Intermediate\Build\Win64\UE4Editor\Development\UE4Editor-BattleTank-7084.suppressed.lib and object C:\Users\Sarah\Documents\Unreal Projects\04_BattleTank\BattleTank\Intermediate\Build\Win64\UE4Editor\Development\UE4Editor-BattleTank-7084.suppressed.exp
[2017.04.23-16.47.35:675][766]CompilerResultsLog: Info Total build time: 3.78 seconds (Local executor: 2.68 seconds)
[2017.04.23-16.47.35:676][766]LogMainFrame: MainFrame: Module compiling took 4.147 seconds
[2017.04.23-16.47.35:789][766]LogContentBrowser: Native class hierarchy updated for 'BattleTank' in 0.0036 seconds. Added 8 classes and 3 folders.
[2017.04.23-16.47.35:791][766]Display: HotReload successful (2 functions remapped  0 scriptstructs remapped)
[2017.04.23-16.47.36:230][766]LogContentBrowser: Native class hierarchy populated in 0.0142 seconds. Added 2254 classes and 457 folders.
[2017.04.23-16.47.36:231][766]Display: HotReload took  4.7s.
[2017.04.23-16.47.40:370][913]LogTemp: Repeting last play command: Selected Viewport
[2017.04.23-16.47.40:403][913]LogBlueprintUserMessages: Early PlayInEditor Detection: Level '/Game/Levels/BattleGround.BattleGround:PersistentLevel' has LevelScriptBlueprint '/Game/Levels/BattleGround.BattleGround:PersistentLevel.BattleGround' with GeneratedClass '/Game/Levels/BattleGround.BattleGround_C' with ClassGeneratedBy '/Game/Levels/BattleGround.BattleGround:PersistentLevel.BattleGround'
[2017.04.23-16.47.40:404][913]LogPlayLevel: PlayLevel: No blueprints needed recompiling
[2017.04.23-16.47.40:404][913]PIE: New page: PIE session: BattleGround (Apr 23, 2017, 6:47:40 PM)
[2017.04.23-16.47.40:404][913]LogPlayLevel: Creating play world package: /Game/Levels/UEDPIE_0_BattleGround
[2017.04.23-16.47.40:418][913]LogPlayLevel: PIE: StaticDuplicateObject took: (0.013701s)
[2017.04.23-16.47.40:419][913]LogAIModule: Creating AISystem for world BattleGround
[2017.04.23-16.47.40:419][913]LogPlayLevel: PIE: World Init took: (0.001173s)
[2017.04.23-16.47.40:420][913]LogPlayLevel: PIE: Created PIE world by copying editor world from /Game/Levels/BattleGround.BattleGround to /Game/Levels/UEDPIE_0_BattleGround.BattleGround (0.015569s)
[2017.04.23-16.47.40:484][913]LogInit: XAudio2 using 'Speakers (2- High Definition Audio Device)' : 2 channels at 44.1 kHz using 16 bits per sample (channel mask 0x3)
[2017.04.23-16.47.40:493][913]LogInit: FAudioDevice initialized.
[2017.04.23-16.47.40:549][913]LogLoad: Game class is 'BattleTankGameMode_BP_C'
[2017.04.23-16.47.40:556][913]LogWorld: Bringing World /Game/Levels/UEDPIE_0_BattleGround.BattleGround up for play (max tick rate 60) at 2017.04.23-17.47.40
[2017.04.23-16.47.40:557][913]LogWorld: Bringing up level for play took: 0.006026
[2017.04.23-16.47.40:647][913]LogContentBrowser: Native class hierarchy updated for 'MovieSceneCapture' in 0.0036 seconds. Added 11 classes and 0 folders.
[2017.04.23-16.47.40:649][913]LogTemp:Warning: AI Tank name: Tank_BP3 is targetting player tank: Tank_BP_C_0
[2017.04.23-16.47.40:649][913]LogTemp:Warning: AI Tank name: Tank_BP_540 is targetting player tank: Tank_BP_C_0
[2017.04.23-16.47.40:649][913]LogTemp:Warning: AI Tank name: Tank_BP4_1033 is targetting player tank: Tank_BP_C_0
[2017.04.23-16.47.40:649][913]LogTemp:Warning: AI Tank name: Tank_BP2 is targetting player tank: Tank_BP_C_0
[2017.04.23-16.47.40:650][913]LogTemp:Warning: Tank_BP_C_0 has possessed by Player
[2017.04.23-16.47.40:650][913]PIE: Info Play in editor start time for /Game/Levels/UEDPIE_0_BattleGround 0.646
[2017.04.23-16.47.40:651][913]LogBlueprintUserMessages: Late PlayInEditor Detection: Level '/Game/Levels/BattleGround.BattleGround:PersistentLevel' has LevelScriptBlueprint '/Game/Levels/BattleGround.BattleGround:PersistentLevel.BattleGround' with GeneratedClass '/Game/Levels/BattleGround.BattleGround_C' with ClassGeneratedBy '/Game/Levels/BattleGround.BattleGround:PersistentLevel.BattleGround'
[2017.04.23-16.47.44:404][ 91]LogBlueprintUserMessages: Early EndPlayMap Detection: Level '/Game/Levels/BattleGround.BattleGround:PersistentLevel' has LevelScriptBlueprint '/Game/Levels/BattleGround.BattleGround:PersistentLevel.BattleGround' with GeneratedClass '/Game/Levels/BattleGround.BattleGround_C' with ClassGeneratedBy '/Game/Levels/BattleGround.BattleGround:PersistentLevel.BattleGround'
[2017.04.23-16.47.44:455][ 91]LogBlueprintUserMessages: Late EndPlayMap Detection: Level '/Game/Levels/BattleGround.BattleGround:PersistentLevel' has LevelScriptBlueprint '/Game/Levels/BattleGround.BattleGround:PersistentLevel.BattleGround' with GeneratedClass '/Game/Levels/BattleGround.BattleGround_C' with ClassGeneratedBy '/Game/Levels/BattleGround.BattleGround:PersistentLevel.BattleGround'
[2017.04.23-16.47.53:138][348]BlueprintLog: New page: Compile Tank_BP
[2017.04.23-16.47.53:845][362]Cmd: OBJ SAVEPACKAGE PACKAGE="/Game/Tank/Tank_BP" FILE="../../../../../../Users/Sarah/Documents/Unreal Projects/04_BattleTank/BattleTank/Content/Tank/Tank_BP.uasset" SILENT=true
[2017.04.23-16.47.53:905][362]LogSavePackage: Save=44.41ms
[2017.04.23-16.47.53:905][362]LogSavePackage: Moving '../../../../../../Users/Sarah/Documents/Unreal Projects/04_BattleTank/BattleTank/Saved/Tank_BP0AD72BD84579AB34936C67AD4BA1C8FE.tmp' to '../../../../../../Users/Sarah/Documents/Unreal Projects/04_BattleTank/BattleTank/Content/Tank/Tank_BP.uasset'
[2017.04.23-16.47.53:910][362]LogSavePackage:Display: Finished SavePackage ../../../../../../Users/Sarah/Documents/Unreal Projects/04_BattleTank/BattleTank/Content/Tank/Tank_BP.uasset
[2017.04.23-16.47.55:470][411]LogTemp: Repeting last play command: Selected Viewport
[2017.04.23-16.47.55:490][411]LogBlueprintUserMessages: Early PlayInEditor Detection: Level '/Game/Levels/BattleGround.BattleGround:PersistentLevel' has LevelScriptBlueprint '/Game/Levels/BattleGround.BattleGround:PersistentLevel.BattleGround' with GeneratedClass '/Game/Levels/BattleGround.BattleGround_C' with ClassGeneratedBy '/Game/Levels/BattleGround.BattleGround:PersistentLevel.BattleGround'
[2017.04.23-16.47.55:491][411]LogPlayLevel: PlayLevel: No blueprints needed recompiling
[2017.04.23-16.47.55:491][411]PIE: New page: PIE session: BattleGround (Apr 23, 2017, 6:47:55 PM)
[2017.04.23-16.47.55:491][411]LogPlayLevel: Creating play world package: /Game/Levels/UEDPIE_0_BattleGround
[2017.04.23-16.47.55:504][411]LogPlayLevel: PIE: StaticDuplicateObject took: (0.012136s)
[2017.04.23-16.47.55:504][411]LogAIModule: Creating AISystem for world BattleGround
[2017.04.23-16.47.55:505][411]LogPlayLevel: PIE: World Init took: (0.000908s)
[2017.04.23-16.47.55:505][411]LogPlayLevel: PIE: Created PIE world by copying editor world from /Game/Levels/BattleGround.BattleGround to /Game/Levels/UEDPIE_0_BattleGround.BattleGround (0.013645s)
[2017.04.23-16.47.55:528][411]LogInit: XAudio2 using 'Speakers (2- High Definition Audio Device)' : 2 channels at 44.1 kHz using 16 bits per sample (channel mask 0x3)
[2017.04.23-16.47.55:536][411]LogInit: FAudioDevice initialized.
[2017.04.23-16.47.55:566][411]LogLoad: Game class is 'BattleTankGameMode_BP_C'
[2017.04.23-16.47.55:574][411]LogWorld: Bringing World /Game/Levels/UEDPIE_0_BattleGround.BattleGround up for play (max tick rate 60) at 2017.04.23-17.47.55
[2017.04.23-16.47.55:576][411]LogWorld: Bringing up level for play took: 0.008385
[2017.04.23-16.47.55:579][411]LogTemp:Warning: AI Tank name: Tank_BP3 is targetting player tank: Tank_BP_C_0
[2017.04.23-16.47.55:580][411]LogTemp:Warning: AI Tank name: Tank_BP_540 is targetting player tank: Tank_BP_C_0
[2017.04.23-16.47.55:580][411]LogTemp:Warning: AI Tank name: Tank_BP4_1033 is targetting player tank: Tank_BP_C_0
[2017.04.23-16.47.55:580][411]LogTemp:Warning: AI Tank name: Tank_BP2 is targetting player tank: Tank_BP_C_0
[2017.04.23-16.47.55:580][411]LogTemp:Warning: Tank_BP_C_0 has possessed by Player
[2017.04.23-16.47.55:581][411]PIE: Info Play in editor start time for /Game/Levels/UEDPIE_0_BattleGround -0.423
[2017.04.23-16.47.55:581][411]LogBlueprintUserMessages: Late PlayInEditor Detection: Level '/Game/Levels/BattleGround.BattleGround:PersistentLevel' has LevelScriptBlueprint '/Game/Levels/BattleGround.BattleGround:PersistentLevel.BattleGround' with GeneratedClass '/Game/Levels/BattleGround.BattleGround_C' with ClassGeneratedBy '/Game/Levels/BattleGround.BattleGround:PersistentLevel.BattleGround'
[2017.04.23-16.47.55:582][411]LogTemp:Error: The name is: , component 
