Log file open, 04/28/17 12:52:36
LogInit:Display: Running engine for game: BattleTank
LogPlatformFile: Not using cached read wrapper
LogInit:Display: RandInit(-696360960) SRandInit(-696360959).
LogTaskGraph: Started task graph with 5 named threads and 8 total threads with 1 sets of task threads.
LogStats: Stats thread started at 0.085644
LogInit: Using libcurl 7.47.1
LogInit:  - built for x86_64-pc-win32
LogInit:  - supports SSL with OpenSSL/1.0.2g
LogInit:  - supports HTTP deflate (compression) using libz 1.2.8
LogInit:  - other features:
LogInit:      CURL_VERSION_SSL
LogInit:      CURL_VERSION_LIBZ
LogInit:      CURL_VERSION_IPV6
LogInit:      CURL_VERSION_ASYNCHDNS
LogInit:      CURL_VERSION_LARGEFILE
LogInit:      CURL_VERSION_IDN
LogInit:  CurlRequestOptions (configurable via config and command line):
LogInit:  - bVerifyPeer = false  - Libcurl will NOT verify peer certificate
LogInit:  - bUseHttpProxy = false  - Libcurl will NOT use HTTP proxy
LogInit:  - bDontReuseConnections = false  - Libcurl will reuse connections
LogInit:  - CertBundlePath = nullptr  - Libcurl will use whatever was configured at build time.
LogInit: Build: ++UE4+Release-4.15-CL-3299760
LogInit: Engine Version: 4.15.0-3299760+++UE4+Release-4.15
LogInit: Compatible Engine Version: 4.15.0-3299760+++UE4+Release-4.15
LogInit: Net CL: 3299760
LogDevObjectVersion: Number of dev versions registered: 14
LogDevObjectVersion:   Dev-Blueprints (B0D832E4-1F89-4F0D-ACCF-7EB736FD4AA2): 8
LogDevObjectVersion:   Dev-Build (E1C64328-A22C-4D53-A36C-8E866417BD8C): 0
LogDevObjectVersion:   Dev-Core (375EC13C-06E4-48FB-B500-84F0262A717E): 2
LogDevObjectVersion:   Dev-Editor (E4B068ED-F494-42E9-A231-DA0B2E46BB41): 14
LogDevObjectVersion:   Dev-Framework (CFFC743F-43B0-4480-9391-14DF171D2073): 22
LogDevObjectVersion:   Dev-Mobile (B02B49B5-BB20-44E9-A304-32B752E40360): 0
LogDevObjectVersion:   Dev-Networking (A4E4105C-59A1-49B5-A7C5-40C4547EDFEE): 0
LogDevObjectVersion:   Dev-Online (39C831C9-5AE6-47DC-9A44-9C173E1C8E7C): 0
LogDevObjectVersion:   Dev-Physics (78F01B33-EBEA-4F98-B9B4-84EACCB95AA2): 0
LogDevObjectVersion:   Dev-Platform (6631380F-2D4D-43E0-8009-CF276956A95A): 0
LogDevObjectVersion:   Dev-Rendering (12F88B9F-8875-4AFC-A67C-D90C383ABD29): 12
LogDevObjectVersion:   Dev-Sequencer (7B5AE74C-D270-4C10-A958-57980B212A5A): 3
LogDevObjectVersion:   Dev-VR (D7296918-1DD6-4BDD-9DE2-64A83CC13884): 0
LogDevObjectVersion:   Dev-LoadTimes (C2A15278-BFE7-4AFE-6C17-90FF531DF755): 1
LogInit: Compiled (64-bit): Feb 14 2017 02:04:14
LogInit: Compiled with Visual C++: 19.00.23026.00
LogInit: Build Configuration: Development
LogInit: Branch Name: ++UE4+Release-4.15
LogInit: Command line: -EpicPortal 
LogInit: Base directory: C:/Program Files/Epic Games/UE_4.15/Engine/Binaries/Win64/
LogInit: Installed Engine Build: 1
LogInit: Presizing for max 8388607 objects, including 0 objects not considered by GC, pre-allocating 0 bytes for permanent pool.
LogInit: Object subsystem initialized
[2017.04.28-11.52.37:445][  0]LogInit: Selected Device Profile: [Windows]
[2017.04.28-11.52.37:445][  0]LogInit: Applying CVar settings loaded from the selected device profile: [Windows]
[2017.04.28-11.52.37:460][  0]LogInit: Computer: DESKTOP-0PEK566
[2017.04.28-11.52.37:460][  0]LogInit: User: Sarah
[2017.04.28-11.52.37:460][  0]LogInit: CPU Page size=65536, Cores=4
[2017.04.28-11.52.37:460][  0]LogInit: High frequency timer resolution =2.143576 MHz
[2017.04.28-11.52.37:460][  0]LogMemory: Memory total: Physical=7.9GB (8GB approx)
[2017.04.28-11.52.37:460][  0]LogMemory: Platform Memory Stats for Windows
[2017.04.28-11.52.37:460][  0]LogMemory: Process Physical Memory: 263.79 MB used, 263.79 MB peak
[2017.04.28-11.52.37:460][  0]LogMemory: Process Virtual Memory: 262.52 MB used, 262.52 MB peak
[2017.04.28-11.52.37:460][  0]LogMemory: Physical Memory: 3416.69 MB used,  4667.59 MB free, 8084.27 MB total
[2017.04.28-11.52.37:460][  0]LogMemory: Virtual Memory: 644.18 MB used,  4667.59 MB free, 134217728.00 MB total
[2017.04.28-11.52.37:591][  0]LogTextLocalizationManager: No specific translations for ('en-US') exist, so ('en') translations will be used.
[2017.04.28-11.52.38:321][  0]LogD3D11RHI: D3D11 adapters:
[2017.04.28-11.52.38:381][  0]LogD3D11RHI:    0. 'AMD Radeon HD 7600M Series' (Feature Level 11_0)
[2017.04.28-11.52.38:381][  0]LogD3D11RHI:       1004/0/3840 MB DedicatedVideo/DedicatedSystem/SharedSystem, Outputs:1, VendorId:0x1002
[2017.04.28-11.52.38:385][  0]LogD3D11RHI:    1. 'Intel(R) HD Graphics 4000' (Feature Level 11_0)
[2017.04.28-11.52.38:385][  0]LogD3D11RHI:       32/0/1760 MB DedicatedVideo/DedicatedSystem/SharedSystem, Outputs:0, VendorId:0x8086
[2017.04.28-11.52.38:386][  0]LogD3D11RHI:    2. 'Microsoft Basic Render Driver' (Feature Level 11_0)
[2017.04.28-11.52.38:386][  0]LogD3D11RHI:       0/0/4042 MB DedicatedVideo/DedicatedSystem/SharedSystem, Outputs:0, VendorId:0x1414
[2017.04.28-11.52.38:386][  0]LogD3D11RHI: Chosen D3D11 Adapter: 0
[2017.04.28-11.52.38:400][  0]LogD3D11RHI: Creating new Direct3DDevice
[2017.04.28-11.52.38:400][  0]LogD3D11RHI:     GPU DeviceId: 0x6840 (for the marketing name, search the web for "GPU Device Id")
[2017.04.28-11.52.38:400][  0]LogWindows: EnumDisplayDevices:
[2017.04.28-11.52.38:400][  0]LogWindows:    0. 'Intel(R) HD Graphics 4000' (P:1 D:1)
[2017.04.28-11.52.38:400][  0]LogWindows:    1. 'Intel(R) HD Graphics 4000' (P:0 D:0)
[2017.04.28-11.52.38:400][  0]LogWindows:    2. 'Intel(R) HD Graphics 4000' (P:0 D:0)
[2017.04.28-11.52.38:400][  0]LogWindows: DebugString: PrimaryIsNotTheChoosenAdapter PrimaryIsNotTheChoosenAdapter PrimaryIsNotTheChoosenAdapter FoundDriverCount:0 
[2017.04.28-11.52.38:400][  0]LogD3D11RHI:     Adapter Name: AMD Radeon HD 7600M Series
[2017.04.28-11.52.38:400][  0]LogD3D11RHI:   Driver Version: Unknown (internal:Unknown, unified:Unknown)
[2017.04.28-11.52.38:400][  0]LogD3D11RHI:      Driver Date: Unknown
[2017.04.28-11.52.38:400][  0]LogRHI: Texture pool is 702 MB (70% of 1004 MB)
[2017.04.28-11.52.38:409][  0]LogD3D11RHI: AMD Pre GCN architecture detected, some driver workarounds will be in place
[2017.04.28-11.52.38:416][  0]LogD3D11RHI: Async texture creation enabled
[2017.04.28-11.52.38:428][  0]LogD3D11RHI: GPU Timing Frequency: 27.000000 (Debug: 2 1)
[2017.04.28-11.52.38:429][  0]LogShaderCompilers: Guid format shader working directory is -35 characters bigger than the processId version (../../../../../../Users/Sarah/Documents/Unreal Projects/04_BattleTank/BattleTank/Intermediate/Shaders/WorkingDirectory/98708/).
[2017.04.28-11.52.38:429][  0]LogShaderCompilers: Cleaned the shader compiler working directory 'C:/Users/Sarah/AppData/Local/Temp/UnrealShaderWorkingDir/E6EAB5184B358E4D526A56A4A2FCC537/'.
[2017.04.28-11.52.38:429][  0]LogShaderCompilers:Display: Using Local Shader Compiler.
[2017.04.28-11.52.40:068][  0]LogTemp:Display: Loaded TP AllDesktopTargetPlatform
[2017.04.28-11.52.40:195][  0]LogTemp:Display: Loaded TP MacClientTargetPlatform
[2017.04.28-11.52.40:279][  0]LogTemp:Display: Loaded TP MacNoEditorTargetPlatform
[2017.04.28-11.52.40:368][  0]LogTemp:Display: Loaded TP MacServerTargetPlatform
[2017.04.28-11.52.40:455][  0]LogTemp:Display: Loaded TP MacTargetPlatform
[2017.04.28-11.52.40:550][  0]LogTemp:Display: Loaded TP WindowsClientTargetPlatform
[2017.04.28-11.52.40:635][  0]LogTemp:Display: Loaded TP WindowsNoEditorTargetPlatform
[2017.04.28-11.52.40:722][  0]LogTemp:Display: Loaded TP WindowsServerTargetPlatform
[2017.04.28-11.52.40:795][  0]LogTemp:Display: Loaded TP WindowsTargetPlatform
[2017.04.28-11.52.40:879][  0]LogTemp:Display: Loaded TP AndroidTargetPlatform
[2017.04.28-11.52.40:966][  0]LogTemp:Display: Loaded TP Android_ASTCTargetPlatform
[2017.04.28-11.52.41:050][  0]LogTemp:Display: Loaded TP Android_ATCTargetPlatform
[2017.04.28-11.52.41:136][  0]LogTemp:Display: Loaded TP Android_DXTTargetPlatform
[2017.04.28-11.52.41:221][  0]LogTemp:Display: Loaded TP Android_ETC1TargetPlatform
[2017.04.28-11.52.41:306][  0]LogTemp:Display: Loaded TP Android_ETC2TargetPlatform
[2017.04.28-11.52.41:476][  0]LogTemp:Display: Loaded TP Android_MultiTargetPlatform
[2017.04.28-11.52.41:476][  0]LogTemp:Display: Loaded TP Android_PVRTCTargetPlatform
[2017.04.28-11.52.41:535][  0]LogTemp:Display: Loaded TP HTML5TargetPlatform
[2017.04.28-11.52.41:702][  0]LogTemp:Display: Loaded TP IOSTargetPlatform
[2017.04.28-11.52.41:758][  0]LogTemp:Display: Loaded TP TVOSTargetPlatform
[2017.04.28-11.52.41:847][  0]LogTemp:Display: Loaded TP LinuxClientTargetPlatform
[2017.04.28-11.52.41:930][  0]LogTemp:Display: Loaded TP LinuxNoEditorTargetPlatform
[2017.04.28-11.52.42:019][  0]LogTemp:Display: Loaded TP LinuxServerTargetPlatform
[2017.04.28-11.52.42:103][  0]LogTemp:Display: Loaded TP LinuxTargetPlatform
[2017.04.28-11.52.42:103][  0]LogTargetPlatformManager:Display: Building Assets For Windows
[2017.04.28-11.52.42:922][  0]LogDerivedDataCache:Display: Max Cache Size: 512 MB
[2017.04.28-11.52.42:990][  0]LogDerivedDataCache: Loaded boot cache 0.07s 50MB C:/Users/Sarah/AppData/Local/UnrealEngine/4.15/DerivedDataCache/Boot.ddc.
[2017.04.28-11.52.42:990][  0]LogDerivedDataCache:Display: Loaded Boot cache: C:/Users/Sarah/AppData/Local/UnrealEngine/4.15/DerivedDataCache/Boot.ddc
[2017.04.28-11.52.42:990][  0]LogDerivedDataCache: FDerivedDataBackendGraph:  Pak pak cache file ../../../../../../Users/Sarah/Documents/Unreal Projects/04_BattleTank/BattleTank/DerivedDataCache/DDC.ddp not found, will not use a pak cache.
[2017.04.28-11.52.42:990][  0]LogDerivedDataCache: Unable to find inner node Pak for hierarchical cache Hierarchy.
[2017.04.28-11.52.42:990][  0]LogDerivedDataCache: FDerivedDataBackendGraph:  CompressedPak pak cache file ../../../../../../Users/Sarah/Documents/Unreal Projects/04_BattleTank/BattleTank/DerivedDataCache/Compressed.ddp not found, will not use a pak cache.
[2017.04.28-11.52.42:990][  0]LogDerivedDataCache: Unable to find inner node CompressedPak for hierarchical cache Hierarchy.
[2017.04.28-11.52.43:014][  0]LogDerivedDataCache:Display: Pak cache opened for reading ../../../Engine/DerivedDataCache/Compressed.ddp.
[2017.04.28-11.52.43:027][  0]LogDerivedDataCache: Using Local data cache path C:/Users/Sarah/AppData/Local/UnrealEngine/Common/DerivedDataCache: Writable
[2017.04.28-11.52.43:037][  0]LogSlate: Using Freetype 2.6.0
[2017.04.28-11.52.43:038][  0]LogSlate: SlateFontCache - WITH_FREETYPE: 1, WITH_HARFBUZZ: 1
[2017.04.28-11.52.43:038][  0]LogSlate: SlateFontCache - WITH_FREETYPE: 1, WITH_HARFBUZZ: 1
[2017.04.28-11.52.43:467][  0]LogInit: Selected Device Profile: [Windows]
[2017.04.28-11.52.43:470][  0]LogContentStreaming: Texture pool size is 0.00 MB
[2017.04.28-11.52.43:806][  0]LogMeshUtilities: Using QuadricMeshReduction for automatic static mesh reduction
[2017.04.28-11.52.43:876][  0]LogSimplygon: Simplygon DLL not present - disabling.
[2017.04.28-11.52.43:981][  0]LogMeshUtilities: Using SimplygonSwarm for distributed automatic mesh merging
[2017.04.28-11.52.43:981][  0]LogMeshUtilities: No automatic skeletal mesh reduction module available
[2017.04.28-11.52.43:981][  0]LogMeshUtilities: No automatic mesh merging module available
[2017.04.28-11.52.44:848][  0]LogNetVersion: GetLocalNetworkVersion: CL: 3299760, ProjectName: battletank, ProjectVersion: , EngineNetworkVersion: 2, GameNetworkVersion: 0, NetworkChecksum: 2512795372
[2017.04.28-11.52.44:912][  0]LogAssetRegistry: FAssetRegistry took 0.0214 seconds to start up
[2017.04.28-11.52.44:988][  0]LogPackageLocalizationCache: Processed 3 localized package path(s) for 2 prioritized culture(s) in 0.036885 seconds
[2017.04.28-11.52.44:996][  0]LogUObjectArray: 32475 objects as part of root set at end of initial load.
[2017.04.28-11.52.44:996][  0]LogUObjectAllocator: 7073360 out of 0 bytes used by permanent object pool.
[2017.04.28-11.52.44:996][  0]LogUObjectArray: CloseDisregardForGC: 0/0 objects in disregard for GC pool
[2017.04.28-11.52.45:103][  0]LogInit: WinSock: version 1.1 (2.2), MaxSocks=32767, MaxUdp=65467
[2017.04.28-11.52.47:833][  0]LogTcpMessaging: Initializing TcpMessaging bridge
[2017.04.28-11.52.47:922][  0]LogUdpMessaging: Initializing bridge on interface 0.0.0.0:0 to multicast group 230.0.0.1:6666.
[2017.04.28-11.52.48:878][  0]LogMaterial: Uniform references updated for custom material expression Custom.
[2017.04.28-11.52.49:589][  0]SourceControl: Info Source control is disabled
[2017.04.28-11.52.49:630][  0]SourceControl: Info Source control is disabled
[2017.04.28-11.52.49:727][  0]SourceControl: Info Source control is disabled
[2017.04.28-11.52.49:836][  0]SourceControl: Info Source control is disabled
[2017.04.28-11.52.52:468][  0]LogEngine: Initializing Engine...
[2017.04.28-11.52.52:469][  0]LogHMD: Failed to initialize OpenVR with code 110
[2017.04.28-11.52.52:819][  0]LogAIModule: Creating AISystem for world Untitled
[2017.04.28-11.52.52:831][  0]LogInit: XAudio2 using 'Speakers (2- High Definition Audio Device)' : 2 channels at 44.1 kHz using 16 bits per sample (channel mask 0x3)
[2017.04.28-11.52.52:843][  0]LogInit: FAudioDevice initialized.
[2017.04.28-11.52.52:880][  0]LogDerivedDataCache: Saved boot cache 0.04s 50MB C:/Users/Sarah/AppData/Local/UnrealEngine/4.15/DerivedDataCache/Boot.ddc.
[2017.04.28-11.52.52:889][  0]LogInit: Texture streaming: Enabled
[2017.04.28-11.52.53:045][  0]LogEngineSessionManager: EngineSessionManager initialized
[2017.04.28-11.52.53:255][  0]LogInit: Transaction tracking system initialized
[2017.04.28-11.52.53:865][  0]BlueprintLog: New page: Editor Load
[2017.04.28-11.52.55:514][  0]LocalizationService: Info Localization service is disabled
[2017.04.28-11.52.57:102][  0]LogConsoleResponse:Display: 
[2017.04.28-11.52.57:306][  0]LogCook:Display: Max memory allowance for cook 16384mb min free memory 0mb
[2017.04.28-11.52.57:306][  0]LogCook:Display: Mobile HDR setting 1
[2017.04.28-11.52.57:901][  0]LogFileCache: Scanning file cache for directory 'C:/Users/Sarah/Documents/Unreal Projects/04_BattleTank/BattleTank/Content/' took 0.01s
[2017.04.28-11.52.59:549][  0]SourceControl: Info Source control is disabled
[2017.04.28-11.52.59:549][  0]Cmd: MAP LOAD FILE="../../../../../../Users/Sarah/Documents/Unreal Projects/04_BattleTank/BattleTank/Content/Levels/BattleGround.umap" TEMPLATE=0 SHOWPROGRESS=1 FEATURELEVEL=3
[2017.04.28-11.52.59:550][  0]LightingResults: New page: Lighting Build
[2017.04.28-11.52.59:620][  0]MapCheck: New page: Map Check
[2017.04.28-11.52.59:620][  0]LightingResults: New page: Lighting Build
[2017.04.28-11.53.00:239][  0]LogAIModule: Creating AISystem for world BattleGround
[2017.04.28-11.53.00:295][  0]LogEditorServer: Finished looking for orphan Actors (0.000 secs)
[2017.04.28-11.53.00:297][  0]Cmd: MAP CHECKDEP NOCLEARLOG
[2017.04.28-11.53.00:367][  0]MapCheck: Info Map check complete: 0 Error(s), 0 Warning(s), took 69.325ms to complete.
[2017.04.28-11.53.00:367][  0]LogFileHelpers: Loading map 'BattleGround' took 0.818
[2017.04.28-11.53.00:611][  0]LogCollectionManager: Loaded 1 collections in 0.002757 seconds
[2017.04.28-11.53.00:724][  0]LogFileCache: Scanning file cache for directory 'C:/Users/Sarah/Documents/Unreal Projects/04_BattleTank/BattleTank/Saved/Collections/' took 0.01s
[2017.04.28-11.53.00:724][  0]LogFileCache: Scanning file cache for directory 'C:/Users/Sarah/Documents/Unreal Projects/04_BattleTank/BattleTank/Content/Developers/Sarah/Collections/' took 0.01s
[2017.04.28-11.53.00:724][  0]LogFileCache: Scanning file cache for directory 'C:/Users/Sarah/Documents/Unreal Projects/04_BattleTank/BattleTank/Content/Collections/' took 0.01s
[2017.04.28-11.53.00:724][  0]LogCollectionManager: Rebuilt the GUID cache for 1 collections in 0.000006 seconds
[2017.04.28-11.53.00:724][  0]LogCollectionManager: Rebuilt the hierarchy cache for 1 collections in 0.000000 seconds
[2017.04.28-11.53.00:744][  0]LogContentBrowser: Native class hierarchy populated in 0.0194 seconds. Added 2255 classes and 453 folders.
[2017.04.28-11.53.00:749][  0]LogStats: UGameplayTagsManager::ConstructGameplayTagTree: Construct from data asset -  0.000 s
[2017.04.28-11.53.00:749][  0]LogStats: UGameplayTagsManager::ConstructGameplayTagTree: GameplayTagTreeChangedEvent.Broadcast -  0.000 s
[2017.04.28-11.53.00:868][  0]LogContentBrowser: Native class hierarchy updated for 'WidgetCarousel' in 0.0037 seconds. Added 0 classes and 0 folders.
[2017.04.28-11.53.00:939][  0]LogContentBrowser: Native class hierarchy updated for 'AddContentDialog' in 0.0040 seconds. Added 0 classes and 0 folders.
[2017.04.28-11.53.01:027][  0]LogContentBrowser: Native class hierarchy updated for 'SceneOutliner' in 0.0041 seconds. Added 1 classes and 2 folders.
[2017.04.28-11.53.01:109][  0]LogCrashTracker: Crashtracker disabled due to settings.
[2017.04.28-11.53.01:116][  0]LogUObjectGlobals:Warning: Failed to find object 'Class None.'
[2017.04.28-11.53.01:237][  0]LogContentBrowser: Native class hierarchy updated for 'HierarchicalLODOutliner' in 0.0041 seconds. Added 1 classes and 2 folders.
[2017.04.28-11.53.01:238][  0]LogLoad: (Engine Initialization) Total time: 27.98 seconds
[2017.04.28-11.53.01:238][  0]LogLoad: (Engine Initialization) Total Blueprint compile time: 0.21 seconds
[2017.04.28-11.53.01:238][  0]LogExternalProfiler: No external profilers were discovered.  External profiling features will not be available.
[2017.04.28-11.53.01:578][  0]LogOcInput: OculusInput pre-init called
[2017.04.28-11.53.01:600][  0]LogContentStreaming: Texture pool size now 600 MB
[2017.04.28-11.53.01:602][  0]LogSlate: Took 0.000245 seconds to synchronously load lazily loaded font '../../../Engine/Content/Slate/Fonts/Roboto-Regular.ttf' (155K)
[2017.04.28-11.53.01:607][  0]LogSlate: Took 0.000370 seconds to synchronously load lazily loaded font '../../../Engine/Content/Slate/Fonts/Roboto-Bold.ttf' (160K)
[2017.04.28-11.53.01:623][  0]LogSlate: Took 0.000360 seconds to synchronously load lazily loaded font '../../../Engine/Content/Editor/Slate/Fonts/FontAwesome.ttf' (139K)
[2017.04.28-11.53.01:790][  0]LogSlate: Took 0.000169 seconds to synchronously load lazily loaded font '../../../Engine/Content/Slate/Fonts/Roboto-Light.ttf' (159K)
[2017.04.28-11.53.01:927][  1]LogRenderer: Reallocating scene render targets to support 1032x628 NumSamples 1 (Frame:2).
[2017.04.28-11.53.01:927][  1]LogAssetRegistry: Asset discovery search completed in 17.0368 seconds
[2017.04.28-11.53.01:927][  1]LogCollectionManager: Rebuilt the object cache for 1 collections in 0.000020 seconds (found 0 objects)
[2017.04.28-11.53.01:927][  1]LogCollectionManager: Fixed up redirectors for 1 collections in 0.000050 seconds (updated 0 objects)
[2017.04.28-11.53.42:352][225]LogTemp: Repeting last play command: Selected Viewport
[2017.04.28-11.53.42:373][225]LogBlueprintUserMessages: Early PlayInEditor Detection: Level '/Game/Levels/BattleGround.BattleGround:PersistentLevel' has LevelScriptBlueprint '/Game/Levels/BattleGround.BattleGround:PersistentLevel.BattleGround' with GeneratedClass '/Game/Levels/BattleGround.BattleGround_C' with ClassGeneratedBy '/Game/Levels/BattleGround.BattleGround:PersistentLevel.BattleGround'
[2017.04.28-11.53.42:373][225]LogPlayLevel: PlayLevel: No blueprints needed recompiling
[2017.04.28-11.53.42:373][225]PIE: New page: PIE session: BattleGround (Apr 28, 2017, 1:53:42 PM)
[2017.04.28-11.53.42:373][225]LogPlayLevel: Creating play world package: /Game/Levels/UEDPIE_0_BattleGround
[2017.04.28-11.53.42:419][225]LogPlayLevel: PIE: StaticDuplicateObject took: (0.045444s)
[2017.04.28-11.53.42:419][225]LogAIModule: Creating AISystem for world BattleGround
[2017.04.28-11.53.42:420][225]LogPlayLevel: PIE: World Init took: (0.000899s)
[2017.04.28-11.53.42:420][225]LogPlayLevel: PIE: Created PIE world by copying editor world from /Game/Levels/BattleGround.BattleGround to /Game/Levels/UEDPIE_0_BattleGround.BattleGround (0.046667s)
[2017.04.28-11.53.42:443][225]LogInit: XAudio2 using 'Speakers (2- High Definition Audio Device)' : 2 channels at 44.1 kHz using 16 bits per sample (channel mask 0x3)
[2017.04.28-11.53.42:453][225]LogInit: FAudioDevice initialized.
[2017.04.28-11.53.42:501][225]LogLoad: Game class is 'BattleTankGameMode_BP_C'
[2017.04.28-11.53.42:508][225]LogWorld: Bringing World /Game/Levels/UEDPIE_0_BattleGround.BattleGround up for play (max tick rate 0) at 2017.04.28-12.53.42
[2017.04.28-11.53.42:509][225]LogWorld: Bringing up level for play took: 0.006408
[2017.04.28-11.53.42:573][225]LogContentBrowser: Native class hierarchy updated for 'MovieSceneCapture' in 0.0038 seconds. Added 11 classes and 0 folders.
[2017.04.28-11.53.42:575][225]LogTemp:Warning: Tank_BP_C_0 has been possessed by Player
[2017.04.28-11.53.42:576][225]PIE: Info Play in editor start time for /Game/Levels/UEDPIE_0_BattleGround 0.168
[2017.04.28-11.53.42:576][225]LogBlueprintUserMessages: Late PlayInEditor Detection: Level '/Game/Levels/BattleGround.BattleGround:PersistentLevel' has LevelScriptBlueprint '/Game/Levels/BattleGround.BattleGround:PersistentLevel.BattleGround' with GeneratedClass '/Game/Levels/BattleGround.BattleGround_C' with ClassGeneratedBy '/Game/Levels/BattleGround.BattleGround:PersistentLevel.BattleGround'
[2017.04.28-11.53.42:913][225]LogStats: FPlatformStackWalk::StackWalkAndDump -  0.337 s
[2017.04.28-11.53.42:914][225]LogOutputDevice:Error: === Handled ensure: ===
[2017.04.28-11.53.42:914][225]LogOutputDevice:Error: 
[2017.04.28-11.53.42:914][225]LogOutputDevice:Error: Ensure condition failed: TankAimingComponent [File:C:\Users\Sarah\Documents\Unreal Projects\04_BattleTank\BattleTank\Source\BattleTank\Private\Tank.cpp] [Line: 42]
[2017.04.28-11.53.42:914][225]LogOutputDevice:Error: 
[2017.04.28-11.53.42:914][225]LogOutputDevice:Error: Stack: 
[2017.04.28-11.53.42:914][225]LogOutputDevice:Error: UE4Editor-Core.dll!0x000000009F3595D6
[2017.04.28-11.53.42:914][225]LogOutputDevice:Error: UE4Editor-Core.dll!0x000000009F109B72
[2017.04.28-11.53.42:914][225]LogOutputDevice:Error: UE4Editor-Core.dll!0x000000009F11B656
[2017.04.28-11.53.42:914][225]LogOutputDevice:Error: UE4Editor-BattleTank-4748.dll!ATank::AimAt() [c:\users\sarah\documents\unreal projects\04_battletank\battletank\source\battletank\private\tank.cpp:42]
[2017.04.28-11.53.42:914][225]LogOutputDevice:Error: UE4Editor-BattleTank-4748.dll!ATankPlayerController::AimTowardsCrosshair() [c:\users\sarah\documents\unreal projects\04_battletank\battletank\source\battletank\private\tankplayercontroller.cpp:65]
[2017.04.28-11.53.42:914][225]LogOutputDevice:Error: UE4Editor-Engine.dll!0x00000000950E33CC
[2017.04.28-11.53.42:914][225]LogOutputDevice:Error: UE4Editor-Engine.dll!0x000000009445AA2E
[2017.04.28-11.53.42:914][225]LogOutputDevice:Error: UE4Editor-Engine.dll!0x00000000953DF62D
[2017.04.28-11.53.42:914][225]LogOutputDevice:Error: UE4Editor-Engine.dll!0x00000000953E52FD
[2017.04.28-11.53.42:914][225]LogOutputDevice:Error: UE4Editor-Core.dll!0x000000009EFDD83D
[2017.04.28-11.53.42:914][225]LogOutputDevice:Error: UE4Editor-Core.dll!0x000000009EFDDC5D
[2017.04.28-11.53.42:914][225]LogOutputDevice:Error: UE4Editor-Core.dll!0x000000009EFFCCDB
[2017.04.28-11.53.42:914][225]LogOutputDevice:Error: UE4Editor-Engine.dll!0x0000000095409051
[2017.04.28-11.53.42:914][225]LogOutputDevice:Error: UE4Editor-Engine.dll!0x00000000954198D2
[2017.04.28-11.53.42:914][225]LogOutputDevice:Error: UE4Editor-Engine.dll!0x0000000094D47B44
[2017.04.28-11.53.42:914][225]LogOutputDevice:Error: UE4Editor-Engine.dll!0x0000000094D4FC6B
[2017.04.28-11.53.42:914][225]LogOutputDevice:Error: UE4Editor-UnrealEd.dll!0x00000000984D6D8E
[2017.04.28-11.53.42:914][225]LogOutputDevice:Error: UE4Editor-UnrealEd.dll!0x0000000098CE1AD6
[2017.04.28-11.53.42:914][225]LogOutputDevice:Error: UE4Editor.exe!0x00000000C875DEE3
[2017.04.28-11.53.42:914][225]LogOutputDevice:Error: UE4Editor.exe!0x00000000C874EB40
[2017.04.28-11.53.42:914][225]LogOutputDevice:Error: UE4Editor.exe!0x00000000C874EBBA
[2017.04.28-11.53.42:914][225]LogOutputDevice:Error: UE4Editor.exe!0x00000000C8760A29
[2017.04.28-11.53.42:914][225]LogOutputDevice:Error: UE4Editor.exe!0x00000000C87622B6
[2017.04.28-11.53.42:914][225]LogOutputDevice:Error: KERNEL32.DLL!0x00000000E12A8364
[2017.04.28-11.53.42:914][225]LogOutputDevice:Error: ntdll.dll!0x00000000E18470D1
[2017.04.28-11.53.42:914][225]LogOutputDevice:Error: 
[2017.04.28-11.53.42:920][225]LogStats:                SubmitErrorReport -  0.000 s
[2017.04.28-11.53.43:158][225]LogStats:                    SendNewReport -  0.239 s
[2017.04.28-11.53.43:158][225]LogStats:             FDebug::EnsureFailed -  0.582 s
[2017.04.28-11.53.43:160][225]LogStats: FPlatformStackWalk::StackWalkAndDump -  0.001 s
[2017.04.28-11.53.43:160][225]LogOutputDevice:Error: === Handled ensure: ===
[2017.04.28-11.53.43:160][225]LogOutputDevice:Error: 
[2017.04.28-11.53.43:160][225]LogOutputDevice:Error: Ensure condition failed: Barrel [File:C:\Users\Sarah\Documents\Unreal Projects\04_BattleTank\BattleTank\Source\BattleTank\Private\Tank.cpp] [Line: 70]
[2017.04.28-11.53.43:160][225]LogOutputDevice:Error: 
[2017.04.28-11.53.43:160][225]LogOutputDevice:Error: Stack: 
[2017.04.28-11.53.43:160][225]LogOutputDevice:Error: UE4Editor-Core.dll!0x000000009F3595D6
[2017.04.28-11.53.43:160][225]LogOutputDevice:Error: UE4Editor-Core.dll!0x000000009F109B72
[2017.04.28-11.53.43:160][225]LogOutputDevice:Error: UE4Editor-Core.dll!0x000000009F11B656
[2017.04.28-11.53.43:160][225]LogOutputDevice:Error: UE4Editor-BattleTank-4748.dll!ATank::Fire() [c:\users\sarah\documents\unreal projects\04_battletank\battletank\source\battletank\private\tank.cpp:70]
[2017.04.28-11.53.43:160][225]LogOutputDevice:Error: UE4Editor-BattleTank-4748.dll!ATankAIController::Tick() [c:\users\sarah\documents\unreal projects\04_battletank\battletank\source\battletank\private\tankaicontroller.cpp:63]
[2017.04.28-11.53.43:160][225]LogOutputDevice:Error: UE4Editor-Engine.dll!0x0000000094D5302A
[2017.04.28-11.53.43:160][225]LogOutputDevice:Error: UE4Editor-Engine.dll!0x000000009445AA2E
[2017.04.28-11.53.43:160][225]LogOutputDevice:Error: UE4Editor-Engine.dll!0x00000000953DF62D
[2017.04.28-11.53.43:160][225]LogOutputDevice:Error: UE4Editor-Engine.dll!0x00000000953E52FD
[2017.04.28-11.53.43:160][225]LogOutputDevice:Error: UE4Editor-Core.dll!0x000000009EFDD83D
[2017.04.28-11.53.43:160][225]LogOutputDevice:Error: UE4Editor-Core.dll!0x000000009EFDDC5D
[2017.04.28-11.53.43:160][225]LogOutputDevice:Error: UE4Editor-Core.dll!0x000000009EFFCCDB
[2017.04.28-11.53.43:160][225]LogOutputDevice:Error: UE4Editor-Engine.dll!0x0000000095409051
[2017.04.28-11.53.43:160][225]LogOutputDevice:Error: UE4Editor-Engine.dll!0x00000000954198D2
[2017.04.28-11.53.43:160][225]LogOutputDevice:Error: UE4Editor-Engine.dll!0x0000000094D47B44
[2017.04.28-11.53.43:160][225]LogOutputDevice:Error: UE4Editor-Engine.dll!0x0000000094D4FC6B
[2017.04.28-11.53.43:160][225]LogOutputDevice:Error: UE4Editor-UnrealEd.dll!0x00000000984D6D8E
[2017.04.28-11.53.43:160][225]LogOutputDevice:Error: UE4Editor-UnrealEd.dll!0x0000000098CE1AD6
[2017.04.28-11.53.43:160][225]LogOutputDevice:Error: UE4Editor.exe!0x00000000C875DEE3
[2017.04.28-11.53.43:160][225]LogOutputDevice:Error: UE4Editor.exe!0x00000000C874EB40
[2017.04.28-11.53.43:160][225]LogOutputDevice:Error: UE4Editor.exe!0x00000000C874EBBA
[2017.04.28-11.53.43:160][225]LogOutputDevice:Error: UE4Editor.exe!0x00000000C8760A29
[2017.04.28-11.53.43:160][225]LogOutputDevice:Error: UE4Editor.exe!0x00000000C87622B6
[2017.04.28-11.53.43:160][225]LogOutputDevice:Error: KERNEL32.DLL!0x00000000E12A8364
[2017.04.28-11.53.43:160][225]LogOutputDevice:Error: ntdll.dll!0x00000000E18470D1
[2017.04.28-11.53.43:160][225]LogOutputDevice:Error: 
[2017.04.28-11.53.43:162][225]LogStats:                SubmitErrorReport -  0.000 s
[2017.04.28-11.53.43:404][225]LogStats:                    SendNewReport -  0.242 s
[2017.04.28-11.53.43:404][225]LogStats:             FDebug::EnsureFailed -  0.245 s
[2017.04.28-11.54.52:273][543]LogBlueprintUserMessages: Early EndPlayMap Detection: Level '/Game/Levels/BattleGround.BattleGround:PersistentLevel' has LevelScriptBlueprint '/Game/Levels/BattleGround.BattleGround:PersistentLevel.BattleGround' with GeneratedClass '/Game/Levels/BattleGround.BattleGround_C' with ClassGeneratedBy '/Game/Levels/BattleGround.BattleGround:PersistentLevel.BattleGround'
[2017.04.28-11.54.52:328][543]LogBlueprintUserMessages: Late EndPlayMap Detection: Level '/Game/Levels/BattleGround.BattleGround:PersistentLevel' has LevelScriptBlueprint '/Game/Levels/BattleGround.BattleGround:PersistentLevel.BattleGround' with GeneratedClass '/Game/Levels/BattleGround.BattleGround_C' with ClassGeneratedBy '/Game/Levels/BattleGround.BattleGround:PersistentLevel.BattleGround'
[2017.04.28-11.58.06:880][312]Recompiling BattleTank...
[2017.04.28-11.58.06:881][312]Launching UnrealBuildTool... [C:/Program Files/Epic Games/UE_4.15/Engine/Binaries/DotNET/UnrealBuildTool.exe BattleTank -ModuleWithSuffix BattleTank 2044 Win64 Development -editorrecompile -canskiplink "C:/Users/Sarah/Documents/Unreal Projects/04_BattleTank/BattleTank/BattleTank.uproject" ]
[2017.04.28-11.58.06:886][312]Warning: Starting HotReload took  0.1s.
[2017.04.28-11.59.07:281][511]CompilerResultsLog: New page: Compilation - Apr 28, 2017, 1:59:07 PM
[2017.04.28-11.59.07:281][511]CompilerResultsLog: Info Compiling game modules for hot reload
[2017.04.28-11.59.07:281][511]CompilerResultsLog: Info Parsing headers for BattleTankEditor
[2017.04.28-11.59.07:281][511]CompilerResultsLog: Info   Running UnrealHeaderTool "C:\Users\Sarah\Documents\Unreal Projects\04_BattleTank\BattleTank\BattleTank.uproject" "C:\Users\Sarah\Documents\Unreal Projects\04_BattleTank\BattleTank\Intermediate\Build\Win64\BattleTankEditor\Development\BattleTankEditor.uhtmanifest" -LogCmds="loginit warning, logexit warning, logdatabase error" -Unattended -WarningsAsErrors -installed
[2017.04.28-11.59.07:281][511]CompilerResultsLog: Info Reflection code generated for BattleTankEditor in 39.3722489 seconds
[2017.04.28-11.59.07:282][511]CompilerResultsLog: Info Performing 6 actions (4 in parallel)
[2017.04.28-11.59.07:282][511]CompilerResultsLog: Info TankPlayerController.cpp
[2017.04.28-11.59.07:282][511]CompilerResultsLog: Info TankAIController.cpp
[2017.04.28-11.59.07:282][511]CompilerResultsLog: Info BattleTank.generated.cpp
[2017.04.28-11.59.07:282][511]CompilerResultsLog: Info Tank.cpp
[2017.04.28-11.59.07:282][511]CompilerResultsLog: Info [5/6] Link UE4Editor-BattleTank-2044.dll
[2017.04.28-11.59.07:282][511]CompilerResultsLog: Info [6/6] Link UE4Editor-BattleTank-2044.lib
[2017.04.28-11.59.07:282][511]CompilerResultsLog: Info    Creating library C:\Users\Sarah\Documents\Unreal Projects\04_BattleTank\BattleTank\Intermediate\Build\Win64\UE4Editor\Development\UE4Editor-BattleTank-2044.lib and object C:\Users\Sarah\Documents\Unreal Projects\04_BattleTank\BattleTank\Intermediate\Build\Win64\UE4Editor\Development\UE4Editor-BattleTank-2044.exp
[2017.04.28-11.59.07:282][511]CompilerResultsLog: Info    Creating library C:\Users\Sarah\Documents\Unreal Projects\04_BattleTank\BattleTank\Intermediate\Build\Win64\UE4Editor\Development\UE4Editor-BattleTank-2044.suppressed.lib and object C:\Users\Sarah\Documents\Unreal Projects\04_BattleTank\BattleTank\Intermediate\Build\Win64\UE4Editor\Development\UE4Editor-BattleTank-2044.suppressed.exp
[2017.04.28-11.59.07:282][511]CompilerResultsLog: Info Total build time: 59.40 seconds (Local executor: 16.44 seconds)
[2017.04.28-11.59.07:283][511]LogMainFrame: MainFrame: Module compiling took 60.418 seconds
[2017.04.28-11.59.07:548][511]LogClass: Could not find existing class Tank in package /Script/BattleTank for HotReload, assuming new class
[2017.04.28-11.59.07:548][511]LogClass: Function Fire is new.
[2017.04.28-11.59.07:557][511]LogClass: EFiringStatus HotReload.
[2017.04.28-11.59.07:567][511]LogHotReload: Re-instancing Tank after hot-reload.
[2017.04.28-11.59.08:730][511]LogContentBrowser: Native class hierarchy updated for 'BattleTank' in 0.0098 seconds. Added 11 classes and 3 folders.
[2017.04.28-11.59.08:734][511]Display: HotReload successful (6 functions remapped  0 scriptstructs remapped)
[2017.04.28-11.59.08:864][511]LogContentBrowser: Native class hierarchy populated in 0.0353 seconds. Added 2257 classes and 457 folders.
[2017.04.28-11.59.08:865][511]Display: HotReload took 62.1s.
[2017.04.28-11.59.26:750][611]LogSlate: Took 0.000452 seconds to synchronously load lazily loaded font '../../../Engine/Content/Editor/Slate/Fonts/DroidSansMono.ttf' (77K)
[2017.04.28-11.59.28:685][670]LogTemp: Repeting last play command: Selected Viewport
[2017.04.28-11.59.28:736][670]LogBlueprintUserMessages: Early PlayInEditor Detection: Level '/Game/Levels/BattleGround.BattleGround:PersistentLevel' has LevelScriptBlueprint '/Game/Levels/BattleGround.BattleGround:PersistentLevel.BattleGround' with GeneratedClass '/Game/Levels/BattleGround.BattleGround_C' with ClassGeneratedBy '/Game/Levels/BattleGround.BattleGround:PersistentLevel.BattleGround'
[2017.04.28-11.59.28:737][670]LogPlayLevel: PlayLevel: No blueprints needed recompiling
[2017.04.28-11.59.28:738][670]PIE: New page: PIE session: BattleGround (Apr 28, 2017, 1:59:28 PM)
[2017.04.28-11.59.28:739][670]LogPlayLevel: Creating play world package: /Game/Levels/UEDPIE_0_BattleGround
[2017.04.28-11.59.28:859][670]LogPlayLevel: PIE: StaticDuplicateObject took: (0.119806s)
[2017.04.28-11.59.28:861][670]LogAIModule: Creating AISystem for world BattleGround
[2017.04.28-11.59.28:862][670]LogPlayLevel: PIE: World Init took: (0.002962s)
[2017.04.28-11.59.28:863][670]LogPlayLevel: PIE: Created PIE world by copying editor world from /Game/Levels/BattleGround.BattleGround to /Game/Levels/UEDPIE_0_BattleGround.BattleGround (0.124230s)
[2017.04.28-11.59.28:906][670]LogInit: XAudio2 using 'Speakers (2- High Definition Audio Device)' : 2 channels at 44.1 kHz using 16 bits per sample (channel mask 0x3)
[2017.04.28-11.59.28:934][670]LogInit: FAudioDevice initialized.
[2017.04.28-11.59.28:982][670]LogLoad: Game class is 'BattleTankGameMode_BP_C'
[2017.04.28-11.59.29:005][670]LogWorld: Bringing World /Game/Levels/UEDPIE_0_BattleGround.BattleGround up for play (max tick rate 0) at 2017.04.28-12.59.29
[2017.04.28-11.59.29:008][670]LogWorld: Bringing up level for play took: 0.021794
[2017.04.28-11.59.29:016][670]LogTemp:Warning: Tank_BP_C_0 has been possessed by Player
[2017.04.28-11.59.29:018][670]PIE: Info Play in editor start time for /Game/Levels/UEDPIE_0_BattleGround 0.609
[2017.04.28-11.59.29:019][670]LogBlueprintUserMessages: Late PlayInEditor Detection: Level '/Game/Levels/BattleGround.BattleGround:PersistentLevel' has LevelScriptBlueprint '/Game/Levels/BattleGround.BattleGround:PersistentLevel.BattleGround' with GeneratedClass '/Game/Levels/BattleGround.BattleGround_C' with ClassGeneratedBy '/Game/Levels/BattleGround.BattleGround:PersistentLevel.BattleGround'
[2017.04.28-11.59.29:026][670]LogWindows:Warning: SymLoadModuleExW. Error: 0
[2017.04.28-11.59.29:026][670]LogWindows:Warning: SymLoadModuleExW. Error: 0
[2017.04.28-11.59.29:026][670]LogWindows:Warning: SymLoadModuleExW. Error: 0
[2017.04.28-11.59.29:026][670]LogWindows:Warning: SymLoadModuleExW. Error: 0
[2017.04.28-11.59.29:027][670]LogWindows:Warning: SymLoadModuleExW. Error: 0
[2017.04.28-11.59.29:027][670]LogWindows:Warning: SymLoadModuleExW. Error: 0
[2017.04.28-11.59.29:027][670]LogWindows:Warning: SymLoadModuleExW. Error: 0
[2017.04.28-11.59.29:027][670]LogWindows:Warning: SymLoadModuleExW. Error: 0
[2017.04.28-11.59.29:028][670]LogWindows:Warning: SymLoadModuleExW. Error: 0
[2017.04.28-11.59.29:028][670]LogWindows:Warning: SymLoadModuleExW. Error: 0
[2017.04.28-11.59.29:028][670]LogWindows:Warning: SymLoadModuleExW. Error: 0
[2017.04.28-11.59.29:028][670]LogWindows:Warning: SymLoadModuleExW. Error: 0
[2017.04.28-11.59.29:028][670]LogWindows:Warning: SymLoadModuleExW. Error: 0
[2017.04.28-11.59.29:029][670]LogWindows:Warning: SymLoadModuleExW. Error: 0
[2017.04.28-11.59.29:029][670]LogWindows:Warning: SymLoadModuleExW. Error: 0
[2017.04.28-11.59.29:029][670]LogWindows:Warning: SymLoadModuleExW. Error: 0
[2017.04.28-11.59.29:029][670]LogWindows:Warning: SymLoadModuleExW. Error: 0
[2017.04.28-11.59.29:030][670]LogWindows:Warning: SymLoadModuleExW. Error: 0
[2017.04.28-11.59.29:030][670]LogWindows:Warning: SymLoadModuleExW. Error: 0
[2017.04.28-11.59.29:030][670]LogWindows:Warning: SymLoadModuleExW. Error: 0
[2017.04.28-11.59.29:030][670]LogWindows:Warning: SymLoadModuleExW. Error: 0
[2017.04.28-11.59.29:031][670]LogWindows:Warning: SymLoadModuleExW. Error: 0
[2017.04.28-11.59.29:031][670]LogWindows:Warning: SymLoadModuleExW. Error: 0
[2017.04.28-11.59.29:031][670]LogWindows:Warning: SymLoadModuleExW. Error: 0
[2017.04.28-11.59.29:031][670]LogWindows:Warning: SymLoadModuleExW. Error: 0
[2017.04.28-11.59.29:032][670]LogWindows:Warning: SymLoadModuleExW. Error: 0
[2017.04.28-11.59.29:032][670]LogWindows:Warning: SymLoadModuleExW. Error: 0
[2017.04.28-11.59.29:032][670]LogWindows:Warning: SymLoadModuleExW. Error: 0
[2017.04.28-11.59.29:032][670]LogWindows:Warning: SymLoadModuleExW. Error: 0
[2017.04.28-11.59.29:032][670]LogWindows:Warning: SymLoadModuleExW. Error: 0
[2017.04.28-11.59.29:033][670]LogWindows:Warning: SymLoadModuleExW. Error: 0
[2017.04.28-11.59.29:033][670]LogWindows:Warning: SymLoadModuleExW. Error: 0
[2017.04.28-11.59.29:033][670]LogWindows:Warning: SymLoadModuleExW. Error: 0
[2017.04.28-11.59.29:033][670]LogWindows:Warning: SymLoadModuleExW. Error: 0
[2017.04.28-11.59.29:034][670]LogWindows:Warning: SymLoadModuleExW. Error: 0
[2017.04.28-11.59.29:034][670]LogWindows:Warning: SymLoadModuleExW. Error: 0
[2017.04.28-11.59.29:034][670]LogWindows:Warning: SymLoadModuleExW. Error: 0
[2017.04.28-11.59.29:034][670]LogWindows:Warning: SymLoadModuleExW. Error: 0
[2017.04.28-11.59.29:035][670]LogWindows:Warning: SymLoadModuleExW. Error: 0
[2017.04.28-11.59.29:035][670]LogWindows:Warning: SymLoadModuleExW. Error: 0
[2017.04.28-11.59.29:035][670]LogWindows:Warning: SymLoadModuleExW. Error: 0
[2017.04.28-11.59.29:035][670]LogWindows:Warning: SymLoadModuleExW. Error: 0
[2017.04.28-11.59.29:036][670]LogWindows:Warning: SymLoadModuleExW. Error: 0
[2017.04.28-11.59.29:036][670]LogWindows:Warning: SymLoadModuleExW. Error: 0
[2017.04.28-11.59.29:036][670]LogWindows:Warning: SymLoadModuleExW. Error: 0
[2017.04.28-11.59.29:037][670]LogWindows:Warning: SymLoadModuleExW. Error: 0
[2017.04.28-11.59.29:037][670]LogWindows:Warning: SymLoadModuleExW. Error: 0
[2017.04.28-11.59.29:037][670]LogWindows:Warning: SymLoadModuleExW. Error: 0
[2017.04.28-11.59.29:037][670]LogWindows:Warning: SymLoadModuleExW. Error: 0
[2017.04.28-11.59.29:038][670]LogWindows:Warning: SymLoadModuleExW. Error: 0
[2017.04.28-11.59.29:038][670]LogWindows:Warning: SymLoadModuleExW. Error: 0
[2017.04.28-11.59.29:038][670]LogWindows:Warning: SymLoadModuleExW. Error: 0
[2017.04.28-11.59.29:038][670]LogWindows:Warning: SymLoadModuleExW. Error: 0
[2017.04.28-11.59.29:039][670]LogWindows:Warning: SymLoadModuleExW. Error: 0
[2017.04.28-11.59.29:039][670]LogWindows:Warning: SymLoadModuleExW. Error: 0
[2017.04.28-11.59.29:039][670]LogWindows:Warning: SymLoadModuleExW. Error: 0
[2017.04.28-11.59.29:040][670]LogWindows:Warning: SymLoadModuleExW. Error: 0
[2017.04.28-11.59.29:040][670]LogWindows:Warning: SymLoadModuleExW. Error: 0
[2017.04.28-11.59.29:040][670]LogWindows:Warning: SymLoadModuleExW. Error: 0
[2017.04.28-11.59.29:040][670]LogWindows:Warning: SymLoadModuleExW. Error: 0
[2017.04.28-11.59.29:041][670]LogWindows:Warning: SymLoadModuleExW. Error: 0
[2017.04.28-11.59.29:041][670]LogWindows:Warning: SymLoadModuleExW. Error: 0
[2017.04.28-11.59.29:041][670]LogWindows:Warning: SymLoadModuleExW. Error: 0
[2017.04.28-11.59.29:042][670]LogWindows:Warning: SymLoadModuleExW. Error: 0
[2017.04.28-11.59.29:042][670]LogWindows:Warning: SymLoadModuleExW. Error: 0
[2017.04.28-11.59.29:043][670]LogWindows:Warning: SymLoadModuleExW. Error: 0
[2017.04.28-11.59.29:043][670]LogWindows:Warning: SymLoadModuleExW. Error: 0
[2017.04.28-11.59.29:044][670]LogWindows:Warning: SymLoadModuleExW. Error: 0
[2017.04.28-11.59.29:044][670]LogWindows:Warning: SymLoadModuleExW. Error: 0
[2017.04.28-11.59.29:045][670]LogWindows:Warning: SymLoadModuleExW. Error: 0
[2017.04.28-11.59.29:045][670]LogWindows:Warning: SymLoadModuleExW. Error: 0
[2017.04.28-11.59.29:046][670]LogWindows:Warning: SymLoadModuleExW. Error: 0
[2017.04.28-11.59.29:046][670]LogWindows:Warning: SymLoadModuleExW. Error: 0
[2017.04.28-11.59.29:046][670]LogWindows:Warning: SymLoadModuleExW. Error: 0
[2017.04.28-11.59.29:047][670]LogWindows:Warning: SymLoadModuleExW. Error: 0
[2017.04.28-11.59.29:047][670]LogWindows:Warning: SymLoadModuleExW. Error: 0
[2017.04.28-11.59.29:047][670]LogWindows:Warning: SymLoadModuleExW. Error: 0
[2017.04.28-11.59.29:048][670]LogWindows:Warning: SymLoadModuleExW. Error: 0
[2017.04.28-11.59.29:048][670]LogWindows:Warning: SymLoadModuleExW. Error: 0
[2017.04.28-11.59.29:048][670]LogWindows:Warning: SymLoadModuleExW. Error: 0
[2017.04.28-11.59.29:048][670]LogWindows:Warning: SymLoadModuleExW. Error: 0
[2017.04.28-11.59.29:049][670]LogWindows:Warning: SymLoadModuleExW. Error: 0
[2017.04.28-11.59.29:049][670]LogWindows:Warning: SymLoadModuleExW. Error: 0
[2017.04.28-11.59.29:049][670]LogWindows:Warning: SymLoadModuleExW. Error: 0
[2017.04.28-11.59.29:050][670]LogWindows:Warning: SymLoadModuleExW. Error: 0
[2017.04.28-11.59.29:050][670]LogWindows:Warning: SymLoadModuleExW. Error: 0
[2017.04.28-11.59.29:050][670]LogWindows:Warning: SymLoadModuleExW. Error: 0
[2017.04.28-11.59.29:051][670]LogWindows:Warning: SymLoadModuleExW. Error: 0
[2017.04.28-11.59.29:051][670]LogWindows:Warning: SymLoadModuleExW. Error: 0
[2017.04.28-11.59.29:051][670]LogWindows:Warning: SymLoadModuleExW. Error: 0
[2017.04.28-11.59.29:052][670]LogWindows:Warning: SymLoadModuleExW. Error: 0
[2017.04.28-11.59.29:052][670]LogWindows:Warning: SymLoadModuleExW. Error: 0
[2017.04.28-11.59.29:052][670]LogWindows:Warning: SymLoadModuleExW. Error: 0
[2017.04.28-11.59.29:053][670]LogWindows:Warning: SymLoadModuleExW. Error: 0
[2017.04.28-11.59.29:053][670]LogWindows:Warning: SymLoadModuleExW. Error: 0
[2017.04.28-11.59.29:053][670]LogWindows:Warning: SymLoadModuleExW. Error: 0
[2017.04.28-11.59.29:053][670]LogWindows:Warning: SymLoadModuleExW. Error: 0
[2017.04.28-11.59.29:054][670]LogWindows:Warning: SymLoadModuleExW. Error: 0
[2017.04.28-11.59.29:054][670]LogWindows:Warning: SymLoadModuleExW. Error: 0
[2017.04.28-11.59.29:055][670]LogWindows:Warning: SymLoadModuleExW. Error: 0
[2017.04.28-11.59.29:055][670]LogWindows:Warning: SymLoadModuleExW. Error: 0
[2017.04.28-11.59.29:055][670]LogWindows:Warning: SymLoadModuleExW. Error: 0
[2017.04.28-11.59.29:056][670]LogWindows:Warning: SymLoadModuleExW. Error: 0
[2017.04.28-11.59.29:056][670]LogWindows:Warning: SymLoadModuleExW. Error: 0
[2017.04.28-11.59.29:057][670]LogWindows:Warning: SymLoadModuleExW. Error: 0
[2017.04.28-11.59.29:057][670]LogWindows:Warning: SymLoadModuleExW. Error: 0
[2017.04.28-11.59.29:057][670]LogWindows:Warning: SymLoadModuleExW. Error: 0
[2017.04.28-11.59.29:058][670]LogWindows:Warning: SymLoadModuleExW. Error: 0
[2017.04.28-11.59.29:058][670]LogWindows:Warning: SymLoadModuleExW. Error: 0
[2017.04.28-11.59.29:058][670]LogWindows:Warning: SymLoadModuleExW. Error: 0
[2017.04.28-11.59.29:059][670]LogWindows:Warning: SymLoadModuleExW. Error: 0
[2017.04.28-11.59.29:059][670]LogWindows:Warning: SymLoadModuleExW. Error: 0
[2017.04.28-11.59.29:060][670]LogWindows:Warning: SymLoadModuleExW. Error: 0
[2017.04.28-11.59.29:060][670]LogWindows:Warning: SymLoadModuleExW. Error: 0
[2017.04.28-11.59.29:060][670]LogWindows:Warning: SymLoadModuleExW. Error: 0
[2017.04.28-11.59.29:061][670]LogWindows:Warning: SymLoadModuleExW. Error: 0
[2017.04.28-11.59.29:061][670]LogWindows:Warning: SymLoadModuleExW. Error: 0
[2017.04.28-11.59.29:061][670]LogWindows:Warning: SymLoadModuleExW. Error: 0
[2017.04.28-11.59.29:062][670]LogWindows:Warning: SymLoadModuleExW. Error: 0
[2017.04.28-11.59.29:062][670]LogWindows:Warning: SymLoadModuleExW. Error: 0
[2017.04.28-11.59.29:062][670]LogWindows:Warning: SymLoadModuleExW. Error: 0
[2017.04.28-11.59.29:063][670]LogWindows:Warning: SymLoadModuleExW. Error: 0
[2017.04.28-11.59.29:063][670]LogWindows:Warning: SymLoadModuleExW. Error: 0
[2017.04.28-11.59.29:063][670]LogWindows:Warning: SymLoadModuleExW. Error: 0
[2017.04.28-11.59.29:064][670]LogWindows:Warning: SymLoadModuleExW. Error: 0
[2017.04.28-11.59.29:064][670]LogWindows:Warning: SymLoadModuleExW. Error: 0
[2017.04.28-11.59.29:065][670]LogWindows:Warning: SymLoadModuleExW. Error: 0
[2017.04.28-11.59.29:065][670]LogWindows:Warning: SymLoadModuleExW. Error: 0
[2017.04.28-11.59.29:065][670]LogWindows:Warning: SymLoadModuleExW. Error: 0
[2017.04.28-11.59.29:066][670]LogWindows:Warning: SymLoadModuleExW. Error: 0
[2017.04.28-11.59.29:066][670]LogWindows:Warning: SymLoadModuleExW. Error: 0
[2017.04.28-11.59.29:066][670]LogWindows:Warning: SymLoadModuleExW. Error: 0
[2017.04.28-11.59.29:067][670]LogWindows:Warning: SymLoadModuleExW. Error: 0
[2017.04.28-11.59.29:067][670]LogWindows:Warning: SymLoadModuleExW. Error: 0
[2017.04.28-11.59.29:067][670]LogWindows:Warning: SymLoadModuleExW. Error: 0
[2017.04.28-11.59.29:068][670]LogWindows:Warning: SymLoadModuleExW. Error: 0
[2017.04.28-11.59.29:068][670]LogWindows:Warning: SymLoadModuleExW. Error: 0
[2017.04.28-11.59.29:068][670]LogWindows:Warning: SymLoadModuleExW. Error: 0
[2017.04.28-11.59.29:069][670]LogWindows:Warning: SymLoadModuleExW. Error: 0
[2017.04.28-11.59.29:069][670]LogWindows:Warning: SymLoadModuleExW. Error: 0
[2017.04.28-11.59.29:069][670]LogWindows:Warning: SymLoadModuleExW. Error: 0
[2017.04.28-11.59.29:070][670]LogWindows:Warning: SymLoadModuleExW. Error: 0
[2017.04.28-11.59.29:070][670]LogWindows:Warning: SymLoadModuleExW. Error: 0
[2017.04.28-11.59.29:071][670]LogWindows:Warning: SymLoadModuleExW. Error: 0
[2017.04.28-11.59.29:071][670]LogWindows:Warning: SymLoadModuleExW. Error: 0
[2017.04.28-11.59.29:071][670]LogWindows:Warning: SymLoadModuleExW. Error: 0
[2017.04.28-11.59.29:072][670]LogWindows:Warning: SymLoadModuleExW. Error: 0
[2017.04.28-11.59.29:072][670]LogWindows:Warning: SymLoadModuleExW. Error: 0
[2017.04.28-11.59.29:072][670]LogWindows:Warning: SymLoadModuleExW. Error: 0
[2017.04.28-11.59.29:073][670]LogWindows:Warning: SymLoadModuleExW. Error: 0
[2017.04.28-11.59.29:073][670]LogWindows:Warning: SymLoadModuleExW. Error: 0
[2017.04.28-11.59.29:073][670]LogWindows:Warning: SymLoadModuleExW. Error: 0
[2017.04.28-11.59.29:074][670]LogWindows:Warning: SymLoadModuleExW. Error: 0
[2017.04.28-11.59.29:074][670]LogWindows:Warning: SymLoadModuleExW. Error: 0
[2017.04.28-11.59.29:075][670]LogWindows:Warning: SymLoadModuleExW. Error: 0
[2017.04.28-11.59.29:075][670]LogWindows:Warning: SymLoadModuleExW. Error: 0
[2017.04.28-11.59.29:075][670]LogWindows:Warning: SymLoadModuleExW. Error: 0
[2017.04.28-11.59.29:076][670]LogWindows:Warning: SymLoadModuleExW. Error: 0
[2017.04.28-11.59.29:076][670]LogWindows:Warning: SymLoadModuleExW. Error: 0
[2017.04.28-11.59.29:076][670]LogWindows:Warning: SymLoadModuleExW. Error: 0
[2017.04.28-11.59.29:077][670]LogWindows:Warning: SymLoadModuleExW. Error: 0
[2017.04.28-11.59.29:077][670]LogWindows:Warning: SymLoadModuleExW. Error: 0
[2017.04.28-11.59.29:078][670]LogWindows:Warning: SymLoadModuleExW. Error: 0
[2017.04.28-11.59.29:078][670]LogWindows:Warning: SymLoadModuleExW. Error: 0
[2017.04.28-11.59.29:078][670]LogWindows:Warning: SymLoadModuleExW. Error: 0
[2017.04.28-11.59.29:079][670]LogWindows:Warning: SymLoadModuleExW. Error: 0
[2017.04.28-11.59.29:079][670]LogWindows:Warning: SymLoadModuleExW. Error: 0
[2017.04.28-11.59.29:080][670]LogWindows:Warning: SymLoadModuleExW. Error: 0
[2017.04.28-11.59.29:080][670]LogWindows:Warning: SymLoadModuleExW. Error: 0
[2017.04.28-11.59.29:080][670]LogWindows:Warning: SymLoadModuleExW. Error: 0
[2017.04.28-11.59.29:081][670]LogWindows:Warning: SymLoadModuleExW. Error: 0
[2017.04.28-11.59.29:081][670]LogWindows:Warning: SymLoadModuleExW. Error: 0
[2017.04.28-11.59.29:081][670]LogWindows:Warning: SymLoadModuleExW. Error: 0
[2017.04.28-11.59.29:082][670]LogWindows:Warning: SymLoadModuleExW. Error: 0
[2017.04.28-11.59.29:082][670]LogWindows:Warning: SymLoadModuleExW. Error: 0
[2017.04.28-11.59.29:083][670]LogWindows:Warning: SymLoadModuleExW. Error: 0
[2017.04.28-11.59.29:083][670]LogWindows:Warning: SymLoadModuleExW. Error: 0
[2017.04.28-11.59.29:083][670]LogWindows:Warning: SymLoadModuleExW. Error: 0
[2017.04.28-11.59.29:084][670]LogWindows:Warning: SymLoadModuleExW. Error: 0
[2017.04.28-11.59.29:084][670]LogWindows:Warning: SymLoadModuleExW. Error: 0
[2017.04.28-11.59.29:085][670]LogWindows:Warning: SymLoadModuleExW. Error: 0
[2017.04.28-11.59.29:085][670]LogWindows:Warning: SymLoadModuleExW. Error: 0
[2017.04.28-11.59.29:086][670]LogWindows:Warning: SymLoadModuleExW. Error: 0
[2017.04.28-11.59.29:086][670]LogWindows:Warning: SymLoadModuleExW. Error: 0
[2017.04.28-11.59.29:086][670]LogWindows:Warning: SymLoadModuleExW. Error: 0
[2017.04.28-11.59.29:087][670]LogWindows:Warning: SymLoadModuleExW. Error: 0
[2017.04.28-11.59.29:087][670]LogWindows:Warning: SymLoadModuleExW. Error: 0
[2017.04.28-11.59.29:088][670]LogWindows:Warning: SymLoadModuleExW. Error: 0
[2017.04.28-11.59.29:088][670]LogWindows:Warning: SymLoadModuleExW. Error: 0
[2017.04.28-11.59.29:088][670]LogWindows:Warning: SymLoadModuleExW. Error: 0
[2017.04.28-11.59.29:089][670]LogWindows:Warning: SymLoadModuleExW. Error: 0
[2017.04.28-11.59.29:089][670]LogWindows:Warning: SymLoadModuleExW. Error: 0
[2017.04.28-11.59.29:090][670]LogWindows:Warning: SymLoadModuleExW. Error: 0
[2017.04.28-11.59.29:090][670]LogWindows:Warning: SymLoadModuleExW. Error: 0
[2017.04.28-11.59.29:090][670]LogWindows:Warning: SymLoadModuleExW. Error: 0
[2017.04.28-11.59.29:091][670]LogWindows:Warning: SymLoadModuleExW. Error: 0
[2017.04.28-11.59.29:091][670]LogWindows:Warning: SymLoadModuleExW. Error: 0
[2017.04.28-11.59.29:092][670]LogWindows:Warning: SymLoadModuleExW. Error: 0
[2017.04.28-11.59.29:092][670]LogWindows:Warning: SymLoadModuleExW. Error: 0
[2017.04.28-11.59.29:093][670]LogWindows:Warning: SymLoadModuleExW. Error: 0
[2017.04.28-11.59.29:093][670]LogWindows:Warning: SymLoadModuleExW. Error: 0
[2017.04.28-11.59.29:093][670]LogWindows:Warning: SymLoadModuleExW. Error: 0
[2017.04.28-11.59.29:094][670]LogWindows:Warning: SymLoadModuleExW. Error: 0
[2017.04.28-11.59.29:094][670]LogWindows:Warning: SymLoadModuleExW. Error: 0
[2017.04.28-11.59.29:095][670]LogWindows:Warning: SymLoadModuleExW. Error: 0
[2017.04.28-11.59.29:096][670]LogWindows:Warning: SymLoadModuleExW. Error: 0
[2017.04.28-11.59.29:096][670]LogWindows:Warning: SymLoadModuleExW. Error: 0
[2017.04.28-11.59.29:097][670]LogWindows:Warning: SymLoadModuleExW. Error: 0
[2017.04.28-11.59.29:097][670]LogWindows:Warning: SymLoadModuleExW. Error: 0
[2017.04.28-11.59.29:098][670]LogWindows:Warning: SymLoadModuleExW. Error: 0
[2017.04.28-11.59.29:098][670]LogWindows:Warning: SymLoadModuleExW. Error: 0
[2017.04.28-11.59.29:098][670]LogWindows:Warning: SymLoadModuleExW. Error: 0
[2017.04.28-11.59.29:099][670]LogWindows:Warning: SymLoadModuleExW. Error: 0
[2017.04.28-11.59.29:099][670]LogWindows:Warning: SymLoadModuleExW. Error: 0
[2017.04.28-11.59.29:100][670]LogWindows:Warning: SymLoadModuleExW. Error: 0
[2017.04.28-11.59.29:100][670]LogWindows:Warning: SymLoadModuleExW. Error: 0
[2017.04.28-11.59.29:101][670]LogWindows:Warning: SymLoadModuleExW. Error: 0
[2017.04.28-11.59.29:101][670]LogWindows:Warning: SymLoadModuleExW. Error: 0
[2017.04.28-11.59.29:102][670]LogWindows:Warning: SymLoadModuleExW. Error: 0
[2017.04.28-11.59.29:102][670]LogWindows:Warning: SymLoadModuleExW. Error: 0
[2017.04.28-11.59.29:102][670]LogWindows:Warning: SymLoadModuleExW. Error: 0
[2017.04.28-11.59.29:103][670]LogWindows:Warning: SymLoadModuleExW. Error: 0
[2017.04.28-11.59.29:103][670]LogWindows:Warning: SymLoadModuleExW. Error: 0
[2017.04.28-11.59.29:104][670]LogWindows:Warning: SymLoadModuleExW. Error: 0
[2017.04.28-11.59.29:104][670]LogWindows:Warning: SymLoadModuleExW. Error: 0
[2017.04.28-11.59.29:105][670]LogWindows:Warning: SymLoadModuleExW. Error: 0
[2017.04.28-11.59.29:105][670]LogWindows:Warning: SymLoadModuleExW. Error: 0
[2017.04.28-11.59.29:106][670]LogWindows:Warning: SymLoadModuleExW. Error: 0
[2017.04.28-11.59.29:106][670]LogWindows:Warning: SymLoadModuleExW. Error: 0
[2017.04.28-11.59.29:107][670]LogWindows:Warning: SymLoadModuleExW. Error: 0
[2017.04.28-11.59.29:107][670]LogWindows:Warning: SymLoadModuleExW. Error: 0
[2017.04.28-11.59.29:107][670]LogWindows:Warning: SymLoadModuleExW. Error: 0
[2017.04.28-11.59.29:108][670]LogWindows:Warning: SymLoadModuleExW. Error: 0
[2017.04.28-11.59.29:108][670]LogWindows:Warning: SymLoadModuleExW. Error: 0
[2017.04.28-11.59.29:109][670]LogWindows:Warning: SymLoadModuleExW. Error: 0
[2017.04.28-11.59.29:109][670]LogWindows:Warning: SymLoadModuleExW. Error: 0
[2017.04.28-11.59.29:110][670]LogWindows:Warning: SymLoadModuleExW. Error: 0
[2017.04.28-11.59.29:110][670]LogWindows:Warning: SymLoadModuleExW. Error: 0
[2017.04.28-11.59.29:111][670]LogWindows:Warning: SymLoadModuleExW. Error: 0
[2017.04.28-11.59.29:111][670]LogWindows:Warning: SymLoadModuleExW. Error: 0
[2017.04.28-11.59.29:112][670]LogWindows:Warning: SymLoadModuleExW. Error: 0
[2017.04.28-11.59.29:112][670]LogWindows:Warning: SymLoadModuleExW. Error: 0
[2017.04.28-11.59.29:113][670]LogWindows:Warning: SymLoadModuleExW. Error: 0
[2017.04.28-11.59.29:113][670]LogWindows:Warning: SymLoadModuleExW. Error: 0
[2017.04.28-11.59.29:114][670]LogWindows:Warning: SymLoadModuleExW. Error: 0
[2017.04.28-11.59.29:114][670]LogWindows:Warning: SymLoadModuleExW. Error: 0
[2017.04.28-11.59.29:115][670]LogWindows:Warning: SymLoadModuleExW. Error: 0
[2017.04.28-11.59.29:115][670]LogWindows:Warning: SymLoadModuleExW. Error: 0
[2017.04.28-11.59.29:116][670]LogWindows:Warning: SymLoadModuleExW. Error: 0
[2017.04.28-11.59.29:116][670]LogWindows:Warning: SymLoadModuleExW. Error: 0
[2017.04.28-11.59.29:117][670]LogWindows:Warning: SymLoadModuleExW. Error: 0
[2017.04.28-11.59.29:117][670]LogWindows:Warning: SymLoadModuleExW. Error: 0
[2017.04.28-11.59.29:118][670]LogWindows:Warning: SymLoadModuleExW. Error: 0
[2017.04.28-11.59.29:118][670]LogWindows:Warning: SymLoadModuleExW. Error: 0
[2017.04.28-11.59.29:118][670]LogWindows:Warning: SymLoadModuleExW. Error: 0
[2017.04.28-11.59.29:119][670]LogWindows:Warning: SymLoadModuleExW. Error: 0
[2017.04.28-11.59.29:119][670]LogWindows:Warning: SymLoadModuleExW. Error: 0
[2017.04.28-11.59.29:120][670]LogWindows:Warning: SymLoadModuleExW. Error: 0
[2017.04.28-11.59.29:120][670]LogWindows:Warning: SymLoadModuleExW. Error: 0
[2017.04.28-11.59.29:121][670]LogWindows:Warning: SymLoadModuleExW. Error: 0
[2017.04.28-11.59.29:121][670]LogWindows:Warning: SymLoadModuleExW. Error: 0
[2017.04.28-11.59.29:122][670]LogWindows:Warning: SymLoadModuleExW. Error: 0
[2017.04.28-11.59.29:122][670]LogWindows:Warning: SymLoadModuleExW. Error: 0
[2017.04.28-11.59.29:123][670]LogWindows:Warning: SymLoadModuleExW. Error: 0
[2017.04.28-11.59.29:123][670]LogWindows:Warning: SymLoadModuleExW. Error: 0
[2017.04.28-11.59.29:124][670]LogWindows:Warning: SymLoadModuleExW. Error: 0
[2017.04.28-11.59.29:125][670]LogWindows:Warning: SymLoadModuleExW. Error: 0
[2017.04.28-11.59.29:125][670]LogWindows:Warning: SymLoadModuleExW. Error: 0
[2017.04.28-11.59.29:126][670]LogWindows:Warning: SymLoadModuleExW. Error: 0
[2017.04.28-11.59.29:126][670]LogWindows:Warning: SymLoadModuleExW. Error: 0
[2017.04.28-11.59.29:127][670]LogWindows:Warning: SymLoadModuleExW. Error: 0
[2017.04.28-11.59.29:127][670]LogWindows:Warning: SymLoadModuleExW. Error: 0
[2017.04.28-11.59.29:128][670]LogWindows:Warning: SymLoadModuleExW. Error: 0
[2017.04.28-11.59.29:128][670]LogWindows:Warning: SymLoadModuleExW. Error: 0
[2017.04.28-11.59.29:129][670]LogWindows:Warning: SymLoadModuleExW. Error: 0
[2017.04.28-11.59.29:129][670]LogWindows:Warning: SymLoadModuleExW. Error: 0
[2017.04.28-11.59.29:130][670]LogWindows:Warning: SymLoadModuleExW. Error: 0
[2017.04.28-11.59.29:130][670]LogWindows:Warning: SymLoadModuleExW. Error: 0
[2017.04.28-11.59.29:131][670]LogWindows:Warning: SymLoadModuleExW. Error: 0
[2017.04.28-11.59.29:131][670]LogWindows:Warning: SymLoadModuleExW. Error: 0
[2017.04.28-11.59.29:132][670]LogWindows:Warning: SymLoadModuleExW. Error: 0
[2017.04.28-11.59.29:132][670]LogWindows:Warning: SymLoadModuleExW. Error: 0
[2017.04.28-11.59.29:133][670]LogWindows:Warning: SymLoadModuleExW. Error: 0
[2017.04.28-11.59.29:133][670]LogWindows:Warning: SymLoadModuleExW. Error: 0
[2017.04.28-11.59.29:134][670]LogWindows:Warning: SymLoadModuleExW. Error: 0
[2017.04.28-11.59.29:134][670]LogWindows:Warning: SymLoadModuleExW. Error: 0
[2017.04.28-11.59.29:135][670]LogWindows:Warning: SymLoadModuleExW. Error: 0
[2017.04.28-11.59.29:135][670]LogWindows:Warning: SymLoadModuleExW. Error: 0
[2017.04.28-11.59.29:136][670]LogWindows:Warning: SymLoadModuleExW. Error: 0
[2017.04.28-11.59.29:136][670]LogWindows:Warning: SymLoadModuleExW. Error: 0
[2017.04.28-11.59.29:137][670]LogWindows:Warning: SymLoadModuleExW. Error: 0
[2017.04.28-11.59.29:137][670]LogWindows:Warning: SymLoadModuleExW. Error: 0
[2017.04.28-11.59.29:138][670]LogWindows:Warning: SymLoadModuleExW. Error: 0
[2017.04.28-11.59.29:138][670]LogWindows:Warning: SymLoadModuleExW. Error: 0
[2017.04.28-11.59.29:139][670]LogWindows:Warning: SymLoadModuleExW. Error: 0
[2017.04.28-11.59.29:139][670]LogWindows:Warning: SymLoadModuleExW. Error: 0
[2017.04.28-11.59.29:140][670]LogWindows:Warning: SymLoadModuleExW. Error: 0
[2017.04.28-11.59.29:141][670]LogWindows:Warning: SymLoadModuleExW. Error: 0
[2017.04.28-11.59.29:141][670]LogWindows:Warning: SymLoadModuleExW. Error: 0
[2017.04.28-11.59.29:142][670]LogWindows:Warning: SymLoadModuleExW. Error: 0
[2017.04.28-11.59.29:142][670]LogWindows:Warning: SymLoadModuleExW. Error: 0
[2017.04.28-11.59.29:143][670]LogWindows:Warning: SymLoadModuleExW. Error: 0
[2017.04.28-11.59.29:143][670]LogWindows:Warning: SymLoadModuleExW. Error: 0
[2017.04.28-11.59.29:144][670]LogWindows:Warning: SymLoadModuleExW. Error: 0
[2017.04.28-11.59.29:144][670]LogWindows:Warning: SymLoadModuleExW. Error: 0
[2017.04.28-11.59.29:145][670]LogWindows:Warning: SymLoadModuleExW. Error: 0
[2017.04.28-11.59.29:145][670]LogWindows:Warning: SymLoadModuleExW. Error: 0
[2017.04.28-11.59.29:146][670]LogWindows:Warning: SymLoadModuleExW. Error: 0
[2017.04.28-11.59.29:146][670]LogWindows:Warning: SymLoadModuleExW. Error: 0
[2017.04.28-11.59.29:147][670]LogWindows:Warning: SymLoadModuleExW. Error: 0
[2017.04.28-11.59.29:148][670]LogWindows:Warning: SymLoadModuleExW. Error: 0
[2017.04.28-11.59.29:148][670]LogWindows:Warning: SymLoadModuleExW. Error: 0
[2017.04.28-11.59.29:149][670]LogWindows:Warning: SymLoadModuleExW. Error: 0
[2017.04.28-11.59.29:149][670]LogWindows:Warning: SymLoadModuleExW. Error: 0
[2017.04.28-11.59.29:150][670]LogWindows:Warning: SymLoadModuleExW. Error: 0
[2017.04.28-11.59.29:150][670]LogWindows:Warning: SymLoadModuleExW. Error: 0
[2017.04.28-11.59.29:151][670]LogWindows:Warning: SymLoadModuleExW. Error: 0
[2017.04.28-11.59.29:151][670]LogWindows:Warning: SymLoadModuleExW. Error: 0
[2017.04.28-11.59.29:152][670]LogWindows:Warning: SymLoadModuleExW. Error: 0
[2017.04.28-11.59.29:153][670]LogWindows:Warning: SymLoadModuleExW. Error: 0
[2017.04.28-11.59.29:153][670]LogWindows:Warning: SymLoadModuleExW. Error: 0
[2017.04.28-11.59.29:154][670]LogWindows:Warning: SymLoadModuleExW. Error: 0
[2017.04.28-11.59.29:154][670]LogWindows:Warning: SymLoadModuleExW. Error: 0
[2017.04.28-11.59.29:155][670]LogWindows:Warning: SymLoadModuleExW. Error: 0
[2017.04.28-11.59.29:156][670]LogWindows:Warning: SymLoadModuleExW. Error: 0
[2017.04.28-11.59.29:157][670]LogWindows:Warning: SymLoadModuleExW. Error: 0
[2017.04.28-11.59.29:158][670]LogWindows:Warning: SymLoadModuleExW. Error: 0
[2017.04.28-11.59.29:159][670]LogWindows:Warning: SymLoadModuleExW. Error: 0
[2017.04.28-11.59.29:160][670]LogWindows:Warning: SymLoadModuleExW. Error: 0
[2017.04.28-11.59.29:161][670]LogWindows:Warning: SymLoadModuleExW. Error: 0
[2017.04.28-11.59.29:162][670]LogWindows:Warning: SymLoadModuleExW. Error: 0
[2017.04.28-11.59.29:162][670]LogWindows:Warning: SymLoadModuleExW. Error: 0
[2017.04.28-11.59.29:163][670]LogWindows:Warning: SymLoadModuleExW. Error: 0
[2017.04.28-11.59.29:164][670]LogWindows:Warning: SymLoadModuleExW. Error: 0
[2017.04.28-11.59.29:164][670]LogWindows:Warning: SymLoadModuleExW. Error: 0
[2017.04.28-11.59.29:165][670]LogWindows:Warning: SymLoadModuleExW. Error: 0
[2017.04.28-11.59.29:165][670]LogWindows:Warning: SymLoadModuleExW. Error: 0
[2017.04.28-11.59.29:166][670]LogWindows:Warning: SymLoadModuleExW. Error: 0
[2017.04.28-11.59.29:166][670]LogWindows:Warning: SymLoadModuleExW. Error: 0
[2017.04.28-11.59.29:167][670]LogWindows:Warning: SymLoadModuleExW. Error: 0
[2017.04.28-11.59.29:168][670]LogWindows:Warning: SymLoadModuleExW. Error: 0
[2017.04.28-11.59.29:168][670]LogWindows:Warning: SymLoadModuleExW. Error: 0
[2017.04.28-11.59.29:169][670]LogWindows:Warning: SymLoadModuleExW. Error: 0
[2017.04.28-11.59.29:169][670]LogWindows:Warning: SymLoadModuleExW. Error: 0
[2017.04.28-11.59.29:170][670]LogWindows:Warning: SymLoadModuleExW. Error: 0
[2017.04.28-11.59.29:171][670]LogWindows:Warning: SymLoadModuleExW. Error: 0
[2017.04.28-11.59.29:171][670]LogWindows:Warning: SymLoadModuleExW. Error: 0
[2017.04.28-11.59.29:172][670]LogWindows:Warning: SymLoadModuleExW. Error: 0
[2017.04.28-11.59.29:172][670]LogWindows:Warning: SymLoadModuleExW. Error: 0
[2017.04.28-11.59.29:173][670]LogWindows:Warning: SymLoadModuleExW. Error: 0
[2017.04.28-11.59.29:174][670]LogWindows:Warning: SymLoadModuleExW. Error: 0
[2017.04.28-11.59.29:174][670]LogWindows:Warning: SymLoadModuleExW. Error: 0
[2017.04.28-11.59.29:175][670]LogWindows:Warning: SymLoadModuleExW. Error: 0
[2017.04.28-11.59.29:176][670]LogWindows:Warning: SymLoadModuleExW. Error: 0
[2017.04.28-11.59.29:176][670]LogWindows:Warning: SymLoadModuleExW. Error: 0
[2017.04.28-11.59.29:177][670]LogWindows:Warning: SymLoadModuleExW. Error: 0
[2017.04.28-11.59.29:177][670]LogWindows:Warning: SymLoadModuleExW. Error: 0
[2017.04.28-11.59.29:178][670]LogWindows:Warning: SymLoadModuleExW. Error: 0
[2017.04.28-11.59.29:179][670]LogWindows:Warning: SymLoadModuleExW. Error: 0
[2017.04.28-11.59.29:179][670]LogWindows:Warning: SymLoadModuleExW. Error: 0
[2017.04.28-11.59.29:180][670]LogWindows:Warning: SymLoadModuleExW. Error: 0
[2017.04.28-11.59.29:180][670]LogWindows:Warning: SymLoadModuleExW. Error: 0
[2017.04.28-11.59.29:181][670]LogWindows:Warning: SymLoadModuleExW. Error: 0
[2017.04.28-11.59.29:182][670]LogWindows:Warning: SymLoadModuleExW. Error: 0
[2017.04.28-11.59.29:182][670]LogWindows:Warning: SymLoadModuleExW. Error: 0
[2017.04.28-11.59.29:183][670]LogWindows:Warning: SymLoadModuleExW. Error: 0
[2017.04.28-11.59.29:184][670]LogWindows:Warning: SymLoadModuleExW. Error: 0
[2017.04.28-11.59.29:184][670]LogWindows:Warning: SymLoadModuleExW. Error: 0
[2017.04.28-11.59.29:185][670]LogWindows:Warning: SymLoadModuleExW. Error: 0
[2017.04.28-11.59.29:185][670]LogWindows:Warning: SymLoadModuleExW. Error: 0
[2017.04.28-11.59.29:186][670]LogWindows:Warning: SymLoadModuleExW. Error: 0
[2017.04.28-11.59.29:187][670]LogWindows:Warning: SymLoadModuleExW. Error: 0
[2017.04.28-11.59.29:187][670]LogWindows:Warning: SymLoadModuleExW. Error: 0
[2017.04.28-11.59.29:188][670]LogWindows:Warning: SymLoadModuleExW. Error: 0
[2017.04.28-11.59.29:189][670]LogWindows:Warning: SymLoadModuleExW. Error: 0
[2017.04.28-11.59.29:189][670]LogWindows:Warning: SymLoadModuleExW. Error: 0
[2017.04.28-11.59.29:190][670]LogWindows:Warning: SymLoadModuleExW. Error: 0
[2017.04.28-11.59.29:191][670]LogWindows:Warning: SymLoadModuleExW. Error: 0
[2017.04.28-11.59.29:191][670]LogWindows:Warning: SymLoadModuleExW. Error: 0
[2017.04.28-11.59.29:192][670]LogWindows:Warning: SymLoadModuleExW. Error: 0
[2017.04.28-11.59.29:193][670]LogWindows:Warning: SymLoadModuleExW. Error: 0
[2017.04.28-11.59.29:194][670]LogWindows:Warning: SymLoadModuleExW. Error: 0
[2017.04.28-11.59.29:194][670]LogWindows:Warning: SymLoadModuleExW. Error: 0
[2017.04.28-11.59.29:195][670]LogWindows:Warning: SymLoadModuleExW. Error: 0
[2017.04.28-11.59.29:196][670]LogWindows:Warning: SymLoadModuleExW. Error: 0
[2017.04.28-11.59.29:196][670]LogWindows:Warning: SymLoadModuleExW. Error: 0
[2017.04.28-11.59.29:197][670]LogWindows:Warning: SymLoadModuleExW. Error: 0
[2017.04.28-11.59.29:198][670]LogWindows:Warning: SymLoadModuleExW. Error: 0
[2017.04.28-11.59.29:198][670]LogWindows:Warning: SymLoadModuleExW. Error: 0
[2017.04.28-11.59.29:199][670]LogWindows:Warning: SymLoadModuleExW. Error: 0
[2017.04.28-11.59.29:200][670]LogWindows:Warning: SymLoadModuleExW. Error: 0
[2017.04.28-11.59.29:200][670]LogWindows:Warning: SymLoadModuleExW. Error: 0
[2017.04.28-11.59.29:201][670]LogWindows:Warning: SymLoadModuleExW. Error: 0
[2017.04.28-11.59.29:202][670]LogWindows:Warning: SymLoadModuleExW. Error: 0
[2017.04.28-11.59.29:202][670]LogWindows:Warning: SymLoadModuleExW. Error: 0
[2017.04.28-11.59.29:203][670]LogWindows:Warning: SymLoadModuleExW. Error: 0
[2017.04.28-11.59.29:204][670]LogWindows:Warning: SymLoadModuleExW. Error: 0
[2017.04.28-11.59.29:204][670]LogWindows:Warning: SymLoadModuleExW. Error: 0
[2017.04.28-11.59.29:205][670]LogWindows:Warning: SymLoadModuleExW. Error: 0
[2017.04.28-11.59.29:206][670]LogWindows:Warning: SymLoadModuleExW. Error: 0
[2017.04.28-11.59.29:206][670]LogWindows:Warning: SymLoadModuleExW. Error: 0
[2017.04.28-11.59.29:207][670]LogWindows:Warning: SymLoadModuleExW. Error: 0
[2017.04.28-11.59.29:208][670]LogWindows:Warning: SymLoadModuleExW. Error: 0
[2017.04.28-11.59.29:208][670]LogWindows:Warning: SymLoadModuleExW. Error: 0
[2017.04.28-11.59.29:209][670]LogWindows:Warning: SymLoadModuleExW. Error: 0
[2017.04.28-11.59.29:210][670]LogWindows:Warning: SymLoadModuleExW. Error: 0
[2017.04.28-11.59.29:210][670]LogWindows:Warning: SymLoadModuleExW. Error: 0
[2017.04.28-11.59.29:211][670]LogWindows:Warning: SymLoadModuleExW. Error: 0
[2017.04.28-11.59.29:212][670]LogWindows:Warning: SymLoadModuleExW. Error: 0
[2017.04.28-11.59.29:212][670]LogWindows:Warning: SymLoadModuleExW. Error: 0
[2017.04.28-11.59.29:213][670]LogWindows:Warning: SymLoadModuleExW. Error: 0
[2017.04.28-11.59.29:214][670]LogWindows:Warning: SymLoadModuleExW. Error: 0
[2017.04.28-11.59.29:214][670]LogWindows:Warning: SymLoadModuleExW. Error: 0
[2017.04.28-11.59.29:215][670]LogWindows:Warning: SymLoadModuleExW. Error: 0
[2017.04.28-11.59.29:216][670]LogWindows:Warning: SymLoadModuleExW. Error: 0
[2017.04.28-11.59.29:216][670]LogWindows:Warning: SymLoadModuleExW. Error: 0
[2017.04.28-11.59.29:217][670]LogWindows:Warning: SymLoadModuleExW. Error: 0
[2017.04.28-11.59.29:218][670]LogWindows:Warning: SymLoadModuleExW. Error: 0
[2017.04.28-11.59.29:218][670]LogWindows:Warning: SymLoadModuleExW. Error: 0
[2017.04.28-11.59.29:219][670]LogWindows:Warning: SymLoadModuleExW. Error: 0
[2017.04.28-11.59.29:220][670]LogWindows:Warning: SymLoadModuleExW. Error: 0
[2017.04.28-11.59.29:220][670]LogWindows:Warning: SymLoadModuleExW. Error: 0
[2017.04.28-11.59.29:221][670]LogWindows:Warning: SymLoadModuleExW. Error: 0
[2017.04.28-11.59.29:222][670]LogWindows:Warning: SymLoadModuleExW. Error: 0
[2017.04.28-11.59.29:222][670]LogWindows:Warning: SymLoadModuleExW. Error: 0
[2017.04.28-11.59.29:223][670]LogWindows:Warning: SymLoadModuleExW. Error: 0
[2017.04.28-11.59.29:224][670]LogWindows:Warning: SymLoadModuleExW. Error: 0
[2017.04.28-11.59.29:225][670]LogWindows:Warning: SymLoadModuleExW. Error: 0
[2017.04.28-11.59.29:225][670]LogWindows:Warning: SymLoadModuleExW. Error: 0
[2017.04.28-11.59.29:226][670]LogWindows:Warning: SymLoadModuleExW. Error: 0
[2017.04.28-11.59.29:227][670]LogWindows:Warning: SymLoadModuleExW. Error: 0
[2017.04.28-11.59.29:227][670]LogWindows:Warning: SymLoadModuleExW. Error: 0
[2017.04.28-11.59.29:228][670]LogWindows:Warning: SymLoadModuleExW. Error: 0
[2017.04.28-11.59.29:229][670]LogWindows:Warning: SymLoadModuleExW. Error: 0
[2017.04.28-11.59.29:230][670]LogWindows:Warning: SymLoadModuleExW. Error: 0
[2017.04.28-11.59.29:230][670]LogWindows:Warning: SymLoadModuleExW. Error: 0
[2017.04.28-11.59.29:231][670]LogWindows:Warning: SymLoadModuleExW. Error: 0
[2017.04.28-11.59.29:232][670]LogWindows:Warning: SymLoadModuleExW. Error: 0
[2017.04.28-11.59.29:232][670]LogWindows:Warning: SymLoadModuleExW. Error: 0
[2017.04.28-11.59.29:233][670]LogWindows:Warning: SymLoadModuleExW. Error: 0
[2017.04.28-11.59.29:234][670]LogWindows:Warning: SymLoadModuleExW. Error: 0
[2017.04.28-11.59.29:234][670]LogWindows:Warning: SymLoadModuleExW. Error: 0
[2017.04.28-11.59.29:235][670]LogWindows:Warning: SymLoadModuleExW. Error: 0
[2017.04.28-11.59.29:236][670]LogWindows:Warning: SymLoadModuleExW. Error: 0
[2017.04.28-11.59.29:237][670]LogWindows:Warning: SymLoadModuleExW. Error: 0
[2017.04.28-11.59.29:279][670]LogStats: FPlatformStackWalk::StackWalkAndDump -  0.258 s
[2017.04.28-11.59.29:280][670]LogOutputDevice:Error: === Handled ensure: ===
[2017.04.28-11.59.29:280][670]LogOutputDevice:Error: 
[2017.04.28-11.59.29:280][670]LogOutputDevice:Error: Ensure condition failed: TankAimingComponent [File:C:\Users\Sarah\Documents\Unreal Projects\04_BattleTank\BattleTank\Source\BattleTank\Private\Tank.cpp] [Line: 40]
[2017.04.28-11.59.29:280][670]LogOutputDevice:Error: 
[2017.04.28-11.59.29:280][670]LogOutputDevice:Error: Stack: 
[2017.04.28-11.59.29:281][670]LogOutputDevice:Error: UE4Editor-Core.dll!0x000000009F3595D6
[2017.04.28-11.59.29:281][670]LogOutputDevice:Error: UE4Editor-Core.dll!0x000000009F109B72
[2017.04.28-11.59.29:281][670]LogOutputDevice:Error: UE4Editor-Core.dll!0x000000009F11B656
[2017.04.28-11.59.29:281][670]LogOutputDevice:Error: UE4Editor-BattleTank-2044.dll!ATank::AimAt() [c:\users\sarah\documents\unreal projects\04_battletank\battletank\source\battletank\private\tank.cpp:40]
[2017.04.28-11.59.29:282][670]LogOutputDevice:Error: UE4Editor-BattleTank-2044.dll!ATankPlayerController::AimTowardsCrosshair() [c:\users\sarah\documents\unreal projects\04_battletank\battletank\source\battletank\private\tankplayercontroller.cpp:65]
[2017.04.28-11.59.29:282][670]LogOutputDevice:Error: UE4Editor-Engine.dll!0x00000000950E33CC
[2017.04.28-11.59.29:283][670]LogOutputDevice:Error: UE4Editor-Engine.dll!0x000000009445AA2E
[2017.04.28-11.59.29:283][670]LogOutputDevice:Error: UE4Editor-Engine.dll!0x00000000953DF62D
[2017.04.28-11.59.29:283][670]LogOutputDevice:Error: UE4Editor-Engine.dll!0x00000000953E52FD
[2017.04.28-11.59.29:283][670]LogOutputDevice:Error: UE4Editor-Core.dll!0x000000009EFDD83D
[2017.04.28-11.59.29:284][670]LogOutputDevice:Error: UE4Editor-Core.dll!0x000000009EFDDC5D
[2017.04.28-11.59.29:284][670]LogOutputDevice:Error: UE4Editor-Core.dll!0x000000009EFFCCDB
[2017.04.28-11.59.29:284][670]LogOutputDevice:Error: UE4Editor-Engine.dll!0x0000000095409051
[2017.04.28-11.59.29:284][670]LogOutputDevice:Error: UE4Editor-Engine.dll!0x00000000954198D2
[2017.04.28-11.59.29:284][670]LogOutputDevice:Error: UE4Editor-Engine.dll!0x0000000094D47B44
[2017.04.28-11.59.29:285][670]LogOutputDevice:Error: UE4Editor-Engine.dll!0x0000000094D4FC6B
[2017.04.28-11.59.29:285][670]LogOutputDevice:Error: UE4Editor-UnrealEd.dll!0x00000000984D6D8E
[2017.04.28-11.59.29:285][670]LogOutputDevice:Error: UE4Editor-UnrealEd.dll!0x0000000098CE1AD6
[2017.04.28-11.59.29:285][670]LogOutputDevice:Error: UE4Editor.exe!0x00000000C875DEE3
[2017.04.28-11.59.29:285][670]LogOutputDevice:Error: UE4Editor.exe!0x00000000C874EB40
[2017.04.28-11.59.29:286][670]LogOutputDevice:Error: UE4Editor.exe!0x00000000C874EBBA
[2017.04.28-11.59.29:286][670]LogOutputDevice:Error: UE4Editor.exe!0x00000000C8760A29
[2017.04.28-11.59.29:286][670]LogOutputDevice:Error: UE4Editor.exe!0x00000000C87622B6
[2017.04.28-11.59.29:286][670]LogOutputDevice:Error: KERNEL32.DLL!0x00000000E12A8364
[2017.04.28-11.59.29:286][670]LogOutputDevice:Error: ntdll.dll!0x00000000E18470D1
[2017.04.28-11.59.29:287][670]LogOutputDevice:Error: 
[2017.04.28-11.59.29:290][670]LogStats:                SubmitErrorReport -  0.000 s
