Log file open, 05/03/17 19:59:24
LogInit:Display: Running engine for game: BattleTank
LogPlatformFile: Not using cached read wrapper
LogInit:Display: RandInit(-1186205107) SRandInit(-1186205107).
LogTaskGraph: Started task graph with 5 named threads and 8 total threads with 1 sets of task threads.
LogStats: Stats thread started at 0.066938
LogInit: Using libcurl 7.47.1
LogInit:  - built for x86_64-pc-win32
LogInit:  - supports SSL with OpenSSL/1.0.2g
LogInit:  - supports HTTP deflate (compression) using libz 1.2.8
LogInit:  - other features:
LogInit:      CURL_VERSION_SSL
LogInit:      CURL_VERSION_LIBZ
LogInit:      CURL_VERSION_IPV6
LogInit:      CURL_VERSION_ASYNCHDNS
LogInit:      CURL_VERSION_LARGEFILE
LogInit:      CURL_VERSION_IDN
LogInit:  CurlRequestOptions (configurable via config and command line):
LogInit:  - bVerifyPeer = false  - Libcurl will NOT verify peer certificate
LogInit:  - bUseHttpProxy = false  - Libcurl will NOT use HTTP proxy
LogInit:  - bDontReuseConnections = false  - Libcurl will reuse connections
LogInit:  - CertBundlePath = nullptr  - Libcurl will use whatever was configured at build time.
LogInit: Build: ++UE4+Release-4.15-CL-3348071
LogInit: Engine Version: 4.15.1-3348071+++UE4+Release-4.15
LogInit: Compatible Engine Version: 4.15.0-3299760+++UE4+Release-4.15
LogInit: Net CL: 3299760
LogDevObjectVersion: Number of dev versions registered: 14
LogDevObjectVersion:   Dev-Blueprints (B0D832E4-1F89-4F0D-ACCF-7EB736FD4AA2): 8
LogDevObjectVersion:   Dev-Build (E1C64328-A22C-4D53-A36C-8E866417BD8C): 0
LogDevObjectVersion:   Dev-Core (375EC13C-06E4-48FB-B500-84F0262A717E): 2
LogDevObjectVersion:   Dev-Editor (E4B068ED-F494-42E9-A231-DA0B2E46BB41): 14
LogDevObjectVersion:   Dev-Framework (CFFC743F-43B0-4480-9391-14DF171D2073): 22
LogDevObjectVersion:   Dev-Mobile (B02B49B5-BB20-44E9-A304-32B752E40360): 0
LogDevObjectVersion:   Dev-Networking (A4E4105C-59A1-49B5-A7C5-40C4547EDFEE): 0
LogDevObjectVersion:   Dev-Online (39C831C9-5AE6-47DC-9A44-9C173E1C8E7C): 0
LogDevObjectVersion:   Dev-Physics (78F01B33-EBEA-4F98-B9B4-84EACCB95AA2): 0
LogDevObjectVersion:   Dev-Platform (6631380F-2D4D-43E0-8009-CF276956A95A): 0
LogDevObjectVersion:   Dev-Rendering (12F88B9F-8875-4AFC-A67C-D90C383ABD29): 12
LogDevObjectVersion:   Dev-Sequencer (7B5AE74C-D270-4C10-A958-57980B212A5A): 3
LogDevObjectVersion:   Dev-VR (D7296918-1DD6-4BDD-9DE2-64A83CC13884): 0
LogDevObjectVersion:   Dev-LoadTimes (C2A15278-BFE7-4AFE-6C17-90FF531DF755): 1
LogInit: Compiled (64-bit): Mar 15 2017 16:52:47
LogInit: Compiled with Visual C++: 19.00.23026.00
LogInit: Build Configuration: Development
LogInit: Branch Name: ++UE4+Release-4.15
LogInit: Command line: -EpicPortal 
LogInit: Base directory: C:/Program Files/Epic Games/UE_4.15/Engine/Binaries/Win64/
LogInit: Installed Engine Build: 1
LogInit: Presizing for max 8388607 objects, including 0 objects not considered by GC, pre-allocating 0 bytes for permanent pool.
LogInit: Object subsystem initialized
[2017.05.03-18.59.25:453][  0]LogInit: Selected Device Profile: [Windows]
[2017.05.03-18.59.25:453][  0]LogInit: Applying CVar settings loaded from the selected device profile: [Windows]
[2017.05.03-18.59.25:461][  0]LogInit: Computer: DESKTOP-7RIOMGQ
[2017.05.03-18.59.25:461][  0]LogInit: User: Ed
[2017.05.03-18.59.25:461][  0]LogInit: CPU Page size=65536, Cores=4
[2017.05.03-18.59.25:461][  0]LogInit: High frequency timer resolution =3.421877 MHz
[2017.05.03-18.59.25:461][  0]LogMemory: Memory total: Physical=16.0GB (16GB approx)
[2017.05.03-18.59.25:461][  0]LogMemory: Platform Memory Stats for Windows
[2017.05.03-18.59.25:461][  0]LogMemory: Process Physical Memory: 264.19 MB used, 264.19 MB peak
[2017.05.03-18.59.25:461][  0]LogMemory: Process Virtual Memory: 262.35 MB used, 262.35 MB peak
[2017.05.03-18.59.25:461][  0]LogMemory: Physical Memory: 6280.70 MB used,  10060.28 MB free, 16340.98 MB total
[2017.05.03-18.59.25:461][  0]LogMemory: Virtual Memory: 643.96 MB used,  10060.28 MB free, 134217728.00 MB total
[2017.05.03-18.59.25:519][  0]LogTextLocalizationManager: No specific translations for ('en-GB') exist, so ('en') translations will be used.
[2017.05.03-18.59.25:958][  0]LogD3D11RHI: D3D11 adapters:
[2017.05.03-18.59.25:975][  0]LogD3D11RHI:    0. 'Radeon (TM) RX 480 Graphics' (Feature Level 11_0)
[2017.05.03-18.59.25:975][  0]LogD3D11RHI:       8140/0/8170 MB DedicatedVideo/DedicatedSystem/SharedSystem, Outputs:1, VendorId:0x1002
[2017.05.03-18.59.25:976][  0]LogD3D11RHI:    1. 'Microsoft Basic Render Driver' (Feature Level 11_0)
[2017.05.03-18.59.25:976][  0]LogD3D11RHI:       0/0/8170 MB DedicatedVideo/DedicatedSystem/SharedSystem, Outputs:0, VendorId:0x1414
[2017.05.03-18.59.25:976][  0]LogD3D11RHI: Chosen D3D11 Adapter: 0
[2017.05.03-18.59.25:980][  0]LogD3D11RHI: Creating new Direct3DDevice
[2017.05.03-18.59.25:980][  0]LogD3D11RHI:     GPU DeviceId: 0x67df (for the marketing name, search the web for "GPU Device Id")
[2017.05.03-18.59.25:980][  0]LogWindows: EnumDisplayDevices:
[2017.05.03-18.59.25:980][  0]LogWindows:    0. 'Radeon (TM) RX 480 Graphics' (P:1 D:1)
[2017.05.03-18.59.25:980][  0]LogWindows:    1. 'Radeon (TM) RX 480 Graphics' (P:0 D:0)
[2017.05.03-18.59.25:980][  0]LogWindows:    2. 'Radeon (TM) RX 480 Graphics' (P:0 D:0)
[2017.05.03-18.59.25:980][  0]LogWindows:    3. 'Radeon (TM) RX 480 Graphics' (P:0 D:0)
[2017.05.03-18.59.25:980][  0]LogWindows:    4. 'Radeon (TM) RX 480 Graphics' (P:0 D:0)
[2017.05.03-18.59.25:980][  0]LogWindows:    5. 'Radeon (TM) RX 480 Graphics' (P:0 D:0)
[2017.05.03-18.59.25:981][  0]LogWindows: DebugString: FoundDriverCount:6 
[2017.05.03-18.59.25:981][  0]LogD3D11RHI:     Adapter Name: Radeon (TM) RX 480 Graphics
[2017.05.03-18.59.25:981][  0]LogD3D11RHI:   Driver Version: Crimson 16.7.2 (internal:16.200.1035.1001, unified:16.200.1035.1001)
[2017.05.03-18.59.25:981][  0]LogD3D11RHI:      Driver Date: 7-8-2016
[2017.05.03-18.59.25:981][  0]LogRHI: Texture pool is 1361 MB (70% of 1945 MB)
[2017.05.03-18.59.26:430][  0]LogD3D11RHI: Async texture creation enabled
[2017.05.03-18.59.26:439][  0]LogD3D11RHI: GPU Timing Frequency: 25.000000 (Debug: 2 1)
[2017.05.03-18.59.26:439][  0]LogShaderCompilers: Guid format shader working directory is -35 characters bigger than the processId version (../../../../../../Users/Ed/Documents/Unreal Projects/04_BattleTank/BattleTank/Intermediate/Shaders/WorkingDirectory/19160/).
[2017.05.03-18.59.26:439][  0]LogShaderCompilers: Cleaned the shader compiler working directory 'C:/Users/Ed/AppData/Local/Temp/UnrealShaderWorkingDir/A854B4FC4266CD888108C2AEEAE4CA8A/'.
[2017.05.03-18.59.26:439][  0]LogShaderCompilers:Display: Using Local Shader Compiler.
[2017.05.03-18.59.27:193][  0]LogTemp:Display: Loaded TP AllDesktopTargetPlatform
[2017.05.03-18.59.27:233][  0]LogTemp:Display: Loaded TP MacClientTargetPlatform
[2017.05.03-18.59.27:273][  0]LogTemp:Display: Loaded TP MacNoEditorTargetPlatform
[2017.05.03-18.59.27:323][  0]LogTemp:Display: Loaded TP MacServerTargetPlatform
[2017.05.03-18.59.27:362][  0]LogTemp:Display: Loaded TP MacTargetPlatform
[2017.05.03-18.59.27:401][  0]LogTemp:Display: Loaded TP WindowsClientTargetPlatform
[2017.05.03-18.59.27:441][  0]LogTemp:Display: Loaded TP WindowsNoEditorTargetPlatform
[2017.05.03-18.59.27:480][  0]LogTemp:Display: Loaded TP WindowsServerTargetPlatform
[2017.05.03-18.59.27:515][  0]LogTemp:Display: Loaded TP WindowsTargetPlatform
[2017.05.03-18.59.27:553][  0]LogTemp:Display: Loaded TP AndroidTargetPlatform
[2017.05.03-18.59.27:592][  0]LogTemp:Display: Loaded TP Android_ASTCTargetPlatform
[2017.05.03-18.59.27:632][  0]LogTemp:Display: Loaded TP Android_ATCTargetPlatform
[2017.05.03-18.59.27:670][  0]LogTemp:Display: Loaded TP Android_DXTTargetPlatform
[2017.05.03-18.59.27:708][  0]LogTemp:Display: Loaded TP Android_ETC1TargetPlatform
[2017.05.03-18.59.27:747][  0]LogTemp:Display: Loaded TP Android_ETC2TargetPlatform
[2017.05.03-18.59.27:824][  0]LogTemp:Display: Loaded TP Android_MultiTargetPlatform
[2017.05.03-18.59.27:824][  0]LogTemp:Display: Loaded TP Android_PVRTCTargetPlatform
[2017.05.03-18.59.27:850][  0]LogTemp:Display: Loaded TP HTML5TargetPlatform
[2017.05.03-18.59.27:927][  0]LogTemp:Display: Loaded TP IOSTargetPlatform
[2017.05.03-18.59.27:953][  0]LogTemp:Display: Loaded TP TVOSTargetPlatform
[2017.05.03-18.59.27:991][  0]LogTemp:Display: Loaded TP LinuxClientTargetPlatform
[2017.05.03-18.59.28:029][  0]LogTemp:Display: Loaded TP LinuxNoEditorTargetPlatform
[2017.05.03-18.59.28:068][  0]LogTemp:Display: Loaded TP LinuxServerTargetPlatform
[2017.05.03-18.59.28:107][  0]LogTemp:Display: Loaded TP LinuxTargetPlatform
[2017.05.03-18.59.28:107][  0]LogTargetPlatformManager:Display: Building Assets For Windows
[2017.05.03-18.59.28:419][  0]LogDerivedDataCache:Display: Max Cache Size: 512 MB
[2017.05.03-18.59.28:457][  0]LogDerivedDataCache: Loaded boot cache 0.04s 50MB C:/Users/Ed/AppData/Local/UnrealEngine/4.15/DerivedDataCache/Boot.ddc.
[2017.05.03-18.59.28:457][  0]LogDerivedDataCache:Display: Loaded Boot cache: C:/Users/Ed/AppData/Local/UnrealEngine/4.15/DerivedDataCache/Boot.ddc
[2017.05.03-18.59.28:457][  0]LogDerivedDataCache: FDerivedDataBackendGraph:  Pak pak cache file ../../../../../../Users/Ed/Documents/Unreal Projects/04_BattleTank/BattleTank/DerivedDataCache/DDC.ddp not found, will not use a pak cache.
[2017.05.03-18.59.28:457][  0]LogDerivedDataCache: Unable to find inner node Pak for hierarchical cache Hierarchy.
[2017.05.03-18.59.28:457][  0]LogDerivedDataCache: FDerivedDataBackendGraph:  CompressedPak pak cache file ../../../../../../Users/Ed/Documents/Unreal Projects/04_BattleTank/BattleTank/DerivedDataCache/Compressed.ddp not found, will not use a pak cache.
[2017.05.03-18.59.28:457][  0]LogDerivedDataCache: Unable to find inner node CompressedPak for hierarchical cache Hierarchy.
[2017.05.03-18.59.28:471][  0]LogDerivedDataCache:Display: Pak cache opened for reading ../../../Engine/DerivedDataCache/Compressed.ddp.
[2017.05.03-18.59.28:483][  0]LogDerivedDataCache: Using Local data cache path C:/Users/Ed/AppData/Local/UnrealEngine/Common/DerivedDataCache: Writable
[2017.05.03-18.59.28:490][  0]LogSlate: Using Freetype 2.6.0
[2017.05.03-18.59.28:490][  0]LogSlate: SlateFontCache - WITH_FREETYPE: 1, WITH_HARFBUZZ: 1
[2017.05.03-18.59.28:490][  0]LogSlate: SlateFontCache - WITH_FREETYPE: 1, WITH_HARFBUZZ: 1
[2017.05.03-18.59.28:679][  0]LogInit: Selected Device Profile: [Windows]
[2017.05.03-18.59.28:681][  0]LogContentStreaming: Texture pool size is 0.00 MB
[2017.05.03-18.59.28:837][  0]LogMeshUtilities: Using QuadricMeshReduction for automatic static mesh reduction
[2017.05.03-18.59.28:867][  0]LogSimplygon: Simplygon DLL not present - disabling.
[2017.05.03-18.59.28:900][  0]LogMeshUtilities: Using SimplygonSwarm for distributed automatic mesh merging
[2017.05.03-18.59.28:900][  0]LogMeshUtilities: No automatic skeletal mesh reduction module available
[2017.05.03-18.59.28:900][  0]LogMeshUtilities: No automatic mesh merging module available
[2017.05.03-18.59.29:296][  0]LogNetVersion: GetLocalNetworkVersion: CL: 3299760, ProjectName: battletank, ProjectVersion: , EngineNetworkVersion: 2, GameNetworkVersion: 0, NetworkChecksum: 2512795372
[2017.05.03-18.59.29:335][  0]LogAssetRegistry: FAssetRegistry took 0.0216 seconds to start up
[2017.05.03-18.59.29:372][  0]LogPackageLocalizationCache: Processed 3 localized package path(s) for 2 prioritized culture(s) in 0.021732 seconds
[2017.05.03-18.59.29:376][  0]LogUObjectArray: 32493 objects as part of root set at end of initial load.
[2017.05.03-18.59.29:376][  0]LogUObjectAllocator: 7077024 out of 0 bytes used by permanent object pool.
[2017.05.03-18.59.29:376][  0]LogUObjectArray: CloseDisregardForGC: 0/0 objects in disregard for GC pool
[2017.05.03-18.59.29:430][  0]LogInit: WinSock: version 1.1 (2.2), MaxSocks=32767, MaxUdp=65467
[2017.05.03-18.59.30:697][  0]LogTcpMessaging: Initializing TcpMessaging bridge
[2017.05.03-18.59.30:728][  0]LogUdpMessaging: Initializing bridge on interface 0.0.0.0:0 to multicast group 230.0.0.1:6666.
[2017.05.03-18.59.31:102][  0]LogMaterial: Uniform references updated for custom material expression Custom.
[2017.05.03-18.59.31:371][  0]SourceControl: Info Source control is disabled
[2017.05.03-18.59.31:393][  0]SourceControl: Info Source control is disabled
[2017.05.03-18.59.31:426][  0]SourceControl: Info Source control is disabled
[2017.05.03-18.59.31:458][  0]SourceControl: Info Source control is disabled
[2017.05.03-18.59.32:346][  0]LogEngine: Initializing Engine...
[2017.05.03-18.59.32:347][  0]LogHMD: Failed to initialize OpenVR with code 110
[2017.05.03-18.59.32:515][  0]LogAIModule: Creating AISystem for world Untitled
[2017.05.03-18.59.32:526][  0]LogInit: XAudio2 using 'Headphones (USB Audio Device)' : 2 channels at 48 kHz using 16 bits per sample (channel mask 0x3)
[2017.05.03-18.59.32:538][  0]LogInit: FAudioDevice initialized.
[2017.05.03-18.59.32:556][  0]LogDerivedDataCache: Saved boot cache 0.02s 50MB C:/Users/Ed/AppData/Local/UnrealEngine/4.15/DerivedDataCache/Boot.ddc.
[2017.05.03-18.59.32:561][  0]LogInit: Texture streaming: Enabled
[2017.05.03-18.59.32:627][  0]LogEngineSessionManager: EngineSessionManager initialized
[2017.05.03-18.59.32:689][  0]LogInit: Transaction tracking system initialized
[2017.05.03-18.59.32:930][  0]BlueprintLog: New page: Editor Load
[2017.05.03-18.59.33:542][  0]LocalizationService: Info Localization service is disabled
[2017.05.03-18.59.34:007][  0]LogConsoleResponse:Display: 
[2017.05.03-18.59.34:098][  0]LogCook:Display: Max memory allowance for cook 16384mb min free memory 0mb
[2017.05.03-18.59.34:098][  0]LogCook:Display: Mobile HDR setting 1
[2017.05.03-18.59.34:421][  0]LogFileCache: Scanning file cache for directory 'C:/Users/Ed/Documents/Unreal Projects/04_BattleTank/BattleTank/Content/' took 0.01s
[2017.05.03-18.59.34:814][  0]SourceControl: Info Source control is disabled
[2017.05.03-18.59.34:814][  0]Cmd: MAP LOAD FILE="../../../../../../Users/Ed/Documents/Unreal Projects/04_BattleTank/BattleTank/Content/Levels/BattleGround.umap" TEMPLATE=0 SHOWPROGRESS=1 FEATURELEVEL=3
[2017.05.03-18.59.34:814][  0]LightingResults: New page: Lighting Build
[2017.05.03-18.59.34:842][  0]MapCheck: New page: Map Check
[2017.05.03-18.59.34:842][  0]LightingResults: New page: Lighting Build
[2017.05.03-18.59.35:019][  0]LogBlueprint:Warning: [Mortar_BP] 'ProgressBar_Tank' variable not found. Base class was probably changed.
[2017.05.03-18.59.35:019][  0]LogBlueprint:Warning: [Mortar_BP] 'ProgressBar_Tank' variable not found. Base class was probably changed.
[2017.05.03-18.59.35:021][  0]LogBlueprint:Warning: [Mortar_BP] 'ProgressBar_Tank' variable not found. Base class was probably changed.
[2017.05.03-18.59.35:021][  0]LogBlueprint:Warning: [Mortar_BP] 'ProgressBar_Tank' variable not found. Base class was probably changed.
[2017.05.03-18.59.35:244][  0]LogAIModule: Creating AISystem for world BattleGround
[2017.05.03-18.59.35:289][  0]LogEditorServer: Finished looking for orphan Actors (0.000 secs)
[2017.05.03-18.59.35:291][  0]Cmd: MAP CHECKDEP NOCLEARLOG
[2017.05.03-18.59.35:337][  0]MapCheck: Info Map check complete: 0 Error(s), 0 Warning(s), took 46.293ms to complete.
[2017.05.03-18.59.35:337][  0]LogFileHelpers: Loading map 'BattleGround' took 0.523
[2017.05.03-18.59.35:402][  0]LogWindowsTextInputMethodSystem:Display: IME system now deactivated.
[2017.05.03-18.59.35:488][  0]LogCollectionManager: Loaded 0 collections in 0.000948 seconds
[2017.05.03-18.59.35:555][  0]LogFileCache: Scanning file cache for directory 'C:/Users/Ed/Documents/Unreal Projects/04_BattleTank/BattleTank/Saved/Collections/' took 0.01s
[2017.05.03-18.59.35:555][  0]LogFileCache: Scanning file cache for directory 'C:/Users/Ed/Documents/Unreal Projects/04_BattleTank/BattleTank/Content/Developers/Ed/Collections/' took 0.01s
[2017.05.03-18.59.35:555][  0]LogFileCache: Scanning file cache for directory 'C:/Users/Ed/Documents/Unreal Projects/04_BattleTank/BattleTank/Content/Collections/' took 0.01s
[2017.05.03-18.59.35:555][  0]LogCollectionManager: Rebuilt the GUID cache for 0 collections in 0.000001 seconds
[2017.05.03-18.59.35:563][  0]LogContentBrowser: Native class hierarchy populated in 0.0077 seconds. Added 2257 classes and 456 folders.
[2017.05.03-18.59.35:565][  0]LogStats: UGameplayTagsManager::ConstructGameplayTagTree: Construct from data asset -  0.000 s
[2017.05.03-18.59.35:565][  0]LogStats: UGameplayTagsManager::ConstructGameplayTagTree: GameplayTagTreeChangedEvent.Broadcast -  0.000 s
[2017.05.03-18.59.35:612][  0]LogContentBrowser: Native class hierarchy updated for 'WidgetCarousel' in 0.0015 seconds. Added 0 classes and 0 folders.
[2017.05.03-18.59.35:639][  0]LogContentBrowser: Native class hierarchy updated for 'AddContentDialog' in 0.0014 seconds. Added 0 classes and 0 folders.
[2017.05.03-18.59.35:673][  0]LogContentBrowser: Native class hierarchy updated for 'SceneOutliner' in 0.0015 seconds. Added 1 classes and 2 folders.
[2017.05.03-18.59.35:707][  0]LogCrashTracker: Crashtracker disabled due to settings.
[2017.05.03-18.59.35:711][  0]LogUObjectGlobals:Warning: Failed to find object 'Class None.'
[2017.05.03-18.59.35:762][  0]LogContentBrowser: Native class hierarchy updated for 'HierarchicalLODOutliner' in 0.0015 seconds. Added 1 classes and 2 folders.
[2017.05.03-18.59.35:763][  0]LogLoad: (Engine Initialization) Total time: 11.76 seconds
[2017.05.03-18.59.35:763][  0]LogLoad: (Engine Initialization) Total Blueprint compile time: 0.11 seconds
[2017.05.03-18.59.35:763][  0]LogExternalProfiler: No external profilers were discovered.  External profiling features will not be available.
[2017.05.03-18.59.35:772][  0]LogOcInput: OculusInput pre-init called
[2017.05.03-18.59.35:784][  0]LogAssetRegistry: Asset discovery search completed in 6.4710 seconds
[2017.05.03-18.59.35:784][  0]LogCollectionManager: Rebuilt the object cache for 0 collections in 0.000003 seconds (found 0 objects)
[2017.05.03-18.59.35:785][  0]LogCollectionManager: Fixed up redirectors for 0 collections in 0.000017 seconds (updated 0 objects)
[2017.05.03-18.59.35:788][  0]LogContentStreaming: Texture pool size now 1000 MB
[2017.05.03-18.59.35:795][  0]LogSlate: Took 0.000157 seconds to synchronously load lazily loaded font '../../../Engine/Content/Slate/Fonts/Roboto-Regular.ttf' (155K)
[2017.05.03-18.59.35:798][  0]LogSlate: Took 0.000144 seconds to synchronously load lazily loaded font '../../../Engine/Content/Slate/Fonts/Roboto-Bold.ttf' (160K)
[2017.05.03-18.59.35:802][  0]LogSlate: Took 0.000162 seconds to synchronously load lazily loaded font '../../../Engine/Content/Editor/Slate/Fonts/FontAwesome.ttf' (139K)
[2017.05.03-18.59.35:928][  0]LogRenderer: Reallocating scene render targets to support 2072x680 NumSamples 1 (Frame:2).
[2017.05.03-19.06.19:899][888]Recompiling BattleTank...
[2017.05.03-19.06.19:899][888]Launching UnrealBuildTool... [C:/Program Files/Epic Games/UE_4.15/Engine/Binaries/DotNET/UnrealBuildTool.exe BattleTank -ModuleWithSuffix BattleTank 4863 Win64 Development -editorrecompile -canskiplink "C:/Users/Ed/Documents/Unreal Projects/04_BattleTank/BattleTank/BattleTank.uproject" ]
[2017.05.03-19.06.19:900][888]Warning: Starting HotReload took  0.0s.
[2017.05.03-19.06.24:325][300]CompilerResultsLog: New page: Compilation - 3 May 2017 21:06:24
[2017.05.03-19.06.24:326][300]CompilerResultsLog: Info Compiling game modules for hot reload
[2017.05.03-19.06.24:326][300]CompilerResultsLog: Info Performing 3 actions (4 in parallel)
[2017.05.03-19.06.24:326][300]CompilerResultsLog: Info Tank.cpp
[2017.05.03-19.06.24:326][300]CompilerResultsLog: Info [2/3] Link UE4Editor-BattleTank-4863.dll
[2017.05.03-19.06.24:326][300]CompilerResultsLog: Info [3/3] Link UE4Editor-BattleTank-4863.lib
[2017.05.03-19.06.24:326][300]CompilerResultsLog: Info    Creating library C:\Users\Ed\Documents\Unreal Projects\04_BattleTank\BattleTank\Intermediate\Build\Win64\UE4Editor\Development\UE4Editor-BattleTank-4863.lib and object C:\Users\Ed\Documents\Unreal Projects\04_BattleTank\BattleTank\Intermediate\Build\Win64\UE4Editor\Development\UE4Editor-BattleTank-4863.exp
[2017.05.03-19.06.24:326][300]CompilerResultsLog: Info    Creating library C:\Users\Ed\Documents\Unreal Projects\04_BattleTank\BattleTank\Intermediate\Build\Win64\UE4Editor\Development\UE4Editor-BattleTank-4863.suppressed.lib and object C:\Users\Ed\Documents\Unreal Projects\04_BattleTank\BattleTank\Intermediate\Build\Win64\UE4Editor\Development\UE4Editor-BattleTank-4863.suppressed.exp
[2017.05.03-19.06.24:326][300]CompilerResultsLog: Info Total build time: 4.22 seconds (Local executor: 1.91 seconds)
[2017.05.03-19.06.24:326][300]LogMainFrame: MainFrame: Module compiling took 4.431 seconds
[2017.05.03-19.06.24:381][300]LogClass: EFiringStatus HotReload.
[2017.05.03-19.06.24:385][300]LogContentBrowser: Native class hierarchy updated for 'BattleTank' in 0.0015 seconds. Added 12 classes and 3 folders.
[2017.05.03-19.06.24:386][300]Display: HotReload successful (13 functions remapped  0 scriptstructs remapped)
[2017.05.03-19.06.24:440][300]LogContentBrowser: Native class hierarchy populated in 0.0076 seconds. Added 2259 classes and 460 folders.
[2017.05.03-19.06.24:440][300]Display: HotReload took  4.6s.
[2017.05.03-19.06.29:711][323]LogTemp: Repeting last play command: Selected Viewport
[2017.05.03-19.06.29:721][323]LogBlueprintUserMessages: Early PlayInEditor Detection: Level '/Game/Levels/BattleGround.BattleGround:PersistentLevel' has LevelScriptBlueprint '/Game/Levels/BattleGround.BattleGround:PersistentLevel.BattleGround' with GeneratedClass '/Game/Levels/BattleGround.BattleGround_C' with ClassGeneratedBy '/Game/Levels/BattleGround.BattleGround:PersistentLevel.BattleGround'
[2017.05.03-19.06.29:721][323]LogPlayLevel: PlayLevel: No blueprints needed recompiling
[2017.05.03-19.06.29:721][323]PIE: New page: PIE session: BattleGround (3 May 2017 21:06:29)
[2017.05.03-19.06.29:721][323]LogPlayLevel: Creating play world package: /Game/Levels/UEDPIE_0_BattleGround
[2017.05.03-19.06.29:748][323]LogPlayLevel: PIE: StaticDuplicateObject took: (0.026352s)
[2017.05.03-19.06.29:748][323]LogAIModule: Creating AISystem for world BattleGround
[2017.05.03-19.06.29:748][323]LogPlayLevel: PIE: World Init took: (0.000555s)
[2017.05.03-19.06.29:749][323]LogPlayLevel: PIE: Created PIE world by copying editor world from /Game/Levels/BattleGround.BattleGround to /Game/Levels/UEDPIE_0_BattleGround.BattleGround (0.027085s)
[2017.05.03-19.06.29:761][323]LogInit: XAudio2 using 'Headphones (USB Audio Device)' : 2 channels at 48 kHz using 16 bits per sample (channel mask 0x3)
[2017.05.03-19.06.29:766][323]LogInit: FAudioDevice initialized.
[2017.05.03-19.06.29:805][323]LogLoad: Game class is 'BattleTankGameMode_BP_C'
[2017.05.03-19.06.29:810][323]LogWorld: Bringing World /Game/Levels/UEDPIE_0_BattleGround.BattleGround up for play (max tick rate 0) at 2017.05.03-20.06.29
[2017.05.03-19.06.29:810][323]LogWorld: Bringing up level for play took: 0.004123
[2017.05.03-19.06.29:844][323]LogContentBrowser: Native class hierarchy updated for 'MovieSceneCapture' in 0.0016 seconds. Added 11 classes and 0 folders.
[2017.05.03-19.06.29:846][323]LogBlueprintUserMessages: [Tank_BP_C_0] success on healthbar cast
[2017.05.03-19.06.29:846][323]LogBlueprintUserMessages: [Tank_BP2] success on healthbar cast
[2017.05.03-19.06.29:846][323]LogBlueprintUserMessages: [Tank_BP3] success on healthbar cast
[2017.05.03-19.06.29:846][323]LogBlueprintUserMessages: [Tank_BP4_1033] success on healthbar cast
[2017.05.03-19.06.29:846][323]LogBlueprintUserMessages: [Tank_BP5_977] success on healthbar cast
[2017.05.03-19.06.29:846][323]LogBlueprintUserMessages: [Tank_BP_540] success on healthbar cast
[2017.05.03-19.06.29:846][323]PIE: Info Play in editor start time for /Game/Levels/UEDPIE_0_BattleGround 0.505
[2017.05.03-19.06.29:846][323]LogBlueprintUserMessages: Late PlayInEditor Detection: Level '/Game/Levels/BattleGround.BattleGround:PersistentLevel' has LevelScriptBlueprint '/Game/Levels/BattleGround.BattleGround:PersistentLevel.BattleGround' with GeneratedClass '/Game/Levels/BattleGround.BattleGround_C' with ClassGeneratedBy '/Game/Levels/BattleGround.BattleGround:PersistentLevel.BattleGround'
[2017.05.03-19.06.31:898][566]LogBlueprintUserMessages: Early EndPlayMap Detection: Level '/Game/Levels/BattleGround.BattleGround:PersistentLevel' has LevelScriptBlueprint '/Game/Levels/BattleGround.BattleGround:PersistentLevel.BattleGround' with GeneratedClass '/Game/Levels/BattleGround.BattleGround_C' with ClassGeneratedBy '/Game/Levels/BattleGround.BattleGround:PersistentLevel.BattleGround'
[2017.05.03-19.06.31:930][566]LogBlueprintUserMessages: Late EndPlayMap Detection: Level '/Game/Levels/BattleGround.BattleGround:PersistentLevel' has LevelScriptBlueprint '/Game/Levels/BattleGround.BattleGround:PersistentLevel.BattleGround' with GeneratedClass '/Game/Levels/BattleGround.BattleGround_C' with ClassGeneratedBy '/Game/Levels/BattleGround.BattleGround:PersistentLevel.BattleGround'
[2017.05.03-19.06.38:416][334]LogSlate: Took 0.003687 seconds to synchronously load lazily loaded font '../../../Engine/Content/Editor/Slate/Fonts/DroidSansMono.ttf' (77K)
[2017.05.03-19.06.40:148][539]Recompiling BattleTank...
[2017.05.03-19.06.40:148][539]Launching UnrealBuildTool... [C:/Program Files/Epic Games/UE_4.15/Engine/Binaries/DotNET/UnrealBuildTool.exe BattleTank -ModuleWithSuffix BattleTank 1225 Win64 Development -editorrecompile -canskiplink "C:/Users/Ed/Documents/Unreal Projects/04_BattleTank/BattleTank/BattleTank.uproject" ]
[2017.05.03-19.06.40:149][539]Warning: Starting HotReload took  0.0s.
[2017.05.03-19.06.43:666][805]CompilerResultsLog: New page: Compilation - 3 May 2017 21:06:43
[2017.05.03-19.06.43:666][805]CompilerResultsLog: Info Compiling game modules for hot reload
[2017.05.03-19.06.43:666][805]CompilerResultsLog: Info Performing 3 actions (4 in parallel)
[2017.05.03-19.06.43:666][805]LogMainFrame: MainFrame: Module compiling took 3.523 seconds
[2017.05.03-19.06.43:666][805]Warning: HotReload failed, recompile failed
[2017.05.03-19.06.49:198][233]Recompiling BattleTank...
[2017.05.03-19.06.49:199][233]Launching UnrealBuildTool... [C:/Program Files/Epic Games/UE_4.15/Engine/Binaries/DotNET/UnrealBuildTool.exe BattleTank -ModuleWithSuffix BattleTank 358 Win64 Development -editorrecompile -canskiplink "C:/Users/Ed/Documents/Unreal Projects/04_BattleTank/BattleTank/BattleTank.uproject" ]
[2017.05.03-19.06.49:200][233]Warning: Starting HotReload took  0.0s.
[2017.05.03-19.07.01:304][664]CompilerResultsLog: New page: Compilation - 3 May 2017 21:07:01
[2017.05.03-19.07.01:304][664]CompilerResultsLog: Info Compiling game modules for hot reload
[2017.05.03-19.07.01:304][664]CompilerResultsLog: Info Performing full C++ include scan (no include cache file)
[2017.05.03-19.07.01:304][664]CompilerResultsLog: Info Parsing headers for BattleTankEditor
[2017.05.03-19.07.01:304][664]CompilerResultsLog: Info   Running UnrealHeaderTool "C:\Users\Ed\Documents\Unreal Projects\04_BattleTank\BattleTank\BattleTank.uproject" "C:\Users\Ed\Documents\Unreal Projects\04_BattleTank\BattleTank\Intermediate\Build\Win64\BattleTankEditor\Development\BattleTankEditor.uhtmanifest" -LogCmds="loginit warning, logexit warning, logdatabase error" -Unattended -WarningsAsErrors -installed
[2017.05.03-19.07.01:305][664]CompilerResultsLog: Info Reflection code generated for BattleTankEditor in 5.4602926 seconds
[2017.05.03-19.07.01:305][664]CompilerResultsLog: Info Performing 6 actions (4 in parallel)
[2017.05.03-19.07.01:305][664]CompilerResultsLog: Info TankPlayerController.cpp
[2017.05.03-19.07.01:305][664]CompilerResultsLog: Info Tank.cpp
[2017.05.03-19.07.01:305][664]CompilerResultsLog: Info TankAIController.cpp
[2017.05.03-19.07.01:305][664]CompilerResultsLog: Info BattleTank.generated.cpp
[2017.05.03-19.07.01:305][664]CompilerResultsLog: Info [5/6] Link UE4Editor-BattleTank-358.dll
[2017.05.03-19.07.01:305][664]CompilerResultsLog: Info [6/6] Link UE4Editor-BattleTank-358.lib
[2017.05.03-19.07.01:305][664]CompilerResultsLog: Info    Creating library C:\Users\Ed\Documents\Unreal Projects\04_BattleTank\BattleTank\Intermediate\Build\Win64\UE4Editor\Development\UE4Editor-BattleTank-358.lib and object C:\Users\Ed\Documents\Unreal Projects\04_BattleTank\BattleTank\Intermediate\Build\Win64\UE4Editor\Development\UE4Editor-BattleTank-358.exp
[2017.05.03-19.07.01:305][664]CompilerResultsLog: Info    Creating library C:\Users\Ed\Documents\Unreal Projects\04_BattleTank\BattleTank\Intermediate\Build\Win64\UE4Editor\Development\UE4Editor-BattleTank-358.suppressed.lib and object C:\Users\Ed\Documents\Unreal Projects\04_BattleTank\BattleTank\Intermediate\Build\Win64\UE4Editor\Development\UE4Editor-BattleTank-358.suppressed.exp
[2017.05.03-19.07.01:306][664]CompilerResultsLog: Info Total build time: 11.88 seconds (Local executor: 3.15 seconds)
[2017.05.03-19.07.01:306][664]LogMainFrame: MainFrame: Module compiling took 12.112 seconds
[2017.05.03-19.07.01:358][664]LogClass: EFiringStatus HotReload.
[2017.05.03-19.07.01:362][664]LogContentBrowser: Native class hierarchy updated for 'BattleTank' in 0.0015 seconds. Added 12 classes and 3 folders.
[2017.05.03-19.07.01:363][664]Display: HotReload successful (13 functions remapped  0 scriptstructs remapped)
[2017.05.03-19.07.01:386][664]LogContentBrowser: Native class hierarchy populated in 0.0081 seconds. Added 2259 classes and 460 folders.
[2017.05.03-19.07.01:386][664]Display: HotReload took 12.2s.
[2017.05.03-19.07.03:050][864]LogTemp: Repeting last play command: Selected Viewport
[2017.05.03-19.07.03:060][864]LogBlueprintUserMessages: Early PlayInEditor Detection: Level '/Game/Levels/BattleGround.BattleGround:PersistentLevel' has LevelScriptBlueprint '/Game/Levels/BattleGround.BattleGround:PersistentLevel.BattleGround' with GeneratedClass '/Game/Levels/BattleGround.BattleGround_C' with ClassGeneratedBy '/Game/Levels/BattleGround.BattleGround:PersistentLevel.BattleGround'
[2017.05.03-19.07.03:060][864]LogPlayLevel: PlayLevel: No blueprints needed recompiling
[2017.05.03-19.07.03:060][864]PIE: New page: PIE session: BattleGround (3 May 2017 21:07:03)
[2017.05.03-19.07.03:061][864]LogPlayLevel: Creating play world package: /Game/Levels/UEDPIE_0_BattleGround
[2017.05.03-19.07.03:087][864]LogPlayLevel: PIE: StaticDuplicateObject took: (0.026035s)
[2017.05.03-19.07.03:087][864]LogAIModule: Creating AISystem for world BattleGround
[2017.05.03-19.07.03:087][864]LogPlayLevel: PIE: World Init took: (0.000622s)
[2017.05.03-19.07.03:088][864]LogPlayLevel: PIE: Created PIE world by copying editor world from /Game/Levels/BattleGround.BattleGround to /Game/Levels/UEDPIE_0_BattleGround.BattleGround (0.027050s)
[2017.05.03-19.07.03:099][864]LogInit: XAudio2 using 'Headphones (USB Audio Device)' : 2 channels at 48 kHz using 16 bits per sample (channel mask 0x3)
[2017.05.03-19.07.03:104][864]LogInit: FAudioDevice initialized.
[2017.05.03-19.07.03:135][864]LogLoad: Game class is 'BattleTankGameMode_BP_C'
[2017.05.03-19.07.03:140][864]LogWorld: Bringing World /Game/Levels/UEDPIE_0_BattleGround.BattleGround up for play (max tick rate 0) at 2017.05.03-20.07.03
[2017.05.03-19.07.03:140][864]LogWorld: Bringing up level for play took: 0.004124
[2017.05.03-19.07.03:142][864]LogBlueprintUserMessages: [Tank_BP_540] success on healthbar cast
[2017.05.03-19.07.03:142][864]LogBlueprintUserMessages: [Tank_BP_C_0] success on healthbar cast
[2017.05.03-19.07.03:142][864]LogBlueprintUserMessages: [Tank_BP2] success on healthbar cast
[2017.05.03-19.07.03:142][864]LogBlueprintUserMessages: [Tank_BP3] success on healthbar cast
[2017.05.03-19.07.03:142][864]LogBlueprintUserMessages: [Tank_BP4_1033] success on healthbar cast
[2017.05.03-19.07.03:142][864]LogBlueprintUserMessages: [Tank_BP5_977] success on healthbar cast
[2017.05.03-19.07.03:143][864]PIE: Info Play in editor start time for /Game/Levels/UEDPIE_0_BattleGround -0.198
[2017.05.03-19.07.03:143][864]LogBlueprintUserMessages: Late PlayInEditor Detection: Level '/Game/Levels/BattleGround.BattleGround:PersistentLevel' has LevelScriptBlueprint '/Game/Levels/BattleGround.BattleGround:PersistentLevel.BattleGround' with GeneratedClass '/Game/Levels/BattleGround.BattleGround_C' with ClassGeneratedBy '/Game/Levels/BattleGround.BattleGround:PersistentLevel.BattleGround'
[2017.05.03-19.07.21:608][ 67]LogTemp:Error: Name. THE PLAYER TANK DIED WHOOP WHOOP!
[2017.05.03-19.07.21:714][ 68]LogStats: FPlatformStackWalk::StackWalkAndDump -  0.097 s
[2017.05.03-19.07.21:714][ 68]LogOutputDevice:Error: === Handled ensure: ===
[2017.05.03-19.07.21:714][ 68]LogOutputDevice:Error: 
[2017.05.03-19.07.21:714][ 68]LogOutputDevice:Error: Ensure condition failed: PlayerTank && ControlledTank [File:C:\Users\Ed\Documents\Unreal Projects\04_BattleTank\BattleTank\Source\BattleTank\Private\TankAIController.cpp] [Line: 42]
[2017.05.03-19.07.21:714][ 68]LogOutputDevice:Error: 
[2017.05.03-19.07.21:714][ 68]LogOutputDevice:Error: Stack: 
[2017.05.03-19.07.21:714][ 68]LogOutputDevice:Error: UE4Editor-Core.dll!0x00000000ECF495E6
[2017.05.03-19.07.21:714][ 68]LogOutputDevice:Error: UE4Editor-Core.dll!0x00000000ECCF9B82
[2017.05.03-19.07.21:714][ 68]LogOutputDevice:Error: UE4Editor-Core.dll!0x00000000ECD0B666
[2017.05.03-19.07.21:715][ 68]LogOutputDevice:Error: UE4Editor-BattleTank-358.dll!ATankAIController::Tick() [c:\users\ed\documents\unreal projects\04_battletank\battletank\source\battletank\private\tankaicontroller.cpp:42]
[2017.05.03-19.07.21:715][ 68]LogOutputDevice:Error: UE4Editor-Engine.dll!0x00000000D311304A
[2017.05.03-19.07.21:715][ 68]LogOutputDevice:Error: UE4Editor-Engine.dll!0x00000000D281AA2E
[2017.05.03-19.07.21:715][ 68]LogOutputDevice:Error: UE4Editor-Engine.dll!0x00000000D379D9DD
[2017.05.03-19.07.21:715][ 68]LogOutputDevice:Error: UE4Editor-Engine.dll!0x00000000D37A385D
[2017.05.03-19.07.21:715][ 68]LogOutputDevice:Error: UE4Editor-Core.dll!0x00000000ECBCD84D
[2017.05.03-19.07.21:715][ 68]LogOutputDevice:Error: UE4Editor-Core.dll!0x00000000ECBCDC6D
[2017.05.03-19.07.21:715][ 68]LogOutputDevice:Error: UE4Editor-Core.dll!0x00000000ECBECCEB
[2017.05.03-19.07.21:715][ 68]LogOutputDevice:Error: UE4Editor-Engine.dll!0x00000000D37C8861
[2017.05.03-19.07.21:715][ 68]LogOutputDevice:Error: UE4Editor-Engine.dll!0x00000000D37D9532
[2017.05.03-19.07.21:715][ 68]LogOutputDevice:Error: UE4Editor-Engine.dll!0x00000000D3107B64
[2017.05.03-19.07.21:715][ 68]LogOutputDevice:Error: UE4Editor-Engine.dll!0x00000000D310FC8B
[2017.05.03-19.07.21:715][ 68]LogOutputDevice:Error: UE4Editor-UnrealEd.dll!0x00000000CEFC6D8E
[2017.05.03-19.07.21:715][ 68]LogOutputDevice:Error: UE4Editor-UnrealEd.dll!0x00000000CF7D2086
[2017.05.03-19.07.21:715][ 68]LogOutputDevice:Error: UE4Editor.exe!0x000000007294DEE3
[2017.05.03-19.07.21:715][ 68]LogOutputDevice:Error: UE4Editor.exe!0x000000007293EB40
[2017.05.03-19.07.21:715][ 68]LogOutputDevice:Error: UE4Editor.exe!0x000000007293EBBA
[2017.05.03-19.07.21:715][ 68]LogOutputDevice:Error: UE4Editor.exe!0x0000000072950A29
[2017.05.03-19.07.21:715][ 68]LogOutputDevice:Error: UE4Editor.exe!0x00000000729522B6
[2017.05.03-19.07.21:716][ 68]LogOutputDevice:Error: KERNEL32.DLL!0x00000000076C8364
[2017.05.03-19.07.21:716][ 68]LogOutputDevice:Error: ntdll.dll!0x0000000008D070D1
[2017.05.03-19.07.21:716][ 68]LogOutputDevice:Error: 
[2017.05.03-19.07.21:717][ 68]LogStats:                SubmitErrorReport -  0.000 s
